0 [main] DEBUG clegoues.genprog4java.fitness.Fitness  - parsing granularity, value: class
17 [main] DEBUG clegoues.genprog4java.fitness.Fitness  - parsing granularity, value: class
#Fri Mar 12 12:01:20 CST 2021
negativeTestWeight=2.0
classSourceFolder=/home/rtx/repair/d4j/Math/74b/target/classes
model=default
sampleStrategy=variant
srcClassPath=/home/rtx/repair/d4j/Math/74b/target/classes
sourceVersion=1.8
popsize=40
regenPaths=false
posCoverageFile=coverage.path.pos
continue=false
edits=APPEND;DELETE;REPLACE
negCoverageFile=coverage.path.neg
workingDir=/home/rtx/repair/d4j/Math/74b/
clearTestCache=false
skipFailedSanity=false
sample=0.1 
oracleGenome=
testGranularity=class
justTestingFaultLoc=false
faultLocStrategy=standardPathFile
crossp=0.5
pMutation=1
generations=10
positiveTests=/home/rtx/repair/d4j/Math/74b/pos.tests
javaVM=/home/rtx/java/jdk1.8.0_271/jre/bin/java
seed=5
negativePathWeight=0.35
compileCommand=
fixStrategy=classScope
allowCoverageFail=false
targetClassName=/home/rtx/repair/d4j/Math/74b/bugfiles.txt
javaRuntime=java.lang.Runtime@6576fe71
classTestFolder=
modelPath=OVERALLModel.txt
sanity=yes
positivePathWeight=0.65
jacocoPath=/home/rtx/eclipse-workspace/genprog4java/lib/jacocoagent.jar
negativeTests=/home/rtx/repair/d4j/Math/74b/neg.tests
pathToFileHumanInjectedFaultLoc=fileHumanInjectedFaultLoc.txt
outputDir=/home/rtx/repair/d4j/Math/74b/genprog4java/variantSeed5/
testClassPath=/home/rtx/repair/d4j/Math/74b/target/classes\:/home/rtx/repair/d4j/Math/74b/target/test-classes\:/home/rtx/repair/defects4j/framework/projects/lib/junit-4.11.jar\:/home/rtx/repair/d4j/Math/74b/lib/junit-4.4.jar
faultStrategy=classScope
sourceDir=src/main/java
checkSpace=false
search=gp
globalExtension=.java
faultSpaceSubSet=1/5
maxVariants=50
libs=/home/rtx/eclipse-workspace/genprog4java/lib/junittestrunner.jar\:/home/rtx/eclipse-workspace/genprog4java/lib/commons-cli-20040117.000000.jar\:/home/rtx/eclipse-workspace/genprog4java/lib/junit-4.12.jar\:/home/rtx/eclipse-workspace/genprog4java/lib/hamcrest-core-1.3.jar\:/home/rtx/eclipse-workspace/genprog4java/lib/log4j-1.2.17.jar\:/home/rtx/repair/d4j/Math/74b/target/classes\:/home/rtx/repair/d4j/Math/74b/target/test-classes\:/home/rtx/repair/defects4j/framework/projects/lib/junit-4.11.jar\:/home/rtx/repair/d4j/Math/74b/lib/junit-4.4.jar\:/home/rtx/repair/d4j/Math/74b/target/classes
crossover=onepoint
74 [main] INFO clegoues.genprog4java.main.Main  - Configuration file loaded
14520 [main] INFO clegoues.genprog4java.rep.CachingRepresentation  - loaded from source clegoues.genprog4java.java.ClassInfo@7f18d44c
14520 [main] INFO clegoues.genprog4java.rep.CachingRepresentation  - sanity checking begins
14942 [main] INFO clegoues.genprog4java.rep.CachingRepresentation  - Checking test number 1 out of 10
15159 [main] INFO clegoues.genprog4java.rep.CachingRepresentation  - true (1)

15159 [main] INFO clegoues.genprog4java.rep.CachingRepresentation  - Checking test number 2 out of 10
15622 [main] INFO clegoues.genprog4java.rep.CachingRepresentation  - true (1)

15622 [main] INFO clegoues.genprog4java.rep.CachingRepresentation  - Checking test number 3 out of 10
15800 [main] INFO clegoues.genprog4java.rep.CachingRepresentation  - true (1)

15800 [main] INFO clegoues.genprog4java.rep.CachingRepresentation  - Checking test number 4 out of 10
16092 [main] INFO clegoues.genprog4java.rep.CachingRepresentation  - true (1)

16092 [main] INFO clegoues.genprog4java.rep.CachingRepresentation  - Checking test number 5 out of 10
16270 [main] INFO clegoues.genprog4java.rep.CachingRepresentation  - true (1)

16270 [main] INFO clegoues.genprog4java.rep.CachingRepresentation  - Checking test number 6 out of 10
16515 [main] INFO clegoues.genprog4java.rep.CachingRepresentation  - true (1)

16515 [main] INFO clegoues.genprog4java.rep.CachingRepresentation  - Checking test number 7 out of 10
16707 [main] INFO clegoues.genprog4java.rep.CachingRepresentation  - true (1)

16707 [main] INFO clegoues.genprog4java.rep.CachingRepresentation  - Checking test number 8 out of 10
17012 [main] INFO clegoues.genprog4java.rep.CachingRepresentation  - true (1)

17012 [main] INFO clegoues.genprog4java.rep.CachingRepresentation  - Checking test number 9 out of 10
17315 [main] INFO clegoues.genprog4java.rep.CachingRepresentation  - true (1)

17315 [main] INFO clegoues.genprog4java.rep.CachingRepresentation  - Checking test number 10 out of 10
17477 [main] INFO clegoues.genprog4java.rep.CachingRepresentation  - true (1)

17478 [main] INFO clegoues.genprog4java.rep.CachingRepresentation  - 	n1: 
17745 [main] INFO clegoues.genprog4java.rep.CachingRepresentation  - false (0)

17746 [main] INFO clegoues.genprog4java.rep.CachingRepresentation  - sanity checking completed (time taken = 3225)
17746 [main] INFO clegoues.genprog4java.localization.DefaultLocalization  - Start Fault Localization
17767 [main] INFO clegoues.genprog4java.localization.DefaultLocalization  - Finish Fault Localization
17767 [main] INFO clegoues.genprog4java.Search.Search  - search: genetic algorithm begins

18439 [main] INFO clegoues.genprog4java.fitness.Fitness  - 	 gen: 0 1.0 original (stored at: variant0)
19084 [main] INFO clegoues.genprog4java.fitness.Fitness  - 	 gen: 0 1.0 StmtAppend(103,142) (stored at: variant1)
19143 [main] ERROR clegoues.genprog4java.rep.JavaRepresentation  - org/apache/commons/math/ode/nonstiff/EmbeddedRungeKuttaIntegrator.java:248: error: variable scale might not have been initialized
          hNew = initializeStep(equations, forward, getOrder(), scale,
                                                                ^
1 error

19143 [main] INFO clegoues.genprog4java.rep.CachingRepresentation  - StmtDelete(66) at variant2 fails to compile

19143 [main] INFO clegoues.genprog4java.fitness.Fitness  - 	 gen: 0 0.0 StmtDelete(66) (stored at: variant2)
19623 [main] INFO clegoues.genprog4java.fitness.Fitness  - 	 gen: 0 0.0 StmtReplace(41,44) (stored at: variant3)
19672 [main] ERROR clegoues.genprog4java.rep.JavaRepresentation  - org/apache/commons/math/ode/nonstiff/EmbeddedRungeKuttaIntegrator.java:348: error: cannot find symbol
        final double  nextT      = stepStart + scaledH;
                                               ^
  symbol:   variable scaledH
  location: class EmbeddedRungeKuttaIntegrator
org/apache/commons/math/ode/nonstiff/EmbeddedRungeKuttaIntegrator.java:350: error: cannot find symbol
        hNew = filterStep(scaledH, forward, nextIsLast);
                          ^
  symbol:   variable scaledH
  location: class EmbeddedRungeKuttaIntegrator
2 errors

19672 [main] INFO clegoues.genprog4java.rep.CachingRepresentation  - StmtReplace(128,56) at variant4 fails to compile

19672 [main] INFO clegoues.genprog4java.fitness.Fitness  - 	 gen: 0 0.0 StmtReplace(128,56) (stored at: variant4)
27790 [main] INFO clegoues.genprog4java.fitness.Fitness  - 	 gen: 0 0.0 StmtDelete(124) (stored at: variant5)
56285 [main] INFO clegoues.genprog4java.fitness.Fitness  - 	 gen: 0 0.0 StmtReplace(142,25) (stored at: variant6)
56345 [main] ERROR clegoues.genprog4java.rep.JavaRepresentation  - org/apache/commons/math/ode/nonstiff/EmbeddedRungeKuttaIntegrator.java:215: error: cannot find symbol
      rki.reinitialize(this, yTmp, yDotK, forward);
                             ^
  symbol:   variable yTmp
  location: class EmbeddedRungeKuttaIntegrator
org/apache/commons/math/ode/nonstiff/EmbeddedRungeKuttaIntegrator.java:218: error: cannot find symbol
      interpolator = new DummyStepInterpolator(yTmp, forward);
                                               ^
  symbol:   variable yTmp
  location: class EmbeddedRungeKuttaIntegrator
org/apache/commons/math/ode/nonstiff/EmbeddedRungeKuttaIntegrator.java:254: error: cannot find symbol
                                stepStart, y, yDotK[0], yTmp, yDotK[1]);
                                                        ^
  symbol:   variable yTmp
  location: class EmbeddedRungeKuttaIntegrator
org/apache/commons/math/ode/nonstiff/EmbeddedRungeKuttaIntegrator.java:268: error: cannot find symbol
            yTmp[j] = y[j] + stepSize * sum;
            ^
  symbol:   variable yTmp
  location: class EmbeddedRungeKuttaIntegrator
org/apache/commons/math/ode/nonstiff/EmbeddedRungeKuttaIntegrator.java:271: error: cannot find symbol
          computeDerivatives(stepStart + c[k-1] * stepSize, yTmp, yDotK[k]);
                                                            ^
  symbol:   variable yTmp
  location: class EmbeddedRungeKuttaIntegrator
org/apache/commons/math/ode/nonstiff/EmbeddedRungeKuttaIntegrator.java:281: error: cannot find symbol
          yTmp[j] = y[j] + stepSize * sum;
          ^
  symbol:   variable yTmp
  location: class EmbeddedRungeKuttaIntegrator
org/apache/commons/math/ode/nonstiff/EmbeddedRungeKuttaIntegrator.java:285: error: cannot find symbol
        error = estimateError(yDotK, y, yTmp, stepSize);
                                        ^
  symbol:   variable yTmp
  location: class EmbeddedRungeKuttaIntegrator
org/apache/commons/math/ode/nonstiff/EmbeddedRungeKuttaIntegrator.java:316: error: cannot find symbol
      System.arraycopy(yTmp, 0, y, 0, y0.length);
                       ^
  symbol:   variable yTmp
  location: class EmbeddedRungeKuttaIntegrator
8 errors

56345 [main] INFO clegoues.genprog4java.rep.CachingRepresentation  - StmtDelete(36) at variant7 fails to compile

56345 [main] INFO clegoues.genprog4java.fitness.Fitness  - 	 gen: 0 0.0 StmtDelete(36) (stored at: variant7)
57296 [main] INFO clegoues.genprog4java.fitness.Fitness  - 	 gen: 0 1.0 StmtAppend(10,20) (stored at: variant8)
249358 [main] INFO clegoues.genprog4java.fitness.Fitness  - 	 gen: 0 0.0 StmtDelete(63) (stored at: variant9)
249391 [main] ERROR clegoues.genprog4java.rep.JavaRepresentation  - org/apache/commons/math/ode/nonstiff/EmbeddedRungeKuttaIntegrator.java:170: error: variable exp might not have been initialized
  }
  ^
1 error

249391 [main] INFO clegoues.genprog4java.rep.CachingRepresentation  - StmtDelete(18) at variant10 fails to compile

249391 [main] INFO clegoues.genprog4java.fitness.Fitness  - 	 gen: 0 0.0 StmtDelete(18) (stored at: variant10)
249434 [main] ERROR clegoues.genprog4java.rep.JavaRepresentation  - org/apache/commons/math/ode/nonstiff/EmbeddedRungeKuttaIntegrator.java:217: error: cannot find symbol
      rki.reinitialize(this, yTmp, yDotK, forward);
                                          ^
  symbol:   variable forward
  location: class EmbeddedRungeKuttaIntegrator
org/apache/commons/math/ode/nonstiff/EmbeddedRungeKuttaIntegrator.java:220: error: cannot find symbol
      interpolator = new DummyStepInterpolator(yTmp, forward);
                                                     ^
  symbol:   variable forward
  location: class EmbeddedRungeKuttaIntegrator
org/apache/commons/math/ode/nonstiff/EmbeddedRungeKuttaIntegrator.java:255: error: cannot find symbol
          hNew = initializeStep(equations, forward, getOrder(), scale,
                                           ^
  symbol:   variable forward
  location: class EmbeddedRungeKuttaIntegrator
org/apache/commons/math/ode/nonstiff/EmbeddedRungeKuttaIntegrator.java:311: error: cannot find symbol
          hNew = filterStep(stepSize * factor, forward, false);
                                               ^
  symbol:   variable forward
  location: class EmbeddedRungeKuttaIntegrator
org/apache/commons/math/ode/nonstiff/EmbeddedRungeKuttaIntegrator.java:344: error: cannot find symbol
          stepSize = filterStep(stepSize, forward, true);
                                          ^
  symbol:   variable forward
  location: class EmbeddedRungeKuttaIntegrator
org/apache/commons/math/ode/nonstiff/EmbeddedRungeKuttaIntegrator.java:352: error: cannot find symbol
        final boolean nextIsLast = forward ? (nextT >= t) : (nextT <= t);
                                   ^
  symbol:   variable forward
  location: class EmbeddedRungeKuttaIntegrator
org/apache/commons/math/ode/nonstiff/EmbeddedRungeKuttaIntegrator.java:353: error: cannot find symbol
        hNew = filterStep(scaledH, forward, nextIsLast);
                                   ^
  symbol:   variable forward
  location: class EmbeddedRungeKuttaIntegrator
7 errors

249434 [main] INFO clegoues.genprog4java.rep.CachingRepresentation  - StmtAppend(30,25) at variant11 fails to compile

249434 [main] INFO clegoues.genprog4java.fitness.Fitness  - 	 gen: 0 0.0 StmtAppend(30,25) (stored at: variant11)
250269 [main] INFO clegoues.genprog4java.fitness.Fitness  - 	 gen: 0 1.0 StmtAppend(34,21) (stored at: variant12)
270292 [main] INFO clegoues.genprog4java.fitness.Fitness  - 	 gen: 0 0.0 StmtReplace(82,29) (stored at: variant13)
270818 [main] INFO clegoues.genprog4java.fitness.Fitness  - 	 gen: 0 1.0 StmtAppend(91,56) (stored at: variant14)
367150 [main] INFO clegoues.genprog4java.fitness.Fitness  - 	 gen: 0 0.0 StmtDelete(142) (stored at: variant15)
367670 [main] INFO clegoues.genprog4java.fitness.Fitness  - 	 gen: 0 1.0 StmtDelete(120) (stored at: variant16)
368314 [main] INFO clegoues.genprog4java.fitness.Fitness  - 	 gen: 0 1.0 StmtAppend(118,10) (stored at: variant17)
368743 [main] INFO clegoues.genprog4java.fitness.Fitness  - 	 gen: 0 0.0 StmtReplace(28,21) (stored at: variant18)
369484 [main] INFO clegoues.genprog4java.fitness.Fitness  - 	 gen: 0 1.0 StmtDelete(131) (stored at: variant19)
370030 [main] INFO clegoues.genprog4java.fitness.Fitness  - 	 gen: 0 1.0 StmtAppend(81,74) (stored at: variant20)
370054 [main] ERROR clegoues.genprog4java.rep.JavaRepresentation  - org/apache/commons/math/ode/nonstiff/EmbeddedRungeKuttaIntegrator.java:218: error: variable interpolator might not have been initialized
    interpolator.storeTime(t0);
    ^
1 error

370054 [main] INFO clegoues.genprog4java.rep.CachingRepresentation  - StmtDelete(43) at variant21 fails to compile

370054 [main] INFO clegoues.genprog4java.fitness.Fitness  - 	 gen: 0 0.0 StmtDelete(43) (stored at: variant21)
370736 [main] INFO clegoues.genprog4java.fitness.Fitness  - 	 gen: 0 1.0 StmtAppend(84,9) (stored at: variant22)
370763 [main] ERROR clegoues.genprog4java.rep.JavaRepresentation  - org/apache/commons/math/ode/nonstiff/EmbeddedRungeKuttaIntegrator.java:239: error: cannot find symbol
        if (firstTime || !fsal) {
            ^
  symbol:   variable firstTime
  location: class EmbeddedRungeKuttaIntegrator
org/apache/commons/math/ode/nonstiff/EmbeddedRungeKuttaIntegrator.java:244: error: cannot find symbol
        if (firstTime) {
            ^
  symbol:   variable firstTime
  location: class EmbeddedRungeKuttaIntegrator
org/apache/commons/math/ode/nonstiff/EmbeddedRungeKuttaIntegrator.java:244: error: illegal start of type
        if (firstTime) {
           ^
org/apache/commons/math/ode/nonstiff/EmbeddedRungeKuttaIntegrator.java:254: error: cannot find symbol
          firstTime = false;
          ^
  symbol:   variable firstTime
  location: class EmbeddedRungeKuttaIntegrator
4 errors

370763 [main] INFO clegoues.genprog4java.rep.CachingRepresentation  - StmtReplace(48,138) at variant23 fails to compile

370764 [main] INFO clegoues.genprog4java.fitness.Fitness  - 	 gen: 0 0.0 StmtReplace(48,138) (stored at: variant23)
371462 [main] INFO clegoues.genprog4java.fitness.Fitness  - 	 gen: 0 1.0 StmtAppend(9,49) (stored at: variant24)
371483 [main] ERROR clegoues.genprog4java.rep.JavaRepresentation  - org/apache/commons/math/ode/nonstiff/EmbeddedRungeKuttaIntegrator.java:318: error: cannot find symbol
      manager.stepAccepted(nextStep, y);
                           ^
  symbol:   variable nextStep
  location: class EmbeddedRungeKuttaIntegrator
org/apache/commons/math/ode/nonstiff/EmbeddedRungeKuttaIntegrator.java:322: error: cannot find symbol
      interpolator.storeTime(nextStep);
                             ^
  symbol:   variable nextStep
  location: class EmbeddedRungeKuttaIntegrator
org/apache/commons/math/ode/nonstiff/EmbeddedRungeKuttaIntegrator.java:326: error: cannot find symbol
      stepStart = nextStep;
                  ^
  symbol:   variable nextStep
  location: class EmbeddedRungeKuttaIntegrator
3 errors

371483 [main] INFO clegoues.genprog4java.rep.CachingRepresentation  - StmtAppend(109,9) at variant25 fails to compile

371483 [main] INFO clegoues.genprog4java.fitness.Fitness  - 	 gen: 0 0.0 StmtAppend(109,9) (stored at: variant25)
372181 [main] INFO clegoues.genprog4java.fitness.Fitness  - 	 gen: 0 1.0 StmtAppend(8,29) (stored at: variant26)
372427 [main] INFO clegoues.genprog4java.fitness.Fitness  - 	 gen: 0 1.0 StmtReplace(25,25) (stored at: variant27)
468839 [main] INFO clegoues.genprog4java.fitness.Fitness  - 	 gen: 0 0.0 StmtDelete(117) (stored at: variant28)
468858 [main] ERROR clegoues.genprog4java.rep.JavaRepresentation  - org/apache/commons/math/ode/nonstiff/EmbeddedRungeKuttaIntegrator.java:219: error: cannot find symbol
      rki.reinitialize(this, yTmp, yDotK, forward);
      ^
  symbol:   variable rki
  location: class EmbeddedRungeKuttaIntegrator
org/apache/commons/math/ode/nonstiff/EmbeddedRungeKuttaIntegrator.java:220: error: cannot find symbol
      interpolator = rki;
                     ^
  symbol:   variable rki
  location: class EmbeddedRungeKuttaIntegrator
2 errors

468858 [main] INFO clegoues.genprog4java.rep.CachingRepresentation  - StmtAppend(40,122) at variant29 fails to compile

468858 [main] INFO clegoues.genprog4java.fitness.Fitness  - 	 gen: 0 0.0 StmtAppend(40,122) (stored at: variant29)
565192 [main] INFO clegoues.genprog4java.fitness.Fitness  - 	 gen: 0 0.0 StmtDelete(76) (stored at: variant30)
661491 [main] INFO clegoues.genprog4java.fitness.Fitness  - 	 gen: 0 0.0 StmtDelete(73) (stored at: variant31)
662070 [main] INFO clegoues.genprog4java.fitness.Fitness  - 	 gen: 0 1.0 StmtReplace(121,19) (stored at: variant32)
662648 [main] INFO clegoues.genprog4java.fitness.Fitness  - 	 gen: 0 1.0 StmtAppend(49,122) (stored at: variant33)
663137 [main] INFO clegoues.genprog4java.fitness.Fitness  - 	 gen: 0 1.0 StmtAppend(69,125) (stored at: variant34)
663776 [main] INFO clegoues.genprog4java.fitness.Fitness  - 	 gen: 0 1.0 StmtAppend(100,138) (stored at: variant35)
663797 [main] ERROR clegoues.genprog4java.rep.JavaRepresentation  - org/apache/commons/math/ode/nonstiff/EmbeddedRungeKuttaIntegrator.java:357: error: cannot find symbol
    return stopTime;
           ^
  symbol:   variable stopTime
  location: class EmbeddedRungeKuttaIntegrator
1 error

663797 [main] INFO clegoues.genprog4java.rep.CachingRepresentation  - StmtReplace(132,20) at variant36 fails to compile

663797 [main] INFO clegoues.genprog4java.fitness.Fitness  - 	 gen: 0 0.0 StmtReplace(132,20) (stored at: variant36)
760075 [main] INFO clegoues.genprog4java.fitness.Fitness  - 	 gen: 0 0.0 StmtReplace(34,20) (stored at: variant37)
760095 [main] ERROR clegoues.genprog4java.rep.JavaRepresentation  - org/apache/commons/math/ode/nonstiff/EmbeddedRungeKuttaIntegrator.java:233: error: cannot find symbol
    while (!lastStep) {
            ^
  symbol:   variable lastStep
  location: class EmbeddedRungeKuttaIntegrator
org/apache/commons/math/ode/nonstiff/EmbeddedRungeKuttaIntegrator.java:318: error: cannot find symbol
      lastStep = manager.stop();
      ^
  symbol:   variable lastStep
  location: class EmbeddedRungeKuttaIntegrator
org/apache/commons/math/ode/nonstiff/EmbeddedRungeKuttaIntegrator.java:323: error: cannot find symbol
          handler.handleStep(interpolator, lastStep);
                                           ^
  symbol:   variable lastStep
  location: class EmbeddedRungeKuttaIntegrator
org/apache/commons/math/ode/nonstiff/EmbeddedRungeKuttaIntegrator.java:332: error: cannot find symbol
      if (manager.reset(stepStart, y) && ! lastStep) {
                                           ^
  symbol:   variable lastStep
  location: class EmbeddedRungeKuttaIntegrator
org/apache/commons/math/ode/nonstiff/EmbeddedRungeKuttaIntegrator.java:338: error: cannot find symbol
      if (! lastStep) {
            ^
  symbol:   variable lastStep
  location: class EmbeddedRungeKuttaIntegrator
5 errors

760095 [main] INFO clegoues.genprog4java.rep.CachingRepresentation  - StmtDelete(53) at variant38 fails to compile

760095 [main] INFO clegoues.genprog4java.fitness.Fitness  - 	 gen: 0 0.0 StmtDelete(53) (stored at: variant38)
856267 [main] INFO clegoues.genprog4java.fitness.Fitness  - 	 gen: 0 0.0 StmtReplace(84,44) (stored at: variant39)
856267 [main] INFO clegoues.genprog4java.Search.Search  - search: generation1
856949 [main] INFO clegoues.genprog4java.fitness.Fitness  - 	 gen: 1 1.0 StmtAppend(100,138) StmtAppend(99,103) (stored at: variant40)
857754 [main] INFO clegoues.genprog4java.fitness.Fitness  - 	 gen: 1 1.0 StmtReplace(121,19) StmtReplace(86,104) (stored at: variant41)
858211 [main] INFO clegoues.genprog4java.fitness.Fitness  - 	 gen: 1 0.0 StmtAppend(118,10) StmtReplace(61,138) (stored at: variant42)
858236 [main] ERROR clegoues.genprog4java.rep.JavaRepresentation  - org/apache/commons/math/ode/nonstiff/EmbeddedRungeKuttaIntegrator.java:131: error: variable c might not have been initialized
  }
  ^
1 error

858236 [main] INFO clegoues.genprog4java.rep.CachingRepresentation  - StmtAppend(84,9) StmtReplace(3,29) at variant43 fails to compile

858237 [main] INFO clegoues.genprog4java.fitness.Fitness  - 	 gen: 1 0.0 StmtAppend(84,9) StmtReplace(3,29) (stored at: variant43)
858726 [main] INFO clegoues.genprog4java.fitness.Fitness  - 	 gen: 1 1.0 StmtReplace(25,25) StmtAppend(72,28) (stored at: variant44)
859364 [main] INFO clegoues.genprog4java.fitness.Fitness  - 	 gen: 1 1.0 StmtAppend(91,56) StmtReplace(120,60) (stored at: variant45)
1051397 [main] INFO clegoues.genprog4java.fitness.Fitness  - 	 gen: 1 0.0 StmtDelete(131) StmtReplace(105,33) (stored at: variant46)
1243431 [main] INFO clegoues.genprog4java.fitness.Fitness  - 	 gen: 1 0.0 StmtAppend(8,29) StmtReplace(96,28) (stored at: variant47)
1339694 [main] INFO clegoues.genprog4java.fitness.Fitness  - 	 gen: 1 0.0 StmtDelete(120) StmtReplace(118,29) (stored at: variant48)
1339718 [main] ERROR clegoues.genprog4java.rep.JavaRepresentation  - org/apache/commons/math/ode/nonstiff/EmbeddedRungeKuttaIntegrator.java:361: error: cannot find symbol
    return stopTime;
           ^
  symbol:   variable stopTime
  location: class EmbeddedRungeKuttaIntegrator
1 error

1339718 [main] INFO clegoues.genprog4java.rep.CachingRepresentation  - StmtAppend(10,20) StmtDelete(132) at variant49 fails to compile

1339718 [main] INFO clegoues.genprog4java.fitness.Fitness  - 	 gen: 1 0.0 StmtAppend(10,20) StmtDelete(132) (stored at: variant49)
1383965 [main] INFO clegoues.genprog4java.fitness.Fitness  - 	 gen: 1 0.0 StmtDelete(120) StmtReplace(123,75) (stored at: variant50)
1394560 [main] INFO clegoues.genprog4java.fitness.Fitness  - 	 gen: 1 0.0 StmtDelete(131) StmtDelete(138) (stored at: variant51)
1394579 [main] ERROR clegoues.genprog4java.rep.JavaRepresentation  - org/apache/commons/math/ode/nonstiff/EmbeddedRungeKuttaIntegrator.java:306: error: cannot find symbol
          hNew = filterStep(stepSize * factor, forward, false);
                                       ^
  symbol:   variable factor
  location: class EmbeddedRungeKuttaIntegrator
1 error

1394579 [main] INFO clegoues.genprog4java.rep.CachingRepresentation  - StmtDelete(131) StmtDelete(107) at variant52 fails to compile

1394579 [main] INFO clegoues.genprog4java.fitness.Fitness  - 	 gen: 1 0.0 StmtDelete(131) StmtDelete(107) (stored at: variant52)
1394597 [main] ERROR clegoues.genprog4java.rep.JavaRepresentation  - org/apache/commons/math/ode/nonstiff/EmbeddedRungeKuttaIntegrator.java:131: error: variable exp might not have been initialized
  }
  ^
1 error

1394598 [main] INFO clegoues.genprog4java.rep.CachingRepresentation  - StmtAppend(34,21) StmtReplace(7,21) at variant53 fails to compile

1394598 [main] INFO clegoues.genprog4java.fitness.Fitness  - 	 gen: 1 0.0 StmtAppend(34,21) StmtReplace(7,21) (stored at: variant53)
1395242 [main] INFO clegoues.genprog4java.fitness.Fitness  - 	 gen: 1 1.0 StmtAppend(100,138) StmtAppend(14,20) (stored at: variant54)
1396011 [main] INFO clegoues.genprog4java.fitness.Fitness  - 	 gen: 1 1.0 StmtAppend(8,29) StmtReplace(92,105) (stored at: variant55)
1396053 [main] ERROR clegoues.genprog4java.rep.JavaRepresentation  - org/apache/commons/math/ode/nonstiff/EmbeddedRungeKuttaIntegrator.java:220: error: variable interpolator might not have been initialized
    interpolator.storeTime(t0);
    ^
1 error

1396054 [main] INFO clegoues.genprog4java.rep.CachingRepresentation  - StmtAppend(84,9) StmtDelete(42) at variant56 fails to compile

1396054 [main] INFO clegoues.genprog4java.fitness.Fitness  - 	 gen: 1 0.0 StmtAppend(84,9) StmtDelete(42) (stored at: variant56)
1396677 [main] INFO clegoues.genprog4java.fitness.Fitness  - 	 gen: 1 1.0 StmtAppend(84,9) StmtAppend(108,142) (stored at: variant57)
1396698 [main] ERROR clegoues.genprog4java.rep.JavaRepresentation  - org/apache/commons/math/ode/nonstiff/EmbeddedRungeKuttaIntegrator.java:131: error: variable fsal might not have been initialized
  }
  ^
1 error

1396698 [main] INFO clegoues.genprog4java.rep.CachingRepresentation  - StmtAppend(103,142) StmtReplace(2,10) at variant58 fails to compile

1396698 [main] INFO clegoues.genprog4java.fitness.Fitness  - 	 gen: 1 0.0 StmtAppend(103,142) StmtReplace(2,10) (stored at: variant58)
1396720 [main] ERROR clegoues.genprog4java.rep.JavaRepresentation  - org/apache/commons/math/ode/nonstiff/EmbeddedRungeKuttaIntegrator.java:218: error: variable interpolator might not have been initialized
    interpolator.storeTime(t0);
    ^
1 error

1396720 [main] INFO clegoues.genprog4java.rep.CachingRepresentation  - StmtDelete(43) at variant59 fails to compile

1396720 [main] INFO clegoues.genprog4java.fitness.Fitness  - 	 gen: 1 0.0 StmtDelete(43) (stored at: variant59)
1397393 [main] INFO clegoues.genprog4java.fitness.Fitness  - 	 gen: 1 1.0 StmtAppend(49,122) StmtReplace(90,21) (stored at: variant60)
1397413 [main] ERROR clegoues.genprog4java.rep.JavaRepresentation  - org/apache/commons/math/ode/nonstiff/EmbeddedRungeKuttaIntegrator.java:217: error: cannot find symbol
      rki.reinitialize(this, yTmp, yDotK, forward);
                                          ^
  symbol:   variable forward
  location: class EmbeddedRungeKuttaIntegrator
org/apache/commons/math/ode/nonstiff/EmbeddedRungeKuttaIntegrator.java:220: error: cannot find symbol
      interpolator = new DummyStepInterpolator(yTmp, forward);
                                                     ^
  symbol:   variable forward
  location: class EmbeddedRungeKuttaIntegrator
org/apache/commons/math/ode/nonstiff/EmbeddedRungeKuttaIntegrator.java:255: error: cannot find symbol
          hNew = initializeStep(equations, forward, getOrder(), scale,
                                           ^
  symbol:   variable forward
  location: class EmbeddedRungeKuttaIntegrator
org/apache/commons/math/ode/nonstiff/EmbeddedRungeKuttaIntegrator.java:311: error: cannot find symbol
          hNew = filterStep(stepSize * factor, forward, false);
                                               ^
  symbol:   variable forward
  location: class EmbeddedRungeKuttaIntegrator
org/apache/commons/math/ode/nonstiff/EmbeddedRungeKuttaIntegrator.java:344: error: cannot find symbol
          stepSize = filterStep(stepSize, forward, true);
                                          ^
  symbol:   variable forward
  location: class EmbeddedRungeKuttaIntegrator
org/apache/commons/math/ode/nonstiff/EmbeddedRungeKuttaIntegrator.java:352: error: cannot find symbol
        final boolean nextIsLast = forward ? (nextT >= t) : (nextT <= t);
                                   ^
  symbol:   variable forward
  location: class EmbeddedRungeKuttaIntegrator
org/apache/commons/math/ode/nonstiff/EmbeddedRungeKuttaIntegrator.java:353: error: cannot find symbol
        hNew = filterStep(scaledH, forward, nextIsLast);
                                   ^
  symbol:   variable forward
  location: class EmbeddedRungeKuttaIntegrator
7 errors

1397413 [main] INFO clegoues.genprog4java.rep.CachingRepresentation  - StmtReplace(25,25) StmtAppend(30,138) at variant61 fails to compile

1397413 [main] INFO clegoues.genprog4java.fitness.Fitness  - 	 gen: 1 0.0 StmtReplace(25,25) StmtAppend(30,138) (stored at: variant61)
1397970 [main] INFO clegoues.genprog4java.fitness.Fitness  - 	 gen: 1 1.0 StmtAppend(100,138) StmtAppend(89,25) (stored at: variant62)
1398434 [main] INFO clegoues.genprog4java.fitness.Fitness  - 	 gen: 1 0.0 StmtReplace(121,19) StmtReplace(41,122) (stored at: variant63)
1398454 [main] ERROR clegoues.genprog4java.rep.JavaRepresentation  - org/apache/commons/math/ode/nonstiff/EmbeddedRungeKuttaIntegrator.java:292: error: cannot find symbol
              if (Math.abs(dt) <= Math.ulp(stepStart)) {
                           ^
  symbol:   variable dt
  location: class EmbeddedRungeKuttaIntegrator
org/apache/commons/math/ode/nonstiff/EmbeddedRungeKuttaIntegrator.java:297: error: cannot find symbol
                  hNew = dt;
                         ^
  symbol:   variable dt
  location: class EmbeddedRungeKuttaIntegrator
2 errors

1398454 [main] INFO clegoues.genprog4java.rep.CachingRepresentation  - StmtAppend(9,49) StmtDelete(98) at variant64 fails to compile

1398454 [main] INFO clegoues.genprog4java.fitness.Fitness  - 	 gen: 1 0.0 StmtAppend(9,49) StmtDelete(98) (stored at: variant64)
1399172 [main] INFO clegoues.genprog4java.fitness.Fitness  - 	 gen: 1 1.0 StmtReplace(121,19) StmtDelete(27) (stored at: variant65)
1399947 [main] INFO clegoues.genprog4java.fitness.Fitness  - 	 gen: 1 1.0 StmtAppend(34,21) StmtReplace(126,75) (stored at: variant66)
1399961 [main] ERROR clegoues.genprog4java.rep.JavaRepresentation  - org/apache/commons/math/ode/nonstiff/EmbeddedRungeKuttaIntegrator.java:246: error: variable scale might not have been initialized
          hNew = initializeStep(equations, forward, getOrder(), scale,
                                                                ^
1 error

1399961 [main] INFO clegoues.genprog4java.rep.CachingRepresentation  - StmtAppend(49,122) StmtDelete(66) at variant67 fails to compile

1399961 [main] INFO clegoues.genprog4java.fitness.Fitness  - 	 gen: 1 0.0 StmtAppend(49,122) StmtDelete(66) (stored at: variant67)
1591998 [main] INFO clegoues.genprog4java.fitness.Fitness  - 	 gen: 1 0.0 StmtAppend(9,49) StmtReplace(94,120) (stored at: variant68)
1592390 [main] INFO clegoues.genprog4java.fitness.Fitness  - 	 gen: 1 0.0 StmtReplace(121,19) StmtDelete(115) (stored at: variant69)
1593139 [main] INFO clegoues.genprog4java.fitness.Fitness  - 	 gen: 1 1.0 StmtAppend(69,125) StmtDelete(112) (stored at: variant70)
1593691 [main] INFO clegoues.genprog4java.fitness.Fitness  - 	 gen: 1 1.0 StmtAppend(34,21) StmtReplace(90,120) (stored at: variant71)
1594129 [main] INFO clegoues.genprog4java.fitness.Fitness  - 	 gen: 1 1.0 StmtReplace(25,25) StmtReplace(61,33) (stored at: variant72)
1594712 [main] INFO clegoues.genprog4java.fitness.Fitness  - 	 gen: 1 0.0 StmtAppend(91,56) StmtDelete(138) (stored at: variant73)
1691002 [main] INFO clegoues.genprog4java.fitness.Fitness  - 	 gen: 1 0.0 StmtAppend(9,49) StmtDelete(142) (stored at: variant74)
1883025 [main] INFO clegoues.genprog4java.fitness.Fitness  - 	 gen: 1 0.0 StmtAppend(8,29) StmtReplace(61,44) (stored at: variant75)
1883381 [main] INFO clegoues.genprog4java.fitness.Fitness  - 	 gen: 1 0.0 StmtAppend(34,21) StmtReplace(54,85) (stored at: variant76)
1883400 [main] ERROR clegoues.genprog4java.rep.JavaRepresentation  - org/apache/commons/math/ode/nonstiff/EmbeddedRungeKuttaIntegrator.java:152: error: no suitable constructor found for AdaptiveStepsizeIntegrator(no arguments)
                                         final double[] vecRelativeTolerance) {
                                                                              ^
    constructor AdaptiveStepsizeIntegrator.AdaptiveStepsizeIntegrator(String,double,double,double,double) is not applicable
      (actual and formal argument lists differ in length)
    constructor AdaptiveStepsizeIntegrator.AdaptiveStepsizeIntegrator(String,double,double,double[],double[]) is not applicable
      (actual and formal argument lists differ in length)
org/apache/commons/math/ode/nonstiff/EmbeddedRungeKuttaIntegrator.java:155: error: call to super must be first statement in constructor
		super(name, minStep, maxStep, vecAbsoluteTolerance, vecRelativeTolerance);
		     ^
2 errors

1883400 [main] INFO clegoues.genprog4java.rep.CachingRepresentation  - StmtAppend(69,125) StmtAppend(12,19) at variant77 fails to compile

1883400 [main] INFO clegoues.genprog4java.fitness.Fitness  - 	 gen: 1 0.0 StmtAppend(69,125) StmtAppend(12,19) (stored at: variant77)
1883416 [main] ERROR clegoues.genprog4java.rep.JavaRepresentation  - org/apache/commons/math/ode/nonstiff/EmbeddedRungeKuttaIntegrator.java:268: error: cannot find symbol
              sum += a[k-1][l] * yDotK[l][j];
              ^
  symbol:   variable sum
  location: class EmbeddedRungeKuttaIntegrator
org/apache/commons/math/ode/nonstiff/EmbeddedRungeKuttaIntegrator.java:270: error: cannot find symbol
            yTmp[j] = y[j] + stepSize * sum;
                                        ^
  symbol:   variable sum
  location: class EmbeddedRungeKuttaIntegrator
2 errors

1883416 [main] INFO clegoues.genprog4java.rep.CachingRepresentation  - StmtAppend(8,29) StmtDelete(79) at variant78 fails to compile

1883416 [main] INFO clegoues.genprog4java.fitness.Fitness  - 	 gen: 1 0.0 StmtAppend(8,29) StmtDelete(79) (stored at: variant78)
1979660 [main] INFO clegoues.genprog4java.fitness.Fitness  - 	 gen: 1 0.0 StmtReplace(25,25) StmtDelete(56) (stored at: variant79)
1980204 [main] INFO clegoues.genprog4java.fitness.Fitness  - 	 gen: 1 1.0 StmtReplace(49,33) (stored at: variant80)
1980678 [main] INFO clegoues.genprog4java.fitness.Fitness  - 	 gen: 1 1.0 StmtDelete(133) (stored at: variant81)
1981184 [main] INFO clegoues.genprog4java.fitness.Fitness  - 	 gen: 1 1.0 StmtAppend(55,121) (stored at: variant82)
1981212 [main] ERROR clegoues.genprog4java.rep.JavaRepresentation  - org/apache/commons/math/ode/nonstiff/EmbeddedRungeKuttaIntegrator.java:347: error: cannot find symbol
        final double  scaledH    = stepSize * factor;
                                              ^
  symbol:   variable factor
  location: class EmbeddedRungeKuttaIntegrator
1 error

1981212 [main] INFO clegoues.genprog4java.rep.CachingRepresentation  - StmtAppend(127,27) at variant83 fails to compile

1981213 [main] INFO clegoues.genprog4java.fitness.Fitness  - 	 gen: 1 0.0 StmtAppend(127,27) (stored at: variant83)
1981786 [main] INFO clegoues.genprog4java.fitness.Fitness  - 	 gen: 1 1.0 StmtAppend(58,122) (stored at: variant84)
1982256 [main] INFO clegoues.genprog4java.fitness.Fitness  - 	 gen: 1 1.0 StmtAppend(7,29) (stored at: variant85)
1982729 [main] INFO clegoues.genprog4java.fitness.Fitness  - 	 gen: 1 1.0 StmtReplace(19,19) (stored at: variant86)
1982744 [main] ERROR clegoues.genprog4java.rep.JavaRepresentation  - org/apache/commons/math/ode/nonstiff/EmbeddedRungeKuttaIntegrator.java:358: error: cannot find symbol
    return stopTime;
           ^
  symbol:   variable stopTime
  location: class EmbeddedRungeKuttaIntegrator
1 error

1982744 [main] INFO clegoues.genprog4java.rep.CachingRepresentation  - StmtDelete(132) at variant87 fails to compile

1982744 [main] INFO clegoues.genprog4java.fitness.Fitness  - 	 gen: 1 0.0 StmtDelete(132) (stored at: variant87)
2079027 [main] INFO clegoues.genprog4java.fitness.Fitness  - 	 gen: 1 0.0 StmtReplace(61,63) (stored at: variant88)
2271058 [main] INFO clegoues.genprog4java.fitness.Fitness  - 	 gen: 1 0.0 StmtDelete(93) (stored at: variant89)
2271070 [main] ERROR clegoues.genprog4java.rep.JavaRepresentation  - org/apache/commons/math/ode/nonstiff/EmbeddedRungeKuttaIntegrator.java:215: error: cannot find symbol
      rki.reinitialize(this, yTmp, yDotK, forward);
      ^
  symbol:   variable rki
  location: class EmbeddedRungeKuttaIntegrator
org/apache/commons/math/ode/nonstiff/EmbeddedRungeKuttaIntegrator.java:216: error: cannot find symbol
      interpolator = rki;
                     ^
  symbol:   variable rki
  location: class EmbeddedRungeKuttaIntegrator
2 errors

2271070 [main] INFO clegoues.genprog4java.rep.CachingRepresentation  - StmtDelete(40) at variant90 fails to compile

2271070 [main] INFO clegoues.genprog4java.fitness.Fitness  - 	 gen: 1 0.0 StmtDelete(40) (stored at: variant90)
2463095 [main] INFO clegoues.genprog4java.fitness.Fitness  - 	 gen: 1 0.0 StmtReplace(105,25) (stored at: variant91)
2655126 [main] INFO clegoues.genprog4java.fitness.Fitness  - 	 gen: 1 0.0 StmtDelete(64) (stored at: variant92)
2655138 [main] ERROR clegoues.genprog4java.rep.JavaRepresentation  - org/apache/commons/math/ode/nonstiff/EmbeddedRungeKuttaIntegrator.java:131: error: variable fsal might not have been initialized
  }
  ^
1 error

2655138 [main] INFO clegoues.genprog4java.rep.CachingRepresentation  - StmtReplace(2,49) at variant93 fails to compile

2655138 [main] INFO clegoues.genprog4java.fitness.Fitness  - 	 gen: 1 0.0 StmtReplace(2,49) (stored at: variant93)
2655559 [main] INFO clegoues.genprog4java.fitness.Fitness  - 	 gen: 1 1.0 StmtAppend(99,9) (stored at: variant94)
2656394 [main] INFO clegoues.genprog4java.fitness.Fitness  - 	 gen: 1 0.0 StmtReplace(78,95) (stored at: variant95)
2656394 [main] INFO clegoues.genprog4java.Search.Search  - search: generation2
2696672 [main] INFO clegoues.genprog4java.fitness.Fitness  - 	 gen: 2 0.0 StmtAppend(49,122) StmtReplace(90,21) StmtReplace(131,138) (stored at: variant96)
2697158 [main] INFO clegoues.genprog4java.fitness.Fitness  - 	 gen: 2 1.0 StmtAppend(7,29) StmtAppend(142,8) (stored at: variant97)
2697742 [main] INFO clegoues.genprog4java.fitness.Fitness  - 	 gen: 2 1.0 StmtReplace(19,19) StmtDelete(124) (stored at: variant98)
2698204 [main] INFO clegoues.genprog4java.fitness.Fitness  - 	 gen: 2 0.0 StmtAppend(8,29) StmtReplace(92,105) StmtDelete(108) (stored at: variant99)
2890232 [main] INFO clegoues.genprog4java.fitness.Fitness  - 	 gen: 2 0.0 StmtReplace(121,19) StmtDelete(27) StmtDelete(74) (stored at: variant100)
2890706 [main] INFO clegoues.genprog4java.fitness.Fitness  - 	 gen: 2 1.0 StmtReplace(19,19) StmtAppend(142,49) (stored at: variant101)
2891496 [main] INFO clegoues.genprog4java.fitness.Fitness  - 	 gen: 2 1.0 StmtReplace(25,25) StmtAppend(72,28) StmtDelete(27) (stored at: variant102)
2891873 [main] INFO clegoues.genprog4java.fitness.Fitness  - 	 gen: 2 0.0 StmtReplace(121,19) StmtDelete(27) StmtDelete(54) (stored at: variant103)
2892345 [main] INFO clegoues.genprog4java.fitness.Fitness  - 	 gen: 2 1.0 StmtAppend(100,138) StmtAppend(89,25) StmtAppend(17,142) (stored at: variant104)
2896705 [main] INFO clegoues.genprog4java.fitness.Fitness  - 	 gen: 2 0.0 StmtAppend(49,122) StmtReplace(90,21) StmtAppend(41,122) (stored at: variant105)
2896717 [main] ERROR clegoues.genprog4java.rep.JavaRepresentation  - org/apache/commons/math/ode/nonstiff/EmbeddedRungeKuttaIntegrator.java:247: error: variable scale might not have been initialized
          hNew = initializeStep(equations, forward, getOrder(), scale,
                                                                ^
1 error

2896717 [main] INFO clegoues.genprog4java.rep.CachingRepresentation  - StmtReplace(49,33) StmtReplace(66,27) at variant106 fails to compile

2896717 [main] INFO clegoues.genprog4java.fitness.Fitness  - 	 gen: 2 0.0 StmtReplace(49,33) StmtReplace(66,27) (stored at: variant106)
2897139 [main] INFO clegoues.genprog4java.fitness.Fitness  - 	 gen: 2 1.0 StmtAppend(100,138) StmtAppend(99,103) StmtAppend(41,126) (stored at: variant107)
2897619 [main] INFO clegoues.genprog4java.fitness.Fitness  - 	 gen: 2 0.0 StmtReplace(25,25) StmtAppend(72,28) StmtReplace(62,96) (stored at: variant108)
2993914 [main] INFO clegoues.genprog4java.fitness.Fitness  - 	 gen: 2 0.0 StmtAppend(69,125) StmtDelete(112) StmtAppend(73,56) (stored at: variant109)
2994239 [main] INFO clegoues.genprog4java.fitness.Fitness  - 	 gen: 2 0.0 StmtAppend(99,9) StmtReplace(28,32) (stored at: variant110)
2994750 [main] INFO clegoues.genprog4java.fitness.Fitness  - 	 gen: 2 0.0 StmtAppend(34,21) StmtReplace(90,120) StmtAppend(131,43) (stored at: variant111)
2994765 [main] ERROR clegoues.genprog4java.rep.JavaRepresentation  - org/apache/commons/math/ode/nonstiff/EmbeddedRungeKuttaIntegrator.java:264: error: cannot find symbol
              sum += a[k-1][l] * yDotK[l][j];
              ^
  symbol:   variable sum
  location: class EmbeddedRungeKuttaIntegrator
org/apache/commons/math/ode/nonstiff/EmbeddedRungeKuttaIntegrator.java:266: error: cannot find symbol
            yTmp[j] = y[j] + stepSize * sum;
                                        ^
  symbol:   variable sum
  location: class EmbeddedRungeKuttaIntegrator
2 errors

2994765 [main] INFO clegoues.genprog4java.rep.CachingRepresentation  - StmtAppend(49,122) StmtReplace(90,21) StmtDelete(79) at variant112 fails to compile

2994765 [main] INFO clegoues.genprog4java.fitness.Fitness  - 	 gen: 2 0.0 StmtAppend(49,122) StmtReplace(90,21) StmtDelete(79) (stored at: variant112)
2994779 [main] ERROR clegoues.genprog4java.rep.JavaRepresentation  - org/apache/commons/math/ode/nonstiff/EmbeddedRungeKuttaIntegrator.java:134: error: variable c might not have been initialized
  }
  ^
1 error

2994780 [main] INFO clegoues.genprog4java.rep.CachingRepresentation  - StmtAppend(7,29) StmtReplace(3,19) at variant113 fails to compile

2994780 [main] INFO clegoues.genprog4java.fitness.Fitness  - 	 gen: 2 0.0 StmtAppend(7,29) StmtReplace(3,19) (stored at: variant113)
2994799 [main] ERROR clegoues.genprog4java.rep.JavaRepresentation  - org/apache/commons/math/ode/nonstiff/EmbeddedRungeKuttaIntegrator.java:169: error: variable b might not have been initialized
  }
  ^
1 error

2994799 [main] INFO clegoues.genprog4java.rep.CachingRepresentation  - StmtReplace(25,25) StmtAppend(72,28) StmtReplace(16,19) at variant114 fails to compile

2994799 [main] INFO clegoues.genprog4java.fitness.Fitness  - 	 gen: 2 0.0 StmtReplace(25,25) StmtAppend(72,28) StmtReplace(16,19) (stored at: variant114)
2994821 [main] ERROR clegoues.genprog4java.rep.JavaRepresentation  - org/apache/commons/math/ode/nonstiff/EmbeddedRungeKuttaIntegrator.java:217: error: cannot find symbol
      rki.reinitialize(this, yTmp, yDotK, forward);
      ^
  symbol:   variable rki
  location: class EmbeddedRungeKuttaIntegrator
org/apache/commons/math/ode/nonstiff/EmbeddedRungeKuttaIntegrator.java:218: error: cannot find symbol
      interpolator = rki;
                     ^
  symbol:   variable rki
  location: class EmbeddedRungeKuttaIntegrator
2 errors

2994821 [main] INFO clegoues.genprog4java.rep.CachingRepresentation  - StmtAppend(99,9) StmtAppend(40,10) at variant115 fails to compile

2994821 [main] INFO clegoues.genprog4java.fitness.Fitness  - 	 gen: 2 0.0 StmtAppend(99,9) StmtAppend(40,10) (stored at: variant115)
2995160 [main] INFO clegoues.genprog4java.fitness.Fitness  - 	 gen: 2 1.0 StmtAppend(58,122) StmtReplace(64,105) (stored at: variant116)
2995193 [main] ERROR clegoues.genprog4java.rep.JavaRepresentation  - org/apache/commons/math/ode/nonstiff/EmbeddedRungeKuttaIntegrator.java:295: error: cannot find symbol
              if (Math.abs(dt) <= Math.ulp(stepStart)) {
                           ^
  symbol:   variable dt
  location: class EmbeddedRungeKuttaIntegrator
org/apache/commons/math/ode/nonstiff/EmbeddedRungeKuttaIntegrator.java:300: error: cannot find symbol
                  hNew = dt;
                         ^
  symbol:   variable dt
  location: class EmbeddedRungeKuttaIntegrator
2 errors

2995193 [main] INFO clegoues.genprog4java.rep.CachingRepresentation  - StmtReplace(121,19) StmtDelete(27) StmtAppend(98,138) at variant117 fails to compile

2995193 [main] INFO clegoues.genprog4java.fitness.Fitness  - 	 gen: 2 0.0 StmtReplace(121,19) StmtDelete(27) StmtAppend(98,138) (stored at: variant117)
3091397 [main] INFO clegoues.genprog4java.fitness.Fitness  - 	 gen: 2 0.0 StmtDelete(133) StmtDelete(45) (stored at: variant118)
3091847 [main] INFO clegoues.genprog4java.fitness.Fitness  - 	 gen: 2 1.0 StmtAppend(7,29) StmtAppend(123,28) (stored at: variant119)
3091865 [main] ERROR clegoues.genprog4java.rep.JavaRepresentation  - org/apache/commons/math/ode/nonstiff/EmbeddedRungeKuttaIntegrator.java:318: error: cannot find symbol
      manager.stepAccepted(nextStep, y);
                           ^
  symbol:   variable nextStep
  location: class EmbeddedRungeKuttaIntegrator
org/apache/commons/math/ode/nonstiff/EmbeddedRungeKuttaIntegrator.java:322: error: cannot find symbol
      interpolator.storeTime(nextStep);
                             ^
  symbol:   variable nextStep
  location: class EmbeddedRungeKuttaIntegrator
org/apache/commons/math/ode/nonstiff/EmbeddedRungeKuttaIntegrator.java:326: error: cannot find symbol
      stepStart = nextStep;
                  ^
  symbol:   variable nextStep
  location: class EmbeddedRungeKuttaIntegrator
3 errors

3091865 [main] INFO clegoues.genprog4java.rep.CachingRepresentation  - StmtAppend(34,21) StmtReplace(126,75) StmtReplace(109,9) at variant120 fails to compile

3091865 [main] INFO clegoues.genprog4java.fitness.Fitness  - 	 gen: 2 0.0 StmtAppend(34,21) StmtReplace(126,75) StmtReplace(109,9) (stored at: variant120)
3092400 [main] INFO clegoues.genprog4java.fitness.Fitness  - 	 gen: 2 0.0 StmtAppend(100,138) StmtAppend(14,20) StmtReplace(77,100) (stored at: variant121)
3092415 [main] ERROR clegoues.genprog4java.rep.JavaRepresentation  - org/apache/commons/math/ode/nonstiff/EmbeddedRungeKuttaIntegrator.java:249: error: variable scale might not have been initialized
          hNew = initializeStep(equations, forward, getOrder(), scale,
                                                                ^
1 error

3092415 [main] INFO clegoues.genprog4java.rep.CachingRepresentation  - StmtAppend(91,56) StmtReplace(120,60) StmtReplace(66,43) at variant122 fails to compile

3092415 [main] INFO clegoues.genprog4java.fitness.Fitness  - 	 gen: 2 0.0 StmtAppend(91,56) StmtReplace(120,60) StmtReplace(66,43) (stored at: variant122)
3188707 [main] INFO clegoues.genprog4java.fitness.Fitness  - 	 gen: 2 0.0 StmtAppend(34,21) StmtReplace(126,75) StmtDelete(112) (stored at: variant123)
3189255 [main] INFO clegoues.genprog4java.fitness.Fitness  - 	 gen: 2 0.0 StmtReplace(121,19) StmtReplace(86,104) StmtAppend(56,8) (stored at: variant124)
3381296 [main] INFO clegoues.genprog4java.fitness.Fitness  - 	 gen: 2 0.0 StmtDelete(133) StmtReplace(45,27) (stored at: variant125)
3381311 [main] ERROR clegoues.genprog4java.rep.JavaRepresentation  - org/apache/commons/math/ode/nonstiff/EmbeddedRungeKuttaIntegrator.java:317: error: cannot find symbol
      manager.stepAccepted(nextStep, y);
                           ^
  symbol:   variable nextStep
  location: class EmbeddedRungeKuttaIntegrator
org/apache/commons/math/ode/nonstiff/EmbeddedRungeKuttaIntegrator.java:321: error: cannot find symbol
      interpolator.storeTime(nextStep);
                             ^
  symbol:   variable nextStep
  location: class EmbeddedRungeKuttaIntegrator
org/apache/commons/math/ode/nonstiff/EmbeddedRungeKuttaIntegrator.java:325: error: cannot find symbol
      stepStart = nextStep;
                  ^
  symbol:   variable nextStep
  location: class EmbeddedRungeKuttaIntegrator
3 errors

3381311 [main] INFO clegoues.genprog4java.rep.CachingRepresentation  - StmtAppend(100,138) StmtAppend(99,103) StmtDelete(109) at variant126 fails to compile

3381311 [main] INFO clegoues.genprog4java.fitness.Fitness  - 	 gen: 2 0.0 StmtAppend(100,138) StmtAppend(99,103) StmtDelete(109) (stored at: variant126)
3477579 [main] INFO clegoues.genprog4java.fitness.Fitness  - 	 gen: 2 0.0 StmtDelete(133) StmtDelete(33) (stored at: variant127)
3497657 [main] INFO clegoues.genprog4java.fitness.Fitness  - 	 gen: 2 0.0 StmtAppend(49,122) StmtReplace(90,21) StmtAppend(119,60) (stored at: variant128)
