0 [main] DEBUG clegoues.genprog4java.fitness.Fitness  - parsing granularity, value: class
25 [main] DEBUG clegoues.genprog4java.fitness.Fitness  - parsing granularity, value: class
#Fri Mar 12 14:01:21 CST 2021
negativeTestWeight=2.0
classSourceFolder=/home/rtx/repair/d4j/Math/74b/target/classes
model=default
sampleStrategy=variant
srcClassPath=/home/rtx/repair/d4j/Math/74b/target/classes
sourceVersion=1.8
popsize=40
regenPaths=false
posCoverageFile=coverage.path.pos
continue=false
edits=APPEND;DELETE;REPLACE
negCoverageFile=coverage.path.neg
workingDir=/home/rtx/repair/d4j/Math/74b/
clearTestCache=false
skipFailedSanity=false
sample=0.1 
oracleGenome=
testGranularity=class
justTestingFaultLoc=false
faultLocStrategy=standardPathFile
crossp=0.5
pMutation=1
generations=10
positiveTests=/home/rtx/repair/d4j/Math/74b/pos.tests
javaVM=/home/rtx/java/jdk1.8.0_271/jre/bin/java
seed=7
negativePathWeight=0.35
compileCommand=
fixStrategy=classScope
allowCoverageFail=false
targetClassName=/home/rtx/repair/d4j/Math/74b/bugfiles.txt
javaRuntime=java.lang.Runtime@6576fe71
classTestFolder=
modelPath=OVERALLModel.txt
sanity=yes
positivePathWeight=0.65
jacocoPath=/home/rtx/eclipse-workspace/genprog4java/lib/jacocoagent.jar
negativeTests=/home/rtx/repair/d4j/Math/74b/neg.tests
pathToFileHumanInjectedFaultLoc=fileHumanInjectedFaultLoc.txt
outputDir=/home/rtx/repair/d4j/Math/74b/genprog4java/variantSeed7/
testClassPath=/home/rtx/repair/d4j/Math/74b/target/classes\:/home/rtx/repair/d4j/Math/74b/target/test-classes\:/home/rtx/repair/defects4j/framework/projects/lib/junit-4.11.jar\:/home/rtx/repair/d4j/Math/74b/lib/junit-4.4.jar
faultStrategy=classScope
sourceDir=src/main/java
checkSpace=false
search=gp
globalExtension=.java
faultSpaceSubSet=1/5
maxVariants=50
libs=/home/rtx/eclipse-workspace/genprog4java/lib/junittestrunner.jar\:/home/rtx/eclipse-workspace/genprog4java/lib/commons-cli-20040117.000000.jar\:/home/rtx/eclipse-workspace/genprog4java/lib/junit-4.12.jar\:/home/rtx/eclipse-workspace/genprog4java/lib/hamcrest-core-1.3.jar\:/home/rtx/eclipse-workspace/genprog4java/lib/log4j-1.2.17.jar\:/home/rtx/repair/d4j/Math/74b/target/classes\:/home/rtx/repair/d4j/Math/74b/target/test-classes\:/home/rtx/repair/defects4j/framework/projects/lib/junit-4.11.jar\:/home/rtx/repair/d4j/Math/74b/lib/junit-4.4.jar\:/home/rtx/repair/d4j/Math/74b/target/classes
crossover=onepoint
108 [main] INFO clegoues.genprog4java.main.Main  - Configuration file loaded
17412 [main] INFO clegoues.genprog4java.rep.CachingRepresentation  - loaded from source clegoues.genprog4java.java.ClassInfo@7f18d44c
17413 [main] INFO clegoues.genprog4java.rep.CachingRepresentation  - sanity checking begins
17864 [main] INFO clegoues.genprog4java.rep.CachingRepresentation  - Checking test number 1 out of 10
18068 [main] INFO clegoues.genprog4java.rep.CachingRepresentation  - true (1)

18069 [main] INFO clegoues.genprog4java.rep.CachingRepresentation  - Checking test number 2 out of 10
18532 [main] INFO clegoues.genprog4java.rep.CachingRepresentation  - true (1)

18532 [main] INFO clegoues.genprog4java.rep.CachingRepresentation  - Checking test number 3 out of 10
18720 [main] INFO clegoues.genprog4java.rep.CachingRepresentation  - true (1)

18721 [main] INFO clegoues.genprog4java.rep.CachingRepresentation  - Checking test number 4 out of 10
18995 [main] INFO clegoues.genprog4java.rep.CachingRepresentation  - true (1)

18995 [main] INFO clegoues.genprog4java.rep.CachingRepresentation  - Checking test number 5 out of 10
19194 [main] INFO clegoues.genprog4java.rep.CachingRepresentation  - true (1)

19194 [main] INFO clegoues.genprog4java.rep.CachingRepresentation  - Checking test number 6 out of 10
19471 [main] INFO clegoues.genprog4java.rep.CachingRepresentation  - true (1)

19471 [main] INFO clegoues.genprog4java.rep.CachingRepresentation  - Checking test number 7 out of 10
19672 [main] INFO clegoues.genprog4java.rep.CachingRepresentation  - true (1)

19672 [main] INFO clegoues.genprog4java.rep.CachingRepresentation  - Checking test number 8 out of 10
19948 [main] INFO clegoues.genprog4java.rep.CachingRepresentation  - true (1)

19948 [main] INFO clegoues.genprog4java.rep.CachingRepresentation  - Checking test number 9 out of 10
20253 [main] INFO clegoues.genprog4java.rep.CachingRepresentation  - true (1)

20253 [main] INFO clegoues.genprog4java.rep.CachingRepresentation  - Checking test number 10 out of 10
20423 [main] INFO clegoues.genprog4java.rep.CachingRepresentation  - true (1)

20423 [main] INFO clegoues.genprog4java.rep.CachingRepresentation  - 	n1: 
20685 [main] INFO clegoues.genprog4java.rep.CachingRepresentation  - false (0)

20685 [main] INFO clegoues.genprog4java.rep.CachingRepresentation  - sanity checking completed (time taken = 3272)
20685 [main] INFO clegoues.genprog4java.localization.DefaultLocalization  - Start Fault Localization
20711 [main] INFO clegoues.genprog4java.localization.DefaultLocalization  - Finish Fault Localization
20711 [main] INFO clegoues.genprog4java.Search.Search  - search: genetic algorithm begins

21510 [main] INFO clegoues.genprog4java.fitness.Fitness  - 	 gen: 0 1.0 original (stored at: variant0)
117918 [main] INFO clegoues.genprog4java.fitness.Fitness  - 	 gen: 0 0.0 StmtReplace(103,95) (stored at: variant1)
118782 [main] INFO clegoues.genprog4java.fitness.Fitness  - 	 gen: 0 1.0 StmtReplace(125,85) (stored at: variant2)
118852 [main] ERROR clegoues.genprog4java.rep.JavaRepresentation  - org/apache/commons/math/ode/nonstiff/EmbeddedRungeKuttaIntegrator.java:169: error: variable prototype might not have been initialized
  }
  ^
1 error

118853 [main] INFO clegoues.genprog4java.rep.CachingRepresentation  - StmtReplace(17,9) at variant3 fails to compile

118853 [main] INFO clegoues.genprog4java.fitness.Fitness  - 	 gen: 0 0.0 StmtReplace(17,9) (stored at: variant3)
118923 [main] ERROR clegoues.genprog4java.rep.JavaRepresentation  - org/apache/commons/math/ode/nonstiff/EmbeddedRungeKuttaIntegrator.java:350: error: cannot find symbol
        final boolean nextIsLast = forward ? (nextT >= t) : (nextT <= t);
                                              ^
  symbol:   variable nextT
  location: class EmbeddedRungeKuttaIntegrator
org/apache/commons/math/ode/nonstiff/EmbeddedRungeKuttaIntegrator.java:350: error: cannot find symbol
        final boolean nextIsLast = forward ? (nextT >= t) : (nextT <= t);
                                                             ^
  symbol:   variable nextT
  location: class EmbeddedRungeKuttaIntegrator
2 errors

118924 [main] INFO clegoues.genprog4java.rep.CachingRepresentation  - StmtDelete(129) at variant4 fails to compile

118924 [main] INFO clegoues.genprog4java.fitness.Fitness  - 	 gen: 0 0.0 StmtDelete(129) (stored at: variant4)
120269 [main] INFO clegoues.genprog4java.fitness.Fitness  - 	 gen: 0 0.0 StmtDelete(83) (stored at: variant5)
120802 [main] INFO clegoues.genprog4java.fitness.Fitness  - 	 gen: 0 0.0 StmtReplace(54,60) (stored at: variant6)
312909 [main] INFO clegoues.genprog4java.fitness.Fitness  - 	 gen: 0 0.0 StmtReplace(46,25) (stored at: variant7)
313372 [main] INFO clegoues.genprog4java.fitness.Fitness  - 	 gen: 0 0.0 StmtDelete(62) (stored at: variant8)
313953 [main] INFO clegoues.genprog4java.fitness.Fitness  - 	 gen: 0 0.0 StmtReplace(84,105) (stored at: variant9)
410287 [main] INFO clegoues.genprog4java.fitness.Fitness  - 	 gen: 0 0.0 StmtDelete(117) (stored at: variant10)
410327 [main] ERROR clegoues.genprog4java.rep.JavaRepresentation  - org/apache/commons/math/ode/nonstiff/EmbeddedRungeKuttaIntegrator.java:347: error: cannot find symbol
        final double  scaledH    = stepSize * factor;
                                              ^
  symbol:   variable factor
  location: class EmbeddedRungeKuttaIntegrator
1 error

410327 [main] INFO clegoues.genprog4java.rep.CachingRepresentation  - StmtAppend(127,27) at variant11 fails to compile

410327 [main] INFO clegoues.genprog4java.fitness.Fitness  - 	 gen: 0 0.0 StmtAppend(127,27) (stored at: variant11)
410370 [main] ERROR clegoues.genprog4java.rep.JavaRepresentation  - org/apache/commons/math/ode/nonstiff/EmbeddedRungeKuttaIntegrator.java:215: error: cannot find symbol
      rki.reinitialize(this, yTmp, yDotK, forward);
                                          ^
  symbol:   variable forward
  location: class EmbeddedRungeKuttaIntegrator
org/apache/commons/math/ode/nonstiff/EmbeddedRungeKuttaIntegrator.java:218: error: cannot find symbol
      interpolator = new DummyStepInterpolator(yTmp, forward);
                                                     ^
  symbol:   variable forward
  location: class EmbeddedRungeKuttaIntegrator
org/apache/commons/math/ode/nonstiff/EmbeddedRungeKuttaIntegrator.java:253: error: cannot find symbol
          hNew = initializeStep(equations, forward, getOrder(), scale,
                                           ^
  symbol:   variable forward
  location: class EmbeddedRungeKuttaIntegrator
org/apache/commons/math/ode/nonstiff/EmbeddedRungeKuttaIntegrator.java:309: error: cannot find symbol
          hNew = filterStep(stepSize * factor, forward, false);
                                               ^
  symbol:   variable forward
  location: class EmbeddedRungeKuttaIntegrator
org/apache/commons/math/ode/nonstiff/EmbeddedRungeKuttaIntegrator.java:342: error: cannot find symbol
          stepSize = filterStep(stepSize, forward, true);
                                          ^
  symbol:   variable forward
  location: class EmbeddedRungeKuttaIntegrator
org/apache/commons/math/ode/nonstiff/EmbeddedRungeKuttaIntegrator.java:350: error: cannot find symbol
        final boolean nextIsLast = forward ? (nextT >= t) : (nextT <= t);
                                   ^
  symbol:   variable forward
  location: class EmbeddedRungeKuttaIntegrator
org/apache/commons/math/ode/nonstiff/EmbeddedRungeKuttaIntegrator.java:351: error: cannot find symbol
        hNew = filterStep(scaledH, forward, nextIsLast);
                                   ^
  symbol:   variable forward
  location: class EmbeddedRungeKuttaIntegrator
7 errors

410370 [main] INFO clegoues.genprog4java.rep.CachingRepresentation  - StmtDelete(30) at variant12 fails to compile

410370 [main] INFO clegoues.genprog4java.fitness.Fitness  - 	 gen: 0 0.0 StmtDelete(30) (stored at: variant12)
411315 [main] INFO clegoues.genprog4java.fitness.Fitness  - 	 gen: 0 1.0 StmtAppend(110,8) (stored at: variant13)
411356 [main] ERROR clegoues.genprog4java.rep.JavaRepresentation  - org/apache/commons/math/ode/nonstiff/EmbeddedRungeKuttaIntegrator.java:351: error: cannot find symbol
        hNew = filterStep(scaledH, forward, nextIsLast);
                                            ^
  symbol:   variable nextIsLast
  location: class EmbeddedRungeKuttaIntegrator
1 error

411356 [main] INFO clegoues.genprog4java.rep.CachingRepresentation  - StmtDelete(130) at variant14 fails to compile

411356 [main] INFO clegoues.genprog4java.fitness.Fitness  - 	 gen: 0 0.0 StmtDelete(130) (stored at: variant14)
411899 [main] INFO clegoues.genprog4java.fitness.Fitness  - 	 gen: 0 1.0 StmtReplace(62,95) (stored at: variant15)
411938 [main] ERROR clegoues.genprog4java.rep.JavaRepresentation  - org/apache/commons/math/ode/nonstiff/EmbeddedRungeKuttaIntegrator.java:214: error: variable interpolator might not have been initialized
    interpolator.storeTime(t0);
    ^
1 error

411938 [main] INFO clegoues.genprog4java.rep.CachingRepresentation  - StmtDelete(38) at variant16 fails to compile

411938 [main] INFO clegoues.genprog4java.fitness.Fitness  - 	 gen: 0 0.0 StmtDelete(38) (stored at: variant16)
508242 [main] INFO clegoues.genprog4java.fitness.Fitness  - 	 gen: 0 0.0 StmtAppend(58,44) (stored at: variant17)
508795 [main] INFO clegoues.genprog4java.fitness.Fitness  - 	 gen: 0 1.0 StmtAppend(116,73) (stored at: variant18)
508824 [main] ERROR clegoues.genprog4java.rep.JavaRepresentation  - org/apache/commons/math/ode/nonstiff/EmbeddedRungeKuttaIntegrator.java:296: error: cannot find symbol
					double sum = a[k - 1][0] * yDotK[0][j];
					               ^
  symbol:   variable k
  location: class EmbeddedRungeKuttaIntegrator
org/apache/commons/math/ode/nonstiff/EmbeddedRungeKuttaIntegrator.java:297: error: cannot find symbol
					for (int l = 1; l < k; ++l) {
					                    ^
  symbol:   variable k
  location: class EmbeddedRungeKuttaIntegrator
org/apache/commons/math/ode/nonstiff/EmbeddedRungeKuttaIntegrator.java:298: error: cannot find symbol
						sum += a[k - 1][l] * yDotK[l][j];
						         ^
  symbol:   variable k
  location: class EmbeddedRungeKuttaIntegrator
3 errors

508824 [main] INFO clegoues.genprog4java.rep.CachingRepresentation  - StmtAppend(100,77) at variant19 fails to compile

508825 [main] INFO clegoues.genprog4java.fitness.Fitness  - 	 gen: 0 0.0 StmtAppend(100,77) (stored at: variant19)
700876 [main] INFO clegoues.genprog4java.fitness.Fitness  - 	 gen: 0 0.0 StmtReplace(104,34) (stored at: variant20)
700897 [main] ERROR clegoues.genprog4java.rep.JavaRepresentation  - org/apache/commons/math/ode/nonstiff/EmbeddedRungeKuttaIntegrator.java:290: error: cannot find symbol
          if (manager.evaluateStep(interpolator)) {
              ^
  symbol:   variable manager
  location: class EmbeddedRungeKuttaIntegrator
org/apache/commons/math/ode/nonstiff/EmbeddedRungeKuttaIntegrator.java:291: error: cannot find symbol
              final double dt = manager.getEventTime() - stepStart;
                                ^
  symbol:   variable manager
  location: class EmbeddedRungeKuttaIntegrator
org/apache/commons/math/ode/nonstiff/EmbeddedRungeKuttaIntegrator.java:317: error: cannot find symbol
      manager.stepAccepted(nextStep, y);
      ^
  symbol:   variable manager
  location: class EmbeddedRungeKuttaIntegrator
org/apache/commons/math/ode/nonstiff/EmbeddedRungeKuttaIntegrator.java:318: error: cannot find symbol
      lastStep = manager.stop();
                 ^
  symbol:   variable manager
  location: class EmbeddedRungeKuttaIntegrator
org/apache/commons/math/ode/nonstiff/EmbeddedRungeKuttaIntegrator.java:332: error: cannot find symbol
      if (manager.reset(stepStart, y) && ! lastStep) {
          ^
  symbol:   variable manager
  location: class EmbeddedRungeKuttaIntegrator
5 errors

700898 [main] INFO clegoues.genprog4java.rep.CachingRepresentation  - StmtDelete(52) at variant21 fails to compile

700898 [main] INFO clegoues.genprog4java.fitness.Fitness  - 	 gen: 0 0.0 StmtDelete(52) (stored at: variant21)
701305 [main] INFO clegoues.genprog4java.fitness.Fitness  - 	 gen: 0 0.0 StmtReplace(41,21) (stored at: variant22)
702049 [main] INFO clegoues.genprog4java.fitness.Fitness  - 	 gen: 0 0.0 StmtDelete(131) (stored at: variant23)
702549 [main] INFO clegoues.genprog4java.fitness.Fitness  - 	 gen: 0 0.0 StmtDelete(60) (stored at: variant24)
702569 [main] ERROR clegoues.genprog4java.rep.JavaRepresentation  - org/apache/commons/math/ode/nonstiff/EmbeddedRungeKuttaIntegrator.java:281: error: cannot find symbol
            sum    += b[l] * yDotK[l][j];
            ^
  symbol:   variable sum
  location: class EmbeddedRungeKuttaIntegrator
org/apache/commons/math/ode/nonstiff/EmbeddedRungeKuttaIntegrator.java:283: error: cannot find symbol
          yTmp[j] = y[j] + stepSize * sum;
                                      ^
  symbol:   variable sum
  location: class EmbeddedRungeKuttaIntegrator
2 errors

702569 [main] INFO clegoues.genprog4java.rep.CachingRepresentation  - StmtAppend(87,56) at variant25 fails to compile

702569 [main] INFO clegoues.genprog4java.fitness.Fitness  - 	 gen: 0 0.0 StmtAppend(87,56) (stored at: variant25)
702597 [main] ERROR clegoues.genprog4java.rep.JavaRepresentation  - org/apache/commons/math/ode/nonstiff/EmbeddedRungeKuttaIntegrator.java:114: error: no suitable constructor found for AdaptiveStepsizeIntegrator(no arguments)
                                         final double scalRelativeTolerance) {
                                                                             ^
    constructor AdaptiveStepsizeIntegrator.AdaptiveStepsizeIntegrator(String,double,double,double,double) is not applicable
      (actual and formal argument lists differ in length)
    constructor AdaptiveStepsizeIntegrator.AdaptiveStepsizeIntegrator(String,double,double,double[],double[]) is not applicable
      (actual and formal argument lists differ in length)
1 error

702597 [main] INFO clegoues.genprog4java.rep.CachingRepresentation  - StmtDelete(1) at variant26 fails to compile

702597 [main] INFO clegoues.genprog4java.fitness.Fitness  - 	 gen: 0 0.0 StmtDelete(1) (stored at: variant26)
894637 [main] INFO clegoues.genprog4java.fitness.Fitness  - 	 gen: 0 0.0 StmtDelete(69) (stored at: variant27)
894663 [main] ERROR clegoues.genprog4java.rep.JavaRepresentation  - org/apache/commons/math/ode/nonstiff/EmbeddedRungeKuttaIntegrator.java:215: error: cannot find symbol
      rki.reinitialize(this, yTmp, yDotK, forward);
                                          ^
  symbol:   variable forward
  location: class EmbeddedRungeKuttaIntegrator
org/apache/commons/math/ode/nonstiff/EmbeddedRungeKuttaIntegrator.java:218: error: cannot find symbol
      interpolator = new DummyStepInterpolator(yTmp, forward);
                                                     ^
  symbol:   variable forward
  location: class EmbeddedRungeKuttaIntegrator
org/apache/commons/math/ode/nonstiff/EmbeddedRungeKuttaIntegrator.java:253: error: cannot find symbol
          hNew = initializeStep(equations, forward, getOrder(), scale,
                                           ^
  symbol:   variable forward
  location: class EmbeddedRungeKuttaIntegrator
org/apache/commons/math/ode/nonstiff/EmbeddedRungeKuttaIntegrator.java:309: error: cannot find symbol
          hNew = filterStep(stepSize * factor, forward, false);
                                               ^
  symbol:   variable forward
  location: class EmbeddedRungeKuttaIntegrator
org/apache/commons/math/ode/nonstiff/EmbeddedRungeKuttaIntegrator.java:342: error: cannot find symbol
          stepSize = filterStep(stepSize, forward, true);
                                          ^
  symbol:   variable forward
  location: class EmbeddedRungeKuttaIntegrator
org/apache/commons/math/ode/nonstiff/EmbeddedRungeKuttaIntegrator.java:350: error: cannot find symbol
        final boolean nextIsLast = forward ? (nextT >= t) : (nextT <= t);
                                   ^
  symbol:   variable forward
  location: class EmbeddedRungeKuttaIntegrator
org/apache/commons/math/ode/nonstiff/EmbeddedRungeKuttaIntegrator.java:351: error: cannot find symbol
        hNew = filterStep(scaledH, forward, nextIsLast);
                                   ^
  symbol:   variable forward
  location: class EmbeddedRungeKuttaIntegrator
7 errors

894663 [main] INFO clegoues.genprog4java.rep.CachingRepresentation  - StmtDelete(30) at variant28 fails to compile

894664 [main] INFO clegoues.genprog4java.fitness.Fitness  - 	 gen: 0 0.0 StmtDelete(30) (stored at: variant28)
1086715 [main] INFO clegoues.genprog4java.fitness.Fitness  - 	 gen: 0 0.0 StmtReplace(58,75) (stored at: variant29)
1087357 [main] INFO clegoues.genprog4java.fitness.Fitness  - 	 gen: 0 1.0 StmtReplace(133,21) (stored at: variant30)
1092922 [main] INFO clegoues.genprog4java.fitness.Fitness  - 	 gen: 0 0.0 StmtReplace(89,27) (stored at: variant31)
1189232 [main] INFO clegoues.genprog4java.fitness.Fitness  - 	 gen: 0 0.0 StmtDelete(33) (stored at: variant32)
1381273 [main] INFO clegoues.genprog4java.fitness.Fitness  - 	 gen: 0 0.0 StmtReplace(112,44) (stored at: variant33)
1382031 [main] INFO clegoues.genprog4java.fitness.Fitness  - 	 gen: 0 1.0 StmtAppend(28,46) (stored at: variant34)
1382062 [main] ERROR clegoues.genprog4java.rep.JavaRepresentation  - org/apache/commons/math/ode/nonstiff/EmbeddedRungeKuttaIntegrator.java:284: error: cannot find symbol
        error = estimateError(yDotK, y, yTmp, stepSize);
        ^
  symbol:   variable error
  location: class EmbeddedRungeKuttaIntegrator
org/apache/commons/math/ode/nonstiff/EmbeddedRungeKuttaIntegrator.java:285: error: cannot find symbol
        if (error <= 1.0) {
            ^
  symbol:   variable error
  location: class EmbeddedRungeKuttaIntegrator
org/apache/commons/math/ode/nonstiff/EmbeddedRungeKuttaIntegrator.java:307: error: cannot find symbol
                       Math.max(minReduction, safety * Math.pow(error, exp)));
                                                                ^
  symbol:   variable error
  location: class EmbeddedRungeKuttaIntegrator
org/apache/commons/math/ode/nonstiff/EmbeddedRungeKuttaIntegrator.java:346: error: cannot find symbol
                                                safety * Math.pow(error, exp)));
                                                                  ^
  symbol:   variable error
  location: class EmbeddedRungeKuttaIntegrator
4 errors

1382062 [main] INFO clegoues.genprog4java.rep.CachingRepresentation  - StmtReplace(57,19) at variant35 fails to compile

1382062 [main] INFO clegoues.genprog4java.fitness.Fitness  - 	 gen: 0 0.0 StmtReplace(57,19) (stored at: variant35)
1574109 [main] INFO clegoues.genprog4java.fitness.Fitness  - 	 gen: 0 0.0 StmtDelete(56) (stored at: variant36)
1766139 [main] INFO clegoues.genprog4java.fitness.Fitness  - 	 gen: 0 0.0 StmtDelete(108) (stored at: variant37)
1766894 [main] INFO clegoues.genprog4java.fitness.Fitness  - 	 gen: 0 1.0 StmtAppend(68,29) (stored at: variant38)
1767380 [main] INFO clegoues.genprog4java.fitness.Fitness  - 	 gen: 0 1.0 StmtReplace(50,56) (stored at: variant39)
1767381 [main] INFO clegoues.genprog4java.Search.Search  - search: generation1
1768239 [main] INFO clegoues.genprog4java.fitness.Fitness  - 	 gen: 1 1.0 StmtAppend(68,29) StmtReplace(119,29) (stored at: variant40)
1768258 [main] ERROR clegoues.genprog4java.rep.JavaRepresentation  - org/apache/commons/math/ode/nonstiff/EmbeddedRungeKuttaIntegrator.java:290: error: cannot find symbol
              if (Math.abs(dt) <= Math.ulp(stepStart)) {
                           ^
  symbol:   variable dt
  location: class EmbeddedRungeKuttaIntegrator
org/apache/commons/math/ode/nonstiff/EmbeddedRungeKuttaIntegrator.java:295: error: cannot find symbol
                  hNew = dt;
                         ^
  symbol:   variable dt
  location: class EmbeddedRungeKuttaIntegrator
2 errors

1768258 [main] INFO clegoues.genprog4java.rep.CachingRepresentation  - StmtReplace(50,56) StmtReplace(98,9) at variant41 fails to compile

1768259 [main] INFO clegoues.genprog4java.fitness.Fitness  - 	 gen: 1 0.0 StmtReplace(50,56) StmtReplace(98,9) (stored at: variant41)
1768853 [main] INFO clegoues.genprog4java.fitness.Fitness  - 	 gen: 1 1.0 StmtReplace(133,21) StmtAppend(93,126) (stored at: variant42)
1769357 [main] INFO clegoues.genprog4java.fitness.Fitness  - 	 gen: 1 1.0 StmtDelete(133) (stored at: variant43)
1769762 [main] INFO clegoues.genprog4java.fitness.Fitness  - 	 gen: 1 0.0 StmtReplace(41,21) StmtReplace(104,120) (stored at: variant44)
1769788 [main] ERROR clegoues.genprog4java.rep.JavaRepresentation  - org/apache/commons/math/ode/nonstiff/EmbeddedRungeKuttaIntegrator.java:114: error: no suitable constructor found for AdaptiveStepsizeIntegrator(no arguments)
                                         final double scalRelativeTolerance) {
                                                                             ^
    constructor AdaptiveStepsizeIntegrator.AdaptiveStepsizeIntegrator(String,double,double,double,double) is not applicable
      (actual and formal argument lists differ in length)
    constructor AdaptiveStepsizeIntegrator.AdaptiveStepsizeIntegrator(String,double,double,double[],double[]) is not applicable
      (actual and formal argument lists differ in length)
1 error

1769789 [main] INFO clegoues.genprog4java.rep.CachingRepresentation  - StmtDelete(1) StmtAppend(114,92) at variant45 fails to compile

1769789 [main] INFO clegoues.genprog4java.fitness.Fitness  - 	 gen: 1 0.0 StmtDelete(1) StmtAppend(114,92) (stored at: variant45)
1770264 [main] INFO clegoues.genprog4java.fitness.Fitness  - 	 gen: 1 1.0 StmtAppend(28,46) StmtAppend(84,19) (stored at: variant46)
1770645 [main] INFO clegoues.genprog4java.fitness.Fitness  - 	 gen: 1 0.0 StmtAppend(68,29) StmtDelete(28) (stored at: variant47)
1771142 [main] INFO clegoues.genprog4java.fitness.Fitness  - 	 gen: 1 1.0 StmtAppend(68,29) StmtAppend(41,85) (stored at: variant48)
1867449 [main] INFO clegoues.genprog4java.fitness.Fitness  - 	 gen: 1 0.0 StmtDelete(33) StmtAppend(64,119) (stored at: variant49)
1867463 [main] ERROR clegoues.genprog4java.rep.JavaRepresentation  - org/apache/commons/math/ode/nonstiff/EmbeddedRungeKuttaIntegrator.java:292: error: cannot find symbol
          if (manager.evaluateStep(interpolator)) {
              ^
  symbol:   variable manager
  location: class EmbeddedRungeKuttaIntegrator
org/apache/commons/math/ode/nonstiff/EmbeddedRungeKuttaIntegrator.java:293: error: cannot find symbol
              final double dt = manager.getEventTime() - stepStart;
                                ^
  symbol:   variable manager
  location: class EmbeddedRungeKuttaIntegrator
org/apache/commons/math/ode/nonstiff/EmbeddedRungeKuttaIntegrator.java:319: error: cannot find symbol
      manager.stepAccepted(nextStep, y);
      ^
  symbol:   variable manager
  location: class EmbeddedRungeKuttaIntegrator
org/apache/commons/math/ode/nonstiff/EmbeddedRungeKuttaIntegrator.java:320: error: cannot find symbol
      lastStep = manager.stop();
                 ^
  symbol:   variable manager
  location: class EmbeddedRungeKuttaIntegrator
org/apache/commons/math/ode/nonstiff/EmbeddedRungeKuttaIntegrator.java:334: error: cannot find symbol
      if (manager.reset(stepStart, y) && ! lastStep) {
          ^
  symbol:   variable manager
  location: class EmbeddedRungeKuttaIntegrator
5 errors

1867464 [main] INFO clegoues.genprog4java.rep.CachingRepresentation  - StmtAppend(28,46) StmtReplace(52,73) at variant50 fails to compile

1867464 [main] INFO clegoues.genprog4java.fitness.Fitness  - 	 gen: 1 0.0 StmtAppend(28,46) StmtReplace(52,73) (stored at: variant50)
1867893 [main] INFO clegoues.genprog4java.fitness.Fitness  - 	 gen: 1 1.0 StmtAppend(116,73) StmtAppend(121,28) (stored at: variant51)
1868359 [main] INFO clegoues.genprog4java.fitness.Fitness  - 	 gen: 1 1.0 StmtAppend(28,46) StmtAppend(19,8) (stored at: variant52)
1868857 [main] INFO clegoues.genprog4java.fitness.Fitness  - 	 gen: 1 1.0 StmtReplace(133,21) StmtAppend(62,62) (stored at: variant53)
1868873 [main] ERROR clegoues.genprog4java.rep.JavaRepresentation  - org/apache/commons/math/ode/nonstiff/EmbeddedRungeKuttaIntegrator.java:250: error: variable scale might not have been initialized
          hNew = initializeStep(equations, forward, getOrder(), scale,
                                                                ^
1 error

1868873 [main] INFO clegoues.genprog4java.rep.CachingRepresentation  - StmtReplace(62,95) StmtReplace(67,142) at variant54 fails to compile

1868873 [main] INFO clegoues.genprog4java.fitness.Fitness  - 	 gen: 1 0.0 StmtReplace(62,95) StmtReplace(67,142) (stored at: variant54)
1965157 [main] INFO clegoues.genprog4java.fitness.Fitness  - 	 gen: 1 0.0 StmtReplace(62,95) StmtAppend(138,138) (stored at: variant55)
1965171 [main] ERROR clegoues.genprog4java.rep.JavaRepresentation  - org/apache/commons/math/ode/nonstiff/EmbeddedRungeKuttaIntegrator.java:169: error: variable b might not have been initialized
  }
  ^
1 error

1965171 [main] INFO clegoues.genprog4java.rep.CachingRepresentation  - StmtAppend(110,8) StmtReplace(16,21) at variant56 fails to compile

1965172 [main] INFO clegoues.genprog4java.fitness.Fitness  - 	 gen: 1 0.0 StmtAppend(110,8) StmtReplace(16,21) (stored at: variant56)
1965623 [main] INFO clegoues.genprog4java.fitness.Fitness  - 	 gen: 1 0.0 StmtAppend(28,46) StmtReplace(121,44) (stored at: variant57)
1965639 [main] ERROR clegoues.genprog4java.rep.JavaRepresentation  - org/apache/commons/math/ode/nonstiff/EmbeddedRungeKuttaIntegrator.java:210: error: cannot find symbol
    final double[][] yDotK = new double[stages][y0.length];
                                        ^
  symbol:   variable stages
  location: class EmbeddedRungeKuttaIntegrator
org/apache/commons/math/ode/nonstiff/EmbeddedRungeKuttaIntegrator.java:263: error: cannot find symbol
        for (int k = 1; k < stages; ++k) {
                            ^
  symbol:   variable stages
  location: class EmbeddedRungeKuttaIntegrator
org/apache/commons/math/ode/nonstiff/EmbeddedRungeKuttaIntegrator.java:280: error: cannot find symbol
          for (int l = 1; l < stages; ++l) {
                              ^
  symbol:   variable stages
  location: class EmbeddedRungeKuttaIntegrator
org/apache/commons/math/ode/nonstiff/EmbeddedRungeKuttaIntegrator.java:331: error: cannot find symbol
        System.arraycopy(yDotK[stages - 1], 0, yDotK[0], 0, y0.length);
                               ^
  symbol:   variable stages
  location: class EmbeddedRungeKuttaIntegrator
4 errors

1965639 [main] INFO clegoues.genprog4java.rep.CachingRepresentation  - StmtAppend(28,46) StmtDelete(31) at variant58 fails to compile

1965639 [main] INFO clegoues.genprog4java.fitness.Fitness  - 	 gen: 1 0.0 StmtAppend(28,46) StmtDelete(31) (stored at: variant58)
1965659 [main] ERROR clegoues.genprog4java.rep.JavaRepresentation  - org/apache/commons/math/ode/nonstiff/EmbeddedRungeKuttaIntegrator.java:215: error: cannot find symbol
      rki.reinitialize(this, yTmp, yDotK, forward);
                                          ^
  symbol:   variable forward
  location: class EmbeddedRungeKuttaIntegrator
org/apache/commons/math/ode/nonstiff/EmbeddedRungeKuttaIntegrator.java:219: error: cannot find symbol
			double sum = a[k - 1][0] * yDotK[0][j];
			               ^
  symbol:   variable k
  location: class EmbeddedRungeKuttaIntegrator
org/apache/commons/math/ode/nonstiff/EmbeddedRungeKuttaIntegrator.java:220: error: cannot find symbol
			for (int l = 1; l < k; ++l) {
			                    ^
  symbol:   variable k
  location: class EmbeddedRungeKuttaIntegrator
org/apache/commons/math/ode/nonstiff/EmbeddedRungeKuttaIntegrator.java:221: error: cannot find symbol
				sum += a[k - 1][l] * yDotK[l][j];
				         ^
  symbol:   variable k
  location: class EmbeddedRungeKuttaIntegrator
org/apache/commons/math/ode/nonstiff/EmbeddedRungeKuttaIntegrator.java:258: error: cannot find symbol
          hNew = initializeStep(equations, forward, getOrder(), scale,
                                           ^
  symbol:   variable forward
  location: class EmbeddedRungeKuttaIntegrator
org/apache/commons/math/ode/nonstiff/EmbeddedRungeKuttaIntegrator.java:314: error: cannot find symbol
          hNew = filterStep(stepSize * factor, forward, false);
                                               ^
  symbol:   variable forward
  location: class EmbeddedRungeKuttaIntegrator
org/apache/commons/math/ode/nonstiff/EmbeddedRungeKuttaIntegrator.java:347: error: cannot find symbol
          stepSize = filterStep(stepSize, forward, true);
                                          ^
  symbol:   variable forward
  location: class EmbeddedRungeKuttaIntegrator
org/apache/commons/math/ode/nonstiff/EmbeddedRungeKuttaIntegrator.java:355: error: cannot find symbol
        final boolean nextIsLast = forward ? (nextT >= t) : (nextT <= t);
                                   ^
  symbol:   variable forward
  location: class EmbeddedRungeKuttaIntegrator
org/apache/commons/math/ode/nonstiff/EmbeddedRungeKuttaIntegrator.java:356: error: cannot find symbol
        hNew = filterStep(scaledH, forward, nextIsLast);
                                   ^
  symbol:   variable forward
  location: class EmbeddedRungeKuttaIntegrator
9 errors

1965659 [main] INFO clegoues.genprog4java.rep.CachingRepresentation  - StmtDelete(30) StmtReplace(43,77) at variant59 fails to compile

1965659 [main] INFO clegoues.genprog4java.fitness.Fitness  - 	 gen: 1 0.0 StmtDelete(30) StmtReplace(43,77) (stored at: variant59)
1965675 [main] ERROR clegoues.genprog4java.rep.JavaRepresentation  - org/apache/commons/math/ode/nonstiff/EmbeddedRungeKuttaIntegrator.java:152: error: no suitable constructor found for AdaptiveStepsizeIntegrator(no arguments)
                                         final double[] vecRelativeTolerance) {
                                                                              ^
    constructor AdaptiveStepsizeIntegrator.AdaptiveStepsizeIntegrator(String,double,double,double,double) is not applicable
      (actual and formal argument lists differ in length)
    constructor AdaptiveStepsizeIntegrator.AdaptiveStepsizeIntegrator(String,double,double,double[],double[]) is not applicable
      (actual and formal argument lists differ in length)
1 error

1965675 [main] INFO clegoues.genprog4java.rep.CachingRepresentation  - StmtReplace(103,95) StmtDelete(12) at variant60 fails to compile

1965675 [main] INFO clegoues.genprog4java.fitness.Fitness  - 	 gen: 1 0.0 StmtReplace(103,95) StmtDelete(12) (stored at: variant60)
2061946 [main] INFO clegoues.genprog4java.fitness.Fitness  - 	 gen: 1 0.0 StmtAppend(28,46) StmtReplace(62,64) (stored at: variant61)
2158180 [main] INFO clegoues.genprog4java.fitness.Fitness  - 	 gen: 1 0.0 StmtAppend(58,44) StmtDelete(133) (stored at: variant62)
2158198 [main] ERROR clegoues.genprog4java.rep.JavaRepresentation  - org/apache/commons/math/ode/nonstiff/EmbeddedRungeKuttaIntegrator.java:361: error: cannot find symbol
    return stopTime;
           ^
  symbol:   variable stopTime
  location: class EmbeddedRungeKuttaIntegrator
1 error

2158198 [main] INFO clegoues.genprog4java.rep.CachingRepresentation  - StmtReplace(62,95) StmtAppend(132,119) at variant63 fails to compile

2158198 [main] INFO clegoues.genprog4java.fitness.Fitness  - 	 gen: 1 0.0 StmtReplace(62,95) StmtAppend(132,119) (stored at: variant63)
2158673 [main] INFO clegoues.genprog4java.fitness.Fitness  - 	 gen: 1 0.0 StmtAppend(110,8) StmtAppend(69,122) (stored at: variant64)
2159266 [main] INFO clegoues.genprog4java.fitness.Fitness  - 	 gen: 1 1.0 StmtAppend(110,8) StmtReplace(9,19) (stored at: variant65)
2255568 [main] INFO clegoues.genprog4java.fitness.Fitness  - 	 gen: 1 0.0 StmtReplace(103,95) StmtReplace(124,120) (stored at: variant66)
2256008 [main] INFO clegoues.genprog4java.fitness.Fitness  - 	 gen: 1 0.0 StmtAppend(116,73) StmtAppend(113,122) (stored at: variant67)
2352283 [main] INFO clegoues.genprog4java.fitness.Fitness  - 	 gen: 1 0.0 StmtAppend(68,29) StmtReplace(33,25) (stored at: variant68)
2352308 [main] ERROR clegoues.genprog4java.rep.JavaRepresentation  - org/apache/commons/math/ode/nonstiff/EmbeddedRungeKuttaIntegrator.java:292: error: cannot find symbol
              if (Math.abs(dt) <= Math.ulp(stepStart)) {
                           ^
  symbol:   variable dt
  location: class EmbeddedRungeKuttaIntegrator
org/apache/commons/math/ode/nonstiff/EmbeddedRungeKuttaIntegrator.java:297: error: cannot find symbol
                  hNew = dt;
                         ^
  symbol:   variable dt
  location: class EmbeddedRungeKuttaIntegrator
2 errors

2352308 [main] INFO clegoues.genprog4java.rep.CachingRepresentation  - StmtReplace(133,21) StmtDelete(98) at variant69 fails to compile

2352309 [main] INFO clegoues.genprog4java.fitness.Fitness  - 	 gen: 1 0.0 StmtReplace(133,21) StmtDelete(98) (stored at: variant69)
2544348 [main] INFO clegoues.genprog4java.fitness.Fitness  - 	 gen: 1 0.0 StmtReplace(133,21) StmtAppend(73,125) (stored at: variant70)
2544365 [main] ERROR clegoues.genprog4java.rep.JavaRepresentation  - org/apache/commons/math/ode/nonstiff/EmbeddedRungeKuttaIntegrator.java:132: error: variable prototype might not have been initialized
  }
  ^
1 error

2544366 [main] INFO clegoues.genprog4java.rep.CachingRepresentation  - StmtAppend(68,29) StmtDelete(6) at variant71 fails to compile

2544366 [main] INFO clegoues.genprog4java.fitness.Fitness  - 	 gen: 1 0.0 StmtAppend(68,29) StmtDelete(6) (stored at: variant71)
2544761 [main] INFO clegoues.genprog4java.fitness.Fitness  - 	 gen: 1 0.0 StmtReplace(125,85) StmtReplace(131,10) (stored at: variant72)
2641123 [main] INFO clegoues.genprog4java.fitness.Fitness  - 	 gen: 1 1.0 StmtReplace(125,85) StmtReplace(108,120) (stored at: variant73)
2641566 [main] INFO clegoues.genprog4java.fitness.Fitness  - 	 gen: 1 1.0 StmtReplace(62,95) StmtAppend(62,20) (stored at: variant74)
2642180 [main] INFO clegoues.genprog4java.fitness.Fitness  - 	 gen: 1 1.0 StmtReplace(50,56) StmtDelete(92) (stored at: variant75)
2642675 [main] INFO clegoues.genprog4java.fitness.Fitness  - 	 gen: 1 0.0 StmtReplace(62,95) StmtReplace(124,19) (stored at: variant76)
2643212 [main] INFO clegoues.genprog4java.fitness.Fitness  - 	 gen: 1 1.0 StmtAppend(28,46) StmtAppend(83,9) (stored at: variant77)
2643231 [main] ERROR clegoues.genprog4java.rep.JavaRepresentation  - org/apache/commons/math/ode/nonstiff/EmbeddedRungeKuttaIntegrator.java:217: error: variable interpolator might not have been initialized
    interpolator.storeTime(t0);
    ^
1 error

2643231 [main] INFO clegoues.genprog4java.rep.CachingRepresentation  - StmtReplace(133,21) StmtReplace(39,120) at variant78 fails to compile

2643231 [main] INFO clegoues.genprog4java.fitness.Fitness  - 	 gen: 1 0.0 StmtReplace(133,21) StmtReplace(39,120) (stored at: variant78)
2643863 [main] INFO clegoues.genprog4java.fitness.Fitness  - 	 gen: 1 1.0 StmtReplace(125,85) StmtAppend(108,97) (stored at: variant79)
2644355 [main] INFO clegoues.genprog4java.fitness.Fitness  - 	 gen: 1 1.0 StmtDelete(117) (stored at: variant80)
2644925 [main] INFO clegoues.genprog4java.fitness.Fitness  - 	 gen: 1 1.0 StmtAppend(86,9) (stored at: variant81)
2646581 [main] INFO clegoues.genprog4java.fitness.Fitness  - 	 gen: 1 0.0 StmtDelete(81) (stored at: variant82)
2742856 [main] INFO clegoues.genprog4java.fitness.Fitness  - 	 gen: 1 0.0 StmtDelete(25) (stored at: variant83)
2743271 [main] INFO clegoues.genprog4java.fitness.Fitness  - 	 gen: 1 1.0 StmtReplace(100,122) (stored at: variant84)
2839291 [main] INFO clegoues.genprog4java.fitness.Fitness  - 	 gen: 1 0.0 StmtDelete(33) (stored at: variant85)
2839871 [main] INFO clegoues.genprog4java.fitness.Fitness  - 	 gen: 1 0.0 StmtReplace(85,96) (stored at: variant86)
2840521 [main] INFO clegoues.genprog4java.fitness.Fitness  - 	 gen: 1 0.0 StmtAppend(124,39) (stored at: variant87)
2840543 [main] ERROR clegoues.genprog4java.rep.JavaRepresentation  - org/apache/commons/math/ode/nonstiff/EmbeddedRungeKuttaIntegrator.java:169: error: variable a might not have been initialized
  }
  ^
1 error

2840543 [main] INFO clegoues.genprog4java.rep.CachingRepresentation  - StmtReplace(15,19) at variant88 fails to compile

2840543 [main] INFO clegoues.genprog4java.fitness.Fitness  - 	 gen: 1 0.0 StmtReplace(15,19) (stored at: variant88)
2936906 [main] INFO clegoues.genprog4java.fitness.Fitness  - 	 gen: 1 0.0 StmtDelete(103) (stored at: variant89)
2936918 [main] ERROR clegoues.genprog4java.rep.JavaRepresentation  - org/apache/commons/math/ode/nonstiff/EmbeddedRungeKuttaIntegrator.java:114: error: no suitable constructor found for AdaptiveStepsizeIntegrator(no arguments)
                                         final double scalRelativeTolerance) {
                                                                             ^
    constructor AdaptiveStepsizeIntegrator.AdaptiveStepsizeIntegrator(String,double,double,double,double) is not applicable
      (actual and formal argument lists differ in length)
    constructor AdaptiveStepsizeIntegrator.AdaptiveStepsizeIntegrator(String,double,double,double[],double[]) is not applicable
      (actual and formal argument lists differ in length)
1 error

2936918 [main] INFO clegoues.genprog4java.rep.CachingRepresentation  - StmtReplace(1,19) at variant90 fails to compile

2936918 [main] INFO clegoues.genprog4java.fitness.Fitness  - 	 gen: 1 0.0 StmtReplace(1,19) (stored at: variant90)
2937337 [main] INFO clegoues.genprog4java.fitness.Fitness  - 	 gen: 1 0.0 StmtReplace(115,39) (stored at: variant91)
2937351 [main] ERROR clegoues.genprog4java.rep.JavaRepresentation  - org/apache/commons/math/ode/nonstiff/EmbeddedRungeKuttaIntegrator.java:265: error: cannot find symbol
              sum += a[k-1][l] * yDotK[l][j];
              ^
  symbol:   variable sum
  location: class EmbeddedRungeKuttaIntegrator
org/apache/commons/math/ode/nonstiff/EmbeddedRungeKuttaIntegrator.java:267: error: cannot find symbol
            yTmp[j] = y[j] + stepSize * sum;
                                        ^
  symbol:   variable sum
  location: class EmbeddedRungeKuttaIntegrator
2 errors

2937351 [main] INFO clegoues.genprog4java.rep.CachingRepresentation  - StmtReplace(79,73) at variant92 fails to compile

2937351 [main] INFO clegoues.genprog4java.fitness.Fitness  - 	 gen: 1 0.0 StmtReplace(79,73) (stored at: variant92)
2939047 [main] INFO clegoues.genprog4java.fitness.Fitness  - 	 gen: 1 0.0 StmtReplace(82,73) (stored at: variant93)
2939059 [main] ERROR clegoues.genprog4java.rep.JavaRepresentation  - org/apache/commons/math/ode/nonstiff/EmbeddedRungeKuttaIntegrator.java:251: error: variable scale might not have been initialized
          hNew = initializeStep(equations, forward, getOrder(), scale,
                                                                ^
1 error

2939059 [main] INFO clegoues.genprog4java.rep.CachingRepresentation  - StmtReplace(67,21) at variant94 fails to compile

2939059 [main] INFO clegoues.genprog4java.fitness.Fitness  - 	 gen: 1 0.0 StmtReplace(67,21) (stored at: variant94)
2939073 [main] ERROR clegoues.genprog4java.rep.JavaRepresentation  - org/apache/commons/math/ode/nonstiff/EmbeddedRungeKuttaIntegrator.java:132: error: variable exp might not have been initialized
  }
  ^
1 error

2939073 [main] INFO clegoues.genprog4java.rep.CachingRepresentation  - StmtDelete(7) at variant95 fails to compile

2939073 [main] INFO clegoues.genprog4java.fitness.Fitness  - 	 gen: 1 0.0 StmtDelete(7) (stored at: variant95)
2939088 [main] ERROR clegoues.genprog4java.rep.JavaRepresentation  - org/apache/commons/math/ode/nonstiff/EmbeddedRungeKuttaIntegrator.java:248: error: variable scale might not have been initialized
          hNew = initializeStep(equations, forward, getOrder(), scale,
                                                                ^
1 error

2939088 [main] INFO clegoues.genprog4java.rep.CachingRepresentation  - StmtDelete(66) at variant96 fails to compile

2939088 [main] INFO clegoues.genprog4java.fitness.Fitness  - 	 gen: 1 0.0 StmtDelete(66) (stored at: variant96)
2939605 [main] INFO clegoues.genprog4java.fitness.Fitness  - 	 gen: 1 0.0 StmtAppend(91,56) (stored at: variant97)
2956171 [main] INFO clegoues.genprog4java.fitness.Fitness  - 	 gen: 1 0.0 StmtReplace(120,95) (stored at: variant98)
2956188 [main] ERROR clegoues.genprog4java.rep.JavaRepresentation  - org/apache/commons/math/ode/nonstiff/EmbeddedRungeKuttaIntegrator.java:169: error: variable a might not have been initialized
  }
  ^
1 error

2956189 [main] INFO clegoues.genprog4java.rep.CachingRepresentation  - StmtReplace(15,19) at variant99 fails to compile

2956189 [main] INFO clegoues.genprog4java.fitness.Fitness  - 	 gen: 1 0.0 StmtReplace(15,19) (stored at: variant99)
2956707 [main] INFO clegoues.genprog4java.fitness.Fitness  - 	 gen: 1 0.0 StmtReplace(108,104) (stored at: variant100)
2957185 [main] INFO clegoues.genprog4java.fitness.Fitness  - 	 gen: 1 1.0 StmtAppend(112,63) (stored at: variant101)
2957185 [main] INFO clegoues.genprog4java.Search.Search  - search: generation2
2958162 [main] INFO clegoues.genprog4java.fitness.Fitness  - 	 gen: 2 1.0 StmtReplace(100,122) StmtAppend(69,97) (stored at: variant102)
2958670 [main] INFO clegoues.genprog4java.fitness.Fitness  - 	 gen: 2 1.0 StmtAppend(28,46) StmtAppend(84,19) StmtAppend(82,8) (stored at: variant103)
2958685 [main] ERROR clegoues.genprog4java.rep.JavaRepresentation  - org/apache/commons/math/ode/nonstiff/EmbeddedRungeKuttaIntegrator.java:131: error: variable fsal might not have been initialized
  }
  ^
1 error

2958685 [main] INFO clegoues.genprog4java.rep.CachingRepresentation  - StmtReplace(62,95) StmtAppend(62,20) StmtReplace(2,25) at variant104 fails to compile

2958685 [main] INFO clegoues.genprog4java.fitness.Fitness  - 	 gen: 2 0.0 StmtReplace(62,95) StmtAppend(62,20) StmtReplace(2,25) (stored at: variant104)
3054909 [main] INFO clegoues.genprog4java.fitness.Fitness  - 	 gen: 2 0.0 StmtAppend(68,29) StmtAppend(41,85) StmtAppend(93,44) (stored at: variant105)
3151209 [main] INFO clegoues.genprog4java.fitness.Fitness  - 	 gen: 2 0.0 StmtReplace(125,85) StmtAppend(108,97) StmtDelete(110) (stored at: variant106)
3151226 [main] ERROR clegoues.genprog4java.rep.JavaRepresentation  - org/apache/commons/math/ode/nonstiff/EmbeddedRungeKuttaIntegrator.java:261: error: cannot find symbol
          hNew = initializeStep(equations, forward, getOrder(), scale,
          ^
  symbol:   variable hNew
  location: class EmbeddedRungeKuttaIntegrator
org/apache/commons/math/ode/nonstiff/EmbeddedRungeKuttaIntegrator.java:266: error: cannot find symbol
        stepSize = hNew;
                   ^
  symbol:   variable hNew
  location: class EmbeddedRungeKuttaIntegrator
org/apache/commons/math/ode/nonstiff/EmbeddedRungeKuttaIntegrator.java:305: error: cannot find symbol
                  hNew = dt;
                  ^
  symbol:   variable hNew
  location: class EmbeddedRungeKuttaIntegrator
org/apache/commons/math/ode/nonstiff/EmbeddedRungeKuttaIntegrator.java:317: error: cannot find symbol
          hNew = filterStep(stepSize * factor, forward, false);
          ^
  symbol:   variable hNew
  location: class EmbeddedRungeKuttaIntegrator
org/apache/commons/math/ode/nonstiff/EmbeddedRungeKuttaIntegrator.java:357: error: cannot find symbol
        hNew = filterStep(scaledH, forward, nextIsLast);
        ^
  symbol:   variable hNew
  location: class EmbeddedRungeKuttaIntegrator
5 errors

3151226 [main] INFO clegoues.genprog4java.rep.CachingRepresentation  - StmtAppend(68,29) StmtReplace(119,29) StmtReplace(47,85) at variant107 fails to compile

3151226 [main] INFO clegoues.genprog4java.fitness.Fitness  - 	 gen: 2 0.0 StmtAppend(68,29) StmtReplace(119,29) StmtReplace(47,85) (stored at: variant107)
3151976 [main] INFO clegoues.genprog4java.fitness.Fitness  - 	 gen: 2 1.0 StmtReplace(62,95) StmtAppend(62,20) StmtAppend(111,27) (stored at: variant108)
3151993 [main] ERROR clegoues.genprog4java.rep.JavaRepresentation  - org/apache/commons/math/ode/nonstiff/EmbeddedRungeKuttaIntegrator.java:347: error: cannot find symbol
        final double  scaledH    = stepSize * factor;
                                              ^
  symbol:   variable factor
  location: class EmbeddedRungeKuttaIntegrator
1 error

3151994 [main] INFO clegoues.genprog4java.rep.CachingRepresentation  - StmtReplace(133,21) StmtAppend(62,62) StmtDelete(127) at variant109 fails to compile

3151994 [main] INFO clegoues.genprog4java.fitness.Fitness  - 	 gen: 2 0.0 StmtReplace(133,21) StmtAppend(62,62) StmtDelete(127) (stored at: variant109)
3152013 [main] ERROR clegoues.genprog4java.rep.JavaRepresentation  - org/apache/commons/math/ode/nonstiff/EmbeddedRungeKuttaIntegrator.java:353: error: cannot find symbol
        hNew = filterStep(scaledH, forward, nextIsLast);
                                            ^
  symbol:   variable nextIsLast
  location: class EmbeddedRungeKuttaIntegrator
1 error

3152013 [main] INFO clegoues.genprog4java.rep.CachingRepresentation  - StmtAppend(86,9) StmtReplace(130,44) at variant110 fails to compile

3152013 [main] INFO clegoues.genprog4java.fitness.Fitness  - 	 gen: 2 0.0 StmtAppend(86,9) StmtReplace(130,44) (stored at: variant110)
3248251 [main] INFO clegoues.genprog4java.fitness.Fitness  - 	 gen: 2 0.0 StmtReplace(125,85) StmtAppend(108,97) StmtReplace(115,125) (stored at: variant111)
3248808 [main] INFO clegoues.genprog4java.fitness.Fitness  - 	 gen: 2 1.0 StmtReplace(100,122) StmtReplace(97,138) (stored at: variant112)
3248827 [main] ERROR clegoues.genprog4java.rep.JavaRepresentation  - org/apache/commons/math/ode/nonstiff/EmbeddedRungeKuttaIntegrator.java:241: error: cannot find symbol
    while (!lastStep) {
            ^
  symbol:   variable lastStep
  location: class EmbeddedRungeKuttaIntegrator
org/apache/commons/math/ode/nonstiff/EmbeddedRungeKuttaIntegrator.java:336: error: cannot find symbol
      lastStep = manager.stop();
      ^
  symbol:   variable lastStep
  location: class EmbeddedRungeKuttaIntegrator
org/apache/commons/math/ode/nonstiff/EmbeddedRungeKuttaIntegrator.java:341: error: cannot find symbol
          handler.handleStep(interpolator, lastStep);
                                           ^
  symbol:   variable lastStep
  location: class EmbeddedRungeKuttaIntegrator
org/apache/commons/math/ode/nonstiff/EmbeddedRungeKuttaIntegrator.java:350: error: cannot find symbol
      if (manager.reset(stepStart, y) && ! lastStep) {
                                           ^
  symbol:   variable lastStep
  location: class EmbeddedRungeKuttaIntegrator
org/apache/commons/math/ode/nonstiff/EmbeddedRungeKuttaIntegrator.java:356: error: cannot find symbol
      if (! lastStep)
            ^
  symbol:   variable lastStep
  location: class EmbeddedRungeKuttaIntegrator
5 errors

3248827 [main] INFO clegoues.genprog4java.rep.CachingRepresentation  - StmtReplace(125,85) StmtAppend(108,97) StmtAppend(53,85) at variant113 fails to compile

3248827 [main] INFO clegoues.genprog4java.fitness.Fitness  - 	 gen: 2 0.0 StmtReplace(125,85) StmtAppend(108,97) StmtAppend(53,85) (stored at: variant113)
3249272 [main] INFO clegoues.genprog4java.fitness.Fitness  - 	 gen: 2 0.0 StmtAppend(28,46) StmtAppend(19,8) StmtAppend(25,19) (stored at: variant114)
3345599 [main] INFO clegoues.genprog4java.fitness.Fitness  - 	 gen: 2 0.0 StmtAppend(86,9) StmtDelete(73) (stored at: variant115)
3345612 [main] ERROR clegoues.genprog4java.rep.JavaRepresentation  - org/apache/commons/math/ode/nonstiff/EmbeddedRungeKuttaIntegrator.java:169: error: variable a might not have been initialized
  }
  ^
1 error

3345612 [main] INFO clegoues.genprog4java.rep.CachingRepresentation  - StmtAppend(68,29) StmtReplace(119,29) StmtReplace(15,25) at variant116 fails to compile

3345612 [main] INFO clegoues.genprog4java.fitness.Fitness  - 	 gen: 2 0.0 StmtAppend(68,29) StmtReplace(119,29) StmtReplace(15,25) (stored at: variant116)
3345634 [main] ERROR clegoues.genprog4java.rep.JavaRepresentation  - org/apache/commons/math/ode/nonstiff/EmbeddedRungeKuttaIntegrator.java:220: error: variable interpolator might not have been initialized
    interpolator.storeTime(t0);
    ^
1 error

3345634 [main] INFO clegoues.genprog4java.rep.CachingRepresentation  - StmtReplace(133,21) StmtAppend(93,126) StmtDelete(42) at variant117 fails to compile

3345634 [main] INFO clegoues.genprog4java.fitness.Fitness  - 	 gen: 2 0.0 StmtReplace(133,21) StmtAppend(93,126) StmtDelete(42) (stored at: variant117)
3345647 [main] ERROR clegoues.genprog4java.rep.JavaRepresentation  - org/apache/commons/math/ode/nonstiff/EmbeddedRungeKuttaIntegrator.java:216: error: variable interpolator might not have been initialized
    interpolator.storeTime(t0);
    ^
1 error

3345647 [main] INFO clegoues.genprog4java.rep.CachingRepresentation  - StmtAppend(28,46) StmtAppend(83,9) StmtReplace(38,10) at variant118 fails to compile

3345647 [main] INFO clegoues.genprog4java.fitness.Fitness  - 	 gen: 2 0.0 StmtAppend(28,46) StmtAppend(83,9) StmtReplace(38,10) (stored at: variant118)
3346213 [main] INFO clegoues.genprog4java.fitness.Fitness  - 	 gen: 2 1.0 StmtReplace(100,122) StmtReplace(117,43) (stored at: variant119)
3442414 [main] INFO clegoues.genprog4java.fitness.Fitness  - 	 gen: 2 1.0 StmtAppend(28,46) StmtAppend(84,19) StmtAppend(96,56) (stored at: variant120)
3442428 [main] ERROR clegoues.genprog4java.rep.JavaRepresentation  - org/apache/commons/math/ode/nonstiff/EmbeddedRungeKuttaIntegrator.java:131: error: variable exp might not have been initialized
  }
  ^
1 error

3442428 [main] INFO clegoues.genprog4java.rep.CachingRepresentation  - StmtAppend(28,46) StmtAppend(84,19) StmtReplace(7,8) at variant121 fails to compile

3442428 [main] INFO clegoues.genprog4java.fitness.Fitness  - 	 gen: 2 0.0 StmtAppend(28,46) StmtAppend(84,19) StmtReplace(7,8) (stored at: variant121)
