0 [main] DEBUG clegoues.genprog4java.fitness.Fitness  - parsing granularity, value: class
21 [main] DEBUG clegoues.genprog4java.fitness.Fitness  - parsing granularity, value: class
#Fri Mar 12 07:01:20 CST 2021
negativeTestWeight=2.0
classSourceFolder=/home/rtx/repair/d4j/Math/74b/target/classes
model=default
sampleStrategy=variant
srcClassPath=/home/rtx/repair/d4j/Math/74b/target/classes
sourceVersion=1.8
popsize=40
regenPaths=false
posCoverageFile=coverage.path.pos
continue=false
edits=APPEND;DELETE;REPLACE
negCoverageFile=coverage.path.neg
workingDir=/home/rtx/repair/d4j/Math/74b/
clearTestCache=false
skipFailedSanity=false
sample=0.1 
oracleGenome=
testGranularity=class
justTestingFaultLoc=false
faultLocStrategy=standardPathFile
crossp=0.5
pMutation=1
generations=10
positiveTests=/home/rtx/repair/d4j/Math/74b/pos.tests
javaVM=/home/rtx/java/jdk1.8.0_271/jre/bin/java
seed=0
negativePathWeight=0.35
compileCommand=
fixStrategy=classScope
allowCoverageFail=false
targetClassName=/home/rtx/repair/d4j/Math/74b/bugfiles.txt
javaRuntime=java.lang.Runtime@6576fe71
classTestFolder=
modelPath=OVERALLModel.txt
sanity=yes
positivePathWeight=0.65
jacocoPath=/home/rtx/eclipse-workspace/genprog4java/lib/jacocoagent.jar
negativeTests=/home/rtx/repair/d4j/Math/74b/neg.tests
pathToFileHumanInjectedFaultLoc=fileHumanInjectedFaultLoc.txt
outputDir=/home/rtx/repair/d4j/Math/74b/genprog4java/variantSeed0/
testClassPath=/home/rtx/repair/d4j/Math/74b/target/classes\:/home/rtx/repair/d4j/Math/74b/target/test-classes\:/home/rtx/repair/defects4j/framework/projects/lib/junit-4.11.jar\:/home/rtx/repair/d4j/Math/74b/lib/junit-4.4.jar
faultStrategy=classScope
sourceDir=src/main/java
checkSpace=false
search=gp
globalExtension=.java
faultSpaceSubSet=1/5
maxVariants=50
libs=/home/rtx/eclipse-workspace/genprog4java/lib/junittestrunner.jar\:/home/rtx/eclipse-workspace/genprog4java/lib/commons-cli-20040117.000000.jar\:/home/rtx/eclipse-workspace/genprog4java/lib/junit-4.12.jar\:/home/rtx/eclipse-workspace/genprog4java/lib/hamcrest-core-1.3.jar\:/home/rtx/eclipse-workspace/genprog4java/lib/log4j-1.2.17.jar\:/home/rtx/repair/d4j/Math/74b/target/classes\:/home/rtx/repair/d4j/Math/74b/target/test-classes\:/home/rtx/repair/defects4j/framework/projects/lib/junit-4.11.jar\:/home/rtx/repair/d4j/Math/74b/lib/junit-4.4.jar\:/home/rtx/repair/d4j/Math/74b/target/classes
crossover=onepoint
108 [main] INFO clegoues.genprog4java.main.Main  - Configuration file loaded
20326 [main] INFO clegoues.genprog4java.rep.CachingRepresentation  - loaded from source clegoues.genprog4java.java.ClassInfo@7f18d44c
20328 [main] INFO clegoues.genprog4java.rep.CachingRepresentation  - sanity checking begins
21023 [main] INFO clegoues.genprog4java.rep.CachingRepresentation  - Checking test number 1 out of 10
21477 [main] INFO clegoues.genprog4java.rep.CachingRepresentation  - true (1)

21478 [main] INFO clegoues.genprog4java.rep.CachingRepresentation  - Checking test number 2 out of 10
22147 [main] INFO clegoues.genprog4java.rep.CachingRepresentation  - true (1)

22147 [main] INFO clegoues.genprog4java.rep.CachingRepresentation  - Checking test number 3 out of 10
22385 [main] INFO clegoues.genprog4java.rep.CachingRepresentation  - true (1)

22385 [main] INFO clegoues.genprog4java.rep.CachingRepresentation  - Checking test number 4 out of 10
22737 [main] INFO clegoues.genprog4java.rep.CachingRepresentation  - true (1)

22738 [main] INFO clegoues.genprog4java.rep.CachingRepresentation  - Checking test number 5 out of 10
22969 [main] INFO clegoues.genprog4java.rep.CachingRepresentation  - true (1)

22969 [main] INFO clegoues.genprog4java.rep.CachingRepresentation  - Checking test number 6 out of 10
23265 [main] INFO clegoues.genprog4java.rep.CachingRepresentation  - true (1)

23265 [main] INFO clegoues.genprog4java.rep.CachingRepresentation  - Checking test number 7 out of 10
23499 [main] INFO clegoues.genprog4java.rep.CachingRepresentation  - true (1)

23499 [main] INFO clegoues.genprog4java.rep.CachingRepresentation  - Checking test number 8 out of 10
23816 [main] INFO clegoues.genprog4java.rep.CachingRepresentation  - true (1)

23816 [main] INFO clegoues.genprog4java.rep.CachingRepresentation  - Checking test number 9 out of 10
24283 [main] INFO clegoues.genprog4java.rep.CachingRepresentation  - true (1)

24284 [main] INFO clegoues.genprog4java.rep.CachingRepresentation  - Checking test number 10 out of 10
24514 [main] INFO clegoues.genprog4java.rep.CachingRepresentation  - true (1)

24515 [main] INFO clegoues.genprog4java.rep.CachingRepresentation  - 	n1: 
24901 [main] INFO clegoues.genprog4java.rep.CachingRepresentation  - false (0)

24902 [main] INFO clegoues.genprog4java.rep.CachingRepresentation  - sanity checking completed (time taken = 4573)
24902 [main] INFO clegoues.genprog4java.localization.DefaultLocalization  - Start Fault Localization
25083 [main] INFO clegoues.genprog4java.localization.DefaultLocalization  - org.apache.commons.math.ode.ContinuousOutputModelTest
25723 [main] INFO clegoues.genprog4java.localization.DefaultLocalization  - org.apache.commons.math.ode.nonstiff.AdamsBashforthIntegratorTest
27145 [main] INFO clegoues.genprog4java.localization.DefaultLocalization  - org.apache.commons.math.ode.nonstiff.DormandPrince54IntegratorTest
27564 [main] INFO clegoues.genprog4java.localization.DefaultLocalization  - org.apache.commons.math.ode.nonstiff.DormandPrince54StepInterpolatorTest
28047 [main] INFO clegoues.genprog4java.localization.DefaultLocalization  - org.apache.commons.math.ode.nonstiff.DormandPrince853IntegratorTest
28478 [main] INFO clegoues.genprog4java.localization.DefaultLocalization  - org.apache.commons.math.ode.nonstiff.DormandPrince853StepInterpolatorTest
29020 [main] INFO clegoues.genprog4java.localization.DefaultLocalization  - org.apache.commons.math.ode.nonstiff.HighamHall54IntegratorTest
29440 [main] INFO clegoues.genprog4java.localization.DefaultLocalization  - org.apache.commons.math.ode.nonstiff.HighamHall54StepInterpolatorTest
29951 [main] INFO clegoues.genprog4java.localization.DefaultLocalization  - org.apache.commons.math.ode.sampling.NordsieckStepInterpolatorTest
30546 [main] INFO clegoues.genprog4java.localization.DefaultLocalization  - org.apache.commons.math.ode.sampling.StepNormalizerTest
30924 [main] INFO clegoues.genprog4java.localization.DefaultLocalization  - org.apache.commons.math.ode.nonstiff.AdamsMoultonIntegratorTest
31513 [main] INFO clegoues.genprog4java.localization.DefaultLocalization  - Finish Fault Localization
31514 [main] INFO clegoues.genprog4java.Search.Search  - search: genetic algorithm begins

32278 [main] INFO clegoues.genprog4java.fitness.Fitness  - 	 gen: 0 1.0 original (stored at: variant0)
32984 [main] INFO clegoues.genprog4java.fitness.Fitness  - 	 gen: 0 0.0 StmtAppend(103,33) (stored at: variant1)
33582 [main] INFO clegoues.genprog4java.fitness.Fitness  - 	 gen: 0 0.0 StmtDelete(78) (stored at: variant2)
225645 [main] INFO clegoues.genprog4java.fitness.Fitness  - 	 gen: 0 0.0 StmtReplace(55,114) (stored at: variant3)
226139 [main] INFO clegoues.genprog4java.fitness.Fitness  - 	 gen: 0 0.0 StmtAppend(131,29) (stored at: variant4)
226609 [main] INFO clegoues.genprog4java.fitness.Fitness  - 	 gen: 0 1.0 StmtAppend(20,9) (stored at: variant5)
226664 [main] ERROR clegoues.genprog4java.rep.JavaRepresentation  - org/apache/commons/math/ode/nonstiff/EmbeddedRungeKuttaIntegrator.java:170: error: variable a might not have been initialized
  }
  ^
1 error

226664 [main] INFO clegoues.genprog4java.rep.CachingRepresentation  - StmtDelete(15) at variant6 fails to compile

226664 [main] INFO clegoues.genprog4java.fitness.Fitness  - 	 gen: 0 0.0 StmtDelete(15) (stored at: variant6)
227320 [main] INFO clegoues.genprog4java.fitness.Fitness  - 	 gen: 0 1.0 StmtReplace(110,142) (stored at: variant7)
227837 [main] INFO clegoues.genprog4java.fitness.Fitness  - 	 gen: 0 1.0 StmtReplace(105,93) (stored at: variant8)
228580 [main] INFO clegoues.genprog4java.fitness.Fitness  - 	 gen: 0 1.0 StmtDelete(118) (stored at: variant9)
229093 [main] INFO clegoues.genprog4java.fitness.Fitness  - 	 gen: 0 1.0 StmtAppend(19,142) (stored at: variant10)
229739 [main] INFO clegoues.genprog4java.fitness.Fitness  - 	 gen: 0 1.0 StmtReplace(100,34) (stored at: variant11)
230430 [main] INFO clegoues.genprog4java.fitness.Fitness  - 	 gen: 0 1.0 StmtAppend(66,21) (stored at: variant12)
231255 [main] INFO clegoues.genprog4java.fitness.Fitness  - 	 gen: 0 1.0 StmtDelete(50) (stored at: variant13)
231835 [main] INFO clegoues.genprog4java.fitness.Fitness  - 	 gen: 0 1.0 StmtDelete(121) (stored at: variant14)
328157 [main] INFO clegoues.genprog4java.fitness.Fitness  - 	 gen: 0 0.0 StmtReplace(32,8) (stored at: variant15)
520196 [main] INFO clegoues.genprog4java.fitness.Fitness  - 	 gen: 0 0.0 StmtReplace(96,62) (stored at: variant16)
616480 [main] INFO clegoues.genprog4java.fitness.Fitness  - 	 gen: 0 0.0 StmtReplace(32,138) (stored at: variant17)
616524 [main] ERROR clegoues.genprog4java.rep.JavaRepresentation  - org/apache/commons/math/ode/nonstiff/EmbeddedRungeKuttaIntegrator.java:132: error: variable fsal might not have been initialized
  }
  ^
1 error

616524 [main] INFO clegoues.genprog4java.rep.CachingRepresentation  - StmtDelete(2) at variant18 fails to compile

616524 [main] INFO clegoues.genprog4java.fitness.Fitness  - 	 gen: 0 0.0 StmtDelete(2) (stored at: variant18)
684613 [main] INFO clegoues.genprog4java.fitness.Fitness  - 	 gen: 0 0.0 StmtReplace(111,95) (stored at: variant19)
781004 [main] INFO clegoues.genprog4java.fitness.Fitness  - 	 gen: 0 0.0 StmtReplace(25,21) (stored at: variant20)
973052 [main] INFO clegoues.genprog4java.fitness.Fitness  - 	 gen: 0 0.0 StmtReplace(94,122) (stored at: variant21)
973070 [main] ERROR clegoues.genprog4java.rep.JavaRepresentation  - org/apache/commons/math/ode/nonstiff/EmbeddedRungeKuttaIntegrator.java:247: error: variable scale might not have been initialized
          hNew = initializeStep(equations, forward, getOrder(), scale,
                                                                ^
1 error

973070 [main] INFO clegoues.genprog4java.rep.CachingRepresentation  - StmtReplace(66,8) at variant22 fails to compile

973070 [main] INFO clegoues.genprog4java.fitness.Fitness  - 	 gen: 0 0.0 StmtReplace(66,8) (stored at: variant22)
973566 [main] INFO clegoues.genprog4java.fitness.Fitness  - 	 gen: 0 1.0 StmtAppend(51,21) (stored at: variant23)
973587 [main] ERROR clegoues.genprog4java.rep.JavaRepresentation  - org/apache/commons/math/ode/nonstiff/EmbeddedRungeKuttaIntegrator.java:132: error: variable a might not have been initialized
  }
  ^
1 error

973587 [main] INFO clegoues.genprog4java.rep.CachingRepresentation  - StmtDelete(4) at variant24 fails to compile

973588 [main] INFO clegoues.genprog4java.fitness.Fitness  - 	 gen: 0 0.0 StmtDelete(4) (stored at: variant24)
973616 [main] ERROR clegoues.genprog4java.rep.JavaRepresentation  - org/apache/commons/math/ode/nonstiff/EmbeddedRungeKuttaIntegrator.java:316: error: cannot find symbol
      manager.stepAccepted(nextStep, y);
                           ^
  symbol:   variable nextStep
  location: class EmbeddedRungeKuttaIntegrator
org/apache/commons/math/ode/nonstiff/EmbeddedRungeKuttaIntegrator.java:320: error: cannot find symbol
      interpolator.storeTime(nextStep);
                             ^
  symbol:   variable nextStep
  location: class EmbeddedRungeKuttaIntegrator
org/apache/commons/math/ode/nonstiff/EmbeddedRungeKuttaIntegrator.java:324: error: cannot find symbol
      stepStart = nextStep;
                  ^
  symbol:   variable nextStep
  location: class EmbeddedRungeKuttaIntegrator
3 errors

973616 [main] INFO clegoues.genprog4java.rep.CachingRepresentation  - StmtDelete(109) at variant25 fails to compile

973616 [main] INFO clegoues.genprog4java.fitness.Fitness  - 	 gen: 0 0.0 StmtDelete(109) (stored at: variant25)
1165659 [main] INFO clegoues.genprog4java.fitness.Fitness  - 	 gen: 0 0.0 StmtReplace(45,19) (stored at: variant26)
1165675 [main] ERROR clegoues.genprog4java.rep.JavaRepresentation  - org/apache/commons/math/ode/nonstiff/EmbeddedRungeKuttaIntegrator.java:132: error: variable fsal might not have been initialized
  }
  ^
1 error

1165675 [main] INFO clegoues.genprog4java.rep.CachingRepresentation  - StmtDelete(2) at variant27 fails to compile

1165675 [main] INFO clegoues.genprog4java.fitness.Fitness  - 	 gen: 0 0.0 StmtDelete(2) (stored at: variant27)
1166372 [main] INFO clegoues.genprog4java.fitness.Fitness  - 	 gen: 0 1.0 StmtAppend(119,74) (stored at: variant28)
1166943 [main] INFO clegoues.genprog4java.fitness.Fitness  - 	 gen: 0 0.0 StmtReplace(76,74) (stored at: variant29)
1167486 [main] INFO clegoues.genprog4java.fitness.Fitness  - 	 gen: 0 1.0 StmtDelete(122) (stored at: variant30)
1167509 [main] ERROR clegoues.genprog4java.rep.JavaRepresentation  - org/apache/commons/math/ode/nonstiff/EmbeddedRungeKuttaIntegrator.java:132: error: variable prototype might not have been initialized
  }
  ^
1 error

1167510 [main] INFO clegoues.genprog4java.rep.CachingRepresentation  - StmtDelete(6) at variant31 fails to compile

1167510 [main] INFO clegoues.genprog4java.fitness.Fitness  - 	 gen: 0 0.0 StmtDelete(6) (stored at: variant31)
1359551 [main] INFO clegoues.genprog4java.fitness.Fitness  - 	 gen: 0 0.0 StmtDelete(72) (stored at: variant32)
1359598 [main] ERROR clegoues.genprog4java.rep.JavaRepresentation  - org/apache/commons/math/ode/nonstiff/EmbeddedRungeKuttaIntegrator.java:257: error: variable scale might not have been initialized
              java.util.Arrays.fill(scale, scalAbsoluteTolerance);
                                    ^
1 error

1359598 [main] INFO clegoues.genprog4java.rep.CachingRepresentation  - StmtReplace(68,96) at variant33 fails to compile

1359598 [main] INFO clegoues.genprog4java.fitness.Fitness  - 	 gen: 0 0.0 StmtReplace(68,96) (stored at: variant33)
1359622 [main] ERROR clegoues.genprog4java.rep.JavaRepresentation  - org/apache/commons/math/ode/nonstiff/EmbeddedRungeKuttaIntegrator.java:131: error: variable fsal might not have been initialized
  }
  ^
1 error

1359622 [main] INFO clegoues.genprog4java.rep.CachingRepresentation  - StmtReplace(2,21) at variant34 fails to compile

1359622 [main] INFO clegoues.genprog4java.fitness.Fitness  - 	 gen: 0 0.0 StmtReplace(2,21) (stored at: variant34)
1360237 [main] INFO clegoues.genprog4java.fitness.Fitness  - 	 gen: 0 0.0 StmtAppend(85,104) (stored at: variant35)
1360257 [main] ERROR clegoues.genprog4java.rep.JavaRepresentation  - org/apache/commons/math/ode/nonstiff/EmbeddedRungeKuttaIntegrator.java:347: error: cannot find symbol
        final double  scaledH    = stepSize * factor;
                                              ^
  symbol:   variable factor
  location: class EmbeddedRungeKuttaIntegrator
1 error

1360257 [main] INFO clegoues.genprog4java.rep.CachingRepresentation  - StmtAppend(127,8) at variant36 fails to compile

1360257 [main] INFO clegoues.genprog4java.fitness.Fitness  - 	 gen: 0 0.0 StmtAppend(127,8) (stored at: variant36)
1360286 [main] ERROR clegoues.genprog4java.rep.JavaRepresentation  - org/apache/commons/math/ode/nonstiff/EmbeddedRungeKuttaIntegrator.java:226: error: variable interpolator might not have been initialized
    interpolator.storeTime(t0);
    ^
1 error

1360287 [main] INFO clegoues.genprog4java.rep.CachingRepresentation  - StmtReplace(39,75) at variant37 fails to compile

1360287 [main] INFO clegoues.genprog4java.fitness.Fitness  - 	 gen: 0 0.0 StmtReplace(39,75) (stored at: variant37)
1360770 [main] INFO clegoues.genprog4java.fitness.Fitness  - 	 gen: 0 1.0 StmtReplace(60,119) (stored at: variant38)
1361268 [main] INFO clegoues.genprog4java.fitness.Fitness  - 	 gen: 0 1.0 StmtReplace(51,60) (stored at: variant39)
1361268 [main] INFO clegoues.genprog4java.Search.Search  - search: generation1
1362088 [main] INFO clegoues.genprog4java.fitness.Fitness  - 	 gen: 1 1.0 StmtReplace(51,60) StmtAppend(43,123) (stored at: variant40)
1362719 [main] INFO clegoues.genprog4java.fitness.Fitness  - 	 gen: 1 1.0 StmtDelete(122) StmtAppend(83,104) (stored at: variant41)
1362738 [main] ERROR clegoues.genprog4java.rep.JavaRepresentation  - org/apache/commons/math/ode/nonstiff/EmbeddedRungeKuttaIntegrator.java:253: error: variable scale might not have been initialized
          hNew = initializeStep(equations, forward, getOrder(), scale,
                                                                ^
1 error

1362738 [main] INFO clegoues.genprog4java.rep.CachingRepresentation  - StmtDelete(122) StmtDelete(71) at variant42 fails to compile

1362738 [main] INFO clegoues.genprog4java.fitness.Fitness  - 	 gen: 1 0.0 StmtDelete(122) StmtDelete(71) (stored at: variant42)
1363834 [main] INFO clegoues.genprog4java.fitness.Fitness  - 	 gen: 1 0.0 StmtReplace(51,60) StmtReplace(83,104) (stored at: variant43)
1364359 [main] INFO clegoues.genprog4java.fitness.Fitness  - 	 gen: 1 1.0 StmtReplace(105,93) StmtAppend(8,133) (stored at: variant44)
1364962 [main] INFO clegoues.genprog4java.fitness.Fitness  - 	 gen: 1 1.0 StmtDelete(50) StmtReplace(91,123) (stored at: variant45)
1364986 [main] ERROR clegoues.genprog4java.rep.JavaRepresentation  - org/apache/commons/math/ode/nonstiff/EmbeddedRungeKuttaIntegrator.java:361: error: cannot find symbol
    return stopTime;
           ^
  symbol:   variable stopTime
  location: class EmbeddedRungeKuttaIntegrator
1 error

1364986 [main] INFO clegoues.genprog4java.rep.CachingRepresentation  - StmtAppend(20,9) StmtDelete(132) at variant46 fails to compile

1364986 [main] INFO clegoues.genprog4java.fitness.Fitness  - 	 gen: 1 0.0 StmtAppend(20,9) StmtDelete(132) (stored at: variant46)
1365543 [main] INFO clegoues.genprog4java.fitness.Fitness  - 	 gen: 1 1.0 StmtDelete(50) StmtAppend(4,10) (stored at: variant47)
1366135 [main] INFO clegoues.genprog4java.fitness.Fitness  - 	 gen: 1 0.0 StmtAppend(66,21) StmtReplace(131,43) (stored at: variant48)
1366733 [main] INFO clegoues.genprog4java.fitness.Fitness  - 	 gen: 1 1.0 StmtDelete(121) StmtAppend(133,56) (stored at: variant49)
1370870 [main] INFO clegoues.genprog4java.fitness.Fitness  - 	 gen: 1 0.0 StmtAppend(20,9) StmtReplace(88,100) (stored at: variant50)
1371312 [main] INFO clegoues.genprog4java.fitness.Fitness  - 	 gen: 1 1.0 StmtAppend(66,21) StmtDelete(21) (stored at: variant51)
1563342 [main] INFO clegoues.genprog4java.fitness.Fitness  - 	 gen: 1 0.0 StmtReplace(100,34) StmtDelete(93) (stored at: variant52)
1563814 [main] INFO clegoues.genprog4java.fitness.Fitness  - 	 gen: 1 0.0 StmtAppend(119,74) StmtAppend(81,120) (stored at: variant53)
1563834 [main] ERROR clegoues.genprog4java.rep.JavaRepresentation  - org/apache/commons/math/ode/nonstiff/EmbeddedRungeKuttaIntegrator.java:221: error: variable interpolator might not have been initialized
    interpolator.storeTime(t0);
    ^
1 error

1563834 [main] INFO clegoues.genprog4java.rep.CachingRepresentation  - StmtAppend(20,9) StmtReplace(43,21) at variant54 fails to compile

1563834 [main] INFO clegoues.genprog4java.fitness.Fitness  - 	 gen: 1 0.0 StmtAppend(20,9) StmtReplace(43,21) (stored at: variant54)
1563855 [main] ERROR clegoues.genprog4java.rep.JavaRepresentation  - org/apache/commons/math/ode/nonstiff/EmbeddedRungeKuttaIntegrator.java:315: error: cannot find symbol
      manager.stepAccepted(nextStep, y);
                           ^
  symbol:   variable nextStep
  location: class EmbeddedRungeKuttaIntegrator
org/apache/commons/math/ode/nonstiff/EmbeddedRungeKuttaIntegrator.java:319: error: cannot find symbol
      interpolator.storeTime(nextStep);
                             ^
  symbol:   variable nextStep
  location: class EmbeddedRungeKuttaIntegrator
org/apache/commons/math/ode/nonstiff/EmbeddedRungeKuttaIntegrator.java:323: error: cannot find symbol
      stepStart = nextStep;
                  ^
  symbol:   variable nextStep
  location: class EmbeddedRungeKuttaIntegrator
3 errors

1563855 [main] INFO clegoues.genprog4java.rep.CachingRepresentation  - StmtReplace(100,34) StmtDelete(109) at variant55 fails to compile

1563855 [main] INFO clegoues.genprog4java.fitness.Fitness  - 	 gen: 1 0.0 StmtReplace(100,34) StmtDelete(109) (stored at: variant55)
1564302 [main] INFO clegoues.genprog4java.fitness.Fitness  - 	 gen: 1 1.0 StmtReplace(60,119) StmtAppend(83,27) (stored at: variant56)
1564326 [main] ERROR clegoues.genprog4java.rep.JavaRepresentation  - org/apache/commons/math/ode/nonstiff/EmbeddedRungeKuttaIntegrator.java:152: error: no suitable constructor found for AdaptiveStepsizeIntegrator(no arguments)
                                         final double[] vecRelativeTolerance) {
                                                                              ^
    constructor AdaptiveStepsizeIntegrator.AdaptiveStepsizeIntegrator(String,double,double,double,double) is not applicable
      (actual and formal argument lists differ in length)
    constructor AdaptiveStepsizeIntegrator.AdaptiveStepsizeIntegrator(String,double,double,double[],double[]) is not applicable
      (actual and formal argument lists differ in length)
1 error

1564326 [main] INFO clegoues.genprog4java.rep.CachingRepresentation  - StmtAppend(119,74) StmtReplace(12,29) at variant57 fails to compile

1564326 [main] INFO clegoues.genprog4java.fitness.Fitness  - 	 gen: 1 0.0 StmtAppend(119,74) StmtReplace(12,29) (stored at: variant57)
1564352 [main] ERROR clegoues.genprog4java.rep.JavaRepresentation  - org/apache/commons/math/ode/nonstiff/EmbeddedRungeKuttaIntegrator.java:218: error: variable interpolator might not have been initialized
    interpolator.storeTime(t0);
    ^
1 error

1564352 [main] INFO clegoues.genprog4java.rep.CachingRepresentation  - StmtAppend(66,21) StmtDelete(43) at variant58 fails to compile

1564352 [main] INFO clegoues.genprog4java.fitness.Fitness  - 	 gen: 1 0.0 StmtAppend(66,21) StmtDelete(43) (stored at: variant58)
1564872 [main] INFO clegoues.genprog4java.fitness.Fitness  - 	 gen: 1 0.0 StmtReplace(60,119) StmtDelete(133) (stored at: variant59)
1661179 [main] INFO clegoues.genprog4java.fitness.Fitness  - 	 gen: 1 0.0 StmtReplace(51,60) StmtDelete(62) (stored at: variant60)
1853209 [main] INFO clegoues.genprog4java.fitness.Fitness  - 	 gen: 1 0.0 StmtAppend(19,142) StmtReplace(105,28) (stored at: variant61)
1853228 [main] ERROR clegoues.genprog4java.rep.JavaRepresentation  - org/apache/commons/math/ode/nonstiff/EmbeddedRungeKuttaIntegrator.java:305: error: cannot find symbol
          hNew = filterStep(stepSize * factor, forward, false);
                                       ^
  symbol:   variable factor
  location: class EmbeddedRungeKuttaIntegrator
1 error

1853228 [main] INFO clegoues.genprog4java.rep.CachingRepresentation  - StmtReplace(100,34) StmtDelete(107) at variant62 fails to compile

1853228 [main] INFO clegoues.genprog4java.fitness.Fitness  - 	 gen: 1 0.0 StmtReplace(100,34) StmtDelete(107) (stored at: variant62)
1853737 [main] INFO clegoues.genprog4java.fitness.Fitness  - 	 gen: 1 1.0 StmtAppend(66,21) StmtAppend(45,85) (stored at: variant63)
2045784 [main] INFO clegoues.genprog4java.fitness.Fitness  - 	 gen: 1 0.0 StmtReplace(110,142) StmtDelete(94) (stored at: variant64)
2142048 [main] INFO clegoues.genprog4java.fitness.Fitness  - 	 gen: 1 0.0 StmtDelete(118) StmtReplace(85,75) (stored at: variant65)
2142064 [main] ERROR clegoues.genprog4java.rep.JavaRepresentation  - org/apache/commons/math/ode/nonstiff/EmbeddedRungeKuttaIntegrator.java:222: error: variable interpolator might not have been initialized
    interpolator.storeTime(t0);
    ^
1 error

2142064 [main] INFO clegoues.genprog4java.rep.CachingRepresentation  - StmtAppend(19,142) StmtDelete(42) at variant66 fails to compile

2142064 [main] INFO clegoues.genprog4java.fitness.Fitness  - 	 gen: 1 0.0 StmtAppend(19,142) StmtDelete(42) (stored at: variant66)
2238335 [main] INFO clegoues.genprog4java.fitness.Fitness  - 	 gen: 1 0.0 StmtDelete(118) StmtReplace(29,49) (stored at: variant67)
2238351 [main] ERROR clegoues.genprog4java.rep.JavaRepresentation  - org/apache/commons/math/ode/nonstiff/EmbeddedRungeKuttaIntegrator.java:152: error: no suitable constructor found for AdaptiveStepsizeIntegrator(no arguments)
                                         final double[] vecRelativeTolerance) {
                                                                              ^
    constructor AdaptiveStepsizeIntegrator.AdaptiveStepsizeIntegrator(String,double,double,double,double) is not applicable
      (actual and formal argument lists differ in length)
    constructor AdaptiveStepsizeIntegrator.AdaptiveStepsizeIntegrator(String,double,double,double[],double[]) is not applicable
      (actual and formal argument lists differ in length)
org/apache/commons/math/ode/nonstiff/EmbeddedRungeKuttaIntegrator.java:155: error: call to super must be first statement in constructor
		super(name, minStep, maxStep, vecAbsoluteTolerance, vecRelativeTolerance);
		     ^
2 errors

2238351 [main] INFO clegoues.genprog4java.rep.CachingRepresentation  - StmtDelete(50) StmtAppend(12,20) at variant68 fails to compile

2238351 [main] INFO clegoues.genprog4java.fitness.Fitness  - 	 gen: 1 0.0 StmtDelete(50) StmtAppend(12,20) (stored at: variant68)
2238952 [main] INFO clegoues.genprog4java.fitness.Fitness  - 	 gen: 1 1.0 StmtAppend(66,21) StmtAppend(56,126) (stored at: variant69)
2239545 [main] INFO clegoues.genprog4java.fitness.Fitness  - 	 gen: 1 1.0 StmtReplace(105,93) StmtAppend(100,126) (stored at: variant70)
2335833 [main] INFO clegoues.genprog4java.fitness.Fitness  - 	 gen: 1 0.0 StmtAppend(20,9) StmtDelete(75) (stored at: variant71)
2335866 [main] ERROR clegoues.genprog4java.rep.JavaRepresentation  - org/apache/commons/math/ode/nonstiff/EmbeddedRungeKuttaIntegrator.java:215: error: cannot find symbol
      rki.reinitialize(this, yTmp, yDotK, forward);
                             ^
  symbol:   variable yTmp
  location: class EmbeddedRungeKuttaIntegrator
org/apache/commons/math/ode/nonstiff/EmbeddedRungeKuttaIntegrator.java:218: error: cannot find symbol
      interpolator = new DummyStepInterpolator(yTmp, forward);
                                               ^
  symbol:   variable yTmp
  location: class EmbeddedRungeKuttaIntegrator
org/apache/commons/math/ode/nonstiff/EmbeddedRungeKuttaIntegrator.java:254: error: cannot find symbol
                                stepStart, y, yDotK[0], yTmp, yDotK[1]);
                                                        ^
  symbol:   variable yTmp
  location: class EmbeddedRungeKuttaIntegrator
org/apache/commons/math/ode/nonstiff/EmbeddedRungeKuttaIntegrator.java:268: error: cannot find symbol
            yTmp[j] = y[j] + stepSize * sum;
            ^
  symbol:   variable yTmp
  location: class EmbeddedRungeKuttaIntegrator
org/apache/commons/math/ode/nonstiff/EmbeddedRungeKuttaIntegrator.java:271: error: cannot find symbol
          computeDerivatives(stepStart + c[k-1] * stepSize, yTmp, yDotK[k]);
                                                            ^
  symbol:   variable yTmp
  location: class EmbeddedRungeKuttaIntegrator
org/apache/commons/math/ode/nonstiff/EmbeddedRungeKuttaIntegrator.java:281: error: cannot find symbol
          yTmp[j] = y[j] + stepSize * sum;
          ^
  symbol:   variable yTmp
  location: class EmbeddedRungeKuttaIntegrator
org/apache/commons/math/ode/nonstiff/EmbeddedRungeKuttaIntegrator.java:285: error: cannot find symbol
        error = estimateError(yDotK, y, yTmp, stepSize);
                                        ^
  symbol:   variable yTmp
  location: class EmbeddedRungeKuttaIntegrator
org/apache/commons/math/ode/nonstiff/EmbeddedRungeKuttaIntegrator.java:330: error: cannot find symbol
      System.arraycopy(yTmp, 0, y, 0, y0.length);
                       ^
  symbol:   variable yTmp
  location: class EmbeddedRungeKuttaIntegrator
8 errors

2335866 [main] INFO clegoues.genprog4java.rep.CachingRepresentation  - StmtReplace(105,93) StmtDelete(36) at variant72 fails to compile

2335866 [main] INFO clegoues.genprog4java.fitness.Fitness  - 	 gen: 1 0.0 StmtReplace(105,93) StmtDelete(36) (stored at: variant72)
2336568 [main] INFO clegoues.genprog4java.fitness.Fitness  - 	 gen: 1 1.0 StmtAppend(105,60) (stored at: variant73)
2337227 [main] INFO clegoues.genprog4java.fitness.Fitness  - 	 gen: 1 1.0 StmtDelete(122) StmtAppend(29,138) (stored at: variant74)
2337250 [main] ERROR clegoues.genprog4java.rep.JavaRepresentation  - org/apache/commons/math/ode/nonstiff/EmbeddedRungeKuttaIntegrator.java:247: error: variable scale might not have been initialized
              java.util.Arrays.fill(scale, scalAbsoluteTolerance);
                                    ^
1 error

2337250 [main] INFO clegoues.genprog4java.rep.CachingRepresentation  - StmtReplace(60,119) StmtReplace(68,123) at variant75 fails to compile

2337250 [main] INFO clegoues.genprog4java.fitness.Fitness  - 	 gen: 1 0.0 StmtReplace(60,119) StmtReplace(68,123) (stored at: variant75)
2529320 [main] INFO clegoues.genprog4java.fitness.Fitness  - 	 gen: 1 0.0 StmtDelete(118) StmtReplace(46,19) (stored at: variant76)
2721380 [main] INFO clegoues.genprog4java.fitness.Fitness  - 	 gen: 1 0.0 StmtDelete(118) StmtDelete(45) (stored at: variant77)
2797549 [main] INFO clegoues.genprog4java.fitness.Fitness  - 	 gen: 1 0.0 StmtDelete(118) StmtAppend(82,60) (stored at: variant78)
2819178 [main] INFO clegoues.genprog4java.fitness.Fitness  - 	 gen: 1 0.0 StmtDelete(118) StmtReplace(83,63) (stored at: variant79)
2866812 [main] INFO clegoues.genprog4java.fitness.Fitness  - 	 gen: 1 0.0 StmtDelete(119) (stored at: variant80)
2867648 [main] INFO clegoues.genprog4java.fitness.Fitness  - 	 gen: 1 1.0 StmtDelete(8) (stored at: variant81)
2868174 [main] INFO clegoues.genprog4java.fitness.Fitness  - 	 gen: 1 0.0 StmtDelete(27) (stored at: variant82)
2868194 [main] ERROR clegoues.genprog4java.rep.JavaRepresentation  - org/apache/commons/math/ode/nonstiff/EmbeddedRungeKuttaIntegrator.java:214: error: cannot find symbol
      rki.reinitialize(this, yTmp, yDotK, forward);
                             ^
  symbol:   variable yTmp
  location: class EmbeddedRungeKuttaIntegrator
org/apache/commons/math/ode/nonstiff/EmbeddedRungeKuttaIntegrator.java:217: error: cannot find symbol
      interpolator = new DummyStepInterpolator(yTmp, forward);
                                               ^
  symbol:   variable yTmp
  location: class EmbeddedRungeKuttaIntegrator
org/apache/commons/math/ode/nonstiff/EmbeddedRungeKuttaIntegrator.java:253: error: cannot find symbol
                                stepStart, y, yDotK[0], yTmp, yDotK[1]);
                                                        ^
  symbol:   variable yTmp
  location: class EmbeddedRungeKuttaIntegrator
org/apache/commons/math/ode/nonstiff/EmbeddedRungeKuttaIntegrator.java:267: error: cannot find symbol
            yTmp[j] = y[j] + stepSize * sum;
            ^
  symbol:   variable yTmp
  location: class EmbeddedRungeKuttaIntegrator
org/apache/commons/math/ode/nonstiff/EmbeddedRungeKuttaIntegrator.java:270: error: cannot find symbol
          computeDerivatives(stepStart + c[k-1] * stepSize, yTmp, yDotK[k]);
                                                            ^
  symbol:   variable yTmp
  location: class EmbeddedRungeKuttaIntegrator
org/apache/commons/math/ode/nonstiff/EmbeddedRungeKuttaIntegrator.java:280: error: cannot find symbol
          yTmp[j] = y[j] + stepSize * sum;
          ^
  symbol:   variable yTmp
  location: class EmbeddedRungeKuttaIntegrator
org/apache/commons/math/ode/nonstiff/EmbeddedRungeKuttaIntegrator.java:284: error: cannot find symbol
        error = estimateError(yDotK, y, yTmp, stepSize);
                                        ^
  symbol:   variable yTmp
  location: class EmbeddedRungeKuttaIntegrator
org/apache/commons/math/ode/nonstiff/EmbeddedRungeKuttaIntegrator.java:315: error: cannot find symbol
      System.arraycopy(yTmp, 0, y, 0, y0.length);
                       ^
  symbol:   variable yTmp
  location: class EmbeddedRungeKuttaIntegrator
8 errors

2868194 [main] INFO clegoues.genprog4java.rep.CachingRepresentation  - StmtReplace(36,62) at variant83 fails to compile

2868194 [main] INFO clegoues.genprog4java.fitness.Fitness  - 	 gen: 1 0.0 StmtReplace(36,62) (stored at: variant83)
2868210 [main] ERROR clegoues.genprog4java.rep.JavaRepresentation  - org/apache/commons/math/ode/nonstiff/EmbeddedRungeKuttaIntegrator.java:244: error: cannot find symbol
				double sum = a[k - 1][0] * yDotK[0][j];
				               ^
  symbol:   variable k
  location: class EmbeddedRungeKuttaIntegrator
org/apache/commons/math/ode/nonstiff/EmbeddedRungeKuttaIntegrator.java:245: error: cannot find symbol
				for (int l = 1; l < k; ++l) {
				                    ^
  symbol:   variable k
  location: class EmbeddedRungeKuttaIntegrator
org/apache/commons/math/ode/nonstiff/EmbeddedRungeKuttaIntegrator.java:246: error: cannot find symbol
					sum += a[k - 1][l] * yDotK[l][j];
					         ^
  symbol:   variable k
  location: class EmbeddedRungeKuttaIntegrator
3 errors

2868210 [main] INFO clegoues.genprog4java.rep.CachingRepresentation  - StmtAppend(60,77) at variant84 fails to compile

2868210 [main] INFO clegoues.genprog4java.fitness.Fitness  - 	 gen: 1 0.0 StmtAppend(60,77) (stored at: variant84)
2868697 [main] INFO clegoues.genprog4java.fitness.Fitness  - 	 gen: 1 0.0 StmtDelete(92) (stored at: variant85)
3060728 [main] INFO clegoues.genprog4java.fitness.Fitness  - 	 gen: 1 0.0 StmtDelete(64) (stored at: variant86)
3060741 [main] ERROR clegoues.genprog4java.rep.JavaRepresentation  - org/apache/commons/math/ode/nonstiff/EmbeddedRungeKuttaIntegrator.java:249: error: variable scale might not have been initialized
              java.util.Arrays.fill(scale, scalAbsoluteTolerance);
                                    ^
1 error

3060741 [main] INFO clegoues.genprog4java.rep.CachingRepresentation  - StmtDelete(68) at variant87 fails to compile

3060741 [main] INFO clegoues.genprog4java.fitness.Fitness  - 	 gen: 1 0.0 StmtDelete(68) (stored at: variant87)
3061262 [main] INFO clegoues.genprog4java.fitness.Fitness  - 	 gen: 1 1.0 StmtAppend(9,133) (stored at: variant88)
3061289 [main] ERROR clegoues.genprog4java.rep.JavaRepresentation  - org/apache/commons/math/ode/nonstiff/EmbeddedRungeKuttaIntegrator.java:214: error: cannot find symbol
      rki.reinitialize(this, yTmp, yDotK, forward);
                             ^
  symbol:   variable yTmp
  location: class EmbeddedRungeKuttaIntegrator
org/apache/commons/math/ode/nonstiff/EmbeddedRungeKuttaIntegrator.java:217: error: cannot find symbol
      interpolator = new DummyStepInterpolator(yTmp, forward);
                                               ^
  symbol:   variable yTmp
  location: class EmbeddedRungeKuttaIntegrator
org/apache/commons/math/ode/nonstiff/EmbeddedRungeKuttaIntegrator.java:253: error: cannot find symbol
                                stepStart, y, yDotK[0], yTmp, yDotK[1]);
                                                        ^
  symbol:   variable yTmp
  location: class EmbeddedRungeKuttaIntegrator
org/apache/commons/math/ode/nonstiff/EmbeddedRungeKuttaIntegrator.java:267: error: cannot find symbol
            yTmp[j] = y[j] + stepSize * sum;
            ^
  symbol:   variable yTmp
  location: class EmbeddedRungeKuttaIntegrator
org/apache/commons/math/ode/nonstiff/EmbeddedRungeKuttaIntegrator.java:270: error: cannot find symbol
          computeDerivatives(stepStart + c[k-1] * stepSize, yTmp, yDotK[k]);
                                                            ^
  symbol:   variable yTmp
  location: class EmbeddedRungeKuttaIntegrator
org/apache/commons/math/ode/nonstiff/EmbeddedRungeKuttaIntegrator.java:280: error: cannot find symbol
          yTmp[j] = y[j] + stepSize * sum;
          ^
  symbol:   variable yTmp
  location: class EmbeddedRungeKuttaIntegrator
org/apache/commons/math/ode/nonstiff/EmbeddedRungeKuttaIntegrator.java:284: error: cannot find symbol
        error = estimateError(yDotK, y, yTmp, stepSize);
                                        ^
  symbol:   variable yTmp
  location: class EmbeddedRungeKuttaIntegrator
org/apache/commons/math/ode/nonstiff/EmbeddedRungeKuttaIntegrator.java:315: error: cannot find symbol
      System.arraycopy(yTmp, 0, y, 0, y0.length);
                       ^
  symbol:   variable yTmp
  location: class EmbeddedRungeKuttaIntegrator
8 errors

3061290 [main] INFO clegoues.genprog4java.rep.CachingRepresentation  - StmtReplace(36,28) at variant89 fails to compile

3061290 [main] INFO clegoues.genprog4java.fitness.Fitness  - 	 gen: 1 0.0 StmtReplace(36,28) (stored at: variant89)
3061855 [main] INFO clegoues.genprog4java.fitness.Fitness  - 	 gen: 1 1.0 StmtAppend(121,123) (stored at: variant90)
3062457 [main] INFO clegoues.genprog4java.fitness.Fitness  - 	 gen: 1 1.0 StmtReplace(91,27) (stored at: variant91)
3063230 [main] INFO clegoues.genprog4java.fitness.Fitness  - 	 gen: 1 1.0 StmtReplace(85,92) (stored at: variant92)
3063792 [main] INFO clegoues.genprog4java.fitness.Fitness  - 	 gen: 1 1.0 StmtAppend(56,62) (stored at: variant93)
3063793 [main] INFO clegoues.genprog4java.fitness.Fitness  - 	 gen: 1 1.0 StmtAppend(20,20) (stored at: )
3063808 [main] ERROR clegoues.genprog4java.rep.JavaRepresentation  - org/apache/commons/math/ode/nonstiff/EmbeddedRungeKuttaIntegrator.java:284: error: cannot find symbol
        error = estimateError(yDotK, y, yTmp, stepSize);
        ^
  symbol:   variable error
  location: class EmbeddedRungeKuttaIntegrator
org/apache/commons/math/ode/nonstiff/EmbeddedRungeKuttaIntegrator.java:285: error: cannot find symbol
        if (error <= 1.0) {
            ^
  symbol:   variable error
  location: class EmbeddedRungeKuttaIntegrator
org/apache/commons/math/ode/nonstiff/EmbeddedRungeKuttaIntegrator.java:307: error: cannot find symbol
                       Math.max(minReduction, safety * Math.pow(error, exp)));
                                                                ^
  symbol:   variable error
  location: class EmbeddedRungeKuttaIntegrator
org/apache/commons/math/ode/nonstiff/EmbeddedRungeKuttaIntegrator.java:346: error: cannot find symbol
                                                safety * Math.pow(error, exp)));
                                                                  ^
  symbol:   variable error
  location: class EmbeddedRungeKuttaIntegrator
4 errors

3063808 [main] INFO clegoues.genprog4java.rep.CachingRepresentation  - StmtReplace(57,29) at variant94 fails to compile

3063808 [main] INFO clegoues.genprog4java.fitness.Fitness  - 	 gen: 1 0.0 StmtReplace(57,29) (stored at: variant94)
3063823 [main] ERROR clegoues.genprog4java.rep.JavaRepresentation  - org/apache/commons/math/ode/nonstiff/EmbeddedRungeKuttaIntegrator.java:366: error: cannot find symbol
    return stopTime;
           ^
  symbol:   variable stopTime
  location: class EmbeddedRungeKuttaIntegrator
1 error

3063824 [main] INFO clegoues.genprog4java.rep.CachingRepresentation  - StmtReplace(132,75) at variant95 fails to compile

3063824 [main] INFO clegoues.genprog4java.fitness.Fitness  - 	 gen: 1 0.0 StmtReplace(132,75) (stored at: variant95)
3063840 [main] ERROR clegoues.genprog4java.rep.JavaRepresentation  - org/apache/commons/math/ode/nonstiff/EmbeddedRungeKuttaIntegrator.java:290: error: cannot find symbol
          if (manager.evaluateStep(interpolator)) {
              ^
  symbol:   variable manager
  location: class EmbeddedRungeKuttaIntegrator
org/apache/commons/math/ode/nonstiff/EmbeddedRungeKuttaIntegrator.java:291: error: cannot find symbol
              final double dt = manager.getEventTime() - stepStart;
                                ^
  symbol:   variable manager
  location: class EmbeddedRungeKuttaIntegrator
org/apache/commons/math/ode/nonstiff/EmbeddedRungeKuttaIntegrator.java:317: error: cannot find symbol
      manager.stepAccepted(nextStep, y);
      ^
  symbol:   variable manager
  location: class EmbeddedRungeKuttaIntegrator
org/apache/commons/math/ode/nonstiff/EmbeddedRungeKuttaIntegrator.java:318: error: cannot find symbol
      lastStep = manager.stop();
                 ^
  symbol:   variable manager
  location: class EmbeddedRungeKuttaIntegrator
org/apache/commons/math/ode/nonstiff/EmbeddedRungeKuttaIntegrator.java:332: error: cannot find symbol
      if (manager.reset(stepStart, y) && ! lastStep) {
          ^
  symbol:   variable manager
  location: class EmbeddedRungeKuttaIntegrator
5 errors

3063840 [main] INFO clegoues.genprog4java.rep.CachingRepresentation  - StmtDelete(52) at variant96 fails to compile

3063840 [main] INFO clegoues.genprog4java.fitness.Fitness  - 	 gen: 1 0.0 StmtDelete(52) (stored at: variant96)
3160174 [main] INFO clegoues.genprog4java.fitness.Fitness  - 	 gen: 1 0.0 StmtDelete(103) (stored at: variant97)
3256472 [main] INFO clegoues.genprog4java.fitness.Fitness  - 	 gen: 1 0.0 StmtReplace(118,21) (stored at: variant98)
3257039 [main] INFO clegoues.genprog4java.fitness.Fitness  - 	 gen: 1 1.0 StmtAppend(117,20) (stored at: variant99)
3257054 [main] ERROR clegoues.genprog4java.rep.JavaRepresentation  - org/apache/commons/math/ode/nonstiff/EmbeddedRungeKuttaIntegrator.java:215: error: cannot find symbol
      rki.reinitialize(this, yTmp, yDotK, forward);
      ^
  symbol:   variable rki
  location: class EmbeddedRungeKuttaIntegrator
org/apache/commons/math/ode/nonstiff/EmbeddedRungeKuttaIntegrator.java:216: error: cannot find symbol
      interpolator = rki;
                     ^
  symbol:   variable rki
  location: class EmbeddedRungeKuttaIntegrator
2 errors

3257054 [main] INFO clegoues.genprog4java.rep.CachingRepresentation  - StmtDelete(40) at variant100 fails to compile

3257054 [main] INFO clegoues.genprog4java.fitness.Fitness  - 	 gen: 1 0.0 StmtDelete(40) (stored at: variant100)
3257091 [main] ERROR clegoues.genprog4java.rep.JavaRepresentation  - org/apache/commons/math/ode/nonstiff/EmbeddedRungeKuttaIntegrator.java:152: error: no suitable constructor found for AdaptiveStepsizeIntegrator(no arguments)
                                         final double[] vecRelativeTolerance) {
                                                                              ^
    constructor AdaptiveStepsizeIntegrator.AdaptiveStepsizeIntegrator(String,double,double,double,double) is not applicable
      (actual and formal argument lists differ in length)
    constructor AdaptiveStepsizeIntegrator.AdaptiveStepsizeIntegrator(String,double,double,double[],double[]) is not applicable
      (actual and formal argument lists differ in length)
1 error

3257091 [main] INFO clegoues.genprog4java.rep.CachingRepresentation  - StmtDelete(12) at variant101 fails to compile

3257091 [main] INFO clegoues.genprog4java.fitness.Fitness  - 	 gen: 1 0.0 StmtDelete(12) (stored at: variant101)
3257113 [main] ERROR clegoues.genprog4java.rep.JavaRepresentation  - org/apache/commons/math/ode/nonstiff/EmbeddedRungeKuttaIntegrator.java:245: error: cannot find symbol
    while (!lastStep) {
            ^
  symbol:   variable lastStep
  location: class EmbeddedRungeKuttaIntegrator
org/apache/commons/math/ode/nonstiff/EmbeddedRungeKuttaIntegrator.java:330: error: cannot find symbol
      lastStep = manager.stop();
      ^
  symbol:   variable lastStep
  location: class EmbeddedRungeKuttaIntegrator
org/apache/commons/math/ode/nonstiff/EmbeddedRungeKuttaIntegrator.java:335: error: cannot find symbol
          handler.handleStep(interpolator, lastStep);
                                           ^
  symbol:   variable lastStep
  location: class EmbeddedRungeKuttaIntegrator
org/apache/commons/math/ode/nonstiff/EmbeddedRungeKuttaIntegrator.java:344: error: cannot find symbol
      if (manager.reset(stepStart, y) && ! lastStep) {
                                           ^
  symbol:   variable lastStep
  location: class EmbeddedRungeKuttaIntegrator
org/apache/commons/math/ode/nonstiff/EmbeddedRungeKuttaIntegrator.java:350: error: cannot find symbol
      if (! lastStep) {
            ^
  symbol:   variable lastStep
  location: class EmbeddedRungeKuttaIntegrator
5 errors

3257113 [main] INFO clegoues.genprog4java.rep.CachingRepresentation  - StmtAppend(53,64) at variant102 fails to compile

3257113 [main] INFO clegoues.genprog4java.fitness.Fitness  - 	 gen: 1 0.0 StmtAppend(53,64) (stored at: variant102)
3257645 [main] INFO clegoues.genprog4java.fitness.Fitness  - 	 gen: 1 1.0 StmtAppend(27,8) (stored at: variant103)
3257666 [main] ERROR clegoues.genprog4java.rep.JavaRepresentation  - org/apache/commons/math/ode/nonstiff/EmbeddedRungeKuttaIntegrator.java:214: error: cannot find symbol
      rki.reinitialize(this, yTmp, yDotK, forward);
                                   ^
  symbol:   variable yDotK
  location: class EmbeddedRungeKuttaIntegrator
org/apache/commons/math/ode/nonstiff/EmbeddedRungeKuttaIntegrator.java:241: error: cannot find symbol
          computeDerivatives(stepStart, y, yDotK[0]);
                                           ^
  symbol:   variable yDotK
  location: class EmbeddedRungeKuttaIntegrator
org/apache/commons/math/ode/nonstiff/EmbeddedRungeKuttaIntegrator.java:253: error: cannot find symbol
                                stepStart, y, yDotK[0], yTmp, yDotK[1]);
                                              ^
  symbol:   variable yDotK
  location: class EmbeddedRungeKuttaIntegrator
org/apache/commons/math/ode/nonstiff/EmbeddedRungeKuttaIntegrator.java:253: error: cannot find symbol
                                stepStart, y, yDotK[0], yTmp, yDotK[1]);
                                                              ^
  symbol:   variable yDotK
  location: class EmbeddedRungeKuttaIntegrator
org/apache/commons/math/ode/nonstiff/EmbeddedRungeKuttaIntegrator.java:263: error: cannot find symbol
            double sum = a[k-1][0] * yDotK[0][j];
                                     ^
  symbol:   variable yDotK
  location: class EmbeddedRungeKuttaIntegrator
org/apache/commons/math/ode/nonstiff/EmbeddedRungeKuttaIntegrator.java:265: error: cannot find symbol
              sum += a[k-1][l] * yDotK[l][j];
                                 ^
  symbol:   variable yDotK
  location: class EmbeddedRungeKuttaIntegrator
org/apache/commons/math/ode/nonstiff/EmbeddedRungeKuttaIntegrator.java:270: error: cannot find symbol
          computeDerivatives(stepStart + c[k-1] * stepSize, yTmp, yDotK[k]);
                                                                  ^
  symbol:   variable yDotK
  location: class EmbeddedRungeKuttaIntegrator
org/apache/commons/math/ode/nonstiff/EmbeddedRungeKuttaIntegrator.java:276: error: cannot find symbol
          double sum    = b[0] * yDotK[0][j];
                                 ^
  symbol:   variable yDotK
  location: class EmbeddedRungeKuttaIntegrator
org/apache/commons/math/ode/nonstiff/EmbeddedRungeKuttaIntegrator.java:278: error: cannot find symbol
            sum    += b[l] * yDotK[l][j];
                             ^
  symbol:   variable yDotK
  location: class EmbeddedRungeKuttaIntegrator
org/apache/commons/math/ode/nonstiff/EmbeddedRungeKuttaIntegrator.java:284: error: cannot find symbol
        error = estimateError(yDotK, y, yTmp, stepSize);
                              ^
  symbol:   variable yDotK
  location: class EmbeddedRungeKuttaIntegrator
org/apache/commons/math/ode/nonstiff/EmbeddedRungeKuttaIntegrator.java:328: error: cannot find symbol
        System.arraycopy(yDotK[stages - 1], 0, yDotK[0], 0, y0.length);
                         ^
  symbol:   variable yDotK
  location: class EmbeddedRungeKuttaIntegrator
org/apache/commons/math/ode/nonstiff/EmbeddedRungeKuttaIntegrator.java:328: error: cannot find symbol
        System.arraycopy(yDotK[stages - 1], 0, yDotK[0], 0, y0.length);
                                               ^
  symbol:   variable yDotK
  location: class EmbeddedRungeKuttaIntegrator
org/apache/commons/math/ode/nonstiff/EmbeddedRungeKuttaIntegrator.java:334: error: cannot find symbol
        computeDerivatives(stepStart, y, yDotK[0]);
                                         ^
  symbol:   variable yDotK
  location: class EmbeddedRungeKuttaIntegrator
13 errors

3257666 [main] INFO clegoues.genprog4java.rep.CachingRepresentation  - StmtReplace(35,126) at variant104 fails to compile

3257667 [main] INFO clegoues.genprog4java.fitness.Fitness  - 	 gen: 1 0.0 StmtReplace(35,126) (stored at: variant104)
3257667 [main] INFO clegoues.genprog4java.Search.Search  - search: generation2
3258680 [main] INFO clegoues.genprog4java.fitness.Fitness  - 	 gen: 2 1.0 StmtReplace(91,27) StmtAppend(8,19) (stored at: variant105)
3259133 [main] INFO clegoues.genprog4java.fitness.Fitness  - 	 gen: 2 1.0 StmtAppend(27,8) StmtAppend(84,142) (stored at: variant106)
3259598 [main] INFO clegoues.genprog4java.fitness.Fitness  - 	 gen: 2 1.0 StmtDelete(122) StmtAppend(83,104) StmtReplace(62,142) (stored at: variant107)
3260048 [main] INFO clegoues.genprog4java.fitness.Fitness  - 	 gen: 2 1.0 StmtReplace(60,119) StmtAppend(83,27) StmtReplace(123,63) (stored at: variant108)
3260416 [main] INFO clegoues.genprog4java.fitness.Fitness  - 	 gen: 2 0.0 StmtReplace(91,27) StmtReplace(41,138) (stored at: variant109)
3356718 [main] INFO clegoues.genprog4java.fitness.Fitness  - 	 gen: 2 0.0 StmtReplace(51,60) StmtAppend(43,123) StmtReplace(19,9) (stored at: variant110)
3548753 [main] INFO clegoues.genprog4java.fitness.Fitness  - 	 gen: 2 0.0 StmtAppend(66,21) StmtAppend(45,85) StmtReplace(46,118) (stored at: variant111)
