0 [main] DEBUG clegoues.genprog4java.fitness.Fitness  - parsing granularity, value: class
18 [main] DEBUG clegoues.genprog4java.fitness.Fitness  - parsing granularity, value: class
#Fri Mar 12 11:01:20 CST 2021
negativeTestWeight=2.0
classSourceFolder=/home/rtx/repair/d4j/Math/74b/target/classes
model=default
sampleStrategy=variant
srcClassPath=/home/rtx/repair/d4j/Math/74b/target/classes
sourceVersion=1.8
popsize=40
regenPaths=false
posCoverageFile=coverage.path.pos
continue=false
edits=APPEND;DELETE;REPLACE
negCoverageFile=coverage.path.neg
workingDir=/home/rtx/repair/d4j/Math/74b/
clearTestCache=false
skipFailedSanity=false
sample=0.1 
oracleGenome=
testGranularity=class
justTestingFaultLoc=false
faultLocStrategy=standardPathFile
crossp=0.5
pMutation=1
generations=10
positiveTests=/home/rtx/repair/d4j/Math/74b/pos.tests
javaVM=/home/rtx/java/jdk1.8.0_271/jre/bin/java
seed=4
negativePathWeight=0.35
compileCommand=
fixStrategy=classScope
allowCoverageFail=false
targetClassName=/home/rtx/repair/d4j/Math/74b/bugfiles.txt
javaRuntime=java.lang.Runtime@6576fe71
classTestFolder=
modelPath=OVERALLModel.txt
sanity=yes
positivePathWeight=0.65
jacocoPath=/home/rtx/eclipse-workspace/genprog4java/lib/jacocoagent.jar
negativeTests=/home/rtx/repair/d4j/Math/74b/neg.tests
pathToFileHumanInjectedFaultLoc=fileHumanInjectedFaultLoc.txt
outputDir=/home/rtx/repair/d4j/Math/74b/genprog4java/variantSeed4/
testClassPath=/home/rtx/repair/d4j/Math/74b/target/classes\:/home/rtx/repair/d4j/Math/74b/target/test-classes\:/home/rtx/repair/defects4j/framework/projects/lib/junit-4.11.jar\:/home/rtx/repair/d4j/Math/74b/lib/junit-4.4.jar
faultStrategy=classScope
sourceDir=src/main/java
checkSpace=false
search=gp
globalExtension=.java
faultSpaceSubSet=1/5
maxVariants=50
libs=/home/rtx/eclipse-workspace/genprog4java/lib/junittestrunner.jar\:/home/rtx/eclipse-workspace/genprog4java/lib/commons-cli-20040117.000000.jar\:/home/rtx/eclipse-workspace/genprog4java/lib/junit-4.12.jar\:/home/rtx/eclipse-workspace/genprog4java/lib/hamcrest-core-1.3.jar\:/home/rtx/eclipse-workspace/genprog4java/lib/log4j-1.2.17.jar\:/home/rtx/repair/d4j/Math/74b/target/classes\:/home/rtx/repair/d4j/Math/74b/target/test-classes\:/home/rtx/repair/defects4j/framework/projects/lib/junit-4.11.jar\:/home/rtx/repair/d4j/Math/74b/lib/junit-4.4.jar\:/home/rtx/repair/d4j/Math/74b/target/classes
crossover=onepoint
78 [main] INFO clegoues.genprog4java.main.Main  - Configuration file loaded
14656 [main] INFO clegoues.genprog4java.rep.CachingRepresentation  - loaded from source clegoues.genprog4java.java.ClassInfo@7f18d44c
14657 [main] INFO clegoues.genprog4java.rep.CachingRepresentation  - sanity checking begins
15186 [main] INFO clegoues.genprog4java.rep.CachingRepresentation  - Checking test number 1 out of 10
15419 [main] INFO clegoues.genprog4java.rep.CachingRepresentation  - true (1)

15419 [main] INFO clegoues.genprog4java.rep.CachingRepresentation  - Checking test number 2 out of 10
16147 [main] INFO clegoues.genprog4java.rep.CachingRepresentation  - true (1)

16147 [main] INFO clegoues.genprog4java.rep.CachingRepresentation  - Checking test number 3 out of 10
16397 [main] INFO clegoues.genprog4java.rep.CachingRepresentation  - true (1)

16397 [main] INFO clegoues.genprog4java.rep.CachingRepresentation  - Checking test number 4 out of 10
16758 [main] INFO clegoues.genprog4java.rep.CachingRepresentation  - true (1)

16758 [main] INFO clegoues.genprog4java.rep.CachingRepresentation  - Checking test number 5 out of 10
16986 [main] INFO clegoues.genprog4java.rep.CachingRepresentation  - true (1)

16987 [main] INFO clegoues.genprog4java.rep.CachingRepresentation  - Checking test number 6 out of 10
17400 [main] INFO clegoues.genprog4java.rep.CachingRepresentation  - true (1)

17400 [main] INFO clegoues.genprog4java.rep.CachingRepresentation  - Checking test number 7 out of 10
17658 [main] INFO clegoues.genprog4java.rep.CachingRepresentation  - true (1)

17658 [main] INFO clegoues.genprog4java.rep.CachingRepresentation  - Checking test number 8 out of 10
18088 [main] INFO clegoues.genprog4java.rep.CachingRepresentation  - true (1)

18089 [main] INFO clegoues.genprog4java.rep.CachingRepresentation  - Checking test number 9 out of 10
18549 [main] INFO clegoues.genprog4java.rep.CachingRepresentation  - true (1)

18549 [main] INFO clegoues.genprog4java.rep.CachingRepresentation  - Checking test number 10 out of 10
18812 [main] INFO clegoues.genprog4java.rep.CachingRepresentation  - true (1)

18812 [main] INFO clegoues.genprog4java.rep.CachingRepresentation  - 	n1: 
19162 [main] INFO clegoues.genprog4java.rep.CachingRepresentation  - false (0)

19163 [main] INFO clegoues.genprog4java.rep.CachingRepresentation  - sanity checking completed (time taken = 4506)
19163 [main] INFO clegoues.genprog4java.localization.DefaultLocalization  - Start Fault Localization
19204 [main] INFO clegoues.genprog4java.localization.DefaultLocalization  - Finish Fault Localization
19204 [main] INFO clegoues.genprog4java.Search.Search  - search: genetic algorithm begins

19970 [main] INFO clegoues.genprog4java.fitness.Fitness  - 	 gen: 0 1.0 original (stored at: variant0)
21104 [main] INFO clegoues.genprog4java.fitness.Fitness  - 	 gen: 0 1.0 StmtReplace(103,120) (stored at: variant1)
21946 [main] INFO clegoues.genprog4java.fitness.Fitness  - 	 gen: 0 1.0 StmtAppend(94,10) (stored at: variant2)
22981 [main] INFO clegoues.genprog4java.fitness.Fitness  - 	 gen: 0 1.0 StmtReplace(97,43) (stored at: variant3)
23060 [main] ERROR clegoues.genprog4java.rep.JavaRepresentation  - org/apache/commons/math/ode/nonstiff/EmbeddedRungeKuttaIntegrator.java:349: error: cannot find symbol
        final boolean nextIsLast = forward ? (nextT >= t) : (nextT <= t);
                                              ^
  symbol:   variable nextT
  location: class EmbeddedRungeKuttaIntegrator
org/apache/commons/math/ode/nonstiff/EmbeddedRungeKuttaIntegrator.java:349: error: cannot find symbol
        final boolean nextIsLast = forward ? (nextT >= t) : (nextT <= t);
                                                             ^
  symbol:   variable nextT
  location: class EmbeddedRungeKuttaIntegrator
2 errors

23061 [main] INFO clegoues.genprog4java.rep.CachingRepresentation  - StmtReplace(129,8) at variant4 fails to compile

23061 [main] INFO clegoues.genprog4java.fitness.Fitness  - 	 gen: 0 0.0 StmtReplace(129,8) (stored at: variant4)
23868 [main] INFO clegoues.genprog4java.fitness.Fitness  - 	 gen: 0 1.0 StmtReplace(104,93) (stored at: variant5)
24611 [main] INFO clegoues.genprog4java.fitness.Fitness  - 	 gen: 0 1.0 StmtAppend(29,29) (stored at: variant6)
24706 [main] ERROR clegoues.genprog4java.rep.JavaRepresentation  - org/apache/commons/math/ode/nonstiff/EmbeddedRungeKuttaIntegrator.java:217: error: cannot find symbol
			double sum = a[k - 1][0] * yDotK[0][j];
			               ^
  symbol:   variable k
  location: class EmbeddedRungeKuttaIntegrator
org/apache/commons/math/ode/nonstiff/EmbeddedRungeKuttaIntegrator.java:218: error: cannot find symbol
			for (int l = 1; l < k; ++l) {
			                    ^
  symbol:   variable k
  location: class EmbeddedRungeKuttaIntegrator
org/apache/commons/math/ode/nonstiff/EmbeddedRungeKuttaIntegrator.java:219: error: cannot find symbol
				sum += a[k - 1][l] * yDotK[l][j];
				         ^
  symbol:   variable k
  location: class EmbeddedRungeKuttaIntegrator
3 errors

24707 [main] INFO clegoues.genprog4java.rep.CachingRepresentation  - StmtAppend(41,77) at variant7 fails to compile

24707 [main] INFO clegoues.genprog4java.fitness.Fitness  - 	 gen: 0 0.0 StmtAppend(41,77) (stored at: variant7)
25461 [main] INFO clegoues.genprog4java.fitness.Fitness  - 	 gen: 0 1.0 StmtReplace(108,104) (stored at: variant8)
26211 [main] INFO clegoues.genprog4java.fitness.Fitness  - 	 gen: 0 1.0 StmtAppend(75,95) (stored at: variant9)
26251 [main] ERROR clegoues.genprog4java.rep.JavaRepresentation  - org/apache/commons/math/ode/nonstiff/EmbeddedRungeKuttaIntegrator.java:248: error: variable scale might not have been initialized
              java.util.Arrays.fill(scale, scalAbsoluteTolerance);
                                    ^
1 error

26251 [main] INFO clegoues.genprog4java.rep.CachingRepresentation  - StmtReplace(68,21) at variant10 fails to compile

26251 [main] INFO clegoues.genprog4java.fitness.Fitness  - 	 gen: 0 0.0 StmtReplace(68,21) (stored at: variant10)
26299 [main] ERROR clegoues.genprog4java.rep.JavaRepresentation  - org/apache/commons/math/ode/nonstiff/EmbeddedRungeKuttaIntegrator.java:266: error: cannot find symbol
              sum += a[k-1][l] * yDotK[l][j];
              ^
  symbol:   variable sum
  location: class EmbeddedRungeKuttaIntegrator
org/apache/commons/math/ode/nonstiff/EmbeddedRungeKuttaIntegrator.java:268: error: cannot find symbol
            yTmp[j] = y[j] + stepSize * sum;
                                        ^
  symbol:   variable sum
  location: class EmbeddedRungeKuttaIntegrator
2 errors

26299 [main] INFO clegoues.genprog4java.rep.CachingRepresentation  - StmtDelete(79) at variant11 fails to compile

26300 [main] INFO clegoues.genprog4java.fitness.Fitness  - 	 gen: 0 0.0 StmtDelete(79) (stored at: variant11)
26912 [main] INFO clegoues.genprog4java.fitness.Fitness  - 	 gen: 0 1.0 StmtAppend(32,20) (stored at: variant12)
123276 [main] INFO clegoues.genprog4java.fitness.Fitness  - 	 gen: 0 0.0 StmtReplace(95,21) (stored at: variant13)
123306 [main] ERROR clegoues.genprog4java.rep.JavaRepresentation  - org/apache/commons/math/ode/nonstiff/EmbeddedRungeKuttaIntegrator.java:224: error: variable interpolator might not have been initialized
    interpolator.storeTime(t0);
    ^
1 error

123306 [main] INFO clegoues.genprog4java.rep.CachingRepresentation  - StmtReplace(43,85) at variant14 fails to compile

123306 [main] INFO clegoues.genprog4java.fitness.Fitness  - 	 gen: 0 0.0 StmtReplace(43,85) (stored at: variant14)
123879 [main] INFO clegoues.genprog4java.fitness.Fitness  - 	 gen: 0 1.0 StmtDelete(100) (stored at: variant15)
220205 [main] INFO clegoues.genprog4java.fitness.Fitness  - 	 gen: 0 0.0 StmtDelete(8) (stored at: variant16)
220222 [main] ERROR clegoues.genprog4java.rep.JavaRepresentation  - org/apache/commons/math/ode/nonstiff/EmbeddedRungeKuttaIntegrator.java:280: error: cannot find symbol
            sum    += b[l] * yDotK[l][j];
            ^
  symbol:   variable sum
  location: class EmbeddedRungeKuttaIntegrator
org/apache/commons/math/ode/nonstiff/EmbeddedRungeKuttaIntegrator.java:282: error: cannot find symbol
          yTmp[j] = y[j] + stepSize * sum;
                                      ^
  symbol:   variable sum
  location: class EmbeddedRungeKuttaIntegrator
2 errors

220222 [main] INFO clegoues.genprog4java.rep.CachingRepresentation  - StmtReplace(87,100) at variant17 fails to compile

220222 [main] INFO clegoues.genprog4java.fitness.Fitness  - 	 gen: 0 0.0 StmtReplace(87,100) (stored at: variant17)
412257 [main] INFO clegoues.genprog4java.fitness.Fitness  - 	 gen: 0 0.0 StmtDelete(72) (stored at: variant18)
413008 [main] INFO clegoues.genprog4java.fitness.Fitness  - 	 gen: 0 1.0 StmtDelete(117) (stored at: variant19)
413612 [main] INFO clegoues.genprog4java.fitness.Fitness  - 	 gen: 0 0.0 StmtDelete(92) (stored at: variant20)
413653 [main] ERROR clegoues.genprog4java.rep.JavaRepresentation  - org/apache/commons/math/ode/nonstiff/EmbeddedRungeKuttaIntegrator.java:327: error: cannot find symbol
			double sum = a[k - 1][0] * yDotK[0][j];
			               ^
  symbol:   variable k
  location: class EmbeddedRungeKuttaIntegrator
org/apache/commons/math/ode/nonstiff/EmbeddedRungeKuttaIntegrator.java:328: error: cannot find symbol
			for (int l = 1; l < k; ++l) {
			                    ^
  symbol:   variable k
  location: class EmbeddedRungeKuttaIntegrator
org/apache/commons/math/ode/nonstiff/EmbeddedRungeKuttaIntegrator.java:329: error: cannot find symbol
				sum += a[k - 1][l] * yDotK[l][j];
				         ^
  symbol:   variable k
  location: class EmbeddedRungeKuttaIntegrator
3 errors

413654 [main] INFO clegoues.genprog4java.rep.CachingRepresentation  - StmtAppend(117,77) at variant21 fails to compile

413654 [main] INFO clegoues.genprog4java.fitness.Fitness  - 	 gen: 0 0.0 StmtAppend(117,77) (stored at: variant21)
414229 [main] INFO clegoues.genprog4java.fitness.Fitness  - 	 gen: 0 1.0 StmtDelete(61) (stored at: variant22)
415082 [main] INFO clegoues.genprog4java.fitness.Fitness  - 	 gen: 0 0.0 StmtReplace(89,104) (stored at: variant23)
415118 [main] ERROR clegoues.genprog4java.rep.JavaRepresentation  - org/apache/commons/math/ode/nonstiff/EmbeddedRungeKuttaIntegrator.java:214: error: cannot find symbol
      rki.reinitialize(this, yTmp, yDotK, forward);
                             ^
  symbol:   variable yTmp
  location: class EmbeddedRungeKuttaIntegrator
org/apache/commons/math/ode/nonstiff/EmbeddedRungeKuttaIntegrator.java:217: error: cannot find symbol
      interpolator = new DummyStepInterpolator(yTmp, forward);
                                               ^
  symbol:   variable yTmp
  location: class EmbeddedRungeKuttaIntegrator
org/apache/commons/math/ode/nonstiff/EmbeddedRungeKuttaIntegrator.java:253: error: cannot find symbol
                                stepStart, y, yDotK[0], yTmp, yDotK[1]);
                                                        ^
  symbol:   variable yTmp
  location: class EmbeddedRungeKuttaIntegrator
org/apache/commons/math/ode/nonstiff/EmbeddedRungeKuttaIntegrator.java:267: error: cannot find symbol
            yTmp[j] = y[j] + stepSize * sum;
            ^
  symbol:   variable yTmp
  location: class EmbeddedRungeKuttaIntegrator
org/apache/commons/math/ode/nonstiff/EmbeddedRungeKuttaIntegrator.java:270: error: cannot find symbol
          computeDerivatives(stepStart + c[k-1] * stepSize, yTmp, yDotK[k]);
                                                            ^
  symbol:   variable yTmp
  location: class EmbeddedRungeKuttaIntegrator
org/apache/commons/math/ode/nonstiff/EmbeddedRungeKuttaIntegrator.java:280: error: cannot find symbol
          yTmp[j] = y[j] + stepSize * sum;
          ^
  symbol:   variable yTmp
  location: class EmbeddedRungeKuttaIntegrator
org/apache/commons/math/ode/nonstiff/EmbeddedRungeKuttaIntegrator.java:284: error: cannot find symbol
        error = estimateError(yDotK, y, yTmp, stepSize);
                                        ^
  symbol:   variable yTmp
  location: class EmbeddedRungeKuttaIntegrator
org/apache/commons/math/ode/nonstiff/EmbeddedRungeKuttaIntegrator.java:315: error: cannot find symbol
      System.arraycopy(yTmp, 0, y, 0, y0.length);
                       ^
  symbol:   variable yTmp
  location: class EmbeddedRungeKuttaIntegrator
8 errors

415118 [main] INFO clegoues.genprog4java.rep.CachingRepresentation  - StmtReplace(36,27) at variant24 fails to compile

415118 [main] INFO clegoues.genprog4java.fitness.Fitness  - 	 gen: 0 0.0 StmtReplace(36,27) (stored at: variant24)
415751 [main] INFO clegoues.genprog4java.fitness.Fitness  - 	 gen: 0 1.0 StmtAppend(114,125) (stored at: variant25)
416469 [main] INFO clegoues.genprog4java.fitness.Fitness  - 	 gen: 0 1.0 StmtAppend(3,9) (stored at: variant26)
417089 [main] INFO clegoues.genprog4java.fitness.Fitness  - 	 gen: 0 1.0 StmtReplace(20,10) (stored at: variant27)
417776 [main] INFO clegoues.genprog4java.fitness.Fitness  - 	 gen: 0 0.0 StmtReplace(138,142) (stored at: variant28)
417802 [main] ERROR clegoues.genprog4java.rep.JavaRepresentation  - org/apache/commons/math/ode/nonstiff/EmbeddedRungeKuttaIntegrator.java:316: error: cannot find symbol
      manager.stepAccepted(nextStep, y);
                           ^
  symbol:   variable nextStep
  location: class EmbeddedRungeKuttaIntegrator
org/apache/commons/math/ode/nonstiff/EmbeddedRungeKuttaIntegrator.java:320: error: cannot find symbol
      interpolator.storeTime(nextStep);
                             ^
  symbol:   variable nextStep
  location: class EmbeddedRungeKuttaIntegrator
org/apache/commons/math/ode/nonstiff/EmbeddedRungeKuttaIntegrator.java:324: error: cannot find symbol
      stepStart = nextStep;
                  ^
  symbol:   variable nextStep
  location: class EmbeddedRungeKuttaIntegrator
3 errors

417802 [main] INFO clegoues.genprog4java.rep.CachingRepresentation  - StmtDelete(109) at variant29 fails to compile

417802 [main] INFO clegoues.genprog4java.fitness.Fitness  - 	 gen: 0 0.0 StmtDelete(109) (stored at: variant29)
417845 [main] ERROR clegoues.genprog4java.rep.JavaRepresentation  - org/apache/commons/math/ode/nonstiff/EmbeddedRungeKuttaIntegrator.java:352: error: cannot find symbol
        hNew = filterStep(scaledH, forward, nextIsLast);
                                            ^
  symbol:   variable nextIsLast
  location: class EmbeddedRungeKuttaIntegrator
1 error

417845 [main] INFO clegoues.genprog4java.rep.CachingRepresentation  - StmtReplace(130,61) at variant30 fails to compile

417845 [main] INFO clegoues.genprog4java.fitness.Fitness  - 	 gen: 0 0.0 StmtReplace(130,61) (stored at: variant30)
418488 [main] INFO clegoues.genprog4java.fitness.Fitness  - 	 gen: 0 0.0 StmtDelete(77) (stored at: variant31)
418514 [main] ERROR clegoues.genprog4java.rep.JavaRepresentation  - org/apache/commons/math/ode/nonstiff/EmbeddedRungeKuttaIntegrator.java:169: error: variable c might not have been initialized
  }
  ^
1 error

418515 [main] INFO clegoues.genprog4java.rep.CachingRepresentation  - StmtReplace(14,49) at variant32 fails to compile

418515 [main] INFO clegoues.genprog4java.fitness.Fitness  - 	 gen: 0 0.0 StmtReplace(14,49) (stored at: variant32)
419302 [main] INFO clegoues.genprog4java.fitness.Fitness  - 	 gen: 0 1.0 StmtReplace(27,29) (stored at: variant33)
515699 [main] INFO clegoues.genprog4java.fitness.Fitness  - 	 gen: 0 0.0 StmtDelete(103) (stored at: variant34)
515727 [main] ERROR clegoues.genprog4java.rep.JavaRepresentation  - org/apache/commons/math/ode/nonstiff/EmbeddedRungeKuttaIntegrator.java:220: error: variable interpolator might not have been initialized
    interpolator.storeTime(t0);
    ^
1 error

515727 [main] INFO clegoues.genprog4java.rep.CachingRepresentation  - StmtDelete(44) at variant35 fails to compile

515727 [main] INFO clegoues.genprog4java.fitness.Fitness  - 	 gen: 0 0.0 StmtDelete(44) (stored at: variant35)
515758 [main] ERROR clegoues.genprog4java.rep.JavaRepresentation  - org/apache/commons/math/ode/nonstiff/EmbeddedRungeKuttaIntegrator.java:218: error: variable interpolator might not have been initialized
    interpolator.storeTime(t0);
    ^
1 error

515758 [main] INFO clegoues.genprog4java.rep.CachingRepresentation  - StmtReplace(43,34) at variant36 fails to compile

515758 [main] INFO clegoues.genprog4java.fitness.Fitness  - 	 gen: 0 0.0 StmtReplace(43,34) (stored at: variant36)
515791 [main] ERROR clegoues.genprog4java.rep.JavaRepresentation  - org/apache/commons/math/ode/nonstiff/EmbeddedRungeKuttaIntegrator.java:215: error: cannot find symbol
      rki.reinitialize(this, yTmp, yDotK, forward);
      ^
  symbol:   variable rki
  location: class EmbeddedRungeKuttaIntegrator
org/apache/commons/math/ode/nonstiff/EmbeddedRungeKuttaIntegrator.java:216: error: cannot find symbol
      interpolator = rki;
                     ^
  symbol:   variable rki
  location: class EmbeddedRungeKuttaIntegrator
2 errors

515791 [main] INFO clegoues.genprog4java.rep.CachingRepresentation  - StmtDelete(40) at variant37 fails to compile

515791 [main] INFO clegoues.genprog4java.fitness.Fitness  - 	 gen: 0 0.0 StmtDelete(40) (stored at: variant37)
612193 [main] INFO clegoues.genprog4java.fitness.Fitness  - 	 gen: 0 0.0 StmtReplace(82,64) (stored at: variant38)
612214 [main] ERROR clegoues.genprog4java.rep.JavaRepresentation  - org/apache/commons/math/ode/nonstiff/EmbeddedRungeKuttaIntegrator.java:252: error: variable scale might not have been initialized
          hNew = initializeStep(equations, forward, getOrder(), scale,
                                                                ^
1 error

612214 [main] INFO clegoues.genprog4java.rep.CachingRepresentation  - StmtReplace(71,34) at variant39 fails to compile

612214 [main] INFO clegoues.genprog4java.fitness.Fitness  - 	 gen: 0 0.0 StmtReplace(71,34) (stored at: variant39)
612214 [main] INFO clegoues.genprog4java.Search.Search  - search: generation1
612571 [main] ERROR clegoues.genprog4java.rep.JavaRepresentation  - org/apache/commons/math/ode/nonstiff/EmbeddedRungeKuttaIntegrator.java:170: error: variable c might not have been initialized
  }
  ^
1 error

612571 [main] INFO clegoues.genprog4java.rep.CachingRepresentation  - StmtReplace(27,29) StmtDelete(14) at variant40 fails to compile

612571 [main] INFO clegoues.genprog4java.fitness.Fitness  - 	 gen: 1 0.0 StmtReplace(27,29) StmtDelete(14) (stored at: variant40)
613098 [main] INFO clegoues.genprog4java.fitness.Fitness  - 	 gen: 1 0.0 StmtReplace(103,120) StmtDelete(54) (stored at: variant41)
709514 [main] INFO clegoues.genprog4java.fitness.Fitness  - 	 gen: 1 0.0 StmtDelete(117) StmtAppend(78,61) (stored at: variant42)
709532 [main] ERROR clegoues.genprog4java.rep.JavaRepresentation  - org/apache/commons/math/ode/nonstiff/EmbeddedRungeKuttaIntegrator.java:217: error: cannot find symbol
      rki.reinitialize(this, yTmp, yDotK, forward);
                             ^
  symbol:   variable yTmp
  location: class EmbeddedRungeKuttaIntegrator
org/apache/commons/math/ode/nonstiff/EmbeddedRungeKuttaIntegrator.java:220: error: cannot find symbol
      interpolator = new DummyStepInterpolator(yTmp, forward);
                                               ^
  symbol:   variable yTmp
  location: class EmbeddedRungeKuttaIntegrator
org/apache/commons/math/ode/nonstiff/EmbeddedRungeKuttaIntegrator.java:256: error: cannot find symbol
                                stepStart, y, yDotK[0], yTmp, yDotK[1]);
                                                        ^
  symbol:   variable yTmp
  location: class EmbeddedRungeKuttaIntegrator
org/apache/commons/math/ode/nonstiff/EmbeddedRungeKuttaIntegrator.java:270: error: cannot find symbol
            yTmp[j] = y[j] + stepSize * sum;
            ^
  symbol:   variable yTmp
  location: class EmbeddedRungeKuttaIntegrator
org/apache/commons/math/ode/nonstiff/EmbeddedRungeKuttaIntegrator.java:273: error: cannot find symbol
          computeDerivatives(stepStart + c[k-1] * stepSize, yTmp, yDotK[k]);
                                                            ^
  symbol:   variable yTmp
  location: class EmbeddedRungeKuttaIntegrator
org/apache/commons/math/ode/nonstiff/EmbeddedRungeKuttaIntegrator.java:283: error: cannot find symbol
          yTmp[j] = y[j] + stepSize * sum;
          ^
  symbol:   variable yTmp
  location: class EmbeddedRungeKuttaIntegrator
org/apache/commons/math/ode/nonstiff/EmbeddedRungeKuttaIntegrator.java:287: error: cannot find symbol
        error = estimateError(yDotK, y, yTmp, stepSize);
                                        ^
  symbol:   variable yTmp
  location: class EmbeddedRungeKuttaIntegrator
org/apache/commons/math/ode/nonstiff/EmbeddedRungeKuttaIntegrator.java:317: error: cannot find symbol
      System.arraycopy(yTmp, 0, y, 0, y0.length);
                       ^
  symbol:   variable yTmp
  location: class EmbeddedRungeKuttaIntegrator
8 errors

709533 [main] INFO clegoues.genprog4java.rep.CachingRepresentation  - StmtReplace(103,120) StmtAppend(36,138) at variant43 fails to compile

709533 [main] INFO clegoues.genprog4java.fitness.Fitness  - 	 gen: 1 0.0 StmtReplace(103,120) StmtAppend(36,138) (stored at: variant43)
805883 [main] INFO clegoues.genprog4java.fitness.Fitness  - 	 gen: 1 0.0 StmtDelete(117) StmtAppend(59,61) (stored at: variant44)
997913 [main] INFO clegoues.genprog4java.fitness.Fitness  - 	 gen: 1 0.0 StmtReplace(27,29) StmtReplace(56,142) (stored at: variant45)
1189956 [main] INFO clegoues.genprog4java.fitness.Fitness  - 	 gen: 1 0.0 StmtReplace(97,43) StmtReplace(74,138) (stored at: variant46)
1189973 [main] ERROR clegoues.genprog4java.rep.JavaRepresentation  - org/apache/commons/math/ode/nonstiff/EmbeddedRungeKuttaIntegrator.java:243: error: cannot find symbol
        if (firstTime || !fsal) {
            ^
  symbol:   variable firstTime
  location: class EmbeddedRungeKuttaIntegrator
org/apache/commons/math/ode/nonstiff/EmbeddedRungeKuttaIntegrator.java:248: error: cannot find symbol
        if (firstTime) {
            ^
  symbol:   variable firstTime
  location: class EmbeddedRungeKuttaIntegrator
org/apache/commons/math/ode/nonstiff/EmbeddedRungeKuttaIntegrator.java:248: error: illegal start of type
        if (firstTime) {
           ^
org/apache/commons/math/ode/nonstiff/EmbeddedRungeKuttaIntegrator.java:258: error: cannot find symbol
          firstTime = false;
          ^
  symbol:   variable firstTime
  location: class EmbeddedRungeKuttaIntegrator
4 errors

1189973 [main] INFO clegoues.genprog4java.rep.CachingRepresentation  - StmtAppend(32,20) StmtDelete(48) at variant47 fails to compile

1189973 [main] INFO clegoues.genprog4java.fitness.Fitness  - 	 gen: 1 0.0 StmtAppend(32,20) StmtDelete(48) (stored at: variant47)
1190437 [main] INFO clegoues.genprog4java.fitness.Fitness  - 	 gen: 1 0.0 StmtReplace(104,93) StmtAppend(59,19) (stored at: variant48)
1190657 [main] INFO clegoues.genprog4java.fitness.Fitness  - 	 gen: 1 1.0 StmtAppend(32,20) StmtReplace(34,126) (stored at: variant49)
1191429 [main] INFO clegoues.genprog4java.fitness.Fitness  - 	 gen: 1 1.0 StmtDelete(117) StmtAppend(72,95) (stored at: variant50)
1383478 [main] INFO clegoues.genprog4java.fitness.Fitness  - 	 gen: 1 0.0 StmtDelete(117) StmtDelete(115) (stored at: variant51)
1383875 [main] INFO clegoues.genprog4java.fitness.Fitness  - 	 gen: 1 1.0 StmtDelete(61) StmtDelete(20) (stored at: variant52)
1383892 [main] ERROR clegoues.genprog4java.rep.JavaRepresentation  - org/apache/commons/math/ode/nonstiff/EmbeddedRungeKuttaIntegrator.java:319: error: cannot find symbol
      manager.stepAccepted(nextStep, y);
                           ^
  symbol:   variable nextStep
  location: class EmbeddedRungeKuttaIntegrator
org/apache/commons/math/ode/nonstiff/EmbeddedRungeKuttaIntegrator.java:323: error: cannot find symbol
      interpolator.storeTime(nextStep);
                             ^
  symbol:   variable nextStep
  location: class EmbeddedRungeKuttaIntegrator
org/apache/commons/math/ode/nonstiff/EmbeddedRungeKuttaIntegrator.java:327: error: cannot find symbol
      stepStart = nextStep;
                  ^
  symbol:   variable nextStep
  location: class EmbeddedRungeKuttaIntegrator
3 errors

1383892 [main] INFO clegoues.genprog4java.rep.CachingRepresentation  - StmtReplace(27,29) StmtReplace(109,39) at variant53 fails to compile

1383892 [main] INFO clegoues.genprog4java.fitness.Fitness  - 	 gen: 1 0.0 StmtReplace(27,29) StmtReplace(109,39) (stored at: variant53)
1575922 [main] INFO clegoues.genprog4java.fitness.Fitness  - 	 gen: 1 0.0 StmtAppend(75,95) StmtDelete(108) (stored at: variant54)
1767951 [main] INFO clegoues.genprog4java.fitness.Fitness  - 	 gen: 1 0.0 StmtAppend(114,125) StmtReplace(74,95) (stored at: variant55)
1767964 [main] ERROR clegoues.genprog4java.rep.JavaRepresentation  - org/apache/commons/math/ode/nonstiff/EmbeddedRungeKuttaIntegrator.java:215: error: cannot find symbol
      rki.reinitialize(this, yTmp, yDotK, forward);
                                          ^
  symbol:   variable forward
  location: class EmbeddedRungeKuttaIntegrator
org/apache/commons/math/ode/nonstiff/EmbeddedRungeKuttaIntegrator.java:218: error: cannot find symbol
      interpolator = new DummyStepInterpolator(yTmp, forward);
                                                     ^
  symbol:   variable forward
  location: class EmbeddedRungeKuttaIntegrator
org/apache/commons/math/ode/nonstiff/EmbeddedRungeKuttaIntegrator.java:253: error: cannot find symbol
          hNew = initializeStep(equations, forward, getOrder(), scale,
                                           ^
  symbol:   variable forward
  location: class EmbeddedRungeKuttaIntegrator
org/apache/commons/math/ode/nonstiff/EmbeddedRungeKuttaIntegrator.java:309: error: cannot find symbol
          hNew = filterStep(stepSize * factor, forward, false);
                                               ^
  symbol:   variable forward
  location: class EmbeddedRungeKuttaIntegrator
org/apache/commons/math/ode/nonstiff/EmbeddedRungeKuttaIntegrator.java:342: error: cannot find symbol
          stepSize = filterStep(stepSize, forward, true);
                                          ^
  symbol:   variable forward
  location: class EmbeddedRungeKuttaIntegrator
org/apache/commons/math/ode/nonstiff/EmbeddedRungeKuttaIntegrator.java:350: error: cannot find symbol
        final boolean nextIsLast = forward ? (nextT >= t) : (nextT <= t);
                                   ^
  symbol:   variable forward
  location: class EmbeddedRungeKuttaIntegrator
org/apache/commons/math/ode/nonstiff/EmbeddedRungeKuttaIntegrator.java:351: error: cannot find symbol
        hNew = filterStep(scaledH, forward, nextIsLast);
                                   ^
  symbol:   variable forward
  location: class EmbeddedRungeKuttaIntegrator
7 errors

1767965 [main] INFO clegoues.genprog4java.rep.CachingRepresentation  - StmtReplace(27,29) StmtDelete(30) at variant56 fails to compile

1767965 [main] INFO clegoues.genprog4java.fitness.Fitness  - 	 gen: 1 0.0 StmtReplace(27,29) StmtDelete(30) (stored at: variant56)
1959991 [main] INFO clegoues.genprog4java.fitness.Fitness  - 	 gen: 1 0.0 StmtAppend(29,29) StmtDelete(55) (stored at: variant57)
2056340 [main] INFO clegoues.genprog4java.fitness.Fitness  - 	 gen: 1 0.0 StmtReplace(103,120) StmtAppend(108,62) (stored at: variant58)
2056776 [main] INFO clegoues.genprog4java.fitness.Fitness  - 	 gen: 1 1.0 StmtReplace(104,93) StmtAppend(46,19) (stored at: variant59)
2056793 [main] ERROR clegoues.genprog4java.rep.JavaRepresentation  - org/apache/commons/math/ode/nonstiff/EmbeddedRungeKuttaIntegrator.java:248: error: variable scale might not have been initialized
          hNew = initializeStep(equations, forward, getOrder(), scale,
                                                                ^
1 error

2056793 [main] INFO clegoues.genprog4java.rep.CachingRepresentation  - StmtReplace(103,120) StmtDelete(66) at variant60 fails to compile

2056793 [main] INFO clegoues.genprog4java.fitness.Fitness  - 	 gen: 1 0.0 StmtReplace(103,120) StmtDelete(66) (stored at: variant60)
2057361 [main] INFO clegoues.genprog4java.fitness.Fitness  - 	 gen: 1 1.0 StmtReplace(27,29) StmtAppend(33,9) (stored at: variant61)
2249392 [main] INFO clegoues.genprog4java.fitness.Fitness  - 	 gen: 1 0.0 StmtAppend(94,10) StmtReplace(69,142) (stored at: variant62)
2250108 [main] INFO clegoues.genprog4java.fitness.Fitness  - 	 gen: 1 1.0 StmtReplace(20,10) StmtDelete(124) (stored at: variant63)
2442145 [main] INFO clegoues.genprog4java.fitness.Fitness  - 	 gen: 1 0.0 StmtReplace(45,9) (stored at: variant64)
2634168 [main] INFO clegoues.genprog4java.fitness.Fitness  - 	 gen: 1 0.0 StmtDelete(61) StmtDelete(104) (stored at: variant65)
2634710 [main] INFO clegoues.genprog4java.fitness.Fitness  - 	 gen: 1 1.0 StmtDelete(117) StmtDelete(110) (stored at: variant66)
2635230 [main] INFO clegoues.genprog4java.fitness.Fitness  - 	 gen: 1 0.0 StmtAppend(75,95) StmtAppend(49,64) (stored at: variant67)
2731440 [main] INFO clegoues.genprog4java.fitness.Fitness  - 	 gen: 1 0.0 StmtReplace(97,43) StmtDelete(41) (stored at: variant68)
2827880 [main] INFO clegoues.genprog4java.fitness.Fitness  - 	 gen: 1 0.0 StmtAppend(29,29) StmtReplace(112,25) (stored at: variant69)
2828320 [main] INFO clegoues.genprog4java.fitness.Fitness  - 	 gen: 1 0.0 StmtDelete(61) StmtReplace(133,19) (stored at: variant70)
2828337 [main] ERROR clegoues.genprog4java.rep.JavaRepresentation  - org/apache/commons/math/ode/nonstiff/EmbeddedRungeKuttaIntegrator.java:343: error: cannot find symbol
        final double  scaledH    = stepSize * factor;
                                              ^
  symbol:   variable factor
  location: class EmbeddedRungeKuttaIntegrator
1 error

2828337 [main] INFO clegoues.genprog4java.rep.CachingRepresentation  - StmtAppend(75,95) StmtReplace(127,25) at variant71 fails to compile

2828337 [main] INFO clegoues.genprog4java.fitness.Fitness  - 	 gen: 1 0.0 StmtAppend(75,95) StmtReplace(127,25) (stored at: variant71)
2828926 [main] INFO clegoues.genprog4java.fitness.Fitness  - 	 gen: 1 1.0 StmtAppend(3,9) StmtDelete(113) (stored at: variant72)
2829421 [main] INFO clegoues.genprog4java.fitness.Fitness  - 	 gen: 1 0.0 StmtAppend(75,95) StmtReplace(95,105) (stored at: variant73)
2829905 [main] INFO clegoues.genprog4java.fitness.Fitness  - 	 gen: 1 1.0 StmtAppend(114,125) StmtAppend(103,27) (stored at: variant74)
2829922 [main] ERROR clegoues.genprog4java.rep.JavaRepresentation  - org/apache/commons/math/ode/nonstiff/EmbeddedRungeKuttaIntegrator.java:206: error: cannot find symbol
    final double[][] yDotK = new double[stages][y0.length];
                                        ^
  symbol:   variable stages
  location: class EmbeddedRungeKuttaIntegrator
org/apache/commons/math/ode/nonstiff/EmbeddedRungeKuttaIntegrator.java:259: error: cannot find symbol
        for (int k = 1; k < stages; ++k) {
                            ^
  symbol:   variable stages
  location: class EmbeddedRungeKuttaIntegrator
org/apache/commons/math/ode/nonstiff/EmbeddedRungeKuttaIntegrator.java:276: error: cannot find symbol
          for (int l = 1; l < stages; ++l) {
                              ^
  symbol:   variable stages
  location: class EmbeddedRungeKuttaIntegrator
org/apache/commons/math/ode/nonstiff/EmbeddedRungeKuttaIntegrator.java:328: error: cannot find symbol
        System.arraycopy(yDotK[stages - 1], 0, yDotK[0], 0, y0.length);
                               ^
  symbol:   variable stages
  location: class EmbeddedRungeKuttaIntegrator
4 errors

2829922 [main] INFO clegoues.genprog4java.rep.CachingRepresentation  - StmtDelete(117) StmtReplace(31,28) at variant75 fails to compile

2829922 [main] INFO clegoues.genprog4java.fitness.Fitness  - 	 gen: 1 0.0 StmtDelete(117) StmtReplace(31,28) (stored at: variant75)
2830401 [main] INFO clegoues.genprog4java.fitness.Fitness  - 	 gen: 1 1.0 StmtReplace(20,10) StmtAppend(41,44) (stored at: variant76)
2830415 [main] ERROR clegoues.genprog4java.rep.JavaRepresentation  - org/apache/commons/math/ode/nonstiff/EmbeddedRungeKuttaIntegrator.java:248: error: variable scale might not have been initialized
          hNew = initializeStep(equations, forward, getOrder(), scale,
                                                                ^
1 error

2830415 [main] INFO clegoues.genprog4java.rep.CachingRepresentation  - StmtDelete(117) StmtDelete(66) at variant77 fails to compile

2830415 [main] INFO clegoues.genprog4java.fitness.Fitness  - 	 gen: 1 0.0 StmtDelete(117) StmtDelete(66) (stored at: variant77)
2926624 [main] INFO clegoues.genprog4java.fitness.Fitness  - 	 gen: 1 0.0 StmtReplace(56,28) (stored at: variant78)
2927045 [main] INFO clegoues.genprog4java.fitness.Fitness  - 	 gen: 1 0.0 StmtDelete(61) StmtDelete(75) (stored at: variant79)
3119076 [main] INFO clegoues.genprog4java.fitness.Fitness  - 	 gen: 1 0.0 StmtAppend(82,39) (stored at: variant80)
3119606 [main] INFO clegoues.genprog4java.fitness.Fitness  - 	 gen: 1 1.0 StmtAppend(42,25) (stored at: variant81)
3120097 [main] INFO clegoues.genprog4java.fitness.Fitness  - 	 gen: 1 1.0 StmtAppend(68,20) (stored at: variant82)
3120594 [main] INFO clegoues.genprog4java.fitness.Fitness  - 	 gen: 1 0.0 StmtAppend(77,104) (stored at: variant83)
3216789 [main] INFO clegoues.genprog4java.fitness.Fitness  - 	 gen: 1 0.0 StmtAppend(80,43) (stored at: variant84)
3217408 [main] INFO clegoues.genprog4java.fitness.Fitness  - 	 gen: 1 1.0 StmtAppend(89,60) (stored at: variant85)
3217424 [main] ERROR clegoues.genprog4java.rep.JavaRepresentation  - org/apache/commons/math/ode/nonstiff/EmbeddedRungeKuttaIntegrator.java:237: error: cannot find symbol
    while (!lastStep) {
            ^
  symbol:   variable lastStep
  location: class EmbeddedRungeKuttaIntegrator
org/apache/commons/math/ode/nonstiff/EmbeddedRungeKuttaIntegrator.java:322: error: cannot find symbol
      lastStep = manager.stop();
      ^
  symbol:   variable lastStep
  location: class EmbeddedRungeKuttaIntegrator
org/apache/commons/math/ode/nonstiff/EmbeddedRungeKuttaIntegrator.java:327: error: cannot find symbol
          handler.handleStep(interpolator, lastStep);
                                           ^
  symbol:   variable lastStep
  location: class EmbeddedRungeKuttaIntegrator
org/apache/commons/math/ode/nonstiff/EmbeddedRungeKuttaIntegrator.java:336: error: cannot find symbol
      if (manager.reset(stepStart, y) && ! lastStep) {
                                           ^
  symbol:   variable lastStep
  location: class EmbeddedRungeKuttaIntegrator
org/apache/commons/math/ode/nonstiff/EmbeddedRungeKuttaIntegrator.java:342: error: cannot find symbol
      if (! lastStep) {
            ^
  symbol:   variable lastStep
  location: class EmbeddedRungeKuttaIntegrator
5 errors

3217424 [main] INFO clegoues.genprog4java.rep.CachingRepresentation  - StmtAppend(53,61) at variant86 fails to compile

3217425 [main] INFO clegoues.genprog4java.fitness.Fitness  - 	 gen: 1 0.0 StmtAppend(53,61) (stored at: variant86)
3218000 [main] INFO clegoues.genprog4java.fitness.Fitness  - 	 gen: 1 0.0 StmtAppend(59,33) (stored at: variant87)
3218016 [main] ERROR clegoues.genprog4java.rep.JavaRepresentation  - org/apache/commons/math/ode/nonstiff/EmbeddedRungeKuttaIntegrator.java:217: error: cannot find symbol
      rki.reinitialize(this, yTmp, yDotK, forward);
      ^
  symbol:   variable rki
  location: class EmbeddedRungeKuttaIntegrator
org/apache/commons/math/ode/nonstiff/EmbeddedRungeKuttaIntegrator.java:218: error: cannot find symbol
      interpolator = rki;
                     ^
  symbol:   variable rki
  location: class EmbeddedRungeKuttaIntegrator
2 errors

3218016 [main] INFO clegoues.genprog4java.rep.CachingRepresentation  - StmtAppend(40,34) at variant88 fails to compile

3218016 [main] INFO clegoues.genprog4java.fitness.Fitness  - 	 gen: 1 0.0 StmtAppend(40,34) (stored at: variant88)
3218033 [main] ERROR clegoues.genprog4java.rep.JavaRepresentation  - org/apache/commons/math/ode/nonstiff/EmbeddedRungeKuttaIntegrator.java:215: error: cannot find symbol
      rki.reinitialize(this, yTmp, yDotK, forward);
                                          ^
  symbol:   variable forward
  location: class EmbeddedRungeKuttaIntegrator
org/apache/commons/math/ode/nonstiff/EmbeddedRungeKuttaIntegrator.java:218: error: cannot find symbol
      interpolator = new DummyStepInterpolator(yTmp, forward);
                                                     ^
  symbol:   variable forward
  location: class EmbeddedRungeKuttaIntegrator
org/apache/commons/math/ode/nonstiff/EmbeddedRungeKuttaIntegrator.java:253: error: cannot find symbol
          hNew = initializeStep(equations, forward, getOrder(), scale,
                                           ^
  symbol:   variable forward
  location: class EmbeddedRungeKuttaIntegrator
org/apache/commons/math/ode/nonstiff/EmbeddedRungeKuttaIntegrator.java:309: error: cannot find symbol
          hNew = filterStep(stepSize * factor, forward, false);
                                               ^
  symbol:   variable forward
  location: class EmbeddedRungeKuttaIntegrator
org/apache/commons/math/ode/nonstiff/EmbeddedRungeKuttaIntegrator.java:342: error: cannot find symbol
          stepSize = filterStep(stepSize, forward, true);
                                          ^
  symbol:   variable forward
  location: class EmbeddedRungeKuttaIntegrator
org/apache/commons/math/ode/nonstiff/EmbeddedRungeKuttaIntegrator.java:350: error: cannot find symbol
        final boolean nextIsLast = forward ? (nextT >= t) : (nextT <= t);
                                   ^
  symbol:   variable forward
  location: class EmbeddedRungeKuttaIntegrator
org/apache/commons/math/ode/nonstiff/EmbeddedRungeKuttaIntegrator.java:351: error: cannot find symbol
        hNew = filterStep(scaledH, forward, nextIsLast);
                                   ^
  symbol:   variable forward
  location: class EmbeddedRungeKuttaIntegrator
7 errors

3218033 [main] INFO clegoues.genprog4java.rep.CachingRepresentation  - StmtDelete(30) at variant89 fails to compile

3218033 [main] INFO clegoues.genprog4java.fitness.Fitness  - 	 gen: 1 0.0 StmtDelete(30) (stored at: variant89)
3218576 [main] INFO clegoues.genprog4java.fitness.Fitness  - 	 gen: 1 1.0 StmtDelete(19) (stored at: variant90)
3222221 [main] INFO clegoues.genprog4java.fitness.Fitness  - 	 gen: 1 0.0 StmtDelete(110) (stored at: variant91)
3318430 [main] INFO clegoues.genprog4java.fitness.Fitness  - 	 gen: 1 0.0 StmtAppend(73,43) (stored at: variant92)
3319106 [main] INFO clegoues.genprog4java.fitness.Fitness  - 	 gen: 1 0.0 StmtDelete(113) (stored at: variant93)
3319733 [main] INFO clegoues.genprog4java.fitness.Fitness  - 	 gen: 1 1.0 StmtAppend(13,29) (stored at: variant94)
3320442 [main] INFO clegoues.genprog4java.fitness.Fitness  - 	 gen: 1 1.0 StmtReplace(113,74) (stored at: variant95)
3320460 [main] ERROR clegoues.genprog4java.rep.JavaRepresentation  - org/apache/commons/math/ode/nonstiff/EmbeddedRungeKuttaIntegrator.java:132: error: variable prototype might not have been initialized
  }
  ^
1 error

3320460 [main] INFO clegoues.genprog4java.rep.CachingRepresentation  - StmtDelete(6) at variant96 fails to compile

3320460 [main] INFO clegoues.genprog4java.fitness.Fitness  - 	 gen: 1 0.0 StmtDelete(6) (stored at: variant96)
3321168 [main] INFO clegoues.genprog4java.fitness.Fitness  - 	 gen: 1 1.0 StmtDelete(20) (stored at: variant97)
3321168 [main] INFO clegoues.genprog4java.Search.Search  - search: generation2
3332198 [main] INFO clegoues.genprog4java.fitness.Fitness  - 	 gen: 2 0.0 StmtReplace(20,10) StmtDelete(124) StmtReplace(78,96) (stored at: variant98)
3332222 [main] ERROR clegoues.genprog4java.rep.JavaRepresentation  - org/apache/commons/math/ode/nonstiff/EmbeddedRungeKuttaIntegrator.java:251: error: variable scale might not have been initialized
              java.util.Arrays.fill(scale, scalAbsoluteTolerance);
                                    ^
1 error

3332222 [main] INFO clegoues.genprog4java.rep.CachingRepresentation  - StmtReplace(27,29) StmtAppend(33,9) StmtReplace(68,56) at variant99 fails to compile

3332222 [main] INFO clegoues.genprog4java.fitness.Fitness  - 	 gen: 2 0.0 StmtReplace(27,29) StmtAppend(33,9) StmtReplace(68,56) (stored at: variant99)
3332885 [main] INFO clegoues.genprog4java.fitness.Fitness  - 	 gen: 2 1.0 StmtAppend(3,9) StmtDelete(113) StmtAppend(46,123) (stored at: variant100)
3332905 [main] ERROR clegoues.genprog4java.rep.JavaRepresentation  - org/apache/commons/math/ode/nonstiff/EmbeddedRungeKuttaIntegrator.java:319: error: cannot find symbol
      manager.stepAccepted(nextStep, y);
                           ^
  symbol:   variable nextStep
  location: class EmbeddedRungeKuttaIntegrator
org/apache/commons/math/ode/nonstiff/EmbeddedRungeKuttaIntegrator.java:323: error: cannot find symbol
      interpolator.storeTime(nextStep);
                             ^
  symbol:   variable nextStep
  location: class EmbeddedRungeKuttaIntegrator
org/apache/commons/math/ode/nonstiff/EmbeddedRungeKuttaIntegrator.java:325: error: cannot find symbol
      stepStart = nextStep;
                  ^
  symbol:   variable nextStep
  location: class EmbeddedRungeKuttaIntegrator
3 errors

3332906 [main] INFO clegoues.genprog4java.rep.CachingRepresentation  - StmtAppend(114,125) StmtReplace(74,95) StmtReplace(109,39) at variant101 fails to compile

3332906 [main] INFO clegoues.genprog4java.fitness.Fitness  - 	 gen: 2 0.0 StmtAppend(114,125) StmtReplace(74,95) StmtReplace(109,39) (stored at: variant101)
3332925 [main] ERROR clegoues.genprog4java.rep.JavaRepresentation  - org/apache/commons/math/ode/nonstiff/EmbeddedRungeKuttaIntegrator.java:131: error: variable prototype might not have been initialized
  }
  ^
1 error

3332925 [main] INFO clegoues.genprog4java.rep.CachingRepresentation  - StmtAppend(13,29) StmtReplace(6,20) at variant102 fails to compile

3332925 [main] INFO clegoues.genprog4java.fitness.Fitness  - 	 gen: 2 0.0 StmtAppend(13,29) StmtReplace(6,20) (stored at: variant102)
3429292 [main] INFO clegoues.genprog4java.fitness.Fitness  - 	 gen: 2 0.0 StmtDelete(117) StmtAppend(72,95) StmtReplace(25,133) (stored at: variant103)
3429810 [main] INFO clegoues.genprog4java.fitness.Fitness  - 	 gen: 2 1.0 StmtReplace(113,74) StmtAppend(39,85) (stored at: variant104)
3430265 [main] INFO clegoues.genprog4java.fitness.Fitness  - 	 gen: 2 1.0 StmtDelete(19) StmtDelete(29) (stored at: variant105)
3430652 [main] INFO clegoues.genprog4java.fitness.Fitness  - 	 gen: 2 0.0 StmtAppend(13,29) StmtDelete(114) (stored at: variant106)
3430669 [main] ERROR clegoues.genprog4java.rep.JavaRepresentation  - org/apache/commons/math/ode/nonstiff/EmbeddedRungeKuttaIntegrator.java:217: error: cannot find symbol
      rki.reinitialize(this, yTmp, yDotK, forward);
                             ^
  symbol:   variable yTmp
  location: class EmbeddedRungeKuttaIntegrator
org/apache/commons/math/ode/nonstiff/EmbeddedRungeKuttaIntegrator.java:220: error: cannot find symbol
      interpolator = new DummyStepInterpolator(yTmp, forward);
                                               ^
  symbol:   variable yTmp
  location: class EmbeddedRungeKuttaIntegrator
org/apache/commons/math/ode/nonstiff/EmbeddedRungeKuttaIntegrator.java:256: error: cannot find symbol
                                stepStart, y, yDotK[0], yTmp, yDotK[1]);
                                                        ^
  symbol:   variable yTmp
  location: class EmbeddedRungeKuttaIntegrator
org/apache/commons/math/ode/nonstiff/EmbeddedRungeKuttaIntegrator.java:270: error: cannot find symbol
            yTmp[j] = y[j] + stepSize * sum;
            ^
  symbol:   variable yTmp
  location: class EmbeddedRungeKuttaIntegrator
org/apache/commons/math/ode/nonstiff/EmbeddedRungeKuttaIntegrator.java:273: error: cannot find symbol
          computeDerivatives(stepStart + c[k-1] * stepSize, yTmp, yDotK[k]);
                                                            ^
  symbol:   variable yTmp
  location: class EmbeddedRungeKuttaIntegrator
org/apache/commons/math/ode/nonstiff/EmbeddedRungeKuttaIntegrator.java:283: error: cannot find symbol
          yTmp[j] = y[j] + stepSize * sum;
          ^
  symbol:   variable yTmp
  location: class EmbeddedRungeKuttaIntegrator
org/apache/commons/math/ode/nonstiff/EmbeddedRungeKuttaIntegrator.java:287: error: cannot find symbol
        error = estimateError(yDotK, y, yTmp, stepSize);
                                        ^
  symbol:   variable yTmp
  location: class EmbeddedRungeKuttaIntegrator
7 errors

3430669 [main] INFO clegoues.genprog4java.rep.CachingRepresentation  - StmtDelete(117) StmtDelete(110) StmtAppend(36,126) at variant107 fails to compile

3430669 [main] INFO clegoues.genprog4java.fitness.Fitness  - 	 gen: 2 0.0 StmtDelete(117) StmtDelete(110) StmtAppend(36,126) (stored at: variant107)
3431243 [main] INFO clegoues.genprog4java.fitness.Fitness  - 	 gen: 2 1.0 StmtReplace(104,93) StmtAppend(46,19) StmtAppend(119,125) (stored at: variant108)
3431263 [main] ERROR clegoues.genprog4java.rep.JavaRepresentation  - org/apache/commons/math/ode/nonstiff/EmbeddedRungeKuttaIntegrator.java:280: error: cannot find symbol
              sum += a[k-1][l] * yDotK[l][j];
              ^
  symbol:   variable sum
  location: class EmbeddedRungeKuttaIntegrator
org/apache/commons/math/ode/nonstiff/EmbeddedRungeKuttaIntegrator.java:282: error: cannot find symbol
            yTmp[j] = y[j] + stepSize * sum;
                                        ^
  symbol:   variable sum
  location: class EmbeddedRungeKuttaIntegrator
2 errors

3431263 [main] INFO clegoues.genprog4java.rep.CachingRepresentation  - StmtAppend(42,25) StmtReplace(79,94) at variant109 fails to compile

3431263 [main] INFO clegoues.genprog4java.fitness.Fitness  - 	 gen: 2 0.0 StmtAppend(42,25) StmtReplace(79,94) (stored at: variant109)
3431277 [main] ERROR clegoues.genprog4java.rep.JavaRepresentation  - org/apache/commons/math/ode/nonstiff/EmbeddedRungeKuttaIntegrator.java:284: error: cannot find symbol
            sum    += b[l] * yDotK[l][j];
            ^
  symbol:   variable sum
  location: class EmbeddedRungeKuttaIntegrator
org/apache/commons/math/ode/nonstiff/EmbeddedRungeKuttaIntegrator.java:286: error: cannot find symbol
          yTmp[j] = y[j] + stepSize * sum;
                                      ^
  symbol:   variable sum
  location: class EmbeddedRungeKuttaIntegrator
2 errors

3431278 [main] INFO clegoues.genprog4java.rep.CachingRepresentation  - StmtAppend(77,104) StmtDelete(87) at variant110 fails to compile

3431278 [main] INFO clegoues.genprog4java.fitness.Fitness  - 	 gen: 2 0.0 StmtAppend(77,104) StmtDelete(87) (stored at: variant110)
3527568 [main] INFO clegoues.genprog4java.fitness.Fitness  - 	 gen: 2 0.0 StmtDelete(117) StmtDelete(110) StmtAppend(32,27) (stored at: variant111)
3537985 [main] INFO clegoues.genprog4java.fitness.Fitness  - 	 gen: 2 0.0 StmtReplace(20,10) StmtDelete(124) StmtReplace(9,8) (stored at: variant112)
3537998 [main] ERROR clegoues.genprog4java.rep.JavaRepresentation  - org/apache/commons/math/ode/nonstiff/EmbeddedRungeKuttaIntegrator.java:131: error: variable fsal might not have been initialized
  }
  ^
1 error

3537998 [main] INFO clegoues.genprog4java.rep.CachingRepresentation  - StmtDelete(110) StmtReplace(2,21) at variant113 fails to compile

3537998 [main] INFO clegoues.genprog4java.fitness.Fitness  - 	 gen: 2 0.0 StmtDelete(110) StmtReplace(2,21) (stored at: variant113)
3538722 [main] INFO clegoues.genprog4java.fitness.Fitness  - 	 gen: 2 0.0 StmtAppend(68,20) StmtDelete(125) (stored at: variant114)
