0 [main] DEBUG clegoues.genprog4java.fitness.Fitness  - parsing granularity, value: class
20 [main] DEBUG clegoues.genprog4java.fitness.Fitness  - parsing granularity, value: class
#Fri Mar 12 08:01:20 CST 2021
negativeTestWeight=2.0
classSourceFolder=/home/rtx/repair/d4j/Math/74b/target/classes
model=default
sampleStrategy=variant
srcClassPath=/home/rtx/repair/d4j/Math/74b/target/classes
sourceVersion=1.8
popsize=40
regenPaths=false
posCoverageFile=coverage.path.pos
continue=false
edits=APPEND;DELETE;REPLACE
negCoverageFile=coverage.path.neg
workingDir=/home/rtx/repair/d4j/Math/74b/
clearTestCache=false
skipFailedSanity=false
sample=0.1 
oracleGenome=
testGranularity=class
justTestingFaultLoc=false
faultLocStrategy=standardPathFile
crossp=0.5
pMutation=1
generations=10
positiveTests=/home/rtx/repair/d4j/Math/74b/pos.tests
javaVM=/home/rtx/java/jdk1.8.0_271/jre/bin/java
seed=1
negativePathWeight=0.35
compileCommand=
fixStrategy=classScope
allowCoverageFail=false
targetClassName=/home/rtx/repair/d4j/Math/74b/bugfiles.txt
javaRuntime=java.lang.Runtime@6576fe71
classTestFolder=
modelPath=OVERALLModel.txt
sanity=yes
positivePathWeight=0.65
jacocoPath=/home/rtx/eclipse-workspace/genprog4java/lib/jacocoagent.jar
negativeTests=/home/rtx/repair/d4j/Math/74b/neg.tests
pathToFileHumanInjectedFaultLoc=fileHumanInjectedFaultLoc.txt
outputDir=/home/rtx/repair/d4j/Math/74b/genprog4java/variantSeed1/
testClassPath=/home/rtx/repair/d4j/Math/74b/target/classes\:/home/rtx/repair/d4j/Math/74b/target/test-classes\:/home/rtx/repair/defects4j/framework/projects/lib/junit-4.11.jar\:/home/rtx/repair/d4j/Math/74b/lib/junit-4.4.jar
faultStrategy=classScope
sourceDir=src/main/java
checkSpace=false
search=gp
globalExtension=.java
faultSpaceSubSet=1/5
maxVariants=50
libs=/home/rtx/eclipse-workspace/genprog4java/lib/junittestrunner.jar\:/home/rtx/eclipse-workspace/genprog4java/lib/commons-cli-20040117.000000.jar\:/home/rtx/eclipse-workspace/genprog4java/lib/junit-4.12.jar\:/home/rtx/eclipse-workspace/genprog4java/lib/hamcrest-core-1.3.jar\:/home/rtx/eclipse-workspace/genprog4java/lib/log4j-1.2.17.jar\:/home/rtx/repair/d4j/Math/74b/target/classes\:/home/rtx/repair/d4j/Math/74b/target/test-classes\:/home/rtx/repair/defects4j/framework/projects/lib/junit-4.11.jar\:/home/rtx/repair/d4j/Math/74b/lib/junit-4.4.jar\:/home/rtx/repair/d4j/Math/74b/target/classes
crossover=onepoint
82 [main] INFO clegoues.genprog4java.main.Main  - Configuration file loaded
14909 [main] INFO clegoues.genprog4java.rep.CachingRepresentation  - loaded from source clegoues.genprog4java.java.ClassInfo@7f18d44c
14909 [main] INFO clegoues.genprog4java.rep.CachingRepresentation  - sanity checking begins
15333 [main] INFO clegoues.genprog4java.rep.CachingRepresentation  - Checking test number 1 out of 10
15571 [main] INFO clegoues.genprog4java.rep.CachingRepresentation  - true (1)

15572 [main] INFO clegoues.genprog4java.rep.CachingRepresentation  - Checking test number 2 out of 10
16063 [main] INFO clegoues.genprog4java.rep.CachingRepresentation  - true (1)

16063 [main] INFO clegoues.genprog4java.rep.CachingRepresentation  - Checking test number 3 out of 10
16251 [main] INFO clegoues.genprog4java.rep.CachingRepresentation  - true (1)

16251 [main] INFO clegoues.genprog4java.rep.CachingRepresentation  - Checking test number 4 out of 10
16521 [main] INFO clegoues.genprog4java.rep.CachingRepresentation  - true (1)

16521 [main] INFO clegoues.genprog4java.rep.CachingRepresentation  - Checking test number 5 out of 10
16717 [main] INFO clegoues.genprog4java.rep.CachingRepresentation  - true (1)

16717 [main] INFO clegoues.genprog4java.rep.CachingRepresentation  - Checking test number 6 out of 10
17006 [main] INFO clegoues.genprog4java.rep.CachingRepresentation  - true (1)

17006 [main] INFO clegoues.genprog4java.rep.CachingRepresentation  - Checking test number 7 out of 10
17218 [main] INFO clegoues.genprog4java.rep.CachingRepresentation  - true (1)

17219 [main] INFO clegoues.genprog4java.rep.CachingRepresentation  - Checking test number 8 out of 10
17513 [main] INFO clegoues.genprog4java.rep.CachingRepresentation  - true (1)

17514 [main] INFO clegoues.genprog4java.rep.CachingRepresentation  - Checking test number 9 out of 10
17819 [main] INFO clegoues.genprog4java.rep.CachingRepresentation  - true (1)

17819 [main] INFO clegoues.genprog4java.rep.CachingRepresentation  - Checking test number 10 out of 10
17991 [main] INFO clegoues.genprog4java.rep.CachingRepresentation  - true (1)

17991 [main] INFO clegoues.genprog4java.rep.CachingRepresentation  - 	n1: 
18280 [main] INFO clegoues.genprog4java.rep.CachingRepresentation  - false (0)

18280 [main] INFO clegoues.genprog4java.rep.CachingRepresentation  - sanity checking completed (time taken = 3371)
18280 [main] INFO clegoues.genprog4java.localization.DefaultLocalization  - Start Fault Localization
18302 [main] INFO clegoues.genprog4java.localization.DefaultLocalization  - Finish Fault Localization
18303 [main] INFO clegoues.genprog4java.Search.Search  - search: genetic algorithm begins

19084 [main] INFO clegoues.genprog4java.fitness.Fitness  - 	 gen: 0 1.0 original (stored at: variant0)
115549 [main] INFO clegoues.genprog4java.fitness.Fitness  - 	 gen: 0 0.0 StmtDelete(103) (stored at: variant1)
115615 [main] ERROR clegoues.genprog4java.rep.JavaRepresentation  - org/apache/commons/math/ode/nonstiff/EmbeddedRungeKuttaIntegrator.java:239: error: cannot find symbol
        if (firstTime || !fsal) {
            ^
  symbol:   variable firstTime
  location: class EmbeddedRungeKuttaIntegrator
org/apache/commons/math/ode/nonstiff/EmbeddedRungeKuttaIntegrator.java:244: error: cannot find symbol
        if (firstTime) {
            ^
  symbol:   variable firstTime
  location: class EmbeddedRungeKuttaIntegrator
org/apache/commons/math/ode/nonstiff/EmbeddedRungeKuttaIntegrator.java:244: error: illegal start of type
        if (firstTime) {
           ^
org/apache/commons/math/ode/nonstiff/EmbeddedRungeKuttaIntegrator.java:254: error: cannot find symbol
          firstTime = false;
          ^
  symbol:   variable firstTime
  location: class EmbeddedRungeKuttaIntegrator
4 errors

115615 [main] INFO clegoues.genprog4java.rep.CachingRepresentation  - StmtReplace(48,8) at variant2 fails to compile

115615 [main] INFO clegoues.genprog4java.fitness.Fitness  - 	 gen: 0 0.0 StmtReplace(48,8) (stored at: variant2)
116202 [main] INFO clegoues.genprog4java.fitness.Fitness  - 	 gen: 0 1.0 StmtReplace(131,122) (stored at: variant3)
212489 [main] INFO clegoues.genprog4java.fitness.Fitness  - 	 gen: 0 0.0 StmtDelete(56) (stored at: variant4)
213055 [main] INFO clegoues.genprog4java.fitness.Fitness  - 	 gen: 0 1.0 StmtAppend(72,69) (stored at: variant5)
213625 [main] INFO clegoues.genprog4java.fitness.Fitness  - 	 gen: 0 0.0 StmtAppend(92,100) (stored at: variant6)
214183 [main] INFO clegoues.genprog4java.fitness.Fitness  - 	 gen: 0 1.0 StmtReplace(19,29) (stored at: variant7)
214221 [main] ERROR clegoues.genprog4java.rep.JavaRepresentation  - org/apache/commons/math/ode/nonstiff/EmbeddedRungeKuttaIntegrator.java:114: error: no suitable constructor found for AdaptiveStepsizeIntegrator(no arguments)
                                         final double scalRelativeTolerance) {
                                                                             ^
    constructor AdaptiveStepsizeIntegrator.AdaptiveStepsizeIntegrator(String,double,double,double,double) is not applicable
      (actual and formal argument lists differ in length)
    constructor AdaptiveStepsizeIntegrator.AdaptiveStepsizeIntegrator(String,double,double,double[],double[]) is not applicable
      (actual and formal argument lists differ in length)
1 error

214222 [main] INFO clegoues.genprog4java.rep.CachingRepresentation  - StmtDelete(1) at variant8 fails to compile

214222 [main] INFO clegoues.genprog4java.fitness.Fitness  - 	 gen: 0 0.0 StmtDelete(1) (stored at: variant8)
214862 [main] INFO clegoues.genprog4java.fitness.Fitness  - 	 gen: 0 1.0 StmtDelete(20) (stored at: variant9)
215542 [main] INFO clegoues.genprog4java.fitness.Fitness  - 	 gen: 0 1.0 StmtAppend(81,29) (stored at: variant10)
216073 [main] INFO clegoues.genprog4java.fitness.Fitness  - 	 gen: 0 1.0 StmtAppend(28,21) (stored at: variant11)
216809 [main] INFO clegoues.genprog4java.fitness.Fitness  - 	 gen: 0 1.0 StmtDelete(27) (stored at: variant12)
216848 [main] ERROR clegoues.genprog4java.rep.JavaRepresentation  - org/apache/commons/math/ode/nonstiff/EmbeddedRungeKuttaIntegrator.java:215: error: cannot find symbol
      rki.reinitialize(this, yTmp, yDotK, forward);
                             ^
  symbol:   variable yTmp
  location: class EmbeddedRungeKuttaIntegrator
org/apache/commons/math/ode/nonstiff/EmbeddedRungeKuttaIntegrator.java:218: error: cannot find symbol
      interpolator = new DummyStepInterpolator(yTmp, forward);
                                               ^
  symbol:   variable yTmp
  location: class EmbeddedRungeKuttaIntegrator
org/apache/commons/math/ode/nonstiff/EmbeddedRungeKuttaIntegrator.java:254: error: cannot find symbol
                                stepStart, y, yDotK[0], yTmp, yDotK[1]);
                                                        ^
  symbol:   variable yTmp
  location: class EmbeddedRungeKuttaIntegrator
org/apache/commons/math/ode/nonstiff/EmbeddedRungeKuttaIntegrator.java:268: error: cannot find symbol
            yTmp[j] = y[j] + stepSize * sum;
            ^
  symbol:   variable yTmp
  location: class EmbeddedRungeKuttaIntegrator
org/apache/commons/math/ode/nonstiff/EmbeddedRungeKuttaIntegrator.java:271: error: cannot find symbol
          computeDerivatives(stepStart + c[k-1] * stepSize, yTmp, yDotK[k]);
                                                            ^
  symbol:   variable yTmp
  location: class EmbeddedRungeKuttaIntegrator
org/apache/commons/math/ode/nonstiff/EmbeddedRungeKuttaIntegrator.java:281: error: cannot find symbol
          yTmp[j] = y[j] + stepSize * sum;
          ^
  symbol:   variable yTmp
  location: class EmbeddedRungeKuttaIntegrator
org/apache/commons/math/ode/nonstiff/EmbeddedRungeKuttaIntegrator.java:285: error: cannot find symbol
        error = estimateError(yDotK, y, yTmp, stepSize);
                                        ^
  symbol:   variable yTmp
  location: class EmbeddedRungeKuttaIntegrator
org/apache/commons/math/ode/nonstiff/EmbeddedRungeKuttaIntegrator.java:316: error: cannot find symbol
      System.arraycopy(yTmp, 0, y, 0, y0.length);
                       ^
  symbol:   variable yTmp
  location: class EmbeddedRungeKuttaIntegrator
8 errors

216848 [main] INFO clegoues.genprog4java.rep.CachingRepresentation  - StmtDelete(36) at variant13 fails to compile

216848 [main] INFO clegoues.genprog4java.fitness.Fitness  - 	 gen: 0 0.0 StmtDelete(36) (stored at: variant13)
217444 [main] INFO clegoues.genprog4java.fitness.Fitness  - 	 gen: 0 0.0 StmtAppend(61,104) (stored at: variant14)
217471 [main] ERROR clegoues.genprog4java.rep.JavaRepresentation  - org/apache/commons/math/ode/nonstiff/EmbeddedRungeKuttaIntegrator.java:132: error: variable b might not have been initialized
  }
  ^
1 error

217472 [main] INFO clegoues.genprog4java.rep.CachingRepresentation  - StmtDelete(5) at variant15 fails to compile

217472 [main] INFO clegoues.genprog4java.fitness.Fitness  - 	 gen: 0 0.0 StmtDelete(5) (stored at: variant15)
217504 [main] ERROR clegoues.genprog4java.rep.JavaRepresentation  - org/apache/commons/math/ode/nonstiff/EmbeddedRungeKuttaIntegrator.java:170: error: variable prototype might not have been initialized
  }
  ^
1 error

217505 [main] INFO clegoues.genprog4java.rep.CachingRepresentation  - StmtDelete(17) at variant16 fails to compile

217505 [main] INFO clegoues.genprog4java.fitness.Fitness  - 	 gen: 0 0.0 StmtDelete(17) (stored at: variant16)
217544 [main] ERROR clegoues.genprog4java.rep.JavaRepresentation  - org/apache/commons/math/ode/nonstiff/EmbeddedRungeKuttaIntegrator.java:207: error: cannot find symbol
    final double[][] yDotK = new double[stages][y0.length];
                                        ^
  symbol:   variable stages
  location: class EmbeddedRungeKuttaIntegrator
org/apache/commons/math/ode/nonstiff/EmbeddedRungeKuttaIntegrator.java:260: error: cannot find symbol
        for (int k = 1; k < stages; ++k) {
                            ^
  symbol:   variable stages
  location: class EmbeddedRungeKuttaIntegrator
org/apache/commons/math/ode/nonstiff/EmbeddedRungeKuttaIntegrator.java:277: error: cannot find symbol
          for (int l = 1; l < stages; ++l) {
                              ^
  symbol:   variable stages
  location: class EmbeddedRungeKuttaIntegrator
org/apache/commons/math/ode/nonstiff/EmbeddedRungeKuttaIntegrator.java:328: error: cannot find symbol
        System.arraycopy(yDotK[stages - 1], 0, yDotK[0], 0, y0.length);
                               ^
  symbol:   variable stages
  location: class EmbeddedRungeKuttaIntegrator
4 errors

217544 [main] INFO clegoues.genprog4java.rep.CachingRepresentation  - StmtDelete(31) at variant17 fails to compile

217544 [main] INFO clegoues.genprog4java.fitness.Fitness  - 	 gen: 0 0.0 StmtDelete(31) (stored at: variant17)
217577 [main] ERROR clegoues.genprog4java.rep.JavaRepresentation  - org/apache/commons/math/ode/nonstiff/EmbeddedRungeKuttaIntegrator.java:240: error: cannot find symbol
        if (firstTime || !fsal) {
            ^
  symbol:   variable firstTime
  location: class EmbeddedRungeKuttaIntegrator
org/apache/commons/math/ode/nonstiff/EmbeddedRungeKuttaIntegrator.java:245: error: cannot find symbol
        if (firstTime) {
            ^
  symbol:   variable firstTime
  location: class EmbeddedRungeKuttaIntegrator
org/apache/commons/math/ode/nonstiff/EmbeddedRungeKuttaIntegrator.java:245: error: illegal start of type
        if (firstTime) {
           ^
org/apache/commons/math/ode/nonstiff/EmbeddedRungeKuttaIntegrator.java:255: error: cannot find symbol
          firstTime = false;
          ^
  symbol:   variable firstTime
  location: class EmbeddedRungeKuttaIntegrator
4 errors

217578 [main] INFO clegoues.genprog4java.rep.CachingRepresentation  - StmtDelete(48) at variant18 fails to compile

217578 [main] INFO clegoues.genprog4java.fitness.Fitness  - 	 gen: 0 0.0 StmtDelete(48) (stored at: variant18)
313949 [main] INFO clegoues.genprog4java.fitness.Fitness  - 	 gen: 0 0.0 StmtDelete(142) (stored at: variant19)
506003 [main] INFO clegoues.genprog4java.fitness.Fitness  - 	 gen: 0 0.0 StmtDelete(72) (stored at: variant20)
698040 [main] INFO clegoues.genprog4java.fitness.Fitness  - 	 gen: 0 0.0 StmtReplace(45,126) (stored at: variant21)
698081 [main] ERROR clegoues.genprog4java.rep.JavaRepresentation  - org/apache/commons/math/ode/nonstiff/EmbeddedRungeKuttaIntegrator.java:209: error: cannot find symbol
    final double[][] yDotK = new double[stages][y0.length];
                                        ^
  symbol:   variable stages
  location: class EmbeddedRungeKuttaIntegrator
org/apache/commons/math/ode/nonstiff/EmbeddedRungeKuttaIntegrator.java:262: error: cannot find symbol
        for (int k = 1; k < stages; ++k) {
                            ^
  symbol:   variable stages
  location: class EmbeddedRungeKuttaIntegrator
org/apache/commons/math/ode/nonstiff/EmbeddedRungeKuttaIntegrator.java:279: error: cannot find symbol
          for (int l = 1; l < stages; ++l) {
                              ^
  symbol:   variable stages
  location: class EmbeddedRungeKuttaIntegrator
org/apache/commons/math/ode/nonstiff/EmbeddedRungeKuttaIntegrator.java:330: error: cannot find symbol
        System.arraycopy(yDotK[stages - 1], 0, yDotK[0], 0, y0.length);
                               ^
  symbol:   variable stages
  location: class EmbeddedRungeKuttaIntegrator
4 errors

698081 [main] INFO clegoues.genprog4java.rep.CachingRepresentation  - StmtAppend(31,9) at variant22 fails to compile

698081 [main] INFO clegoues.genprog4java.fitness.Fitness  - 	 gen: 0 0.0 StmtAppend(31,9) (stored at: variant22)
698103 [main] ERROR clegoues.genprog4java.rep.JavaRepresentation  - org/apache/commons/math/ode/nonstiff/EmbeddedRungeKuttaIntegrator.java:266: error: cannot find symbol
              sum += a[k-1][l] * yDotK[l][j];
              ^
  symbol:   variable sum
  location: class EmbeddedRungeKuttaIntegrator
org/apache/commons/math/ode/nonstiff/EmbeddedRungeKuttaIntegrator.java:268: error: cannot find symbol
            yTmp[j] = y[j] + stepSize * sum;
                                        ^
  symbol:   variable sum
  location: class EmbeddedRungeKuttaIntegrator
2 errors

698103 [main] INFO clegoues.genprog4java.rep.CachingRepresentation  - StmtDelete(79) at variant23 fails to compile

698103 [main] INFO clegoues.genprog4java.fitness.Fitness  - 	 gen: 0 0.0 StmtDelete(79) (stored at: variant23)
698646 [main] INFO clegoues.genprog4java.fitness.Fitness  - 	 gen: 0 1.0 StmtAppend(97,73) (stored at: variant24)
699276 [main] INFO clegoues.genprog4java.fitness.Fitness  - 	 gen: 0 1.0 StmtAppend(110,138) (stored at: variant25)
703099 [main] INFO clegoues.genprog4java.fitness.Fitness  - 	 gen: 0 0.0 StmtReplace(113,34) (stored at: variant26)
703679 [main] INFO clegoues.genprog4java.fitness.Fitness  - 	 gen: 0 0.0 StmtAppend(89,33) (stored at: variant27)
703701 [main] ERROR clegoues.genprog4java.rep.JavaRepresentation  - org/apache/commons/math/ode/nonstiff/EmbeddedRungeKuttaIntegrator.java:206: error: cannot find symbol
    final double[][] yDotK = new double[stages][y0.length];
                                        ^
  symbol:   variable stages
  location: class EmbeddedRungeKuttaIntegrator
org/apache/commons/math/ode/nonstiff/EmbeddedRungeKuttaIntegrator.java:259: error: cannot find symbol
        for (int k = 1; k < stages; ++k) {
                            ^
  symbol:   variable stages
  location: class EmbeddedRungeKuttaIntegrator
org/apache/commons/math/ode/nonstiff/EmbeddedRungeKuttaIntegrator.java:276: error: cannot find symbol
          for (int l = 1; l < stages; ++l) {
                              ^
  symbol:   variable stages
  location: class EmbeddedRungeKuttaIntegrator
org/apache/commons/math/ode/nonstiff/EmbeddedRungeKuttaIntegrator.java:327: error: cannot find symbol
        System.arraycopy(yDotK[stages - 1], 0, yDotK[0], 0, y0.length);
                               ^
  symbol:   variable stages
  location: class EmbeddedRungeKuttaIntegrator
4 errors

703701 [main] INFO clegoues.genprog4java.rep.CachingRepresentation  - StmtReplace(31,25) at variant28 fails to compile

703701 [main] INFO clegoues.genprog4java.fitness.Fitness  - 	 gen: 0 0.0 StmtReplace(31,25) (stored at: variant28)
704469 [main] INFO clegoues.genprog4java.fitness.Fitness  - 	 gen: 0 1.0 StmtDelete(100) (stored at: variant29)
705017 [main] INFO clegoues.genprog4java.fitness.Fitness  - 	 gen: 0 1.0 StmtReplace(21,29) (stored at: variant30)
705035 [main] ERROR clegoues.genprog4java.rep.JavaRepresentation  - org/apache/commons/math/ode/nonstiff/EmbeddedRungeKuttaIntegrator.java:170: error: variable prototype might not have been initialized
  }
  ^
1 error

705035 [main] INFO clegoues.genprog4java.rep.CachingRepresentation  - StmtDelete(17) at variant31 fails to compile

705035 [main] INFO clegoues.genprog4java.fitness.Fitness  - 	 gen: 0 0.0 StmtDelete(17) (stored at: variant31)
705056 [main] ERROR clegoues.genprog4java.rep.JavaRepresentation  - org/apache/commons/math/ode/nonstiff/EmbeddedRungeKuttaIntegrator.java:170: error: variable c might not have been initialized
  }
  ^
1 error

705057 [main] INFO clegoues.genprog4java.rep.CachingRepresentation  - StmtDelete(14) at variant32 fails to compile

705057 [main] INFO clegoues.genprog4java.fitness.Fitness  - 	 gen: 0 0.0 StmtDelete(14) (stored at: variant32)
705874 [main] INFO clegoues.genprog4java.fitness.Fitness  - 	 gen: 0 1.0 StmtAppend(83,21) (stored at: variant33)
706512 [main] INFO clegoues.genprog4java.fitness.Fitness  - 	 gen: 0 1.0 StmtAppend(95,28) (stored at: variant34)
746990 [main] INFO clegoues.genprog4java.fitness.Fitness  - 	 gen: 0 0.0 StmtDelete(119) (stored at: variant35)
747010 [main] ERROR clegoues.genprog4java.rep.JavaRepresentation  - org/apache/commons/math/ode/nonstiff/EmbeddedRungeKuttaIntegrator.java:217: error: variable interpolator might not have been initialized
		interpolator.shift();
		^
1 error

747010 [main] INFO clegoues.genprog4java.rep.CachingRepresentation  - StmtReplace(43,56) at variant36 fails to compile

747010 [main] INFO clegoues.genprog4java.fitness.Fitness  - 	 gen: 0 0.0 StmtReplace(43,56) (stored at: variant36)
747542 [main] INFO clegoues.genprog4java.fitness.Fitness  - 	 gen: 0 0.0 StmtDelete(60) (stored at: variant37)
843849 [main] INFO clegoues.genprog4java.fitness.Fitness  - 	 gen: 0 0.0 StmtReplace(103,19) (stored at: variant38)
1035882 [main] INFO clegoues.genprog4java.fitness.Fitness  - 	 gen: 0 0.0 StmtReplace(64,105) (stored at: variant39)
1035883 [main] INFO clegoues.genprog4java.Search.Search  - search: generation1
1036988 [main] INFO clegoues.genprog4java.fitness.Fitness  - 	 gen: 1 1.0 StmtReplace(21,29) StmtDelete(92) (stored at: variant40)
1037528 [main] INFO clegoues.genprog4java.fitness.Fitness  - 	 gen: 1 1.0 StmtAppend(72,69) StmtDelete(85) (stored at: variant41)
1037548 [main] ERROR clegoues.genprog4java.rep.JavaRepresentation  - org/apache/commons/math/ode/nonstiff/EmbeddedRungeKuttaIntegrator.java:345: error: cannot find symbol
        final double  scaledH    = stepSize * factor;
                                              ^
  symbol:   variable factor
  location: class EmbeddedRungeKuttaIntegrator
1 error

1037548 [main] INFO clegoues.genprog4java.rep.CachingRepresentation  - StmtDelete(27) StmtReplace(127,123) at variant42 fails to compile

1037548 [main] INFO clegoues.genprog4java.fitness.Fitness  - 	 gen: 1 0.0 StmtDelete(27) StmtReplace(127,123) (stored at: variant42)
1038077 [main] INFO clegoues.genprog4java.fitness.Fitness  - 	 gen: 1 1.0 StmtAppend(95,28) StmtAppend(27,133) (stored at: variant43)
1134383 [main] INFO clegoues.genprog4java.fitness.Fitness  - 	 gen: 1 0.0 StmtAppend(95,28) StmtReplace(142,29) (stored at: variant44)
1134693 [main] INFO clegoues.genprog4java.fitness.Fitness  - 	 gen: 1 1.0 StmtAppend(81,29) StmtDelete(82) (stored at: variant45)
1134727 [main] ERROR clegoues.genprog4java.rep.JavaRepresentation  - org/apache/commons/math/ode/nonstiff/EmbeddedRungeKuttaIntegrator.java:247: error: variable scale might not have been initialized
          hNew = initializeStep(equations, forward, getOrder(), scale,
                                                                ^
1 error

1134727 [main] INFO clegoues.genprog4java.rep.CachingRepresentation  - StmtDelete(100) StmtReplace(66,95) at variant46 fails to compile

1134728 [main] INFO clegoues.genprog4java.fitness.Fitness  - 	 gen: 1 0.0 StmtDelete(100) StmtReplace(66,95) (stored at: variant46)
1135377 [main] INFO clegoues.genprog4java.fitness.Fitness  - 	 gen: 1 1.0 StmtAppend(28,21) StmtReplace(124,56) (stored at: variant47)
1327409 [main] INFO clegoues.genprog4java.fitness.Fitness  - 	 gen: 1 0.0 StmtDelete(27) StmtReplace(74,73) (stored at: variant48)
1519438 [main] INFO clegoues.genprog4java.fitness.Fitness  - 	 gen: 1 0.0 StmtReplace(104,10) (stored at: variant49)
1519459 [main] ERROR clegoues.genprog4java.rep.JavaRepresentation  - org/apache/commons/math/ode/nonstiff/EmbeddedRungeKuttaIntegrator.java:218: error: cannot find symbol
      rki.reinitialize(this, yTmp, yDotK, forward);
      ^
  symbol:   variable rki
  location: class EmbeddedRungeKuttaIntegrator
org/apache/commons/math/ode/nonstiff/EmbeddedRungeKuttaIntegrator.java:219: error: cannot find symbol
      interpolator = rki;
                     ^
  symbol:   variable rki
  location: class EmbeddedRungeKuttaIntegrator
2 errors

1519460 [main] INFO clegoues.genprog4java.rep.CachingRepresentation  - StmtAppend(81,29) StmtReplace(40,39) at variant50 fails to compile

1519460 [main] INFO clegoues.genprog4java.fitness.Fitness  - 	 gen: 1 0.0 StmtAppend(81,29) StmtReplace(40,39) (stored at: variant50)
1520079 [main] INFO clegoues.genprog4java.fitness.Fitness  - 	 gen: 1 1.0 StmtAppend(95,28) StmtDelete(9) (stored at: variant51)
1520543 [main] INFO clegoues.genprog4java.fitness.Fitness  - 	 gen: 1 0.0 StmtAppend(110,138) StmtReplace(75,10) (stored at: variant52)
1541366 [main] INFO clegoues.genprog4java.fitness.Fitness  - 	 gen: 1 0.0 StmtReplace(88,100) (stored at: variant53)
1541389 [main] ERROR clegoues.genprog4java.rep.JavaRepresentation  - org/apache/commons/math/ode/nonstiff/EmbeddedRungeKuttaIntegrator.java:351: error: cannot find symbol
        hNew = filterStep(scaledH, forward, nextIsLast);
                                            ^
  symbol:   variable nextIsLast
  location: class EmbeddedRungeKuttaIntegrator
1 error

1541389 [main] INFO clegoues.genprog4java.rep.CachingRepresentation  - StmtDelete(100) StmtAppend(130,95) at variant54 fails to compile

1541390 [main] INFO clegoues.genprog4java.fitness.Fitness  - 	 gen: 1 0.0 StmtDelete(100) StmtAppend(130,95) (stored at: variant54)
1733427 [main] INFO clegoues.genprog4java.fitness.Fitness  - 	 gen: 1 0.0 StmtDelete(100) StmtDelete(46) (stored at: variant55)
1925458 [main] INFO clegoues.genprog4java.fitness.Fitness  - 	 gen: 1 0.0 StmtDelete(100) StmtReplace(94,28) (stored at: variant56)
2117633 [main] INFO clegoues.genprog4java.fitness.Fitness  - 	 gen: 1 0.0 StmtDelete(20) StmtReplace(59,75) (stored at: variant57)
2118204 [main] INFO clegoues.genprog4java.fitness.Fitness  - 	 gen: 1 1.0 StmtReplace(131,122) StmtAppend(72,8) (stored at: variant58)
2118224 [main] ERROR clegoues.genprog4java.rep.JavaRepresentation  - org/apache/commons/math/ode/nonstiff/EmbeddedRungeKuttaIntegrator.java:215: error: cannot find symbol
      rki.reinitialize(this, yTmp, yDotK, forward);
                                   ^
  symbol:   variable yDotK
  location: class EmbeddedRungeKuttaIntegrator
org/apache/commons/math/ode/nonstiff/EmbeddedRungeKuttaIntegrator.java:242: error: cannot find symbol
          computeDerivatives(stepStart, y, yDotK[0]);
                                           ^
  symbol:   variable yDotK
  location: class EmbeddedRungeKuttaIntegrator
org/apache/commons/math/ode/nonstiff/EmbeddedRungeKuttaIntegrator.java:254: error: cannot find symbol
                                stepStart, y, yDotK[0], yTmp, yDotK[1]);
                                              ^
  symbol:   variable yDotK
  location: class EmbeddedRungeKuttaIntegrator
org/apache/commons/math/ode/nonstiff/EmbeddedRungeKuttaIntegrator.java:254: error: cannot find symbol
                                stepStart, y, yDotK[0], yTmp, yDotK[1]);
                                                              ^
  symbol:   variable yDotK
  location: class EmbeddedRungeKuttaIntegrator
org/apache/commons/math/ode/nonstiff/EmbeddedRungeKuttaIntegrator.java:264: error: cannot find symbol
            double sum = a[k-1][0] * yDotK[0][j];
                                     ^
  symbol:   variable yDotK
  location: class EmbeddedRungeKuttaIntegrator
org/apache/commons/math/ode/nonstiff/EmbeddedRungeKuttaIntegrator.java:266: error: cannot find symbol
              sum += a[k-1][l] * yDotK[l][j];
                                 ^
  symbol:   variable yDotK
  location: class EmbeddedRungeKuttaIntegrator
org/apache/commons/math/ode/nonstiff/EmbeddedRungeKuttaIntegrator.java:271: error: cannot find symbol
          computeDerivatives(stepStart + c[k-1] * stepSize, yTmp, yDotK[k]);
                                                                  ^
  symbol:   variable yDotK
  location: class EmbeddedRungeKuttaIntegrator
org/apache/commons/math/ode/nonstiff/EmbeddedRungeKuttaIntegrator.java:277: error: cannot find symbol
          double sum    = b[0] * yDotK[0][j];
                                 ^
  symbol:   variable yDotK
  location: class EmbeddedRungeKuttaIntegrator
org/apache/commons/math/ode/nonstiff/EmbeddedRungeKuttaIntegrator.java:279: error: cannot find symbol
            sum    += b[l] * yDotK[l][j];
                             ^
  symbol:   variable yDotK
  location: class EmbeddedRungeKuttaIntegrator
org/apache/commons/math/ode/nonstiff/EmbeddedRungeKuttaIntegrator.java:285: error: cannot find symbol
        error = estimateError(yDotK, y, yTmp, stepSize);
                              ^
  symbol:   variable yDotK
  location: class EmbeddedRungeKuttaIntegrator
org/apache/commons/math/ode/nonstiff/EmbeddedRungeKuttaIntegrator.java:329: error: cannot find symbol
        System.arraycopy(yDotK[stages - 1], 0, yDotK[0], 0, y0.length);
                         ^
  symbol:   variable yDotK
  location: class EmbeddedRungeKuttaIntegrator
org/apache/commons/math/ode/nonstiff/EmbeddedRungeKuttaIntegrator.java:329: error: cannot find symbol
        System.arraycopy(yDotK[stages - 1], 0, yDotK[0], 0, y0.length);
                                               ^
  symbol:   variable yDotK
  location: class EmbeddedRungeKuttaIntegrator
org/apache/commons/math/ode/nonstiff/EmbeddedRungeKuttaIntegrator.java:335: error: cannot find symbol
        computeDerivatives(stepStart, y, yDotK[0]);
                                         ^
  symbol:   variable yDotK
  location: class EmbeddedRungeKuttaIntegrator
13 errors

2118224 [main] INFO clegoues.genprog4java.rep.CachingRepresentation  - StmtReplace(21,29) StmtDelete(35) at variant59 fails to compile

2118224 [main] INFO clegoues.genprog4java.fitness.Fitness  - 	 gen: 1 0.0 StmtReplace(21,29) StmtDelete(35) (stored at: variant59)
2214499 [main] INFO clegoues.genprog4java.fitness.Fitness  - 	 gen: 1 0.0 StmtAppend(83,21) StmtDelete(45) (stored at: variant60)
2214975 [main] INFO clegoues.genprog4java.fitness.Fitness  - 	 gen: 1 1.0 StmtAppend(67,10) (stored at: variant61)
2215361 [main] INFO clegoues.genprog4java.fitness.Fitness  - 	 gen: 1 0.0 StmtDelete(100) StmtReplace(114,25) (stored at: variant62)
2259946 [main] INFO clegoues.genprog4java.fitness.Fitness  - 	 gen: 1 0.0 StmtAppend(81,29) StmtReplace(80,64) (stored at: variant63)
2260525 [main] INFO clegoues.genprog4java.fitness.Fitness  - 	 gen: 1 1.0 StmtDelete(27) StmtDelete(49) (stored at: variant64)
2452566 [main] INFO clegoues.genprog4java.fitness.Fitness  - 	 gen: 1 0.0 StmtAppend(95,28) StmtReplace(74,19) (stored at: variant65)
2452924 [main] INFO clegoues.genprog4java.fitness.Fitness  - 	 gen: 1 0.0 StmtDelete(20) StmtReplace(41,34) (stored at: variant66)
2453418 [main] INFO clegoues.genprog4java.fitness.Fitness  - 	 gen: 1 1.0 StmtAppend(72,69) StmtAppend(83,28) (stored at: variant67)
2645450 [main] INFO clegoues.genprog4java.fitness.Fitness  - 	 gen: 1 0.0 StmtAppend(110,138) StmtReplace(69,126) (stored at: variant68)
2645466 [main] ERROR clegoues.genprog4java.rep.JavaRepresentation  - org/apache/commons/math/ode/nonstiff/EmbeddedRungeKuttaIntegrator.java:317: error: cannot find symbol
      manager.stepAccepted(nextStep, y);
                           ^
  symbol:   variable nextStep
  location: class EmbeddedRungeKuttaIntegrator
org/apache/commons/math/ode/nonstiff/EmbeddedRungeKuttaIntegrator.java:321: error: cannot find symbol
      interpolator.storeTime(nextStep);
                             ^
  symbol:   variable nextStep
  location: class EmbeddedRungeKuttaIntegrator
org/apache/commons/math/ode/nonstiff/EmbeddedRungeKuttaIntegrator.java:325: error: cannot find symbol
      stepStart = nextStep;
                  ^
  symbol:   variable nextStep
  location: class EmbeddedRungeKuttaIntegrator
3 errors

2645466 [main] INFO clegoues.genprog4java.rep.CachingRepresentation  - StmtAppend(95,28) StmtReplace(109,9) at variant69 fails to compile

2645466 [main] INFO clegoues.genprog4java.fitness.Fitness  - 	 gen: 1 0.0 StmtAppend(95,28) StmtReplace(109,9) (stored at: variant69)
2645988 [main] INFO clegoues.genprog4java.fitness.Fitness  - 	 gen: 1 0.0 StmtAppend(28,21) StmtDelete(20) (stored at: variant70)
2646869 [main] INFO clegoues.genprog4java.fitness.Fitness  - 	 gen: 1 1.0 StmtDelete(20) StmtAppend(133,29) (stored at: variant71)
2647658 [main] INFO clegoues.genprog4java.fitness.Fitness  - 	 gen: 1 1.0 StmtDelete(27) StmtDelete(126) (stored at: variant72)
2648275 [main] INFO clegoues.genprog4java.fitness.Fitness  - 	 gen: 1 1.0 StmtReplace(19,29) StmtAppend(119,138) (stored at: variant73)
2648889 [main] INFO clegoues.genprog4java.fitness.Fitness  - 	 gen: 1 1.0 StmtAppend(97,73) StmtAppend(81,20) (stored at: variant74)
2648906 [main] ERROR clegoues.genprog4java.rep.JavaRepresentation  - org/apache/commons/math/ode/nonstiff/EmbeddedRungeKuttaIntegrator.java:170: error: variable fsal might not have been initialized
  }
  ^
1 error

2648906 [main] INFO clegoues.genprog4java.rep.CachingRepresentation  - StmtAppend(72,69) StmtDelete(13) at variant75 fails to compile

2648906 [main] INFO clegoues.genprog4java.fitness.Fitness  - 	 gen: 1 0.0 StmtAppend(72,69) StmtDelete(13) (stored at: variant75)
2649716 [main] INFO clegoues.genprog4java.fitness.Fitness  - 	 gen: 1 1.0 StmtReplace(19,29) StmtAppend(118,61) (stored at: variant76)
2746014 [main] INFO clegoues.genprog4java.fitness.Fitness  - 	 gen: 1 0.0 StmtAppend(95,28) StmtReplace(95,19) (stored at: variant77)
2746809 [main] INFO clegoues.genprog4java.fitness.Fitness  - 	 gen: 1 0.0 StmtReplace(131,122) StmtAppend(27,28) (stored at: variant78)
2747204 [main] INFO clegoues.genprog4java.fitness.Fitness  - 	 gen: 1 0.0 StmtAppend(83,21) StmtDelete(28) (stored at: variant79)
2747220 [main] ERROR clegoues.genprog4java.rep.JavaRepresentation  - org/apache/commons/math/ode/nonstiff/EmbeddedRungeKuttaIntegrator.java:217: error: cannot find symbol
      rki.reinitialize(this, yTmp, yDotK, forward);
                                          ^
  symbol:   variable forward
  location: class EmbeddedRungeKuttaIntegrator
org/apache/commons/math/ode/nonstiff/EmbeddedRungeKuttaIntegrator.java:220: error: cannot find symbol
      interpolator = new DummyStepInterpolator(yTmp, forward);
                                                     ^
  symbol:   variable forward
  location: class EmbeddedRungeKuttaIntegrator
org/apache/commons/math/ode/nonstiff/EmbeddedRungeKuttaIntegrator.java:255: error: cannot find symbol
          hNew = initializeStep(equations, forward, getOrder(), scale,
                                           ^
  symbol:   variable forward
  location: class EmbeddedRungeKuttaIntegrator
org/apache/commons/math/ode/nonstiff/EmbeddedRungeKuttaIntegrator.java:311: error: cannot find symbol
          hNew = filterStep(stepSize * factor, forward, false);
                                               ^
  symbol:   variable forward
  location: class EmbeddedRungeKuttaIntegrator
org/apache/commons/math/ode/nonstiff/EmbeddedRungeKuttaIntegrator.java:344: error: cannot find symbol
          stepSize = filterStep(stepSize, forward, true);
                                          ^
  symbol:   variable forward
  location: class EmbeddedRungeKuttaIntegrator
org/apache/commons/math/ode/nonstiff/EmbeddedRungeKuttaIntegrator.java:352: error: cannot find symbol
        final boolean nextIsLast = forward ? (nextT >= t) : (nextT <= t);
                                   ^
  symbol:   variable forward
  location: class EmbeddedRungeKuttaIntegrator
org/apache/commons/math/ode/nonstiff/EmbeddedRungeKuttaIntegrator.java:353: error: cannot find symbol
        hNew = filterStep(scaledH, forward, nextIsLast);
                                   ^
  symbol:   variable forward
  location: class EmbeddedRungeKuttaIntegrator
7 errors

2747220 [main] INFO clegoues.genprog4java.rep.CachingRepresentation  - StmtAppend(30,10) at variant80 fails to compile

2747220 [main] INFO clegoues.genprog4java.fitness.Fitness  - 	 gen: 1 0.0 StmtAppend(30,10) (stored at: variant80)
2843419 [main] INFO clegoues.genprog4java.fitness.Fitness  - 	 gen: 1 0.0 StmtReplace(50,44) (stored at: variant81)
3035504 [main] INFO clegoues.genprog4java.fitness.Fitness  - 	 gen: 1 0.0 StmtDelete(63) (stored at: variant82)
3036007 [main] INFO clegoues.genprog4java.fitness.Fitness  - 	 gen: 1 0.0 StmtAppend(97,34) (stored at: variant83)
3036515 [main] INFO clegoues.genprog4java.fitness.Fitness  - 	 gen: 1 0.0 StmtDelete(61) (stored at: variant84)
3036534 [main] ERROR clegoues.genprog4java.rep.JavaRepresentation  - org/apache/commons/math/ode/nonstiff/EmbeddedRungeKuttaIntegrator.java:349: error: cannot find symbol
        final double  scaledH    = stepSize * factor;
                                              ^
  symbol:   variable factor
  location: class EmbeddedRungeKuttaIntegrator
1 error

3036534 [main] INFO clegoues.genprog4java.rep.CachingRepresentation  - StmtAppend(127,119) at variant85 fails to compile

3036534 [main] INFO clegoues.genprog4java.fitness.Fitness  - 	 gen: 1 0.0 StmtAppend(127,119) (stored at: variant85)
3050412 [main] INFO clegoues.genprog4java.fitness.Fitness  - 	 gen: 1 0.0 StmtReplace(80,95) (stored at: variant86)
3146751 [main] INFO clegoues.genprog4java.fitness.Fitness  - 	 gen: 1 0.0 StmtReplace(112,122) (stored at: variant87)
3147314 [main] INFO clegoues.genprog4java.fitness.Fitness  - 	 gen: 1 1.0 StmtReplace(85,125) (stored at: variant88)
3243656 [main] INFO clegoues.genprog4java.fitness.Fitness  - 	 gen: 1 0.0 StmtReplace(8,138) (stored at: variant89)
3339984 [main] INFO clegoues.genprog4java.fitness.Fitness  - 	 gen: 1 0.0 StmtReplace(10,25) (stored at: variant90)
3339999 [main] ERROR clegoues.genprog4java.rep.JavaRepresentation  - org/apache/commons/math/ode/nonstiff/EmbeddedRungeKuttaIntegrator.java:306: error: cannot find symbol
          hNew = filterStep(stepSize * factor, forward, false);
                                       ^
  symbol:   variable factor
  location: class EmbeddedRungeKuttaIntegrator
1 error

3339999 [main] INFO clegoues.genprog4java.rep.CachingRepresentation  - StmtDelete(107) at variant91 fails to compile

3339999 [main] INFO clegoues.genprog4java.fitness.Fitness  - 	 gen: 1 0.0 StmtDelete(107) (stored at: variant91)
3340413 [main] INFO clegoues.genprog4java.fitness.Fitness  - 	 gen: 1 0.0 StmtAppend(138,9) (stored at: variant92)
3340989 [main] INFO clegoues.genprog4java.fitness.Fitness  - 	 gen: 1 1.0 StmtAppend(94,62) (stored at: variant93)
3341465 [main] INFO clegoues.genprog4java.fitness.Fitness  - 	 gen: 1 1.0 StmtDelete(19) (stored at: variant94)
3341480 [main] ERROR clegoues.genprog4java.rep.JavaRepresentation  - org/apache/commons/math/ode/nonstiff/EmbeddedRungeKuttaIntegrator.java:318: error: cannot find symbol
      manager.stepAccepted(nextStep, y);
                           ^
  symbol:   variable nextStep
  location: class EmbeddedRungeKuttaIntegrator
org/apache/commons/math/ode/nonstiff/EmbeddedRungeKuttaIntegrator.java:322: error: cannot find symbol
      interpolator.storeTime(nextStep);
                             ^
  symbol:   variable nextStep
  location: class EmbeddedRungeKuttaIntegrator
org/apache/commons/math/ode/nonstiff/EmbeddedRungeKuttaIntegrator.java:326: error: cannot find symbol
      stepStart = nextStep;
                  ^
  symbol:   variable nextStep
  location: class EmbeddedRungeKuttaIntegrator
3 errors

3341480 [main] INFO clegoues.genprog4java.rep.CachingRepresentation  - StmtAppend(109,123) at variant95 fails to compile

3341480 [main] INFO clegoues.genprog4java.fitness.Fitness  - 	 gen: 1 0.0 StmtAppend(109,123) (stored at: variant95)
3341937 [main] INFO clegoues.genprog4java.fitness.Fitness  - 	 gen: 1 1.0 StmtReplace(121,123) (stored at: variant96)
3341952 [main] ERROR clegoues.genprog4java.rep.JavaRepresentation  - org/apache/commons/math/ode/nonstiff/EmbeddedRungeKuttaIntegrator.java:132: error: variable a might not have been initialized
  }
  ^
1 error

3341952 [main] INFO clegoues.genprog4java.rep.CachingRepresentation  - StmtDelete(4) at variant97 fails to compile

3341952 [main] INFO clegoues.genprog4java.fitness.Fitness  - 	 gen: 1 0.0 StmtDelete(4) (stored at: variant97)
3343865 [main] INFO clegoues.genprog4java.fitness.Fitness  - 	 gen: 1 0.0 StmtDelete(81) (stored at: variant98)
3440070 [main] INFO clegoues.genprog4java.fitness.Fitness  - 	 gen: 1 0.0 StmtDelete(45) (stored at: variant99)
3440085 [main] ERROR clegoues.genprog4java.rep.JavaRepresentation  - org/apache/commons/math/ode/nonstiff/EmbeddedRungeKuttaIntegrator.java:215: error: cannot find symbol
      rki.reinitialize(this, yTmp, yDotK, forward);
      ^
  symbol:   variable rki
  location: class EmbeddedRungeKuttaIntegrator
org/apache/commons/math/ode/nonstiff/EmbeddedRungeKuttaIntegrator.java:216: error: cannot find symbol
      interpolator = rki;
                     ^
  symbol:   variable rki
  location: class EmbeddedRungeKuttaIntegrator
2 errors

3440085 [main] INFO clegoues.genprog4java.rep.CachingRepresentation  - StmtDelete(40) at variant100 fails to compile

3440085 [main] INFO clegoues.genprog4java.fitness.Fitness  - 	 gen: 1 0.0 StmtDelete(40) (stored at: variant100)
3440582 [main] INFO clegoues.genprog4java.fitness.Fitness  - 	 gen: 1 1.0 StmtAppend(2,25) (stored at: variant101)
3440949 [main] INFO clegoues.genprog4java.fitness.Fitness  - 	 gen: 1 0.0 StmtDelete(54) (stored at: variant102)
3440966 [main] ERROR clegoues.genprog4java.rep.JavaRepresentation  - org/apache/commons/math/ode/nonstiff/EmbeddedRungeKuttaIntegrator.java:216: error: cannot find symbol
      rki.reinitialize(this, yTmp, yDotK, forward);
                             ^
  symbol:   variable yTmp
  location: class EmbeddedRungeKuttaIntegrator
org/apache/commons/math/ode/nonstiff/EmbeddedRungeKuttaIntegrator.java:219: error: cannot find symbol
      interpolator = new DummyStepInterpolator(yTmp, forward);
                                               ^
  symbol:   variable yTmp
  location: class EmbeddedRungeKuttaIntegrator
org/apache/commons/math/ode/nonstiff/EmbeddedRungeKuttaIntegrator.java:255: error: cannot find symbol
                                stepStart, y, yDotK[0], yTmp, yDotK[1]);
                                                        ^
  symbol:   variable yTmp
  location: class EmbeddedRungeKuttaIntegrator
org/apache/commons/math/ode/nonstiff/EmbeddedRungeKuttaIntegrator.java:269: error: cannot find symbol
            yTmp[j] = y[j] + stepSize * sum;
            ^
  symbol:   variable yTmp
  location: class EmbeddedRungeKuttaIntegrator
org/apache/commons/math/ode/nonstiff/EmbeddedRungeKuttaIntegrator.java:272: error: cannot find symbol
          computeDerivatives(stepStart + c[k-1] * stepSize, yTmp, yDotK[k]);
                                                            ^
  symbol:   variable yTmp
  location: class EmbeddedRungeKuttaIntegrator
org/apache/commons/math/ode/nonstiff/EmbeddedRungeKuttaIntegrator.java:282: error: cannot find symbol
          yTmp[j] = y[j] + stepSize * sum;
          ^
  symbol:   variable yTmp
  location: class EmbeddedRungeKuttaIntegrator
org/apache/commons/math/ode/nonstiff/EmbeddedRungeKuttaIntegrator.java:286: error: cannot find symbol
        error = estimateError(yDotK, y, yTmp, stepSize);
                                        ^
  symbol:   variable yTmp
  location: class EmbeddedRungeKuttaIntegrator
org/apache/commons/math/ode/nonstiff/EmbeddedRungeKuttaIntegrator.java:317: error: cannot find symbol
      System.arraycopy(yTmp, 0, y, 0, y0.length);
                       ^
  symbol:   variable yTmp
  location: class EmbeddedRungeKuttaIntegrator
8 errors

3440966 [main] INFO clegoues.genprog4java.rep.CachingRepresentation  - StmtReplace(36,119) at variant103 fails to compile

3440966 [main] INFO clegoues.genprog4java.fitness.Fitness  - 	 gen: 1 0.0 StmtReplace(36,119) (stored at: variant103)
3440966 [main] INFO clegoues.genprog4java.Search.Search  - search: generation2
3441882 [main] INFO clegoues.genprog4java.fitness.Fitness  - 	 gen: 2 1.0 StmtReplace(19,29) StmtAppend(118,61) StmtAppend(123,43) (stored at: variant104)
3442360 [main] INFO clegoues.genprog4java.fitness.Fitness  - 	 gen: 2 1.0 StmtAppend(94,62) StmtAppend(95,96) (stored at: variant105)
3442934 [main] INFO clegoues.genprog4java.fitness.Fitness  - 	 gen: 2 1.0 StmtDelete(20) StmtAppend(133,29) StmtAppend(45,8) (stored at: variant106)
3443543 [main] INFO clegoues.genprog4java.fitness.Fitness  - 	 gen: 2 1.0 StmtAppend(72,69) StmtAppend(83,28) StmtAppend(18,133) (stored at: variant107)
3443789 [main] INFO clegoues.genprog4java.fitness.Fitness  - 	 gen: 2 1.0 StmtAppend(94,62) StmtAppend(104,9) (stored at: variant108)
3444229 [main] INFO clegoues.genprog4java.fitness.Fitness  - 	 gen: 2 0.0 StmtAppend(28,21) StmtReplace(124,56) StmtAppend(128,92) (stored at: variant109)
3444796 [main] INFO clegoues.genprog4java.fitness.Fitness  - 	 gen: 2 1.0 StmtAppend(97,73) StmtAppend(81,20) StmtAppend(27,46) (stored at: variant110)
3445296 [main] INFO clegoues.genprog4java.fitness.Fitness  - 	 gen: 2 0.0 StmtReplace(21,29) StmtDelete(92) StmtReplace(19,19) (stored at: variant111)
3445935 [main] INFO clegoues.genprog4java.fitness.Fitness  - 	 gen: 2 0.0 StmtDelete(27) StmtDelete(126) StmtReplace(118,34) (stored at: variant112)
3446438 [main] INFO clegoues.genprog4java.fitness.Fitness  - 	 gen: 2 0.0 StmtDelete(27) StmtDelete(126) StmtAppend(117,44) (stored at: variant113)
3542704 [main] INFO clegoues.genprog4java.fitness.Fitness  - 	 gen: 2 0.0 StmtDelete(45) StmtReplace(80,123) (stored at: variant114)
