0 [main] DEBUG clegoues.genprog4java.fitness.Fitness  - parsing granularity, value: class
17 [main] DEBUG clegoues.genprog4java.fitness.Fitness  - parsing granularity, value: class
#Fri Mar 12 15:01:21 CST 2021
negativeTestWeight=2.0
classSourceFolder=/home/rtx/repair/d4j/Math/74b/target/classes
model=default
sampleStrategy=variant
srcClassPath=/home/rtx/repair/d4j/Math/74b/target/classes
sourceVersion=1.8
popsize=40
regenPaths=false
posCoverageFile=coverage.path.pos
continue=false
edits=APPEND;DELETE;REPLACE
negCoverageFile=coverage.path.neg
workingDir=/home/rtx/repair/d4j/Math/74b/
clearTestCache=false
skipFailedSanity=false
sample=0.1 
oracleGenome=
testGranularity=class
justTestingFaultLoc=false
faultLocStrategy=standardPathFile
crossp=0.5
pMutation=1
generations=10
positiveTests=/home/rtx/repair/d4j/Math/74b/pos.tests
javaVM=/home/rtx/java/jdk1.8.0_271/jre/bin/java
seed=8
negativePathWeight=0.35
compileCommand=
fixStrategy=classScope
allowCoverageFail=false
targetClassName=/home/rtx/repair/d4j/Math/74b/bugfiles.txt
javaRuntime=java.lang.Runtime@6576fe71
classTestFolder=
modelPath=OVERALLModel.txt
sanity=yes
positivePathWeight=0.65
jacocoPath=/home/rtx/eclipse-workspace/genprog4java/lib/jacocoagent.jar
negativeTests=/home/rtx/repair/d4j/Math/74b/neg.tests
pathToFileHumanInjectedFaultLoc=fileHumanInjectedFaultLoc.txt
outputDir=/home/rtx/repair/d4j/Math/74b/genprog4java/variantSeed8/
testClassPath=/home/rtx/repair/d4j/Math/74b/target/classes\:/home/rtx/repair/d4j/Math/74b/target/test-classes\:/home/rtx/repair/defects4j/framework/projects/lib/junit-4.11.jar\:/home/rtx/repair/d4j/Math/74b/lib/junit-4.4.jar
faultStrategy=classScope
sourceDir=src/main/java
checkSpace=false
search=gp
globalExtension=.java
faultSpaceSubSet=1/5
maxVariants=50
libs=/home/rtx/eclipse-workspace/genprog4java/lib/junittestrunner.jar\:/home/rtx/eclipse-workspace/genprog4java/lib/commons-cli-20040117.000000.jar\:/home/rtx/eclipse-workspace/genprog4java/lib/junit-4.12.jar\:/home/rtx/eclipse-workspace/genprog4java/lib/hamcrest-core-1.3.jar\:/home/rtx/eclipse-workspace/genprog4java/lib/log4j-1.2.17.jar\:/home/rtx/repair/d4j/Math/74b/target/classes\:/home/rtx/repair/d4j/Math/74b/target/test-classes\:/home/rtx/repair/defects4j/framework/projects/lib/junit-4.11.jar\:/home/rtx/repair/d4j/Math/74b/lib/junit-4.4.jar\:/home/rtx/repair/d4j/Math/74b/target/classes
crossover=onepoint
83 [main] INFO clegoues.genprog4java.main.Main  - Configuration file loaded
14142 [main] INFO clegoues.genprog4java.rep.CachingRepresentation  - loaded from source clegoues.genprog4java.java.ClassInfo@7f18d44c
14142 [main] INFO clegoues.genprog4java.rep.CachingRepresentation  - sanity checking begins
14558 [main] INFO clegoues.genprog4java.rep.CachingRepresentation  - Checking test number 1 out of 10
14786 [main] INFO clegoues.genprog4java.rep.CachingRepresentation  - true (1)

14786 [main] INFO clegoues.genprog4java.rep.CachingRepresentation  - Checking test number 2 out of 10
15256 [main] INFO clegoues.genprog4java.rep.CachingRepresentation  - true (1)

15257 [main] INFO clegoues.genprog4java.rep.CachingRepresentation  - Checking test number 3 out of 10
15442 [main] INFO clegoues.genprog4java.rep.CachingRepresentation  - true (1)

15442 [main] INFO clegoues.genprog4java.rep.CachingRepresentation  - Checking test number 4 out of 10
15746 [main] INFO clegoues.genprog4java.rep.CachingRepresentation  - true (1)

15746 [main] INFO clegoues.genprog4java.rep.CachingRepresentation  - Checking test number 5 out of 10
15950 [main] INFO clegoues.genprog4java.rep.CachingRepresentation  - true (1)

15950 [main] INFO clegoues.genprog4java.rep.CachingRepresentation  - Checking test number 6 out of 10
16217 [main] INFO clegoues.genprog4java.rep.CachingRepresentation  - true (1)

16217 [main] INFO clegoues.genprog4java.rep.CachingRepresentation  - Checking test number 7 out of 10
16413 [main] INFO clegoues.genprog4java.rep.CachingRepresentation  - true (1)

16413 [main] INFO clegoues.genprog4java.rep.CachingRepresentation  - Checking test number 8 out of 10
16708 [main] INFO clegoues.genprog4java.rep.CachingRepresentation  - true (1)

16708 [main] INFO clegoues.genprog4java.rep.CachingRepresentation  - Checking test number 9 out of 10
17012 [main] INFO clegoues.genprog4java.rep.CachingRepresentation  - true (1)

17012 [main] INFO clegoues.genprog4java.rep.CachingRepresentation  - Checking test number 10 out of 10
17181 [main] INFO clegoues.genprog4java.rep.CachingRepresentation  - true (1)

17181 [main] INFO clegoues.genprog4java.rep.CachingRepresentation  - 	n1: 
17437 [main] INFO clegoues.genprog4java.rep.CachingRepresentation  - false (0)

17438 [main] INFO clegoues.genprog4java.rep.CachingRepresentation  - sanity checking completed (time taken = 3296)
17438 [main] INFO clegoues.genprog4java.localization.DefaultLocalization  - Start Fault Localization
17461 [main] INFO clegoues.genprog4java.localization.DefaultLocalization  - Finish Fault Localization
17461 [main] INFO clegoues.genprog4java.Search.Search  - search: genetic algorithm begins

18113 [main] INFO clegoues.genprog4java.fitness.Fitness  - 	 gen: 0 1.0 original (stored at: variant0)
114565 [main] INFO clegoues.genprog4java.fitness.Fitness  - 	 gen: 0 0.0 StmtDelete(103) (stored at: variant1)
115030 [main] INFO clegoues.genprog4java.fitness.Fitness  - 	 gen: 0 0.0 StmtDelete(114) (stored at: variant2)
115084 [main] ERROR clegoues.genprog4java.rep.JavaRepresentation  - org/apache/commons/math/ode/nonstiff/EmbeddedRungeKuttaIntegrator.java:132: error: variable fsal might not have been initialized
  }
  ^
1 error

115084 [main] INFO clegoues.genprog4java.rep.CachingRepresentation  - StmtDelete(2) at variant3 fails to compile

115084 [main] INFO clegoues.genprog4java.fitness.Fitness  - 	 gen: 0 0.0 StmtDelete(2) (stored at: variant3)
115154 [main] ERROR clegoues.genprog4java.rep.JavaRepresentation  - org/apache/commons/math/ode/nonstiff/EmbeddedRungeKuttaIntegrator.java:347: error: cannot find symbol
        final double  scaledH    = stepSize * factor;
                                              ^
  symbol:   variable factor
  location: class EmbeddedRungeKuttaIntegrator
1 error

115154 [main] INFO clegoues.genprog4java.rep.CachingRepresentation  - StmtAppend(127,95) at variant4 fails to compile

115155 [main] INFO clegoues.genprog4java.fitness.Fitness  - 	 gen: 0 0.0 StmtAppend(127,95) (stored at: variant4)
115201 [main] ERROR clegoues.genprog4java.rep.JavaRepresentation  - org/apache/commons/math/ode/nonstiff/EmbeddedRungeKuttaIntegrator.java:252: error: cannot find symbol
          hNew = initializeStep(equations, forward, getOrder(), scale,
          ^
  symbol:   variable hNew
  location: class EmbeddedRungeKuttaIntegrator
org/apache/commons/math/ode/nonstiff/EmbeddedRungeKuttaIntegrator.java:257: error: cannot find symbol
        stepSize = hNew;
                   ^
  symbol:   variable hNew
  location: class EmbeddedRungeKuttaIntegrator
org/apache/commons/math/ode/nonstiff/EmbeddedRungeKuttaIntegrator.java:296: error: cannot find symbol
                  hNew = dt;
                  ^
  symbol:   variable hNew
  location: class EmbeddedRungeKuttaIntegrator
org/apache/commons/math/ode/nonstiff/EmbeddedRungeKuttaIntegrator.java:308: error: cannot find symbol
          hNew = filterStep(stepSize * factor, forward, false);
          ^
  symbol:   variable hNew
  location: class EmbeddedRungeKuttaIntegrator
org/apache/commons/math/ode/nonstiff/EmbeddedRungeKuttaIntegrator.java:350: error: cannot find symbol
        hNew = filterStep(scaledH, forward, nextIsLast);
        ^
  symbol:   variable hNew
  location: class EmbeddedRungeKuttaIntegrator
5 errors

115201 [main] INFO clegoues.genprog4java.rep.CachingRepresentation  - StmtReplace(47,25) at variant5 fails to compile

115201 [main] INFO clegoues.genprog4java.fitness.Fitness  - 	 gen: 0 0.0 StmtReplace(47,25) (stored at: variant5)
263711 [main] INFO clegoues.genprog4java.fitness.Fitness  - 	 gen: 0 0.0 StmtDelete(58) (stored at: variant6)
264020 [main] INFO clegoues.genprog4java.fitness.Fitness  - 	 gen: 0 1.0 StmtReplace(21,10) (stored at: variant7)
264072 [main] ERROR clegoues.genprog4java.rep.JavaRepresentation  - org/apache/commons/math/ode/nonstiff/EmbeddedRungeKuttaIntegrator.java:131: error: variable a might not have been initialized
  }
  ^
1 error

264072 [main] INFO clegoues.genprog4java.rep.CachingRepresentation  - StmtReplace(4,9) at variant8 fails to compile

264073 [main] INFO clegoues.genprog4java.fitness.Fitness  - 	 gen: 0 0.0 StmtReplace(4,9) (stored at: variant8)
264681 [main] INFO clegoues.genprog4java.fitness.Fitness  - 	 gen: 0 0.0 StmtAppend(34,21) (stored at: variant9)
361069 [main] INFO clegoues.genprog4java.fitness.Fitness  - 	 gen: 0 0.0 StmtReplace(8,9) (stored at: variant10)
457382 [main] INFO clegoues.genprog4java.fitness.Fitness  - 	 gen: 0 0.0 StmtDelete(19) (stored at: variant11)
457985 [main] INFO clegoues.genprog4java.fitness.Fitness  - 	 gen: 0 1.0 StmtAppend(42,75) (stored at: variant12)
458013 [main] ERROR clegoues.genprog4java.rep.JavaRepresentation  - org/apache/commons/math/ode/nonstiff/EmbeddedRungeKuttaIntegrator.java:218: error: variable interpolator might not have been initialized
    interpolator.storeTime(t0);
    ^
1 error

458013 [main] INFO clegoues.genprog4java.rep.CachingRepresentation  - StmtDelete(43) at variant13 fails to compile

458013 [main] INFO clegoues.genprog4java.fitness.Fitness  - 	 gen: 0 0.0 StmtDelete(43) (stored at: variant13)
458870 [main] INFO clegoues.genprog4java.fitness.Fitness  - 	 gen: 0 1.0 StmtDelete(100) (stored at: variant14)
459412 [main] INFO clegoues.genprog4java.fitness.Fitness  - 	 gen: 0 1.0 StmtAppend(117,56) (stored at: variant15)
459439 [main] ERROR clegoues.genprog4java.rep.JavaRepresentation  - org/apache/commons/math/ode/nonstiff/EmbeddedRungeKuttaIntegrator.java:218: error: variable interpolator might not have been initialized
    interpolator.storeTime(t0);
    ^
1 error

459439 [main] INFO clegoues.genprog4java.rep.CachingRepresentation  - StmtReplace(39,118) at variant16 fails to compile

459439 [main] INFO clegoues.genprog4java.fitness.Fitness  - 	 gen: 0 0.0 StmtReplace(39,118) (stored at: variant16)
459466 [main] ERROR clegoues.genprog4java.rep.JavaRepresentation  - org/apache/commons/math/ode/nonstiff/EmbeddedRungeKuttaIntegrator.java:250: error: variable scale might not have been initialized
          hNew = initializeStep(equations, forward, getOrder(), scale,
                                                                ^
1 error

459466 [main] INFO clegoues.genprog4java.rep.CachingRepresentation  - StmtDelete(67) at variant17 fails to compile

459466 [main] INFO clegoues.genprog4java.fitness.Fitness  - 	 gen: 0 0.0 StmtDelete(67) (stored at: variant17)
460001 [main] INFO clegoues.genprog4java.fitness.Fitness  - 	 gen: 0 1.0 StmtAppend(33,138) (stored at: variant18)
460503 [main] INFO clegoues.genprog4java.fitness.Fitness  - 	 gen: 0 0.0 StmtAppend(41,10) (stored at: variant19)
460527 [main] ERROR clegoues.genprog4java.rep.JavaRepresentation  - org/apache/commons/math/ode/nonstiff/EmbeddedRungeKuttaIntegrator.java:252: error: cannot find symbol
          hNew = initializeStep(equations, forward, getOrder(), scale,
          ^
  symbol:   variable hNew
  location: class EmbeddedRungeKuttaIntegrator
org/apache/commons/math/ode/nonstiff/EmbeddedRungeKuttaIntegrator.java:257: error: cannot find symbol
        stepSize = hNew;
                   ^
  symbol:   variable hNew
  location: class EmbeddedRungeKuttaIntegrator
org/apache/commons/math/ode/nonstiff/EmbeddedRungeKuttaIntegrator.java:296: error: cannot find symbol
                  hNew = dt;
                  ^
  symbol:   variable hNew
  location: class EmbeddedRungeKuttaIntegrator
org/apache/commons/math/ode/nonstiff/EmbeddedRungeKuttaIntegrator.java:308: error: cannot find symbol
          hNew = filterStep(stepSize * factor, forward, false);
          ^
  symbol:   variable hNew
  location: class EmbeddedRungeKuttaIntegrator
org/apache/commons/math/ode/nonstiff/EmbeddedRungeKuttaIntegrator.java:350: error: cannot find symbol
        hNew = filterStep(scaledH, forward, nextIsLast);
        ^
  symbol:   variable hNew
  location: class EmbeddedRungeKuttaIntegrator
5 errors

460528 [main] INFO clegoues.genprog4java.rep.CachingRepresentation  - StmtReplace(47,44) at variant20 fails to compile

460528 [main] INFO clegoues.genprog4java.fitness.Fitness  - 	 gen: 0 0.0 StmtReplace(47,44) (stored at: variant20)
556840 [main] INFO clegoues.genprog4java.fitness.Fitness  - 	 gen: 0 0.0 StmtDelete(97) (stored at: variant21)
557299 [main] INFO clegoues.genprog4java.fitness.Fitness  - 	 gen: 0 1.0 StmtDelete(9) (stored at: variant22)
749343 [main] INFO clegoues.genprog4java.fitness.Fitness  - 	 gen: 0 0.0 StmtReplace(59,74) (stored at: variant23)
749865 [main] INFO clegoues.genprog4java.fitness.Fitness  - 	 gen: 0 1.0 StmtAppend(75,92) (stored at: variant24)
769764 [main] INFO clegoues.genprog4java.fitness.Fitness  - 	 gen: 0 0.0 StmtAppend(76,120) (stored at: variant25)
866072 [main] INFO clegoues.genprog4java.fitness.Fitness  - 	 gen: 0 0.0 StmtDelete(8) (stored at: variant26)
866623 [main] INFO clegoues.genprog4java.fitness.Fitness  - 	 gen: 0 0.0 StmtAppend(112,120) (stored at: variant27)
867305 [main] INFO clegoues.genprog4java.fitness.Fitness  - 	 gen: 0 1.0 StmtAppend(16,142) (stored at: variant28)
867964 [main] INFO clegoues.genprog4java.fitness.Fitness  - 	 gen: 0 1.0 StmtAppend(27,20) (stored at: variant29)
868638 [main] INFO clegoues.genprog4java.fitness.Fitness  - 	 gen: 0 1.0 StmtAppend(122,126) (stored at: variant30)
868658 [main] ERROR clegoues.genprog4java.rep.JavaRepresentation  - org/apache/commons/math/ode/nonstiff/EmbeddedRungeKuttaIntegrator.java:131: error: variable exp might not have been initialized
  }
  ^
1 error

868659 [main] INFO clegoues.genprog4java.rep.CachingRepresentation  - StmtReplace(7,10) at variant31 fails to compile

868659 [main] INFO clegoues.genprog4java.fitness.Fitness  - 	 gen: 0 0.0 StmtReplace(7,10) (stored at: variant31)
965012 [main] INFO clegoues.genprog4java.fitness.Fitness  - 	 gen: 0 0.0 StmtDelete(62) (stored at: variant32)
965539 [main] INFO clegoues.genprog4java.fitness.Fitness  - 	 gen: 0 1.0 StmtAppend(38,123) (stored at: variant33)
966108 [main] INFO clegoues.genprog4java.fitness.Fitness  - 	 gen: 0 1.0 StmtReplace(122,120) (stored at: variant34)
966582 [main] INFO clegoues.genprog4java.fitness.Fitness  - 	 gen: 0 0.0 StmtReplace(76,104) (stored at: variant35)
966601 [main] ERROR clegoues.genprog4java.rep.JavaRepresentation  - org/apache/commons/math/ode/nonstiff/EmbeddedRungeKuttaIntegrator.java:169: error: variable prototype might not have been initialized
  }
  ^
1 error

966601 [main] INFO clegoues.genprog4java.rep.CachingRepresentation  - StmtReplace(17,29) at variant36 fails to compile

966601 [main] INFO clegoues.genprog4java.fitness.Fitness  - 	 gen: 0 0.0 StmtReplace(17,29) (stored at: variant36)
967114 [main] INFO clegoues.genprog4java.fitness.Fitness  - 	 gen: 0 0.0 StmtDelete(92) (stored at: variant37)
967598 [main] INFO clegoues.genprog4java.fitness.Fitness  - 	 gen: 0 1.0 StmtAppend(114,27) (stored at: variant38)
968359 [main] INFO clegoues.genprog4java.fitness.Fitness  - 	 gen: 0 0.0 StmtReplace(82,119) (stored at: variant39)
968360 [main] INFO clegoues.genprog4java.Search.Search  - search: generation1
1160594 [main] INFO clegoues.genprog4java.fitness.Fitness  - 	 gen: 1 0.0 StmtAppend(114,27) StmtDelete(56) (stored at: variant40)
1161064 [main] INFO clegoues.genprog4java.fitness.Fitness  - 	 gen: 1 0.0 StmtDelete(9) StmtReplace(121,20) (stored at: variant41)
1161885 [main] INFO clegoues.genprog4java.fitness.Fitness  - 	 gen: 1 1.0 StmtReplace(122,120) StmtAppend(64,96) (stored at: variant42)
1162361 [main] INFO clegoues.genprog4java.fitness.Fitness  - 	 gen: 1 1.0 StmtAppend(75,92) StmtAppend(69,61) (stored at: variant43)
1162581 [main] INFO clegoues.genprog4java.fitness.Fitness  - 	 gen: 1 1.0 StmtAppend(38,123) StmtReplace(25,25) (stored at: variant44)
1163022 [main] INFO clegoues.genprog4java.fitness.Fitness  - 	 gen: 1 1.0 StmtDelete(138) (stored at: variant45)
1163505 [main] INFO clegoues.genprog4java.fitness.Fitness  - 	 gen: 1 1.0 StmtReplace(21,10) StmtDelete(126) (stored at: variant46)
1163530 [main] ERROR clegoues.genprog4java.rep.JavaRepresentation  - org/apache/commons/math/ode/nonstiff/EmbeddedRungeKuttaIntegrator.java:372: error: cannot find symbol
    return stopTime;
           ^
  symbol:   variable stopTime
  location: class EmbeddedRungeKuttaIntegrator
1 error

1163530 [main] INFO clegoues.genprog4java.rep.CachingRepresentation  - StmtAppend(42,75) StmtAppend(132,44) at variant47 fails to compile

1163530 [main] INFO clegoues.genprog4java.fitness.Fitness  - 	 gen: 1 0.0 StmtAppend(42,75) StmtAppend(132,44) (stored at: variant47)
1163551 [main] ERROR clegoues.genprog4java.rep.JavaRepresentation  - org/apache/commons/math/ode/nonstiff/EmbeddedRungeKuttaIntegrator.java:169: error: variable exp might not have been initialized
  }
  ^
1 error

1163551 [main] INFO clegoues.genprog4java.rep.CachingRepresentation  - StmtAppend(122,126) StmtReplace(18,20) at variant48 fails to compile

1163551 [main] INFO clegoues.genprog4java.fitness.Fitness  - 	 gen: 1 0.0 StmtAppend(122,126) StmtReplace(18,20) (stored at: variant48)
1259857 [main] INFO clegoues.genprog4java.fitness.Fitness  - 	 gen: 1 0.0 StmtAppend(33,138) StmtReplace(112,34) (stored at: variant49)
1356138 [main] INFO clegoues.genprog4java.fitness.Fitness  - 	 gen: 1 0.0 StmtAppend(16,142) StmtReplace(95,43) (stored at: variant50)
1356682 [main] INFO clegoues.genprog4java.fitness.Fitness  - 	 gen: 1 1.0 StmtAppend(75,92) StmtAppend(121,43) (stored at: variant51)
1357234 [main] INFO clegoues.genprog4java.fitness.Fitness  - 	 gen: 1 1.0 StmtAppend(38,123) StmtReplace(9,21) (stored at: variant52)
1357838 [main] INFO clegoues.genprog4java.fitness.Fitness  - 	 gen: 1 1.0 StmtAppend(75,92) StmtReplace(29,46) (stored at: variant53)
1358446 [main] INFO clegoues.genprog4java.fitness.Fitness  - 	 gen: 1 1.0 StmtAppend(117,56) StmtAppend(89,29) (stored at: variant54)
1359068 [main] INFO clegoues.genprog4java.fitness.Fitness  - 	 gen: 1 1.0 StmtAppend(33,138) StmtAppend(27,46) (stored at: variant55)
1359739 [main] INFO clegoues.genprog4java.fitness.Fitness  - 	 gen: 1 1.0 StmtAppend(42,75) StmtReplace(131,62) (stored at: variant56)
1456079 [main] INFO clegoues.genprog4java.fitness.Fitness  - 	 gen: 1 0.0 StmtAppend(42,75) StmtReplace(95,97) (stored at: variant57)
1456698 [main] INFO clegoues.genprog4java.fitness.Fitness  - 	 gen: 1 1.0 StmtAppend(33,138) StmtAppend(110,20) (stored at: variant58)
1457216 [main] INFO clegoues.genprog4java.fitness.Fitness  - 	 gen: 1 1.0 StmtAppend(117,56) StmtReplace(29,142) (stored at: variant59)
1457247 [main] ERROR clegoues.genprog4java.rep.JavaRepresentation  - org/apache/commons/math/ode/nonstiff/EmbeddedRungeKuttaIntegrator.java:217: error: cannot find symbol
      rki.reinitialize(this, yTmp, yDotK, forward);
      ^
  symbol:   variable rki
  location: class EmbeddedRungeKuttaIntegrator
org/apache/commons/math/ode/nonstiff/EmbeddedRungeKuttaIntegrator.java:219: error: cannot find symbol
		interpolator = rki;
		               ^
  symbol:   variable rki
  location: class EmbeddedRungeKuttaIntegrator
2 errors

1457247 [main] INFO clegoues.genprog4java.rep.CachingRepresentation  - StmtAppend(42,75) StmtAppend(40,138) at variant60 fails to compile

1457247 [main] INFO clegoues.genprog4java.fitness.Fitness  - 	 gen: 1 0.0 StmtAppend(42,75) StmtAppend(40,138) (stored at: variant60)
1553604 [main] INFO clegoues.genprog4java.fitness.Fitness  - 	 gen: 1 0.0 StmtAppend(122,126) StmtDelete(95) (stored at: variant61)
1554174 [main] INFO clegoues.genprog4java.fitness.Fitness  - 	 gen: 1 1.0 StmtAppend(114,27) StmtDelete(113) (stored at: variant62)
1554785 [main] INFO clegoues.genprog4java.fitness.Fitness  - 	 gen: 1 1.0 StmtAppend(114,27) StmtAppend(114,9) (stored at: variant63)
1554803 [main] ERROR clegoues.genprog4java.rep.JavaRepresentation  - org/apache/commons/math/ode/nonstiff/EmbeddedRungeKuttaIntegrator.java:342: error: cannot find symbol
			double sum = a[k - 1][0] * yDotK[0][j];
			               ^
  symbol:   variable k
  location: class EmbeddedRungeKuttaIntegrator
org/apache/commons/math/ode/nonstiff/EmbeddedRungeKuttaIntegrator.java:343: error: cannot find symbol
			for (int l = 1; l < k; ++l) {
			                    ^
  symbol:   variable k
  location: class EmbeddedRungeKuttaIntegrator
org/apache/commons/math/ode/nonstiff/EmbeddedRungeKuttaIntegrator.java:344: error: cannot find symbol
				sum += a[k - 1][l] * yDotK[l][j];
				         ^
  symbol:   variable k
  location: class EmbeddedRungeKuttaIntegrator
3 errors

1554803 [main] INFO clegoues.genprog4java.rep.CachingRepresentation  - StmtAppend(117,56) StmtReplace(125,77) at variant64 fails to compile

1554803 [main] INFO clegoues.genprog4java.fitness.Fitness  - 	 gen: 1 0.0 StmtAppend(117,56) StmtReplace(125,77) (stored at: variant64)
1555388 [main] INFO clegoues.genprog4java.fitness.Fitness  - 	 gen: 1 1.0 StmtReplace(122,120) StmtAppend(46,19) (stored at: variant65)
1555405 [main] ERROR clegoues.genprog4java.rep.JavaRepresentation  - org/apache/commons/math/ode/nonstiff/EmbeddedRungeKuttaIntegrator.java:169: error: variable b might not have been initialized
  }
  ^
1 error

1555405 [main] INFO clegoues.genprog4java.rep.CachingRepresentation  - StmtAppend(27,20) StmtReplace(16,21) at variant66 fails to compile

1555406 [main] INFO clegoues.genprog4java.fitness.Fitness  - 	 gen: 1 0.0 StmtAppend(27,20) StmtReplace(16,21) (stored at: variant66)
1555907 [main] INFO clegoues.genprog4java.fitness.Fitness  - 	 gen: 1 0.0 StmtAppend(16,142) StmtAppend(114,9) (stored at: variant67)
1555926 [main] ERROR clegoues.genprog4java.rep.JavaRepresentation  - org/apache/commons/math/ode/nonstiff/EmbeddedRungeKuttaIntegrator.java:214: error: cannot find symbol
      rki.reinitialize(this, yTmp, yDotK, forward);
                             ^
  symbol:   variable yTmp
  location: class EmbeddedRungeKuttaIntegrator
org/apache/commons/math/ode/nonstiff/EmbeddedRungeKuttaIntegrator.java:217: error: cannot find symbol
      interpolator = new DummyStepInterpolator(yTmp, forward);
                                               ^
  symbol:   variable yTmp
  location: class EmbeddedRungeKuttaIntegrator
org/apache/commons/math/ode/nonstiff/EmbeddedRungeKuttaIntegrator.java:253: error: cannot find symbol
                                stepStart, y, yDotK[0], yTmp, yDotK[1]);
                                                        ^
  symbol:   variable yTmp
  location: class EmbeddedRungeKuttaIntegrator
org/apache/commons/math/ode/nonstiff/EmbeddedRungeKuttaIntegrator.java:267: error: cannot find symbol
            yTmp[j] = y[j] + stepSize * sum;
            ^
  symbol:   variable yTmp
  location: class EmbeddedRungeKuttaIntegrator
org/apache/commons/math/ode/nonstiff/EmbeddedRungeKuttaIntegrator.java:270: error: cannot find symbol
          computeDerivatives(stepStart + c[k-1] * stepSize, yTmp, yDotK[k]);
                                                            ^
  symbol:   variable yTmp
  location: class EmbeddedRungeKuttaIntegrator
org/apache/commons/math/ode/nonstiff/EmbeddedRungeKuttaIntegrator.java:280: error: cannot find symbol
          yTmp[j] = y[j] + stepSize * sum;
          ^
  symbol:   variable yTmp
  location: class EmbeddedRungeKuttaIntegrator
org/apache/commons/math/ode/nonstiff/EmbeddedRungeKuttaIntegrator.java:284: error: cannot find symbol
        error = estimateError(yDotK, y, yTmp, stepSize);
                                        ^
  symbol:   variable yTmp
  location: class EmbeddedRungeKuttaIntegrator
org/apache/commons/math/ode/nonstiff/EmbeddedRungeKuttaIntegrator.java:315: error: cannot find symbol
      System.arraycopy(yTmp, 0, y, 0, y0.length);
                       ^
  symbol:   variable yTmp
  location: class EmbeddedRungeKuttaIntegrator
8 errors

1555926 [main] INFO clegoues.genprog4java.rep.CachingRepresentation  - StmtReplace(122,120) StmtReplace(36,126) at variant68 fails to compile

1555927 [main] INFO clegoues.genprog4java.fitness.Fitness  - 	 gen: 1 0.0 StmtReplace(122,120) StmtReplace(36,126) (stored at: variant68)
1555950 [main] ERROR clegoues.genprog4java.rep.JavaRepresentation  - org/apache/commons/math/ode/nonstiff/EmbeddedRungeKuttaIntegrator.java:302: error: cannot find symbol
          if (manager.evaluateStep(interpolator)) {
              ^
  symbol:   variable manager
  location: class EmbeddedRungeKuttaIntegrator
org/apache/commons/math/ode/nonstiff/EmbeddedRungeKuttaIntegrator.java:303: error: cannot find symbol
              final double dt = manager.getEventTime() - stepStart;
                                ^
  symbol:   variable manager
  location: class EmbeddedRungeKuttaIntegrator
org/apache/commons/math/ode/nonstiff/EmbeddedRungeKuttaIntegrator.java:329: error: cannot find symbol
      manager.stepAccepted(nextStep, y);
      ^
  symbol:   variable manager
  location: class EmbeddedRungeKuttaIntegrator
org/apache/commons/math/ode/nonstiff/EmbeddedRungeKuttaIntegrator.java:330: error: cannot find symbol
      lastStep = manager.stop();
                 ^
  symbol:   variable manager
  location: class EmbeddedRungeKuttaIntegrator
org/apache/commons/math/ode/nonstiff/EmbeddedRungeKuttaIntegrator.java:347: error: cannot find symbol
      if (manager.reset(stepStart, y) && ! lastStep) {
          ^
  symbol:   variable manager
  location: class EmbeddedRungeKuttaIntegrator
5 errors

1555950 [main] INFO clegoues.genprog4java.rep.CachingRepresentation  - StmtAppend(117,56) StmtAppend(52,63) at variant69 fails to compile

1555950 [main] INFO clegoues.genprog4java.fitness.Fitness  - 	 gen: 1 0.0 StmtAppend(117,56) StmtAppend(52,63) (stored at: variant69)
1556753 [main] INFO clegoues.genprog4java.fitness.Fitness  - 	 gen: 1 0.0 StmtAppend(38,123) StmtReplace(110,8) (stored at: variant70)
1652946 [main] INFO clegoues.genprog4java.fitness.Fitness  - 	 gen: 1 0.0 StmtAppend(117,56) StmtDelete(56) (stored at: variant71)
1652962 [main] ERROR clegoues.genprog4java.rep.JavaRepresentation  - org/apache/commons/math/ode/nonstiff/EmbeddedRungeKuttaIntegrator.java:287: error: cannot find symbol
        error = estimateError(yDotK, y, yTmp, stepSize);
        ^
  symbol:   variable error
  location: class EmbeddedRungeKuttaIntegrator
org/apache/commons/math/ode/nonstiff/EmbeddedRungeKuttaIntegrator.java:288: error: cannot find symbol
        if (error <= 1.0) {
            ^
  symbol:   variable error
  location: class EmbeddedRungeKuttaIntegrator
org/apache/commons/math/ode/nonstiff/EmbeddedRungeKuttaIntegrator.java:310: error: cannot find symbol
                       Math.max(minReduction, safety * Math.pow(error, exp)));
                                                                ^
  symbol:   variable error
  location: class EmbeddedRungeKuttaIntegrator
org/apache/commons/math/ode/nonstiff/EmbeddedRungeKuttaIntegrator.java:349: error: cannot find symbol
                                                safety * Math.pow(error, exp)));
                                                                  ^
  symbol:   variable error
  location: class EmbeddedRungeKuttaIntegrator
4 errors

1652962 [main] INFO clegoues.genprog4java.rep.CachingRepresentation  - StmtReplace(21,10) StmtAppend(57,73) at variant72 fails to compile

1652962 [main] INFO clegoues.genprog4java.fitness.Fitness  - 	 gen: 1 0.0 StmtReplace(21,10) StmtAppend(57,73) (stored at: variant72)
1652977 [main] ERROR clegoues.genprog4java.rep.JavaRepresentation  - org/apache/commons/math/ode/nonstiff/EmbeddedRungeKuttaIntegrator.java:341: error: cannot find symbol
        final double  scaledH    = stepSize * factor;
                                              ^
  symbol:   variable factor
  location: class EmbeddedRungeKuttaIntegrator
1 error

1652978 [main] INFO clegoues.genprog4java.rep.CachingRepresentation  - StmtReplace(122,120) StmtReplace(127,62) at variant73 fails to compile

1652978 [main] INFO clegoues.genprog4java.fitness.Fitness  - 	 gen: 1 0.0 StmtReplace(122,120) StmtReplace(127,62) (stored at: variant73)
1653485 [main] INFO clegoues.genprog4java.fitness.Fitness  - 	 gen: 1 0.0 StmtReplace(21,10) StmtAppend(55,114) (stored at: variant74)
1653981 [main] INFO clegoues.genprog4java.fitness.Fitness  - 	 gen: 1 0.0 StmtReplace(21,10) StmtAppend(121,95) (stored at: variant75)
1654467 [main] INFO clegoues.genprog4java.fitness.Fitness  - 	 gen: 1 1.0 StmtDelete(100) StmtDelete(133) (stored at: variant76)
1654915 [main] INFO clegoues.genprog4java.fitness.Fitness  - 	 gen: 1 1.0 StmtAppend(75,92) StmtDelete(50) (stored at: variant77)
1655522 [main] INFO clegoues.genprog4java.fitness.Fitness  - 	 gen: 1 1.0 StmtAppend(16,142) StmtAppend(119,92) (stored at: variant78)
1656110 [main] INFO clegoues.genprog4java.fitness.Fitness  - 	 gen: 1 1.0 StmtAppend(42,75) StmtAppend(83,28) (stored at: variant79)
1656661 [main] INFO clegoues.genprog4java.fitness.Fitness  - 	 gen: 1 1.0 StmtDelete(138) (stored at: variant80)
1657139 [main] INFO clegoues.genprog4java.fitness.Fitness  - 	 gen: 1 1.0 StmtAppend(16,9) (stored at: variant81)
1657720 [main] INFO clegoues.genprog4java.fitness.Fitness  - 	 gen: 1 1.0 StmtAppend(4,25) (stored at: variant82)
1658186 [main] INFO clegoues.genprog4java.fitness.Fitness  - 	 gen: 1 1.0 StmtDelete(133) (stored at: variant83)
1658759 [main] INFO clegoues.genprog4java.fitness.Fitness  - 	 gen: 1 1.0 StmtAppend(44,25) (stored at: variant84)
1659271 [main] INFO clegoues.genprog4java.fitness.Fitness  - 	 gen: 1 0.0 StmtAppend(60,93) (stored at: variant85)
1659973 [main] INFO clegoues.genprog4java.fitness.Fitness  - 	 gen: 1 0.0 StmtReplace(77,105) (stored at: variant86)
1659987 [main] ERROR clegoues.genprog4java.rep.JavaRepresentation  - org/apache/commons/math/ode/nonstiff/EmbeddedRungeKuttaIntegrator.java:352: error: cannot find symbol
        final boolean nextIsLast = forward ? (nextT >= t) : (nextT <= t);
                                              ^
  symbol:   variable nextT
  location: class EmbeddedRungeKuttaIntegrator
org/apache/commons/math/ode/nonstiff/EmbeddedRungeKuttaIntegrator.java:352: error: cannot find symbol
        final boolean nextIsLast = forward ? (nextT >= t) : (nextT <= t);
                                                             ^
  symbol:   variable nextT
  location: class EmbeddedRungeKuttaIntegrator
2 errors

1659987 [main] INFO clegoues.genprog4java.rep.CachingRepresentation  - StmtAppend(129,73) at variant87 fails to compile

1659987 [main] INFO clegoues.genprog4java.fitness.Fitness  - 	 gen: 1 0.0 StmtAppend(129,73) (stored at: variant87)
1756270 [main] INFO clegoues.genprog4java.fitness.Fitness  - 	 gen: 1 0.0 StmtDelete(10) (stored at: variant88)
1756794 [main] INFO clegoues.genprog4java.fitness.Fitness  - 	 gen: 1 0.0 StmtAppend(92,100) (stored at: variant89)
1757292 [main] INFO clegoues.genprog4java.fitness.Fitness  - 	 gen: 1 0.0 StmtDelete(90) (stored at: variant90)
1757914 [main] INFO clegoues.genprog4java.fitness.Fitness  - 	 gen: 1 1.0 StmtAppend(46,75) (stored at: variant91)
1758409 [main] INFO clegoues.genprog4java.fitness.Fitness  - 	 gen: 1 1.0 StmtAppend(91,63) (stored at: variant92)
1759110 [main] INFO clegoues.genprog4java.fitness.Fitness  - 	 gen: 1 0.0 StmtDelete(82) (stored at: variant93)
1759599 [main] INFO clegoues.genprog4java.fitness.Fitness  - 	 gen: 1 0.0 StmtAppend(112,85) (stored at: variant94)
1760073 [main] INFO clegoues.genprog4java.fitness.Fitness  - 	 gen: 1 1.0 StmtDelete(49) (stored at: variant95)
1760087 [main] ERROR clegoues.genprog4java.rep.JavaRepresentation  - org/apache/commons/math/ode/nonstiff/EmbeddedRungeKuttaIntegrator.java:169: error: variable fsal might not have been initialized
  }
  ^
1 error

1760087 [main] INFO clegoues.genprog4java.rep.CachingRepresentation  - StmtReplace(13,21) at variant96 fails to compile

1760087 [main] INFO clegoues.genprog4java.fitness.Fitness  - 	 gen: 1 0.0 StmtReplace(13,21) (stored at: variant96)
1760891 [main] INFO clegoues.genprog4java.fitness.Fitness  - 	 gen: 1 1.0 StmtAppend(60,100) (stored at: variant97)
1761379 [main] INFO clegoues.genprog4java.fitness.Fitness  - 	 gen: 1 0.0 StmtDelete(60) (stored at: variant98)
1761962 [main] INFO clegoues.genprog4java.fitness.Fitness  - 	 gen: 1 1.0 StmtAppend(125,29) (stored at: variant99)
1761963 [main] INFO clegoues.genprog4java.Search.Search  - search: generation2
1762721 [main] INFO clegoues.genprog4java.fitness.Fitness  - 	 gen: 2 1.0 StmtAppend(60,100) StmtAppend(89,123) (stored at: variant100)
1859010 [main] INFO clegoues.genprog4java.fitness.Fitness  - 	 gen: 2 0.0 StmtReplace(122,120) StmtAppend(46,19) StmtDelete(73) (stored at: variant101)
1859032 [main] ERROR clegoues.genprog4java.rep.JavaRepresentation  - org/apache/commons/math/ode/nonstiff/EmbeddedRungeKuttaIntegrator.java:350: error: cannot find symbol
        hNew = filterStep(scaledH, forward, nextIsLast);
                                            ^
  symbol:   variable nextIsLast
  location: class EmbeddedRungeKuttaIntegrator
1 error

1859033 [main] INFO clegoues.genprog4java.rep.CachingRepresentation  - StmtAppend(75,92) StmtDelete(50) StmtReplace(130,60) at variant102 fails to compile

1859033 [main] INFO clegoues.genprog4java.fitness.Fitness  - 	 gen: 2 0.0 StmtAppend(75,92) StmtDelete(50) StmtReplace(130,60) (stored at: variant102)
1860002 [main] INFO clegoues.genprog4java.fitness.Fitness  - 	 gen: 2 1.0 StmtAppend(16,142) StmtAppend(119,92) StmtAppend(60,96) (stored at: variant103)
1860697 [main] INFO clegoues.genprog4java.fitness.Fitness  - 	 gen: 2 0.0 StmtAppend(46,75) StmtDelete(124) (stored at: variant104)
1861039 [main] INFO clegoues.genprog4java.fitness.Fitness  - 	 gen: 2 1.0 StmtDelete(100) StmtDelete(133) StmtDelete(133) (stored at: variant105)
1861767 [main] INFO clegoues.genprog4java.fitness.Fitness  - 	 gen: 2 1.0 StmtReplace(122,120) StmtAppend(64,96) StmtDelete(21) (stored at: variant106)
1862445 [main] INFO clegoues.genprog4java.fitness.Fitness  - 	 gen: 2 1.0 StmtAppend(46,75) StmtDelete(91) (stored at: variant107)
1863098 [main] INFO clegoues.genprog4java.fitness.Fitness  - 	 gen: 2 0.0 StmtDelete(133) StmtReplace(86,64) (stored at: variant108)
1959495 [main] INFO clegoues.genprog4java.fitness.Fitness  - 	 gen: 2 0.0 StmtAppend(42,75) StmtAppend(83,28) StmtDelete(73) (stored at: variant109)
1959511 [main] ERROR clegoues.genprog4java.rep.JavaRepresentation  - org/apache/commons/math/ode/nonstiff/EmbeddedRungeKuttaIntegrator.java:132: error: variable a might not have been initialized
  }
  ^
1 error

1959511 [main] INFO clegoues.genprog4java.rep.CachingRepresentation  - StmtAppend(114,27) StmtAppend(114,9) StmtDelete(4) at variant110 fails to compile

1959512 [main] INFO clegoues.genprog4java.fitness.Fitness  - 	 gen: 2 0.0 StmtAppend(114,27) StmtAppend(114,9) StmtDelete(4) (stored at: variant110)
1959532 [main] ERROR clegoues.genprog4java.rep.JavaRepresentation  - org/apache/commons/math/ode/nonstiff/EmbeddedRungeKuttaIntegrator.java:214: error: cannot find symbol
      rki.reinitialize(this, yTmp, yDotK, forward);
                                   ^
  symbol:   variable yDotK
  location: class EmbeddedRungeKuttaIntegrator
org/apache/commons/math/ode/nonstiff/EmbeddedRungeKuttaIntegrator.java:241: error: cannot find symbol
          computeDerivatives(stepStart, y, yDotK[0]);
                                           ^
  symbol:   variable yDotK
  location: class EmbeddedRungeKuttaIntegrator
org/apache/commons/math/ode/nonstiff/EmbeddedRungeKuttaIntegrator.java:251: error: cannot find symbol
					computeDerivatives(stepStart, y, yDotK[0]);
					                                 ^
  symbol:   variable yDotK
  location: class EmbeddedRungeKuttaIntegrator
org/apache/commons/math/ode/nonstiff/EmbeddedRungeKuttaIntegrator.java:258: error: cannot find symbol
                                stepStart, y, yDotK[0], yTmp, yDotK[1]);
                                              ^
  symbol:   variable yDotK
  location: class EmbeddedRungeKuttaIntegrator
org/apache/commons/math/ode/nonstiff/EmbeddedRungeKuttaIntegrator.java:258: error: cannot find symbol
                                stepStart, y, yDotK[0], yTmp, yDotK[1]);
                                                              ^
  symbol:   variable yDotK
  location: class EmbeddedRungeKuttaIntegrator
org/apache/commons/math/ode/nonstiff/EmbeddedRungeKuttaIntegrator.java:267: error: cannot find symbol
					double sum = a[k - 1][0] * yDotK[0][j];
					                           ^
  symbol:   variable yDotK
  location: class EmbeddedRungeKuttaIntegrator
org/apache/commons/math/ode/nonstiff/EmbeddedRungeKuttaIntegrator.java:269: error: cannot find symbol
						sum += a[k - 1][l] * yDotK[l][j];
						                     ^
  symbol:   variable yDotK
  location: class EmbeddedRungeKuttaIntegrator
org/apache/commons/math/ode/nonstiff/EmbeddedRungeKuttaIntegrator.java:273: error: cannot find symbol
				computeDerivatives(stepStart + c[k - 1] * stepSize, yTmp, yDotK[k]);
				                                                          ^
  symbol:   variable yDotK
  location: class EmbeddedRungeKuttaIntegrator
org/apache/commons/math/ode/nonstiff/EmbeddedRungeKuttaIntegrator.java:275: error: cannot find symbol
			error = estimateError(yDotK, y, yTmp, stepSize);
			                      ^
  symbol:   variable yDotK
  location: class EmbeddedRungeKuttaIntegrator
org/apache/commons/math/ode/nonstiff/EmbeddedRungeKuttaIntegrator.java:280: error: cannot find symbol
          double sum    = b[0] * yDotK[0][j];
                                 ^
  symbol:   variable yDotK
  location: class EmbeddedRungeKuttaIntegrator
org/apache/commons/math/ode/nonstiff/EmbeddedRungeKuttaIntegrator.java:282: error: cannot find symbol
            sum    += b[l] * yDotK[l][j];
                             ^
  symbol:   variable yDotK
  location: class EmbeddedRungeKuttaIntegrator
org/apache/commons/math/ode/nonstiff/EmbeddedRungeKuttaIntegrator.java:288: error: cannot find symbol
        error = estimateError(yDotK, y, yTmp, stepSize);
                              ^
  symbol:   variable yDotK
  location: class EmbeddedRungeKuttaIntegrator
org/apache/commons/math/ode/nonstiff/EmbeddedRungeKuttaIntegrator.java:332: error: cannot find symbol
        System.arraycopy(yDotK[stages - 1], 0, yDotK[0], 0, y0.length);
                         ^
  symbol:   variable yDotK
  location: class EmbeddedRungeKuttaIntegrator
org/apache/commons/math/ode/nonstiff/EmbeddedRungeKuttaIntegrator.java:332: error: cannot find symbol
        System.arraycopy(yDotK[stages - 1], 0, yDotK[0], 0, y0.length);
                                               ^
  symbol:   variable yDotK
  location: class EmbeddedRungeKuttaIntegrator
org/apache/commons/math/ode/nonstiff/EmbeddedRungeKuttaIntegrator.java:338: error: cannot find symbol
        computeDerivatives(stepStart, y, yDotK[0]);
                                         ^
  symbol:   variable yDotK
  location: class EmbeddedRungeKuttaIntegrator
15 errors

1959532 [main] INFO clegoues.genprog4java.rep.CachingRepresentation  - StmtAppend(75,92) StmtAppend(69,61) StmtReplace(35,10) at variant111 fails to compile

1959532 [main] INFO clegoues.genprog4java.fitness.Fitness  - 	 gen: 2 0.0 StmtAppend(75,92) StmtAppend(69,61) StmtReplace(35,10) (stored at: variant111)
1959893 [main] INFO clegoues.genprog4java.fitness.Fitness  - 	 gen: 2 0.0 StmtAppend(91,63) StmtReplace(41,120) (stored at: variant112)
1960371 [main] INFO clegoues.genprog4java.fitness.Fitness  - 	 gen: 2 0.0 StmtAppend(117,56) StmtAppend(89,29) StmtReplace(8,8) (stored at: variant113)
2152396 [main] INFO clegoues.genprog4java.fitness.Fitness  - 	 gen: 2 0.0 StmtDelete(138) StmtDelete(69) (stored at: variant114)
2152821 [main] INFO clegoues.genprog4java.fitness.Fitness  - 	 gen: 2 0.0 StmtAppend(33,138) StmtAppend(110,20) StmtDelete(92) (stored at: variant115)
2172438 [main] INFO clegoues.genprog4java.fitness.Fitness  - 	 gen: 2 0.0 StmtDelete(133) StmtDelete(81) (stored at: variant116)
2172458 [main] ERROR clegoues.genprog4java.rep.JavaRepresentation  - org/apache/commons/math/ode/nonstiff/EmbeddedRungeKuttaIntegrator.java:295: error: cannot find symbol
              if (Math.abs(dt) <= Math.ulp(stepStart)) {
                           ^
  symbol:   variable dt
  location: class EmbeddedRungeKuttaIntegrator
org/apache/commons/math/ode/nonstiff/EmbeddedRungeKuttaIntegrator.java:300: error: cannot find symbol
                  hNew = dt;
                         ^
  symbol:   variable dt
  location: class EmbeddedRungeKuttaIntegrator
2 errors

2172458 [main] INFO clegoues.genprog4java.rep.CachingRepresentation  - StmtAppend(38,123) StmtReplace(9,21) StmtDelete(98) at variant117 fails to compile

2172458 [main] INFO clegoues.genprog4java.fitness.Fitness  - 	 gen: 2 0.0 StmtAppend(38,123) StmtReplace(9,21) StmtDelete(98) (stored at: variant117)
2173237 [main] INFO clegoues.genprog4java.fitness.Fitness  - 	 gen: 2 1.0 StmtReplace(21,10) StmtDelete(126) StmtAppend(73,105) (stored at: variant118)
2174939 [main] INFO clegoues.genprog4java.fitness.Fitness  - 	 gen: 2 0.0 StmtReplace(21,10) StmtDelete(126) StmtDelete(80) (stored at: variant119)
2174957 [main] ERROR clegoues.genprog4java.rep.JavaRepresentation  - org/apache/commons/math/ode/nonstiff/EmbeddedRungeKuttaIntegrator.java:304: error: cannot find symbol
          if (manager.evaluateStep(interpolator)) {
              ^
  symbol:   variable manager
  location: class EmbeddedRungeKuttaIntegrator
org/apache/commons/math/ode/nonstiff/EmbeddedRungeKuttaIntegrator.java:305: error: cannot find symbol
              final double dt = manager.getEventTime() - stepStart;
                                ^
  symbol:   variable manager
  location: class EmbeddedRungeKuttaIntegrator
org/apache/commons/math/ode/nonstiff/EmbeddedRungeKuttaIntegrator.java:331: error: cannot find symbol
      manager.stepAccepted(nextStep, y);
      ^
  symbol:   variable manager
  location: class EmbeddedRungeKuttaIntegrator
org/apache/commons/math/ode/nonstiff/EmbeddedRungeKuttaIntegrator.java:332: error: cannot find symbol
      lastStep = manager.stop();
                 ^
  symbol:   variable manager
  location: class EmbeddedRungeKuttaIntegrator
org/apache/commons/math/ode/nonstiff/EmbeddedRungeKuttaIntegrator.java:346: error: cannot find symbol
      if (manager.reset(stepStart, y) && ! lastStep) {
          ^
  symbol:   variable manager
  location: class EmbeddedRungeKuttaIntegrator
5 errors

2174957 [main] INFO clegoues.genprog4java.rep.CachingRepresentation  - StmtAppend(42,75) StmtAppend(83,28) StmtReplace(52,28) at variant120 fails to compile

2174957 [main] INFO clegoues.genprog4java.fitness.Fitness  - 	 gen: 2 0.0 StmtAppend(42,75) StmtAppend(83,28) StmtReplace(52,28) (stored at: variant120)
2175441 [main] INFO clegoues.genprog4java.fitness.Fitness  - 	 gen: 2 0.0 StmtAppend(33,138) StmtAppend(110,20) StmtReplace(121,119) (stored at: variant121)
2176191 [main] INFO clegoues.genprog4java.fitness.Fitness  - 	 gen: 2 0.0 StmtAppend(42,75) StmtAppend(83,28) StmtDelete(123) (stored at: variant122)
2176205 [main] ERROR clegoues.genprog4java.rep.JavaRepresentation  - org/apache/commons/math/ode/nonstiff/EmbeddedRungeKuttaIntegrator.java:235: error: cannot find symbol
    while (!lastStep) {
            ^
  symbol:   variable lastStep
  location: class EmbeddedRungeKuttaIntegrator
org/apache/commons/math/ode/nonstiff/EmbeddedRungeKuttaIntegrator.java:320: error: cannot find symbol
      lastStep = manager.stop();
      ^
  symbol:   variable lastStep
  location: class EmbeddedRungeKuttaIntegrator
org/apache/commons/math/ode/nonstiff/EmbeddedRungeKuttaIntegrator.java:325: error: cannot find symbol
          handler.handleStep(interpolator, lastStep);
                                           ^
  symbol:   variable lastStep
  location: class EmbeddedRungeKuttaIntegrator
org/apache/commons/math/ode/nonstiff/EmbeddedRungeKuttaIntegrator.java:334: error: cannot find symbol
      if (manager.reset(stepStart, y) && ! lastStep) {
                                           ^
  symbol:   variable lastStep
  location: class EmbeddedRungeKuttaIntegrator
org/apache/commons/math/ode/nonstiff/EmbeddedRungeKuttaIntegrator.java:340: error: cannot find symbol
      if (! lastStep) {
            ^
  symbol:   variable lastStep
  location: class EmbeddedRungeKuttaIntegrator
5 errors

2176205 [main] INFO clegoues.genprog4java.rep.CachingRepresentation  - StmtDelete(138) StmtAppend(53,10) at variant123 fails to compile

2176205 [main] INFO clegoues.genprog4java.fitness.Fitness  - 	 gen: 2 0.0 StmtDelete(138) StmtAppend(53,10) (stored at: variant123)
2176223 [main] ERROR clegoues.genprog4java.rep.JavaRepresentation  - org/apache/commons/math/ode/nonstiff/EmbeddedRungeKuttaIntegrator.java:169: error: variable a might not have been initialized
  }
  ^
1 error

2176223 [main] INFO clegoues.genprog4java.rep.CachingRepresentation  - StmtAppend(75,92) StmtReplace(29,46) StmtReplace(15,142) at variant124 fails to compile

2176223 [main] INFO clegoues.genprog4java.fitness.Fitness  - 	 gen: 2 0.0 StmtAppend(75,92) StmtReplace(29,46) StmtReplace(15,142) (stored at: variant124)
2272507 [main] INFO clegoues.genprog4java.fitness.Fitness  - 	 gen: 2 0.0 StmtAppend(42,75) StmtReplace(131,62) StmtDelete(34) (stored at: variant125)
2273355 [main] INFO clegoues.genprog4java.fitness.Fitness  - 	 gen: 2 0.0 StmtAppend(16,142) StmtAppend(119,92) StmtReplace(113,75) (stored at: variant126)
2273384 [main] ERROR clegoues.genprog4java.rep.JavaRepresentation  - org/apache/commons/math/ode/nonstiff/EmbeddedRungeKuttaIntegrator.java:242: error: cannot find symbol
        if (firstTime || !fsal) {
            ^
  symbol:   variable firstTime
  location: class EmbeddedRungeKuttaIntegrator
org/apache/commons/math/ode/nonstiff/EmbeddedRungeKuttaIntegrator.java:247: error: cannot find symbol
        if (firstTime) {
            ^
  symbol:   variable firstTime
  location: class EmbeddedRungeKuttaIntegrator
org/apache/commons/math/ode/nonstiff/EmbeddedRungeKuttaIntegrator.java:247: error: illegal start of type
        if (firstTime) {
           ^
org/apache/commons/math/ode/nonstiff/EmbeddedRungeKuttaIntegrator.java:257: error: cannot find symbol
          firstTime = false;
          ^
  symbol:   variable firstTime
  location: class EmbeddedRungeKuttaIntegrator
4 errors

2273384 [main] INFO clegoues.genprog4java.rep.CachingRepresentation  - StmtAppend(16,142) StmtAppend(119,92) StmtReplace(48,138) at variant127 fails to compile

2273384 [main] INFO clegoues.genprog4java.fitness.Fitness  - 	 gen: 2 0.0 StmtAppend(16,142) StmtAppend(119,92) StmtReplace(48,138) (stored at: variant127)
2285084 [main] INFO clegoues.genprog4java.fitness.Fitness  - 	 gen: 2 0.0 StmtAppend(75,92) StmtReplace(29,46) StmtDelete(110) (stored at: variant128)
2381303 [main] INFO clegoues.genprog4java.fitness.Fitness  - 	 gen: 2 0.0 StmtReplace(122,120) StmtAppend(64,96) StmtReplace(45,62) (stored at: variant129)
2381320 [main] ERROR clegoues.genprog4java.rep.JavaRepresentation  - org/apache/commons/math/ode/nonstiff/EmbeddedRungeKuttaIntegrator.java:353: error: cannot find symbol
        hNew = filterStep(scaledH, forward, nextIsLast);
                                            ^
  symbol:   variable nextIsLast
  location: class EmbeddedRungeKuttaIntegrator
1 error

2381320 [main] INFO clegoues.genprog4java.rep.CachingRepresentation  - StmtAppend(114,27) StmtAppend(114,9) StmtAppend(130,61) at variant130 fails to compile

2381320 [main] INFO clegoues.genprog4java.fitness.Fitness  - 	 gen: 2 0.0 StmtAppend(114,27) StmtAppend(114,9) StmtAppend(130,61) (stored at: variant130)
2477579 [main] INFO clegoues.genprog4java.fitness.Fitness  - 	 gen: 2 0.0 StmtAppend(38,123) StmtReplace(9,21) StmtReplace(45,122) (stored at: variant131)
2477593 [main] ERROR clegoues.genprog4java.rep.JavaRepresentation  - org/apache/commons/math/ode/nonstiff/EmbeddedRungeKuttaIntegrator.java:372: error: cannot find symbol
    return stopTime;
           ^
  symbol:   variable stopTime
  location: class EmbeddedRungeKuttaIntegrator
1 error

2477593 [main] INFO clegoues.genprog4java.rep.CachingRepresentation  - StmtAppend(42,75) StmtReplace(131,62) StmtAppend(132,74) at variant132 fails to compile

2477593 [main] INFO clegoues.genprog4java.fitness.Fitness  - 	 gen: 2 0.0 StmtAppend(42,75) StmtReplace(131,62) StmtAppend(132,74) (stored at: variant132)
2478101 [main] INFO clegoues.genprog4java.fitness.Fitness  - 	 gen: 2 0.0 StmtAppend(60,100) StmtReplace(91,60) (stored at: variant133)
2478117 [main] ERROR clegoues.genprog4java.rep.JavaRepresentation  - org/apache/commons/math/ode/nonstiff/EmbeddedRungeKuttaIntegrator.java:256: error: cannot find symbol
          hNew = initializeStep(equations, forward, getOrder(), scale,
          ^
  symbol:   variable hNew
  location: class EmbeddedRungeKuttaIntegrator
org/apache/commons/math/ode/nonstiff/EmbeddedRungeKuttaIntegrator.java:261: error: cannot find symbol
        stepSize = hNew;
                   ^
  symbol:   variable hNew
  location: class EmbeddedRungeKuttaIntegrator
org/apache/commons/math/ode/nonstiff/EmbeddedRungeKuttaIntegrator.java:300: error: cannot find symbol
                  hNew = dt;
                  ^
  symbol:   variable hNew
  location: class EmbeddedRungeKuttaIntegrator
org/apache/commons/math/ode/nonstiff/EmbeddedRungeKuttaIntegrator.java:312: error: cannot find symbol
          hNew = filterStep(stepSize * factor, forward, false);
          ^
  symbol:   variable hNew
  location: class EmbeddedRungeKuttaIntegrator
org/apache/commons/math/ode/nonstiff/EmbeddedRungeKuttaIntegrator.java:354: error: cannot find symbol
        hNew = filterStep(scaledH, forward, nextIsLast);
        ^
  symbol:   variable hNew
  location: class EmbeddedRungeKuttaIntegrator
5 errors

2478117 [main] INFO clegoues.genprog4java.rep.CachingRepresentation  - StmtAppend(16,9) StmtDelete(47) at variant134 fails to compile

2478117 [main] INFO clegoues.genprog4java.fitness.Fitness  - 	 gen: 2 0.0 StmtAppend(16,9) StmtDelete(47) (stored at: variant134)
2574415 [main] INFO clegoues.genprog4java.fitness.Fitness  - 	 gen: 2 0.0 StmtAppend(16,9) StmtDelete(103) (stored at: variant135)
2574852 [main] INFO clegoues.genprog4java.fitness.Fitness  - 	 gen: 2 1.0 StmtAppend(114,27) StmtAppend(114,9) StmtAppend(81,19) (stored at: variant136)
2583509 [main] INFO clegoues.genprog4java.fitness.Fitness  - 	 gen: 2 0.0 StmtAppend(42,75) StmtReplace(131,62) StmtDelete(142) (stored at: variant137)
2584232 [main] INFO clegoues.genprog4java.fitness.Fitness  - 	 gen: 2 1.0 StmtAppend(91,63) StmtDelete(110) (stored at: variant138)
2584716 [main] INFO clegoues.genprog4java.fitness.Fitness  - 	 gen: 2 1.0 StmtAppend(33,138) StmtAppend(110,20) StmtDelete(20) (stored at: variant139)
2585461 [main] INFO clegoues.genprog4java.fitness.Fitness  - 	 gen: 2 0.0 StmtReplace(131,119) (stored at: variant140)
2586079 [main] INFO clegoues.genprog4java.fitness.Fitness  - 	 gen: 2 1.0 StmtAppend(42,75) StmtDelete(122) (stored at: variant141)
2778102 [main] INFO clegoues.genprog4java.fitness.Fitness  - 	 gen: 2 0.0 StmtDelete(105) (stored at: variant142)
2778554 [main] INFO clegoues.genprog4java.fitness.Fitness  - 	 gen: 2 1.0 StmtAppend(33,138) StmtAppend(46,19) StmtAppend(92,93) (stored at: variant143)
2779145 [main] INFO clegoues.genprog4java.fitness.Fitness  - 	 gen: 2 1.0 StmtDelete(95) (stored at: variant144)
2779170 [main] ERROR clegoues.genprog4java.rep.JavaRepresentation  - org/apache/commons/math/ode/nonstiff/EmbeddedRungeKuttaIntegrator.java:356: error: cannot find symbol
        final double  nextT      = stepStart + scaledH;
                                               ^
  symbol:   variable scaledH
  location: class EmbeddedRungeKuttaIntegrator
org/apache/commons/math/ode/nonstiff/EmbeddedRungeKuttaIntegrator.java:358: error: cannot find symbol
        hNew = filterStep(scaledH, forward, nextIsLast);
                          ^
  symbol:   variable scaledH
  location: class EmbeddedRungeKuttaIntegrator
2 errors

2779170 [main] INFO clegoues.genprog4java.rep.CachingRepresentation  - StmtAppend(75,92) StmtReplace(128,75) at variant145 fails to compile

2779170 [main] INFO clegoues.genprog4java.fitness.Fitness  - 	 gen: 2 0.0 StmtAppend(75,92) StmtReplace(128,75) (stored at: variant145)
2779184 [main] ERROR clegoues.genprog4java.rep.JavaRepresentation  - org/apache/commons/math/ode/nonstiff/EmbeddedRungeKuttaIntegrator.java:233: error: cannot find symbol
    while (!lastStep) {
            ^
  symbol:   variable lastStep
  location: class EmbeddedRungeKuttaIntegrator
org/apache/commons/math/ode/nonstiff/EmbeddedRungeKuttaIntegrator.java:318: error: cannot find symbol
      lastStep = manager.stop();
      ^
  symbol:   variable lastStep
  location: class EmbeddedRungeKuttaIntegrator
org/apache/commons/math/ode/nonstiff/EmbeddedRungeKuttaIntegrator.java:323: error: cannot find symbol
          handler.handleStep(interpolator, lastStep);
                                           ^
  symbol:   variable lastStep
  location: class EmbeddedRungeKuttaIntegrator
org/apache/commons/math/ode/nonstiff/EmbeddedRungeKuttaIntegrator.java:334: error: cannot find symbol
      if (manager.reset(stepStart, y) && ! lastStep) {
                                           ^
  symbol:   variable lastStep
  location: class EmbeddedRungeKuttaIntegrator
org/apache/commons/math/ode/nonstiff/EmbeddedRungeKuttaIntegrator.java:340: error: cannot find symbol
      if (! lastStep) {
            ^
  symbol:   variable lastStep
  location: class EmbeddedRungeKuttaIntegrator
5 errors

2779185 [main] INFO clegoues.genprog4java.rep.CachingRepresentation  - StmtAppend(119,92) StmtDelete(53) at variant146 fails to compile

2779185 [main] INFO clegoues.genprog4java.fitness.Fitness  - 	 gen: 2 0.0 StmtAppend(119,92) StmtDelete(53) (stored at: variant146)
2779772 [main] INFO clegoues.genprog4java.fitness.Fitness  - 	 gen: 2 1.0 StmtReplace(97,56) (stored at: variant147)
2780199 [main] INFO clegoues.genprog4java.fitness.Fitness  - 	 gen: 2 0.0 StmtAppend(64,96) StmtDelete(115) (stored at: variant148)
2780793 [main] INFO clegoues.genprog4java.fitness.Fitness  - 	 gen: 2 1.0 StmtAppend(83,28) StmtDelete(122) (stored at: variant149)
2780809 [main] ERROR clegoues.genprog4java.rep.JavaRepresentation  - org/apache/commons/math/ode/nonstiff/EmbeddedRungeKuttaIntegrator.java:217: error: cannot find symbol
      rki.reinitialize(this, yTmp, yDotK, forward);
      ^
  symbol:   variable rki
  location: class EmbeddedRungeKuttaIntegrator
org/apache/commons/math/ode/nonstiff/EmbeddedRungeKuttaIntegrator.java:218: error: cannot find symbol
      interpolator = rki;
                     ^
  symbol:   variable rki
  location: class EmbeddedRungeKuttaIntegrator
2 errors

2780809 [main] INFO clegoues.genprog4java.rep.CachingRepresentation  - StmtAppend(114,9) StmtAppend(40,44) at variant150 fails to compile

2780809 [main] INFO clegoues.genprog4java.fitness.Fitness  - 	 gen: 2 0.0 StmtAppend(114,9) StmtAppend(40,44) (stored at: variant150)
2780835 [main] ERROR clegoues.genprog4java.rep.JavaRepresentation  - org/apache/commons/math/ode/nonstiff/EmbeddedRungeKuttaIntegrator.java:347: error: cannot find symbol
        final double  nextT      = stepStart + scaledH;
                                               ^
  symbol:   variable scaledH
  location: class EmbeddedRungeKuttaIntegrator
org/apache/commons/math/ode/nonstiff/EmbeddedRungeKuttaIntegrator.java:349: error: cannot find symbol
        hNew = filterStep(scaledH, forward, nextIsLast);
                          ^
  symbol:   variable scaledH
  location: class EmbeddedRungeKuttaIntegrator
2 errors

2780835 [main] INFO clegoues.genprog4java.rep.CachingRepresentation  - StmtAppend(114,9) StmtDelete(128) at variant151 fails to compile

2780836 [main] INFO clegoues.genprog4java.fitness.Fitness  - 	 gen: 2 0.0 StmtAppend(114,9) StmtDelete(128) (stored at: variant151)
2781524 [main] INFO clegoues.genprog4java.fitness.Fitness  - 	 gen: 2 0.0 StmtReplace(131,62) StmtReplace(119,138) (stored at: variant152)
2781539 [main] ERROR clegoues.genprog4java.rep.JavaRepresentation  - org/apache/commons/math/ode/nonstiff/EmbeddedRungeKuttaIntegrator.java:267: error: cannot find symbol
              sum += a[k-1][l] * yDotK[l][j];
              ^
  symbol:   variable sum
  location: class EmbeddedRungeKuttaIntegrator
org/apache/commons/math/ode/nonstiff/EmbeddedRungeKuttaIntegrator.java:269: error: cannot find symbol
            yTmp[j] = y[j] + stepSize * sum;
                                        ^
  symbol:   variable sum
  location: class EmbeddedRungeKuttaIntegrator
2 errors

2781539 [main] INFO clegoues.genprog4java.rep.CachingRepresentation  - StmtReplace(79,119) at variant153 fails to compile

2781539 [main] INFO clegoues.genprog4java.fitness.Fitness  - 	 gen: 2 0.0 StmtReplace(79,119) (stored at: variant153)
2782089 [main] INFO clegoues.genprog4java.fitness.Fitness  - 	 gen: 2 1.0 StmtAppend(93,62) (stored at: variant154)
2782597 [main] INFO clegoues.genprog4java.fitness.Fitness  - 	 gen: 2 1.0 StmtAppend(6,142) (stored at: variant155)
2783199 [main] INFO clegoues.genprog4java.fitness.Fitness  - 	 gen: 2 1.0 StmtAppend(84,60) (stored at: variant156)
2975230 [main] INFO clegoues.genprog4java.fitness.Fitness  - 	 gen: 2 0.0 StmtAppend(110,20) StmtDelete(46) (stored at: variant157)
2975230 [main] INFO clegoues.genprog4java.Search.Search  - search: generation3
3167465 [main] INFO clegoues.genprog4java.fitness.Fitness  - 	 gen: 3 0.0 StmtDelete(100) StmtDelete(133) StmtDelete(133) StmtDelete(104) (stored at: variant158)
3168247 [main] INFO clegoues.genprog4java.fitness.Fitness  - 	 gen: 3 1.0 StmtDelete(95) StmtAppend(21,25) (stored at: variant159)
3168845 [main] INFO clegoues.genprog4java.fitness.Fitness  - 	 gen: 3 1.0 StmtAppend(42,75) StmtDelete(122) StmtAppend(16,49) (stored at: variant160)
3186581 [main] INFO clegoues.genprog4java.fitness.Fitness  - 	 gen: 3 0.0 StmtAppend(91,63) StmtDelete(110) StmtDelete(131) (stored at: variant161)
3186607 [main] ERROR clegoues.genprog4java.rep.JavaRepresentation  - org/apache/commons/math/ode/nonstiff/EmbeddedRungeKuttaIntegrator.java:367: error: cannot find symbol
        final double  scaledH    = stepSize * factor;
                                              ^
  symbol:   variable factor
  location: class EmbeddedRungeKuttaIntegrator
1 error

3186607 [main] INFO clegoues.genprog4java.rep.CachingRepresentation  - StmtAppend(91,63) StmtDelete(110) StmtAppend(127,85) at variant162 fails to compile

3186607 [main] INFO clegoues.genprog4java.fitness.Fitness  - 	 gen: 3 0.0 StmtAppend(91,63) StmtDelete(110) StmtAppend(127,85) (stored at: variant162)
3282942 [main] INFO clegoues.genprog4java.fitness.Fitness  - 	 gen: 3 0.0 StmtAppend(16,142) StmtAppend(119,92) StmtAppend(60,96) StmtDelete(94) (stored at: variant163)
3282970 [main] ERROR clegoues.genprog4java.rep.JavaRepresentation  - org/apache/commons/math/ode/nonstiff/EmbeddedRungeKuttaIntegrator.java:360: error: cannot find symbol
        final boolean nextIsLast = forward ? (nextT >= t) : (nextT <= t);
                                              ^
  symbol:   variable nextT
  location: class EmbeddedRungeKuttaIntegrator
org/apache/commons/math/ode/nonstiff/EmbeddedRungeKuttaIntegrator.java:360: error: cannot find symbol
        final boolean nextIsLast = forward ? (nextT >= t) : (nextT <= t);
                                                             ^
  symbol:   variable nextT
  location: class EmbeddedRungeKuttaIntegrator
2 errors

3282970 [main] INFO clegoues.genprog4java.rep.CachingRepresentation  - StmtReplace(122,120) StmtAppend(64,96) StmtReplace(45,62) StmtAppend(129,19) at variant164 fails to compile

3282970 [main] INFO clegoues.genprog4java.fitness.Fitness  - 	 gen: 3 0.0 StmtReplace(122,120) StmtAppend(64,96) StmtReplace(45,62) StmtAppend(129,19) (stored at: variant164)
3379320 [main] INFO clegoues.genprog4java.fitness.Fitness  - 	 gen: 3 0.0 StmtAppend(83,28) StmtDelete(122) StmtDelete(112) (stored at: variant165)
3379340 [main] ERROR clegoues.genprog4java.rep.JavaRepresentation  - org/apache/commons/math/ode/nonstiff/EmbeddedRungeKuttaIntegrator.java:366: error: cannot find symbol
        final boolean nextIsLast = forward ? (nextT >= t) : (nextT <= t);
                                              ^
  symbol:   variable nextT
  location: class EmbeddedRungeKuttaIntegrator
org/apache/commons/math/ode/nonstiff/EmbeddedRungeKuttaIntegrator.java:366: error: cannot find symbol
        final boolean nextIsLast = forward ? (nextT >= t) : (nextT <= t);
                                                             ^
  symbol:   variable nextT
  location: class EmbeddedRungeKuttaIntegrator
2 errors

3379340 [main] INFO clegoues.genprog4java.rep.CachingRepresentation  - StmtAppend(16,142) StmtAppend(119,92) StmtAppend(60,96) StmtDelete(129) at variant166 fails to compile

3379341 [main] INFO clegoues.genprog4java.fitness.Fitness  - 	 gen: 3 0.0 StmtAppend(16,142) StmtAppend(119,92) StmtAppend(60,96) StmtDelete(129) (stored at: variant166)
3379963 [main] INFO clegoues.genprog4java.fitness.Fitness  - 	 gen: 3 0.0 StmtAppend(114,27) StmtAppend(114,9) StmtAppend(81,19) StmtReplace(110,20) (stored at: variant167)
3380458 [main] INFO clegoues.genprog4java.fitness.Fitness  - 	 gen: 3 0.0 StmtAppend(33,138) StmtAppend(46,19) StmtAppend(92,93) StmtDelete(122) (stored at: variant168)
3401499 [main] INFO clegoues.genprog4java.fitness.Fitness  - 	 gen: 3 0.0 StmtAppend(16,142) StmtAppend(119,92) StmtAppend(60,96) StmtAppend(10,10) (stored at: variant169)
3402117 [main] INFO clegoues.genprog4java.fitness.Fitness  - 	 gen: 3 1.0 StmtAppend(83,28) StmtDelete(122) StmtAppend(133,43) (stored at: variant170)
3402141 [main] ERROR clegoues.genprog4java.rep.JavaRepresentation  - org/apache/commons/math/ode/nonstiff/EmbeddedRungeKuttaIntegrator.java:217: error: variable interpolator might not have been initialized
    interpolator.storeTime(t0);
    ^
1 error

3402141 [main] INFO clegoues.genprog4java.rep.CachingRepresentation  - StmtAppend(114,27) StmtAppend(114,9) StmtAppend(81,19) StmtReplace(39,119) at variant171 fails to compile

3402141 [main] INFO clegoues.genprog4java.fitness.Fitness  - 	 gen: 3 0.0 StmtAppend(114,27) StmtAppend(114,9) StmtAppend(81,19) StmtReplace(39,119) (stored at: variant171)
3498392 [main] INFO clegoues.genprog4java.fitness.Fitness  - 	 gen: 3 0.0 StmtAppend(84,60) StmtAppend(50,43) (stored at: variant172)
