0 [main] DEBUG clegoues.genprog4java.fitness.Fitness  - parsing granularity, value: class
23 [main] DEBUG clegoues.genprog4java.fitness.Fitness  - parsing granularity, value: class
#Fri Mar 12 13:01:20 CST 2021
negativeTestWeight=2.0
classSourceFolder=/home/rtx/repair/d4j/Math/74b/target/classes
model=default
sampleStrategy=variant
srcClassPath=/home/rtx/repair/d4j/Math/74b/target/classes
sourceVersion=1.8
popsize=40
regenPaths=false
posCoverageFile=coverage.path.pos
continue=false
edits=APPEND;DELETE;REPLACE
negCoverageFile=coverage.path.neg
workingDir=/home/rtx/repair/d4j/Math/74b/
clearTestCache=false
skipFailedSanity=false
sample=0.1 
oracleGenome=
testGranularity=class
justTestingFaultLoc=false
faultLocStrategy=standardPathFile
crossp=0.5
pMutation=1
generations=10
positiveTests=/home/rtx/repair/d4j/Math/74b/pos.tests
javaVM=/home/rtx/java/jdk1.8.0_271/jre/bin/java
seed=6
negativePathWeight=0.35
compileCommand=
fixStrategy=classScope
allowCoverageFail=false
targetClassName=/home/rtx/repair/d4j/Math/74b/bugfiles.txt
javaRuntime=java.lang.Runtime@6576fe71
classTestFolder=
modelPath=OVERALLModel.txt
sanity=yes
positivePathWeight=0.65
jacocoPath=/home/rtx/eclipse-workspace/genprog4java/lib/jacocoagent.jar
negativeTests=/home/rtx/repair/d4j/Math/74b/neg.tests
pathToFileHumanInjectedFaultLoc=fileHumanInjectedFaultLoc.txt
outputDir=/home/rtx/repair/d4j/Math/74b/genprog4java/variantSeed6/
testClassPath=/home/rtx/repair/d4j/Math/74b/target/classes\:/home/rtx/repair/d4j/Math/74b/target/test-classes\:/home/rtx/repair/defects4j/framework/projects/lib/junit-4.11.jar\:/home/rtx/repair/d4j/Math/74b/lib/junit-4.4.jar
faultStrategy=classScope
sourceDir=src/main/java
checkSpace=false
search=gp
globalExtension=.java
faultSpaceSubSet=1/5
maxVariants=50
libs=/home/rtx/eclipse-workspace/genprog4java/lib/junittestrunner.jar\:/home/rtx/eclipse-workspace/genprog4java/lib/commons-cli-20040117.000000.jar\:/home/rtx/eclipse-workspace/genprog4java/lib/junit-4.12.jar\:/home/rtx/eclipse-workspace/genprog4java/lib/hamcrest-core-1.3.jar\:/home/rtx/eclipse-workspace/genprog4java/lib/log4j-1.2.17.jar\:/home/rtx/repair/d4j/Math/74b/target/classes\:/home/rtx/repair/d4j/Math/74b/target/test-classes\:/home/rtx/repair/defects4j/framework/projects/lib/junit-4.11.jar\:/home/rtx/repair/d4j/Math/74b/lib/junit-4.4.jar\:/home/rtx/repair/d4j/Math/74b/target/classes
crossover=onepoint
95 [main] INFO clegoues.genprog4java.main.Main  - Configuration file loaded
14869 [main] INFO clegoues.genprog4java.rep.CachingRepresentation  - loaded from source clegoues.genprog4java.java.ClassInfo@7f18d44c
14870 [main] INFO clegoues.genprog4java.rep.CachingRepresentation  - sanity checking begins
15285 [main] INFO clegoues.genprog4java.rep.CachingRepresentation  - Checking test number 1 out of 10
15493 [main] INFO clegoues.genprog4java.rep.CachingRepresentation  - true (1)

15494 [main] INFO clegoues.genprog4java.rep.CachingRepresentation  - Checking test number 2 out of 10
15959 [main] INFO clegoues.genprog4java.rep.CachingRepresentation  - true (1)

15959 [main] INFO clegoues.genprog4java.rep.CachingRepresentation  - Checking test number 3 out of 10
16145 [main] INFO clegoues.genprog4java.rep.CachingRepresentation  - true (1)

16145 [main] INFO clegoues.genprog4java.rep.CachingRepresentation  - Checking test number 4 out of 10
16399 [main] INFO clegoues.genprog4java.rep.CachingRepresentation  - true (1)

16399 [main] INFO clegoues.genprog4java.rep.CachingRepresentation  - Checking test number 5 out of 10
16583 [main] INFO clegoues.genprog4java.rep.CachingRepresentation  - true (1)

16583 [main] INFO clegoues.genprog4java.rep.CachingRepresentation  - Checking test number 6 out of 10
16844 [main] INFO clegoues.genprog4java.rep.CachingRepresentation  - true (1)

16844 [main] INFO clegoues.genprog4java.rep.CachingRepresentation  - Checking test number 7 out of 10
17036 [main] INFO clegoues.genprog4java.rep.CachingRepresentation  - true (1)

17036 [main] INFO clegoues.genprog4java.rep.CachingRepresentation  - Checking test number 8 out of 10
17311 [main] INFO clegoues.genprog4java.rep.CachingRepresentation  - true (1)

17311 [main] INFO clegoues.genprog4java.rep.CachingRepresentation  - Checking test number 9 out of 10
17604 [main] INFO clegoues.genprog4java.rep.CachingRepresentation  - true (1)

17605 [main] INFO clegoues.genprog4java.rep.CachingRepresentation  - Checking test number 10 out of 10
17766 [main] INFO clegoues.genprog4java.rep.CachingRepresentation  - true (1)

17766 [main] INFO clegoues.genprog4java.rep.CachingRepresentation  - 	n1: 
18034 [main] INFO clegoues.genprog4java.rep.CachingRepresentation  - false (0)

18034 [main] INFO clegoues.genprog4java.rep.CachingRepresentation  - sanity checking completed (time taken = 3164)
18035 [main] INFO clegoues.genprog4java.localization.DefaultLocalization  - Start Fault Localization
18056 [main] INFO clegoues.genprog4java.localization.DefaultLocalization  - Finish Fault Localization
18057 [main] INFO clegoues.genprog4java.Search.Search  - search: genetic algorithm begins

18791 [main] INFO clegoues.genprog4java.fitness.Fitness  - 	 gen: 0 1.0 original (stored at: variant0)
115219 [main] INFO clegoues.genprog4java.fitness.Fitness  - 	 gen: 0 0.0 StmtDelete(103) (stored at: variant1)
115314 [main] ERROR clegoues.genprog4java.rep.JavaRepresentation  - org/apache/commons/math/ode/nonstiff/EmbeddedRungeKuttaIntegrator.java:170: error: variable b might not have been initialized
  }
  ^
1 error

115314 [main] INFO clegoues.genprog4java.rep.CachingRepresentation  - StmtDelete(16) at variant2 fails to compile

115315 [main] INFO clegoues.genprog4java.fitness.Fitness  - 	 gen: 0 0.0 StmtDelete(16) (stored at: variant2)
116262 [main] INFO clegoues.genprog4java.fitness.Fitness  - 	 gen: 0 0.0 StmtReplace(77,9) (stored at: variant3)
116314 [main] ERROR clegoues.genprog4java.rep.JavaRepresentation  - org/apache/commons/math/ode/nonstiff/EmbeddedRungeKuttaIntegrator.java:351: error: cannot find symbol
        hNew = filterStep(scaledH, forward, nextIsLast);
                                            ^
  symbol:   variable nextIsLast
  location: class EmbeddedRungeKuttaIntegrator
1 error

116315 [main] INFO clegoues.genprog4java.rep.CachingRepresentation  - StmtDelete(130) at variant4 fails to compile

116315 [main] INFO clegoues.genprog4java.fitness.Fitness  - 	 gen: 0 0.0 StmtDelete(130) (stored at: variant4)
116929 [main] INFO clegoues.genprog4java.fitness.Fitness  - 	 gen: 0 0.0 StmtReplace(62,56) (stored at: variant5)
117712 [main] INFO clegoues.genprog4java.fitness.Fitness  - 	 gen: 0 1.0 StmtAppend(81,56) (stored at: variant6)
118340 [main] INFO clegoues.genprog4java.fitness.Fitness  - 	 gen: 0 1.0 StmtDelete(50) (stored at: variant7)
118973 [main] INFO clegoues.genprog4java.fitness.Fitness  - 	 gen: 0 1.0 StmtAppend(17,29) (stored at: variant8)
311033 [main] INFO clegoues.genprog4java.fitness.Fitness  - 	 gen: 0 0.0 StmtDelete(93) (stored at: variant9)
311833 [main] INFO clegoues.genprog4java.fitness.Fitness  - 	 gen: 0 1.0 StmtAppend(29,33) (stored at: variant10)
311863 [main] ERROR clegoues.genprog4java.rep.JavaRepresentation  - org/apache/commons/math/ode/nonstiff/EmbeddedRungeKuttaIntegrator.java:215: error: cannot find symbol
      rki.reinitialize(this, yTmp, yDotK, forward);
      ^
  symbol:   variable rki
  location: class EmbeddedRungeKuttaIntegrator
org/apache/commons/math/ode/nonstiff/EmbeddedRungeKuttaIntegrator.java:216: error: cannot find symbol
      interpolator = rki;
                     ^
  symbol:   variable rki
  location: class EmbeddedRungeKuttaIntegrator
2 errors

311864 [main] INFO clegoues.genprog4java.rep.CachingRepresentation  - StmtDelete(40) at variant11 fails to compile

311864 [main] INFO clegoues.genprog4java.fitness.Fitness  - 	 gen: 0 0.0 StmtDelete(40) (stored at: variant11)
312427 [main] INFO clegoues.genprog4java.fitness.Fitness  - 	 gen: 0 1.0 StmtReplace(27,10) (stored at: variant12)
313019 [main] INFO clegoues.genprog4java.fitness.Fitness  - 	 gen: 0 1.0 StmtAppend(123,125) (stored at: variant13)
313544 [main] INFO clegoues.genprog4java.fitness.Fitness  - 	 gen: 0 1.0 StmtReplace(81,28) (stored at: variant14)
409894 [main] INFO clegoues.genprog4java.fitness.Fitness  - 	 gen: 0 0.0 StmtReplace(25,142) (stored at: variant15)
410375 [main] INFO clegoues.genprog4java.fitness.Fitness  - 	 gen: 0 1.0 StmtAppend(64,29) (stored at: variant16)
410400 [main] ERROR clegoues.genprog4java.rep.JavaRepresentation  - org/apache/commons/math/ode/nonstiff/EmbeddedRungeKuttaIntegrator.java:214: error: cannot find symbol
      rki.reinitialize(this, yTmp, yDotK, forward);
                                          ^
  symbol:   variable forward
  location: class EmbeddedRungeKuttaIntegrator
org/apache/commons/math/ode/nonstiff/EmbeddedRungeKuttaIntegrator.java:217: error: cannot find symbol
      interpolator = new DummyStepInterpolator(yTmp, forward);
                                                     ^
  symbol:   variable forward
  location: class EmbeddedRungeKuttaIntegrator
org/apache/commons/math/ode/nonstiff/EmbeddedRungeKuttaIntegrator.java:252: error: cannot find symbol
          hNew = initializeStep(equations, forward, getOrder(), scale,
                                           ^
  symbol:   variable forward
  location: class EmbeddedRungeKuttaIntegrator
org/apache/commons/math/ode/nonstiff/EmbeddedRungeKuttaIntegrator.java:308: error: cannot find symbol
          hNew = filterStep(stepSize * factor, forward, false);
                                               ^
  symbol:   variable forward
  location: class EmbeddedRungeKuttaIntegrator
org/apache/commons/math/ode/nonstiff/EmbeddedRungeKuttaIntegrator.java:341: error: cannot find symbol
          stepSize = filterStep(stepSize, forward, true);
                                          ^
  symbol:   variable forward
  location: class EmbeddedRungeKuttaIntegrator
org/apache/commons/math/ode/nonstiff/EmbeddedRungeKuttaIntegrator.java:349: error: cannot find symbol
        final boolean nextIsLast = forward ? (nextT >= t) : (nextT <= t);
                                   ^
  symbol:   variable forward
  location: class EmbeddedRungeKuttaIntegrator
org/apache/commons/math/ode/nonstiff/EmbeddedRungeKuttaIntegrator.java:350: error: cannot find symbol
        hNew = filterStep(scaledH, forward, nextIsLast);
                                   ^
  symbol:   variable forward
  location: class EmbeddedRungeKuttaIntegrator
7 errors

410400 [main] INFO clegoues.genprog4java.rep.CachingRepresentation  - StmtReplace(30,9) at variant17 fails to compile

410400 [main] INFO clegoues.genprog4java.fitness.Fitness  - 	 gen: 0 0.0 StmtReplace(30,9) (stored at: variant17)
411014 [main] INFO clegoues.genprog4java.fitness.Fitness  - 	 gen: 0 1.0 StmtReplace(20,49) (stored at: variant18)
411586 [main] INFO clegoues.genprog4java.fitness.Fitness  - 	 gen: 0 1.0 StmtAppend(86,138) (stored at: variant19)
412083 [main] INFO clegoues.genprog4java.fitness.Fitness  - 	 gen: 0 1.0 StmtAppend(116,74) (stored at: variant20)
412954 [main] INFO clegoues.genprog4java.fitness.Fitness  - 	 gen: 0 0.0 StmtReplace(125,62) (stored at: variant21)
412980 [main] ERROR clegoues.genprog4java.rep.JavaRepresentation  - org/apache/commons/math/ode/nonstiff/EmbeddedRungeKuttaIntegrator.java:169: error: variable prototype might not have been initialized
  }
  ^
1 error

412980 [main] INFO clegoues.genprog4java.rep.CachingRepresentation  - StmtReplace(17,133) at variant22 fails to compile

412980 [main] INFO clegoues.genprog4java.fitness.Fitness  - 	 gen: 0 0.0 StmtReplace(17,133) (stored at: variant22)
413006 [main] ERROR clegoues.genprog4java.rep.JavaRepresentation  - org/apache/commons/math/ode/nonstiff/EmbeddedRungeKuttaIntegrator.java:215: error: cannot find symbol
      rki.reinitialize(this, yTmp, yDotK, forward);
                             ^
  symbol:   variable yTmp
  location: class EmbeddedRungeKuttaIntegrator
org/apache/commons/math/ode/nonstiff/EmbeddedRungeKuttaIntegrator.java:218: error: cannot find symbol
      interpolator = new DummyStepInterpolator(yTmp, forward);
                                               ^
  symbol:   variable yTmp
  location: class EmbeddedRungeKuttaIntegrator
org/apache/commons/math/ode/nonstiff/EmbeddedRungeKuttaIntegrator.java:254: error: cannot find symbol
                                stepStart, y, yDotK[0], yTmp, yDotK[1]);
                                                        ^
  symbol:   variable yTmp
  location: class EmbeddedRungeKuttaIntegrator
org/apache/commons/math/ode/nonstiff/EmbeddedRungeKuttaIntegrator.java:268: error: cannot find symbol
            yTmp[j] = y[j] + stepSize * sum;
            ^
  symbol:   variable yTmp
  location: class EmbeddedRungeKuttaIntegrator
org/apache/commons/math/ode/nonstiff/EmbeddedRungeKuttaIntegrator.java:271: error: cannot find symbol
          computeDerivatives(stepStart + c[k-1] * stepSize, yTmp, yDotK[k]);
                                                            ^
  symbol:   variable yTmp
  location: class EmbeddedRungeKuttaIntegrator
org/apache/commons/math/ode/nonstiff/EmbeddedRungeKuttaIntegrator.java:281: error: cannot find symbol
          yTmp[j] = y[j] + stepSize * sum;
          ^
  symbol:   variable yTmp
  location: class EmbeddedRungeKuttaIntegrator
org/apache/commons/math/ode/nonstiff/EmbeddedRungeKuttaIntegrator.java:285: error: cannot find symbol
        error = estimateError(yDotK, y, yTmp, stepSize);
                                        ^
  symbol:   variable yTmp
  location: class EmbeddedRungeKuttaIntegrator
org/apache/commons/math/ode/nonstiff/EmbeddedRungeKuttaIntegrator.java:316: error: cannot find symbol
      System.arraycopy(yTmp, 0, y, 0, y0.length);
                       ^
  symbol:   variable yTmp
  location: class EmbeddedRungeKuttaIntegrator
8 errors

413006 [main] INFO clegoues.genprog4java.rep.CachingRepresentation  - StmtDelete(36) at variant23 fails to compile

413006 [main] INFO clegoues.genprog4java.fitness.Fitness  - 	 gen: 0 0.0 StmtDelete(36) (stored at: variant23)
413514 [main] INFO clegoues.genprog4java.fitness.Fitness  - 	 gen: 0 1.0 StmtAppend(85,97) (stored at: variant24)
413977 [main] INFO clegoues.genprog4java.fitness.Fitness  - 	 gen: 0 1.0 StmtDelete(62) (stored at: variant25)
510293 [main] INFO clegoues.genprog4java.fitness.Fitness  - 	 gen: 0 0.0 StmtDelete(142) (stored at: variant26)
510751 [main] INFO clegoues.genprog4java.fitness.Fitness  - 	 gen: 0 0.0 StmtAppend(116,51) (stored at: variant27)
702777 [main] INFO clegoues.genprog4java.fitness.Fitness  - 	 gen: 0 0.0 StmtDelete(59) (stored at: variant28)
799089 [main] INFO clegoues.genprog4java.fitness.Fitness  - 	 gen: 0 0.0 StmtDelete(8) (stored at: variant29)
799506 [main] INFO clegoues.genprog4java.fitness.Fitness  - 	 gen: 0 0.0 StmtReplace(142,21) (stored at: variant30)
799523 [main] ERROR clegoues.genprog4java.rep.JavaRepresentation  - org/apache/commons/math/ode/nonstiff/EmbeddedRungeKuttaIntegrator.java:290: error: cannot find symbol
          if (manager.evaluateStep(interpolator)) {
              ^
  symbol:   variable manager
  location: class EmbeddedRungeKuttaIntegrator
org/apache/commons/math/ode/nonstiff/EmbeddedRungeKuttaIntegrator.java:291: error: cannot find symbol
              final double dt = manager.getEventTime() - stepStart;
                                ^
  symbol:   variable manager
  location: class EmbeddedRungeKuttaIntegrator
org/apache/commons/math/ode/nonstiff/EmbeddedRungeKuttaIntegrator.java:317: error: cannot find symbol
      manager.stepAccepted(nextStep, y);
      ^
  symbol:   variable manager
  location: class EmbeddedRungeKuttaIntegrator
org/apache/commons/math/ode/nonstiff/EmbeddedRungeKuttaIntegrator.java:318: error: cannot find symbol
      lastStep = manager.stop();
                 ^
  symbol:   variable manager
  location: class EmbeddedRungeKuttaIntegrator
org/apache/commons/math/ode/nonstiff/EmbeddedRungeKuttaIntegrator.java:332: error: cannot find symbol
      if (manager.reset(stepStart, y) && ! lastStep) {
          ^
  symbol:   variable manager
  location: class EmbeddedRungeKuttaIntegrator
5 errors

799524 [main] INFO clegoues.genprog4java.rep.CachingRepresentation  - StmtDelete(52) at variant31 fails to compile

799524 [main] INFO clegoues.genprog4java.fitness.Fitness  - 	 gen: 0 0.0 StmtDelete(52) (stored at: variant31)
800030 [main] INFO clegoues.genprog4java.fitness.Fitness  - 	 gen: 0 1.0 StmtDelete(29) (stored at: variant32)
800797 [main] INFO clegoues.genprog4java.fitness.Fitness  - 	 gen: 0 0.0 StmtDelete(89) (stored at: variant33)
800818 [main] ERROR clegoues.genprog4java.rep.JavaRepresentation  - org/apache/commons/math/ode/nonstiff/EmbeddedRungeKuttaIntegrator.java:152: error: no suitable constructor found for AdaptiveStepsizeIntegrator(no arguments)
                                         final double[] vecRelativeTolerance) {
                                                                              ^
    constructor AdaptiveStepsizeIntegrator.AdaptiveStepsizeIntegrator(String,double,double,double,double) is not applicable
      (actual and formal argument lists differ in length)
    constructor AdaptiveStepsizeIntegrator.AdaptiveStepsizeIntegrator(String,double,double,double[],double[]) is not applicable
      (actual and formal argument lists differ in length)
1 error

800818 [main] INFO clegoues.genprog4java.rep.CachingRepresentation  - StmtDelete(12) at variant34 fails to compile

800819 [main] INFO clegoues.genprog4java.fitness.Fitness  - 	 gen: 0 0.0 StmtDelete(12) (stored at: variant34)
897118 [main] INFO clegoues.genprog4java.fitness.Fitness  - 	 gen: 0 0.0 StmtDelete(97) (stored at: variant35)
897699 [main] INFO clegoues.genprog4java.fitness.Fitness  - 	 gen: 0 1.0 StmtAppend(20,138) (stored at: variant36)
918803 [main] INFO clegoues.genprog4java.fitness.Fitness  - 	 gen: 0 0.0 StmtDelete(118) (stored at: variant37)
919327 [main] INFO clegoues.genprog4java.fitness.Fitness  - 	 gen: 0 1.0 StmtAppend(73,28) (stored at: variant38)
919935 [main] INFO clegoues.genprog4java.fitness.Fitness  - 	 gen: 0 1.0 StmtAppend(43,43) (stored at: variant39)
919935 [main] INFO clegoues.genprog4java.Search.Search  - search: generation1
920648 [main] INFO clegoues.genprog4java.fitness.Fitness  - 	 gen: 1 1.0 StmtAppend(85,97) StmtAppend(8,138) (stored at: variant40)
920668 [main] ERROR clegoues.genprog4java.rep.JavaRepresentation  - org/apache/commons/math/ode/nonstiff/EmbeddedRungeKuttaIntegrator.java:131: error: variable prototype might not have been initialized
  }
  ^
1 error

920668 [main] INFO clegoues.genprog4java.rep.CachingRepresentation  - StmtDelete(50) StmtReplace(6,20) at variant41 fails to compile

920668 [main] INFO clegoues.genprog4java.fitness.Fitness  - 	 gen: 1 0.0 StmtDelete(50) StmtReplace(6,20) (stored at: variant41)
920694 [main] ERROR clegoues.genprog4java.rep.JavaRepresentation  - org/apache/commons/math/ode/nonstiff/EmbeddedRungeKuttaIntegrator.java:360: error: cannot find symbol
    return stopTime;
           ^
  symbol:   variable stopTime
  location: class EmbeddedRungeKuttaIntegrator
1 error

920694 [main] INFO clegoues.genprog4java.rep.CachingRepresentation  - StmtAppend(73,28) StmtReplace(132,138) at variant42 fails to compile

920694 [main] INFO clegoues.genprog4java.fitness.Fitness  - 	 gen: 1 0.0 StmtAppend(73,28) StmtReplace(132,138) (stored at: variant42)
921759 [main] INFO clegoues.genprog4java.fitness.Fitness  - 	 gen: 1 0.0 StmtReplace(81,28) StmtAppend(5,142) (stored at: variant43)
922268 [main] INFO clegoues.genprog4java.fitness.Fitness  - 	 gen: 1 0.0 StmtAppend(17,29) StmtDelete(34) (stored at: variant44)
922288 [main] ERROR clegoues.genprog4java.rep.JavaRepresentation  - org/apache/commons/math/ode/nonstiff/EmbeddedRungeKuttaIntegrator.java:114: error: no suitable constructor found for AdaptiveStepsizeIntegrator(no arguments)
                                         final double scalRelativeTolerance) {
                                                                             ^
    constructor AdaptiveStepsizeIntegrator.AdaptiveStepsizeIntegrator(String,double,double,double,double) is not applicable
      (actual and formal argument lists differ in length)
    constructor AdaptiveStepsizeIntegrator.AdaptiveStepsizeIntegrator(String,double,double,double[],double[]) is not applicable
      (actual and formal argument lists differ in length)
1 error

922289 [main] INFO clegoues.genprog4java.rep.CachingRepresentation  - StmtAppend(20,138) StmtReplace(1,142) at variant45 fails to compile

922289 [main] INFO clegoues.genprog4java.fitness.Fitness  - 	 gen: 1 0.0 StmtAppend(20,138) StmtReplace(1,142) (stored at: variant45)
924926 [main] INFO clegoues.genprog4java.fitness.Fitness  - 	 gen: 1 0.0 StmtAppend(43,43) StmtReplace(88,74) (stored at: variant46)
924952 [main] ERROR clegoues.genprog4java.rep.JavaRepresentation  - org/apache/commons/math/ode/nonstiff/EmbeddedRungeKuttaIntegrator.java:235: error: cannot find symbol
    while (!lastStep) {
            ^
  symbol:   variable lastStep
  location: class EmbeddedRungeKuttaIntegrator
org/apache/commons/math/ode/nonstiff/EmbeddedRungeKuttaIntegrator.java:320: error: cannot find symbol
      lastStep = manager.stop();
      ^
  symbol:   variable lastStep
  location: class EmbeddedRungeKuttaIntegrator
org/apache/commons/math/ode/nonstiff/EmbeddedRungeKuttaIntegrator.java:326: error: cannot find symbol
			handler.handleStep(interpolator, lastStep);
			                                 ^
  symbol:   variable lastStep
  location: class EmbeddedRungeKuttaIntegrator
org/apache/commons/math/ode/nonstiff/EmbeddedRungeKuttaIntegrator.java:337: error: cannot find symbol
      if (manager.reset(stepStart, y) && ! lastStep) {
                                           ^
  symbol:   variable lastStep
  location: class EmbeddedRungeKuttaIntegrator
org/apache/commons/math/ode/nonstiff/EmbeddedRungeKuttaIntegrator.java:343: error: cannot find symbol
      if (! lastStep) {
            ^
  symbol:   variable lastStep
  location: class EmbeddedRungeKuttaIntegrator
5 errors

924953 [main] INFO clegoues.genprog4java.rep.CachingRepresentation  - StmtAppend(116,74) StmtAppend(53,95) at variant47 fails to compile

924953 [main] INFO clegoues.genprog4java.fitness.Fitness  - 	 gen: 1 0.0 StmtAppend(116,74) StmtAppend(53,95) (stored at: variant47)
925212 [main] INFO clegoues.genprog4java.fitness.Fitness  - 	 gen: 1 1.0 StmtDelete(50) StmtReplace(10,21) (stored at: variant48)
925230 [main] ERROR clegoues.genprog4java.rep.JavaRepresentation  - org/apache/commons/math/ode/nonstiff/EmbeddedRungeKuttaIntegrator.java:132: error: variable b might not have been initialized
  }
  ^
1 error

925230 [main] INFO clegoues.genprog4java.rep.CachingRepresentation  - StmtAppend(17,29) StmtDelete(5) at variant49 fails to compile

925231 [main] INFO clegoues.genprog4java.fitness.Fitness  - 	 gen: 1 0.0 StmtAppend(17,29) StmtDelete(5) (stored at: variant49)
1021534 [main] INFO clegoues.genprog4java.fitness.Fitness  - 	 gen: 1 0.0 StmtAppend(73,28) StmtReplace(25,138) (stored at: variant50)
1022126 [main] INFO clegoues.genprog4java.fitness.Fitness  - 	 gen: 1 1.0 StmtAppend(29,33) StmtAppend(122,61) (stored at: variant51)
1022149 [main] ERROR clegoues.genprog4java.rep.JavaRepresentation  - org/apache/commons/math/ode/nonstiff/EmbeddedRungeKuttaIntegrator.java:217: error: variable interpolator might not have been initialized
      interpolator.storeTime(stepStart + stepSize);
      ^
1 error

1022149 [main] INFO clegoues.genprog4java.rep.CachingRepresentation  - StmtReplace(81,28) StmtReplace(44,95) at variant52 fails to compile

1022149 [main] INFO clegoues.genprog4java.fitness.Fitness  - 	 gen: 1 0.0 StmtReplace(81,28) StmtReplace(44,95) (stored at: variant52)
1214202 [main] INFO clegoues.genprog4java.fitness.Fitness  - 	 gen: 1 0.0 StmtAppend(29,33) StmtDelete(72) (stored at: variant53)
1214650 [main] INFO clegoues.genprog4java.fitness.Fitness  - 	 gen: 1 1.0 StmtAppend(85,97) StmtAppend(123,95) (stored at: variant54)
1214670 [main] ERROR clegoues.genprog4java.rep.JavaRepresentation  - org/apache/commons/math/ode/nonstiff/EmbeddedRungeKuttaIntegrator.java:288: error: cannot find symbol
        error = estimateError(yDotK, y, yTmp, stepSize);
        ^
  symbol:   variable error
  location: class EmbeddedRungeKuttaIntegrator
org/apache/commons/math/ode/nonstiff/EmbeddedRungeKuttaIntegrator.java:289: error: cannot find symbol
        if (error <= 1.0) {
            ^
  symbol:   variable error
  location: class EmbeddedRungeKuttaIntegrator
org/apache/commons/math/ode/nonstiff/EmbeddedRungeKuttaIntegrator.java:311: error: cannot find symbol
                       Math.max(minReduction, safety * Math.pow(error, exp)));
                                                                ^
  symbol:   variable error
  location: class EmbeddedRungeKuttaIntegrator
org/apache/commons/math/ode/nonstiff/EmbeddedRungeKuttaIntegrator.java:350: error: cannot find symbol
                                                safety * Math.pow(error, exp)));
                                                                  ^
  symbol:   variable error
  location: class EmbeddedRungeKuttaIntegrator
4 errors

1214670 [main] INFO clegoues.genprog4java.rep.CachingRepresentation  - StmtDelete(29) StmtAppend(57,27) at variant55 fails to compile

1214670 [main] INFO clegoues.genprog4java.fitness.Fitness  - 	 gen: 1 0.0 StmtDelete(29) StmtAppend(57,27) (stored at: variant55)
1310982 [main] INFO clegoues.genprog4java.fitness.Fitness  - 	 gen: 1 0.0 StmtAppend(43,43) StmtAppend(60,125) (stored at: variant56)
1311001 [main] ERROR clegoues.genprog4java.rep.JavaRepresentation  - org/apache/commons/math/ode/nonstiff/EmbeddedRungeKuttaIntegrator.java:317: error: cannot find symbol
      manager.stepAccepted(nextStep, y);
                           ^
  symbol:   variable nextStep
  location: class EmbeddedRungeKuttaIntegrator
org/apache/commons/math/ode/nonstiff/EmbeddedRungeKuttaIntegrator.java:321: error: cannot find symbol
      interpolator.storeTime(nextStep);
                             ^
  symbol:   variable nextStep
  location: class EmbeddedRungeKuttaIntegrator
org/apache/commons/math/ode/nonstiff/EmbeddedRungeKuttaIntegrator.java:325: error: cannot find symbol
      stepStart = nextStep;
                  ^
  symbol:   variable nextStep
  location: class EmbeddedRungeKuttaIntegrator
3 errors

1311001 [main] INFO clegoues.genprog4java.rep.CachingRepresentation  - StmtAppend(64,29) StmtReplace(109,25) at variant57 fails to compile

1311001 [main] INFO clegoues.genprog4java.fitness.Fitness  - 	 gen: 1 0.0 StmtAppend(64,29) StmtReplace(109,25) (stored at: variant57)
1311446 [main] INFO clegoues.genprog4java.fitness.Fitness  - 	 gen: 1 1.0 StmtAppend(86,138) StmtAppend(56,27) (stored at: variant58)
1311466 [main] ERROR clegoues.genprog4java.rep.JavaRepresentation  - org/apache/commons/math/ode/nonstiff/EmbeddedRungeKuttaIntegrator.java:220: error: variable interpolator might not have been initialized
    interpolator.storeTime(t0);
    ^
1 error

1311466 [main] INFO clegoues.genprog4java.rep.CachingRepresentation  - StmtAppend(86,138) StmtDelete(44) at variant59 fails to compile

1311466 [main] INFO clegoues.genprog4java.fitness.Fitness  - 	 gen: 1 0.0 StmtAppend(86,138) StmtDelete(44) (stored at: variant59)
1311969 [main] INFO clegoues.genprog4java.fitness.Fitness  - 	 gen: 1 0.0 StmtDelete(62) StmtReplace(110,138) (stored at: variant60)
1312949 [main] INFO clegoues.genprog4java.fitness.Fitness  - 	 gen: 1 0.0 StmtAppend(81,56) StmtDelete(83) (stored at: variant61)
1409225 [main] INFO clegoues.genprog4java.fitness.Fitness  - 	 gen: 1 0.0 StmtDelete(62) StmtAppend(103,95) (stored at: variant62)
1409606 [main] INFO clegoues.genprog4java.fitness.Fitness  - 	 gen: 1 0.0 StmtAppend(20,138) StmtReplace(115,95) (stored at: variant63)
1410151 [main] INFO clegoues.genprog4java.fitness.Fitness  - 	 gen: 1 1.0 StmtAppend(73,28) StmtDelete(133) (stored at: variant64)
1410779 [main] INFO clegoues.genprog4java.fitness.Fitness  - 	 gen: 1 1.0 StmtAppend(29,33) StmtAppend(76,74) (stored at: variant65)
1411240 [main] INFO clegoues.genprog4java.fitness.Fitness  - 	 gen: 1 1.0 StmtAppend(123,125) StmtAppend(51,28) (stored at: variant66)
1507515 [main] INFO clegoues.genprog4java.fitness.Fitness  - 	 gen: 1 0.0 StmtDelete(50) StmtDelete(60) (stored at: variant67)
1507536 [main] ERROR clegoues.genprog4java.rep.JavaRepresentation  - org/apache/commons/math/ode/nonstiff/EmbeddedRungeKuttaIntegrator.java:362: error: cannot find symbol
    return stopTime;
           ^
  symbol:   variable stopTime
  location: class EmbeddedRungeKuttaIntegrator
1 error

1507536 [main] INFO clegoues.genprog4java.rep.CachingRepresentation  - StmtAppend(132,122) at variant68 fails to compile

1507536 [main] INFO clegoues.genprog4java.fitness.Fitness  - 	 gen: 1 0.0 StmtAppend(132,122) (stored at: variant68)
1603899 [main] INFO clegoues.genprog4java.fitness.Fitness  - 	 gen: 1 0.0 StmtAppend(73,28) StmtReplace(117,92) (stored at: variant69)
1604302 [main] INFO clegoues.genprog4java.fitness.Fitness  - 	 gen: 1 1.0 StmtReplace(27,10) StmtAppend(29,20) (stored at: variant70)
1605056 [main] INFO clegoues.genprog4java.fitness.Fitness  - 	 gen: 1 1.0 StmtDelete(29) StmtAppend(20,29) (stored at: variant71)
1605662 [main] INFO clegoues.genprog4java.fitness.Fitness  - 	 gen: 1 1.0 StmtAppend(123,125) StmtAppend(15,8) (stored at: variant72)
1606432 [main] INFO clegoues.genprog4java.fitness.Fitness  - 	 gen: 1 0.0 StmtAppend(29,33) StmtReplace(91,34) (stored at: variant73)
1606616 [main] INFO clegoues.genprog4java.fitness.Fitness  - 	 gen: 1 1.0 StmtAppend(85,97) StmtReplace(34,34) (stored at: variant74)
1607103 [main] INFO clegoues.genprog4java.fitness.Fitness  - 	 gen: 1 0.0 StmtDelete(62) StmtAppend(125,62) (stored at: variant75)
1799135 [main] INFO clegoues.genprog4java.fitness.Fitness  - 	 gen: 1 0.0 StmtAppend(86,138) StmtDelete(64) (stored at: variant76)
1799723 [main] INFO clegoues.genprog4java.fitness.Fitness  - 	 gen: 1 1.0 StmtAppend(86,61) (stored at: variant77)
1800339 [main] INFO clegoues.genprog4java.fitness.Fitness  - 	 gen: 1 1.0 StmtDelete(122) (stored at: variant78)
1820501 [main] INFO clegoues.genprog4java.fitness.Fitness  - 	 gen: 1 0.0 StmtDelete(62) StmtDelete(78) (stored at: variant79)
1916827 [main] INFO clegoues.genprog4java.fitness.Fitness  - 	 gen: 1 0.0 StmtReplace(33,25) (stored at: variant80)
2013183 [main] INFO clegoues.genprog4java.fitness.Fitness  - 	 gen: 1 0.0 StmtReplace(120,8) (stored at: variant81)
2013694 [main] INFO clegoues.genprog4java.fitness.Fitness  - 	 gen: 1 1.0 StmtReplace(51,25) (stored at: variant82)
2014156 [main] INFO clegoues.genprog4java.fitness.Fitness  - 	 gen: 1 1.0 StmtAppend(43,33) (stored at: variant83)
2014646 [main] INFO clegoues.genprog4java.fitness.Fitness  - 	 gen: 1 1.0 StmtReplace(9,25) (stored at: variant84)
2029986 [main] INFO clegoues.genprog4java.fitness.Fitness  - 	 gen: 1 0.0 StmtReplace(110,21) (stored at: variant85)
2222034 [main] INFO clegoues.genprog4java.fitness.Fitness  - 	 gen: 1 0.0 StmtReplace(56,123) (stored at: variant86)
2222046 [main] ERROR clegoues.genprog4java.rep.JavaRepresentation  - org/apache/commons/math/ode/nonstiff/EmbeddedRungeKuttaIntegrator.java:247: error: variable scale might not have been initialized
          hNew = initializeStep(equations, forward, getOrder(), scale,
                                                                ^
1 error

2222046 [main] INFO clegoues.genprog4java.rep.CachingRepresentation  - StmtReplace(66,123) at variant87 fails to compile

2222046 [main] INFO clegoues.genprog4java.fitness.Fitness  - 	 gen: 1 0.0 StmtReplace(66,123) (stored at: variant87)
2414072 [main] INFO clegoues.genprog4java.fitness.Fitness  - 	 gen: 1 0.0 StmtDelete(64) (stored at: variant88)
2422027 [main] INFO clegoues.genprog4java.fitness.Fitness  - 	 gen: 1 0.0 StmtReplace(125,20) (stored at: variant89)
2432835 [main] INFO clegoues.genprog4java.fitness.Fitness  - 	 gen: 1 0.0 StmtAppend(131,33) (stored at: variant90)
2432923 [main] ERROR clegoues.genprog4java.rep.JavaRepresentation  - org/apache/commons/math/ode/nonstiff/EmbeddedRungeKuttaIntegrator.java:351: error: cannot find symbol
        hNew = filterStep(scaledH, forward, nextIsLast);
                                            ^
  symbol:   variable nextIsLast
  location: class EmbeddedRungeKuttaIntegrator
1 error

2432923 [main] INFO clegoues.genprog4java.rep.CachingRepresentation  - StmtDelete(130) at variant91 fails to compile

2432923 [main] INFO clegoues.genprog4java.fitness.Fitness  - 	 gen: 1 0.0 StmtDelete(130) (stored at: variant91)
2433380 [main] INFO clegoues.genprog4java.fitness.Fitness  - 	 gen: 1 0.0 StmtDelete(116) (stored at: variant92)
2433888 [main] INFO clegoues.genprog4java.fitness.Fitness  - 	 gen: 1 1.0 StmtReplace(29,19) (stored at: variant93)
2433904 [main] ERROR clegoues.genprog4java.rep.JavaRepresentation  - org/apache/commons/math/ode/nonstiff/EmbeddedRungeKuttaIntegrator.java:169: error: variable b might not have been initialized
  }
  ^
1 error

2433905 [main] INFO clegoues.genprog4java.rep.CachingRepresentation  - StmtReplace(16,8) at variant94 fails to compile

2433905 [main] INFO clegoues.genprog4java.fitness.Fitness  - 	 gen: 1 0.0 StmtReplace(16,8) (stored at: variant94)
2433919 [main] ERROR clegoues.genprog4java.rep.JavaRepresentation  - org/apache/commons/math/ode/nonstiff/EmbeddedRungeKuttaIntegrator.java:248: error: variable scale might not have been initialized
          hNew = initializeStep(equations, forward, getOrder(), scale,
                                                                ^
1 error

2433919 [main] INFO clegoues.genprog4java.rep.CachingRepresentation  - StmtDelete(66) at variant95 fails to compile

2433919 [main] INFO clegoues.genprog4java.fitness.Fitness  - 	 gen: 1 0.0 StmtDelete(66) (stored at: variant95)
2433935 [main] ERROR clegoues.genprog4java.rep.JavaRepresentation  - org/apache/commons/math/ode/nonstiff/EmbeddedRungeKuttaIntegrator.java:170: error: variable fsal might not have been initialized
  }
  ^
1 error

2433935 [main] INFO clegoues.genprog4java.rep.CachingRepresentation  - StmtDelete(13) at variant96 fails to compile

2433935 [main] INFO clegoues.genprog4java.fitness.Fitness  - 	 gen: 1 0.0 StmtDelete(13) (stored at: variant96)
2434438 [main] INFO clegoues.genprog4java.fitness.Fitness  - 	 gen: 1 0.0 StmtDelete(61) (stored at: variant97)
2434920 [main] INFO clegoues.genprog4java.fitness.Fitness  - 	 gen: 1 1.0 StmtAppend(88,122) (stored at: variant98)
2435505 [main] INFO clegoues.genprog4java.fitness.Fitness  - 	 gen: 1 1.0 StmtAppend(80,97) (stored at: variant99)
2435524 [main] ERROR clegoues.genprog4java.rep.JavaRepresentation  - org/apache/commons/math/ode/nonstiff/EmbeddedRungeKuttaIntegrator.java:217: error: cannot find symbol
      rki.reinitialize(this, yTmp, yDotK, forward);
                                   ^
  symbol:   variable yDotK
  location: class EmbeddedRungeKuttaIntegrator
org/apache/commons/math/ode/nonstiff/EmbeddedRungeKuttaIntegrator.java:244: error: cannot find symbol
          computeDerivatives(stepStart, y, yDotK[0]);
                                           ^
  symbol:   variable yDotK
  location: class EmbeddedRungeKuttaIntegrator
org/apache/commons/math/ode/nonstiff/EmbeddedRungeKuttaIntegrator.java:256: error: cannot find symbol
                                stepStart, y, yDotK[0], yTmp, yDotK[1]);
                                              ^
  symbol:   variable yDotK
  location: class EmbeddedRungeKuttaIntegrator
org/apache/commons/math/ode/nonstiff/EmbeddedRungeKuttaIntegrator.java:256: error: cannot find symbol
                                stepStart, y, yDotK[0], yTmp, yDotK[1]);
                                                              ^
  symbol:   variable yDotK
  location: class EmbeddedRungeKuttaIntegrator
org/apache/commons/math/ode/nonstiff/EmbeddedRungeKuttaIntegrator.java:266: error: cannot find symbol
            double sum = a[k-1][0] * yDotK[0][j];
                                     ^
  symbol:   variable yDotK
  location: class EmbeddedRungeKuttaIntegrator
org/apache/commons/math/ode/nonstiff/EmbeddedRungeKuttaIntegrator.java:268: error: cannot find symbol
              sum += a[k-1][l] * yDotK[l][j];
                                 ^
  symbol:   variable yDotK
  location: class EmbeddedRungeKuttaIntegrator
org/apache/commons/math/ode/nonstiff/EmbeddedRungeKuttaIntegrator.java:273: error: cannot find symbol
          computeDerivatives(stepStart + c[k-1] * stepSize, yTmp, yDotK[k]);
                                                                  ^
  symbol:   variable yDotK
  location: class EmbeddedRungeKuttaIntegrator
org/apache/commons/math/ode/nonstiff/EmbeddedRungeKuttaIntegrator.java:279: error: cannot find symbol
          double sum    = b[0] * yDotK[0][j];
                                 ^
  symbol:   variable yDotK
  location: class EmbeddedRungeKuttaIntegrator
org/apache/commons/math/ode/nonstiff/EmbeddedRungeKuttaIntegrator.java:281: error: cannot find symbol
            sum    += b[l] * yDotK[l][j];
                             ^
  symbol:   variable yDotK
  location: class EmbeddedRungeKuttaIntegrator
org/apache/commons/math/ode/nonstiff/EmbeddedRungeKuttaIntegrator.java:287: error: cannot find symbol
        error = estimateError(yDotK, y, yTmp, stepSize);
                              ^
  symbol:   variable yDotK
  location: class EmbeddedRungeKuttaIntegrator
org/apache/commons/math/ode/nonstiff/EmbeddedRungeKuttaIntegrator.java:331: error: cannot find symbol
        System.arraycopy(yDotK[stages - 1], 0, yDotK[0], 0, y0.length);
                         ^
  symbol:   variable yDotK
  location: class EmbeddedRungeKuttaIntegrator
org/apache/commons/math/ode/nonstiff/EmbeddedRungeKuttaIntegrator.java:331: error: cannot find symbol
        System.arraycopy(yDotK[stages - 1], 0, yDotK[0], 0, y0.length);
                                               ^
  symbol:   variable yDotK
  location: class EmbeddedRungeKuttaIntegrator
org/apache/commons/math/ode/nonstiff/EmbeddedRungeKuttaIntegrator.java:337: error: cannot find symbol
        computeDerivatives(stepStart, y, yDotK[0]);
                                         ^
  symbol:   variable yDotK
  location: class EmbeddedRungeKuttaIntegrator
13 errors

2435524 [main] INFO clegoues.genprog4java.rep.CachingRepresentation  - StmtAppend(35,34) at variant100 fails to compile

2435524 [main] INFO clegoues.genprog4java.fitness.Fitness  - 	 gen: 1 0.0 StmtAppend(35,34) (stored at: variant100)
2436018 [main] INFO clegoues.genprog4java.fitness.Fitness  - 	 gen: 1 1.0 StmtAppend(119,92) (stored at: variant101)
2436019 [main] INFO clegoues.genprog4java.Search.Search  - search: generation2
2436347 [main] ERROR clegoues.genprog4java.rep.JavaRepresentation  - org/apache/commons/math/ode/nonstiff/EmbeddedRungeKuttaIntegrator.java:215: error: cannot find symbol
      rki.reinitialize(this, yTmp, yDotK, forward);
      ^
  symbol:   variable rki
  location: class EmbeddedRungeKuttaIntegrator
org/apache/commons/math/ode/nonstiff/EmbeddedRungeKuttaIntegrator.java:216: error: cannot find symbol
      interpolator = rki;
                     ^
  symbol:   variable rki
  location: class EmbeddedRungeKuttaIntegrator
2 errors

2436348 [main] INFO clegoues.genprog4java.rep.CachingRepresentation  - StmtDelete(122) StmtDelete(40) at variant102 fails to compile

2436348 [main] INFO clegoues.genprog4java.fitness.Fitness  - 	 gen: 2 0.0 StmtDelete(122) StmtDelete(40) (stored at: variant102)
2532655 [main] INFO clegoues.genprog4java.fitness.Fitness  - 	 gen: 2 0.0 StmtAppend(85,97) StmtReplace(34,34) StmtReplace(119,9) (stored at: variant103)
2533375 [main] INFO clegoues.genprog4java.fitness.Fitness  - 	 gen: 2 0.0 StmtReplace(51,25) StmtDelete(76) (stored at: variant104)
2630083 [main] INFO clegoues.genprog4java.fitness.Fitness  - 	 gen: 2 0.0 StmtAppend(119,92) StmtDelete(45) (stored at: variant105)
2630111 [main] ERROR clegoues.genprog4java.rep.JavaRepresentation  - org/apache/commons/math/ode/nonstiff/EmbeddedRungeKuttaIntegrator.java:348: error: cannot find symbol
        final double  scaledH    = stepSize * factor;
                                              ^
  symbol:   variable factor
  location: class EmbeddedRungeKuttaIntegrator
1 error

2630112 [main] INFO clegoues.genprog4java.rep.CachingRepresentation  - StmtReplace(27,10) StmtAppend(29,20) StmtDelete(127) at variant106 fails to compile

2630112 [main] INFO clegoues.genprog4java.fitness.Fitness  - 	 gen: 2 0.0 StmtReplace(27,10) StmtAppend(29,20) StmtDelete(127) (stored at: variant106)
2630846 [main] INFO clegoues.genprog4java.fitness.Fitness  - 	 gen: 2 1.0 StmtAppend(123,125) StmtAppend(15,8) StmtAppend(56,74) (stored at: variant107)
2631480 [main] INFO clegoues.genprog4java.fitness.Fitness  - 	 gen: 2 1.0 StmtReplace(9,25) StmtAppend(108,73) (stored at: variant108)
2632292 [main] INFO clegoues.genprog4java.fitness.Fitness  - 	 gen: 2 1.0 StmtAppend(73,28) StmtDelete(133) StmtDelete(123) (stored at: variant109)
2632929 [main] INFO clegoues.genprog4java.fitness.Fitness  - 	 gen: 2 1.0 StmtDelete(50) StmtReplace(10,21) StmtReplace(85,123) (stored at: variant110)
2729320 [main] INFO clegoues.genprog4java.fitness.Fitness  - 	 gen: 2 0.0 StmtAppend(88,122) StmtReplace(76,125) (stored at: variant111)
2825609 [main] INFO clegoues.genprog4java.fitness.Fitness  - 	 gen: 2 0.0 StmtAppend(86,61) StmtDelete(32) (stored at: variant112)
2826138 [main] INFO clegoues.genprog4java.fitness.Fitness  - 	 gen: 2 0.0 StmtAppend(80,97) StmtDelete(76) (stored at: variant113)
2826732 [main] INFO clegoues.genprog4java.fitness.Fitness  - 	 gen: 2 0.0 StmtReplace(9,25) StmtAppend(114,64) (stored at: variant114)
2826757 [main] ERROR clegoues.genprog4java.rep.JavaRepresentation  - org/apache/commons/math/ode/nonstiff/EmbeddedRungeKuttaIntegrator.java:290: error: cannot find symbol
        error = estimateError(yDotK, y, yTmp, stepSize);
        ^
  symbol:   variable error
  location: class EmbeddedRungeKuttaIntegrator
org/apache/commons/math/ode/nonstiff/EmbeddedRungeKuttaIntegrator.java:291: error: cannot find symbol
        if (error <= 1.0) {
            ^
  symbol:   variable error
  location: class EmbeddedRungeKuttaIntegrator
org/apache/commons/math/ode/nonstiff/EmbeddedRungeKuttaIntegrator.java:313: error: cannot find symbol
                       Math.max(minReduction, safety * Math.pow(error, exp)));
                                                                ^
  symbol:   variable error
  location: class EmbeddedRungeKuttaIntegrator
org/apache/commons/math/ode/nonstiff/EmbeddedRungeKuttaIntegrator.java:352: error: cannot find symbol
                                                safety * Math.pow(error, exp)));
                                                                  ^
  symbol:   variable error
  location: class EmbeddedRungeKuttaIntegrator
4 errors

2826757 [main] INFO clegoues.genprog4java.rep.CachingRepresentation  - StmtAppend(88,122) StmtDelete(57) at variant115 fails to compile

2826757 [main] INFO clegoues.genprog4java.fitness.Fitness  - 	 gen: 2 0.0 StmtAppend(88,122) StmtDelete(57) (stored at: variant115)
2827394 [main] INFO clegoues.genprog4java.fitness.Fitness  - 	 gen: 2 1.0 StmtDelete(122) StmtAppend(28,19) (stored at: variant116)
2923645 [main] INFO clegoues.genprog4java.fitness.Fitness  - 	 gen: 2 0.0 StmtDelete(50) StmtReplace(10,21) StmtAppend(93,43) (stored at: variant117)
2923661 [main] ERROR clegoues.genprog4java.rep.JavaRepresentation  - org/apache/commons/math/ode/nonstiff/EmbeddedRungeKuttaIntegrator.java:306: error: cannot find symbol
          hNew = filterStep(stepSize * factor, forward, false);
                                       ^
  symbol:   variable factor
  location: class EmbeddedRungeKuttaIntegrator
1 error

2923661 [main] INFO clegoues.genprog4java.rep.CachingRepresentation  - StmtAppend(119,92) StmtDelete(107) at variant118 fails to compile

2923661 [main] INFO clegoues.genprog4java.fitness.Fitness  - 	 gen: 2 0.0 StmtAppend(119,92) StmtDelete(107) (stored at: variant118)
2924575 [main] INFO clegoues.genprog4java.fitness.Fitness  - 	 gen: 2 1.0 StmtAppend(123,125) StmtAppend(15,8) StmtAppend(41,34) (stored at: variant119)
3020932 [main] INFO clegoues.genprog4java.fitness.Fitness  - 	 gen: 2 0.0 StmtAppend(29,33) StmtAppend(122,61) StmtDelete(95) (stored at: variant120)
3021620 [main] INFO clegoues.genprog4java.fitness.Fitness  - 	 gen: 2 1.0 StmtAppend(86,61) StmtDelete(86) (stored at: variant121)
3022249 [main] INFO clegoues.genprog4java.fitness.Fitness  - 	 gen: 2 1.0 StmtDelete(50) StmtReplace(10,21) StmtAppend(108,94) (stored at: variant122)
3022266 [main] ERROR clegoues.genprog4java.rep.JavaRepresentation  - org/apache/commons/math/ode/nonstiff/EmbeddedRungeKuttaIntegrator.java:214: error: cannot find symbol
		double sum = a[k - 1][0] * yDotK[0][j];
		               ^
  symbol:   variable k
  location: class EmbeddedRungeKuttaIntegrator
org/apache/commons/math/ode/nonstiff/EmbeddedRungeKuttaIntegrator.java:215: error: cannot find symbol
		for (int l = 1; l < k; ++l) {
		                    ^
  symbol:   variable k
  location: class EmbeddedRungeKuttaIntegrator
org/apache/commons/math/ode/nonstiff/EmbeddedRungeKuttaIntegrator.java:216: error: cannot find symbol
			sum += a[k - 1][l] * yDotK[l][j];
			         ^
  symbol:   variable k
  location: class EmbeddedRungeKuttaIntegrator
org/apache/commons/math/ode/nonstiff/EmbeddedRungeKuttaIntegrator.java:220: error: cannot find symbol
      rki.reinitialize(this, yTmp, yDotK, forward);
      ^
  symbol:   variable rki
  location: class EmbeddedRungeKuttaIntegrator
org/apache/commons/math/ode/nonstiff/EmbeddedRungeKuttaIntegrator.java:221: error: cannot find symbol
      interpolator = rki;
                     ^
  symbol:   variable rki
  location: class EmbeddedRungeKuttaIntegrator
5 errors

3022266 [main] INFO clegoues.genprog4java.rep.CachingRepresentation  - StmtAppend(43,33) StmtReplace(40,77) at variant123 fails to compile

3022266 [main] INFO clegoues.genprog4java.fitness.Fitness  - 	 gen: 2 0.0 StmtAppend(43,33) StmtReplace(40,77) (stored at: variant123)
3022965 [main] INFO clegoues.genprog4java.fitness.Fitness  - 	 gen: 2 1.0 StmtAppend(86,61) StmtAppend(34,10) (stored at: variant124)
3023274 [main] INFO clegoues.genprog4java.fitness.Fitness  - 	 gen: 2 0.0 StmtAppend(88,122) StmtAppend(90,28) (stored at: variant125)
3023297 [main] ERROR clegoues.genprog4java.rep.JavaRepresentation  - org/apache/commons/math/ode/nonstiff/EmbeddedRungeKuttaIntegrator.java:131: error: variable fsal might not have been initialized
  }
  ^
1 error

3023297 [main] INFO clegoues.genprog4java.rep.CachingRepresentation  - StmtAppend(119,92) StmtReplace(2,138) at variant126 fails to compile

3023297 [main] INFO clegoues.genprog4java.fitness.Fitness  - 	 gen: 2 0.0 StmtAppend(119,92) StmtReplace(2,138) (stored at: variant126)
3023930 [main] INFO clegoues.genprog4java.fitness.Fitness  - 	 gen: 2 1.0 StmtAppend(43,33) StmtAppend(76,123) (stored at: variant127)
3023951 [main] ERROR clegoues.genprog4java.rep.JavaRepresentation  - org/apache/commons/math/ode/nonstiff/EmbeddedRungeKuttaIntegrator.java:152: error: no suitable constructor found for AdaptiveStepsizeIntegrator(no arguments)
                                         final double[] vecRelativeTolerance) {
                                                                              ^
    constructor AdaptiveStepsizeIntegrator.AdaptiveStepsizeIntegrator(String,double,double,double,double) is not applicable
      (actual and formal argument lists differ in length)
    constructor AdaptiveStepsizeIntegrator.AdaptiveStepsizeIntegrator(String,double,double,double[],double[]) is not applicable
      (actual and formal argument lists differ in length)
org/apache/commons/math/ode/nonstiff/EmbeddedRungeKuttaIntegrator.java:155: error: call to super must be first statement in constructor
		super(name, minStep, maxStep, vecAbsoluteTolerance, vecRelativeTolerance);
		     ^
2 errors

3023951 [main] INFO clegoues.genprog4java.rep.CachingRepresentation  - StmtReplace(27,10) StmtAppend(29,20) StmtAppend(12,9) at variant128 fails to compile

3023951 [main] INFO clegoues.genprog4java.fitness.Fitness  - 	 gen: 2 0.0 StmtReplace(27,10) StmtAppend(29,20) StmtAppend(12,9) (stored at: variant128)
3024912 [main] INFO clegoues.genprog4java.fitness.Fitness  - 	 gen: 2 1.0 StmtReplace(9,25) StmtAppend(9,19) (stored at: variant129)
3025646 [main] INFO clegoues.genprog4java.fitness.Fitness  - 	 gen: 2 1.0 StmtAppend(86,138) StmtAppend(56,27) StmtAppend(17,25) (stored at: variant130)
3025668 [main] ERROR clegoues.genprog4java.rep.JavaRepresentation  - org/apache/commons/math/ode/nonstiff/EmbeddedRungeKuttaIntegrator.java:206: error: cannot find symbol
    final double[][] yDotK = new double[stages][y0.length];
                                        ^
  symbol:   variable stages
  location: class EmbeddedRungeKuttaIntegrator
org/apache/commons/math/ode/nonstiff/EmbeddedRungeKuttaIntegrator.java:264: error: cannot find symbol
        for (int k = 1; k < stages; ++k) {
                            ^
  symbol:   variable stages
  location: class EmbeddedRungeKuttaIntegrator
org/apache/commons/math/ode/nonstiff/EmbeddedRungeKuttaIntegrator.java:281: error: cannot find symbol
          for (int l = 1; l < stages; ++l) {
                              ^
  symbol:   variable stages
  location: class EmbeddedRungeKuttaIntegrator
org/apache/commons/math/ode/nonstiff/EmbeddedRungeKuttaIntegrator.java:332: error: cannot find symbol
        System.arraycopy(yDotK[stages - 1], 0, yDotK[0], 0, y0.length);
                               ^
  symbol:   variable stages
  location: class EmbeddedRungeKuttaIntegrator
4 errors

3025669 [main] INFO clegoues.genprog4java.rep.CachingRepresentation  - StmtAppend(43,33) StmtReplace(31,138) at variant131 fails to compile

3025669 [main] INFO clegoues.genprog4java.fitness.Fitness  - 	 gen: 2 0.0 StmtAppend(43,33) StmtReplace(31,138) (stored at: variant131)
3217706 [main] INFO clegoues.genprog4java.fitness.Fitness  - 	 gen: 2 0.0 StmtAppend(119,92) StmtReplace(64,73) (stored at: variant132)
3217742 [main] ERROR clegoues.genprog4java.rep.JavaRepresentation  - org/apache/commons/math/ode/nonstiff/EmbeddedRungeKuttaIntegrator.java:131: error: variable fsal might not have been initialized
  }
  ^
1 error

3217742 [main] INFO clegoues.genprog4java.rep.CachingRepresentation  - StmtAppend(29,33) StmtAppend(76,74) StmtReplace(2,25) at variant133 fails to compile

3217742 [main] INFO clegoues.genprog4java.fitness.Fitness  - 	 gen: 2 0.0 StmtAppend(29,33) StmtAppend(76,74) StmtReplace(2,25) (stored at: variant133)
3217774 [main] ERROR clegoues.genprog4java.rep.JavaRepresentation  - org/apache/commons/math/ode/nonstiff/EmbeddedRungeKuttaIntegrator.java:350: error: cannot find symbol
        final boolean nextIsLast = forward ? (nextT >= t) : (nextT <= t);
                                              ^
  symbol:   variable nextT
  location: class EmbeddedRungeKuttaIntegrator
org/apache/commons/math/ode/nonstiff/EmbeddedRungeKuttaIntegrator.java:350: error: cannot find symbol
        final boolean nextIsLast = forward ? (nextT >= t) : (nextT <= t);
                                                             ^
  symbol:   variable nextT
  location: class EmbeddedRungeKuttaIntegrator
2 errors

3217775 [main] INFO clegoues.genprog4java.rep.CachingRepresentation  - StmtReplace(51,25) StmtDelete(129) at variant134 fails to compile

3217775 [main] INFO clegoues.genprog4java.fitness.Fitness  - 	 gen: 2 0.0 StmtReplace(51,25) StmtDelete(129) (stored at: variant134)
3218706 [main] INFO clegoues.genprog4java.fitness.Fitness  - 	 gen: 2 0.0 StmtAppend(29,33) StmtAppend(122,61) StmtReplace(80,105) (stored at: variant135)
3219246 [main] INFO clegoues.genprog4java.fitness.Fitness  - 	 gen: 2 0.0 StmtDelete(50) StmtReplace(10,21) StmtDelete(54) (stored at: variant136)
3219277 [main] ERROR clegoues.genprog4java.rep.JavaRepresentation  - org/apache/commons/math/ode/nonstiff/EmbeddedRungeKuttaIntegrator.java:209: error: cannot find symbol
    final double[][] yDotK = new double[stages][y0.length];
                                        ^
  symbol:   variable stages
  location: class EmbeddedRungeKuttaIntegrator
org/apache/commons/math/ode/nonstiff/EmbeddedRungeKuttaIntegrator.java:262: error: cannot find symbol
        for (int k = 1; k < stages; ++k) {
                            ^
  symbol:   variable stages
  location: class EmbeddedRungeKuttaIntegrator
org/apache/commons/math/ode/nonstiff/EmbeddedRungeKuttaIntegrator.java:279: error: cannot find symbol
          for (int l = 1; l < stages; ++l) {
                              ^
  symbol:   variable stages
  location: class EmbeddedRungeKuttaIntegrator
org/apache/commons/math/ode/nonstiff/EmbeddedRungeKuttaIntegrator.java:330: error: cannot find symbol
        System.arraycopy(yDotK[stages - 1], 0, yDotK[0], 0, y0.length);
                               ^
  symbol:   variable stages
  location: class EmbeddedRungeKuttaIntegrator
4 errors

3219277 [main] INFO clegoues.genprog4java.rep.CachingRepresentation  - StmtReplace(9,25) StmtAppend(31,142) at variant137 fails to compile

3219277 [main] INFO clegoues.genprog4java.fitness.Fitness  - 	 gen: 2 0.0 StmtReplace(9,25) StmtAppend(31,142) (stored at: variant137)
3220160 [main] INFO clegoues.genprog4java.fitness.Fitness  - 	 gen: 2 1.0 StmtAppend(80,97) StmtAppend(14,138) (stored at: variant138)
3220179 [main] ERROR clegoues.genprog4java.rep.JavaRepresentation  - org/apache/commons/math/ode/nonstiff/EmbeddedRungeKuttaIntegrator.java:132: error: variable b might not have been initialized
  }
  ^
1 error

3220180 [main] INFO clegoues.genprog4java.rep.CachingRepresentation  - StmtAppend(73,28) StmtReplace(25,138) StmtDelete(5) at variant139 fails to compile

3220180 [main] INFO clegoues.genprog4java.fitness.Fitness  - 	 gen: 2 0.0 StmtAppend(73,28) StmtReplace(25,138) StmtDelete(5) (stored at: variant139)
3220200 [main] ERROR clegoues.genprog4java.rep.JavaRepresentation  - org/apache/commons/math/ode/nonstiff/EmbeddedRungeKuttaIntegrator.java:254: error: cannot find symbol
          hNew = initializeStep(equations, forward, getOrder(), scale,
          ^
  symbol:   variable hNew
  location: class EmbeddedRungeKuttaIntegrator
org/apache/commons/math/ode/nonstiff/EmbeddedRungeKuttaIntegrator.java:262: error: cannot find symbol
        stepSize = hNew;
                   ^
  symbol:   variable hNew
  location: class EmbeddedRungeKuttaIntegrator
org/apache/commons/math/ode/nonstiff/EmbeddedRungeKuttaIntegrator.java:301: error: cannot find symbol
                  hNew = dt;
                  ^
  symbol:   variable hNew
  location: class EmbeddedRungeKuttaIntegrator
org/apache/commons/math/ode/nonstiff/EmbeddedRungeKuttaIntegrator.java:313: error: cannot find symbol
          hNew = filterStep(stepSize * factor, forward, false);
          ^
  symbol:   variable hNew
  location: class EmbeddedRungeKuttaIntegrator
org/apache/commons/math/ode/nonstiff/EmbeddedRungeKuttaIntegrator.java:355: error: cannot find symbol
        hNew = filterStep(scaledH, forward, nextIsLast);
        ^
  symbol:   variable hNew
  location: class EmbeddedRungeKuttaIntegrator
5 errors

3220200 [main] INFO clegoues.genprog4java.rep.CachingRepresentation  - StmtAppend(73,28) StmtDelete(133) StmtReplace(47,118) at variant140 fails to compile

3220200 [main] INFO clegoues.genprog4java.fitness.Fitness  - 	 gen: 2 0.0 StmtAppend(73,28) StmtDelete(133) StmtReplace(47,118) (stored at: variant140)
3220226 [main] ERROR clegoues.genprog4java.rep.JavaRepresentation  - org/apache/commons/math/ode/nonstiff/EmbeddedRungeKuttaIntegrator.java:213: error: cannot find symbol
		double sum = a[k - 1][0] * yDotK[0][j];
		               ^
  symbol:   variable k
  location: class EmbeddedRungeKuttaIntegrator
org/apache/commons/math/ode/nonstiff/EmbeddedRungeKuttaIntegrator.java:214: error: cannot find symbol
		for (int l = 1; l < k; ++l) {
		                    ^
  symbol:   variable k
  location: class EmbeddedRungeKuttaIntegrator
org/apache/commons/math/ode/nonstiff/EmbeddedRungeKuttaIntegrator.java:215: error: cannot find symbol
			sum += a[k - 1][l] * yDotK[l][j];
			         ^
  symbol:   variable k
  location: class EmbeddedRungeKuttaIntegrator
3 errors

3220227 [main] INFO clegoues.genprog4java.rep.CachingRepresentation  - StmtReplace(29,19) StmtReplace(38,77) at variant141 fails to compile

3220227 [main] INFO clegoues.genprog4java.fitness.Fitness  - 	 gen: 2 0.0 StmtReplace(29,19) StmtReplace(38,77) (stored at: variant141)
3221219 [main] INFO clegoues.genprog4java.fitness.Fitness  - 	 gen: 2 1.0 StmtAppend(97,8) (stored at: variant142)
3413252 [main] INFO clegoues.genprog4java.fitness.Fitness  - 	 gen: 2 0.0 StmtDelete(50) StmtReplace(105,19) (stored at: variant143)
3413264 [main] ERROR clegoues.genprog4java.rep.JavaRepresentation  - org/apache/commons/math/ode/nonstiff/EmbeddedRungeKuttaIntegrator.java:214: error: variable interpolator might not have been initialized
      interpolator.storeTime(stepStart + stepSize);
      ^
1 error

3413264 [main] INFO clegoues.genprog4java.rep.CachingRepresentation  - StmtAppend(85,97) StmtReplace(41,95) at variant144 fails to compile

3413265 [main] INFO clegoues.genprog4java.fitness.Fitness  - 	 gen: 2 0.0 StmtAppend(85,97) StmtReplace(41,95) (stored at: variant144)
3413852 [main] INFO clegoues.genprog4java.fitness.Fitness  - 	 gen: 2 1.0 StmtReplace(85,85) (stored at: variant145)
3414550 [main] INFO clegoues.genprog4java.fitness.Fitness  - 	 gen: 2 0.0 StmtDelete(131) (stored at: variant146)
3414562 [main] ERROR clegoues.genprog4java.rep.JavaRepresentation  - org/apache/commons/math/ode/nonstiff/EmbeddedRungeKuttaIntegrator.java:170: error: variable fsal might not have been initialized
  }
  ^
1 error

3414563 [main] INFO clegoues.genprog4java.rep.CachingRepresentation  - StmtDelete(13) at variant147 fails to compile

3414563 [main] INFO clegoues.genprog4java.fitness.Fitness  - 	 gen: 2 0.0 StmtDelete(13) (stored at: variant147)
3415160 [main] INFO clegoues.genprog4java.fitness.Fitness  - 	 gen: 2 1.0 StmtAppend(55,123) (stored at: variant148)
3415768 [main] INFO clegoues.genprog4java.fitness.Fitness  - 	 gen: 2 1.0 StmtAppend(20,29) (stored at: variant149)
3416294 [main] INFO clegoues.genprog4java.fitness.Fitness  - 	 gen: 2 1.0 StmtDelete(20) (stored at: variant150)
3416312 [main] ERROR clegoues.genprog4java.rep.JavaRepresentation  - org/apache/commons/math/ode/nonstiff/EmbeddedRungeKuttaIntegrator.java:262: error: variable scale might not have been initialized
          hNew = initializeStep(equations, forward, getOrder(), scale,
                                                                ^
1 error

3416312 [main] INFO clegoues.genprog4java.rep.CachingRepresentation  - StmtAppend(15,8) StmtReplace(71,97) at variant151 fails to compile

3416313 [main] INFO clegoues.genprog4java.fitness.Fitness  - 	 gen: 2 0.0 StmtAppend(15,8) StmtReplace(71,97) (stored at: variant151)
3416327 [main] ERROR clegoues.genprog4java.rep.JavaRepresentation  - org/apache/commons/math/ode/nonstiff/EmbeddedRungeKuttaIntegrator.java:170: error: variable a might not have been initialized
  }
  ^
1 error

3416328 [main] INFO clegoues.genprog4java.rep.CachingRepresentation  - StmtDelete(50) StmtAppend(56,27) StmtDelete(15) at variant152 fails to compile

3416328 [main] INFO clegoues.genprog4java.fitness.Fitness  - 	 gen: 2 0.0 StmtDelete(50) StmtAppend(56,27) StmtDelete(15) (stored at: variant152)
3416839 [main] INFO clegoues.genprog4java.fitness.Fitness  - 	 gen: 2 0.0 StmtDelete(77) (stored at: variant153)
