0 [main] DEBUG clegoues.genprog4java.fitness.Fitness  - parsing granularity, value: class
19 [main] DEBUG clegoues.genprog4java.fitness.Fitness  - parsing granularity, value: class
#Fri Mar 12 09:01:20 CST 2021
negativeTestWeight=2.0
classSourceFolder=/home/rtx/repair/d4j/Math/74b/target/classes
model=default
sampleStrategy=variant
srcClassPath=/home/rtx/repair/d4j/Math/74b/target/classes
sourceVersion=1.8
popsize=40
regenPaths=false
posCoverageFile=coverage.path.pos
continue=false
edits=APPEND;DELETE;REPLACE
negCoverageFile=coverage.path.neg
workingDir=/home/rtx/repair/d4j/Math/74b/
clearTestCache=false
skipFailedSanity=false
sample=0.1 
oracleGenome=
testGranularity=class
justTestingFaultLoc=false
faultLocStrategy=standardPathFile
crossp=0.5
pMutation=1
generations=10
positiveTests=/home/rtx/repair/d4j/Math/74b/pos.tests
javaVM=/home/rtx/java/jdk1.8.0_271/jre/bin/java
seed=2
negativePathWeight=0.35
compileCommand=
fixStrategy=classScope
allowCoverageFail=false
targetClassName=/home/rtx/repair/d4j/Math/74b/bugfiles.txt
javaRuntime=java.lang.Runtime@6576fe71
classTestFolder=
modelPath=OVERALLModel.txt
sanity=yes
positivePathWeight=0.65
jacocoPath=/home/rtx/eclipse-workspace/genprog4java/lib/jacocoagent.jar
negativeTests=/home/rtx/repair/d4j/Math/74b/neg.tests
pathToFileHumanInjectedFaultLoc=fileHumanInjectedFaultLoc.txt
outputDir=/home/rtx/repair/d4j/Math/74b/genprog4java/variantSeed2/
testClassPath=/home/rtx/repair/d4j/Math/74b/target/classes\:/home/rtx/repair/d4j/Math/74b/target/test-classes\:/home/rtx/repair/defects4j/framework/projects/lib/junit-4.11.jar\:/home/rtx/repair/d4j/Math/74b/lib/junit-4.4.jar
faultStrategy=classScope
sourceDir=src/main/java
checkSpace=false
search=gp
globalExtension=.java
faultSpaceSubSet=1/5
maxVariants=50
libs=/home/rtx/eclipse-workspace/genprog4java/lib/junittestrunner.jar\:/home/rtx/eclipse-workspace/genprog4java/lib/commons-cli-20040117.000000.jar\:/home/rtx/eclipse-workspace/genprog4java/lib/junit-4.12.jar\:/home/rtx/eclipse-workspace/genprog4java/lib/hamcrest-core-1.3.jar\:/home/rtx/eclipse-workspace/genprog4java/lib/log4j-1.2.17.jar\:/home/rtx/repair/d4j/Math/74b/target/classes\:/home/rtx/repair/d4j/Math/74b/target/test-classes\:/home/rtx/repair/defects4j/framework/projects/lib/junit-4.11.jar\:/home/rtx/repair/d4j/Math/74b/lib/junit-4.4.jar\:/home/rtx/repair/d4j/Math/74b/target/classes
crossover=onepoint
83 [main] INFO clegoues.genprog4java.main.Main  - Configuration file loaded
15602 [main] INFO clegoues.genprog4java.rep.CachingRepresentation  - loaded from source clegoues.genprog4java.java.ClassInfo@7f18d44c
15602 [main] INFO clegoues.genprog4java.rep.CachingRepresentation  - sanity checking begins
16203 [main] INFO clegoues.genprog4java.rep.CachingRepresentation  - Checking test number 1 out of 10
16451 [main] INFO clegoues.genprog4java.rep.CachingRepresentation  - true (1)

16451 [main] INFO clegoues.genprog4java.rep.CachingRepresentation  - Checking test number 2 out of 10
17005 [main] INFO clegoues.genprog4java.rep.CachingRepresentation  - true (1)

17005 [main] INFO clegoues.genprog4java.rep.CachingRepresentation  - Checking test number 3 out of 10
17259 [main] INFO clegoues.genprog4java.rep.CachingRepresentation  - true (1)

17259 [main] INFO clegoues.genprog4java.rep.CachingRepresentation  - Checking test number 4 out of 10
17639 [main] INFO clegoues.genprog4java.rep.CachingRepresentation  - true (1)

17639 [main] INFO clegoues.genprog4java.rep.CachingRepresentation  - Checking test number 5 out of 10
17878 [main] INFO clegoues.genprog4java.rep.CachingRepresentation  - true (1)

17878 [main] INFO clegoues.genprog4java.rep.CachingRepresentation  - Checking test number 6 out of 10
18190 [main] INFO clegoues.genprog4java.rep.CachingRepresentation  - true (1)

18190 [main] INFO clegoues.genprog4java.rep.CachingRepresentation  - Checking test number 7 out of 10
18454 [main] INFO clegoues.genprog4java.rep.CachingRepresentation  - true (1)

18454 [main] INFO clegoues.genprog4java.rep.CachingRepresentation  - Checking test number 8 out of 10
18810 [main] INFO clegoues.genprog4java.rep.CachingRepresentation  - true (1)

18810 [main] INFO clegoues.genprog4java.rep.CachingRepresentation  - Checking test number 9 out of 10
19191 [main] INFO clegoues.genprog4java.rep.CachingRepresentation  - true (1)

19191 [main] INFO clegoues.genprog4java.rep.CachingRepresentation  - Checking test number 10 out of 10
19415 [main] INFO clegoues.genprog4java.rep.CachingRepresentation  - true (1)

19415 [main] INFO clegoues.genprog4java.rep.CachingRepresentation  - 	n1: 
19705 [main] INFO clegoues.genprog4java.rep.CachingRepresentation  - false (0)

19705 [main] INFO clegoues.genprog4java.rep.CachingRepresentation  - sanity checking completed (time taken = 4103)
19705 [main] INFO clegoues.genprog4java.localization.DefaultLocalization  - Start Fault Localization
19733 [main] INFO clegoues.genprog4java.localization.DefaultLocalization  - Finish Fault Localization
19733 [main] INFO clegoues.genprog4java.Search.Search  - search: genetic algorithm begins

20641 [main] INFO clegoues.genprog4java.fitness.Fitness  - 	 gen: 0 1.0 original (stored at: variant0)
117080 [main] INFO clegoues.genprog4java.fitness.Fitness  - 	 gen: 0 0.0 StmtReplace(103,142) (stored at: variant1)
118145 [main] INFO clegoues.genprog4java.fitness.Fitness  - 	 gen: 0 1.0 StmtReplace(120,60) (stored at: variant2)
181347 [main] INFO clegoues.genprog4java.fitness.Fitness  - 	 gen: 0 0.0 StmtReplace(10,138) (stored at: variant3)
181404 [main] ERROR clegoues.genprog4java.rep.JavaRepresentation  - org/apache/commons/math/ode/nonstiff/EmbeddedRungeKuttaIntegrator.java:131: error: variable a might not have been initialized
  }
  ^
1 error

181404 [main] INFO clegoues.genprog4java.rep.CachingRepresentation  - StmtReplace(4,49) at variant4 fails to compile

181404 [main] INFO clegoues.genprog4java.fitness.Fitness  - 	 gen: 0 0.0 StmtReplace(4,49) (stored at: variant4)
277787 [main] INFO clegoues.genprog4java.fitness.Fitness  - 	 gen: 0 0.0 StmtDelete(8) (stored at: variant5)
374111 [main] INFO clegoues.genprog4java.fitness.Fitness  - 	 gen: 0 0.0 StmtDelete(142) (stored at: variant6)
374149 [main] ERROR clegoues.genprog4java.rep.JavaRepresentation  - org/apache/commons/math/ode/nonstiff/EmbeddedRungeKuttaIntegrator.java:132: error: variable exp might not have been initialized
  }
  ^
1 error

374149 [main] INFO clegoues.genprog4java.rep.CachingRepresentation  - StmtDelete(7) at variant7 fails to compile

374149 [main] INFO clegoues.genprog4java.fitness.Fitness  - 	 gen: 0 0.0 StmtDelete(7) (stored at: variant7)
374663 [main] INFO clegoues.genprog4java.fitness.Fitness  - 	 gen: 0 1.0 StmtAppend(34,138) (stored at: variant8)
470974 [main] INFO clegoues.genprog4java.fitness.Fitness  - 	 gen: 0 0.0 StmtDelete(34) (stored at: variant9)
471006 [main] ERROR clegoues.genprog4java.rep.JavaRepresentation  - org/apache/commons/math/ode/nonstiff/EmbeddedRungeKuttaIntegrator.java:214: error: cannot find symbol
      rki.reinitialize(this, yTmp, yDotK, forward);
                             ^
  symbol:   variable yTmp
  location: class EmbeddedRungeKuttaIntegrator
org/apache/commons/math/ode/nonstiff/EmbeddedRungeKuttaIntegrator.java:217: error: cannot find symbol
      interpolator = new DummyStepInterpolator(yTmp, forward);
                                               ^
  symbol:   variable yTmp
  location: class EmbeddedRungeKuttaIntegrator
org/apache/commons/math/ode/nonstiff/EmbeddedRungeKuttaIntegrator.java:253: error: cannot find symbol
                                stepStart, y, yDotK[0], yTmp, yDotK[1]);
                                                        ^
  symbol:   variable yTmp
  location: class EmbeddedRungeKuttaIntegrator
org/apache/commons/math/ode/nonstiff/EmbeddedRungeKuttaIntegrator.java:267: error: cannot find symbol
            yTmp[j] = y[j] + stepSize * sum;
            ^
  symbol:   variable yTmp
  location: class EmbeddedRungeKuttaIntegrator
org/apache/commons/math/ode/nonstiff/EmbeddedRungeKuttaIntegrator.java:270: error: cannot find symbol
          computeDerivatives(stepStart + c[k-1] * stepSize, yTmp, yDotK[k]);
                                                            ^
  symbol:   variable yTmp
  location: class EmbeddedRungeKuttaIntegrator
org/apache/commons/math/ode/nonstiff/EmbeddedRungeKuttaIntegrator.java:280: error: cannot find symbol
          yTmp[j] = y[j] + stepSize * sum;
          ^
  symbol:   variable yTmp
  location: class EmbeddedRungeKuttaIntegrator
org/apache/commons/math/ode/nonstiff/EmbeddedRungeKuttaIntegrator.java:284: error: cannot find symbol
        error = estimateError(yDotK, y, yTmp, stepSize);
                                        ^
  symbol:   variable yTmp
  location: class EmbeddedRungeKuttaIntegrator
org/apache/commons/math/ode/nonstiff/EmbeddedRungeKuttaIntegrator.java:315: error: cannot find symbol
      System.arraycopy(yTmp, 0, y, 0, y0.length);
                       ^
  symbol:   variable yTmp
  location: class EmbeddedRungeKuttaIntegrator
8 errors

471006 [main] INFO clegoues.genprog4java.rep.CachingRepresentation  - StmtReplace(36,28) at variant10 fails to compile

471006 [main] INFO clegoues.genprog4java.fitness.Fitness  - 	 gen: 0 0.0 StmtReplace(36,28) (stored at: variant10)
471657 [main] INFO clegoues.genprog4java.fitness.Fitness  - 	 gen: 0 1.0 StmtAppend(113,27) (stored at: variant11)
471686 [main] ERROR clegoues.genprog4java.rep.JavaRepresentation  - org/apache/commons/math/ode/nonstiff/EmbeddedRungeKuttaIntegrator.java:131: error: variable b might not have been initialized
  }
  ^
1 error

471686 [main] INFO clegoues.genprog4java.rep.CachingRepresentation  - StmtReplace(5,25) at variant12 fails to compile

471687 [main] INFO clegoues.genprog4java.fitness.Fitness  - 	 gen: 0 0.0 StmtReplace(5,25) (stored at: variant12)
473817 [main] INFO clegoues.genprog4java.fitness.Fitness  - 	 gen: 0 0.0 StmtAppend(78,33) (stored at: variant13)
474350 [main] INFO clegoues.genprog4java.fitness.Fitness  - 	 gen: 0 1.0 StmtAppend(7,9) (stored at: variant14)
666402 [main] INFO clegoues.genprog4java.fitness.Fitness  - 	 gen: 0 0.0 StmtDelete(64) (stored at: variant15)
666435 [main] ERROR clegoues.genprog4java.rep.JavaRepresentation  - org/apache/commons/math/ode/nonstiff/EmbeddedRungeKuttaIntegrator.java:318: error: cannot find symbol
		double sum = a[k - 1][0] * yDotK[0][j];
		               ^
  symbol:   variable k
  location: class EmbeddedRungeKuttaIntegrator
org/apache/commons/math/ode/nonstiff/EmbeddedRungeKuttaIntegrator.java:319: error: cannot find symbol
		for (int l = 1; l < k; ++l) {
		                    ^
  symbol:   variable k
  location: class EmbeddedRungeKuttaIntegrator
org/apache/commons/math/ode/nonstiff/EmbeddedRungeKuttaIntegrator.java:320: error: cannot find symbol
			sum += a[k - 1][l] * yDotK[l][j];
			         ^
  symbol:   variable k
  location: class EmbeddedRungeKuttaIntegrator
3 errors

666435 [main] INFO clegoues.genprog4java.rep.CachingRepresentation  - StmtReplace(112,77) at variant16 fails to compile

666435 [main] INFO clegoues.genprog4java.fitness.Fitness  - 	 gen: 0 0.0 StmtReplace(112,77) (stored at: variant16)
667116 [main] INFO clegoues.genprog4java.fitness.Fitness  - 	 gen: 0 1.0 StmtReplace(100,120) (stored at: variant17)
667748 [main] INFO clegoues.genprog4java.fitness.Fitness  - 	 gen: 0 1.0 StmtAppend(25,20) (stored at: variant18)
859800 [main] INFO clegoues.genprog4java.fitness.Fitness  - 	 gen: 0 0.0 StmtAppend(80,39) (stored at: variant19)
860391 [main] INFO clegoues.genprog4java.fitness.Fitness  - 	 gen: 0 1.0 StmtDelete(89) (stored at: variant20)
860416 [main] ERROR clegoues.genprog4java.rep.JavaRepresentation  - org/apache/commons/math/ode/nonstiff/EmbeddedRungeKuttaIntegrator.java:266: error: cannot find symbol
              sum += a[k-1][l] * yDotK[l][j];
              ^
  symbol:   variable sum
  location: class EmbeddedRungeKuttaIntegrator
org/apache/commons/math/ode/nonstiff/EmbeddedRungeKuttaIntegrator.java:268: error: cannot find symbol
            yTmp[j] = y[j] + stepSize * sum;
                                        ^
  symbol:   variable sum
  location: class EmbeddedRungeKuttaIntegrator
2 errors

860416 [main] INFO clegoues.genprog4java.rep.CachingRepresentation  - StmtDelete(79) at variant21 fails to compile

860416 [main] INFO clegoues.genprog4java.fitness.Fitness  - 	 gen: 0 0.0 StmtDelete(79) (stored at: variant21)
861094 [main] INFO clegoues.genprog4java.fitness.Fitness  - 	 gen: 0 1.0 StmtAppend(126,126) (stored at: variant22)
957385 [main] INFO clegoues.genprog4java.fitness.Fitness  - 	 gen: 0 0.0 StmtReplace(56,85) (stored at: variant23)
957892 [main] INFO clegoues.genprog4java.fitness.Fitness  - 	 gen: 0 0.0 StmtReplace(92,61) (stored at: variant24)
958430 [main] INFO clegoues.genprog4java.fitness.Fitness  - 	 gen: 0 0.0 StmtAppend(76,123) (stored at: variant25)
958458 [main] ERROR clegoues.genprog4java.rep.JavaRepresentation  - org/apache/commons/math/ode/nonstiff/EmbeddedRungeKuttaIntegrator.java:290: error: cannot find symbol
          if (manager.evaluateStep(interpolator)) {
              ^
  symbol:   variable manager
  location: class EmbeddedRungeKuttaIntegrator
org/apache/commons/math/ode/nonstiff/EmbeddedRungeKuttaIntegrator.java:291: error: cannot find symbol
              final double dt = manager.getEventTime() - stepStart;
                                ^
  symbol:   variable manager
  location: class EmbeddedRungeKuttaIntegrator
org/apache/commons/math/ode/nonstiff/EmbeddedRungeKuttaIntegrator.java:317: error: cannot find symbol
      manager.stepAccepted(nextStep, y);
      ^
  symbol:   variable manager
  location: class EmbeddedRungeKuttaIntegrator
org/apache/commons/math/ode/nonstiff/EmbeddedRungeKuttaIntegrator.java:318: error: cannot find symbol
      lastStep = manager.stop();
                 ^
  symbol:   variable manager
  location: class EmbeddedRungeKuttaIntegrator
org/apache/commons/math/ode/nonstiff/EmbeddedRungeKuttaIntegrator.java:332: error: cannot find symbol
      if (manager.reset(stepStart, y) && ! lastStep) {
          ^
  symbol:   variable manager
  location: class EmbeddedRungeKuttaIntegrator
5 errors

958458 [main] INFO clegoues.genprog4java.rep.CachingRepresentation  - StmtDelete(52) at variant26 fails to compile

958458 [main] INFO clegoues.genprog4java.fitness.Fitness  - 	 gen: 0 0.0 StmtDelete(52) (stored at: variant26)
958493 [main] ERROR clegoues.genprog4java.rep.JavaRepresentation  - org/apache/commons/math/ode/nonstiff/EmbeddedRungeKuttaIntegrator.java:249: error: cannot find symbol
				double sum = a[k - 1][0] * yDotK[0][j];
				               ^
  symbol:   variable k
  location: class EmbeddedRungeKuttaIntegrator
org/apache/commons/math/ode/nonstiff/EmbeddedRungeKuttaIntegrator.java:250: error: cannot find symbol
				for (int l = 1; l < k; ++l) {
				                    ^
  symbol:   variable k
  location: class EmbeddedRungeKuttaIntegrator
org/apache/commons/math/ode/nonstiff/EmbeddedRungeKuttaIntegrator.java:251: error: cannot find symbol
					sum += a[k - 1][l] * yDotK[l][j];
					         ^
  symbol:   variable k
  location: class EmbeddedRungeKuttaIntegrator
3 errors

958493 [main] INFO clegoues.genprog4java.rep.CachingRepresentation  - StmtReplace(69,77) at variant27 fails to compile

958493 [main] INFO clegoues.genprog4java.fitness.Fitness  - 	 gen: 0 0.0 StmtReplace(69,77) (stored at: variant27)
1054723 [main] INFO clegoues.genprog4java.fitness.Fitness  - 	 gen: 0 0.0 StmtAppend(104,39) (stored at: variant28)
1055232 [main] INFO clegoues.genprog4java.fitness.Fitness  - 	 gen: 0 0.0 StmtDelete(115) (stored at: variant29)
1055916 [main] INFO clegoues.genprog4java.fitness.Fitness  - 	 gen: 0 1.0 StmtAppend(86,28) (stored at: variant30)
1056456 [main] INFO clegoues.genprog4java.fitness.Fitness  - 	 gen: 0 1.0 StmtDelete(82) (stored at: variant31)
1056990 [main] INFO clegoues.genprog4java.fitness.Fitness  - 	 gen: 0 0.0 StmtReplace(75,104) (stored at: variant32)
1153299 [main] INFO clegoues.genprog4java.fitness.Fitness  - 	 gen: 0 0.0 StmtDelete(45) (stored at: variant33)
1153873 [main] INFO clegoues.genprog4java.fitness.Fitness  - 	 gen: 0 1.0 StmtReplace(104,105) (stored at: variant34)
1153892 [main] ERROR clegoues.genprog4java.rep.JavaRepresentation  - org/apache/commons/math/ode/nonstiff/EmbeddedRungeKuttaIntegrator.java:217: error: cannot find symbol
      rki.reinitialize(this, yTmp, yDotK, forward);
      ^
  symbol:   variable rki
  location: class EmbeddedRungeKuttaIntegrator
org/apache/commons/math/ode/nonstiff/EmbeddedRungeKuttaIntegrator.java:218: error: cannot find symbol
      interpolator = rki;
                     ^
  symbol:   variable rki
  location: class EmbeddedRungeKuttaIntegrator
2 errors

1153892 [main] INFO clegoues.genprog4java.rep.CachingRepresentation  - StmtAppend(40,120) at variant35 fails to compile

1153892 [main] INFO clegoues.genprog4java.fitness.Fitness  - 	 gen: 0 0.0 StmtAppend(40,120) (stored at: variant35)
1154385 [main] INFO clegoues.genprog4java.fitness.Fitness  - 	 gen: 0 1.0 StmtAppend(91,60) (stored at: variant36)
1154416 [main] ERROR clegoues.genprog4java.rep.JavaRepresentation  - org/apache/commons/math/ode/nonstiff/EmbeddedRungeKuttaIntegrator.java:252: error: cannot find symbol
          hNew = initializeStep(equations, forward, getOrder(), scale,
          ^
  symbol:   variable hNew
  location: class EmbeddedRungeKuttaIntegrator
org/apache/commons/math/ode/nonstiff/EmbeddedRungeKuttaIntegrator.java:257: error: cannot find symbol
        stepSize = hNew;
                   ^
  symbol:   variable hNew
  location: class EmbeddedRungeKuttaIntegrator
org/apache/commons/math/ode/nonstiff/EmbeddedRungeKuttaIntegrator.java:296: error: cannot find symbol
                  hNew = dt;
                  ^
  symbol:   variable hNew
  location: class EmbeddedRungeKuttaIntegrator
org/apache/commons/math/ode/nonstiff/EmbeddedRungeKuttaIntegrator.java:308: error: cannot find symbol
          hNew = filterStep(stepSize * factor, forward, false);
          ^
  symbol:   variable hNew
  location: class EmbeddedRungeKuttaIntegrator
org/apache/commons/math/ode/nonstiff/EmbeddedRungeKuttaIntegrator.java:350: error: cannot find symbol
        hNew = filterStep(scaledH, forward, nextIsLast);
        ^
  symbol:   variable hNew
  location: class EmbeddedRungeKuttaIntegrator
5 errors

1154416 [main] INFO clegoues.genprog4java.rep.CachingRepresentation  - StmtReplace(47,126) at variant37 fails to compile

1154416 [main] INFO clegoues.genprog4java.fitness.Fitness  - 	 gen: 0 0.0 StmtReplace(47,126) (stored at: variant37)
1154941 [main] INFO clegoues.genprog4java.fitness.Fitness  - 	 gen: 0 1.0 StmtAppend(78,25) (stored at: variant38)
1155539 [main] INFO clegoues.genprog4java.fitness.Fitness  - 	 gen: 0 1.0 StmtDelete(138) (stored at: variant39)
1155539 [main] INFO clegoues.genprog4java.Search.Search  - search: generation1
1252086 [main] INFO clegoues.genprog4java.fitness.Fitness  - 	 gen: 1 0.0 StmtReplace(100,120) StmtAppend(51,110) (stored at: variant40)
1444119 [main] INFO clegoues.genprog4java.fitness.Fitness  - 	 gen: 1 0.0 StmtDelete(82) StmtDelete(96) (stored at: variant41)
1444753 [main] INFO clegoues.genprog4java.fitness.Fitness  - 	 gen: 1 1.0 StmtAppend(113,27) StmtReplace(138,29) (stored at: variant42)
1444754 [main] INFO clegoues.genprog4java.fitness.Fitness  - 	 gen: 1 1.0 StmtDelete(82) (stored at: )
1444777 [main] ERROR clegoues.genprog4java.rep.JavaRepresentation  - org/apache/commons/math/ode/nonstiff/EmbeddedRungeKuttaIntegrator.java:357: error: cannot find symbol
        final boolean nextIsLast = forward ? (nextT >= t) : (nextT <= t);
                                              ^
  symbol:   variable nextT
  location: class EmbeddedRungeKuttaIntegrator
org/apache/commons/math/ode/nonstiff/EmbeddedRungeKuttaIntegrator.java:357: error: cannot find symbol
        final boolean nextIsLast = forward ? (nextT >= t) : (nextT <= t);
                                                             ^
  symbol:   variable nextT
  location: class EmbeddedRungeKuttaIntegrator
2 errors

1444777 [main] INFO clegoues.genprog4java.rep.CachingRepresentation  - StmtAppend(86,28) StmtAppend(129,33) at variant43 fails to compile

1444777 [main] INFO clegoues.genprog4java.fitness.Fitness  - 	 gen: 1 0.0 StmtAppend(86,28) StmtAppend(129,33) (stored at: variant43)
1541087 [main] INFO clegoues.genprog4java.fitness.Fitness  - 	 gen: 1 0.0 StmtDelete(82) StmtDelete(84) (stored at: variant44)
1541571 [main] INFO clegoues.genprog4java.fitness.Fitness  - 	 gen: 1 1.0 StmtAppend(126,126) StmtAppend(90,97) (stored at: variant45)
1542068 [main] INFO clegoues.genprog4java.fitness.Fitness  - 	 gen: 1 0.0 StmtDelete(138) StmtReplace(84,95) (stored at: variant46)
1542571 [main] INFO clegoues.genprog4java.fitness.Fitness  - 	 gen: 1 1.0 StmtAppend(86,28) StmtDelete(51) (stored at: variant47)
1543366 [main] INFO clegoues.genprog4java.fitness.Fitness  - 	 gen: 1 1.0 StmtDelete(138) StmtAppend(115,25) (stored at: variant48)
1543706 [main] INFO clegoues.genprog4java.fitness.Fitness  - 	 gen: 1 1.0 StmtDelete(138) (stored at: variant49)
1640013 [main] INFO clegoues.genprog4java.fitness.Fitness  - 	 gen: 1 0.0 StmtReplace(120,60) StmtAppend(100,138) (stored at: variant50)
1640649 [main] INFO clegoues.genprog4java.fitness.Fitness  - 	 gen: 1 1.0 StmtAppend(91,60) StmtAppend(83,74) (stored at: variant51)
1641233 [main] INFO clegoues.genprog4java.fitness.Fitness  - 	 gen: 1 0.0 StmtReplace(104,105) StmtDelete(90) (stored at: variant52)
1641725 [main] INFO clegoues.genprog4java.fitness.Fitness  - 	 gen: 1 1.0 StmtAppend(78,25) StmtAppend(10,49) (stored at: variant53)
1642337 [main] INFO clegoues.genprog4java.fitness.Fitness  - 	 gen: 1 0.0 StmtDelete(82) StmtReplace(95,64) (stored at: variant54)
1642369 [main] ERROR clegoues.genprog4java.rep.JavaRepresentation  - org/apache/commons/math/ode/nonstiff/EmbeddedRungeKuttaIntegrator.java:169: error: variable exp might not have been initialized
  }
  ^
1 error

1642369 [main] INFO clegoues.genprog4java.rep.CachingRepresentation  - StmtReplace(100,120) StmtReplace(18,9) at variant55 fails to compile

1642370 [main] INFO clegoues.genprog4java.fitness.Fitness  - 	 gen: 1 0.0 StmtReplace(100,120) StmtReplace(18,9) (stored at: variant55)
1642885 [main] INFO clegoues.genprog4java.fitness.Fitness  - 	 gen: 1 1.0 StmtAppend(34,138) StmtReplace(126,123) (stored at: variant56)
1643542 [main] INFO clegoues.genprog4java.fitness.Fitness  - 	 gen: 1 0.0 StmtAppend(25,20) StmtAppend(104,64) (stored at: variant57)
1644003 [main] INFO clegoues.genprog4java.fitness.Fitness  - 	 gen: 1 0.0 StmtAppend(78,25) StmtDelete(114) (stored at: variant58)
1644652 [main] INFO clegoues.genprog4java.fitness.Fitness  - 	 gen: 1 1.0 StmtReplace(104,105) StmtAppend(21,10) (stored at: variant59)
1836682 [main] INFO clegoues.genprog4java.fitness.Fitness  - 	 gen: 1 0.0 StmtDelete(89) StmtReplace(93,64) (stored at: variant60)
1837262 [main] INFO clegoues.genprog4java.fitness.Fitness  - 	 gen: 1 1.0 StmtDelete(138) StmtAppend(29,9) (stored at: variant61)
1868930 [main] INFO clegoues.genprog4java.fitness.Fitness  - 	 gen: 1 0.0 StmtReplace(120,60) StmtAppend(123,92) (stored at: variant62)
1869451 [main] INFO clegoues.genprog4java.fitness.Fitness  - 	 gen: 1 1.0 StmtAppend(34,138) StmtAppend(114,125) (stored at: variant63)
1878821 [main] INFO clegoues.genprog4java.fitness.Fitness  - 	 gen: 1 0.0 StmtDelete(138) StmtDelete(131) (stored at: variant64)
2070847 [main] INFO clegoues.genprog4java.fitness.Fitness  - 	 gen: 1 0.0 StmtDelete(89) StmtDelete(105) (stored at: variant65)
2070859 [main] ERROR clegoues.genprog4java.rep.JavaRepresentation  - org/apache/commons/math/ode/nonstiff/EmbeddedRungeKuttaIntegrator.java:170: error: variable b might not have been initialized
  }
  ^
1 error

2070859 [main] INFO clegoues.genprog4java.rep.CachingRepresentation  - StmtDelete(16) at variant66 fails to compile

2070859 [main] INFO clegoues.genprog4java.fitness.Fitness  - 	 gen: 1 0.0 StmtDelete(16) (stored at: variant66)
2071417 [main] INFO clegoues.genprog4java.fitness.Fitness  - 	 gen: 1 1.0 StmtAppend(34,138) StmtAppend(61,64) (stored at: variant67)
2071998 [main] INFO clegoues.genprog4java.fitness.Fitness  - 	 gen: 1 1.0 StmtReplace(104,105) StmtDelete(91) (stored at: variant68)
2168233 [main] INFO clegoues.genprog4java.fitness.Fitness  - 	 gen: 1 0.0 StmtAppend(34,138) StmtAppend(45,44) (stored at: variant69)
2168747 [main] INFO clegoues.genprog4java.fitness.Fitness  - 	 gen: 1 1.0 StmtAppend(91,60) StmtAppend(69,61) (stored at: variant70)
2168766 [main] ERROR clegoues.genprog4java.rep.JavaRepresentation  - org/apache/commons/math/ode/nonstiff/EmbeddedRungeKuttaIntegrator.java:170: error: variable b might not have been initialized
  }
  ^
1 error

2168766 [main] INFO clegoues.genprog4java.rep.CachingRepresentation  - StmtReplace(120,60) StmtDelete(16) at variant71 fails to compile

2168766 [main] INFO clegoues.genprog4java.fitness.Fitness  - 	 gen: 1 0.0 StmtReplace(120,60) StmtDelete(16) (stored at: variant71)
2169392 [main] INFO clegoues.genprog4java.fitness.Fitness  - 	 gen: 1 1.0 StmtDelete(50) (stored at: variant72)
2361424 [main] INFO clegoues.genprog4java.fitness.Fitness  - 	 gen: 1 0.0 StmtAppend(113,27) StmtDelete(94) (stored at: variant73)
2457804 [main] INFO clegoues.genprog4java.fitness.Fitness  - 	 gen: 1 0.0 StmtAppend(25,20) StmtReplace(99,60) (stored at: variant74)
2458395 [main] INFO clegoues.genprog4java.fitness.Fitness  - 	 gen: 1 1.0 StmtAppend(78,25) StmtAppend(62,126) (stored at: variant75)
2458417 [main] ERROR clegoues.genprog4java.rep.JavaRepresentation  - org/apache/commons/math/ode/nonstiff/EmbeddedRungeKuttaIntegrator.java:134: error: variable fsal might not have been initialized
  }
  ^
1 error

2458417 [main] INFO clegoues.genprog4java.rep.CachingRepresentation  - StmtAppend(7,9) StmtReplace(2,29) at variant76 fails to compile

2458417 [main] INFO clegoues.genprog4java.fitness.Fitness  - 	 gen: 1 0.0 StmtAppend(7,9) StmtReplace(2,29) (stored at: variant76)
2459338 [main] INFO clegoues.genprog4java.fitness.Fitness  - 	 gen: 1 0.0 StmtAppend(7,9) StmtAppend(94,104) (stored at: variant77)
2459432 [main] ERROR clegoues.genprog4java.rep.JavaRepresentation  - org/apache/commons/math/ode/nonstiff/EmbeddedRungeKuttaIntegrator.java:152: error: no suitable constructor found for AdaptiveStepsizeIntegrator(no arguments)
                                         final double[] vecRelativeTolerance) {
                                                                              ^
    constructor AdaptiveStepsizeIntegrator.AdaptiveStepsizeIntegrator(String,double,double,double,double) is not applicable
      (actual and formal argument lists differ in length)
    constructor AdaptiveStepsizeIntegrator.AdaptiveStepsizeIntegrator(String,double,double,double[],double[]) is not applicable
      (actual and formal argument lists differ in length)
1 error

2459433 [main] INFO clegoues.genprog4java.rep.CachingRepresentation  - StmtAppend(126,126) StmtDelete(12) at variant78 fails to compile

2459434 [main] INFO clegoues.genprog4java.fitness.Fitness  - 	 gen: 1 0.0 StmtAppend(126,126) StmtDelete(12) (stored at: variant78)
2459478 [main] ERROR clegoues.genprog4java.rep.JavaRepresentation  - org/apache/commons/math/ode/nonstiff/EmbeddedRungeKuttaIntegrator.java:214: error: cannot find symbol
      rki.reinitialize(this, yTmp, yDotK, forward);
                                   ^
  symbol:   variable yDotK
  location: class EmbeddedRungeKuttaIntegrator
org/apache/commons/math/ode/nonstiff/EmbeddedRungeKuttaIntegrator.java:241: error: cannot find symbol
          computeDerivatives(stepStart, y, yDotK[0]);
                                           ^
  symbol:   variable yDotK
  location: class EmbeddedRungeKuttaIntegrator
org/apache/commons/math/ode/nonstiff/EmbeddedRungeKuttaIntegrator.java:253: error: cannot find symbol
                                stepStart, y, yDotK[0], yTmp, yDotK[1]);
                                              ^
  symbol:   variable yDotK
  location: class EmbeddedRungeKuttaIntegrator
org/apache/commons/math/ode/nonstiff/EmbeddedRungeKuttaIntegrator.java:253: error: cannot find symbol
                                stepStart, y, yDotK[0], yTmp, yDotK[1]);
                                                              ^
  symbol:   variable yDotK
  location: class EmbeddedRungeKuttaIntegrator
org/apache/commons/math/ode/nonstiff/EmbeddedRungeKuttaIntegrator.java:263: error: cannot find symbol
            double sum = a[k-1][0] * yDotK[0][j];
                                     ^
  symbol:   variable yDotK
  location: class EmbeddedRungeKuttaIntegrator
org/apache/commons/math/ode/nonstiff/EmbeddedRungeKuttaIntegrator.java:265: error: cannot find symbol
              sum += a[k-1][l] * yDotK[l][j];
                                 ^
  symbol:   variable yDotK
  location: class EmbeddedRungeKuttaIntegrator
org/apache/commons/math/ode/nonstiff/EmbeddedRungeKuttaIntegrator.java:270: error: cannot find symbol
          computeDerivatives(stepStart + c[k-1] * stepSize, yTmp, yDotK[k]);
                                                                  ^
  symbol:   variable yDotK
  location: class EmbeddedRungeKuttaIntegrator
org/apache/commons/math/ode/nonstiff/EmbeddedRungeKuttaIntegrator.java:276: error: cannot find symbol
          double sum    = b[0] * yDotK[0][j];
                                 ^
  symbol:   variable yDotK
  location: class EmbeddedRungeKuttaIntegrator
org/apache/commons/math/ode/nonstiff/EmbeddedRungeKuttaIntegrator.java:278: error: cannot find symbol
            sum    += b[l] * yDotK[l][j];
                             ^
  symbol:   variable yDotK
  location: class EmbeddedRungeKuttaIntegrator
org/apache/commons/math/ode/nonstiff/EmbeddedRungeKuttaIntegrator.java:284: error: cannot find symbol
        error = estimateError(yDotK, y, yTmp, stepSize);
                              ^
  symbol:   variable yDotK
  location: class EmbeddedRungeKuttaIntegrator
org/apache/commons/math/ode/nonstiff/EmbeddedRungeKuttaIntegrator.java:328: error: cannot find symbol
        System.arraycopy(yDotK[stages - 1], 0, yDotK[0], 0, y0.length);
                         ^
  symbol:   variable yDotK
  location: class EmbeddedRungeKuttaIntegrator
org/apache/commons/math/ode/nonstiff/EmbeddedRungeKuttaIntegrator.java:328: error: cannot find symbol
        System.arraycopy(yDotK[stages - 1], 0, yDotK[0], 0, y0.length);
                                               ^
  symbol:   variable yDotK
  location: class EmbeddedRungeKuttaIntegrator
org/apache/commons/math/ode/nonstiff/EmbeddedRungeKuttaIntegrator.java:334: error: cannot find symbol
        computeDerivatives(stepStart, y, yDotK[0]);
                                         ^
  symbol:   variable yDotK
  location: class EmbeddedRungeKuttaIntegrator
13 errors

2459482 [main] INFO clegoues.genprog4java.rep.CachingRepresentation  - StmtReplace(35,10) at variant79 fails to compile

2459482 [main] INFO clegoues.genprog4java.fitness.Fitness  - 	 gen: 1 0.0 StmtReplace(35,10) (stored at: variant79)
2460557 [main] INFO clegoues.genprog4java.fitness.Fitness  - 	 gen: 1 1.0 StmtAppend(5,49) (stored at: variant80)
2653044 [main] INFO clegoues.genprog4java.fitness.Fitness  - 	 gen: 1 0.0 StmtReplace(46,9) (stored at: variant81)
2749251 [main] INFO clegoues.genprog4java.fitness.Fitness  - 	 gen: 1 0.0 StmtAppend(68,43) (stored at: variant82)
2749965 [main] INFO clegoues.genprog4java.fitness.Fitness  - 	 gen: 1 1.0 StmtReplace(19,10) (stored at: variant83)
2825605 [main] INFO clegoues.genprog4java.fitness.Fitness  - 	 gen: 1 0.0 StmtDelete(111) (stored at: variant84)
2921924 [main] INFO clegoues.genprog4java.fitness.Fitness  - 	 gen: 1 0.0 StmtDelete(33) (stored at: variant85)
2921937 [main] ERROR clegoues.genprog4java.rep.JavaRepresentation  - org/apache/commons/math/ode/nonstiff/EmbeddedRungeKuttaIntegrator.java:218: error: variable interpolator might not have been initialized
    interpolator.storeTime(t0);
    ^
1 error

2921937 [main] INFO clegoues.genprog4java.rep.CachingRepresentation  - StmtDelete(43) at variant86 fails to compile

2921937 [main] INFO clegoues.genprog4java.fitness.Fitness  - 	 gen: 1 0.0 StmtDelete(43) (stored at: variant86)
3113958 [main] INFO clegoues.genprog4java.fitness.Fitness  - 	 gen: 1 0.0 StmtDelete(55) (stored at: variant87)
3114381 [main] INFO clegoues.genprog4java.fitness.Fitness  - 	 gen: 1 1.0 StmtAppend(51,122) (stored at: variant88)
3114883 [main] INFO clegoues.genprog4java.fitness.Fitness  - 	 gen: 1 1.0 StmtAppend(138,133) (stored at: variant89)
3115470 [main] INFO clegoues.genprog4java.fitness.Fitness  - 	 gen: 1 1.0 StmtAppend(112,63) (stored at: variant90)
3115489 [main] ERROR clegoues.genprog4java.rep.JavaRepresentation  - org/apache/commons/math/ode/nonstiff/EmbeddedRungeKuttaIntegrator.java:258: error: cannot find symbol
			double sum = a[k - 1][0] * yDotK[0][j];
			               ^
  symbol:   variable k
  location: class EmbeddedRungeKuttaIntegrator
org/apache/commons/math/ode/nonstiff/EmbeddedRungeKuttaIntegrator.java:259: error: cannot find symbol
			for (int l = 1; l < k; ++l) {
			                    ^
  symbol:   variable k
  location: class EmbeddedRungeKuttaIntegrator
org/apache/commons/math/ode/nonstiff/EmbeddedRungeKuttaIntegrator.java:260: error: cannot find symbol
				sum += a[k - 1][l] * yDotK[l][j];
				         ^
  symbol:   variable k
  location: class EmbeddedRungeKuttaIntegrator
3 errors

3115489 [main] INFO clegoues.genprog4java.rep.CachingRepresentation  - StmtReplace(74,77) at variant91 fails to compile

3115489 [main] INFO clegoues.genprog4java.fitness.Fitness  - 	 gen: 1 0.0 StmtReplace(74,77) (stored at: variant91)
3116091 [main] INFO clegoues.genprog4java.fitness.Fitness  - 	 gen: 1 1.0 StmtDelete(51) (stored at: variant92)
3116738 [main] INFO clegoues.genprog4java.fitness.Fitness  - 	 gen: 1 1.0 StmtAppend(44,44) (stored at: variant93)
3117211 [main] INFO clegoues.genprog4java.fitness.Fitness  - 	 gen: 1 0.0 StmtDelete(83) (stored at: variant94)
3117493 [main] INFO clegoues.genprog4java.fitness.Fitness  - 	 gen: 1 0.0 StmtDelete(33) (stored at: variant95)
3117509 [main] ERROR clegoues.genprog4java.rep.JavaRepresentation  - org/apache/commons/math/ode/nonstiff/EmbeddedRungeKuttaIntegrator.java:220: error: variable interpolator might not have been initialized
    interpolator.storeTime(t0);
    ^
1 error

3117509 [main] INFO clegoues.genprog4java.rep.CachingRepresentation  - StmtDelete(42) at variant96 fails to compile

3117510 [main] INFO clegoues.genprog4java.fitness.Fitness  - 	 gen: 1 0.0 StmtDelete(42) (stored at: variant96)
3118074 [main] INFO clegoues.genprog4java.fitness.Fitness  - 	 gen: 1 1.0 StmtAppend(110,10) (stored at: variant97)
3118817 [main] INFO clegoues.genprog4java.fitness.Fitness  - 	 gen: 1 0.0 StmtDelete(88) (stored at: variant98)
3118817 [main] INFO clegoues.genprog4java.Search.Search  - search: generation2
3119853 [main] INFO clegoues.genprog4java.fitness.Fitness  - 	 gen: 2 1.0 StmtAppend(91,60) StmtAppend(83,74) StmtReplace(120,9) (stored at: variant99)
3119873 [main] ERROR clegoues.genprog4java.rep.JavaRepresentation  - org/apache/commons/math/ode/nonstiff/EmbeddedRungeKuttaIntegrator.java:152: error: no suitable constructor found for AdaptiveStepsizeIntegrator(no arguments)
                                         final double[] vecRelativeTolerance) {
                                                                              ^
    constructor AdaptiveStepsizeIntegrator.AdaptiveStepsizeIntegrator(String,double,double,double,double) is not applicable
      (actual and formal argument lists differ in length)
    constructor AdaptiveStepsizeIntegrator.AdaptiveStepsizeIntegrator(String,double,double,double[],double[]) is not applicable
      (actual and formal argument lists differ in length)
1 error

3119873 [main] INFO clegoues.genprog4java.rep.CachingRepresentation  - StmtDelete(138) StmtDelete(12) at variant100 fails to compile

3119873 [main] INFO clegoues.genprog4java.fitness.Fitness  - 	 gen: 2 0.0 StmtDelete(138) StmtDelete(12) (stored at: variant100)
3119891 [main] ERROR clegoues.genprog4java.rep.JavaRepresentation  - org/apache/commons/math/ode/nonstiff/EmbeddedRungeKuttaIntegrator.java:214: error: variable interpolator might not have been initialized
    interpolator.storeTime(t0);
    ^
1 error

3119891 [main] INFO clegoues.genprog4java.rep.CachingRepresentation  - StmtDelete(138) StmtDelete(38) at variant101 fails to compile

3119891 [main] INFO clegoues.genprog4java.fitness.Fitness  - 	 gen: 2 0.0 StmtDelete(138) StmtDelete(38) (stored at: variant101)
3120753 [main] INFO clegoues.genprog4java.fitness.Fitness  - 	 gen: 2 1.0 StmtDelete(138) StmtAppend(115,25) StmtAppend(120,92) (stored at: variant102)
3120777 [main] ERROR clegoues.genprog4java.rep.JavaRepresentation  - org/apache/commons/math/ode/nonstiff/EmbeddedRungeKuttaIntegrator.java:207: error: cannot find symbol
    final double[][] yDotK = new double[stages][y0.length];
                                        ^
  symbol:   variable stages
  location: class EmbeddedRungeKuttaIntegrator
org/apache/commons/math/ode/nonstiff/EmbeddedRungeKuttaIntegrator.java:260: error: cannot find symbol
        for (int k = 1; k < stages; ++k) {
                            ^
  symbol:   variable stages
  location: class EmbeddedRungeKuttaIntegrator
org/apache/commons/math/ode/nonstiff/EmbeddedRungeKuttaIntegrator.java:277: error: cannot find symbol
          for (int l = 1; l < stages; ++l) {
                              ^
  symbol:   variable stages
  location: class EmbeddedRungeKuttaIntegrator
org/apache/commons/math/ode/nonstiff/EmbeddedRungeKuttaIntegrator.java:328: error: cannot find symbol
        System.arraycopy(yDotK[stages - 1], 0, yDotK[0], 0, y0.length);
                               ^
  symbol:   variable stages
  location: class EmbeddedRungeKuttaIntegrator
4 errors

3120777 [main] INFO clegoues.genprog4java.rep.CachingRepresentation  - StmtDelete(138) StmtDelete(31) at variant103 fails to compile

3120777 [main] INFO clegoues.genprog4java.fitness.Fitness  - 	 gen: 2 0.0 StmtDelete(138) StmtDelete(31) (stored at: variant103)
3121593 [main] INFO clegoues.genprog4java.fitness.Fitness  - 	 gen: 2 1.0 StmtAppend(34,138) StmtAppend(114,125) StmtDelete(121) (stored at: variant104)
3122158 [main] INFO clegoues.genprog4java.fitness.Fitness  - 	 gen: 2 1.0 StmtAppend(44,44) StmtReplace(20,8) (stored at: variant105)
3122177 [main] ERROR clegoues.genprog4java.rep.JavaRepresentation  - org/apache/commons/math/ode/nonstiff/EmbeddedRungeKuttaIntegrator.java:114: error: no suitable constructor found for AdaptiveStepsizeIntegrator(no arguments)
                                         final double scalRelativeTolerance) {
                                                                             ^
    constructor AdaptiveStepsizeIntegrator.AdaptiveStepsizeIntegrator(String,double,double,double,double) is not applicable
      (actual and formal argument lists differ in length)
    constructor AdaptiveStepsizeIntegrator.AdaptiveStepsizeIntegrator(String,double,double,double[],double[]) is not applicable
      (actual and formal argument lists differ in length)
org/apache/commons/math/ode/nonstiff/EmbeddedRungeKuttaIntegrator.java:117: error: call to super must be first statement in constructor
		super(name, minStep, maxStep, scalAbsoluteTolerance, scalRelativeTolerance);
		     ^
2 errors

3122178 [main] INFO clegoues.genprog4java.rep.CachingRepresentation  - StmtDelete(82) StmtAppend(1,19) at variant106 fails to compile

3122178 [main] INFO clegoues.genprog4java.fitness.Fitness  - 	 gen: 2 0.0 StmtDelete(82) StmtAppend(1,19) (stored at: variant106)
3122182 [main] INFO clegoues.genprog4java.fitness.Fitness  - 	 gen: 2 1.0 StmtAppend(78,25) StmtAppend(10,49) StmtReplace(80,142) (stored at: )
3218509 [main] INFO clegoues.genprog4java.fitness.Fitness  - 	 gen: 2 0.0 StmtAppend(78,25) StmtAppend(10,49) StmtReplace(8,10) (stored at: variant107)
3218934 [main] INFO clegoues.genprog4java.fitness.Fitness  - 	 gen: 2 1.0 StmtDelete(138) StmtAppend(71,120) (stored at: variant108)
3218948 [main] ERROR clegoues.genprog4java.rep.JavaRepresentation  - org/apache/commons/math/ode/nonstiff/EmbeddedRungeKuttaIntegrator.java:132: error: variable b might not have been initialized
  }
  ^
1 error

3218948 [main] INFO clegoues.genprog4java.rep.CachingRepresentation  - StmtAppend(51,122) StmtDelete(5) at variant109 fails to compile

3218948 [main] INFO clegoues.genprog4java.fitness.Fitness  - 	 gen: 2 0.0 StmtAppend(51,122) StmtDelete(5) (stored at: variant109)
3315258 [main] INFO clegoues.genprog4java.fitness.Fitness  - 	 gen: 2 0.0 StmtAppend(34,138) StmtAppend(114,125) StmtReplace(103,92) (stored at: variant110)
3315275 [main] ERROR clegoues.genprog4java.rep.JavaRepresentation  - org/apache/commons/math/ode/nonstiff/EmbeddedRungeKuttaIntegrator.java:169: error: variable exp might not have been initialized
  }
  ^
1 error

3315276 [main] INFO clegoues.genprog4java.rep.CachingRepresentation  - StmtAppend(34,138) StmtReplace(126,123) StmtReplace(18,29) at variant111 fails to compile

3315276 [main] INFO clegoues.genprog4java.fitness.Fitness  - 	 gen: 2 0.0 StmtAppend(34,138) StmtReplace(126,123) StmtReplace(18,29) (stored at: variant111)
3315866 [main] INFO clegoues.genprog4java.fitness.Fitness  - 	 gen: 2 1.0 StmtAppend(44,44) StmtAppend(4,133) (stored at: variant112)
3316485 [main] INFO clegoues.genprog4java.fitness.Fitness  - 	 gen: 2 1.0 StmtDelete(138) StmtDelete(20) (stored at: variant113)
3317036 [main] INFO clegoues.genprog4java.fitness.Fitness  - 	 gen: 2 0.0 StmtAppend(110,10) StmtAppend(125,28) (stored at: variant114)
3317560 [main] INFO clegoues.genprog4java.fitness.Fitness  - 	 gen: 2 1.0 StmtAppend(86,28) StmtDelete(51) StmtAppend(17,19) (stored at: variant115)
3318076 [main] INFO clegoues.genprog4java.fitness.Fitness  - 	 gen: 2 0.0 StmtAppend(34,138) StmtAppend(114,125) StmtReplace(92,27) (stored at: variant116)
3414388 [main] INFO clegoues.genprog4java.fitness.Fitness  - 	 gen: 2 0.0 StmtAppend(5,49) StmtReplace(73,123) (stored at: variant117)
3415007 [main] INFO clegoues.genprog4java.fitness.Fitness  - 	 gen: 2 1.0 StmtAppend(44,44) StmtAppend(123,27) (stored at: variant118)
3511332 [main] INFO clegoues.genprog4java.fitness.Fitness  - 	 gen: 2 0.0 StmtReplace(104,105) StmtDelete(91) StmtDelete(97) (stored at: variant119)
3512130 [main] INFO clegoues.genprog4java.fitness.Fitness  - 	 gen: 2 1.0 StmtAppend(91,60) StmtAppend(69,61) StmtAppend(44,95) (stored at: variant120)
3512148 [main] ERROR clegoues.genprog4java.rep.JavaRepresentation  - org/apache/commons/math/ode/nonstiff/EmbeddedRungeKuttaIntegrator.java:132: error: variable b might not have been initialized
  }
  ^
1 error

3512148 [main] INFO clegoues.genprog4java.rep.CachingRepresentation  - StmtAppend(110,10) StmtDelete(5) at variant121 fails to compile

3512149 [main] INFO clegoues.genprog4java.fitness.Fitness  - 	 gen: 2 0.0 StmtAppend(110,10) StmtDelete(5) (stored at: variant121)
3512706 [main] INFO clegoues.genprog4java.fitness.Fitness  - 	 gen: 2 0.0 StmtReplace(104,105) StmtDelete(91) StmtDelete(78) (stored at: variant122)
3513204 [main] INFO clegoues.genprog4java.fitness.Fitness  - 	 gen: 2 1.0 StmtAppend(126,126) StmtAppend(90,97) StmtAppend(5,138) (stored at: variant123)
3513727 [main] INFO clegoues.genprog4java.fitness.Fitness  - 	 gen: 2 1.0 StmtAppend(44,44) StmtAppend(74,94) (stored at: variant124)
3513750 [main] ERROR clegoues.genprog4java.rep.JavaRepresentation  - org/apache/commons/math/ode/nonstiff/EmbeddedRungeKuttaIntegrator.java:247: error: variable scale might not have been initialized
          hNew = initializeStep(equations, forward, getOrder(), scale,
                                                                ^
1 error

3513750 [main] INFO clegoues.genprog4java.rep.CachingRepresentation  - StmtAppend(112,63) StmtReplace(66,27) at variant125 fails to compile

3513751 [main] INFO clegoues.genprog4java.fitness.Fitness  - 	 gen: 2 0.0 StmtAppend(112,63) StmtReplace(66,27) (stored at: variant125)
3513769 [main] ERROR clegoues.genprog4java.rep.JavaRepresentation  - org/apache/commons/math/ode/nonstiff/EmbeddedRungeKuttaIntegrator.java:367: error: cannot find symbol
        hNew = filterStep(scaledH, forward, nextIsLast);
                                            ^
  symbol:   variable nextIsLast
  location: class EmbeddedRungeKuttaIntegrator
1 error

3513769 [main] INFO clegoues.genprog4java.rep.CachingRepresentation  - StmtAppend(91,60) StmtAppend(83,74) StmtAppend(130,85) at variant126 fails to compile

3513769 [main] INFO clegoues.genprog4java.fitness.Fitness  - 	 gen: 2 0.0 StmtAppend(91,60) StmtAppend(83,74) StmtAppend(130,85) (stored at: variant126)
3513793 [main] ERROR clegoues.genprog4java.rep.JavaRepresentation  - org/apache/commons/math/ode/nonstiff/EmbeddedRungeKuttaIntegrator.java:170: error: variable exp might not have been initialized
  }
  ^
1 error

3513793 [main] INFO clegoues.genprog4java.rep.CachingRepresentation  - StmtAppend(34,138) StmtAppend(114,125) StmtDelete(18) at variant127 fails to compile

3513793 [main] INFO clegoues.genprog4java.fitness.Fitness  - 	 gen: 2 0.0 StmtAppend(34,138) StmtAppend(114,125) StmtDelete(18) (stored at: variant127)
3513811 [main] ERROR clegoues.genprog4java.rep.JavaRepresentation  - org/apache/commons/math/ode/nonstiff/EmbeddedRungeKuttaIntegrator.java:256: error: variable scale might not have been initialized
          hNew = initializeStep(equations, forward, getOrder(), scale,
                                                                ^
1 error

3513811 [main] INFO clegoues.genprog4java.rep.CachingRepresentation  - StmtAppend(34,138) StmtReplace(126,123) StmtDelete(71) at variant128 fails to compile

3513811 [main] INFO clegoues.genprog4java.fitness.Fitness  - 	 gen: 2 0.0 StmtAppend(34,138) StmtReplace(126,123) StmtDelete(71) (stored at: variant128)
3513831 [main] ERROR clegoues.genprog4java.rep.JavaRepresentation  - org/apache/commons/math/ode/nonstiff/EmbeddedRungeKuttaIntegrator.java:131: error: variable b might not have been initialized
  }
  ^
1 error

3513831 [main] INFO clegoues.genprog4java.rep.CachingRepresentation  - StmtAppend(126,126) StmtAppend(90,97) StmtReplace(5,20) at variant129 fails to compile

3513831 [main] INFO clegoues.genprog4java.fitness.Fitness  - 	 gen: 2 0.0 StmtAppend(126,126) StmtAppend(90,97) StmtReplace(5,20) (stored at: variant129)
3514263 [main] INFO clegoues.genprog4java.fitness.Fitness  - 	 gen: 2 0.0 StmtDelete(138) StmtAppend(29,9) StmtDelete(28) (stored at: variant130)
3514791 [main] INFO clegoues.genprog4java.fitness.Fitness  - 	 gen: 2 1.0 StmtAppend(91,60) StmtAppend(83,74) StmtAppend(51,25) (stored at: variant131)
