0 [main] DEBUG clegoues.genprog4java.fitness.Fitness  - parsing granularity, value: class
122 [main] DEBUG clegoues.genprog4java.fitness.Fitness  - parsing granularity, value: class
#Fri Mar 05 14:23:03 CST 2021
negativeTestWeight=2.0
classSourceFolder=/home/rtx/repair/d4j/Jsoup/60b/target/classes
model=default
sampleStrategy=variant
srcClassPath=/home/rtx/repair/d4j/Jsoup/60b/target/classes
sourceVersion=1.8
popsize=40
regenPaths=false
posCoverageFile=coverage.path.pos
continue=false
edits=APPEND;DELETE;REPLACE
negCoverageFile=coverage.path.neg
workingDir=/home/rtx/repair/d4j/Jsoup/60b/
clearTestCache=false
skipFailedSanity=false
sample=0.1 
oracleGenome=
testGranularity=class
justTestingFaultLoc=false
faultLocStrategy=standardPathFile
crossp=0.5
pMutation=1
generations=10
positiveTests=/home/rtx/repair/d4j/Jsoup/60b/pos.tests
javaVM=/home/rtx/java/jdk1.8.0_271/jre/bin/java
seed=5
negativePathWeight=0.35
compileCommand=
fixStrategy=classScope
allowCoverageFail=false
targetClassName=/home/rtx/repair/d4j/Jsoup/60b/bugfiles.txt
javaRuntime=java.lang.Runtime@6576fe71
classTestFolder=
modelPath=OVERALLModel.txt
sanity=yes
positivePathWeight=0.65
jacocoPath=/home/rtx/eclipse-workspace/genprog4java/lib/jacocoagent.jar
negativeTests=/home/rtx/repair/d4j/Jsoup/60b/neg.tests
pathToFileHumanInjectedFaultLoc=fileHumanInjectedFaultLoc.txt
outputDir=/home/rtx/repair/d4j/Jsoup/60b/genprog4java/variantSeed5/
testClassPath=/home/rtx/repair/defects4j/framework/projects/Jsoup/lib/junit/junit/4.12/junit-4.12.jar\:/home/rtx/repair/defects4j/framework/projects/Jsoup/lib/org/hamcrest/hamcrest-core/1.3/hamcrest-core-1.3.jar\:/home/rtx/repair/defects4j/framework/projects/Jsoup/lib/com/google/code/gson/gson/2.7/gson-2.7.jar\:/home/rtx/repair/d4j/Jsoup/60b/target/classes\:/home/rtx/repair/d4j/Jsoup/60b/target/test-classes\:/home/rtx/repair/defects4j/framework/projects/lib/junit-4.11.jar\:/home/rtx/repair/defects4j/framework/projects/Jsoup/lib/commons-lang/commons-lang/2.4/commons-lang-2.4.jar\:/home/rtx/repair/defects4j/framework/projects/Jsoup/lib/javax/servlet/javax.servlet-api/3.1.0/javax.servlet-api-3.1.0.jar\:/home/rtx/repair/defects4j/framework/projects/Jsoup/lib/junit/junit/4.5/junit-4.5.jar\:/home/rtx/repair/defects4j/framework/projects/Jsoup/lib/lib/com/google/code/gson/gson/2.7/gson-2.7.jar\:/home/rtx/repair/defects4j/framework/projects/Jsoup/lib/lib/commons-lang/commons-lang/2.4/commons-lang-2.4.jar\:/home/rtx/repair/defects4j/framework/projects/Jsoup/lib/lib/javax/servlet/javax.servlet-api/3.1.0/javax.servlet-api-3.1.0.jar\:/home/rtx/repair/defects4j/framework/projects/Jsoup/lib/lib/junit/junit/4.12/junit-4.12.jar\:/home/rtx/repair/defects4j/framework/projects/Jsoup/lib/lib/junit/junit/4.5/junit-4.5.jar\:/home/rtx/repair/defects4j/framework/projects/Jsoup/lib/lib/org/eclipse/jetty/jetty-http/9.2.22.v20170606/jetty-http-9.2.22.v20170606.jar\:/home/rtx/repair/defects4j/framework/projects/Jsoup/lib/lib/org/eclipse/jetty/jetty-http/9.2.26.v20180806/jetty-http-9.2.26.v20180806.jar\:/home/rtx/repair/defects4j/framework/projects/Jsoup/lib/lib/org/eclipse/jetty/jetty-http/9.2.28.v20190418/jetty-http-9.2.28.v20190418.jar\:/home/rtx/repair/defects4j/framework/projects/Jsoup/lib/lib/org/eclipse/jetty/jetty-io/9.2.22.v20170606/jetty-io-9.2.22.v20170606.jar\:/home/rtx/repair/defects4j/framework/projects/Jsoup/lib/lib/org/eclipse/jetty/jetty-io/9.2.26.v20180806/jetty-io-9.2.26.v20180806.jar\:/home/rtx/repair/defects4j/framework/projects/Jsoup/lib/lib/org/eclipse/jetty/jetty-io/9.2.28.v20190418/jetty-io-9.2.28.v20190418.jar\:/home/rtx/repair/defects4j/framework/projects/Jsoup/lib/lib/org/eclipse/jetty/jetty-security/9.2.22.v20170606/jetty-security-9.2.22.v20170606.jar\:/home/rtx/repair/defects4j/framework/projects/Jsoup/lib/lib/org/eclipse/jetty/jetty-security/9.2.26.v20180806/jetty-security-9.2.26.v20180806.jar\:/home/rtx/repair/defects4j/framework/projects/Jsoup/lib/lib/org/eclipse/jetty/jetty-security/9.2.28.v20190418/jetty-security-9.2.28.v20190418.jar\:/home/rtx/repair/defects4j/framework/projects/Jsoup/lib/lib/org/eclipse/jetty/jetty-server/9.2.22.v20170606/jetty-server-9.2.22.v20170606.jar\:/home/rtx/repair/defects4j/framework/projects/Jsoup/lib/lib/org/eclipse/jetty/jetty-server/9.2.26.v20180806/jetty-server-9.2.26.v20180806.jar\:/home/rtx/repair/defects4j/framework/projects/Jsoup/lib/lib/org/eclipse/jetty/jetty-server/9.2.28.v20190418/jetty-server-9.2.28.v20190418.jar\:/home/rtx/repair/defects4j/framework/projects/Jsoup/lib/lib/org/eclipse/jetty/jetty-servlet/9.2.22.v20170606/jetty-servlet-9.2.22.v20170606.jar\:/home/rtx/repair/defects4j/framework/projects/Jsoup/lib/lib/org/eclipse/jetty/jetty-servlet/9.2.26.v20180806/jetty-servlet-9.2.26.v20180806.jar\:/home/rtx/repair/defects4j/framework/projects/Jsoup/lib/lib/org/eclipse/jetty/jetty-servlet/9.2.28.v20190418/jetty-servlet-9.2.28.v20190418.jar\:/home/rtx/repair/defects4j/framework/projects/Jsoup/lib/lib/org/eclipse/jetty/jetty-util/9.2.22.v20170606/jetty-util-9.2.22.v20170606.jar\:/home/rtx/repair/defects4j/framework/projects/Jsoup/lib/lib/org/eclipse/jetty/jetty-util/9.2.26.v20180806/jetty-util-9.2.26.v20180806.jar\:/home/rtx/repair/defects4j/framework/projects/Jsoup/lib/lib/org/eclipse/jetty/jetty-util/9.2.28.v20190418/jetty-util-9.2.28.v20190418.jar\:/home/rtx/repair/defects4j/framework/projects/Jsoup/lib/lib/org/hamcrest/hamcrest-core/1.3/hamcrest-core-1.3.jar\:/home/rtx/repair/defects4j/framework/projects/Jsoup/lib/org/eclipse/jetty/jetty-http/9.2.22.v20170606/jetty-http-9.2.22.v20170606.jar\:/home/rtx/repair/defects4j/framework/projects/Jsoup/lib/org/eclipse/jetty/jetty-http/9.2.26.v20180806/jetty-http-9.2.26.v20180806.jar\:/home/rtx/repair/defects4j/framework/projects/Jsoup/lib/org/eclipse/jetty/jetty-http/9.2.28.v20190418/jetty-http-9.2.28.v20190418.jar\:/home/rtx/repair/defects4j/framework/projects/Jsoup/lib/org/eclipse/jetty/jetty-io/9.2.22.v20170606/jetty-io-9.2.22.v20170606.jar\:/home/rtx/repair/defects4j/framework/projects/Jsoup/lib/org/eclipse/jetty/jetty-io/9.2.26.v20180806/jetty-io-9.2.26.v20180806.jar\:/home/rtx/repair/defects4j/framework/projects/Jsoup/lib/org/eclipse/jetty/jetty-io/9.2.28.v20190418/jetty-io-9.2.28.v20190418.jar\:/home/rtx/repair/defects4j/framework/projects/Jsoup/lib/org/eclipse/jetty/jetty-security/9.2.22.v20170606/jetty-security-9.2.22.v20170606.jar\:/home/rtx/repair/defects4j/framework/projects/Jsoup/lib/org/eclipse/jetty/jetty-security/9.2.26.v20180806/jetty-security-9.2.26.v20180806.jar\:/home/rtx/repair/defects4j/framework/projects/Jsoup/lib/org/eclipse/jetty/jetty-security/9.2.28.v20190418/jetty-security-9.2.28.v20190418.jar\:/home/rtx/repair/defects4j/framework/projects/Jsoup/lib/org/eclipse/jetty/jetty-server/9.2.22.v20170606/jetty-server-9.2.22.v20170606.jar\:/home/rtx/repair/defects4j/framework/projects/Jsoup/lib/org/eclipse/jetty/jetty-server/9.2.26.v20180806/jetty-server-9.2.26.v20180806.jar\:/home/rtx/repair/defects4j/framework/projects/Jsoup/lib/org/eclipse/jetty/jetty-server/9.2.28.v20190418/jetty-server-9.2.28.v20190418.jar\:/home/rtx/repair/defects4j/framework/projects/Jsoup/lib/org/eclipse/jetty/jetty-servlet/9.2.22.v20170606/jetty-servlet-9.2.22.v20170606.jar\:/home/rtx/repair/defects4j/framework/projects/Jsoup/lib/org/eclipse/jetty/jetty-servlet/9.2.26.v20180806/jetty-servlet-9.2.26.v20180806.jar\:/home/rtx/repair/defects4j/framework/projects/Jsoup/lib/org/eclipse/jetty/jetty-servlet/9.2.28.v20190418/jetty-servlet-9.2.28.v20190418.jar\:/home/rtx/repair/defects4j/framework/projects/Jsoup/lib/org/eclipse/jetty/jetty-util/9.2.22.v20170606/jetty-util-9.2.22.v20170606.jar\:/home/rtx/repair/defects4j/framework/projects/Jsoup/lib/org/eclipse/jetty/jetty-util/9.2.26.v20180806/jetty-util-9.2.26.v20180806.jar\:/home/rtx/repair/defects4j/framework/projects/Jsoup/lib/org/eclipse/jetty/jetty-util/9.2.28.v20190418/jetty-util-9.2.28.v20190418.jar
faultStrategy=classScope
sourceDir=src/main/java
checkSpace=false
search=gp
globalExtension=.java
faultSpaceSubSet=1/5
maxVariants=50
libs=/home/rtx/eclipse-workspace/genprog4java/lib/junittestrunner.jar\:/home/rtx/eclipse-workspace/genprog4java/lib/commons-cli-20040117.000000.jar\:/home/rtx/eclipse-workspace/genprog4java/lib/junit-4.12.jar\:/home/rtx/eclipse-workspace/genprog4java/lib/hamcrest-core-1.3.jar\:/home/rtx/eclipse-workspace/genprog4java/lib/log4j-1.2.17.jar\:/home/rtx/repair/defects4j/framework/projects/Jsoup/lib/junit/junit/4.12/junit-4.12.jar\:/home/rtx/repair/defects4j/framework/projects/Jsoup/lib/org/hamcrest/hamcrest-core/1.3/hamcrest-core-1.3.jar\:/home/rtx/repair/defects4j/framework/projects/Jsoup/lib/com/google/code/gson/gson/2.7/gson-2.7.jar\:/home/rtx/repair/d4j/Jsoup/60b/target/classes\:/home/rtx/repair/d4j/Jsoup/60b/target/test-classes\:/home/rtx/repair/defects4j/framework/projects/lib/junit-4.11.jar\:/home/rtx/repair/defects4j/framework/projects/Jsoup/lib/commons-lang/commons-lang/2.4/commons-lang-2.4.jar\:/home/rtx/repair/defects4j/framework/projects/Jsoup/lib/javax/servlet/javax.servlet-api/3.1.0/javax.servlet-api-3.1.0.jar\:/home/rtx/repair/defects4j/framework/projects/Jsoup/lib/junit/junit/4.5/junit-4.5.jar\:/home/rtx/repair/defects4j/framework/projects/Jsoup/lib/lib/com/google/code/gson/gson/2.7/gson-2.7.jar\:/home/rtx/repair/defects4j/framework/projects/Jsoup/lib/lib/commons-lang/commons-lang/2.4/commons-lang-2.4.jar\:/home/rtx/repair/defects4j/framework/projects/Jsoup/lib/lib/javax/servlet/javax.servlet-api/3.1.0/javax.servlet-api-3.1.0.jar\:/home/rtx/repair/defects4j/framework/projects/Jsoup/lib/lib/junit/junit/4.12/junit-4.12.jar\:/home/rtx/repair/defects4j/framework/projects/Jsoup/lib/lib/junit/junit/4.5/junit-4.5.jar\:/home/rtx/repair/defects4j/framework/projects/Jsoup/lib/lib/org/eclipse/jetty/jetty-http/9.2.22.v20170606/jetty-http-9.2.22.v20170606.jar\:/home/rtx/repair/defects4j/framework/projects/Jsoup/lib/lib/org/eclipse/jetty/jetty-http/9.2.26.v20180806/jetty-http-9.2.26.v20180806.jar\:/home/rtx/repair/defects4j/framework/projects/Jsoup/lib/lib/org/eclipse/jetty/jetty-http/9.2.28.v20190418/jetty-http-9.2.28.v20190418.jar\:/home/rtx/repair/defects4j/framework/projects/Jsoup/lib/lib/org/eclipse/jetty/jetty-io/9.2.22.v20170606/jetty-io-9.2.22.v20170606.jar\:/home/rtx/repair/defects4j/framework/projects/Jsoup/lib/lib/org/eclipse/jetty/jetty-io/9.2.26.v20180806/jetty-io-9.2.26.v20180806.jar\:/home/rtx/repair/defects4j/framework/projects/Jsoup/lib/lib/org/eclipse/jetty/jetty-io/9.2.28.v20190418/jetty-io-9.2.28.v20190418.jar\:/home/rtx/repair/defects4j/framework/projects/Jsoup/lib/lib/org/eclipse/jetty/jetty-security/9.2.22.v20170606/jetty-security-9.2.22.v20170606.jar\:/home/rtx/repair/defects4j/framework/projects/Jsoup/lib/lib/org/eclipse/jetty/jetty-security/9.2.26.v20180806/jetty-security-9.2.26.v20180806.jar\:/home/rtx/repair/defects4j/framework/projects/Jsoup/lib/lib/org/eclipse/jetty/jetty-security/9.2.28.v20190418/jetty-security-9.2.28.v20190418.jar\:/home/rtx/repair/defects4j/framework/projects/Jsoup/lib/lib/org/eclipse/jetty/jetty-server/9.2.22.v20170606/jetty-server-9.2.22.v20170606.jar\:/home/rtx/repair/defects4j/framework/projects/Jsoup/lib/lib/org/eclipse/jetty/jetty-server/9.2.26.v20180806/jetty-server-9.2.26.v20180806.jar\:/home/rtx/repair/defects4j/framework/projects/Jsoup/lib/lib/org/eclipse/jetty/jetty-server/9.2.28.v20190418/jetty-server-9.2.28.v20190418.jar\:/home/rtx/repair/defects4j/framework/projects/Jsoup/lib/lib/org/eclipse/jetty/jetty-servlet/9.2.22.v20170606/jetty-servlet-9.2.22.v20170606.jar\:/home/rtx/repair/defects4j/framework/projects/Jsoup/lib/lib/org/eclipse/jetty/jetty-servlet/9.2.26.v20180806/jetty-servlet-9.2.26.v20180806.jar\:/home/rtx/repair/defects4j/framework/projects/Jsoup/lib/lib/org/eclipse/jetty/jetty-servlet/9.2.28.v20190418/jetty-servlet-9.2.28.v20190418.jar\:/home/rtx/repair/defects4j/framework/projects/Jsoup/lib/lib/org/eclipse/jetty/jetty-util/9.2.22.v20170606/jetty-util-9.2.22.v20170606.jar\:/home/rtx/repair/defects4j/framework/projects/Jsoup/lib/lib/org/eclipse/jetty/jetty-util/9.2.26.v20180806/jetty-util-9.2.26.v20180806.jar\:/home/rtx/repair/defects4j/framework/projects/Jsoup/lib/lib/org/eclipse/jetty/jetty-util/9.2.28.v20190418/jetty-util-9.2.28.v20190418.jar\:/home/rtx/repair/defects4j/framework/projects/Jsoup/lib/lib/org/hamcrest/hamcrest-core/1.3/hamcrest-core-1.3.jar\:/home/rtx/repair/defects4j/framework/projects/Jsoup/lib/org/eclipse/jetty/jetty-http/9.2.22.v20170606/jetty-http-9.2.22.v20170606.jar\:/home/rtx/repair/defects4j/framework/projects/Jsoup/lib/org/eclipse/jetty/jetty-http/9.2.26.v20180806/jetty-http-9.2.26.v20180806.jar\:/home/rtx/repair/defects4j/framework/projects/Jsoup/lib/org/eclipse/jetty/jetty-http/9.2.28.v20190418/jetty-http-9.2.28.v20190418.jar\:/home/rtx/repair/defects4j/framework/projects/Jsoup/lib/org/eclipse/jetty/jetty-io/9.2.22.v20170606/jetty-io-9.2.22.v20170606.jar\:/home/rtx/repair/defects4j/framework/projects/Jsoup/lib/org/eclipse/jetty/jetty-io/9.2.26.v20180806/jetty-io-9.2.26.v20180806.jar\:/home/rtx/repair/defects4j/framework/projects/Jsoup/lib/org/eclipse/jetty/jetty-io/9.2.28.v20190418/jetty-io-9.2.28.v20190418.jar\:/home/rtx/repair/defects4j/framework/projects/Jsoup/lib/org/eclipse/jetty/jetty-security/9.2.22.v20170606/jetty-security-9.2.22.v20170606.jar\:/home/rtx/repair/defects4j/framework/projects/Jsoup/lib/org/eclipse/jetty/jetty-security/9.2.26.v20180806/jetty-security-9.2.26.v20180806.jar\:/home/rtx/repair/defects4j/framework/projects/Jsoup/lib/org/eclipse/jetty/jetty-security/9.2.28.v20190418/jetty-security-9.2.28.v20190418.jar\:/home/rtx/repair/defects4j/framework/projects/Jsoup/lib/org/eclipse/jetty/jetty-server/9.2.22.v20170606/jetty-server-9.2.22.v20170606.jar\:/home/rtx/repair/defects4j/framework/projects/Jsoup/lib/org/eclipse/jetty/jetty-server/9.2.26.v20180806/jetty-server-9.2.26.v20180806.jar\:/home/rtx/repair/defects4j/framework/projects/Jsoup/lib/org/eclipse/jetty/jetty-server/9.2.28.v20190418/jetty-server-9.2.28.v20190418.jar\:/home/rtx/repair/defects4j/framework/projects/Jsoup/lib/org/eclipse/jetty/jetty-servlet/9.2.22.v20170606/jetty-servlet-9.2.22.v20170606.jar\:/home/rtx/repair/defects4j/framework/projects/Jsoup/lib/org/eclipse/jetty/jetty-servlet/9.2.26.v20180806/jetty-servlet-9.2.26.v20180806.jar\:/home/rtx/repair/defects4j/framework/projects/Jsoup/lib/org/eclipse/jetty/jetty-servlet/9.2.28.v20190418/jetty-servlet-9.2.28.v20190418.jar\:/home/rtx/repair/defects4j/framework/projects/Jsoup/lib/org/eclipse/jetty/jetty-util/9.2.22.v20170606/jetty-util-9.2.22.v20170606.jar\:/home/rtx/repair/defects4j/framework/projects/Jsoup/lib/org/eclipse/jetty/jetty-util/9.2.26.v20180806/jetty-util-9.2.26.v20180806.jar\:/home/rtx/repair/defects4j/framework/projects/Jsoup/lib/org/eclipse/jetty/jetty-util/9.2.28.v20190418/jetty-util-9.2.28.v20190418.jar\:/home/rtx/repair/d4j/Jsoup/60b/target/classes
crossover=onepoint
602 [main] INFO clegoues.genprog4java.main.Main  - Configuration file loaded
41281 [main] INFO clegoues.genprog4java.rep.CachingRepresentation  - loaded from source clegoues.genprog4java.java.ClassInfo@b72addd9
58890 [main] INFO clegoues.genprog4java.rep.CachingRepresentation  - loaded from source clegoues.genprog4java.java.ClassInfo@124969f9
58890 [main] INFO clegoues.genprog4java.rep.CachingRepresentation  - sanity checking begins
59801 [main] INFO clegoues.genprog4java.rep.CachingRepresentation  - Checking test number 1 out of 17
60270 [main] INFO clegoues.genprog4java.rep.CachingRepresentation  - true (1)

60270 [main] INFO clegoues.genprog4java.rep.CachingRepresentation  - Checking test number 2 out of 17
60499 [main] INFO clegoues.genprog4java.rep.CachingRepresentation  - true (1)

60499 [main] INFO clegoues.genprog4java.rep.CachingRepresentation  - Checking test number 3 out of 17
61024 [main] INFO clegoues.genprog4java.rep.CachingRepresentation  - true (1)

61025 [main] INFO clegoues.genprog4java.rep.CachingRepresentation  - Checking test number 4 out of 17
61517 [main] INFO clegoues.genprog4java.rep.CachingRepresentation  - true (1)

61517 [main] INFO clegoues.genprog4java.rep.CachingRepresentation  - Checking test number 5 out of 17
61948 [main] INFO clegoues.genprog4java.rep.CachingRepresentation  - true (1)

61948 [main] INFO clegoues.genprog4java.rep.CachingRepresentation  - Checking test number 6 out of 17
62320 [main] INFO clegoues.genprog4java.rep.CachingRepresentation  - true (1)

62320 [main] INFO clegoues.genprog4java.rep.CachingRepresentation  - Checking test number 7 out of 17
62609 [main] INFO clegoues.genprog4java.rep.CachingRepresentation  - true (1)

62610 [main] INFO clegoues.genprog4java.rep.CachingRepresentation  - Checking test number 8 out of 17
62952 [main] INFO clegoues.genprog4java.rep.CachingRepresentation  - true (1)

62952 [main] INFO clegoues.genprog4java.rep.CachingRepresentation  - Checking test number 9 out of 17
63281 [main] INFO clegoues.genprog4java.rep.CachingRepresentation  - true (1)

63281 [main] INFO clegoues.genprog4java.rep.CachingRepresentation  - Checking test number 10 out of 17
63598 [main] INFO clegoues.genprog4java.rep.CachingRepresentation  - true (1)

63598 [main] INFO clegoues.genprog4java.rep.CachingRepresentation  - Checking test number 11 out of 17
63873 [main] INFO clegoues.genprog4java.rep.CachingRepresentation  - true (1)

63873 [main] INFO clegoues.genprog4java.rep.CachingRepresentation  - Checking test number 12 out of 17
64575 [main] INFO clegoues.genprog4java.rep.CachingRepresentation  - true (1)

64575 [main] INFO clegoues.genprog4java.rep.CachingRepresentation  - Checking test number 13 out of 17
64817 [main] INFO clegoues.genprog4java.rep.CachingRepresentation  - true (1)

64817 [main] INFO clegoues.genprog4java.rep.CachingRepresentation  - Checking test number 14 out of 17
65141 [main] INFO clegoues.genprog4java.rep.CachingRepresentation  - true (1)

65141 [main] INFO clegoues.genprog4java.rep.CachingRepresentation  - Checking test number 15 out of 17
65521 [main] INFO clegoues.genprog4java.rep.CachingRepresentation  - true (1)

65521 [main] INFO clegoues.genprog4java.rep.CachingRepresentation  - Checking test number 16 out of 17
65939 [main] INFO clegoues.genprog4java.rep.CachingRepresentation  - true (1)

65939 [main] INFO clegoues.genprog4java.rep.CachingRepresentation  - Checking test number 17 out of 17
66306 [main] INFO clegoues.genprog4java.rep.CachingRepresentation  - true (1)

66307 [main] INFO clegoues.genprog4java.rep.CachingRepresentation  - 	n1: 
66537 [main] INFO clegoues.genprog4java.rep.CachingRepresentation  - false (0)

66537 [main] INFO clegoues.genprog4java.rep.CachingRepresentation  - 	n2: 
66757 [main] INFO clegoues.genprog4java.rep.CachingRepresentation  - false (0)

66757 [main] INFO clegoues.genprog4java.rep.CachingRepresentation  - sanity checking completed (time taken = 7867)
66757 [main] INFO clegoues.genprog4java.localization.DefaultLocalization  - Start Fault Localization
66812 [main] INFO clegoues.genprog4java.localization.DefaultLocalization  - Finish Fault Localization
66812 [main] INFO clegoues.genprog4java.Search.Search  - search: genetic algorithm begins

68301 [main] INFO clegoues.genprog4java.fitness.Fitness  - 	 gen: 0 2.0 original (stored at: variant0)
69388 [main] INFO clegoues.genprog4java.fitness.Fitness  - 	 gen: 0 2.0 StmtAppend(313,401) (stored at: variant1)
70287 [main] INFO clegoues.genprog4java.fitness.Fitness  - 	 gen: 0 2.0 StmtDelete(202) (stored at: variant2)
71258 [main] INFO clegoues.genprog4java.fitness.Fitness  - 	 gen: 0 0.0 StmtReplace(117,87) (stored at: variant3)
72355 [main] INFO clegoues.genprog4java.fitness.Fitness  - 	 gen: 0 2.0 StmtReplace(393,279) (stored at: variant4)
72434 [main] ERROR clegoues.genprog4java.rep.JavaRepresentation  - org/jsoup/select/QueryParser.java:309: error: variable b might not have been initialized
				evals.add(new Evaluator.IsNthLastOfType(a, b));
				                                           ^
org/jsoup/select/QueryParser.java:311: error: variable b might not have been initialized
				evals.add(new Evaluator.IsNthOfType(a, b));
				                                       ^
org/jsoup/select/QueryParser.java:314: error: variable b might not have been initialized
				evals.add(new Evaluator.IsNthLastChild(a, b));
				                                          ^
org/jsoup/select/QueryParser.java:316: error: variable b might not have been initialized
				evals.add(new Evaluator.IsNthChild(a, b));
				                                      ^
4 errors

72435 [main] INFO clegoues.genprog4java.rep.CachingRepresentation  - StmtDelete(377) at variant5 fails to compile

72435 [main] INFO clegoues.genprog4java.fitness.Fitness  - 	 gen: 0 0.0 StmtDelete(377) (stored at: variant5)
72523 [main] ERROR clegoues.genprog4java.rep.JavaRepresentation  - org/jsoup/select/QueryParser.java:368: error: cannot find symbol
        Validate.notEmpty(subQuery, ":not(selector) subselect must not be empty");
                          ^
  symbol:   variable subQuery
  location: class QueryParser
org/jsoup/select/QueryParser.java:370: error: cannot find symbol
        evals.add(new StructuralEvaluator.Not(parse(subQuery)));
                                                    ^
  symbol:   variable subQuery
  location: class QueryParser
2 errors

72524 [main] INFO clegoues.genprog4java.rep.CachingRepresentation  - StmtReplace(426,287) at variant6 fails to compile

72524 [main] INFO clegoues.genprog4java.fitness.Fitness  - 	 gen: 0 0.0 StmtReplace(426,287) (stored at: variant6)
78262 [main] INFO clegoues.genprog4java.fitness.Fitness  - 	 gen: 0 1.0 StmtDelete(105) (stored at: variant7)
79158 [main] INFO clegoues.genprog4java.fitness.Fitness  - 	 gen: 0 0.0 StmtAppend(37,50) (stored at: variant8)
367249 [main] INFO clegoues.genprog4java.fitness.Fitness  - 	 gen: 0 0.0 StmtDelete(197) (stored at: variant9)
368389 [main] INFO clegoues.genprog4java.fitness.Fitness  - 	 gen: 0 2.0 StmtDelete(55) (stored at: variant10)
368467 [main] ERROR clegoues.genprog4java.rep.JavaRepresentation  - org/jsoup/parser/TokenQueue.java:229: error: incompatible types: char cannot be converted to String
				return queue.charAt(pos++);
				                   ^
1 error

368468 [main] INFO clegoues.genprog4java.rep.CachingRepresentation  - StmtAppend(86,48) at variant11 fails to compile

368468 [main] INFO clegoues.genprog4java.fitness.Fitness  - 	 gen: 0 0.0 StmtAppend(86,48) (stored at: variant11)
368533 [main] ERROR clegoues.genprog4java.rep.JavaRepresentation  - org/jsoup/parser/TokenQueue.java:282: error: cannot find symbol
                    if (start == -1)
                        ^
  symbol:   variable start
  location: class TokenQueue
org/jsoup/parser/TokenQueue.java:283: error: cannot find symbol
                        start = pos;
                        ^
  symbol:   variable start
  location: class TokenQueue
org/jsoup/parser/TokenQueue.java:293: error: cannot find symbol
        final String out = (end >= 0) ? queue.substring(start, end) : "";
                                                        ^
  symbol:   variable start
  location: class TokenQueue
3 errors

368533 [main] INFO clegoues.genprog4java.rep.CachingRepresentation  - StmtAppend(99,64) at variant12 fails to compile

368533 [main] INFO clegoues.genprog4java.fitness.Fitness  - 	 gen: 0 0.0 StmtAppend(99,64) (stored at: variant12)
368603 [main] ERROR clegoues.genprog4java.rep.JavaRepresentation  - org/jsoup/select/QueryParser.java:135: error: incompatible types: Evaluator cannot be converted to String
				return evals.get(0);
				                ^
1 error

368604 [main] INFO clegoues.genprog4java.rep.CachingRepresentation  - StmtReplace(255,202) at variant13 fails to compile

368604 [main] INFO clegoues.genprog4java.fitness.Fitness  - 	 gen: 0 0.0 StmtReplace(255,202) (stored at: variant13)
369802 [main] INFO clegoues.genprog4java.fitness.Fitness  - 	 gen: 0 0.0 StmtAppend(282,272) (stored at: variant14)
370802 [main] INFO clegoues.genprog4java.fitness.Fitness  - 	 gen: 0 1.0 StmtDelete(428) (stored at: variant15)
370858 [main] ERROR clegoues.genprog4java.rep.JavaRepresentation  - org/jsoup/select/QueryParser.java:289: error: cannot find symbol
		Matcher mAB = NTH_AB.matcher(argS);
		                             ^
  symbol:   variable argS
  location: class QueryParser
org/jsoup/select/QueryParser.java:290: error: cannot find symbol
		Matcher mB = NTH_B.matcher(argS);
		                           ^
  symbol:   variable argS
  location: class QueryParser
org/jsoup/select/QueryParser.java:292: error: cannot find symbol
		if ("odd".equals(argS)) {
		                 ^
  symbol:   variable argS
  location: class QueryParser
org/jsoup/select/QueryParser.java:295: error: cannot find symbol
		} else if ("even".equals(argS)) {
		                         ^
  symbol:   variable argS
  location: class QueryParser
org/jsoup/select/QueryParser.java:305: error: cannot find symbol
			throw new Selector.SelectorParseException("Could not parse nth-index '%s': unexpected format", argS);
			                                                                                               ^
  symbol:   variable argS
  location: class QueryParser
5 errors

370858 [main] INFO clegoues.genprog4java.rep.CachingRepresentation  - StmtDelete(366) at variant16 fails to compile

370858 [main] INFO clegoues.genprog4java.fitness.Fitness  - 	 gen: 0 0.0 StmtDelete(366) (stored at: variant16)
372016 [main] INFO clegoues.genprog4java.fitness.Fitness  - 	 gen: 0 2.0 StmtAppend(358,177) (stored at: variant17)
372940 [main] INFO clegoues.genprog4java.fitness.Fitness  - 	 gen: 0 2.0 StmtReplace(78,45) (stored at: variant18)
373915 [main] INFO clegoues.genprog4java.fitness.Fitness  - 	 gen: 0 2.0 StmtDelete(403) (stored at: variant19)
375022 [main] INFO clegoues.genprog4java.fitness.Fitness  - 	 gen: 0 2.0 StmtAppend(252,281) (stored at: variant20)
376915 [main] INFO clegoues.genprog4java.fitness.Fitness  - 	 gen: 0 0.0 StmtDelete(123) (stored at: variant21)
376988 [main] ERROR clegoues.genprog4java.rep.JavaRepresentation  - org/jsoup/select/QueryParser.java:146: error: incompatible types: unexpected return value
				return remainder();
				                ^
org/jsoup/select/QueryParser.java:146: error: cannot find symbol
				return remainder();
				       ^
  symbol:   method remainder()
  location: class QueryParser
2 errors

376988 [main] INFO clegoues.genprog4java.rep.CachingRepresentation  - StmtAppend(261,64) at variant22 fails to compile

376989 [main] INFO clegoues.genprog4java.fitness.Fitness  - 	 gen: 0 0.0 StmtAppend(261,64) (stored at: variant22)
378297 [main] INFO clegoues.genprog4java.fitness.Fitness  - 	 gen: 0 0.0 StmtReplace(332,190) (stored at: variant23)
378371 [main] ERROR clegoues.genprog4java.rep.JavaRepresentation  - org/jsoup/parser/TokenQueue.java:123: error: incompatible types: boolean cannot be converted to String
			matches(false);
			        ^
Note: Some messages have been simplified; recompile with -Xdiags:verbose to get full output
1 error

378371 [main] INFO clegoues.genprog4java.rep.CachingRepresentation  - StmtReplace(39,285) at variant24 fails to compile

378371 [main] INFO clegoues.genprog4java.fitness.Fitness  - 	 gen: 0 0.0 StmtReplace(39,285) (stored at: variant24)
378485 [main] ERROR clegoues.genprog4java.rep.JavaRepresentation  - org/jsoup/select/QueryParser.java:239: error: cannot find symbol
        String key = cq.consumeToAny(AttributeEvals); // eq, not, start, end, contain, match, (no val)
                     ^
  symbol:   variable cq
  location: class QueryParser
org/jsoup/select/QueryParser.java:241: error: cannot find symbol
        cq.consumeWhitespace();
        ^
  symbol:   variable cq
  location: class QueryParser
org/jsoup/select/QueryParser.java:243: error: cannot find symbol
        if (cq.isEmpty()) {
            ^
  symbol:   variable cq
  location: class QueryParser
org/jsoup/select/QueryParser.java:249: error: cannot find symbol
            if (cq.matchChomp("="))
                ^
  symbol:   variable cq
  location: class QueryParser
org/jsoup/select/QueryParser.java:250: error: cannot find symbol
                evals.add(new Evaluator.AttributeWithValue(key, cq.remainder()));
                                                                ^
  symbol:   variable cq
  location: class QueryParser
org/jsoup/select/QueryParser.java:252: error: cannot find symbol
            else if (cq.matchChomp("!="))
                     ^
  symbol:   variable cq
  location: class QueryParser
org/jsoup/select/QueryParser.java:253: error: cannot find symbol
                evals.add(new Evaluator.AttributeWithValueNot(key, cq.remainder()));
                                                                   ^
  symbol:   variable cq
  location: class QueryParser
org/jsoup/select/QueryParser.java:255: error: cannot find symbol
            else if (cq.matchChomp("^="))
                     ^
  symbol:   variable cq
  location: class QueryParser
org/jsoup/select/QueryParser.java:256: error: cannot find symbol
                evals.add(new Evaluator.AttributeWithValueStarting(key, cq.remainder()));
                                                                        ^
  symbol:   variable cq
  location: class QueryParser
org/jsoup/select/QueryParser.java:258: error: cannot find symbol
            else if (cq.matchChomp("$="))
                     ^
  symbol:   variable cq
  location: class QueryParser
org/jsoup/select/QueryParser.java:259: error: cannot find symbol
                evals.add(new Evaluator.AttributeWithValueEnding(key, cq.remainder()));
                                                                      ^
  symbol:   variable cq
  location: class QueryParser
org/jsoup/select/QueryParser.java:261: error: cannot find symbol
            else if (cq.matchChomp("*="))
                     ^
  symbol:   variable cq
  location: class QueryParser
org/jsoup/select/QueryParser.java:262: error: cannot find symbol
                evals.add(new Evaluator.AttributeWithValueContaining(key, cq.remainder()));
                                                                          ^
  symbol:   variable cq
  location: class QueryParser
org/jsoup/select/QueryParser.java:264: error: cannot find symbol
            else if (cq.matchChomp("~="))
                     ^
  symbol:   variable cq
  location: class QueryParser
org/jsoup/select/QueryParser.java:265: error: cannot find symbol
                evals.add(new Evaluator.AttributeWithValueMatching(key, Pattern.compile(cq.remainder())));
                                                                                        ^
  symbol:   variable cq
  location: class QueryParser
org/jsoup/select/QueryParser.java:267: error: cannot find symbol
                throw new Selector.SelectorParseException("Could not parse attribute query '%s': unexpected token at '%s'", query, cq.remainder());
                                                                                                                                   ^
  symbol:   variable cq
  location: class QueryParser
16 errors

378485 [main] INFO clegoues.genprog4java.rep.CachingRepresentation  - StmtAppend(334,177) at variant25 fails to compile

378486 [main] INFO clegoues.genprog4java.fitness.Fitness  - 	 gen: 0 0.0 StmtAppend(334,177) (stored at: variant25)
379562 [main] INFO clegoues.genprog4java.fitness.Fitness  - 	 gen: 0 2.0 StmtAppend(29,80) (stored at: variant26)
380679 [main] INFO clegoues.genprog4java.fitness.Fitness  - 	 gen: 0 2.0 StmtReplace(71,73) (stored at: variant27)
381773 [main] INFO clegoues.genprog4java.fitness.Fitness  - 	 gen: 0 2.0 StmtDelete(356) (stored at: variant28)
381827 [main] ERROR clegoues.genprog4java.rep.JavaRepresentation  - org/jsoup/parser/TokenQueue.java:275: error: unreachable statement
					pos++;
					^
1 error

381827 [main] INFO clegoues.genprog4java.rep.CachingRepresentation  - StmtAppend(114,149) at variant29 fails to compile

381827 [main] INFO clegoues.genprog4java.fitness.Fitness  - 	 gen: 0 0.0 StmtAppend(114,149) (stored at: variant29)
381873 [main] ERROR clegoues.genprog4java.rep.JavaRepresentation  - org/jsoup/select/QueryParser.java:111: error: variable or might not have been initialized
                or.add(newEval);
                ^
1 error

381874 [main] INFO clegoues.genprog4java.rep.CachingRepresentation  - StmtDelete(235) at variant30 fails to compile

381874 [main] INFO clegoues.genprog4java.fitness.Fitness  - 	 gen: 0 0.0 StmtDelete(235) (stored at: variant30)
383041 [main] INFO clegoues.genprog4java.fitness.Fitness  - 	 gen: 0 2.0 StmtDelete(224) (stored at: variant31)
383080 [main] ERROR clegoues.genprog4java.rep.JavaRepresentation  - org/jsoup/select/QueryParser.java:297: error: variable a might not have been initialized
				evals.add(new Evaluator.IsNthLastOfType(a, b));
				                                        ^
org/jsoup/select/QueryParser.java:297: error: variable b might not have been initialized
				evals.add(new Evaluator.IsNthLastOfType(a, b));
				                                           ^
org/jsoup/select/QueryParser.java:299: error: variable a might not have been initialized
				evals.add(new Evaluator.IsNthOfType(a, b));
				                                    ^
org/jsoup/select/QueryParser.java:299: error: variable b might not have been initialized
				evals.add(new Evaluator.IsNthOfType(a, b));
				                                       ^
org/jsoup/select/QueryParser.java:302: error: variable a might not have been initialized
				evals.add(new Evaluator.IsNthLastChild(a, b));
				                                       ^
org/jsoup/select/QueryParser.java:302: error: variable b might not have been initialized
				evals.add(new Evaluator.IsNthLastChild(a, b));
				                                          ^
org/jsoup/select/QueryParser.java:304: error: variable a might not have been initialized
				evals.add(new Evaluator.IsNthChild(a, b));
				                                   ^
org/jsoup/select/QueryParser.java:304: error: variable b might not have been initialized
				evals.add(new Evaluator.IsNthChild(a, b));
				                                      ^
8 errors

383080 [main] INFO clegoues.genprog4java.rep.CachingRepresentation  - StmtReplace(370,186) at variant32 fails to compile

383081 [main] INFO clegoues.genprog4java.fitness.Fitness  - 	 gen: 0 0.0 StmtReplace(370,186) (stored at: variant32)
384028 [main] INFO clegoues.genprog4java.fitness.Fitness  - 	 gen: 0 2.0 StmtDelete(415) (stored at: variant33)
384987 [main] INFO clegoues.genprog4java.fitness.Fitness  - 	 gen: 0 2.0 StmtDelete(398) (stored at: variant34)
386030 [main] INFO clegoues.genprog4java.fitness.Fitness  - 	 gen: 0 2.0 StmtReplace(409,271) (stored at: variant35)
386081 [main] ERROR clegoues.genprog4java.rep.JavaRepresentation  - org/jsoup/select/QueryParser.java:125: error: cannot find symbol
                replaceRightMost = true;
                ^
  symbol:   variable replaceRightMost
  location: class QueryParser
org/jsoup/select/QueryParser.java:157: error: cannot find symbol
        if (replaceRightMost)
            ^
  symbol:   variable replaceRightMost
  location: class QueryParser
org/jsoup/select/QueryParser.java:157: error: illegal start of type
        if (replaceRightMost)
           ^
3 errors

386081 [main] INFO clegoues.genprog4java.rep.CachingRepresentation  - StmtReplace(211,280) at variant36 fails to compile

386081 [main] INFO clegoues.genprog4java.fitness.Fitness  - 	 gen: 0 0.0 StmtReplace(211,280) (stored at: variant36)
387097 [main] INFO clegoues.genprog4java.fitness.Fitness  - 	 gen: 0 1.0 StmtAppend(245,244) (stored at: variant37)
388154 [main] INFO clegoues.genprog4java.fitness.Fitness  - 	 gen: 0 2.0 StmtDelete(275) (stored at: variant38)
389298 [main] INFO clegoues.genprog4java.fitness.Fitness  - 	 gen: 0 2.0 StmtDelete(45) (stored at: variant39)
389298 [main] INFO clegoues.genprog4java.Search.Search  - search: generation1
390806 [main] INFO clegoues.genprog4java.fitness.Fitness  - 	 gen: 1 1.0 StmtReplace(71,73) StmtReplace(393,275) (stored at: variant40)
390846 [main] ERROR clegoues.genprog4java.rep.JavaRepresentation  - org/jsoup/parser/TokenQueue.java:334: error: cannot find symbol
        return queue.substring(start, pos);
                               ^
  symbol:   variable start
  location: class TokenQueue
1 error

390846 [main] INFO clegoues.genprog4java.rep.CachingRepresentation  - StmtDelete(356) StmtDelete(147) at variant41 fails to compile

390846 [main] INFO clegoues.genprog4java.fitness.Fitness  - 	 gen: 1 0.0 StmtDelete(356) StmtDelete(147) (stored at: variant41)
392195 [main] INFO clegoues.genprog4java.fitness.Fitness  - 	 gen: 1 2.0 StmtDelete(398) StmtAppend(288,191) (stored at: variant42)
393261 [main] INFO clegoues.genprog4java.fitness.Fitness  - 	 gen: 1 1.0 StmtDelete(398) StmtDelete(245) (stored at: variant43)
394187 [main] INFO clegoues.genprog4java.fitness.Fitness  - 	 gen: 1 2.0 StmtDelete(398) StmtReplace(268,359) (stored at: variant44)
395173 [main] INFO clegoues.genprog4java.fitness.Fitness  - 	 gen: 1 1.0 StmtAppend(313,401) StmtReplace(257,270) (stored at: variant45)
395216 [main] ERROR clegoues.genprog4java.rep.JavaRepresentation  - org/jsoup/parser/TokenQueue.java:173: error: incompatible types: unexpected return value
			return queue.substring(start, pos);
			                      ^
1 error

395217 [main] INFO clegoues.genprog4java.rep.CachingRepresentation  - StmtReplace(55,151) at variant46 fails to compile

395217 [main] INFO clegoues.genprog4java.fitness.Fitness  - 	 gen: 1 0.0 StmtReplace(55,151) (stored at: variant46)
396500 [main] INFO clegoues.genprog4java.fitness.Fitness  - 	 gen: 1 0.0 StmtReplace(71,73) StmtDelete(315) (stored at: variant47)
397482 [main] INFO clegoues.genprog4java.fitness.Fitness  - 	 gen: 1 2.0 StmtDelete(356) StmtDelete(86) (stored at: variant48)
398603 [main] INFO clegoues.genprog4java.fitness.Fitness  - 	 gen: 1 2.0 StmtReplace(393,279) StmtReplace(252,290) (stored at: variant49)
399503 [main] INFO clegoues.genprog4java.fitness.Fitness  - 	 gen: 1 1.0 StmtReplace(71,73) StmtAppend(202,271) (stored at: variant50)
399542 [main] ERROR clegoues.genprog4java.rep.JavaRepresentation  - org/jsoup/select/QueryParser.java:132: error: cannot find symbol
                sq.append("(").append(tq.chompBalanced('(', ')')).append(")");
                ^
  symbol:   variable sq
  location: class QueryParser
org/jsoup/select/QueryParser.java:134: error: cannot find symbol
                sq.append("[").append(tq.chompBalanced('[', ']')).append("]");
                ^
  symbol:   variable sq
  location: class QueryParser
org/jsoup/select/QueryParser.java:138: error: cannot find symbol
                sq.append(tq.consume());
                ^
  symbol:   variable sq
  location: class QueryParser
org/jsoup/select/QueryParser.java:140: error: cannot find symbol
        return sq.toString();
               ^
  symbol:   variable sq
  location: class QueryParser
4 errors

399542 [main] INFO clegoues.genprog4java.rep.CachingRepresentation  - StmtReplace(78,45) StmtDelete(248) at variant51 fails to compile

399542 [main] INFO clegoues.genprog4java.fitness.Fitness  - 	 gen: 1 0.0 StmtReplace(78,45) StmtDelete(248) (stored at: variant51)
400597 [main] INFO clegoues.genprog4java.fitness.Fitness  - 	 gen: 1 1.0 StmtDelete(403) StmtDelete(246) (stored at: variant52)
401470 [main] INFO clegoues.genprog4java.fitness.Fitness  - 	 gen: 1 2.0 StmtDelete(403) StmtDelete(358) (stored at: variant53)
401508 [main] ERROR clegoues.genprog4java.rep.JavaRepresentation  - org/jsoup/select/QueryParser.java:308: error: variable b might not have been initialized
				evals.add(new Evaluator.IsNthLastOfType(a, b));
				                                           ^
org/jsoup/select/QueryParser.java:310: error: variable b might not have been initialized
				evals.add(new Evaluator.IsNthOfType(a, b));
				                                       ^
org/jsoup/select/QueryParser.java:313: error: variable b might not have been initialized
				evals.add(new Evaluator.IsNthLastChild(a, b));
				                                          ^
org/jsoup/select/QueryParser.java:315: error: variable b might not have been initialized
				evals.add(new Evaluator.IsNthChild(a, b));
				                                      ^
4 errors

401508 [main] INFO clegoues.genprog4java.rep.CachingRepresentation  - StmtDelete(45) StmtReplace(377,305) at variant54 fails to compile

401508 [main] INFO clegoues.genprog4java.fitness.Fitness  - 	 gen: 1 0.0 StmtDelete(45) StmtReplace(377,305) (stored at: variant54)
402493 [main] INFO clegoues.genprog4java.fitness.Fitness  - 	 gen: 1 1.0 StmtAppend(29,80) StmtAppend(254,198) (stored at: variant55)
402534 [main] ERROR clegoues.genprog4java.rep.JavaRepresentation  - org/jsoup/parser/TokenQueue.java:132: error: missing return statement
	}
	^
1 error

402534 [main] INFO clegoues.genprog4java.rep.CachingRepresentation  - StmtAppend(358,177) StmtDelete(41) at variant56 fails to compile

402534 [main] INFO clegoues.genprog4java.fitness.Fitness  - 	 gen: 1 0.0 StmtAppend(358,177) StmtDelete(41) (stored at: variant56)
402583 [main] ERROR clegoues.genprog4java.rep.JavaRepresentation  - org/jsoup/select/QueryParser.java:364: error: variable a might not have been initialized
				evals.add(new Evaluator.IsNthLastOfType(a, b));
				                                        ^
org/jsoup/select/QueryParser.java:364: error: variable b might not have been initialized
				evals.add(new Evaluator.IsNthLastOfType(a, b));
				                                           ^
org/jsoup/select/QueryParser.java:366: error: variable a might not have been initialized
				evals.add(new Evaluator.IsNthOfType(a, b));
				                                    ^
org/jsoup/select/QueryParser.java:366: error: variable b might not have been initialized
				evals.add(new Evaluator.IsNthOfType(a, b));
				                                       ^
org/jsoup/select/QueryParser.java:369: error: variable a might not have been initialized
				evals.add(new Evaluator.IsNthLastChild(a, b));
				                                       ^
org/jsoup/select/QueryParser.java:369: error: variable b might not have been initialized
				evals.add(new Evaluator.IsNthLastChild(a, b));
				                                          ^
org/jsoup/select/QueryParser.java:371: error: variable a might not have been initialized
				evals.add(new Evaluator.IsNthChild(a, b));
				                                   ^
org/jsoup/select/QueryParser.java:371: error: variable b might not have been initialized
				evals.add(new Evaluator.IsNthChild(a, b));
				                                      ^
8 errors

402583 [main] INFO clegoues.genprog4java.rep.CachingRepresentation  - StmtAppend(313,401) StmtReplace(375,260) at variant57 fails to compile

402583 [main] INFO clegoues.genprog4java.fitness.Fitness  - 	 gen: 1 0.0 StmtAppend(313,401) StmtReplace(375,260) (stored at: variant57)
402631 [main] ERROR clegoues.genprog4java.rep.JavaRepresentation  - org/jsoup/select/QueryParser.java:56: error: cannot find symbol
        if (isEmpty())
            ^
  symbol:   method isEmpty()
  location: class QueryParser
org/jsoup/select/QueryParser.java:57: error: break outside switch or loop
			break;
			^
2 errors

402632 [main] INFO clegoues.genprog4java.rep.CachingRepresentation  - StmtReplace(78,45) StmtReplace(191,106) at variant58 fails to compile

402632 [main] INFO clegoues.genprog4java.fitness.Fitness  - 	 gen: 1 0.0 StmtReplace(78,45) StmtReplace(191,106) (stored at: variant58)
402678 [main] ERROR clegoues.genprog4java.rep.JavaRepresentation  - org/jsoup/parser/TokenQueue.java:74: error: incompatible types: char cannot be converted to boolean
			return queue.charAt(pos++);
			                   ^
1 error

402678 [main] INFO clegoues.genprog4java.rep.CachingRepresentation  - StmtDelete(356) StmtAppend(14,48) at variant59 fails to compile

402678 [main] INFO clegoues.genprog4java.fitness.Fitness  - 	 gen: 1 0.0 StmtDelete(356) StmtAppend(14,48) (stored at: variant59)
403605 [main] INFO clegoues.genprog4java.fitness.Fitness  - 	 gen: 1 1.0 StmtReplace(71,73) StmtAppend(395,394) (stored at: variant60)
404381 [main] INFO clegoues.genprog4java.fitness.Fitness  - 	 gen: 1 2.0 StmtAppend(29,80) StmtAppend(186,188) (stored at: variant61)
404426 [main] ERROR clegoues.genprog4java.rep.JavaRepresentation  - org/jsoup/parser/TokenQueue.java:202: error: cannot find symbol
                if (skip == 0) // this char is the skip char, but not match, so force advance of pos
                    ^
  symbol:   variable skip
  location: class TokenQueue
org/jsoup/parser/TokenQueue.java:204: error: cannot find symbol
                else if (skip < 0) // no chance of finding, grab to end
                         ^
  symbol:   variable skip
  location: class TokenQueue
org/jsoup/parser/TokenQueue.java:207: error: cannot find symbol
                    pos += skip;
                           ^
  symbol:   variable skip
  location: class TokenQueue
3 errors

404426 [main] INFO clegoues.genprog4java.rep.CachingRepresentation  - StmtAppend(252,281) StmtDelete(76) at variant62 fails to compile

404426 [main] INFO clegoues.genprog4java.fitness.Fitness  - 	 gen: 1 0.0 StmtAppend(252,281) StmtDelete(76) (stored at: variant62)
404474 [main] ERROR clegoues.genprog4java.rep.JavaRepresentation  - org/jsoup/select/QueryParser.java:305: error: variable a might not have been initialized
				evals.add(new Evaluator.IsNthLastOfType(a, b));
				                                        ^
org/jsoup/select/QueryParser.java:305: error: variable b might not have been initialized
				evals.add(new Evaluator.IsNthLastOfType(a, b));
				                                           ^
org/jsoup/select/QueryParser.java:307: error: variable a might not have been initialized
				evals.add(new Evaluator.IsNthOfType(a, b));
				                                    ^
org/jsoup/select/QueryParser.java:307: error: variable b might not have been initialized
				evals.add(new Evaluator.IsNthOfType(a, b));
				                                       ^
org/jsoup/select/QueryParser.java:310: error: variable a might not have been initialized
				evals.add(new Evaluator.IsNthLastChild(a, b));
				                                       ^
org/jsoup/select/QueryParser.java:310: error: variable b might not have been initialized
				evals.add(new Evaluator.IsNthLastChild(a, b));
				                                          ^
org/jsoup/select/QueryParser.java:312: error: variable a might not have been initialized
				evals.add(new Evaluator.IsNthChild(a, b));
				                                   ^
org/jsoup/select/QueryParser.java:312: error: variable b might not have been initialized
				evals.add(new Evaluator.IsNthChild(a, b));
				                                      ^
8 errors

404475 [main] INFO clegoues.genprog4java.rep.CachingRepresentation  - StmtDelete(275) StmtDelete(375) at variant63 fails to compile

404475 [main] INFO clegoues.genprog4java.fitness.Fitness  - 	 gen: 1 0.0 StmtDelete(275) StmtDelete(375) (stored at: variant63)
405412 [main] INFO clegoues.genprog4java.fitness.Fitness  - 	 gen: 1 1.0 StmtAppend(313,401) StmtReplace(255,273) (stored at: variant64)
405459 [main] ERROR clegoues.genprog4java.rep.JavaRepresentation  - org/jsoup/select/QueryParser.java:220: error: cannot find symbol
        Validate.notEmpty(className);
                          ^
  symbol:   variable className
  location: class QueryParser
org/jsoup/select/QueryParser.java:221: error: cannot find symbol
        evals.add(new Evaluator.Class(className.trim()));
                                      ^
  symbol:   variable className
  location: class QueryParser
2 errors

405460 [main] INFO clegoues.genprog4java.rep.CachingRepresentation  - StmtReplace(78,45) StmtReplace(320,306) at variant65 fails to compile

405460 [main] INFO clegoues.genprog4java.fitness.Fitness  - 	 gen: 1 0.0 StmtReplace(78,45) StmtReplace(320,306) (stored at: variant65)
406461 [main] INFO clegoues.genprog4java.fitness.Fitness  - 	 gen: 1 0.0 StmtDelete(55) StmtReplace(240,425) (stored at: variant66)
406494 [main] ERROR clegoues.genprog4java.rep.JavaRepresentation  - org/jsoup/select/QueryParser.java:207: error: cannot find symbol
        Validate.notEmpty(id);
                          ^
  symbol:   variable id
  location: class QueryParser
org/jsoup/select/QueryParser.java:208: error: cannot find symbol
        evals.add(new Evaluator.Id(id));
                                   ^
  symbol:   variable id
  location: class QueryParser
2 errors

406494 [main] INFO clegoues.genprog4java.rep.CachingRepresentation  - StmtAppend(29,80) StmtAppend(316,311) at variant67 fails to compile

406494 [main] INFO clegoues.genprog4java.fitness.Fitness  - 	 gen: 1 0.0 StmtAppend(29,80) StmtAppend(316,311) (stored at: variant67)
407342 [main] INFO clegoues.genprog4java.fitness.Fitness  - 	 gen: 1 1.0 StmtDelete(275) StmtDelete(133) (stored at: variant68)
408476 [main] INFO clegoues.genprog4java.fitness.Fitness  - 	 gen: 1 1.0 StmtDelete(275) StmtDelete(228) (stored at: variant69)
409813 [main] INFO clegoues.genprog4java.fitness.Fitness  - 	 gen: 1 1.0 StmtAppend(313,401) StmtReplace(358,265) (stored at: variant70)
409851 [main] ERROR clegoues.genprog4java.rep.JavaRepresentation  - org/jsoup/select/QueryParser.java:196: error: cannot find symbol
			if (isEmpty())
			    ^
  symbol:   method isEmpty()
  location: class QueryParser
org/jsoup/select/QueryParser.java:197: error: incompatible types: unexpected return value
				return false;
				       ^
2 errors

409851 [main] INFO clegoues.genprog4java.rep.CachingRepresentation  - StmtAppend(358,177) StmtReplace(313,25) at variant71 fails to compile

409851 [main] INFO clegoues.genprog4java.fitness.Fitness  - 	 gen: 1 0.0 StmtAppend(358,177) StmtReplace(313,25) (stored at: variant71)
409911 [main] ERROR clegoues.genprog4java.rep.JavaRepresentation  - org/jsoup/select/QueryParser.java:102: error: cannot find symbol
            currentEval = new CombiningEvaluator.And(newEval, new StructuralEvaluator.ImmediateParent(currentEval));
                                                     ^
  symbol:   variable newEval
  location: class QueryParser
org/jsoup/select/QueryParser.java:104: error: cannot find symbol
            currentEval = new CombiningEvaluator.And(newEval, new StructuralEvaluator.Parent(currentEval));
                                                     ^
  symbol:   variable newEval
  location: class QueryParser
org/jsoup/select/QueryParser.java:106: error: cannot find symbol
            currentEval = new CombiningEvaluator.And(newEval, new StructuralEvaluator.ImmediatePreviousSibling(currentEval));
                                                     ^
  symbol:   variable newEval
  location: class QueryParser
org/jsoup/select/QueryParser.java:108: error: cannot find symbol
            currentEval = new CombiningEvaluator.And(newEval, new StructuralEvaluator.PreviousSibling(currentEval));
                                                     ^
  symbol:   variable newEval
  location: class QueryParser
org/jsoup/select/QueryParser.java:113: error: cannot find symbol
                or.add(newEval);
                       ^
  symbol:   variable newEval
  location: class QueryParser
org/jsoup/select/QueryParser.java:117: error: cannot find symbol
                or.add(newEval);
                       ^
  symbol:   variable newEval
  location: class QueryParser
6 errors

409911 [main] INFO clegoues.genprog4java.rep.CachingRepresentation  - StmtReplace(78,45) StmtReplace(210,186) at variant72 fails to compile

409911 [main] INFO clegoues.genprog4java.fitness.Fitness  - 	 gen: 1 0.0 StmtReplace(78,45) StmtReplace(210,186) (stored at: variant72)
526891 [main] INFO clegoues.genprog4java.fitness.Fitness  - 	 gen: 1 1.0 StmtDelete(356) StmtReplace(342,179) (stored at: variant73)
527791 [main] INFO clegoues.genprog4java.fitness.Fitness  - 	 gen: 1 1.0 StmtAppend(252,281) StmtAppend(13,173) (stored at: variant74)
528748 [main] INFO clegoues.genprog4java.fitness.Fitness  - 	 gen: 1 2.0 StmtDelete(55) StmtReplace(107,112) (stored at: variant75)
529732 [main] INFO clegoues.genprog4java.fitness.Fitness  - 	 gen: 1 2.0 StmtReplace(78,45) StmtAppend(297,283) (stored at: variant76)
530763 [main] INFO clegoues.genprog4java.fitness.Fitness  - 	 gen: 1 2.0 StmtReplace(78,45) StmtDelete(202) (stored at: variant77)
531091 [main] INFO clegoues.genprog4java.fitness.Fitness  - 	 gen: 1 2.0 StmtDelete(224) StmtDelete(239) (stored at: variant78)
531990 [main] INFO clegoues.genprog4java.fitness.Fitness  - 	 gen: 1 2.0 StmtDelete(415) StmtDelete(9) (stored at: variant79)
533095 [main] INFO clegoues.genprog4java.fitness.Fitness  - 	 gen: 1 1.0 StmtDelete(199) (stored at: variant80)
533128 [main] ERROR clegoues.genprog4java.rep.JavaRepresentation  - org/jsoup/parser/TokenQueue.java:101: error: incompatible types: char cannot be converted to String
            if (queue.charAt(pos) == c){for (String s:seq){if (matches(s))return true;}return false;}
                                                      ^
1 error

533128 [main] INFO clegoues.genprog4java.rep.CachingRepresentation  - StmtReplace(30,18) at variant81 fails to compile

533128 [main] INFO clegoues.genprog4java.fitness.Fitness  - 	 gen: 1 0.0 StmtReplace(30,18) (stored at: variant81)
533915 [main] INFO clegoues.genprog4java.fitness.Fitness  - 	 gen: 1 1.0 StmtReplace(187,190) (stored at: variant82)
533942 [main] ERROR clegoues.genprog4java.rep.JavaRepresentation  - org/jsoup/select/QueryParser.java:338: error: cannot find symbol
        Validate.notEmpty(subQuery, ":has(el) subselect must not be empty");
                          ^
  symbol:   variable subQuery
  location: class QueryParser
org/jsoup/select/QueryParser.java:339: error: cannot find symbol
        evals.add(new StructuralEvaluator.Has(parse(subQuery)));
                                                    ^
  symbol:   variable subQuery
  location: class QueryParser
2 errors

533943 [main] INFO clegoues.genprog4java.rep.CachingRepresentation  - StmtReplace(402,192) at variant83 fails to compile

533943 [main] INFO clegoues.genprog4java.fitness.Fitness  - 	 gen: 1 0.0 StmtReplace(402,192) (stored at: variant83)
533973 [main] ERROR clegoues.genprog4java.rep.JavaRepresentation  - org/jsoup/select/QueryParser.java:307: error: variable a might not have been initialized
				evals.add(new Evaluator.IsNthLastOfType(a, b));
				                                        ^
org/jsoup/select/QueryParser.java:307: error: variable b might not have been initialized
				evals.add(new Evaluator.IsNthLastOfType(a, b));
				                                           ^
org/jsoup/select/QueryParser.java:309: error: variable a might not have been initialized
				evals.add(new Evaluator.IsNthOfType(a, b));
				                                    ^
org/jsoup/select/QueryParser.java:309: error: variable b might not have been initialized
				evals.add(new Evaluator.IsNthOfType(a, b));
				                                       ^
org/jsoup/select/QueryParser.java:312: error: variable a might not have been initialized
				evals.add(new Evaluator.IsNthLastChild(a, b));
				                                       ^
org/jsoup/select/QueryParser.java:312: error: variable b might not have been initialized
				evals.add(new Evaluator.IsNthLastChild(a, b));
				                                          ^
org/jsoup/select/QueryParser.java:314: error: variable a might not have been initialized
				evals.add(new Evaluator.IsNthChild(a, b));
				                                   ^
org/jsoup/select/QueryParser.java:314: error: variable b might not have been initialized
				evals.add(new Evaluator.IsNthChild(a, b));
				                                      ^
8 errors

533974 [main] INFO clegoues.genprog4java.rep.CachingRepresentation  - StmtReplace(371,361) at variant84 fails to compile

533974 [main] INFO clegoues.genprog4java.fitness.Fitness  - 	 gen: 1 0.0 StmtReplace(371,361) (stored at: variant84)
535001 [main] INFO clegoues.genprog4java.fitness.Fitness  - 	 gen: 1 1.0 StmtAppend(357,285) (stored at: variant85)
536168 [main] INFO clegoues.genprog4java.fitness.Fitness  - 	 gen: 1 2.0 StmtDelete(286) (stored at: variant86)
537065 [main] INFO clegoues.genprog4java.fitness.Fitness  - 	 gen: 1 2.0 StmtDelete(81) (stored at: variant87)
538047 [main] INFO clegoues.genprog4java.fitness.Fitness  - 	 gen: 1 2.0 StmtDelete(27) (stored at: variant88)
538083 [main] ERROR clegoues.genprog4java.rep.JavaRepresentation  - org/jsoup/parser/TokenQueue.java:31: error: missing return statement
	}
	^
1 error

538083 [main] INFO clegoues.genprog4java.rep.CachingRepresentation  - StmtDelete(3) at variant89 fails to compile

538083 [main] INFO clegoues.genprog4java.fitness.Fitness  - 	 gen: 1 0.0 StmtDelete(3) (stored at: variant89)
539134 [main] INFO clegoues.genprog4java.fitness.Fitness  - 	 gen: 1 1.0 StmtDelete(118) (stored at: variant90)
539164 [main] ERROR clegoues.genprog4java.rep.JavaRepresentation  - org/jsoup/parser/TokenQueue.java:31: error: missing return statement
	}
	^
1 error

539164 [main] INFO clegoues.genprog4java.rep.CachingRepresentation  - StmtDelete(3) at variant91 fails to compile

539164 [main] INFO clegoues.genprog4java.fitness.Fitness  - 	 gen: 1 0.0 StmtDelete(3) (stored at: variant91)
539164 [main] INFO clegoues.genprog4java.Search.Search  - search: generation2
541109 [main] INFO clegoues.genprog4java.fitness.Fitness  - 	 gen: 2 2.0 StmtDelete(356) StmtReplace(342,179) StmtDelete(9) (stored at: variant92)
541869 [main] INFO clegoues.genprog4java.fitness.Fitness  - 	 gen: 2 1.0 StmtDelete(356) StmtDelete(86) StmtDelete(113) (stored at: variant93)
542699 [main] INFO clegoues.genprog4java.fitness.Fitness  - 	 gen: 2 0.0 StmtAppend(29,80) StmtAppend(186,188) StmtReplace(262,273) (stored at: variant94)
542743 [main] ERROR clegoues.genprog4java.rep.JavaRepresentation  - org/jsoup/select/QueryParser.java:234: error: cannot find symbol
        String key = cq.consumeToAny(AttributeEvals); // eq, not, start, end, contain, match, (no val)
                     ^
  symbol:   variable cq
  location: class QueryParser
org/jsoup/select/QueryParser.java:236: error: cannot find symbol
        cq.consumeWhitespace();
        ^
  symbol:   variable cq
  location: class QueryParser
org/jsoup/select/QueryParser.java:238: error: cannot find symbol
        if (cq.isEmpty()) {
            ^
  symbol:   variable cq
  location: class QueryParser
org/jsoup/select/QueryParser.java:244: error: cannot find symbol
            if (cq.matchChomp("="))
                ^
  symbol:   variable cq
  location: class QueryParser
org/jsoup/select/QueryParser.java:245: error: cannot find symbol
                evals.add(new Evaluator.AttributeWithValue(key, cq.remainder()));
                                                                ^
  symbol:   variable cq
  location: class QueryParser
org/jsoup/select/QueryParser.java:247: error: cannot find symbol
            else if (cq.matchChomp("!="))
                     ^
  symbol:   variable cq
  location: class QueryParser
org/jsoup/select/QueryParser.java:248: error: cannot find symbol
                evals.add(new Evaluator.AttributeWithValueNot(key, cq.remainder()));
                                                                   ^
  symbol:   variable cq
  location: class QueryParser
org/jsoup/select/QueryParser.java:250: error: cannot find symbol
            else if (cq.matchChomp("^="))
                     ^
  symbol:   variable cq
  location: class QueryParser
org/jsoup/select/QueryParser.java:251: error: cannot find symbol
                evals.add(new Evaluator.AttributeWithValueStarting(key, cq.remainder()));
                                                                        ^
  symbol:   variable cq
  location: class QueryParser
org/jsoup/select/QueryParser.java:253: error: cannot find symbol
            else if (cq.matchChomp("$="))
                     ^
  symbol:   variable cq
  location: class QueryParser
org/jsoup/select/QueryParser.java:254: error: cannot find symbol
                evals.add(new Evaluator.AttributeWithValueEnding(key, cq.remainder()));
                                                                      ^
  symbol:   variable cq
  location: class QueryParser
org/jsoup/select/QueryParser.java:256: error: cannot find symbol
            else if (cq.matchChomp("*="))
                     ^
  symbol:   variable cq
  location: class QueryParser
org/jsoup/select/QueryParser.java:257: error: cannot find symbol
                evals.add(new Evaluator.AttributeWithValueContaining(key, cq.remainder()));
                                                                          ^
  symbol:   variable cq
  location: class QueryParser
org/jsoup/select/QueryParser.java:259: error: cannot find symbol
            else if (cq.matchChomp("~="))
                     ^
  symbol:   variable cq
  location: class QueryParser
org/jsoup/select/QueryParser.java:260: error: cannot find symbol
                evals.add(new Evaluator.AttributeWithValueMatching(key, Pattern.compile(cq.remainder())));
                                                                                        ^
  symbol:   variable cq
  location: class QueryParser
org/jsoup/select/QueryParser.java:262: error: cannot find symbol
                throw new Selector.SelectorParseException("Could not parse attribute query '%s': unexpected token at '%s'", query, cq.remainder());
                                                                                                                                   ^
  symbol:   variable cq
  location: class QueryParser
16 errors

542743 [main] INFO clegoues.genprog4java.rep.CachingRepresentation  - StmtDelete(403) StmtDelete(358) StmtDelete(334) at variant95 fails to compile

542743 [main] INFO clegoues.genprog4java.fitness.Fitness  - 	 gen: 2 0.0 StmtDelete(403) StmtDelete(358) StmtDelete(334) (stored at: variant95)
543854 [main] INFO clegoues.genprog4java.fitness.Fitness  - 	 gen: 2 1.0 StmtReplace(78,45) StmtAppend(297,283) StmtDelete(342) (stored at: variant96)
544860 [main] INFO clegoues.genprog4java.fitness.Fitness  - 	 gen: 2 2.0 StmtDelete(398) StmtReplace(268,359) StmtAppend(104,78) (stored at: variant97)
545945 [main] INFO clegoues.genprog4java.fitness.Fitness  - 	 gen: 2 2.0 StmtDelete(81) StmtReplace(398,265) (stored at: variant98)
547019 [main] INFO clegoues.genprog4java.fitness.Fitness  - 	 gen: 2 2.0 StmtReplace(393,279) StmtReplace(252,290) StmtReplace(299,198) (stored at: variant99)
547941 [main] INFO clegoues.genprog4java.fitness.Fitness  - 	 gen: 2 2.0 StmtDelete(27) StmtAppend(131,114) (stored at: variant100)
547969 [main] ERROR clegoues.genprog4java.rep.JavaRepresentation  - org/jsoup/select/QueryParser.java:95: error: cannot find symbol
				if (isEmpty())
				    ^
  symbol:   method isEmpty()
  location: class QueryParser
org/jsoup/select/QueryParser.java:96: error: break outside switch or loop
					break;
					^
2 errors

547969 [main] INFO clegoues.genprog4java.rep.CachingRepresentation  - StmtDelete(403) StmtDelete(358) StmtAppend(220,106) at variant101 fails to compile

547969 [main] INFO clegoues.genprog4java.fitness.Fitness  - 	 gen: 2 0.0 StmtDelete(403) StmtDelete(358) StmtAppend(220,106) (stored at: variant101)
548991 [main] INFO clegoues.genprog4java.fitness.Fitness  - 	 gen: 2 1.0 StmtDelete(415) StmtDelete(9) StmtAppend(27,143) (stored at: variant102)
645718 [main] INFO clegoues.genprog4java.fitness.Fitness  - 	 gen: 2 1.0 StmtDelete(81) StmtDelete(404) (stored at: variant103)
646598 [main] INFO clegoues.genprog4java.fitness.Fitness  - 	 gen: 2 1.0 StmtReplace(78,45) StmtAppend(297,283) StmtDelete(50) (stored at: variant104)
646636 [main] ERROR clegoues.genprog4java.rep.JavaRepresentation  - org/jsoup/parser/TokenQueue.java:186: error: continue outside of loop
				continue;
				^
1 error

646636 [main] INFO clegoues.genprog4java.rep.CachingRepresentation  - StmtDelete(81) StmtAppend(62,114) at variant105 fails to compile

646636 [main] INFO clegoues.genprog4java.fitness.Fitness  - 	 gen: 2 0.0 StmtDelete(81) StmtAppend(62,114) (stored at: variant105)
647471 [main] INFO clegoues.genprog4java.fitness.Fitness  - 	 gen: 2 2.0 StmtAppend(29,80) StmtAppend(186,188) StmtDelete(50) (stored at: variant106)
647506 [main] ERROR clegoues.genprog4java.rep.JavaRepresentation  - org/jsoup/parser/TokenQueue.java:273: error: cannot find symbol
                    inQuote = !inQuote;
                    ^
  symbol:   variable inQuote
  location: class TokenQueue
org/jsoup/parser/TokenQueue.java:273: error: cannot find symbol
                    inQuote = !inQuote;
                               ^
  symbol:   variable inQuote
  location: class TokenQueue
org/jsoup/parser/TokenQueue.java:274: error: cannot find symbol
                if (inQuote)
                    ^
  symbol:   variable inQuote
  location: class TokenQueue
org/jsoup/parser/TokenQueue.java:274: error: illegal start of type
                if (inQuote)
                   ^
4 errors

647506 [main] INFO clegoues.genprog4java.rep.CachingRepresentation  - StmtReplace(78,45) StmtAppend(297,283) StmtReplace(103,172) at variant107 fails to compile

647506 [main] INFO clegoues.genprog4java.fitness.Fitness  - 	 gen: 2 0.0 StmtReplace(78,45) StmtAppend(297,283) StmtReplace(103,172) (stored at: variant107)
647545 [main] ERROR clegoues.genprog4java.rep.JavaRepresentation  - org/jsoup/parser/TokenQueue.java:271: error: incompatible types: boolean cannot be converted to String
					return remainingLength() == 0;
					                         ^
org/jsoup/parser/TokenQueue.java:275: error: cannot find symbol
                if ((c.equals('\'') || c.equals('"')) && c != open)
                     ^
  symbol:   variable c
  location: class TokenQueue
org/jsoup/parser/TokenQueue.java:275: error: cannot find symbol
                if ((c.equals('\'') || c.equals('"')) && c != open)
                                       ^
  symbol:   variable c
  location: class TokenQueue
org/jsoup/parser/TokenQueue.java:275: error: cannot find symbol
                if ((c.equals('\'') || c.equals('"')) && c != open)
                                                         ^
  symbol:   variable c
  location: class TokenQueue
org/jsoup/parser/TokenQueue.java:279: error: cannot find symbol
                if (c.equals(open)) {
                    ^
  symbol:   variable c
  location: class TokenQueue
org/jsoup/parser/TokenQueue.java:284: error: cannot find symbol
                else if (c.equals(close))
                         ^
  symbol:   variable c
  location: class TokenQueue
org/jsoup/parser/TokenQueue.java:290: error: cannot find symbol
            last = c;
                   ^
  symbol:   variable c
  location: class TokenQueue
7 errors

647545 [main] INFO clegoues.genprog4java.rep.CachingRepresentation  - StmtDelete(415) StmtDelete(9) StmtAppend(108,3) at variant108 fails to compile

647545 [main] INFO clegoues.genprog4java.fitness.Fitness  - 	 gen: 2 0.0 StmtDelete(415) StmtDelete(9) StmtAppend(108,3) (stored at: variant108)
648553 [main] INFO clegoues.genprog4java.fitness.Fitness  - 	 gen: 2 2.0 StmtAppend(29,80) StmtAppend(186,188) StmtReplace(9,45) (stored at: variant109)
649819 [main] INFO clegoues.genprog4java.fitness.Fitness  - 	 gen: 2 2.0 StmtDelete(286) StmtReplace(420,191) (stored at: variant110)
649855 [main] ERROR clegoues.genprog4java.rep.JavaRepresentation  - org/jsoup/parser/TokenQueue.java:213: error: cannot find symbol
        return queue.substring(start, pos);
                               ^
  symbol:   variable start
  location: class TokenQueue
1 error

649855 [main] INFO clegoues.genprog4java.rep.CachingRepresentation  - StmtReplace(78,45) StmtDelete(202) StmtReplace(67,159) at variant111 fails to compile

649855 [main] INFO clegoues.genprog4java.fitness.Fitness  - 	 gen: 2 0.0 StmtReplace(78,45) StmtDelete(202) StmtReplace(67,159) (stored at: variant111)
650872 [main] INFO clegoues.genprog4java.fitness.Fitness  - 	 gen: 2 2.0 StmtDelete(55) StmtReplace(107,112) StmtAppend(86,47) (stored at: variant112)
651709 [main] INFO clegoues.genprog4java.fitness.Fitness  - 	 gen: 2 1.0 StmtDelete(55) StmtReplace(107,112) StmtAppend(246,363) (stored at: variant113)
652700 [main] INFO clegoues.genprog4java.fitness.Fitness  - 	 gen: 2 0.0 StmtDelete(398) StmtReplace(268,359) StmtReplace(340,361) (stored at: variant114)
654031 [main] INFO clegoues.genprog4java.fitness.Fitness  - 	 gen: 2 2.0 StmtReplace(78,45) StmtDelete(202) StmtAppend(361,287) (stored at: variant115)
654067 [main] ERROR clegoues.genprog4java.rep.JavaRepresentation  - org/jsoup/parser/TokenQueue.java:169: error: for-each not applicable to expression type
        if (len > remainingLength())for (char c:seq){if (queue.charAt(pos) == c)return true;}
                                                ^
  required: array or java.lang.Iterable
  found:    String
org/jsoup/parser/TokenQueue.java:169: error: incompatible types: unexpected return value
        if (len > remainingLength())for (char c:seq){if (queue.charAt(pos) == c)return true;}
                                                                                       ^
2 errors

654067 [main] INFO clegoues.genprog4java.rep.CachingRepresentation  - StmtDelete(55) StmtReplace(107,112) StmtReplace(55,27) at variant116 fails to compile

654067 [main] INFO clegoues.genprog4java.fitness.Fitness  - 	 gen: 2 0.0 StmtDelete(55) StmtReplace(107,112) StmtReplace(55,27) (stored at: variant116)
654099 [main] ERROR clegoues.genprog4java.rep.JavaRepresentation  - org/jsoup/parser/TokenQueue.java:148: error: incompatible types: unexpected return value
			return remainingLength() == 0;
			                         ^
1 error

654099 [main] INFO clegoues.genprog4java.rep.CachingRepresentation  - StmtDelete(224) StmtDelete(239) StmtReplace(47,3) at variant117 fails to compile

654100 [main] INFO clegoues.genprog4java.fitness.Fitness  - 	 gen: 2 0.0 StmtDelete(224) StmtDelete(239) StmtReplace(47,3) (stored at: variant117)
654112 [main] ERROR clegoues.genprog4java.rep.JavaRepresentation  - org/jsoup/parser/TokenQueue.java:239: error: ';' expected
    public String chompTo(String seq) pos++;
                                     ^
1 error

654112 [main] INFO clegoues.genprog4java.rep.CachingRepresentation  - StmtDelete(286) StmtReplace(90,164) at variant118 fails to compile

654112 [main] INFO clegoues.genprog4java.fitness.Fitness  - 	 gen: 2 0.0 StmtDelete(286) StmtReplace(90,164) (stored at: variant118)
655343 [main] INFO clegoues.genprog4java.fitness.Fitness  - 	 gen: 2 1.0 StmtDelete(398) StmtReplace(268,359) StmtAppend(351,274) (stored at: variant119)
656283 [main] INFO clegoues.genprog4java.fitness.Fitness  - 	 gen: 2 1.0 StmtDelete(27) StmtAppend(246,291) (stored at: variant120)
657413 [main] INFO clegoues.genprog4java.fitness.Fitness  - 	 gen: 2 2.0 StmtDelete(286) StmtAppend(11,88) (stored at: variant121)
657452 [main] ERROR clegoues.genprog4java.rep.JavaRepresentation  - org/jsoup/parser/TokenQueue.java:190: error: missing return statement
    }
    ^
1 error

657452 [main] INFO clegoues.genprog4java.rep.CachingRepresentation  - StmtDelete(398) StmtReplace(268,359) StmtDelete(63) at variant122 fails to compile

657452 [main] INFO clegoues.genprog4java.fitness.Fitness  - 	 gen: 2 0.0 StmtDelete(398) StmtReplace(268,359) StmtDelete(63) (stored at: variant122)
658424 [main] INFO clegoues.genprog4java.fitness.Fitness  - 	 gen: 2 2.0 StmtReplace(78,45) StmtDelete(202) StmtDelete(420) (stored at: variant123)
659316 [main] INFO clegoues.genprog4java.fitness.Fitness  - 	 gen: 2 2.0 StmtDelete(27) StmtDelete(187) (stored at: variant124)
659345 [main] ERROR clegoues.genprog4java.rep.JavaRepresentation  - org/jsoup/select/QueryParser.java:207: error: cannot find symbol
        Validate.notEmpty(key);
                          ^
  symbol:   variable key
  location: class QueryParser
org/jsoup/select/QueryParser.java:211: error: cannot find symbol
            if (key.startsWith("^"))
                ^
  symbol:   variable key
  location: class QueryParser
org/jsoup/select/QueryParser.java:212: error: cannot find symbol
                evals.add(new Evaluator.AttributeStarting(key.substring(1)));
                                                          ^
  symbol:   variable key
  location: class QueryParser
org/jsoup/select/QueryParser.java:214: error: cannot find symbol
                evals.add(new Evaluator.Attribute(key));
                                                  ^
  symbol:   variable key
  location: class QueryParser
org/jsoup/select/QueryParser.java:217: error: cannot find symbol
                evals.add(new Evaluator.AttributeWithValue(key, cq.remainder()));
                                                           ^
  symbol:   variable key
  location: class QueryParser
org/jsoup/select/QueryParser.java:220: error: cannot find symbol
                evals.add(new Evaluator.AttributeWithValueNot(key, cq.remainder()));
                                                              ^
  symbol:   variable key
  location: class QueryParser
org/jsoup/select/QueryParser.java:223: error: cannot find symbol
                evals.add(new Evaluator.AttributeWithValueStarting(key, cq.remainder()));
                                                                   ^
  symbol:   variable key
  location: class QueryParser
org/jsoup/select/QueryParser.java:226: error: cannot find symbol
                evals.add(new Evaluator.AttributeWithValueEnding(key, cq.remainder()));
                                                                 ^
  symbol:   variable key
  location: class QueryParser
org/jsoup/select/QueryParser.java:229: error: cannot find symbol
                evals.add(new Evaluator.AttributeWithValueContaining(key, cq.remainder()));
                                                                     ^
  symbol:   variable key
  location: class QueryParser
org/jsoup/select/QueryParser.java:232: error: cannot find symbol
                evals.add(new Evaluator.AttributeWithValueMatching(key, Pattern.compile(cq.remainder())));
                                                                   ^
  symbol:   variable key
  location: class QueryParser
10 errors

659345 [main] INFO clegoues.genprog4java.rep.CachingRepresentation  - StmtDelete(286) StmtDelete(335) at variant125 fails to compile

659345 [main] INFO clegoues.genprog4java.fitness.Fitness  - 	 gen: 2 0.0 StmtDelete(286) StmtDelete(335) (stored at: variant125)
660257 [main] INFO clegoues.genprog4java.fitness.Fitness  - 	 gen: 2 2.0 StmtDelete(403) StmtDelete(358) StmtAppend(280,301) (stored at: variant126)
661351 [main] INFO clegoues.genprog4java.fitness.Fitness  - 	 gen: 2 1.0 StmtDelete(286) StmtReplace(272,304) (stored at: variant127)
662279 [main] INFO clegoues.genprog4java.fitness.Fitness  - 	 gen: 2 2.0 StmtReplace(78,45) StmtAppend(297,283) StmtAppend(285,263) (stored at: variant128)
663283 [main] INFO clegoues.genprog4java.fitness.Fitness  - 	 gen: 2 2.0 StmtDelete(415) StmtDelete(9) StmtReplace(423,422) (stored at: variant129)
664497 [main] INFO clegoues.genprog4java.fitness.Fitness  - 	 gen: 2 2.0 StmtDelete(224) StmtDelete(239) StmtReplace(312,296) (stored at: variant130)
664535 [main] ERROR clegoues.genprog4java.rep.JavaRepresentation  - org/jsoup/select/QueryParser.java:298: error: variable b might not have been initialized
				evals.add(new Evaluator.IsNthLastOfType(a, b));
				                                           ^
org/jsoup/select/QueryParser.java:300: error: variable b might not have been initialized
				evals.add(new Evaluator.IsNthOfType(a, b));
				                                       ^
org/jsoup/select/QueryParser.java:303: error: variable b might not have been initialized
				evals.add(new Evaluator.IsNthLastChild(a, b));
				                                          ^
org/jsoup/select/QueryParser.java:305: error: variable b might not have been initialized
				evals.add(new Evaluator.IsNthChild(a, b));
				                                      ^
4 errors

664536 [main] INFO clegoues.genprog4java.rep.CachingRepresentation  - StmtDelete(224) StmtDelete(239) StmtReplace(385,308) at variant131 fails to compile

664536 [main] INFO clegoues.genprog4java.fitness.Fitness  - 	 gen: 2 0.0 StmtDelete(224) StmtDelete(239) StmtReplace(385,308) (stored at: variant131)
664548 [main] ERROR clegoues.genprog4java.rep.JavaRepresentation  - org/jsoup/parser/TokenQueue.java:368: error: ';' expected
    public String consumeCssIdentifier() continue;
                                        ^
1 error

664548 [main] INFO clegoues.genprog4java.rep.CachingRepresentation  - StmtReplace(107,112) StmtReplace(161,114) at variant132 fails to compile

664548 [main] INFO clegoues.genprog4java.fitness.Fitness  - 	 gen: 2 0.0 StmtReplace(107,112) StmtReplace(161,114) (stored at: variant132)
780623 [main] INFO clegoues.genprog4java.fitness.Fitness  - 	 gen: 2 1.0 StmtReplace(342,179) StmtDelete(199) (stored at: variant133)
780668 [main] ERROR clegoues.genprog4java.rep.JavaRepresentation  - org/jsoup/select/QueryParser.java:90: error: variable currentEval might not have been initialized
            currentEval = new CombiningEvaluator.And(newEval, new StructuralEvaluator.ImmediateParent(currentEval));
                                                                                                      ^
org/jsoup/select/QueryParser.java:92: error: variable currentEval might not have been initialized
            currentEval = new CombiningEvaluator.And(newEval, new StructuralEvaluator.Parent(currentEval));
                                                                                             ^
org/jsoup/select/QueryParser.java:94: error: variable currentEval might not have been initialized
            currentEval = new CombiningEvaluator.And(newEval, new StructuralEvaluator.ImmediatePreviousSibling(currentEval));
                                                                                                               ^
org/jsoup/select/QueryParser.java:96: error: variable currentEval might not have been initialized
            currentEval = new CombiningEvaluator.And(newEval, new StructuralEvaluator.PreviousSibling(currentEval));
                                                                                                      ^
org/jsoup/select/QueryParser.java:99: error: variable currentEval might not have been initialized
            if (currentEval instanceof CombiningEvaluator.Or) {
                ^
org/jsoup/select/QueryParser.java:113: error: variable rootEval might not have been initialized
            ((CombiningEvaluator.Or) rootEval).replaceRightMostEvaluator(currentEval);
                                     ^
6 errors

780669 [main] INFO clegoues.genprog4java.rep.CachingRepresentation  - StmtDelete(356) StmtDelete(212) at variant134 fails to compile

780669 [main] INFO clegoues.genprog4java.fitness.Fitness  - 	 gen: 2 0.0 StmtDelete(356) StmtDelete(212) (stored at: variant134)
780721 [main] ERROR clegoues.genprog4java.rep.JavaRepresentation  - org/jsoup/parser/TokenQueue.java:273: error: cannot find symbol
                    inQuote = !inQuote;
                    ^
  symbol:   variable inQuote
  location: class TokenQueue
org/jsoup/parser/TokenQueue.java:273: error: cannot find symbol
                    inQuote = !inQuote;
                               ^
  symbol:   variable inQuote
  location: class TokenQueue
org/jsoup/parser/TokenQueue.java:274: error: cannot find symbol
                if (inQuote)
                    ^
  symbol:   variable inQuote
  location: class TokenQueue
org/jsoup/parser/TokenQueue.java:274: error: illegal start of type
                if (inQuote)
                   ^
4 errors

780721 [main] INFO clegoues.genprog4java.rep.CachingRepresentation  - StmtDelete(55) StmtDelete(103) at variant135 fails to compile

780721 [main] INFO clegoues.genprog4java.fitness.Fitness  - 	 gen: 2 0.0 StmtDelete(55) StmtDelete(103) (stored at: variant135)
780886 [main] ERROR clegoues.genprog4java.rep.JavaRepresentation  - org/jsoup/select/QueryParser.java:40: error: non-static variable tq cannot be referenced from a static context
				if (tq.matchChomp("#"))
				    ^
org/jsoup/select/QueryParser.java:41: error: non-static method byId() cannot be referenced from a static context
					byId();
					^
org/jsoup/select/QueryParser.java:42: error: non-static variable tq cannot be referenced from a static context
				else if (tq.matchChomp("."))
				         ^
org/jsoup/select/QueryParser.java:43: error: non-static method byClass() cannot be referenced from a static context
					byClass();
					^
org/jsoup/select/QueryParser.java:44: error: non-static variable tq cannot be referenced from a static context
				else if (tq.matchesWord() || tq.matches("*|"))
				         ^
org/jsoup/select/QueryParser.java:44: error: non-static variable tq cannot be referenced from a static context
				else if (tq.matchesWord() || tq.matches("*|"))
				                             ^
org/jsoup/select/QueryParser.java:45: error: non-static method byTag() cannot be referenced from a static context
					byTag();
					^
org/jsoup/select/QueryParser.java:46: error: non-static variable tq cannot be referenced from a static context
				else if (tq.matches("["))
				         ^
org/jsoup/select/QueryParser.java:47: error: non-static method byAttribute() cannot be referenced from a static context
					byAttribute();
					^
org/jsoup/select/QueryParser.java:48: error: non-static variable tq cannot be referenced from a static context
				else if (tq.matchChomp("*"))
				         ^
org/jsoup/select/QueryParser.java:49: error: non-static method allElements() cannot be referenced from a static context
					allElements();
					^
org/jsoup/select/QueryParser.java:50: error: non-static variable tq cannot be referenced from a static context
				else if (tq.matchChomp(":lt("))
				         ^
org/jsoup/select/QueryParser.java:51: error: non-static method indexLessThan() cannot be referenced from a static context
					indexLessThan();
					^
org/jsoup/select/QueryParser.java:52: error: non-static variable tq cannot be referenced from a static context
				else if (tq.matchChomp(":gt("))
				         ^
org/jsoup/select/QueryParser.java:53: error: non-static method indexGreaterThan() cannot be referenced from a static context
					indexGreaterThan();
					^
org/jsoup/select/QueryParser.java:54: error: non-static variable tq cannot be referenced from a static context
				else if (tq.matchChomp(":eq("))
				         ^
org/jsoup/select/QueryParser.java:55: error: non-static method indexEquals() cannot be referenced from a static context
					indexEquals();
					^
org/jsoup/select/QueryParser.java:56: error: non-static variable tq cannot be referenced from a static context
				else if (tq.matches(":has("))
				         ^
org/jsoup/select/QueryParser.java:57: error: non-static method has() cannot be referenced from a static context
					has();
					^
org/jsoup/select/QueryParser.java:58: error: non-static variable tq cannot be referenced from a static context
				else if (tq.matches(":contains("))
				         ^
org/jsoup/select/QueryParser.java:59: error: non-static method contains(boolean) cannot be referenced from a static context
					contains(false);
					^
org/jsoup/select/QueryParser.java:60: error: non-static variable tq cannot be referenced from a static context
				else if (tq.matches(":containsOwn("))
				         ^
org/jsoup/select/QueryParser.java:61: error: non-static method contains(boolean) cannot be referenced from a static context
					contains(true);
					^
org/jsoup/select/QueryParser.java:62: error: non-static variable tq cannot be referenced from a static context
				else if (tq.matches(":containsData("))
				         ^
org/jsoup/select/QueryParser.java:63: error: non-static method containsData() cannot be referenced from a static context
					containsData();
					^
org/jsoup/select/QueryParser.java:64: error: non-static variable tq cannot be referenced from a static context
				else if (tq.matches(":matches("))
				         ^
org/jsoup/select/QueryParser.java:65: error: non-static method matches(boolean) cannot be referenced from a static context
					matches(false);
					^
org/jsoup/select/QueryParser.java:66: error: non-static variable tq cannot be referenced from a static context
				else if (tq.matches(":matchesOwn("))
				         ^
org/jsoup/select/QueryParser.java:67: error: non-static method matches(boolean) cannot be referenced from a static context
					matches(true);
					^
org/jsoup/select/QueryParser.java:68: error: non-static variable tq cannot be referenced from a static context
				else if (tq.matches(":not("))
				         ^
org/jsoup/select/QueryParser.java:69: error: non-static method not() cannot be referenced from a static context
					not();
					^
org/jsoup/select/QueryParser.java:70: error: non-static variable tq cannot be referenced from a static context
				else if (tq.matchChomp(":nth-child("))
				         ^
org/jsoup/select/QueryParser.java:71: error: non-static method cssNthChild(boolean,boolean) cannot be referenced from a static context
					cssNthChild(false, false);
					^
org/jsoup/select/QueryParser.java:72: error: non-static variable tq cannot be referenced from a static context
				else if (tq.matchChomp(":nth-last-child("))
				         ^
org/jsoup/select/QueryParser.java:73: error: non-static method cssNthChild(boolean,boolean) cannot be referenced from a static context
					cssNthChild(true, false);
					^
org/jsoup/select/QueryParser.java:74: error: non-static variable tq cannot be referenced from a static context
				else if (tq.matchChomp(":nth-of-type("))
				         ^
org/jsoup/select/QueryParser.java:75: error: non-static method cssNthChild(boolean,boolean) cannot be referenced from a static context
					cssNthChild(false, true);
					^
org/jsoup/select/QueryParser.java:76: error: non-static variable tq cannot be referenced from a static context
				else if (tq.matchChomp(":nth-last-of-type("))
				         ^
org/jsoup/select/QueryParser.java:77: error: non-static method cssNthChild(boolean,boolean) cannot be referenced from a static context
					cssNthChild(true, true);
					^
org/jsoup/select/QueryParser.java:78: error: non-static variable tq cannot be referenced from a static context
				else if (tq.matchChomp(":first-child"))
				         ^
org/jsoup/select/QueryParser.java:79: error: non-static variable evals cannot be referenced from a static context
					evals.add(new Evaluator.IsFirstChild());
					^
org/jsoup/select/QueryParser.java:80: error: non-static variable tq cannot be referenced from a static context
				else if (tq.matchChomp(":last-child"))
				         ^
org/jsoup/select/QueryParser.java:81: error: non-static variable evals cannot be referenced from a static context
					evals.add(new Evaluator.IsLastChild());
					^
org/jsoup/select/QueryParser.java:82: error: non-static variable tq cannot be referenced from a static context
				else if (tq.matchChomp(":first-of-type"))
				         ^
org/jsoup/select/QueryParser.java:83: error: non-static variable evals cannot be referenced from a static context
					evals.add(new Evaluator.IsFirstOfType());
					^
org/jsoup/select/QueryParser.java:84: error: non-static variable tq cannot be referenced from a static context
				else if (tq.matchChomp(":last-of-type"))
				         ^
org/jsoup/select/QueryParser.java:85: error: non-static variable evals cannot be referenced from a static context
					evals.add(new Evaluator.IsLastOfType());
					^
org/jsoup/select/QueryParser.java:86: error: non-static variable tq cannot be referenced from a static context
				else if (tq.matchChomp(":only-child"))
				         ^
org/jsoup/select/QueryParser.java:87: error: non-static variable evals cannot be referenced from a static context
					evals.add(new Evaluator.IsOnlyChild());
					^
org/jsoup/select/QueryParser.java:88: error: non-static variable tq cannot be referenced from a static context
				else if (tq.matchChomp(":only-of-type"))
				         ^
org/jsoup/select/QueryParser.java:89: error: non-static variable evals cannot be referenced from a static context
					evals.add(new Evaluator.IsOnlyOfType());
					^
org/jsoup/select/QueryParser.java:90: error: non-static variable tq cannot be referenced from a static context
				else if (tq.matchChomp(":empty"))
				         ^
org/jsoup/select/QueryParser.java:91: error: non-static variable evals cannot be referenced from a static context
					evals.add(new Evaluator.IsEmpty());
					^
org/jsoup/select/QueryParser.java:92: error: non-static variable tq cannot be referenced from a static context
				else if (tq.matchChomp(":root"))
				         ^
org/jsoup/select/QueryParser.java:93: error: non-static variable evals cannot be referenced from a static context
					evals.add(new Evaluator.IsRoot());
					^
org/jsoup/select/QueryParser.java:96: error: non-static variable tq cannot be referenced from a static context
							query, tq.remainder());
							       ^
org/jsoup/select/QueryParser.java:98: error: cannot find symbol
            return p.parse();
                   ^
  symbol:   variable p
  location: class QueryParser
57 errors

780887 [main] INFO clegoues.genprog4java.rep.CachingRepresentation  - StmtDelete(403) StmtDelete(202) StmtAppend(181,260) at variant136 fails to compile

780887 [main] INFO clegoues.genprog4java.fitness.Fitness  - 	 gen: 2 0.0 StmtDelete(403) StmtDelete(202) StmtAppend(181,260) (stored at: variant136)
780955 [main] ERROR clegoues.genprog4java.rep.JavaRepresentation  - org/jsoup/parser/TokenQueue.java:290: error: cannot find symbol
        return out;
               ^
  symbol:   variable out
  location: class TokenQueue
1 error

780955 [main] INFO clegoues.genprog4java.rep.CachingRepresentation  - StmtDelete(125) at variant137 fails to compile

780956 [main] INFO clegoues.genprog4java.fitness.Fitness  - 	 gen: 2 0.0 StmtDelete(125) (stored at: variant137)
781013 [main] ERROR clegoues.genprog4java.rep.JavaRepresentation  - org/jsoup/select/QueryParser.java:219: error: cannot find symbol
        Validate.notEmpty(className);
                          ^
  symbol:   variable className
  location: class QueryParser
org/jsoup/select/QueryParser.java:220: error: cannot find symbol
        evals.add(new Evaluator.Class(className.trim()));
                                      ^
  symbol:   variable className
  location: class QueryParser
2 errors

781013 [main] INFO clegoues.genprog4java.rep.CachingRepresentation  - StmtDelete(398) StmtAppend(320,310) at variant138 fails to compile

781013 [main] INFO clegoues.genprog4java.fitness.Fitness  - 	 gen: 2 0.0 StmtDelete(398) StmtAppend(320,310) (stored at: variant138)
782209 [main] INFO clegoues.genprog4java.fitness.Fitness  - 	 gen: 2 1.0 StmtDelete(224) StmtAppend(344,185) (stored at: variant139)
783513 [main] INFO clegoues.genprog4java.fitness.Fitness  - 	 gen: 2 2.0 StmtReplace(268,359) StmtAppend(218,273) (stored at: variant140)
1105775 [main] INFO clegoues.genprog4java.fitness.Fitness  - 	 gen: 2 1.0 StmtReplace(252,290) StmtReplace(196,313) (stored at: variant141)
1106696 [main] INFO clegoues.genprog4java.fitness.Fitness  - 	 gen: 2 1.0 StmtDelete(222) (stored at: variant142)
1106707 [main] ERROR clegoues.genprog4java.rep.JavaRepresentation  - org/jsoup/parser/TokenQueue.java:58: error: ';' expected
    public void addFirst(String seq) throw new IllegalStateException("Queue not long enough to consume sequence");
                                    ^
1 error

1106707 [main] INFO clegoues.genprog4java.rep.CachingRepresentation  - StmtReplace(11,55) at variant143 fails to compile

1106707 [main] INFO clegoues.genprog4java.fitness.Fitness  - 	 gen: 2 0.0 StmtReplace(11,55) (stored at: variant143)
1107532 [main] INFO clegoues.genprog4java.fitness.Fitness  - 	 gen: 2 2.0 StmtAppend(301,304) (stored at: variant144)
1108474 [main] INFO clegoues.genprog4java.fitness.Fitness  - 	 gen: 2 2.0 StmtDelete(398) StmtDelete(9) StmtAppend(229,260) (stored at: variant145)
1108518 [main] ERROR clegoues.genprog4java.rep.JavaRepresentation  - org/jsoup/parser/TokenQueue.java:188: error: unreachable statement
			{
			^
1 error

1108518 [main] INFO clegoues.genprog4java.rep.CachingRepresentation  - StmtDelete(202) StmtAppend(60,66) at variant146 fails to compile

1108518 [main] INFO clegoues.genprog4java.fitness.Fitness  - 	 gen: 2 0.0 StmtDelete(202) StmtAppend(60,66) (stored at: variant146)
1108529 [main] ERROR clegoues.genprog4java.rep.JavaRepresentation  - org/jsoup/parser/TokenQueue.java:191: error: ';' expected
    public String consumeToIgnoreCase(String seq) pos++;
                                                 ^
1 error

1108529 [main] INFO clegoues.genprog4java.rep.CachingRepresentation  - StmtReplace(66,47) at variant147 fails to compile

1108529 [main] INFO clegoues.genprog4java.fitness.Fitness  - 	 gen: 2 0.0 StmtReplace(66,47) (stored at: variant147)
1108568 [main] ERROR clegoues.genprog4java.rep.JavaRepresentation  - org/jsoup/parser/TokenQueue.java:191: error: unreachable statement
		if (!matches(seq))
		^
org/jsoup/parser/TokenQueue.java:193: error: missing return statement
	}
	^
2 errors

1108568 [main] INFO clegoues.genprog4java.rep.CachingRepresentation  - StmtAppend(57,51) at variant148 fails to compile

1108568 [main] INFO clegoues.genprog4java.fitness.Fitness  - 	 gen: 2 0.0 StmtAppend(57,51) (stored at: variant148)
1108606 [main] ERROR clegoues.genprog4java.rep.JavaRepresentation  - org/jsoup/parser/TokenQueue.java:299: error: non-static variable pos cannot be referenced from a static context
        pos++;
        ^
org/jsoup/parser/TokenQueue.java:302: error: cannot find symbol
                if (last != 0 && last == ESC)
                    ^
  symbol:   variable last
  location: class TokenQueue
org/jsoup/parser/TokenQueue.java:302: error: cannot find symbol
                if (last != 0 && last == ESC)
                                 ^
  symbol:   variable last
  location: class TokenQueue
org/jsoup/parser/TokenQueue.java:307: error: cannot find symbol
            last = c;
            ^
  symbol:   variable last
  location: class TokenQueue
4 errors

1108606 [main] INFO clegoues.genprog4java.rep.CachingRepresentation  - StmtDelete(403) StmtAppend(186,188) StmtReplace(129,149) at variant149 fails to compile

1108606 [main] INFO clegoues.genprog4java.fitness.Fitness  - 	 gen: 2 0.0 StmtDelete(403) StmtAppend(186,188) StmtReplace(129,149) (stored at: variant149)
1108654 [main] ERROR clegoues.genprog4java.rep.JavaRepresentation  - org/jsoup/parser/TokenQueue.java:231: error: cannot find symbol
        return queue.substring(start, pos);
                               ^
  symbol:   variable start
  location: class TokenQueue
1 error

1108654 [main] INFO clegoues.genprog4java.rep.CachingRepresentation  - StmtAppend(29,80) StmtDelete(9) StmtDelete(85) at variant150 fails to compile

1108654 [main] INFO clegoues.genprog4java.fitness.Fitness  - 	 gen: 2 0.0 StmtAppend(29,80) StmtDelete(9) StmtDelete(85) (stored at: variant150)
1108665 [main] ERROR clegoues.genprog4java.rep.JavaRepresentation  - org/jsoup/parser/TokenQueue.java:191: error: ';' expected
    public String consumeToIgnoreCase(String seq) pos += seq.length();
                                                 ^
1 error

1108666 [main] INFO clegoues.genprog4java.rep.CachingRepresentation  - StmtReplace(66,37) at variant151 fails to compile

1108666 [main] INFO clegoues.genprog4java.fitness.Fitness  - 	 gen: 2 0.0 StmtReplace(66,37) (stored at: variant151)
1116851 [main] INFO clegoues.genprog4java.fitness.Fitness  - 	 gen: 2 1.0 StmtReplace(78,45) StmtDelete(239) StmtDelete(105) (stored at: variant152)
1117882 [main] INFO clegoues.genprog4java.fitness.Fitness  - 	 gen: 2 2.0 StmtAppend(72,82) (stored at: variant153)
1117883 [main] INFO clegoues.genprog4java.Search.Search  - search: generation3
1215628 [main] INFO clegoues.genprog4java.fitness.Fitness  - 	 gen: 3 0.0 StmtDelete(286) StmtAppend(11,88) StmtDelete(249) (stored at: variant154)
1215666 [main] ERROR clegoues.genprog4java.rep.JavaRepresentation  - org/jsoup/parser/TokenQueue.java:352: error: cannot find symbol
        return queue.substring(start, pos);
                               ^
  symbol:   variable start
  location: class TokenQueue
1 error

1215666 [main] INFO clegoues.genprog4java.rep.CachingRepresentation  - StmtAppend(72,82) StmtAppend(152,164) at variant155 fails to compile

1215666 [main] INFO clegoues.genprog4java.fitness.Fitness  - 	 gen: 3 0.0 StmtAppend(72,82) StmtAppend(152,164) (stored at: variant155)
1216676 [main] INFO clegoues.genprog4java.fitness.Fitness  - 	 gen: 3 1.0 StmtDelete(224) StmtDelete(239) StmtReplace(312,296) StmtAppend(179,274) (stored at: variant156)
1217694 [main] INFO clegoues.genprog4java.fitness.Fitness  - 	 gen: 3 2.0 StmtDelete(403) StmtDelete(358) StmtAppend(280,301) StmtDelete(77) (stored at: variant157)
1218895 [main] INFO clegoues.genprog4java.fitness.Fitness  - 	 gen: 3 1.0 StmtDelete(403) StmtDelete(358) StmtAppend(280,301) StmtAppend(265,308) (stored at: variant158)
1729631 [main] INFO clegoues.genprog4java.fitness.Fitness  - 	 gen: 3 0.0 StmtReplace(252,290) StmtReplace(196,313) StmtReplace(286,206) (stored at: variant159)
1730899 [main] INFO clegoues.genprog4java.fitness.Fitness  - 	 gen: 3 0.0 StmtDelete(224) StmtDelete(239) StmtReplace(312,296) StmtDelete(322) (stored at: variant160)
1732035 [main] INFO clegoues.genprog4java.fitness.Fitness  - 	 gen: 3 2.0 StmtDelete(81) StmtReplace(398,265) StmtDelete(263) (stored at: variant161)
1733194 [main] INFO clegoues.genprog4java.fitness.Fitness  - 	 gen: 3 0.0 StmtAppend(29,80) StmtAppend(186,188) StmtDelete(50) StmtReplace(266,360) (stored at: variant162)
2021276 [main] INFO clegoues.genprog4java.fitness.Fitness  - 	 gen: 3 0.0 StmtDelete(224) StmtDelete(239) StmtReplace(312,296) StmtReplace(197,114) (stored at: variant163)
2022056 [main] INFO clegoues.genprog4java.fitness.Fitness  - 	 gen: 3 1.0 StmtAppend(29,80) StmtAppend(186,188) StmtReplace(9,45) StmtReplace(395,276) (stored at: variant164)
2022700 [main] INFO clegoues.genprog4java.fitness.Fitness  - 	 gen: 3 2.0 StmtDelete(224) StmtDelete(239) StmtReplace(312,296) StmtReplace(274,201) (stored at: variant165)
2023460 [main] INFO clegoues.genprog4java.fitness.Fitness  - 	 gen: 3 0.0 StmtDelete(403) StmtDelete(358) StmtAppend(280,301) StmtReplace(109,137) (stored at: variant166)
2120097 [main] INFO clegoues.genprog4java.fitness.Fitness  - 	 gen: 3 2.0 StmtDelete(356) StmtReplace(342,179) StmtDelete(9) StmtDelete(268) (stored at: variant167)
2408153 [main] INFO clegoues.genprog4java.fitness.Fitness  - 	 gen: 3 0.0 StmtAppend(72,82) StmtDelete(159) (stored at: variant168)
2409062 [main] INFO clegoues.genprog4java.fitness.Fitness  - 	 gen: 3 0.0 StmtAppend(301,304) StmtReplace(35,44) (stored at: variant169)
2409128 [main] ERROR clegoues.genprog4java.rep.JavaRepresentation  - org/jsoup/parser/TokenQueue.java:126: error: missing return statement
    }
    ^
1 error

2409128 [main] INFO clegoues.genprog4java.rep.CachingRepresentation  - StmtReplace(268,359) StmtAppend(218,273) StmtReplace(40,25) at variant170 fails to compile

2409128 [main] INFO clegoues.genprog4java.fitness.Fitness  - 	 gen: 3 0.0 StmtReplace(268,359) StmtAppend(218,273) StmtReplace(40,25) (stored at: variant170)
2410060 [main] INFO clegoues.genprog4java.fitness.Fitness  - 	 gen: 3 2.0 StmtAppend(29,80) StmtAppend(186,188) StmtReplace(9,45) StmtAppend(223,195) (stored at: variant171)
2411270 [main] INFO clegoues.genprog4java.fitness.Fitness  - 	 gen: 3 2.0 StmtDelete(27) StmtDelete(187) StmtDelete(301) (stored at: variant172)
2411320 [main] ERROR clegoues.genprog4java.rep.JavaRepresentation  - org/jsoup/parser/TokenQueue.java:229: error: incompatible types: String[] cannot be converted to String
				if (!matches(seq))
				             ^
org/jsoup/parser/TokenQueue.java:231: error: cannot find symbol
				int len = seq.length();
				             ^
  symbol:   method length()
  location: variable seq of type String[]
Note: Some messages have been simplified; recompile with -Xdiags:verbose to get full output
2 errors

2411320 [main] INFO clegoues.genprog4java.rep.CachingRepresentation  - StmtDelete(398) StmtReplace(268,359) StmtAppend(104,78) StmtAppend(86,50) at variant173 fails to compile

2411321 [main] INFO clegoues.genprog4java.fitness.Fitness  - 	 gen: 3 0.0 StmtDelete(398) StmtReplace(268,359) StmtAppend(104,78) StmtAppend(86,50) (stored at: variant173)
2412633 [main] INFO clegoues.genprog4java.fitness.Fitness  - 	 gen: 3 2.0 StmtAppend(29,80) StmtAppend(186,188) StmtReplace(9,45) StmtAppend(403,270) (stored at: variant174)
2413965 [main] INFO clegoues.genprog4java.fitness.Fitness  - 	 gen: 3 2.0 StmtAppend(29,80) StmtAppend(186,188) StmtReplace(9,45) StmtDelete(388) (stored at: variant175)
2415092 [main] INFO clegoues.genprog4java.fitness.Fitness  - 	 gen: 3 1.0 StmtDelete(81) StmtReplace(398,265) StmtReplace(118,159) (stored at: variant176)
2415128 [main] ERROR clegoues.genprog4java.rep.JavaRepresentation  - org/jsoup/select/QueryParser.java:369: error: cannot find symbol
        Validate.notEmpty(regex, ":matches(regex) query must not be empty");
                          ^
  symbol:   variable regex
  location: class QueryParser
org/jsoup/select/QueryParser.java:372: error: cannot find symbol
            evals.add(new Evaluator.MatchesOwn(Pattern.compile(regex)));
                                                               ^
  symbol:   variable regex
  location: class QueryParser
org/jsoup/select/QueryParser.java:374: error: cannot find symbol
            evals.add(new Evaluator.Matches(Pattern.compile(regex)));
                                                            ^
  symbol:   variable regex
  location: class QueryParser
3 errors

2415128 [main] INFO clegoues.genprog4java.rep.CachingRepresentation  - StmtAppend(301,304) StmtReplace(419,190) at variant177 fails to compile

2415128 [main] INFO clegoues.genprog4java.fitness.Fitness  - 	 gen: 3 0.0 StmtAppend(301,304) StmtReplace(419,190) (stored at: variant177)
2415169 [main] ERROR clegoues.genprog4java.rep.JavaRepresentation  - org/jsoup/parser/TokenQueue.java:341: error: missing return statement
	}
	^
1 error

2415169 [main] INFO clegoues.genprog4java.rep.CachingRepresentation  - StmtDelete(356) StmtReplace(342,179) StmtDelete(9) StmtDelete(151) at variant178 fails to compile

2415170 [main] INFO clegoues.genprog4java.fitness.Fitness  - 	 gen: 3 0.0 StmtDelete(356) StmtReplace(342,179) StmtDelete(9) StmtDelete(151) (stored at: variant178)
2415219 [main] ERROR clegoues.genprog4java.rep.JavaRepresentation  - org/jsoup/select/QueryParser.java:235: error: cannot find symbol
        String key = cq.consumeToAny(AttributeEvals); // eq, not, start, end, contain, match, (no val)
                     ^
  symbol:   variable cq
  location: class QueryParser
org/jsoup/select/QueryParser.java:237: error: cannot find symbol
        cq.consumeWhitespace();
        ^
  symbol:   variable cq
  location: class QueryParser
org/jsoup/select/QueryParser.java:239: error: cannot find symbol
        if (cq.isEmpty()) {
            ^
  symbol:   variable cq
  location: class QueryParser
org/jsoup/select/QueryParser.java:245: error: cannot find symbol
            if (cq.matchChomp("="))
                ^
  symbol:   variable cq
  location: class QueryParser
org/jsoup/select/QueryParser.java:246: error: cannot find symbol
                evals.add(new Evaluator.AttributeWithValue(key, cq.remainder()));
                                                                ^
  symbol:   variable cq
  location: class QueryParser
org/jsoup/select/QueryParser.java:248: error: cannot find symbol
            else if (cq.matchChomp("!="))
                     ^
  symbol:   variable cq
  location: class QueryParser
org/jsoup/select/QueryParser.java:249: error: cannot find symbol
                evals.add(new Evaluator.AttributeWithValueNot(key, cq.remainder()));
                                                                   ^
  symbol:   variable cq
  location: class QueryParser
org/jsoup/select/QueryParser.java:251: error: cannot find symbol
            else if (cq.matchChomp("^="))
                     ^
  symbol:   variable cq
  location: class QueryParser
org/jsoup/select/QueryParser.java:252: error: cannot find symbol
                evals.add(new Evaluator.AttributeWithValueStarting(key, cq.remainder()));
                                                                        ^
  symbol:   variable cq
  location: class QueryParser
org/jsoup/select/QueryParser.java:254: error: cannot find symbol
            else if (cq.matchChomp("$="))
                     ^
  symbol:   variable cq
  location: class QueryParser
org/jsoup/select/QueryParser.java:255: error: cannot find symbol
                evals.add(new Evaluator.AttributeWithValueEnding(key, cq.remainder()));
                                                                      ^
  symbol:   variable cq
  location: class QueryParser
org/jsoup/select/QueryParser.java:257: error: cannot find symbol
            else if (cq.matchChomp("*="))
                     ^
  symbol:   variable cq
  location: class QueryParser
org/jsoup/select/QueryParser.java:258: error: cannot find symbol
                evals.add(new Evaluator.AttributeWithValueContaining(key, cq.remainder()));
                                                                          ^
  symbol:   variable cq
  location: class QueryParser
org/jsoup/select/QueryParser.java:260: error: cannot find symbol
            else if (cq.matchChomp("~="))
                     ^
  symbol:   variable cq
  location: class QueryParser
org/jsoup/select/QueryParser.java:261: error: cannot find symbol
                evals.add(new Evaluator.AttributeWithValueMatching(key, Pattern.compile(cq.remainder())));
                                                                                        ^
  symbol:   variable cq
  location: class QueryParser
org/jsoup/select/QueryParser.java:263: error: cannot find symbol
                throw new Selector.SelectorParseException("Could not parse attribute query '%s': unexpected token at '%s'", query, cq.remainder());
                                                                                                                                   ^
  symbol:   variable cq
  location: class QueryParser
16 errors

2415219 [main] INFO clegoues.genprog4java.rep.CachingRepresentation  - StmtDelete(224) StmtDelete(239) StmtReplace(312,296) StmtAppend(334,311) at variant179 fails to compile

2415219 [main] INFO clegoues.genprog4java.fitness.Fitness  - 	 gen: 3 0.0 StmtDelete(224) StmtDelete(239) StmtReplace(312,296) StmtAppend(334,311) (stored at: variant179)
2415258 [main] ERROR clegoues.genprog4java.rep.JavaRepresentation  - org/jsoup/parser/TokenQueue.java:332: error: cannot find symbol
        return queue.substring(start, pos);
                               ^
  symbol:   variable start
  location: class TokenQueue
1 error

2415258 [main] INFO clegoues.genprog4java.rep.CachingRepresentation  - StmtDelete(415) StmtDelete(9) StmtReplace(423,422) StmtReplace(147,13) at variant180 fails to compile

2415258 [main] INFO clegoues.genprog4java.fitness.Fitness  - 	 gen: 3 0.0 StmtDelete(415) StmtDelete(9) StmtReplace(423,422) StmtReplace(147,13) (stored at: variant180)
2526801 [main] INFO clegoues.genprog4java.fitness.Fitness  - 	 gen: 3 1.0 StmtAppend(29,80) StmtAppend(186,188) StmtReplace(9,45) StmtAppend(220,177) (stored at: variant181)
2527753 [main] INFO clegoues.genprog4java.fitness.Fitness  - 	 gen: 3 2.0 StmtReplace(78,45) StmtDelete(202) StmtAppend(361,287) StmtReplace(322,286) (stored at: variant182)
2527783 [main] ERROR clegoues.genprog4java.rep.JavaRepresentation  - org/jsoup/select/QueryParser.java:329: error: variable a might not have been initialized
				evals.add(new Evaluator.IsNthLastOfType(a, b));
				                                        ^
org/jsoup/select/QueryParser.java:329: error: variable b might not have been initialized
				evals.add(new Evaluator.IsNthLastOfType(a, b));
				                                           ^
org/jsoup/select/QueryParser.java:331: error: variable a might not have been initialized
				evals.add(new Evaluator.IsNthOfType(a, b));
				                                    ^
org/jsoup/select/QueryParser.java:331: error: variable b might not have been initialized
				evals.add(new Evaluator.IsNthOfType(a, b));
				                                       ^
org/jsoup/select/QueryParser.java:334: error: variable a might not have been initialized
				evals.add(new Evaluator.IsNthLastChild(a, b));
				                                       ^
org/jsoup/select/QueryParser.java:334: error: variable b might not have been initialized
				evals.add(new Evaluator.IsNthLastChild(a, b));
				                                          ^
org/jsoup/select/QueryParser.java:336: error: variable a might not have been initialized
				evals.add(new Evaluator.IsNthChild(a, b));
				                                   ^
org/jsoup/select/QueryParser.java:336: error: variable b might not have been initialized
				evals.add(new Evaluator.IsNthChild(a, b));
				                                      ^
8 errors

2527783 [main] INFO clegoues.genprog4java.rep.CachingRepresentation  - StmtAppend(72,82) StmtReplace(374,284) at variant183 fails to compile

2527783 [main] INFO clegoues.genprog4java.fitness.Fitness  - 	 gen: 3 0.0 StmtAppend(72,82) StmtReplace(374,284) (stored at: variant183)
2528762 [main] INFO clegoues.genprog4java.fitness.Fitness  - 	 gen: 3 2.0 StmtDelete(224) StmtDelete(239) StmtReplace(312,296) StmtReplace(118,64) (stored at: variant184)
2529969 [main] INFO clegoues.genprog4java.fitness.Fitness  - 	 gen: 3 2.0 StmtReplace(393,279) StmtReplace(252,290) StmtReplace(299,198) StmtDelete(358) (stored at: variant185)
2530832 [main] INFO clegoues.genprog4java.fitness.Fitness  - 	 gen: 3 2.0 StmtReplace(393,279) StmtReplace(252,290) StmtReplace(299,198) StmtAppend(294,281) (stored at: variant186)
2530860 [main] ERROR clegoues.genprog4java.rep.JavaRepresentation  - org/jsoup/select/QueryParser.java:40: error: cannot find symbol
            return p.parse();
                   ^
  symbol:   variable p
  location: class QueryParser
1 error

2530860 [main] INFO clegoues.genprog4java.rep.CachingRepresentation  - StmtDelete(81) StmtReplace(398,265) StmtDelete(181) at variant187 fails to compile

2530860 [main] INFO clegoues.genprog4java.fitness.Fitness  - 	 gen: 3 0.0 StmtDelete(81) StmtReplace(398,265) StmtDelete(181) (stored at: variant187)
2627441 [main] INFO clegoues.genprog4java.fitness.Fitness  - 	 gen: 3 1.0 StmtDelete(286) StmtAppend(11,88) StmtDelete(121) (stored at: variant188)
2723824 [main] INFO clegoues.genprog4java.fitness.Fitness  - 	 gen: 3 1.0 StmtDelete(286) StmtAppend(11,88) StmtReplace(289,190) (stored at: variant189)
2724963 [main] INFO clegoues.genprog4java.fitness.Fitness  - 	 gen: 3 2.0 StmtDelete(415) StmtDelete(9) StmtReplace(423,422) StmtReplace(355,281) (stored at: variant190)
2725012 [main] ERROR clegoues.genprog4java.rep.JavaRepresentation  - org/jsoup/parser/TokenQueue.java:298: error: non-static method remainingLength() cannot be referenced from a static context
				return remainingLength() == 0;
				       ^
org/jsoup/parser/TokenQueue.java:298: error: incompatible types: boolean cannot be converted to String
				return remainingLength() == 0;
				                         ^
2 errors

2725013 [main] INFO clegoues.genprog4java.rep.CachingRepresentation  - StmtAppend(29,80) StmtAppend(186,188) StmtDelete(50) StmtReplace(133,3) at variant191 fails to compile

2725013 [main] INFO clegoues.genprog4java.fitness.Fitness  - 	 gen: 3 0.0 StmtAppend(29,80) StmtAppend(186,188) StmtDelete(50) StmtReplace(133,3) (stored at: variant191)
2725078 [main] ERROR clegoues.genprog4java.rep.JavaRepresentation  - org/jsoup/parser/TokenQueue.java:310: error: non-static variable pos cannot be referenced from a static context
					int start = pos;
					            ^
org/jsoup/parser/TokenQueue.java:311: error: non-static method isEmpty() cannot be referenced from a static context
					while (!isEmpty() && (matchesWord() || matchesAny('-', '_')))
					        ^
org/jsoup/parser/TokenQueue.java:311: error: non-static method matchesWord() cannot be referenced from a static context
					while (!isEmpty() && (matchesWord() || matchesAny('-', '_')))
					                      ^
org/jsoup/parser/TokenQueue.java:311: error: non-static method matchesAny(char...) cannot be referenced from a static context
					while (!isEmpty() && (matchesWord() || matchesAny('-', '_')))
					                                       ^
org/jsoup/parser/TokenQueue.java:312: error: non-static variable pos cannot be referenced from a static context
						pos++;
						^
org/jsoup/parser/TokenQueue.java:313: error: non-static variable pos cannot be referenced from a static context
					return queue.substring(start, pos);
					                              ^
org/jsoup/parser/TokenQueue.java:313: error: non-static variable queue cannot be referenced from a static context
					return queue.substring(start, pos);
					       ^
7 errors

2725078 [main] INFO clegoues.genprog4java.rep.CachingRepresentation  - StmtAppend(301,304) StmtAppend(137,161) at variant192 fails to compile

2725078 [main] INFO clegoues.genprog4java.fitness.Fitness  - 	 gen: 3 0.0 StmtAppend(301,304) StmtAppend(137,161) (stored at: variant192)
2725182 [main] ERROR clegoues.genprog4java.rep.JavaRepresentation  - org/jsoup/parser/TokenQueue.java:128: error: unreachable statement
			pos += seq.length();
			^
org/jsoup/parser/TokenQueue.java:132: error: missing return statement
    }
    ^
2 errors

2725183 [main] INFO clegoues.genprog4java.rep.CachingRepresentation  - StmtAppend(29,80) StmtAppend(186,188) StmtReplace(9,45) StmtAppend(36,37) at variant193 fails to compile

2725183 [main] INFO clegoues.genprog4java.fitness.Fitness  - 	 gen: 3 0.0 StmtAppend(29,80) StmtAppend(186,188) StmtReplace(9,45) StmtAppend(36,37) (stored at: variant193)
2725247 [main] ERROR clegoues.genprog4java.rep.JavaRepresentation  - org/jsoup/select/QueryParser.java:328: error: variable a might not have been initialized
				evals.add(new Evaluator.IsNthLastOfType(a, b));
				                                        ^
org/jsoup/select/QueryParser.java:328: error: variable b might not have been initialized
				evals.add(new Evaluator.IsNthLastOfType(a, b));
				                                           ^
org/jsoup/select/QueryParser.java:330: error: variable a might not have been initialized
				evals.add(new Evaluator.IsNthOfType(a, b));
				                                    ^
org/jsoup/select/QueryParser.java:330: error: variable b might not have been initialized
				evals.add(new Evaluator.IsNthOfType(a, b));
				                                       ^
org/jsoup/select/QueryParser.java:333: error: variable a might not have been initialized
				evals.add(new Evaluator.IsNthLastChild(a, b));
				                                       ^
org/jsoup/select/QueryParser.java:333: error: variable b might not have been initialized
				evals.add(new Evaluator.IsNthLastChild(a, b));
				                                          ^
org/jsoup/select/QueryParser.java:335: error: variable a might not have been initialized
				evals.add(new Evaluator.IsNthChild(a, b));
				                                   ^
org/jsoup/select/QueryParser.java:335: error: variable b might not have been initialized
				evals.add(new Evaluator.IsNthChild(a, b));
				                                      ^
8 errors

2725247 [main] INFO clegoues.genprog4java.rep.CachingRepresentation  - StmtDelete(286) StmtAppend(186,188) StmtReplace(9,45) StmtReplace(382,266) at variant194 fails to compile

2725247 [main] INFO clegoues.genprog4java.fitness.Fitness  - 	 gen: 3 0.0 StmtDelete(286) StmtAppend(186,188) StmtReplace(9,45) StmtReplace(382,266) (stored at: variant194)
2725297 [main] ERROR clegoues.genprog4java.rep.JavaRepresentation  - org/jsoup/parser/TokenQueue.java:300: error: non-static variable pos cannot be referenced from a static context
        {for (char c:in.toCharArray()){if (c == ESC){if (last != 0 && last == ESC)out.append(c);} else out.append(c);last=c;}pos++;}
                                                                                                                             ^
1 error

2725298 [main] INFO clegoues.genprog4java.rep.CachingRepresentation  - StmtAppend(130,149) at variant195 fails to compile

2725298 [main] INFO clegoues.genprog4java.fitness.Fitness  - 	 gen: 3 0.0 StmtAppend(130,149) (stored at: variant195)
2726373 [main] INFO clegoues.genprog4java.fitness.Fitness  - 	 gen: 3 1.0 StmtDelete(224) StmtReplace(388,271) (stored at: variant196)
2726417 [main] ERROR clegoues.genprog4java.rep.JavaRepresentation  - org/jsoup/parser/TokenQueue.java:271: error: cannot find symbol
                if ((c.equals('\'') || c.equals('"')) && c != open)
                     ^
  symbol:   variable c
  location: class TokenQueue
org/jsoup/parser/TokenQueue.java:271: error: cannot find symbol
                if ((c.equals('\'') || c.equals('"')) && c != open)
                                       ^
  symbol:   variable c
  location: class TokenQueue
org/jsoup/parser/TokenQueue.java:271: error: cannot find symbol
                if ((c.equals('\'') || c.equals('"')) && c != open)
                                                         ^
  symbol:   variable c
  location: class TokenQueue
org/jsoup/parser/TokenQueue.java:275: error: cannot find symbol
                if (c.equals(open)) {
                    ^
  symbol:   variable c
  location: class TokenQueue
org/jsoup/parser/TokenQueue.java:280: error: cannot find symbol
                else if (c.equals(close))
                         ^
  symbol:   variable c
  location: class TokenQueue
org/jsoup/parser/TokenQueue.java:286: error: cannot find symbol
            last = c;
                   ^
  symbol:   variable c
  location: class TokenQueue
6 errors

2726417 [main] INFO clegoues.genprog4java.rep.CachingRepresentation  - StmtDelete(81) StmtReplace(312,296) StmtReplace(108,82) at variant197 fails to compile

2726418 [main] INFO clegoues.genprog4java.fitness.Fitness  - 	 gen: 3 0.0 StmtDelete(81) StmtReplace(312,296) StmtReplace(108,82) (stored at: variant197)
2727477 [main] INFO clegoues.genprog4java.fitness.Fitness  - 	 gen: 3 2.0 StmtAppend(328,413) (stored at: variant198)
2728379 [main] INFO clegoues.genprog4java.fitness.Fitness  - 	 gen: 3 2.0 StmtDelete(358) StmtAppend(280,301) StmtDelete(51) (stored at: variant199)
2728434 [main] ERROR clegoues.genprog4java.rep.JavaRepresentation  - org/jsoup/parser/TokenQueue.java:355: error: missing return statement
	}
	^
1 error

2728434 [main] INFO clegoues.genprog4java.rep.CachingRepresentation  - StmtDelete(403) StmtDelete(156) at variant200 fails to compile

2728434 [main] INFO clegoues.genprog4java.fitness.Fitness  - 	 gen: 3 0.0 StmtDelete(403) StmtDelete(156) (stored at: variant200)
2729400 [main] INFO clegoues.genprog4java.fitness.Fitness  - 	 gen: 3 2.0 StmtDelete(356) StmtReplace(342,179) StmtAppend(280,301) StmtReplace(302,281) (stored at: variant201)
2730269 [main] INFO clegoues.genprog4java.fitness.Fitness  - 	 gen: 3 2.0 StmtReplace(321,413) (stored at: variant202)
3018321 [main] INFO clegoues.genprog4java.fitness.Fitness  - 	 gen: 3 0.0 StmtAppend(29,80) StmtAppend(186,188) StmtReplace(398,265) StmtDelete(87) (stored at: variant203)
3019371 [main] INFO clegoues.genprog4java.fitness.Fitness  - 	 gen: 3 1.0 StmtAppend(29,80) StmtAppend(74,92) (stored at: variant204)
3020510 [main] INFO clegoues.genprog4java.fitness.Fitness  - 	 gen: 3 1.0 StmtReplace(78,45) StmtDelete(202) StmtDelete(50) StmtAppend(80,81) (stored at: variant205)
3021285 [main] INFO clegoues.genprog4java.fitness.Fitness  - 	 gen: 3 1.0 StmtDelete(403) StmtDelete(70) (stored at: variant206)
3021323 [main] ERROR clegoues.genprog4java.rep.JavaRepresentation  - org/jsoup/parser/TokenQueue.java:169: error: for-each not applicable to expression type
        {for (String s:seq){if (matches(s))return true;}return false;}
                       ^
  required: array or java.lang.Iterable
  found:    String
org/jsoup/parser/TokenQueue.java:169: error: incompatible types: unexpected return value
        {for (String s:seq){if (matches(s))return true;}return false;}
                                                  ^
org/jsoup/parser/TokenQueue.java:169: error: incompatible types: unexpected return value
        {for (String s:seq){if (matches(s))return true;}return false;}
                                                               ^
3 errors

3021324 [main] INFO clegoues.genprog4java.rep.CachingRepresentation  - StmtReplace(393,279) StmtReplace(252,290) StmtAppend(280,301) StmtReplace(54,18) at variant207 fails to compile

3021324 [main] INFO clegoues.genprog4java.fitness.Fitness  - 	 gen: 3 0.0 StmtReplace(393,279) StmtReplace(252,290) StmtAppend(280,301) StmtReplace(54,18) (stored at: variant207)
3022416 [main] INFO clegoues.genprog4java.fitness.Fitness  - 	 gen: 3 2.0 StmtDelete(356) StmtReplace(398,265) StmtDelete(428) (stored at: variant208)
3023428 [main] INFO clegoues.genprog4java.fitness.Fitness  - 	 gen: 3 2.0 StmtDelete(9) StmtReplace(65,60) (stored at: variant209)
3023460 [main] ERROR clegoues.genprog4java.rep.JavaRepresentation  - org/jsoup/select/QueryParser.java:84: error: cannot find symbol
        Evaluator newEval = parse(subQuery); // the evaluator to add into target evaluator
                                  ^
  symbol:   variable subQuery
  location: class QueryParser
1 error

3023460 [main] INFO clegoues.genprog4java.rep.CachingRepresentation  - StmtAppend(207,313) at variant210 fails to compile

3023460 [main] INFO clegoues.genprog4java.fitness.Fitness  - 	 gen: 3 0.0 StmtAppend(207,313) (stored at: variant210)
3023496 [main] ERROR clegoues.genprog4java.rep.JavaRepresentation  - org/jsoup/select/QueryParser.java:150: error: incompatible types: unexpected return value
				return evals.get(0);
				                ^
1 error

3023496 [main] INFO clegoues.genprog4java.rep.CachingRepresentation  - StmtDelete(286) StmtAppend(265,202) at variant211 fails to compile

3023496 [main] INFO clegoues.genprog4java.fitness.Fitness  - 	 gen: 3 0.0 StmtDelete(286) StmtAppend(265,202) (stored at: variant211)
3024685 [main] INFO clegoues.genprog4java.fitness.Fitness  - 	 gen: 3 1.0 StmtAppend(29,80) StmtAppend(186,188) StmtAppend(186,188) StmtDelete(50) StmtAppend(309,284) (stored at: variant212)
3024718 [main] ERROR clegoues.genprog4java.rep.JavaRepresentation  - org/jsoup/select/QueryParser.java:54: error: incompatible types: int cannot be converted to Evaluator
				return Integer.parseInt(indexS);
				                       ^
1 error

3024718 [main] INFO clegoues.genprog4java.rep.CachingRepresentation  - StmtReplace(188,396) at variant213 fails to compile

3024718 [main] INFO clegoues.genprog4java.fitness.Fitness  - 	 gen: 3 0.0 StmtReplace(188,396) (stored at: variant213)
3025936 [main] INFO clegoues.genprog4java.fitness.Fitness  - 	 gen: 3 0.0 StmtAppend(86,11) (stored at: variant214)
3027150 [main] INFO clegoues.genprog4java.fitness.Fitness  - 	 gen: 3 0.0 StmtDelete(187) StmtReplace(25,149) (stored at: variant215)
3027150 [main] INFO clegoues.genprog4java.Search.Search  - search: generation4
3124647 [main] INFO clegoues.genprog4java.fitness.Fitness  - 	 gen: 4 2.0 StmtDelete(356) StmtReplace(342,179) StmtDelete(9) StmtDelete(268) StmtReplace(395,206) (stored at: variant216)
3125790 [main] INFO clegoues.genprog4java.fitness.Fitness  - 	 gen: 4 2.0 StmtAppend(328,413) StmtReplace(226,245) (stored at: variant217)
3127134 [main] INFO clegoues.genprog4java.fitness.Fitness  - 	 gen: 4 0.0 StmtDelete(224) StmtDelete(239) StmtReplace(312,296) StmtReplace(118,64) StmtDelete(352) (stored at: variant218)
3128183 [main] INFO clegoues.genprog4java.fitness.Fitness  - 	 gen: 4 2.0 StmtAppend(29,80) StmtAppend(186,188) StmtReplace(9,45) StmtAppend(223,195) StmtAppend(393,188) (stored at: variant219)
3128218 [main] ERROR clegoues.genprog4java.rep.JavaRepresentation  - org/jsoup/parser/TokenQueue.java:151: error: incompatible types: unexpected return value
				return false;
				       ^
1 error

3128218 [main] INFO clegoues.genprog4java.rep.CachingRepresentation  - StmtReplace(321,413) StmtAppend(46,25) at variant220 fails to compile

3128218 [main] INFO clegoues.genprog4java.fitness.Fitness  - 	 gen: 4 0.0 StmtReplace(321,413) StmtAppend(46,25) (stored at: variant220)
3128258 [main] ERROR clegoues.genprog4java.rep.JavaRepresentation  - org/jsoup/parser/TokenQueue.java:181: error: incompatible types: boolean cannot be converted to String
			matches(true);
			        ^
org/jsoup/parser/TokenQueue.java:183: error: cannot find symbol
        if (offset != -1) {
            ^
  symbol:   variable offset
  location: class TokenQueue
org/jsoup/parser/TokenQueue.java:184: error: cannot find symbol
            String consumed = queue.substring(pos, offset);
                                                   ^
  symbol:   variable offset
  location: class TokenQueue
Note: Some messages have been simplified; recompile with -Xdiags:verbose to get full output
3 errors

3128258 [main] INFO clegoues.genprog4java.rep.CachingRepresentation  - StmtDelete(27) StmtDelete(187) StmtDelete(301) StmtAppend(58,287) at variant221 fails to compile

3128258 [main] INFO clegoues.genprog4java.fitness.Fitness  - 	 gen: 4 0.0 StmtDelete(27) StmtDelete(187) StmtDelete(301) StmtAppend(58,287) (stored at: variant221)
3128287 [main] ERROR clegoues.genprog4java.rep.JavaRepresentation  - org/jsoup/select/QueryParser.java:271: error: ';' expected
    private void allElements() if (tq.matchChomp("."))
                              ^
org/jsoup/select/QueryParser.java:273: error: illegal start of type
	else if (tq.matchesWord() || tq.matches("*|"))
	^
org/jsoup/select/QueryParser.java:273: error: ';' expected
	else if (tq.matchesWord() || tq.matches("*|"))
	    ^
org/jsoup/select/QueryParser.java:273: error: illegal start of type
	else if (tq.matchesWord() || tq.matches("*|"))
	        ^
org/jsoup/select/QueryParser.java:273: error: ';' expected
	else if (tq.matchesWord() || tq.matches("*|"))
	           ^
org/jsoup/select/QueryParser.java:273: error: invalid method declaration; return type required
	else if (tq.matchesWord() || tq.matches("*|"))
	            ^
org/jsoup/select/QueryParser.java:273: error: ';' expected
	else if (tq.matchesWord() || tq.matches("*|"))
	                         ^
org/jsoup/select/QueryParser.java:275: error: illegal start of type
	else if (tq.matches("["))
	^
org/jsoup/select/QueryParser.java:275: error: ';' expected
	else if (tq.matches("["))
	    ^
org/jsoup/select/QueryParser.java:275: error: illegal start of type
	else if (tq.matches("["))
	        ^
org/jsoup/select/QueryParser.java:275: error: ';' expected
	else if (tq.matches("["))
	           ^
org/jsoup/select/QueryParser.java:275: error: invalid method declaration; return type required
	else if (tq.matches("["))
	            ^
org/jsoup/select/QueryParser.java:275: error: illegal start of type
	else if (tq.matches("["))
	                    ^
org/jsoup/select/QueryParser.java:275: error: ';' expected
	else if (tq.matches("["))
	                        ^
org/jsoup/select/QueryParser.java:277: error: illegal start of type
	else if (tq.matchChomp("*"))
	^
org/jsoup/select/QueryParser.java:277: error: ';' expected
	else if (tq.matchChomp("*"))
	    ^
org/jsoup/select/QueryParser.java:277: error: illegal start of type
	else if (tq.matchChomp("*"))
	        ^
org/jsoup/select/QueryParser.java:277: error: ';' expected
	else if (tq.matchChomp("*"))
	           ^
org/jsoup/select/QueryParser.java:277: error: invalid method declaration; return type required
	else if (tq.matchChomp("*"))
	            ^
org/jsoup/select/QueryParser.java:277: error: illegal start of type
	else if (tq.matchChomp("*"))
	                       ^
org/jsoup/select/QueryParser.java:277: error: ';' expected
	else if (tq.matchChomp("*"))
	                           ^
org/jsoup/select/QueryParser.java:279: error: illegal start of type
	else if (tq.matchChomp(":lt("))
	^
org/jsoup/select/QueryParser.java:279: error: ';' expected
	else if (tq.matchChomp(":lt("))
	    ^
org/jsoup/select/QueryParser.java:279: error: illegal start of type
	else if (tq.matchChomp(":lt("))
	        ^
org/jsoup/select/QueryParser.java:279: error: ';' expected
	else if (tq.matchChomp(":lt("))
	           ^
org/jsoup/select/QueryParser.java:279: error: invalid method declaration; return type required
	else if (tq.matchChomp(":lt("))
	            ^
org/jsoup/select/QueryParser.java:279: error: illegal start of type
	else if (tq.matchChomp(":lt("))
	                       ^
org/jsoup/select/QueryParser.java:279: error: ';' expected
	else if (tq.matchChomp(":lt("))
	                              ^
org/jsoup/select/QueryParser.java:281: error: illegal start of type
	else if (tq.matchChomp(":gt("))
	^
org/jsoup/select/QueryParser.java:281: error: ';' expected
	else if (tq.matchChomp(":gt("))
	    ^
org/jsoup/select/QueryParser.java:281: error: illegal start of type
	else if (tq.matchChomp(":gt("))
	        ^
org/jsoup/select/QueryParser.java:281: error: ';' expected
	else if (tq.matchChomp(":gt("))
	           ^
org/jsoup/select/QueryParser.java:281: error: invalid method declaration; return type required
	else if (tq.matchChomp(":gt("))
	            ^
org/jsoup/select/QueryParser.java:281: error: illegal start of type
	else if (tq.matchChomp(":gt("))
	                       ^
org/jsoup/select/QueryParser.java:281: error: ';' expected
	else if (tq.matchChomp(":gt("))
	                              ^
org/jsoup/select/QueryParser.java:283: error: illegal start of type
	else if (tq.matchChomp(":eq("))
	^
org/jsoup/select/QueryParser.java:283: error: ';' expected
	else if (tq.matchChomp(":eq("))
	    ^
org/jsoup/select/QueryParser.java:283: error: illegal start of type
	else if (tq.matchChomp(":eq("))
	        ^
org/jsoup/select/QueryParser.java:283: error: ';' expected
	else if (tq.matchChomp(":eq("))
	           ^
org/jsoup/select/QueryParser.java:283: error: invalid method declaration; return type required
	else if (tq.matchChomp(":eq("))
	            ^
org/jsoup/select/QueryParser.java:283: error: illegal start of type
	else if (tq.matchChomp(":eq("))
	                       ^
org/jsoup/select/QueryParser.java:283: error: ';' expected
	else if (tq.matchChomp(":eq("))
	                              ^
org/jsoup/select/QueryParser.java:285: error: illegal start of type
	else if (tq.matches(":has("))
	^
org/jsoup/select/QueryParser.java:285: error: ';' expected
	else if (tq.matches(":has("))
	    ^
org/jsoup/select/QueryParser.java:285: error: illegal start of type
	else if (tq.matches(":has("))
	        ^
org/jsoup/select/QueryParser.java:285: error: ';' expected
	else if (tq.matches(":has("))
	           ^
org/jsoup/select/QueryParser.java:285: error: invalid method declaration; return type required
	else if (tq.matches(":has("))
	            ^
org/jsoup/select/QueryParser.java:285: error: illegal start of type
	else if (tq.matches(":has("))
	                    ^
org/jsoup/select/QueryParser.java:285: error: ';' expected
	else if (tq.matches(":has("))
	                            ^
org/jsoup/select/QueryParser.java:287: error: illegal start of type
	else if (tq.matches(":contains("))
	^
org/jsoup/select/QueryParser.java:287: error: ';' expected
	else if (tq.matches(":contains("))
	    ^
org/jsoup/select/QueryParser.java:287: error: illegal start of type
	else if (tq.matches(":contains("))
	        ^
org/jsoup/select/QueryParser.java:287: error: ';' expected
	else if (tq.matches(":contains("))
	           ^
org/jsoup/select/QueryParser.java:287: error: invalid method declaration; return type required
	else if (tq.matches(":contains("))
	            ^
org/jsoup/select/QueryParser.java:287: error: illegal start of type
	else if (tq.matches(":contains("))
	                    ^
org/jsoup/select/QueryParser.java:287: error: ';' expected
	else if (tq.matches(":contains("))
	                                 ^
org/jsoup/select/QueryParser.java:289: error: illegal start of type
	else if (tq.matches(":containsOwn("))
	^
org/jsoup/select/QueryParser.java:289: error: ';' expected
	else if (tq.matches(":containsOwn("))
	    ^
org/jsoup/select/QueryParser.java:289: error: illegal start of type
	else if (tq.matches(":containsOwn("))
	        ^
org/jsoup/select/QueryParser.java:289: error: ';' expected
	else if (tq.matches(":containsOwn("))
	           ^
org/jsoup/select/QueryParser.java:289: error: invalid method declaration; return type required
	else if (tq.matches(":containsOwn("))
	            ^
org/jsoup/select/QueryParser.java:289: error: illegal start of type
	else if (tq.matches(":containsOwn("))
	                    ^
org/jsoup/select/QueryParser.java:289: error: ';' expected
	else if (tq.matches(":containsOwn("))
	                                    ^
org/jsoup/select/QueryParser.java:291: error: illegal start of type
	else if (tq.matches(":containsData("))
	^
org/jsoup/select/QueryParser.java:291: error: ';' expected
	else if (tq.matches(":containsData("))
	    ^
org/jsoup/select/QueryParser.java:291: error: illegal start of type
	else if (tq.matches(":containsData("))
	        ^
org/jsoup/select/QueryParser.java:291: error: ';' expected
	else if (tq.matches(":containsData("))
	           ^
org/jsoup/select/QueryParser.java:291: error: invalid method declaration; return type required
	else if (tq.matches(":containsData("))
	            ^
org/jsoup/select/QueryParser.java:291: error: illegal start of type
	else if (tq.matches(":containsData("))
	                    ^
org/jsoup/select/QueryParser.java:291: error: ';' expected
	else if (tq.matches(":containsData("))
	                                     ^
org/jsoup/select/QueryParser.java:293: error: illegal start of type
	else if (tq.matches(":matches("))
	^
org/jsoup/select/QueryParser.java:293: error: ';' expected
	else if (tq.matches(":matches("))
	    ^
org/jsoup/select/QueryParser.java:293: error: illegal start of type
	else if (tq.matches(":matches("))
	        ^
org/jsoup/select/QueryParser.java:293: error: ';' expected
	else if (tq.matches(":matches("))
	           ^
org/jsoup/select/QueryParser.java:293: error: invalid method declaration; return type required
	else if (tq.matches(":matches("))
	            ^
org/jsoup/select/QueryParser.java:293: error: illegal start of type
	else if (tq.matches(":matches("))
	                    ^
org/jsoup/select/QueryParser.java:293: error: ';' expected
	else if (tq.matches(":matches("))
	                                ^
org/jsoup/select/QueryParser.java:295: error: illegal start of type
	else if (tq.matches(":matchesOwn("))
	^
org/jsoup/select/QueryParser.java:295: error: ';' expected
	else if (tq.matches(":matchesOwn("))
	    ^
org/jsoup/select/QueryParser.java:295: error: illegal start of type
	else if (tq.matches(":matchesOwn("))
	        ^
org/jsoup/select/QueryParser.java:295: error: ';' expected
	else if (tq.matches(":matchesOwn("))
	           ^
org/jsoup/select/QueryParser.java:295: error: invalid method declaration; return type required
	else if (tq.matches(":matchesOwn("))
	            ^
org/jsoup/select/QueryParser.java:295: error: illegal start of type
	else if (tq.matches(":matchesOwn("))
	                    ^
org/jsoup/select/QueryParser.java:295: error: ';' expected
	else if (tq.matches(":matchesOwn("))
	                                   ^
org/jsoup/select/QueryParser.java:297: error: illegal start of type
	else if (tq.matches(":not("))
	^
org/jsoup/select/QueryParser.java:297: error: ';' expected
	else if (tq.matches(":not("))
	    ^
org/jsoup/select/QueryParser.java:297: error: illegal start of type
	else if (tq.matches(":not("))
	        ^
org/jsoup/select/QueryParser.java:297: error: ';' expected
	else if (tq.matches(":not("))
	           ^
org/jsoup/select/QueryParser.java:297: error: invalid method declaration; return type required
	else if (tq.matches(":not("))
	            ^
org/jsoup/select/QueryParser.java:297: error: illegal start of type
	else if (tq.matches(":not("))
	                    ^
org/jsoup/select/QueryParser.java:297: error: ';' expected
	else if (tq.matches(":not("))
	                            ^
org/jsoup/select/QueryParser.java:299: error: illegal start of type
	else if (tq.matchChomp(":nth-child("))
	^
org/jsoup/select/QueryParser.java:299: error: ';' expected
	else if (tq.matchChomp(":nth-child("))
	    ^
org/jsoup/select/QueryParser.java:299: error: illegal start of type
	else if (tq.matchChomp(":nth-child("))
	        ^
org/jsoup/select/QueryParser.java:299: error: ';' expected
	else if (tq.matchChomp(":nth-child("))
	           ^
org/jsoup/select/QueryParser.java:299: error: invalid method declaration; return type required
	else if (tq.matchChomp(":nth-child("))
	            ^
org/jsoup/select/QueryParser.java:299: error: illegal start of type
	else if (tq.matchChomp(":nth-child("))
	                       ^
org/jsoup/select/QueryParser.java:299: error: ';' expected
	else if (tq.matchChomp(":nth-child("))
	                                     ^
org/jsoup/select/QueryParser.java:301: error: illegal start of type
	else if (tq.matchChomp(":nth-last-child("))
	^
org/jsoup/select/QueryParser.java:301: error: ';' expected
	else if (tq.matchChomp(":nth-last-child("))
	    ^
100 errors

3128288 [main] INFO clegoues.genprog4java.rep.CachingRepresentation  - StmtAppend(29,80) StmtAppend(186,188) StmtReplace(9,45) StmtAppend(223,195) StmtReplace(357,262) at variant222 fails to compile

3128288 [main] INFO clegoues.genprog4java.fitness.Fitness  - 	 gen: 4 0.0 StmtAppend(29,80) StmtAppend(186,188) StmtReplace(9,45) StmtAppend(223,195) StmtReplace(357,262) (stored at: variant222)
3434768 [main] INFO clegoues.genprog4java.fitness.Fitness  - 	 gen: 4 0.0 StmtDelete(356) StmtReplace(342,179) StmtDelete(9) StmtDelete(268) StmtReplace(245,216) (stored at: variant223)
3435805 [main] INFO clegoues.genprog4java.fitness.Fitness  - 	 gen: 4 2.0 StmtDelete(356) StmtReplace(398,265) StmtDelete(428) StmtReplace(285,191) (stored at: variant224)
3435842 [main] ERROR clegoues.genprog4java.rep.JavaRepresentation  - org/jsoup/parser/TokenQueue.java:34: error: unreachable statement
		{
		^
1 error

3435842 [main] INFO clegoues.genprog4java.rep.CachingRepresentation  - StmtDelete(27) StmtDelete(187) StmtDelete(301) StmtAppend(3,39) at variant225 fails to compile

3435842 [main] INFO clegoues.genprog4java.fitness.Fitness  - 	 gen: 4 0.0 StmtDelete(27) StmtDelete(187) StmtDelete(301) StmtAppend(3,39) (stored at: variant225)
3435881 [main] ERROR clegoues.genprog4java.rep.JavaRepresentation  - org/jsoup/parser/TokenQueue.java:344: error: unreachable statement
		if (!isEmpty())
		^
org/jsoup/parser/TokenQueue.java:346: error: missing return statement
	}
	^
2 errors

3435881 [main] INFO clegoues.genprog4java.rep.CachingRepresentation  - StmtDelete(403) StmtDelete(358) StmtAppend(280,301) StmtDelete(77) StmtAppend(151,46) at variant226 fails to compile

3435881 [main] INFO clegoues.genprog4java.fitness.Fitness  - 	 gen: 4 0.0 StmtDelete(403) StmtDelete(358) StmtAppend(280,301) StmtDelete(77) StmtAppend(151,46) (stored at: variant226)
3436670 [main] INFO clegoues.genprog4java.fitness.Fitness  - 	 gen: 4 0.0 StmtDelete(27) StmtDelete(187) StmtDelete(301) StmtDelete(116) (stored at: variant227)
3437933 [main] INFO clegoues.genprog4java.fitness.Fitness  - 	 gen: 4 1.0 StmtDelete(358) StmtAppend(280,301) StmtDelete(51) StmtDelete(349) (stored at: variant228)
3438806 [main] INFO clegoues.genprog4java.fitness.Fitness  - 	 gen: 4 2.0 StmtAppend(328,413) StmtReplace(206,362) (stored at: variant229)
3439745 [main] INFO clegoues.genprog4java.fitness.Fitness  - 	 gen: 4 1.0 StmtDelete(286) StmtAppend(11,88) StmtDelete(121) StmtAppend(70,172) (stored at: variant230)
3440516 [main] INFO clegoues.genprog4java.fitness.Fitness  - 	 gen: 4 2.0 StmtAppend(29,80) StmtAppend(186,188) StmtReplace(9,45) StmtDelete(388) StmtDelete(28) (stored at: variant231)
3440558 [main] ERROR clegoues.genprog4java.rep.JavaRepresentation  - org/jsoup/parser/TokenQueue.java:244: error: for-each not applicable to expression type
        {String data=consumeTo(seq);{for (String s:seq){if (matches(s))return true;}return false;}}
                                                   ^
  required: array or java.lang.Iterable
  found:    String
org/jsoup/parser/TokenQueue.java:244: error: incompatible types: boolean cannot be converted to String
        {String data=consumeTo(seq);{for (String s:seq){if (matches(s))return true;}return false;}}
                                                                              ^
org/jsoup/parser/TokenQueue.java:244: error: incompatible types: boolean cannot be converted to String
        {String data=consumeTo(seq);{for (String s:seq){if (matches(s))return true;}return false;}}
                                                                                           ^
org/jsoup/parser/TokenQueue.java:246: error: cannot find symbol
        return data;
               ^
  symbol:   variable data
  location: class TokenQueue
4 errors

3440558 [main] INFO clegoues.genprog4java.rep.CachingRepresentation  - StmtAppend(29,80) StmtAppend(186,188) StmtReplace(9,45) StmtAppend(403,270) StmtAppend(91,18) at variant232 fails to compile

3440558 [main] INFO clegoues.genprog4java.fitness.Fitness  - 	 gen: 4 0.0 StmtAppend(29,80) StmtAppend(186,188) StmtReplace(9,45) StmtAppend(403,270) StmtAppend(91,18) (stored at: variant232)
3441525 [main] INFO clegoues.genprog4java.fitness.Fitness  - 	 gen: 4 1.0 StmtAppend(29,80) StmtAppend(186,188) StmtReplace(9,45) StmtDelete(388) StmtAppend(227,358) (stored at: variant233)
3442418 [main] INFO clegoues.genprog4java.fitness.Fitness  - 	 gen: 4 2.0 StmtDelete(27) StmtDelete(187) StmtDelete(301) StmtReplace(422,201) (stored at: variant234)
3443489 [main] INFO clegoues.genprog4java.fitness.Fitness  - 	 gen: 4 2.0 StmtDelete(224) StmtDelete(239) StmtReplace(312,296) StmtReplace(118,64) StmtDelete(134) (stored at: variant235)
3443542 [main] ERROR clegoues.genprog4java.rep.JavaRepresentation  - org/jsoup/parser/TokenQueue.java:299: error: non-static variable pos cannot be referenced from a static context
				int start = pos;
				            ^
org/jsoup/parser/TokenQueue.java:300: error: non-static method isEmpty() cannot be referenced from a static context
				while (!isEmpty() && (matchesWord() || matchesAny('-', '_')))
				        ^
org/jsoup/parser/TokenQueue.java:300: error: non-static method matchesWord() cannot be referenced from a static context
				while (!isEmpty() && (matchesWord() || matchesAny('-', '_')))
				                      ^
org/jsoup/parser/TokenQueue.java:300: error: non-static method matchesAny(char...) cannot be referenced from a static context
				while (!isEmpty() && (matchesWord() || matchesAny('-', '_')))
				                                       ^
org/jsoup/parser/TokenQueue.java:301: error: non-static variable pos cannot be referenced from a static context
					pos++;
					^
org/jsoup/parser/TokenQueue.java:302: error: non-static variable pos cannot be referenced from a static context
				return queue.substring(start, pos);
				                              ^
org/jsoup/parser/TokenQueue.java:302: error: non-static variable queue cannot be referenced from a static context
				return queue.substring(start, pos);
				       ^
org/jsoup/parser/TokenQueue.java:309: error: cannot find symbol
                    out.append(c);
                    ^
  symbol:   variable out
  location: class TokenQueue
org/jsoup/parser/TokenQueue.java:312: error: cannot find symbol
                out.append(c);
                ^
  symbol:   variable out
  location: class TokenQueue
org/jsoup/parser/TokenQueue.java:315: error: cannot find symbol
        return out.toString();
               ^
  symbol:   variable out
  location: class TokenQueue
10 errors

3443542 [main] INFO clegoues.genprog4java.rep.CachingRepresentation  - StmtDelete(27) StmtDelete(187) StmtDelete(301) StmtAppend(128,161) at variant236 fails to compile

3443542 [main] INFO clegoues.genprog4java.fitness.Fitness  - 	 gen: 4 0.0 StmtDelete(27) StmtDelete(187) StmtDelete(301) StmtAppend(128,161) (stored at: variant236)
3443574 [main] ERROR clegoues.genprog4java.rep.JavaRepresentation  - org/jsoup/select/QueryParser.java:116: error: cannot find symbol
                sq.append("(").append(tq.chompBalanced('(', ')')).append(")");
                ^
  symbol:   variable sq
  location: class QueryParser
org/jsoup/select/QueryParser.java:118: error: cannot find symbol
                sq.append("[").append(tq.chompBalanced('[', ']')).append("]");
                ^
  symbol:   variable sq
  location: class QueryParser
org/jsoup/select/QueryParser.java:122: error: cannot find symbol
                sq.append(tq.consume());
                ^
  symbol:   variable sq
  location: class QueryParser
org/jsoup/select/QueryParser.java:124: error: cannot find symbol
        return sq.toString();
               ^
  symbol:   variable sq
  location: class QueryParser
4 errors

3443575 [main] INFO clegoues.genprog4java.rep.CachingRepresentation  - StmtDelete(224) StmtDelete(239) StmtReplace(312,296) StmtReplace(274,201) StmtAppend(248,273) at variant237 fails to compile

3443575 [main] INFO clegoues.genprog4java.fitness.Fitness  - 	 gen: 4 0.0 StmtDelete(224) StmtDelete(239) StmtReplace(312,296) StmtReplace(274,201) StmtAppend(248,273) (stored at: variant237)
3444740 [main] INFO clegoues.genprog4java.fitness.Fitness  - 	 gen: 4 1.0 StmtDelete(403) StmtDelete(358) StmtAppend(280,301) StmtDelete(77) StmtAppend(261,413) (stored at: variant238)
3444780 [main] ERROR clegoues.genprog4java.rep.JavaRepresentation  - org/jsoup/parser/TokenQueue.java:290: error: cannot find symbol
        return out;
               ^
  symbol:   variable out
  location: class TokenQueue
1 error

3444780 [main] INFO clegoues.genprog4java.rep.CachingRepresentation  - StmtDelete(356) StmtReplace(342,179) StmtAppend(280,301) StmtReplace(302,281) StmtDelete(125) at variant239 fails to compile

3444780 [main] INFO clegoues.genprog4java.fitness.Fitness  - 	 gen: 4 0.0 StmtDelete(356) StmtReplace(342,179) StmtAppend(280,301) StmtReplace(302,281) StmtDelete(125) (stored at: variant239)
3445687 [main] INFO clegoues.genprog4java.fitness.Fitness  - 	 gen: 4 2.0 StmtAppend(29,80) StmtAppend(186,188) StmtReplace(9,45) StmtAppend(223,195) StmtDelete(306) (stored at: variant240)
3446641 [main] INFO clegoues.genprog4java.fitness.Fitness  - 	 gen: 4 0.0 StmtDelete(9) StmtReplace(65,60) StmtAppend(265,413) (stored at: variant241)
3447529 [main] INFO clegoues.genprog4java.fitness.Fitness  - 	 gen: 4 1.0 StmtReplace(321,413) StmtDelete(409) (stored at: variant242)
3448442 [main] INFO clegoues.genprog4java.fitness.Fitness  - 	 gen: 4 2.0 StmtDelete(9) StmtReplace(65,60) StmtDelete(420) (stored at: variant243)
3449051 [main] INFO clegoues.genprog4java.fitness.Fitness  - 	 gen: 4 1.0 StmtReplace(393,279) StmtReplace(252,290) StmtReplace(299,198) StmtAppend(294,281) StmtDelete(305) (stored at: variant244)
3545615 [main] INFO clegoues.genprog4java.fitness.Fitness  - 	 gen: 4 2.0 StmtDelete(356) StmtReplace(342,179) StmtDelete(9) StmtDelete(268) StmtReplace(338,282) (stored at: variant245)
3545646 [main] ERROR clegoues.genprog4java.rep.JavaRepresentation  - org/jsoup/select/QueryParser.java:364: error: incompatible types: unexpected return value
				return evals.get(0);
				                ^
1 error

3545647 [main] INFO clegoues.genprog4java.rep.CachingRepresentation  - StmtReplace(393,279) StmtReplace(252,290) StmtReplace(299,198) StmtDelete(358) StmtAppend(408,202) at variant246 fails to compile

3545647 [main] INFO clegoues.genprog4java.fitness.Fitness  - 	 gen: 4 0.0 StmtReplace(393,279) StmtReplace(252,290) StmtReplace(299,198) StmtDelete(358) StmtAppend(408,202) (stored at: variant246)
3546711 [main] INFO clegoues.genprog4java.fitness.Fitness  - 	 gen: 4 2.0 StmtAppend(29,80) StmtAppend(186,188) StmtReplace(9,45) StmtDelete(388) StmtAppend(116,45) (stored at: variant247)
3547370 [main] INFO clegoues.genprog4java.fitness.Fitness  - 	 gen: 4 2.0 StmtDelete(415) StmtDelete(9) StmtReplace(423,422) StmtReplace(355,281) StmtReplace(206,184) (stored at: variant248)
3548200 [main] INFO clegoues.genprog4java.fitness.Fitness  - 	 gen: 4 1.0 StmtReplace(393,279) StmtReplace(252,290) StmtReplace(299,198) StmtAppend(294,281) StmtDelete(124) (stored at: variant249)
3548931 [main] INFO clegoues.genprog4java.fitness.Fitness  - 	 gen: 4 2.0 StmtAppend(29,80) StmtAppend(186,188) StmtReplace(9,45) StmtDelete(388) StmtDelete(106) (stored at: variant250)
3550137 [main] INFO clegoues.genprog4java.fitness.Fitness  - 	 gen: 4 0.0 StmtDelete(224) StmtDelete(239) StmtReplace(312,296) StmtReplace(274,201) StmtAppend(1,159) (stored at: variant251)
3551491 [main] INFO clegoues.genprog4java.fitness.Fitness  - 	 gen: 4 1.0 StmtDelete(224) StmtDelete(239) StmtReplace(312,296) StmtReplace(274,201) StmtReplace(116,120) (stored at: variant252)
3552455 [main] INFO clegoues.genprog4java.fitness.Fitness  - 	 gen: 4 2.0 StmtAppend(29,80) StmtAppend(186,188) StmtReplace(9,45) StmtAppend(223,195) StmtDelete(403) (stored at: variant253)
3553507 [main] INFO clegoues.genprog4java.fitness.Fitness  - 	 gen: 4 2.0 StmtAppend(328,413) StmtReplace(339,178) (stored at: variant254)
3554639 [main] INFO clegoues.genprog4java.fitness.Fitness  - 	 gen: 4 2.0 StmtDelete(415) StmtDelete(9) StmtReplace(423,422) StmtReplace(355,281) StmtDelete(82) (stored at: variant255)
3554685 [main] ERROR clegoues.genprog4java.rep.JavaRepresentation  - org/jsoup/parser/TokenQueue.java:34: error: incompatible types: String cannot be converted to boolean
		return queue.substring(start, pos);
		                      ^
1 error

3554685 [main] INFO clegoues.genprog4java.rep.CachingRepresentation  - StmtDelete(187) StmtDelete(301) StmtReplace(3,161) at variant256 fails to compile

3554686 [main] INFO clegoues.genprog4java.fitness.Fitness  - 	 gen: 4 0.0 StmtDelete(187) StmtDelete(301) StmtReplace(3,161) (stored at: variant256)
