0 [main] DEBUG clegoues.genprog4java.fitness.Fitness  - parsing granularity, value: class
24 [main] DEBUG clegoues.genprog4java.fitness.Fitness  - parsing granularity, value: class
#Wed Mar 10 23:22:54 CST 2021
negativeTestWeight=2.0
classSourceFolder=/home/rtx/repair/d4j/Math/41b/target/classes
model=default
sampleStrategy=variant
srcClassPath=/home/rtx/repair/d4j/Math/41b/target/classes
sourceVersion=1.8
popsize=40
regenPaths=false
posCoverageFile=coverage.path.pos
continue=false
edits=APPEND;DELETE;REPLACE
negCoverageFile=coverage.path.neg
workingDir=/home/rtx/repair/d4j/Math/41b/
clearTestCache=false
skipFailedSanity=false
sample=0.1 
oracleGenome=
testGranularity=class
justTestingFaultLoc=false
faultLocStrategy=standardPathFile
crossp=0.5
pMutation=1
generations=10
positiveTests=/home/rtx/repair/d4j/Math/41b/pos.tests
javaVM=/home/rtx/java/jdk1.8.0_271/jre/bin/java
seed=9
negativePathWeight=0.35
compileCommand=
fixStrategy=classScope
allowCoverageFail=false
targetClassName=/home/rtx/repair/d4j/Math/41b/bugfiles.txt
javaRuntime=java.lang.Runtime@6576fe71
classTestFolder=
modelPath=OVERALLModel.txt
sanity=yes
positivePathWeight=0.65
jacocoPath=/home/rtx/eclipse-workspace/genprog4java/lib/jacocoagent.jar
negativeTests=/home/rtx/repair/d4j/Math/41b/neg.tests
pathToFileHumanInjectedFaultLoc=fileHumanInjectedFaultLoc.txt
outputDir=/home/rtx/repair/d4j/Math/41b/genprog4java/variantSeed9/
testClassPath=/home/rtx/repair/d4j/Math/41b/target/classes\:/home/rtx/repair/d4j/Math/41b/target/test-classes\:/home/rtx/repair/defects4j/framework/projects/lib/junit-4.11.jar\:/home/rtx/repair/d4j/Math/41b/lib/junit-4.8.2.jar
faultStrategy=classScope
sourceDir=src/main/java
checkSpace=false
search=gp
globalExtension=.java
faultSpaceSubSet=1/5
maxVariants=50
libs=/home/rtx/eclipse-workspace/genprog4java/lib/junittestrunner.jar\:/home/rtx/eclipse-workspace/genprog4java/lib/commons-cli-20040117.000000.jar\:/home/rtx/eclipse-workspace/genprog4java/lib/junit-4.12.jar\:/home/rtx/eclipse-workspace/genprog4java/lib/hamcrest-core-1.3.jar\:/home/rtx/eclipse-workspace/genprog4java/lib/log4j-1.2.17.jar\:/home/rtx/repair/d4j/Math/41b/target/classes\:/home/rtx/repair/d4j/Math/41b/target/test-classes\:/home/rtx/repair/defects4j/framework/projects/lib/junit-4.11.jar\:/home/rtx/repair/d4j/Math/41b/lib/junit-4.8.2.jar\:/home/rtx/repair/d4j/Math/41b/target/classes
crossover=onepoint
101 [main] INFO clegoues.genprog4java.main.Main  - Configuration file loaded
Deserialized fitnessCache HashMap
16471 [main] INFO clegoues.genprog4java.rep.CachingRepresentation  - loaded from source clegoues.genprog4java.java.ClassInfo@3bb79e3e
16472 [main] INFO clegoues.genprog4java.rep.CachingRepresentation  - sanity checking begins
17025 [main] INFO clegoues.genprog4java.rep.CachingRepresentation  - Checking test number 1 out of 25
18546 [main] INFO clegoues.genprog4java.rep.CachingRepresentation  - true (1)

18546 [main] INFO clegoues.genprog4java.rep.CachingRepresentation  - Checking test number 2 out of 25
18789 [main] INFO clegoues.genprog4java.rep.CachingRepresentation  - true (1)

18789 [main] INFO clegoues.genprog4java.rep.CachingRepresentation  - Checking test number 3 out of 25
19075 [main] INFO clegoues.genprog4java.rep.CachingRepresentation  - true (1)

19075 [main] INFO clegoues.genprog4java.rep.CachingRepresentation  - Checking test number 4 out of 25
19329 [main] INFO clegoues.genprog4java.rep.CachingRepresentation  - true (1)

19329 [main] INFO clegoues.genprog4java.rep.CachingRepresentation  - Checking test number 5 out of 25
19653 [main] INFO clegoues.genprog4java.rep.CachingRepresentation  - true (1)

19653 [main] INFO clegoues.genprog4java.rep.CachingRepresentation  - Checking test number 6 out of 25
19904 [main] INFO clegoues.genprog4java.rep.CachingRepresentation  - true (1)

19904 [main] INFO clegoues.genprog4java.rep.CachingRepresentation  - Checking test number 7 out of 25
20172 [main] INFO clegoues.genprog4java.rep.CachingRepresentation  - true (1)

20172 [main] INFO clegoues.genprog4java.rep.CachingRepresentation  - Checking test number 8 out of 25
20418 [main] INFO clegoues.genprog4java.rep.CachingRepresentation  - true (1)

20418 [main] INFO clegoues.genprog4java.rep.CachingRepresentation  - Checking test number 9 out of 25
20638 [main] INFO clegoues.genprog4java.rep.CachingRepresentation  - true (1)

20639 [main] INFO clegoues.genprog4java.rep.CachingRepresentation  - Checking test number 10 out of 25
20896 [main] INFO clegoues.genprog4java.rep.CachingRepresentation  - true (1)

20896 [main] INFO clegoues.genprog4java.rep.CachingRepresentation  - Checking test number 11 out of 25
21171 [main] INFO clegoues.genprog4java.rep.CachingRepresentation  - true (1)

21171 [main] INFO clegoues.genprog4java.rep.CachingRepresentation  - Checking test number 12 out of 25
21519 [main] INFO clegoues.genprog4java.rep.CachingRepresentation  - true (1)

21519 [main] INFO clegoues.genprog4java.rep.CachingRepresentation  - Checking test number 13 out of 25
21759 [main] INFO clegoues.genprog4java.rep.CachingRepresentation  - true (1)

21760 [main] INFO clegoues.genprog4java.rep.CachingRepresentation  - Checking test number 14 out of 25
22121 [main] INFO clegoues.genprog4java.rep.CachingRepresentation  - true (1)

22122 [main] INFO clegoues.genprog4java.rep.CachingRepresentation  - Checking test number 15 out of 25
22381 [main] INFO clegoues.genprog4java.rep.CachingRepresentation  - true (1)

22381 [main] INFO clegoues.genprog4java.rep.CachingRepresentation  - Checking test number 16 out of 25
22762 [main] INFO clegoues.genprog4java.rep.CachingRepresentation  - true (1)

22762 [main] INFO clegoues.genprog4java.rep.CachingRepresentation  - Checking test number 17 out of 25
22960 [main] INFO clegoues.genprog4java.rep.CachingRepresentation  - true (1)

22960 [main] INFO clegoues.genprog4java.rep.CachingRepresentation  - Checking test number 18 out of 25
23267 [main] INFO clegoues.genprog4java.rep.CachingRepresentation  - true (1)

23267 [main] INFO clegoues.genprog4java.rep.CachingRepresentation  - Checking test number 19 out of 25
23484 [main] INFO clegoues.genprog4java.rep.CachingRepresentation  - true (1)

23484 [main] INFO clegoues.genprog4java.rep.CachingRepresentation  - Checking test number 20 out of 25
23777 [main] INFO clegoues.genprog4java.rep.CachingRepresentation  - true (1)

23778 [main] INFO clegoues.genprog4java.rep.CachingRepresentation  - Checking test number 21 out of 25
24015 [main] INFO clegoues.genprog4java.rep.CachingRepresentation  - true (1)

24015 [main] INFO clegoues.genprog4java.rep.CachingRepresentation  - Checking test number 22 out of 25
24262 [main] INFO clegoues.genprog4java.rep.CachingRepresentation  - true (1)

24262 [main] INFO clegoues.genprog4java.rep.CachingRepresentation  - Checking test number 23 out of 25
24917 [main] INFO clegoues.genprog4java.rep.CachingRepresentation  - true (1)

24917 [main] INFO clegoues.genprog4java.rep.CachingRepresentation  - Checking test number 24 out of 25
25177 [main] INFO clegoues.genprog4java.rep.CachingRepresentation  - true (1)

25177 [main] INFO clegoues.genprog4java.rep.CachingRepresentation  - Checking test number 25 out of 25
25427 [main] INFO clegoues.genprog4java.rep.CachingRepresentation  - true (1)

25427 [main] INFO clegoues.genprog4java.rep.CachingRepresentation  - 	n1: 
25762 [main] INFO clegoues.genprog4java.rep.CachingRepresentation  - false (0)

25762 [main] INFO clegoues.genprog4java.rep.CachingRepresentation  - sanity checking completed (time taken = 9290)
25762 [main] INFO clegoues.genprog4java.localization.DefaultLocalization  - Start Fault Localization
25842 [main] INFO clegoues.genprog4java.localization.DefaultLocalization  - Finish Fault Localization
25842 [main] INFO clegoues.genprog4java.Search.Search  - search: genetic algorithm begins

25902 [main] INFO clegoues.genprog4java.fitness.Fitness  - 	 gen: 0 3.0 original (stored at: )
28056 [main] INFO clegoues.genprog4java.fitness.Fitness  - 	 gen: 0 2.0 StmtReplace(92,34) (stored at: variant0)
29032 [main] INFO clegoues.genprog4java.fitness.Fitness  - 	 gen: 0 3.0 StmtReplace(77,49) (stored at: variant1)
29039 [main] INFO clegoues.genprog4java.fitness.Fitness  - 	 gen: 0 1.0 StmtDelete(79) (stored at: )
31072 [main] INFO clegoues.genprog4java.fitness.Fitness  - 	 gen: 0 3.0 StmtDelete(130) (stored at: variant2)
31427 [main] INFO clegoues.genprog4java.fitness.Fitness  - 	 gen: 0 3.0 StmtDelete(58) (stored at: variant3)
31509 [main] ERROR clegoues.genprog4java.rep.JavaRepresentation  - org/apache/commons/math/stat/descriptive/moment/Variance.java:190: error: unreachable statement
					if (incMoment) {
					^
org/apache/commons/math/stat/descriptive/moment/Variance.java:195: error: missing return statement
    }
    ^
2 errors

31509 [main] INFO clegoues.genprog4java.rep.CachingRepresentation  - StmtAppend(26,34) at variant4 fails to compile

31510 [main] INFO clegoues.genprog4java.fitness.Fitness  - 	 gen: 0 0.0 StmtAppend(26,34) (stored at: variant4)
31573 [main] ERROR clegoues.genprog4java.rep.JavaRepresentation  - org/apache/commons/math/stat/descriptive/moment/Variance.java:144: error: incompatible types: unexpected return value
				return 0d;
				       ^
1 error

31574 [main] INFO clegoues.genprog4java.rep.CachingRepresentation  - StmtAppend(11,23) at variant5 fails to compile

31574 [main] INFO clegoues.genprog4java.fitness.Fitness  - 	 gen: 0 0.0 StmtAppend(11,23) (stored at: variant5)
32895 [main] INFO clegoues.genprog4java.fitness.Fitness  - 	 gen: 0 3.0 StmtAppend(44,45) (stored at: variant6)
32971 [main] ERROR clegoues.genprog4java.rep.JavaRepresentation  - org/apache/commons/math/stat/descriptive/moment/Variance.java:181: error: missing return statement
    }
    ^
1 error

32971 [main] INFO clegoues.genprog4java.rep.CachingRepresentation  - StmtDelete(19) at variant7 fails to compile

32971 [main] INFO clegoues.genprog4java.fitness.Fitness  - 	 gen: 0 0.0 StmtDelete(19) (stored at: variant7)
34645 [main] INFO clegoues.genprog4java.fitness.Fitness  - 	 gen: 0 2.0 StmtAppend(90,21) (stored at: variant8)
35794 [main] INFO clegoues.genprog4java.fitness.Fitness  - 	 gen: 0 3.0 StmtReplace(101,49) (stored at: variant9)
35840 [main] ERROR clegoues.genprog4java.rep.JavaRepresentation  - org/apache/commons/math/stat/descriptive/moment/Variance.java:232: error: unreachable statement
        return evaluate(values, 0, values.length);
        ^
1 error

35840 [main] INFO clegoues.genprog4java.rep.CachingRepresentation  - StmtReplace(38,26) at variant10 fails to compile

35840 [main] INFO clegoues.genprog4java.fitness.Fitness  - 	 gen: 0 0.0 StmtReplace(38,26) (stored at: variant10)
35896 [main] ERROR clegoues.genprog4java.rep.JavaRepresentation  - org/apache/commons/math/stat/descriptive/moment/Variance.java:183: error: missing return statement
    }
    ^
1 error

35896 [main] INFO clegoues.genprog4java.rep.CachingRepresentation  - StmtDelete(22) at variant11 fails to compile

35896 [main] INFO clegoues.genprog4java.fitness.Fitness  - 	 gen: 0 0.0 StmtDelete(22) (stored at: variant11)
37535 [main] INFO clegoues.genprog4java.fitness.Fitness  - 	 gen: 0 3.0 StmtAppend(8,8) (stored at: variant12)
38336 [main] INFO clegoues.genprog4java.fitness.Fitness  - 	 gen: 0 3.0 StmtReplace(10,4) (stored at: variant13)
38376 [main] ERROR clegoues.genprog4java.rep.JavaRepresentation  - org/apache/commons/math/stat/descriptive/moment/Variance.java:130: error: incompatible types: unexpected return value
			return 0d;
			       ^
1 error

38376 [main] INFO clegoues.genprog4java.rep.CachingRepresentation  - StmtAppend(5,23) at variant14 fails to compile

38377 [main] INFO clegoues.genprog4java.fitness.Fitness  - 	 gen: 0 0.0 StmtAppend(5,23) (stored at: variant14)
39591 [main] INFO clegoues.genprog4java.fitness.Fitness  - 	 gen: 0 0.0 StmtAppend(88,23) (stored at: variant15)
39594 [main] INFO clegoues.genprog4java.fitness.Fitness  - 	 gen: 0 3.0 StmtDelete(130) (stored at: )
40860 [main] INFO clegoues.genprog4java.fitness.Fitness  - 	 gen: 0 3.0 StmtAppend(47,45) (stored at: variant16)
40895 [main] ERROR clegoues.genprog4java.rep.JavaRepresentation  - org/apache/commons/math/stat/descriptive/moment/Variance.java:189: error: missing return statement
    }
    ^
1 error

40896 [main] INFO clegoues.genprog4java.rep.CachingRepresentation  - StmtDelete(27) at variant17 fails to compile

40896 [main] INFO clegoues.genprog4java.fitness.Fitness  - 	 gen: 0 0.0 StmtDelete(27) (stored at: variant17)
40925 [main] ERROR clegoues.genprog4java.rep.JavaRepresentation  - org/apache/commons/math/stat/descriptive/moment/Variance.java:181: error: cannot find symbol
				this.moment = m2;
				              ^
  symbol:   variable m2
  location: class Variance
1 error

40925 [main] INFO clegoues.genprog4java.rep.CachingRepresentation  - StmtReplace(19,2) at variant18 fails to compile

40925 [main] INFO clegoues.genprog4java.fitness.Fitness  - 	 gen: 0 0.0 StmtReplace(19,2) (stored at: variant18)
40962 [main] ERROR clegoues.genprog4java.rep.JavaRepresentation  - org/apache/commons/math/stat/descriptive/moment/Variance.java:187: error: missing return statement
    }
    ^
1 error

40963 [main] INFO clegoues.genprog4java.rep.CachingRepresentation  - StmtDelete(26) at variant19 fails to compile

40963 [main] INFO clegoues.genprog4java.fitness.Fitness  - 	 gen: 0 0.0 StmtDelete(26) (stored at: variant19)
40998 [main] ERROR clegoues.genprog4java.rep.JavaRepresentation  - org/apache/commons/math/stat/descriptive/moment/Variance.java:142: error: incompatible types: unexpected return value
			return moment.m2 / (moment.n - 1d);
			                 ^
org/apache/commons/math/stat/descriptive/moment/Variance.java:144: error: incompatible types: unexpected return value
			return moment.m2 / (moment.n);
			                 ^
2 errors

40998 [main] INFO clegoues.genprog4java.rep.CachingRepresentation  - StmtReplace(11,26) at variant20 fails to compile

40998 [main] INFO clegoues.genprog4java.fitness.Fitness  - 	 gen: 0 0.0 StmtReplace(11,26) (stored at: variant20)
41624 [main] INFO clegoues.genprog4java.fitness.Fitness  - 	 gen: 0 0.0 StmtDelete(44) (stored at: variant21)
41655 [main] ERROR clegoues.genprog4java.rep.JavaRepresentation  - org/apache/commons/math/stat/descriptive/moment/Variance.java:418: error: cannot find symbol
					this.moment = m2;
					              ^
  symbol:   variable m2
  location: class Variance
1 error

41655 [main] INFO clegoues.genprog4java.rep.CachingRepresentation  - StmtReplace(91,10) at variant22 fails to compile

41655 [main] INFO clegoues.genprog4java.fitness.Fitness  - 	 gen: 0 0.0 StmtReplace(91,10) (stored at: variant22)
42835 [main] INFO clegoues.genprog4java.fitness.Fitness  - 	 gen: 0 3.0 StmtAppend(6,34) (stored at: variant23)
43463 [main] INFO clegoues.genprog4java.fitness.Fitness  - 	 gen: 0 3.0 StmtDelete(88) (stored at: variant24)
43490 [main] ERROR clegoues.genprog4java.rep.JavaRepresentation  - org/apache/commons/math/stat/descriptive/moment/Variance.java:265: error: cannot find symbol
                this.moment = m2;
                              ^
  symbol:   variable m2
  location: class Variance
1 error

43490 [main] INFO clegoues.genprog4java.rep.CachingRepresentation  - StmtReplace(54,4) at variant25 fails to compile

43490 [main] INFO clegoues.genprog4java.fitness.Fitness  - 	 gen: 0 0.0 StmtReplace(54,4) (stored at: variant25)
43520 [main] ERROR clegoues.genprog4java.rep.JavaRepresentation  - org/apache/commons/math/stat/descriptive/moment/Variance.java:516: error: cannot find symbol
                    dev = values[i] - mean;
                    ^
  symbol:   variable dev
  location: class Variance
org/apache/commons/math/stat/descriptive/moment/Variance.java:517: error: cannot find symbol
                    accum += weights[i] * (dev * dev);
                                           ^
  symbol:   variable dev
  location: class Variance
org/apache/commons/math/stat/descriptive/moment/Variance.java:517: error: cannot find symbol
                    accum += weights[i] * (dev * dev);
                                                 ^
  symbol:   variable dev
  location: class Variance
org/apache/commons/math/stat/descriptive/moment/Variance.java:518: error: cannot find symbol
                    accum2 += weights[i] * dev;
                                           ^
  symbol:   variable dev
  location: class Variance
4 errors

43520 [main] INFO clegoues.genprog4java.rep.CachingRepresentation  - StmtReplace(108,38) at variant26 fails to compile

43520 [main] INFO clegoues.genprog4java.fitness.Fitness  - 	 gen: 0 0.0 StmtReplace(108,38) (stored at: variant26)
43556 [main] ERROR clegoues.genprog4java.rep.JavaRepresentation  - org/apache/commons/math/stat/descriptive/moment/Variance.java:602: error: cannot find symbol
        copy(this, result);
                   ^
  symbol:   variable result
  location: class Variance
org/apache/commons/math/stat/descriptive/moment/Variance.java:603: error: cannot find symbol
        return result;
               ^
  symbol:   variable result
  location: class Variance
2 errors

43556 [main] INFO clegoues.genprog4java.rep.CachingRepresentation  - StmtAppend(132,3) at variant27 fails to compile

43556 [main] INFO clegoues.genprog4java.fitness.Fitness  - 	 gen: 0 0.0 StmtAppend(132,3) (stored at: variant27)
43818 [main] INFO clegoues.genprog4java.fitness.Fitness  - 	 gen: 0 2.0 StmtDelete(74) (stored at: variant28)
43849 [main] ERROR clegoues.genprog4java.rep.JavaRepresentation  - org/apache/commons/math/stat/descriptive/moment/Variance.java:185: error: unreachable statement
				if (isBiasCorrected) {
				^
1 error

43849 [main] INFO clegoues.genprog4java.rep.CachingRepresentation  - StmtAppend(23,26) at variant29 fails to compile

43849 [main] INFO clegoues.genprog4java.fitness.Fitness  - 	 gen: 0 0.0 StmtAppend(23,26) (stored at: variant29)
44222 [main] INFO clegoues.genprog4java.fitness.Fitness  - 	 gen: 0 0.0 StmtDelete(80) (stored at: variant30)
44258 [main] ERROR clegoues.genprog4java.rep.JavaRepresentation  - org/apache/commons/math/stat/descriptive/moment/Variance.java:418: error: cannot find symbol
                    var = (accum - (accum2 * accum2 / len)) / (len - 1.0);
                                                      ^
  symbol:   variable len
  location: class Variance
org/apache/commons/math/stat/descriptive/moment/Variance.java:418: error: cannot find symbol
                    var = (accum - (accum2 * accum2 / len)) / (len - 1.0);
                                                               ^
  symbol:   variable len
  location: class Variance
org/apache/commons/math/stat/descriptive/moment/Variance.java:420: error: cannot find symbol
                    var = (accum - (accum2 * accum2 / len)) / len;
                                                      ^
  symbol:   variable len
  location: class Variance
org/apache/commons/math/stat/descriptive/moment/Variance.java:420: error: cannot find symbol
                    var = (accum - (accum2 * accum2 / len)) / len;
                                                              ^
  symbol:   variable len
  location: class Variance
4 errors

44258 [main] INFO clegoues.genprog4java.rep.CachingRepresentation  - StmtReplace(89,3) at variant31 fails to compile

44258 [main] INFO clegoues.genprog4java.fitness.Fitness  - 	 gen: 0 0.0 StmtReplace(89,3) (stored at: variant31)
45327 [main] INFO clegoues.genprog4java.fitness.Fitness  - 	 gen: 0 3.0 StmtReplace(8,8) (stored at: variant32)
45337 [main] ERROR clegoues.genprog4java.rep.JavaRepresentation  - org/apache/commons/math/stat/descriptive/moment/Variance.java:111: error: ';' expected
    public Variance(final SecondMoment m2) incMoment = false;
                                          ^
1 error

45337 [main] INFO clegoues.genprog4java.rep.CachingRepresentation  - StmtReplace(2,9) at variant33 fails to compile

45337 [main] INFO clegoues.genprog4java.fitness.Fitness  - 	 gen: 0 0.0 StmtReplace(2,9) (stored at: variant33)
47521 [main] INFO clegoues.genprog4java.fitness.Fitness  - 	 gen: 0 3.0 StmtAppend(8,2) (stored at: variant34)
47544 [main] ERROR clegoues.genprog4java.rep.JavaRepresentation  - org/apache/commons/math/stat/descriptive/moment/Variance.java:529: error: unreachable statement
                if (isBiasCorrected) {
                ^
1 error

47544 [main] INFO clegoues.genprog4java.rep.CachingRepresentation  - StmtAppend(116,27) at variant35 fails to compile

47544 [main] INFO clegoues.genprog4java.fitness.Fitness  - 	 gen: 0 0.0 StmtAppend(116,27) (stored at: variant35)
47573 [main] ERROR clegoues.genprog4java.rep.JavaRepresentation  - org/apache/commons/math/stat/descriptive/moment/Variance.java:416: error: cannot find symbol
                    accum += dev * dev;
                    ^
  symbol:   variable accum
  location: class Variance
org/apache/commons/math/stat/descriptive/moment/Variance.java:421: error: cannot find symbol
                    var = (accum - (accum2 * accum2 / len)) / (len - 1.0);
                           ^
  symbol:   variable accum
  location: class Variance
org/apache/commons/math/stat/descriptive/moment/Variance.java:423: error: cannot find symbol
                    var = (accum - (accum2 * accum2 / len)) / len;
                           ^
  symbol:   variable accum
  location: class Variance
3 errors

47573 [main] INFO clegoues.genprog4java.rep.CachingRepresentation  - StmtAppend(81,3) at variant36 fails to compile

47573 [main] INFO clegoues.genprog4java.fitness.Fitness  - 	 gen: 0 0.0 StmtAppend(81,3) (stored at: variant36)
47573 [main] INFO clegoues.genprog4java.Search.Search  - search: generation1
48174 [main] ERROR clegoues.genprog4java.rep.JavaRepresentation  - org/apache/commons/math/stat/descriptive/moment/Variance.java:191: error: missing return statement
    }
    ^
1 error

48175 [main] INFO clegoues.genprog4java.rep.CachingRepresentation  - StmtDelete(58) StmtDelete(21) at variant37 fails to compile

48175 [main] INFO clegoues.genprog4java.fitness.Fitness  - 	 gen: 1 0.0 StmtDelete(58) StmtDelete(21) (stored at: variant37)
48212 [main] ERROR clegoues.genprog4java.rep.JavaRepresentation  - org/apache/commons/math/stat/descriptive/moment/Variance.java:425: error: cannot find symbol
							this.moment = m2;
							              ^
  symbol:   variable m2
  location: class Variance
1 error

48212 [main] INFO clegoues.genprog4java.rep.CachingRepresentation  - StmtAppend(8,8) StmtAppend(88,8) at variant38 fails to compile

48212 [main] INFO clegoues.genprog4java.fitness.Fitness  - 	 gen: 1 0.0 StmtAppend(8,8) StmtAppend(88,8) (stored at: variant38)
50087 [main] INFO clegoues.genprog4java.fitness.Fitness  - 	 gen: 1 1.0 StmtAppend(44,45) StmtAppend(84,88) (stored at: variant39)
50112 [main] ERROR clegoues.genprog4java.rep.JavaRepresentation  - org/apache/commons/math/stat/descriptive/moment/Variance.java:407: error: cannot find symbol
                var = 0.0;
                ^
  symbol:   variable var
  location: class Variance
org/apache/commons/math/stat/descriptive/moment/Variance.java:419: error: cannot find symbol
                    var = (accum - (accum2 * accum2 / len)) / (len - 1.0);
                    ^
  symbol:   variable var
  location: class Variance
org/apache/commons/math/stat/descriptive/moment/Variance.java:421: error: cannot find symbol
                    var = (accum - (accum2 * accum2 / len)) / len;
                    ^
  symbol:   variable var
  location: class Variance
org/apache/commons/math/stat/descriptive/moment/Variance.java:425: error: cannot find symbol
        return var;
               ^
  symbol:   variable var
  location: class Variance
4 errors

50112 [main] INFO clegoues.genprog4java.rep.CachingRepresentation  - StmtReplace(10,4) StmtDelete(73) at variant40 fails to compile

50112 [main] INFO clegoues.genprog4java.fitness.Fitness  - 	 gen: 1 0.0 StmtReplace(10,4) StmtDelete(73) (stored at: variant40)
50147 [main] ERROR clegoues.genprog4java.rep.JavaRepresentation  - org/apache/commons/math/stat/descriptive/moment/Variance.java:425: error: cannot find symbol
                    dev = values[i] - mean;
                    ^
  symbol:   variable dev
  location: class Variance
org/apache/commons/math/stat/descriptive/moment/Variance.java:426: error: cannot find symbol
                    accum += dev * dev;
                             ^
  symbol:   variable dev
  location: class Variance
org/apache/commons/math/stat/descriptive/moment/Variance.java:426: error: cannot find symbol
                    accum += dev * dev;
                                   ^
  symbol:   variable dev
  location: class Variance
org/apache/commons/math/stat/descriptive/moment/Variance.java:427: error: cannot find symbol
                    accum2 += dev;
                              ^
  symbol:   variable dev
  location: class Variance
4 errors

50148 [main] INFO clegoues.genprog4java.rep.CachingRepresentation  - StmtAppend(47,45) StmtDelete(82) at variant41 fails to compile

50148 [main] INFO clegoues.genprog4java.fitness.Fitness  - 	 gen: 1 0.0 StmtAppend(47,45) StmtDelete(82) (stored at: variant41)
50191 [main] ERROR clegoues.genprog4java.rep.JavaRepresentation  - org/apache/commons/math/stat/descriptive/moment/Variance.java:191: error: missing return statement
    }
    ^
1 error

50191 [main] INFO clegoues.genprog4java.rep.CachingRepresentation  - StmtDelete(58) StmtDelete(30) at variant42 fails to compile

50192 [main] INFO clegoues.genprog4java.fitness.Fitness  - 	 gen: 1 0.0 StmtDelete(58) StmtDelete(30) (stored at: variant42)
50689 [main] INFO clegoues.genprog4java.fitness.Fitness  - 	 gen: 1 3.0 StmtReplace(10,4) StmtDelete(10) (stored at: variant43)
51000 [main] INFO clegoues.genprog4java.fitness.Fitness  - 	 gen: 1 3.0 StmtDelete(114) (stored at: variant44)
52246 [main] INFO clegoues.genprog4java.fitness.Fitness  - 	 gen: 1 1.0 StmtDelete(58) StmtDelete(75) (stored at: variant45)
53400 [main] INFO clegoues.genprog4java.fitness.Fitness  - 	 gen: 1 3.0 StmtAppend(8,2) StmtAppend(77,3) (stored at: variant46)
53424 [main] ERROR clegoues.genprog4java.rep.JavaRepresentation  - org/apache/commons/math/stat/descriptive/moment/Variance.java:125: error: incompatible types: unexpected return value
		return 0d;
		       ^
1 error

53424 [main] INFO clegoues.genprog4java.rep.CachingRepresentation  - StmtReplace(8,8) StmtReplace(5,23) at variant47 fails to compile

53424 [main] INFO clegoues.genprog4java.fitness.Fitness  - 	 gen: 1 0.0 StmtReplace(8,8) StmtReplace(5,23) (stored at: variant47)
54676 [main] INFO clegoues.genprog4java.fitness.Fitness  - 	 gen: 1 1.0 StmtDelete(130) StmtReplace(90,48) (stored at: variant48)
55858 [main] INFO clegoues.genprog4java.fitness.Fitness  - 	 gen: 1 2.0 StmtDelete(58) StmtReplace(30,32) (stored at: variant49)
56933 [main] INFO clegoues.genprog4java.fitness.Fitness  - 	 gen: 1 3.0 StmtDelete(130) StmtAppend(88,49) (stored at: variant50)
56961 [main] ERROR clegoues.genprog4java.rep.JavaRepresentation  - org/apache/commons/math/stat/descriptive/moment/Variance.java:509: error: cannot find symbol
                    accum2 += weights[i] * dev;
                    ^
  symbol:   variable accum2
  location: class Variance
org/apache/commons/math/stat/descriptive/moment/Variance.java:518: error: cannot find symbol
                    var = (accum - (accum2 * accum2 / sumWts)) / (sumWts - 1.0);
                                    ^
  symbol:   variable accum2
  location: class Variance
org/apache/commons/math/stat/descriptive/moment/Variance.java:518: error: cannot find symbol
                    var = (accum - (accum2 * accum2 / sumWts)) / (sumWts - 1.0);
                                             ^
  symbol:   variable accum2
  location: class Variance
org/apache/commons/math/stat/descriptive/moment/Variance.java:520: error: cannot find symbol
                    var = (accum - (accum2 * accum2 / sumWts)) / sumWts;
                                    ^
  symbol:   variable accum2
  location: class Variance
org/apache/commons/math/stat/descriptive/moment/Variance.java:520: error: cannot find symbol
                    var = (accum - (accum2 * accum2 / sumWts)) / sumWts;
                                             ^
  symbol:   variable accum2
  location: class Variance
5 errors

56962 [main] INFO clegoues.genprog4java.rep.CachingRepresentation  - StmtDelete(58) StmtDelete(109) at variant51 fails to compile

56962 [main] INFO clegoues.genprog4java.fitness.Fitness  - 	 gen: 1 0.0 StmtDelete(58) StmtDelete(109) (stored at: variant51)
56989 [main] ERROR clegoues.genprog4java.rep.JavaRepresentation  - org/apache/commons/math/stat/descriptive/moment/Variance.java:183: error: missing return statement
    }
    ^
1 error

56989 [main] INFO clegoues.genprog4java.rep.CachingRepresentation  - StmtDelete(130) StmtDelete(22) at variant52 fails to compile

56989 [main] INFO clegoues.genprog4java.fitness.Fitness  - 	 gen: 1 0.0 StmtDelete(130) StmtDelete(22) (stored at: variant52)
57020 [main] ERROR clegoues.genprog4java.rep.JavaRepresentation  - org/apache/commons/math/stat/descriptive/moment/Variance.java:191: error: unreachable statement
				moment.clear();
				^
org/apache/commons/math/stat/descriptive/moment/Variance.java:193: error: missing return statement
    }
    ^
2 errors

57020 [main] INFO clegoues.genprog4java.rep.CachingRepresentation  - StmtDelete(88) StmtAppend(22,36) at variant53 fails to compile

57020 [main] INFO clegoues.genprog4java.fitness.Fitness  - 	 gen: 1 0.0 StmtDelete(88) StmtAppend(22,36) (stored at: variant53)
59636 [main] INFO clegoues.genprog4java.fitness.Fitness  - 	 gen: 1 3.0 StmtReplace(10,4) StmtDelete(114) (stored at: variant54)
60751 [main] INFO clegoues.genprog4java.fitness.Fitness  - 	 gen: 1 3.0 StmtAppend(6,34) StmtAppend(88,1) (stored at: variant55)
62307 [main] INFO clegoues.genprog4java.fitness.Fitness  - 	 gen: 1 3.0 StmtAppend(8,2) StmtDelete(49) (stored at: variant56)
64092 [main] INFO clegoues.genprog4java.fitness.Fitness  - 	 gen: 1 3.0 StmtReplace(77,49) StmtReplace(88,0) (stored at: variant57)
65257 [main] INFO clegoues.genprog4java.fitness.Fitness  - 	 gen: 1 3.0 StmtReplace(8,8) StmtReplace(94,60) (stored at: variant58)
66380 [main] INFO clegoues.genprog4java.fitness.Fitness  - 	 gen: 1 3.0 StmtDelete(88) StmtReplace(105,38) (stored at: variant59)
66403 [main] ERROR clegoues.genprog4java.rep.JavaRepresentation  - org/apache/commons/math/stat/descriptive/moment/Variance.java:130: error: incompatible types: unexpected return value
			return Double.NaN;
			             ^
1 error

66403 [main] INFO clegoues.genprog4java.rep.CachingRepresentation  - StmtReplace(8,8) StmtAppend(5,20) at variant60 fails to compile

66403 [main] INFO clegoues.genprog4java.fitness.Fitness  - 	 gen: 1 0.0 StmtReplace(8,8) StmtAppend(5,20) (stored at: variant60)
67349 [main] INFO clegoues.genprog4java.fitness.Fitness  - 	 gen: 1 0.0 StmtDelete(76) (stored at: variant61)
68530 [main] INFO clegoues.genprog4java.fitness.Fitness  - 	 gen: 1 2.0 StmtDelete(130) StmtDelete(35) (stored at: variant62)
68553 [main] ERROR clegoues.genprog4java.rep.JavaRepresentation  - org/apache/commons/math/stat/descriptive/moment/Variance.java:101: error: incompatible types: unexpected return value
				return Double.NaN;
				             ^
1 error

68553 [main] INFO clegoues.genprog4java.rep.CachingRepresentation  - StmtReplace(101,49) StmtAppend(1,20) at variant63 fails to compile

68553 [main] INFO clegoues.genprog4java.fitness.Fitness  - 	 gen: 1 0.0 StmtReplace(101,49) StmtAppend(1,20) (stored at: variant63)
70851 [main] INFO clegoues.genprog4java.fitness.Fitness  - 	 gen: 1 3.0 StmtDelete(58) StmtReplace(46,5) (stored at: variant64)
71915 [main] INFO clegoues.genprog4java.fitness.Fitness  - 	 gen: 1 3.0 StmtAppend(6,34) StmtAppend(92,1) (stored at: variant65)
72964 [main] INFO clegoues.genprog4java.fitness.Fitness  - 	 gen: 1 3.0 StmtDelete(88) StmtDelete(137) (stored at: variant66)
74055 [main] INFO clegoues.genprog4java.fitness.Fitness  - 	 gen: 1 1.0 StmtReplace(8,8) StmtReplace(79,77) (stored at: variant67)
75874 [main] INFO clegoues.genprog4java.fitness.Fitness  - 	 gen: 1 3.0 StmtDelete(94) (stored at: variant68)
77734 [main] INFO clegoues.genprog4java.fitness.Fitness  - 	 gen: 1 1.0 StmtAppend(8,8) StmtDelete(1) (stored at: variant69)
79268 [main] INFO clegoues.genprog4java.fitness.Fitness  - 	 gen: 1 3.0 StmtReplace(77,49) StmtReplace(9,0) (stored at: variant70)
79290 [main] ERROR clegoues.genprog4java.rep.JavaRepresentation  - org/apache/commons/math/stat/descriptive/moment/Variance.java:249: error: unreachable statement
        return evaluate(values, 0, values.length);
        ^
1 error

79290 [main] INFO clegoues.genprog4java.rep.CachingRepresentation  - StmtAppend(8,2) StmtAppend(38,19) at variant71 fails to compile

79290 [main] INFO clegoues.genprog4java.fitness.Fitness  - 	 gen: 1 0.0 StmtAppend(8,2) StmtAppend(38,19) (stored at: variant71)
80285 [main] INFO clegoues.genprog4java.fitness.Fitness  - 	 gen: 1 3.0 StmtReplace(10,4) StmtReplace(90,91) (stored at: variant72)
81063 [main] INFO clegoues.genprog4java.fitness.Fitness  - 	 gen: 1 3.0 StmtAppend(44,45) StmtAppend(50,103) (stored at: variant73)
82214 [main] INFO clegoues.genprog4java.fitness.Fitness  - 	 gen: 1 3.0 StmtAppend(6,34) StmtReplace(20,26) (stored at: variant74)
82244 [main] ERROR clegoues.genprog4java.rep.JavaRepresentation  - org/apache/commons/math/stat/descriptive/moment/Variance.java:190: error: missing return statement
    }
    ^
1 error

82244 [main] INFO clegoues.genprog4java.rep.CachingRepresentation  - StmtAppend(47,45) StmtReplace(27,3) at variant75 fails to compile

82244 [main] INFO clegoues.genprog4java.fitness.Fitness  - 	 gen: 1 0.0 StmtAppend(47,45) StmtReplace(27,3) (stored at: variant75)
83459 [main] INFO clegoues.genprog4java.fitness.Fitness  - 	 gen: 1 3.0 StmtAppend(8,2) StmtAppend(137,141) (stored at: variant76)
83731 [main] INFO clegoues.genprog4java.fitness.Fitness  - 	 gen: 1 3.0 StmtDelete(119) (stored at: variant77)
85043 [main] INFO clegoues.genprog4java.fitness.Fitness  - 	 gen: 1 1.0 StmtReplace(45,34) (stored at: variant78)
85070 [main] ERROR clegoues.genprog4java.rep.JavaRepresentation  - org/apache/commons/math/stat/descriptive/moment/Variance.java:406: error: cannot find symbol
			this.moment = m2;
			              ^
  symbol:   variable m2
  location: class Variance
1 error

85070 [main] INFO clegoues.genprog4java.rep.CachingRepresentation  - StmtReplace(74,8) at variant79 fails to compile

85070 [main] INFO clegoues.genprog4java.fitness.Fitness  - 	 gen: 1 0.0 StmtReplace(74,8) (stored at: variant79)
86340 [main] INFO clegoues.genprog4java.fitness.Fitness  - 	 gen: 1 2.0 StmtAppend(45,77) (stored at: variant80)
86799 [main] INFO clegoues.genprog4java.fitness.Fitness  - 	 gen: 1 3.0 StmtDelete(9) (stored at: variant81)
86916 [main] ERROR clegoues.genprog4java.rep.JavaRepresentation  - org/apache/commons/math/stat/descriptive/moment/Variance.java:192: error: missing return statement
    }
    ^
1 error

86916 [main] INFO clegoues.genprog4java.rep.CachingRepresentation  - StmtReplace(28,0) at variant82 fails to compile

86916 [main] INFO clegoues.genprog4java.fitness.Fitness  - 	 gen: 1 0.0 StmtReplace(28,0) (stored at: variant82)
86937 [main] ERROR clegoues.genprog4java.rep.JavaRepresentation  - org/apache/commons/math/stat/descriptive/moment/Variance.java:268: error: cannot find symbol
                var = evaluate(values, m, begin, length);
                                       ^
  symbol:   variable m
  location: class Variance
1 error

86937 [main] INFO clegoues.genprog4java.rep.CachingRepresentation  - StmtAppend(53,9) at variant83 fails to compile

86937 [main] INFO clegoues.genprog4java.fitness.Fitness  - 	 gen: 1 0.0 StmtAppend(53,9) (stored at: variant83)
88051 [main] INFO clegoues.genprog4java.fitness.Fitness  - 	 gen: 1 0.0 StmtReplace(50,36) (stored at: variant84)
88076 [main] ERROR clegoues.genprog4java.rep.JavaRepresentation  - org/apache/commons/math/stat/descriptive/moment/Variance.java:189: error: missing return statement
    }
    ^
1 error

88076 [main] INFO clegoues.genprog4java.rep.CachingRepresentation  - StmtDelete(27) at variant85 fails to compile

88076 [main] INFO clegoues.genprog4java.fitness.Fitness  - 	 gen: 1 0.0 StmtDelete(27) (stored at: variant85)
89620 [main] INFO clegoues.genprog4java.fitness.Fitness  - 	 gen: 1 3.0 StmtAppend(118,120) (stored at: variant86)
90196 [main] INFO clegoues.genprog4java.fitness.Fitness  - 	 gen: 1 0.0 StmtReplace(92,41) (stored at: variant87)
91400 [main] INFO clegoues.genprog4java.fitness.Fitness  - 	 gen: 1 2.0 StmtAppend(34,46) (stored at: variant88)
91421 [main] ERROR clegoues.genprog4java.rep.JavaRepresentation  - org/apache/commons/math/stat/descriptive/moment/Variance.java:205: error: cannot find symbol
			this.moment = m2;
			              ^
  symbol:   variable m2
  location: class Variance
1 error

91421 [main] INFO clegoues.genprog4java.rep.CachingRepresentation  - StmtReplace(35,10) at variant89 fails to compile

91421 [main] INFO clegoues.genprog4java.fitness.Fitness  - 	 gen: 1 0.0 StmtReplace(35,10) (stored at: variant89)
91445 [main] ERROR clegoues.genprog4java.rep.JavaRepresentation  - org/apache/commons/math/stat/descriptive/moment/Variance.java:620: error: non-static variable incMoment cannot be referenced from a static context
			if (incMoment) {
			    ^
org/apache/commons/math/stat/descriptive/moment/Variance.java:621: error: non-static variable moment cannot be referenced from a static context
				moment.clear();
				^
2 errors

91445 [main] INFO clegoues.genprog4java.rep.CachingRepresentation  - StmtAppend(141,34) at variant90 fails to compile

91445 [main] INFO clegoues.genprog4java.fitness.Fitness  - 	 gen: 1 0.0 StmtAppend(141,34) (stored at: variant90)
92704 [main] INFO clegoues.genprog4java.fitness.Fitness  - 	 gen: 1 3.0 StmtDelete(91) (stored at: variant91)
93863 [main] INFO clegoues.genprog4java.fitness.Fitness  - 	 gen: 1 2.0 StmtReplace(30,27) (stored at: variant92)
93863 [main] INFO clegoues.genprog4java.Search.Search  - search: generation2
93886 [main] ERROR clegoues.genprog4java.rep.JavaRepresentation  - org/apache/commons/math/stat/descriptive/moment/Variance.java:425: error: cannot find symbol
							this.moment = m2;
							              ^
  symbol:   variable m2
  location: class Variance
1 error

93907 [main] ERROR clegoues.genprog4java.rep.JavaRepresentation  - org/apache/commons/math/stat/descriptive/moment/Variance.java:425: error: cannot find symbol
							this.moment = m2;
							              ^
  symbol:   variable m2
  location: class Variance
1 error

93926 [main] ERROR clegoues.genprog4java.rep.JavaRepresentation  - org/apache/commons/math/stat/descriptive/moment/Variance.java:425: error: cannot find symbol
							this.moment = m2;
							              ^
  symbol:   variable m2
  location: class Variance
1 error

93954 [main] ERROR clegoues.genprog4java.rep.JavaRepresentation  - org/apache/commons/math/stat/descriptive/moment/Variance.java:425: error: cannot find symbol
							this.moment = m2;
							              ^
  symbol:   variable m2
  location: class Variance
1 error

93975 [main] ERROR clegoues.genprog4java.rep.JavaRepresentation  - org/apache/commons/math/stat/descriptive/moment/Variance.java:425: error: cannot find symbol
							this.moment = m2;
							              ^
  symbol:   variable m2
  location: class Variance
1 error

93998 [main] ERROR clegoues.genprog4java.rep.JavaRepresentation  - org/apache/commons/math/stat/descriptive/moment/Variance.java:425: error: cannot find symbol
							this.moment = m2;
							              ^
  symbol:   variable m2
  location: class Variance
1 error

94023 [main] ERROR clegoues.genprog4java.rep.JavaRepresentation  - org/apache/commons/math/stat/descriptive/moment/Variance.java:425: error: cannot find symbol
							this.moment = m2;
							              ^
  symbol:   variable m2
  location: class Variance
1 error

94049 [main] ERROR clegoues.genprog4java.rep.JavaRepresentation  - org/apache/commons/math/stat/descriptive/moment/Variance.java:425: error: cannot find symbol
							this.moment = m2;
							              ^
  symbol:   variable m2
  location: class Variance
1 error

94076 [main] ERROR clegoues.genprog4java.rep.JavaRepresentation  - org/apache/commons/math/stat/descriptive/moment/Variance.java:425: error: cannot find symbol
							this.moment = m2;
							              ^
  symbol:   variable m2
  location: class Variance
1 error

94102 [main] ERROR clegoues.genprog4java.rep.JavaRepresentation  - org/apache/commons/math/stat/descriptive/moment/Variance.java:425: error: cannot find symbol
							this.moment = m2;
							              ^
  symbol:   variable m2
  location: class Variance
1 error

94123 [main] ERROR clegoues.genprog4java.rep.JavaRepresentation  - org/apache/commons/math/stat/descriptive/moment/Variance.java:425: error: cannot find symbol
							this.moment = m2;
							              ^
  symbol:   variable m2
  location: class Variance
1 error

94149 [main] ERROR clegoues.genprog4java.rep.JavaRepresentation  - org/apache/commons/math/stat/descriptive/moment/Variance.java:425: error: cannot find symbol
							this.moment = m2;
							              ^
  symbol:   variable m2
  location: class Variance
1 error

94185 [main] ERROR clegoues.genprog4java.rep.JavaRepresentation  - org/apache/commons/math/stat/descriptive/moment/Variance.java:425: error: cannot find symbol
							this.moment = m2;
							              ^
  symbol:   variable m2
  location: class Variance
1 error

94208 [main] ERROR clegoues.genprog4java.rep.JavaRepresentation  - org/apache/commons/math/stat/descriptive/moment/Variance.java:425: error: cannot find symbol
							this.moment = m2;
							              ^
  symbol:   variable m2
  location: class Variance
1 error

94256 [main] ERROR clegoues.genprog4java.rep.JavaRepresentation  - org/apache/commons/math/stat/descriptive/moment/Variance.java:237: error: unreachable statement
			if (moment.n == 1) {
			^
1 error

94256 [main] INFO clegoues.genprog4java.rep.CachingRepresentation  - StmtAppend(8,2) StmtAppend(137,141) StmtAppend(39,22) at variant93 fails to compile

94256 [main] INFO clegoues.genprog4java.fitness.Fitness  - 	 gen: 2 0.0 StmtAppend(8,2) StmtAppend(137,141) StmtAppend(39,22) (stored at: variant93)
95808 [main] INFO clegoues.genprog4java.fitness.Fitness  - 	 gen: 2 1.0 StmtReplace(77,49) StmtReplace(9,0) StmtReplace(76,27) (stored at: variant94)
96960 [main] INFO clegoues.genprog4java.fitness.Fitness  - 	 gen: 2 3.0 StmtReplace(10,4) StmtDelete(10) StmtAppend(120,121) (stored at: variant95)
98115 [main] INFO clegoues.genprog4java.fitness.Fitness  - 	 gen: 2 1.0 StmtReplace(10,4) StmtReplace(90,91) StmtAppend(4,6) (stored at: variant96)
99598 [main] INFO clegoues.genprog4java.fitness.Fitness  - 	 gen: 2 2.0 StmtReplace(10,4) StmtDelete(114) StmtDelete(36) (stored at: variant97)
99621 [main] ERROR clegoues.genprog4java.rep.JavaRepresentation  - org/apache/commons/math/stat/descriptive/moment/Variance.java:198: error: missing return statement
    }
    ^
1 error

99621 [main] INFO clegoues.genprog4java.rep.CachingRepresentation  - StmtAppend(6,34) StmtReplace(20,26) StmtDelete(27) at variant98 fails to compile

99621 [main] INFO clegoues.genprog4java.fitness.Fitness  - 	 gen: 2 0.0 StmtAppend(6,34) StmtReplace(20,26) StmtDelete(27) (stored at: variant98)
101630 [main] INFO clegoues.genprog4java.fitness.Fitness  - 	 gen: 2 3.0 StmtReplace(10,4) StmtDelete(114) StmtAppend(3,2) (stored at: variant99)
102716 [main] INFO clegoues.genprog4java.fitness.Fitness  - 	 gen: 2 3.0 StmtDelete(119) StmtAppend(118,46) (stored at: variant100)
103771 [main] INFO clegoues.genprog4java.fitness.Fitness  - 	 gen: 2 1.0 StmtDelete(91) StmtAppend(11,9) (stored at: variant101)
105555 [main] INFO clegoues.genprog4java.fitness.Fitness  - 	 gen: 2 3.0 StmtAppend(8,2) StmtAppend(77,3) StmtAppend(17,46) (stored at: variant102)
106613 [main] INFO clegoues.genprog4java.fitness.Fitness  - 	 gen: 2 3.0 StmtDelete(88) StmtReplace(105,38) StmtAppend(44,1) (stored at: variant103)
106620 [main] ERROR clegoues.genprog4java.rep.JavaRepresentation  - org/apache/commons/math/stat/descriptive/moment/Variance.java:138: error: ';' expected
    public Variance(boolean isBiasCorrected, SecondMoment m2) this.moment = m2;
                                                             ^
1 error

106620 [main] INFO clegoues.genprog4java.rep.CachingRepresentation  - StmtDelete(130) StmtAppend(88,49) StmtReplace(8,10) at variant104 fails to compile

106620 [main] INFO clegoues.genprog4java.fitness.Fitness  - 	 gen: 2 0.0 StmtDelete(130) StmtAppend(88,49) StmtReplace(8,10) (stored at: variant104)
106648 [main] ERROR clegoues.genprog4java.rep.JavaRepresentation  - org/apache/commons/math/stat/descriptive/moment/Variance.java:180: error: cannot find symbol
				this.moment = m2;
				              ^
  symbol:   variable m2
  location: class Variance
1 error

106648 [main] INFO clegoues.genprog4java.rep.CachingRepresentation  - StmtAppend(6,34) StmtReplace(20,26) StmtAppend(16,2) at variant105 fails to compile

106649 [main] INFO clegoues.genprog4java.fitness.Fitness  - 	 gen: 2 0.0 StmtAppend(6,34) StmtReplace(20,26) StmtAppend(16,2) (stored at: variant105)
107752 [main] INFO clegoues.genprog4java.fitness.Fitness  - 	 gen: 2 0.0 StmtDelete(94) StmtDelete(91) (stored at: variant106)
109311 [main] INFO clegoues.genprog4java.fitness.Fitness  - 	 gen: 2 3.0 StmtAppend(118,120) StmtAppend(118,88) (stored at: variant107)
110392 [main] INFO clegoues.genprog4java.fitness.Fitness  - 	 gen: 2 3.0 StmtAppend(6,34) StmtAppend(88,1) StmtDelete(48) (stored at: variant108)
111400 [main] INFO clegoues.genprog4java.fitness.Fitness  - 	 gen: 2 1.0 StmtDelete(94) StmtDelete(54) (stored at: variant109)
112472 [main] INFO clegoues.genprog4java.fitness.Fitness  - 	 gen: 2 3.0 StmtReplace(77,49) StmtReplace(88,0) StmtDelete(118) (stored at: variant110)
113602 [main] INFO clegoues.genprog4java.fitness.Fitness  - 	 gen: 2 3.0 StmtDelete(94) StmtAppend(85,0) (stored at: variant111)
113628 [main] ERROR clegoues.genprog4java.rep.JavaRepresentation  - org/apache/commons/math/stat/descriptive/moment/Variance.java:139: error: incompatible types: unexpected return value
		return Double.NaN;
		             ^
1 error

113628 [main] INFO clegoues.genprog4java.rep.CachingRepresentation  - StmtAppend(44,45) StmtAppend(50,103) StmtReplace(8,20) at variant112 fails to compile

113628 [main] INFO clegoues.genprog4java.fitness.Fitness  - 	 gen: 2 0.0 StmtAppend(44,45) StmtAppend(50,103) StmtReplace(8,20) (stored at: variant112)
114725 [main] INFO clegoues.genprog4java.fitness.Fitness  - 	 gen: 2 3.0 StmtAppend(8,2) StmtAppend(137,141) StmtReplace(120,88) (stored at: variant113)
114743 [main] ERROR clegoues.genprog4java.rep.JavaRepresentation  - org/apache/commons/math/stat/descriptive/moment/Variance.java:271: error: cannot find symbol
                var = 0.0;
                ^
  symbol:   variable var
  location: class Variance
org/apache/commons/math/stat/descriptive/moment/Variance.java:275: error: cannot find symbol
                var = evaluate(values, m, begin, length);
                ^
  symbol:   variable var
  location: class Variance
org/apache/commons/math/stat/descriptive/moment/Variance.java:278: error: cannot find symbol
        return var;
               ^
  symbol:   variable var
  location: class Variance
3 errors

114743 [main] INFO clegoues.genprog4java.rep.CachingRepresentation  - StmtAppend(6,34) StmtReplace(20,26) StmtDelete(43) at variant114 fails to compile

114743 [main] INFO clegoues.genprog4java.fitness.Fitness  - 	 gen: 2 0.0 StmtAppend(6,34) StmtReplace(20,26) StmtDelete(43) (stored at: variant114)
115869 [main] INFO clegoues.genprog4java.fitness.Fitness  - 	 gen: 2 0.0 StmtAppend(6,34) StmtReplace(20,26) StmtDelete(79) (stored at: variant115)
115889 [main] ERROR clegoues.genprog4java.rep.JavaRepresentation  - org/apache/commons/math/stat/descriptive/moment/Variance.java:412: error: cannot find symbol
                    dev = values[i] - mean;
                    ^
  symbol:   variable dev
  location: class Variance
org/apache/commons/math/stat/descriptive/moment/Variance.java:413: error: cannot find symbol
                    accum += dev * dev;
                             ^
  symbol:   variable dev
  location: class Variance
org/apache/commons/math/stat/descriptive/moment/Variance.java:413: error: cannot find symbol
                    accum += dev * dev;
                                   ^
  symbol:   variable dev
  location: class Variance
org/apache/commons/math/stat/descriptive/moment/Variance.java:415: error: cannot find symbol
						accum2 += dev;
						          ^
  symbol:   variable dev
  location: class Variance
4 errors

115889 [main] INFO clegoues.genprog4java.rep.CachingRepresentation  - StmtDelete(130) StmtAppend(88,49) StmtReplace(82,1) at variant116 fails to compile

115889 [main] INFO clegoues.genprog4java.fitness.Fitness  - 	 gen: 2 0.0 StmtDelete(130) StmtAppend(88,49) StmtReplace(82,1) (stored at: variant116)
117128 [main] INFO clegoues.genprog4java.fitness.Fitness  - 	 gen: 2 3.0 StmtDelete(119) StmtAppend(48,23) (stored at: variant117)
118167 [main] INFO clegoues.genprog4java.fitness.Fitness  - 	 gen: 2 3.0 StmtDelete(9) StmtReplace(49,27) (stored at: variant118)
118194 [main] ERROR clegoues.genprog4java.rep.JavaRepresentation  - org/apache/commons/math/stat/descriptive/moment/Variance.java:414: error: cannot find symbol
                    dev = values[i] - mean;
                    ^
  symbol:   variable dev
  location: class Variance
org/apache/commons/math/stat/descriptive/moment/Variance.java:415: error: cannot find symbol
                    accum += dev * dev;
                             ^
  symbol:   variable dev
  location: class Variance
org/apache/commons/math/stat/descriptive/moment/Variance.java:415: error: cannot find symbol
                    accum += dev * dev;
                                   ^
  symbol:   variable dev
  location: class Variance
org/apache/commons/math/stat/descriptive/moment/Variance.java:416: error: cannot find symbol
                    accum2 += dev;
                              ^
  symbol:   variable dev
  location: class Variance
4 errors

118194 [main] INFO clegoues.genprog4java.rep.CachingRepresentation  - StmtReplace(30,27) StmtReplace(82,3) at variant119 fails to compile

118194 [main] INFO clegoues.genprog4java.fitness.Fitness  - 	 gen: 2 0.0 StmtReplace(30,27) StmtReplace(82,3) (stored at: variant119)
119263 [main] INFO clegoues.genprog4java.fitness.Fitness  - 	 gen: 2 3.0 StmtAppend(8,2) StmtDelete(49) StmtAppend(48,3) (stored at: variant120)
119283 [main] ERROR clegoues.genprog4java.rep.JavaRepresentation  - org/apache/commons/math/stat/descriptive/moment/Variance.java:601: error: cannot find symbol
        copy(this, result);
                   ^
  symbol:   variable result
  location: class Variance
org/apache/commons/math/stat/descriptive/moment/Variance.java:602: error: cannot find symbol
        return result;
               ^
  symbol:   variable result
  location: class Variance
2 errors

119283 [main] INFO clegoues.genprog4java.rep.CachingRepresentation  - StmtDelete(94) StmtDelete(132) at variant121 fails to compile

119283 [main] INFO clegoues.genprog4java.fitness.Fitness  - 	 gen: 2 0.0 StmtDelete(94) StmtDelete(132) (stored at: variant121)
119306 [main] ERROR clegoues.genprog4java.rep.JavaRepresentation  - org/apache/commons/math/stat/descriptive/moment/Variance.java:525: error: unreachable statement
                    accum += weights[i] * (dev * dev);
                    ^
1 error

119307 [main] INFO clegoues.genprog4java.rep.CachingRepresentation  - StmtDelete(130) StmtAppend(88,49) StmtAppend(112,26) at variant122 fails to compile

119307 [main] INFO clegoues.genprog4java.fitness.Fitness  - 	 gen: 2 0.0 StmtDelete(130) StmtAppend(88,49) StmtAppend(112,26) (stored at: variant122)
120746 [main] INFO clegoues.genprog4java.fitness.Fitness  - 	 gen: 2 2.0 StmtDelete(94) StmtAppend(44,47) (stored at: variant123)
122129 [main] INFO clegoues.genprog4java.fitness.Fitness  - 	 gen: 2 0.0 StmtDelete(119) StmtAppend(54,41) (stored at: variant124)
122158 [main] ERROR clegoues.genprog4java.rep.JavaRepresentation  - org/apache/commons/math/stat/descriptive/moment/Variance.java:197: error: unreachable statement
				{
				^
1 error

122158 [main] INFO clegoues.genprog4java.rep.CachingRepresentation  - StmtAppend(8,2) StmtAppend(137,141) StmtAppend(22,39) at variant125 fails to compile

122158 [main] INFO clegoues.genprog4java.fitness.Fitness  - 	 gen: 2 0.0 StmtAppend(8,2) StmtAppend(137,141) StmtAppend(22,39) (stored at: variant125)
123481 [main] INFO clegoues.genprog4java.fitness.Fitness  - 	 gen: 2 0.0 StmtAppend(8,2) StmtDelete(49) StmtDelete(92) (stored at: variant126)
125011 [main] INFO clegoues.genprog4java.fitness.Fitness  - 	 gen: 2 0.0 StmtReplace(77,49) StmtReplace(88,0) StmtDelete(91) (stored at: variant127)
126182 [main] INFO clegoues.genprog4java.fitness.Fitness  - 	 gen: 2 1.0 StmtAppend(6,34) StmtAppend(88,1) StmtDelete(90) (stored at: variant128)
126206 [main] ERROR clegoues.genprog4java.rep.JavaRepresentation  - org/apache/commons/math/stat/descriptive/moment/Variance.java:521: error: unreachable statement
                    accum2 += weights[i] * dev;
                    ^
1 error

126206 [main] INFO clegoues.genprog4java.rep.CachingRepresentation  - StmtDelete(88) StmtDelete(137) StmtReplace(113,26) at variant129 fails to compile

126206 [main] INFO clegoues.genprog4java.fitness.Fitness  - 	 gen: 2 0.0 StmtDelete(88) StmtDelete(137) StmtReplace(113,26) (stored at: variant129)
127526 [main] INFO clegoues.genprog4java.fitness.Fitness  - 	 gen: 2 3.0 StmtAppend(8,2) StmtDelete(49) StmtDelete(137) (stored at: variant130)
128793 [main] INFO clegoues.genprog4java.fitness.Fitness  - 	 gen: 2 3.0 StmtReplace(77,49) StmtReplace(88,0) StmtDelete(49) (stored at: variant131)
129730 [main] INFO clegoues.genprog4java.fitness.Fitness  - 	 gen: 2 3.0 StmtAppend(8,2) StmtAppend(137,141) StmtReplace(10,35) (stored at: variant132)
129753 [main] ERROR clegoues.genprog4java.rep.JavaRepresentation  - org/apache/commons/math/stat/descriptive/moment/Variance.java:517: error: cannot find symbol
                    accum2 += weights[i] * dev;
                    ^
  symbol:   variable accum2
  location: class Variance
org/apache/commons/math/stat/descriptive/moment/Variance.java:526: error: cannot find symbol
                    var = (accum - (accum2 * accum2 / sumWts)) / (sumWts - 1.0);
                                    ^
  symbol:   variable accum2
  location: class Variance
org/apache/commons/math/stat/descriptive/moment/Variance.java:526: error: cannot find symbol
                    var = (accum - (accum2 * accum2 / sumWts)) / (sumWts - 1.0);
                                             ^
  symbol:   variable accum2
  location: class Variance
org/apache/commons/math/stat/descriptive/moment/Variance.java:528: error: cannot find symbol
                    var = (accum - (accum2 * accum2 / sumWts)) / sumWts;
                                    ^
  symbol:   variable accum2
  location: class Variance
org/apache/commons/math/stat/descriptive/moment/Variance.java:528: error: cannot find symbol
                    var = (accum - (accum2 * accum2 / sumWts)) / sumWts;
                                             ^
  symbol:   variable accum2
  location: class Variance
5 errors

129753 [main] INFO clegoues.genprog4java.rep.CachingRepresentation  - StmtAppend(137,141) StmtDelete(109) at variant133 fails to compile

129753 [main] INFO clegoues.genprog4java.fitness.Fitness  - 	 gen: 2 0.0 StmtAppend(137,141) StmtDelete(109) (stored at: variant133)
129778 [main] ERROR clegoues.genprog4java.rep.JavaRepresentation  - org/apache/commons/math/stat/descriptive/moment/Variance.java:521: error: cannot find symbol
						this.moment = m2;
						              ^
  symbol:   variable m2
  location: class Variance
1 error

129778 [main] INFO clegoues.genprog4java.rep.CachingRepresentation  - StmtAppend(137,141) StmtAppend(110,2) at variant134 fails to compile

129778 [main] INFO clegoues.genprog4java.fitness.Fitness  - 	 gen: 2 0.0 StmtAppend(137,141) StmtAppend(110,2) (stored at: variant134)
130920 [main] INFO clegoues.genprog4java.fitness.Fitness  - 	 gen: 2 3.0 StmtReplace(77,49) StmtReplace(20,26) StmtDelete(39) (stored at: variant135)
132162 [main] INFO clegoues.genprog4java.fitness.Fitness  - 	 gen: 2 3.0 StmtAppend(103,49) (stored at: variant136)
132179 [main] ERROR clegoues.genprog4java.rep.JavaRepresentation  - org/apache/commons/math/stat/descriptive/moment/Variance.java:326: error: cannot find symbol
                var = evaluate(values, weights, m, begin, length);
                                                ^
  symbol:   variable m
  location: class Variance
1 error

132180 [main] INFO clegoues.genprog4java.rep.CachingRepresentation  - StmtDelete(67) at variant137 fails to compile

132181 [main] INFO clegoues.genprog4java.fitness.Fitness  - 	 gen: 2 0.0 StmtDelete(67) (stored at: variant137)
133257 [main] INFO clegoues.genprog4java.fitness.Fitness  - 	 gen: 2 3.0 StmtDelete(130) StmtReplace(90,91) StmtDelete(36) (stored at: variant138)
133286 [main] ERROR clegoues.genprog4java.rep.JavaRepresentation  - org/apache/commons/math/stat/descriptive/moment/Variance.java:181: error: missing return statement
    }
    ^
1 error

133286 [main] INFO clegoues.genprog4java.rep.CachingRepresentation  - StmtDelete(19) at variant139 fails to compile

133286 [main] INFO clegoues.genprog4java.fitness.Fitness  - 	 gen: 2 0.0 StmtDelete(19) (stored at: variant139)
133309 [main] ERROR clegoues.genprog4java.rep.JavaRepresentation  - org/apache/commons/math/stat/descriptive/moment/Variance.java:524: error: unreachable statement
                    accum += weights[i] * (dev * dev);
                    ^
1 error

133309 [main] INFO clegoues.genprog4java.rep.CachingRepresentation  - StmtReplace(20,26) StmtAppend(112,27) at variant140 fails to compile

133309 [main] INFO clegoues.genprog4java.fitness.Fitness  - 	 gen: 2 0.0 StmtReplace(20,26) StmtAppend(112,27) (stored at: variant140)
134268 [main] INFO clegoues.genprog4java.fitness.Fitness  - 	 gen: 2 3.0 StmtReplace(10,4) StmtDelete(9) (stored at: variant141)
135603 [main] INFO clegoues.genprog4java.fitness.Fitness  - 	 gen: 2 3.0 StmtAppend(110,34) (stored at: variant142)
136801 [main] INFO clegoues.genprog4java.fitness.Fitness  - 	 gen: 2 3.0 StmtAppend(8,60) (stored at: variant143)
136819 [main] ERROR clegoues.genprog4java.rep.JavaRepresentation  - org/apache/commons/math/stat/descriptive/moment/Variance.java:521: error: cannot find symbol
					this.moment = m2;
					              ^
  symbol:   variable m2
  location: class Variance
org/apache/commons/math/stat/descriptive/moment/Variance.java:524: error: cannot find symbol
                    sumWts += weights[i];
                    ^
  symbol:   variable sumWts
  location: class Variance
org/apache/commons/math/stat/descriptive/moment/Variance.java:528: error: cannot find symbol
                    var = (accum - (accum2 * accum2 / sumWts)) / (sumWts - 1.0);
                                                      ^
  symbol:   variable sumWts
  location: class Variance
org/apache/commons/math/stat/descriptive/moment/Variance.java:528: error: cannot find symbol
                    var = (accum - (accum2 * accum2 / sumWts)) / (sumWts - 1.0);
                                                                  ^
  symbol:   variable sumWts
  location: class Variance
org/apache/commons/math/stat/descriptive/moment/Variance.java:530: error: cannot find symbol
                    var = (accum - (accum2 * accum2 / sumWts)) / sumWts;
                                                      ^
  symbol:   variable sumWts
  location: class Variance
org/apache/commons/math/stat/descriptive/moment/Variance.java:530: error: cannot find symbol
                    var = (accum - (accum2 * accum2 / sumWts)) / sumWts;
                                                                 ^
  symbol:   variable sumWts
  location: class Variance
6 errors

136819 [main] INFO clegoues.genprog4java.rep.CachingRepresentation  - StmtAppend(115,10) at variant144 fails to compile

136819 [main] INFO clegoues.genprog4java.fitness.Fitness  - 	 gen: 2 0.0 StmtAppend(115,10) (stored at: variant144)
138896 [main] INFO clegoues.genprog4java.fitness.Fitness  - 	 gen: 2 2.0 StmtReplace(85,48) (stored at: variant145)
138921 [main] ERROR clegoues.genprog4java.rep.JavaRepresentation  - org/apache/commons/math/stat/descriptive/moment/Variance.java:604: error: incompatible types: double cannot be converted to Variance
				return 0d;
				       ^
org/apache/commons/math/stat/descriptive/moment/Variance.java:607: error: cannot find symbol
        copy(this, result);
                   ^
  symbol:   variable result
  location: class Variance
org/apache/commons/math/stat/descriptive/moment/Variance.java:608: error: cannot find symbol
        return result;
               ^
  symbol:   variable result
  location: class Variance
3 errors

138921 [main] INFO clegoues.genprog4java.rep.CachingRepresentation  - StmtAppend(88,49) StmtAppend(132,23) at variant146 fails to compile

138921 [main] INFO clegoues.genprog4java.fitness.Fitness  - 	 gen: 2 0.0 StmtAppend(88,49) StmtAppend(132,23) (stored at: variant146)
138943 [main] ERROR clegoues.genprog4java.rep.JavaRepresentation  - org/apache/commons/math/stat/descriptive/moment/Variance.java:266: error: cannot find symbol
                var = evaluate(values, m, begin, length);
                                       ^
  symbol:   variable m
  location: class Variance
1 error

138943 [main] INFO clegoues.genprog4java.rep.CachingRepresentation  - StmtReplace(88,0) StmtDelete(53) at variant147 fails to compile

138943 [main] INFO clegoues.genprog4java.fitness.Fitness  - 	 gen: 2 0.0 StmtReplace(88,0) StmtDelete(53) (stored at: variant147)
139698 [main] INFO clegoues.genprog4java.fitness.Fitness  - 	 gen: 2 3.0 StmtDelete(94) (stored at: variant148)
140815 [main] INFO clegoues.genprog4java.fitness.Fitness  - 	 gen: 2 3.0 StmtDelete(137) StmtAppend(7,60) (stored at: variant149)
141881 [main] INFO clegoues.genprog4java.fitness.Fitness  - 	 gen: 2 3.0 StmtAppend(74,11) (stored at: variant150)
141882 [main] INFO clegoues.genprog4java.Search.Search  - search: generation3
143060 [main] INFO clegoues.genprog4java.fitness.Fitness  - 	 gen: 3 3.0 StmtAppend(74,11) StmtDelete(90) (stored at: variant151)
144293 [main] INFO clegoues.genprog4java.fitness.Fitness  - 	 gen: 3 1.0 StmtDelete(94) StmtDelete(51) (stored at: variant152)
144314 [main] ERROR clegoues.genprog4java.rep.JavaRepresentation  - org/apache/commons/math/stat/descriptive/moment/Variance.java:183: error: unreachable statement
				if (incMoment) {
				^
org/apache/commons/math/stat/descriptive/moment/Variance.java:195: error: missing return statement
    }
    ^
2 errors

144314 [main] INFO clegoues.genprog4java.rep.CachingRepresentation  - StmtAppend(110,34) StmtAppend(20,34) at variant153 fails to compile

144314 [main] INFO clegoues.genprog4java.fitness.Fitness  - 	 gen: 3 0.0 StmtAppend(110,34) StmtAppend(20,34) (stored at: variant153)
145417 [main] INFO clegoues.genprog4java.fitness.Fitness  - 	 gen: 3 3.0 StmtDelete(88) StmtReplace(105,38) StmtAppend(44,1) StmtAppend(77,62) (stored at: variant154)
146608 [main] INFO clegoues.genprog4java.fitness.Fitness  - 	 gen: 3 3.0 StmtDelete(88) StmtReplace(105,38) StmtAppend(44,1) StmtAppend(64,5) (stored at: variant155)
146629 [main] ERROR clegoues.genprog4java.rep.JavaRepresentation  - org/apache/commons/math/stat/descriptive/moment/Variance.java:326: error: cannot find symbol
                var = evaluate(values, weights, m, begin, length);
                                                ^
  symbol:   variable m
  location: class Variance
1 error

146629 [main] INFO clegoues.genprog4java.rep.CachingRepresentation  - StmtAppend(74,11) StmtDelete(67) at variant156 fails to compile

146629 [main] INFO clegoues.genprog4java.fitness.Fitness  - 	 gen: 3 0.0 StmtAppend(74,11) StmtDelete(67) (stored at: variant156)
147702 [main] INFO clegoues.genprog4java.fitness.Fitness  - 	 gen: 3 0.0 StmtReplace(10,4) StmtDelete(10) StmtAppend(120,121) StmtDelete(87) (stored at: variant157)
147725 [main] ERROR clegoues.genprog4java.rep.JavaRepresentation  - org/apache/commons/math/stat/descriptive/moment/Variance.java:116: error: incompatible types: unexpected return value
				return 0d;
				       ^
org/apache/commons/math/stat/descriptive/moment/Variance.java:119: error: incompatible types: unexpected return value
					return moment.m2 / (moment.n - 1d);
					                 ^
org/apache/commons/math/stat/descriptive/moment/Variance.java:121: error: incompatible types: unexpected return value
					return moment.m2 / (moment.n);
					                 ^
3 errors

147725 [main] INFO clegoues.genprog4java.rep.CachingRepresentation  - StmtReplace(77,49) StmtReplace(20,26) StmtDelete(39) StmtAppend(4,22) at variant158 fails to compile

147726 [main] INFO clegoues.genprog4java.fitness.Fitness  - 	 gen: 3 0.0 StmtReplace(77,49) StmtReplace(20,26) StmtDelete(39) StmtAppend(4,22) (stored at: variant158)
149951 [main] INFO clegoues.genprog4java.fitness.Fitness  - 	 gen: 3 3.0 StmtAppend(103,49) StmtAppend(49,0) (stored at: variant159)
151159 [main] INFO clegoues.genprog4java.fitness.Fitness  - 	 gen: 3 2.0 StmtAppend(6,34) StmtAppend(88,1) StmtDelete(48) StmtAppend(10,46) (stored at: variant160)
152221 [main] INFO clegoues.genprog4java.fitness.Fitness  - 	 gen: 3 1.0 StmtDelete(9) StmtReplace(49,27) StmtReplace(76,3) (stored at: variant161)
152708 [main] INFO clegoues.genprog4java.fitness.Fitness  - 	 gen: 3 2.0 StmtAppend(8,2) StmtDelete(49) StmtDelete(137) StmtAppend(10,34) (stored at: variant162)
153914 [main] INFO clegoues.genprog4java.fitness.Fitness  - 	 gen: 3 1.0 StmtAppend(8,2) StmtAppend(137,141) StmtReplace(10,35) StmtAppend(85,22) (stored at: variant163)
155274 [main] INFO clegoues.genprog4java.fitness.Fitness  - 	 gen: 3 3.0 StmtReplace(77,49) StmtReplace(20,26) StmtDelete(39) StmtAppend(75,35) (stored at: variant164)
156555 [main] INFO clegoues.genprog4java.fitness.Fitness  - 	 gen: 3 3.0 StmtReplace(77,49) StmtReplace(88,0) StmtDelete(118) StmtDelete(68) (stored at: variant165)
156574 [main] ERROR clegoues.genprog4java.rep.JavaRepresentation  - org/apache/commons/math/stat/descriptive/moment/Variance.java:420: error: cannot find symbol
                this.moment = m2;
                              ^
  symbol:   variable m2
  location: class Variance
1 error

156575 [main] INFO clegoues.genprog4java.rep.CachingRepresentation  - StmtDelete(137) StmtAppend(7,60) StmtReplace(90,10) at variant166 fails to compile

156575 [main] INFO clegoues.genprog4java.fitness.Fitness  - 	 gen: 3 0.0 StmtDelete(137) StmtAppend(7,60) StmtReplace(90,10) (stored at: variant166)
158629 [main] INFO clegoues.genprog4java.fitness.Fitness  - 	 gen: 3 3.0 StmtAppend(118,120) StmtAppend(118,88) StmtAppend(85,3) (stored at: variant167)
159742 [main] INFO clegoues.genprog4java.fitness.Fitness  - 	 gen: 3 1.0 StmtDelete(130) StmtReplace(90,91) StmtDelete(36) StmtDelete(15) (stored at: variant168)
160930 [main] INFO clegoues.genprog4java.fitness.Fitness  - 	 gen: 3 0.0 StmtAppend(8,2) StmtAppend(137,141) StmtReplace(10,35) StmtDelete(84) (stored at: variant169)
162745 [main] INFO clegoues.genprog4java.fitness.Fitness  - 	 gen: 3 3.0 StmtAppend(8,2) StmtAppend(77,3) StmtAppend(17,46) StmtDelete(16) (stored at: variant170)
164100 [main] INFO clegoues.genprog4java.fitness.Fitness  - 	 gen: 3 3.0 StmtDelete(130) StmtReplace(90,91) StmtDelete(36) StmtAppend(38,34) (stored at: variant171)
165715 [main] INFO clegoues.genprog4java.fitness.Fitness  - 	 gen: 3 0.0 StmtAppend(8,2) StmtDelete(49) StmtAppend(48,3) StmtDelete(90) (stored at: variant172)
165738 [main] ERROR clegoues.genprog4java.rep.JavaRepresentation  - org/apache/commons/math/stat/descriptive/moment/Variance.java:186: error: missing return statement
    }
    ^
1 error

165738 [main] INFO clegoues.genprog4java.rep.CachingRepresentation  - StmtDelete(130) StmtReplace(90,91) StmtDelete(36) StmtReplace(26,7) at variant173 fails to compile

165739 [main] INFO clegoues.genprog4java.fitness.Fitness  - 	 gen: 3 0.0 StmtDelete(130) StmtReplace(90,91) StmtDelete(36) StmtReplace(26,7) (stored at: variant173)
166930 [main] INFO clegoues.genprog4java.fitness.Fitness  - 	 gen: 3 2.0 StmtAppend(110,34) StmtAppend(45,27) (stored at: variant174)
166953 [main] ERROR clegoues.genprog4java.rep.JavaRepresentation  - org/apache/commons/math/stat/descriptive/moment/Variance.java:194: error: missing return statement
    }
    ^
1 error

166953 [main] INFO clegoues.genprog4java.rep.CachingRepresentation  - StmtAppend(8,60) StmtReplace(23,5) at variant175 fails to compile

166953 [main] INFO clegoues.genprog4java.fitness.Fitness  - 	 gen: 3 0.0 StmtAppend(8,60) StmtReplace(23,5) (stored at: variant175)
166977 [main] ERROR clegoues.genprog4java.rep.JavaRepresentation  - org/apache/commons/math/stat/descriptive/moment/Variance.java:264: error: cannot find symbol
                double m = mean.evaluate(values, begin, length);
                           ^
  symbol:   variable mean
  location: class Variance
1 error

166977 [main] INFO clegoues.genprog4java.rep.CachingRepresentation  - StmtDelete(94) StmtReplace(52,1) at variant176 fails to compile

166977 [main] INFO clegoues.genprog4java.fitness.Fitness  - 	 gen: 3 0.0 StmtDelete(94) StmtReplace(52,1) (stored at: variant176)
167001 [main] ERROR clegoues.genprog4java.rep.JavaRepresentation  - org/apache/commons/math/stat/descriptive/moment/Variance.java:273: error: cannot find symbol
                var = evaluate(values, m, begin, length);
                ^
  symbol:   variable var
  location: class Variance
org/apache/commons/math/stat/descriptive/moment/Variance.java:276: error: cannot find symbol
        return var;
               ^
  symbol:   variable var
  location: class Variance
2 errors

167001 [main] INFO clegoues.genprog4java.rep.CachingRepresentation  - StmtDelete(9) StmtReplace(49,27) StmtAppend(43,35) at variant177 fails to compile

167001 [main] INFO clegoues.genprog4java.fitness.Fitness  - 	 gen: 3 0.0 StmtDelete(9) StmtReplace(49,27) StmtAppend(43,35) (stored at: variant177)
167029 [main] ERROR clegoues.genprog4java.rep.JavaRepresentation  - org/apache/commons/math/stat/descriptive/moment/Variance.java:518: error: cannot find symbol
                    dev = values[i] - mean;
                    ^
  symbol:   variable dev
  location: class Variance
org/apache/commons/math/stat/descriptive/moment/Variance.java:519: error: cannot find symbol
                    accum += weights[i] * (dev * dev);
                                           ^
  symbol:   variable dev
  location: class Variance
org/apache/commons/math/stat/descriptive/moment/Variance.java:519: error: cannot find symbol
                    accum += weights[i] * (dev * dev);
                                                 ^
  symbol:   variable dev
  location: class Variance
org/apache/commons/math/stat/descriptive/moment/Variance.java:520: error: cannot find symbol
                    accum2 += weights[i] * dev;
                                           ^
  symbol:   variable dev
  location: class Variance
4 errors

167030 [main] INFO clegoues.genprog4java.rep.CachingRepresentation  - StmtReplace(10,4) StmtDelete(10) StmtAppend(120,121) StmtReplace(108,5) at variant178 fails to compile

167030 [main] INFO clegoues.genprog4java.fitness.Fitness  - 	 gen: 3 0.0 StmtReplace(10,4) StmtDelete(10) StmtAppend(120,121) StmtReplace(108,5) (stored at: variant178)
168180 [main] INFO clegoues.genprog4java.fitness.Fitness  - 	 gen: 3 1.0 StmtAppend(8,2) StmtAppend(137,141) StmtReplace(10,35) StmtReplace(86,34) (stored at: variant179)
168202 [main] ERROR clegoues.genprog4java.rep.JavaRepresentation  - org/apache/commons/math/stat/descriptive/moment/Variance.java:534: error: cannot find symbol
                    accum2 += weights[i] * dev;
                    ^
  symbol:   variable accum2
  location: class Variance
org/apache/commons/math/stat/descriptive/moment/Variance.java:543: error: cannot find symbol
                    var = (accum - (accum2 * accum2 / sumWts)) / (sumWts - 1.0);
                                    ^
  symbol:   variable accum2
  location: class Variance
org/apache/commons/math/stat/descriptive/moment/Variance.java:543: error: cannot find symbol
                    var = (accum - (accum2 * accum2 / sumWts)) / (sumWts - 1.0);
                                             ^
  symbol:   variable accum2
  location: class Variance
org/apache/commons/math/stat/descriptive/moment/Variance.java:545: error: cannot find symbol
                    var = (accum - (accum2 * accum2 / sumWts)) / sumWts;
                                    ^
  symbol:   variable accum2
  location: class Variance
org/apache/commons/math/stat/descriptive/moment/Variance.java:545: error: cannot find symbol
                    var = (accum - (accum2 * accum2 / sumWts)) / sumWts;
                                             ^
  symbol:   variable accum2
  location: class Variance
5 errors

168202 [main] INFO clegoues.genprog4java.rep.CachingRepresentation  - StmtAppend(6,34) StmtAppend(88,1) StmtDelete(48) StmtAppend(109,22) at variant180 fails to compile

168202 [main] INFO clegoues.genprog4java.fitness.Fitness  - 	 gen: 3 0.0 StmtAppend(6,34) StmtAppend(88,1) StmtDelete(48) StmtAppend(109,22) (stored at: variant180)
169627 [main] INFO clegoues.genprog4java.fitness.Fitness  - 	 gen: 3 3.0 StmtDelete(94) StmtReplace(140,136) (stored at: variant181)
169645 [main] ERROR clegoues.genprog4java.rep.JavaRepresentation  - org/apache/commons/math/stat/descriptive/moment/Variance.java:616: error: non-static variable incMoment cannot be referenced from a static context
			incMoment = false;
			^
org/apache/commons/math/stat/descriptive/moment/Variance.java:617: error: non-static variable this cannot be referenced from a static context
			this.moment = m2;
			^
org/apache/commons/math/stat/descriptive/moment/Variance.java:617: error: cannot find symbol
			this.moment = m2;
			              ^
  symbol:   variable m2
  location: class Variance
3 errors

169645 [main] INFO clegoues.genprog4java.rep.CachingRepresentation  - StmtDelete(94) StmtReplace(137,2) at variant182 fails to compile

169645 [main] INFO clegoues.genprog4java.fitness.Fitness  - 	 gen: 3 0.0 StmtDelete(94) StmtReplace(137,2) (stored at: variant182)
171088 [main] INFO clegoues.genprog4java.fitness.Fitness  - 	 gen: 3 3.0 StmtAppend(8,60) StmtDelete(103) (stored at: variant183)
172296 [main] INFO clegoues.genprog4java.fitness.Fitness  - 	 gen: 3 2.0 StmtAppend(74,11) StmtDelete(54) (stored at: variant184)
172314 [main] ERROR clegoues.genprog4java.rep.JavaRepresentation  - org/apache/commons/math/stat/descriptive/moment/Variance.java:504: error: cannot find symbol
        this.moment = m2;
                      ^
  symbol:   variable m2
  location: class Variance
org/apache/commons/math/stat/descriptive/moment/Variance.java:508: error: cannot find symbol
                var = 0.0;
                ^
  symbol:   variable var
  location: class Variance
org/apache/commons/math/stat/descriptive/moment/Variance.java:530: error: cannot find symbol
                    var = (accum - (accum2 * accum2 / sumWts)) / (sumWts - 1.0);
                    ^
  symbol:   variable var
  location: class Variance
org/apache/commons/math/stat/descriptive/moment/Variance.java:532: error: cannot find symbol
                    var = (accum - (accum2 * accum2 / sumWts)) / sumWts;
                    ^
  symbol:   variable var
  location: class Variance
org/apache/commons/math/stat/descriptive/moment/Variance.java:536: error: cannot find symbol
        return var;
               ^
  symbol:   variable var
  location: class Variance
5 errors

172314 [main] INFO clegoues.genprog4java.rep.CachingRepresentation  - StmtAppend(110,34) StmtReplace(99,10) at variant185 fails to compile

172314 [main] INFO clegoues.genprog4java.fitness.Fitness  - 	 gen: 3 0.0 StmtAppend(110,34) StmtReplace(99,10) (stored at: variant185)
172336 [main] ERROR clegoues.genprog4java.rep.JavaRepresentation  - org/apache/commons/math/stat/descriptive/moment/Variance.java:329: error: cannot find symbol
			this.moment = m2;
			              ^
  symbol:   variable m2
  location: class Variance
1 error

172336 [main] INFO clegoues.genprog4java.rep.CachingRepresentation  - StmtDelete(94) StmtAppend(85,0) StmtAppend(58,4) at variant186 fails to compile

172336 [main] INFO clegoues.genprog4java.fitness.Fitness  - 	 gen: 3 0.0 StmtDelete(94) StmtAppend(85,0) StmtAppend(58,4) (stored at: variant186)
172369 [main] ERROR clegoues.genprog4java.rep.JavaRepresentation  - org/apache/commons/math/stat/descriptive/moment/Variance.java:185: error: unreachable statement
				if (isBiasCorrected) {
				^
1 error

172369 [main] INFO clegoues.genprog4java.rep.CachingRepresentation  - StmtDelete(119) StmtAppend(118,46) StmtAppend(23,26) at variant187 fails to compile

172369 [main] INFO clegoues.genprog4java.fitness.Fitness  - 	 gen: 3 0.0 StmtDelete(119) StmtAppend(118,46) StmtAppend(23,26) (stored at: variant187)
173557 [main] INFO clegoues.genprog4java.fitness.Fitness  - 	 gen: 3 3.0 StmtAppend(74,11) StmtAppend(34,34) (stored at: variant188)
173579 [main] ERROR clegoues.genprog4java.rep.JavaRepresentation  - org/apache/commons/math/stat/descriptive/moment/Variance.java:329: error: cannot find symbol
				this.moment = m2;
				              ^
  symbol:   variable m2
  location: class Variance
1 error

173579 [main] INFO clegoues.genprog4java.rep.CachingRepresentation  - StmtDelete(130) StmtReplace(90,91) StmtDelete(36) StmtAppend(64,4) at variant189 fails to compile

173579 [main] INFO clegoues.genprog4java.fitness.Fitness  - 	 gen: 3 0.0 StmtDelete(130) StmtReplace(90,91) StmtDelete(36) StmtAppend(64,4) (stored at: variant189)
173601 [main] ERROR clegoues.genprog4java.rep.JavaRepresentation  - org/apache/commons/math/stat/descriptive/moment/Variance.java:414: error: cannot find symbol
                    accum += dev * dev;
                    ^
  symbol:   variable accum
  location: class Variance
org/apache/commons/math/stat/descriptive/moment/Variance.java:419: error: cannot find symbol
                    var = (accum - (accum2 * accum2 / len)) / (len - 1.0);
                           ^
  symbol:   variable accum
  location: class Variance
2 errors

173601 [main] INFO clegoues.genprog4java.rep.CachingRepresentation  - StmtDelete(94) StmtDelete(81) at variant190 fails to compile

173601 [main] INFO clegoues.genprog4java.fitness.Fitness  - 	 gen: 3 0.0 StmtDelete(94) StmtDelete(81) (stored at: variant190)
173623 [main] ERROR clegoues.genprog4java.rep.JavaRepresentation  - org/apache/commons/math/stat/descriptive/moment/Variance.java:324: error: cannot find symbol
				this.moment = m2;
				              ^
  symbol:   variable m2
  location: class Variance
1 error

173623 [main] INFO clegoues.genprog4java.rep.CachingRepresentation  - StmtReplace(90,91) StmtDelete(36) StmtReplace(65,4) at variant191 fails to compile

173623 [main] INFO clegoues.genprog4java.fitness.Fitness  - 	 gen: 3 0.0 StmtReplace(90,91) StmtDelete(36) StmtReplace(65,4) (stored at: variant191)
174763 [main] INFO clegoues.genprog4java.fitness.Fitness  - 	 gen: 3 3.0 StmtAppend(136,138) (stored at: variant192)
174783 [main] ERROR clegoues.genprog4java.rep.JavaRepresentation  - org/apache/commons/math/stat/descriptive/moment/Variance.java:142: error: incompatible types: unexpected return value
				return moment.m2 / (moment.n - 1d);
				                 ^
org/apache/commons/math/stat/descriptive/moment/Variance.java:144: error: incompatible types: unexpected return value
				return moment.m2 / (moment.n);
				                 ^
2 errors

174784 [main] INFO clegoues.genprog4java.rep.CachingRepresentation  - StmtDelete(88) StmtAppend(9,26) at variant193 fails to compile

174784 [main] INFO clegoues.genprog4java.fitness.Fitness  - 	 gen: 3 0.0 StmtDelete(88) StmtAppend(9,26) (stored at: variant193)
174811 [main] ERROR clegoues.genprog4java.rep.JavaRepresentation  - org/apache/commons/math/stat/descriptive/moment/Variance.java:101: error: incompatible types: unexpected return value
				return Double.NaN;
				             ^
1 error

174811 [main] INFO clegoues.genprog4java.rep.CachingRepresentation  - StmtAppend(44,1) StmtAppend(1,20) at variant194 fails to compile

174811 [main] INFO clegoues.genprog4java.fitness.Fitness  - 	 gen: 3 0.0 StmtAppend(44,1) StmtAppend(1,20) (stored at: variant194)
175495 [main] INFO clegoues.genprog4java.fitness.Fitness  - 	 gen: 3 3.0 StmtDelete(34) (stored at: variant195)
177306 [main] INFO clegoues.genprog4java.fitness.Fitness  - 	 gen: 3 3.0 StmtReplace(118,3) (stored at: variant196)
177667 [main] INFO clegoues.genprog4java.fitness.Fitness  - 	 gen: 3 2.0 StmtReplace(10,4) StmtDelete(76) (stored at: variant197)
178836 [main] INFO clegoues.genprog4java.fitness.Fitness  - 	 gen: 3 3.0 StmtDelete(9) StmtAppend(120,121) StmtReplace(38,0) (stored at: variant198)
179381 [main] INFO clegoues.genprog4java.fitness.Fitness  - 	 gen: 3 3.0 StmtDelete(121) (stored at: variant199)
180482 [main] INFO clegoues.genprog4java.fitness.Fitness  - 	 gen: 3 2.0 StmtReplace(10,4) StmtDelete(10) StmtReplace(20,26) StmtDelete(39) StmtReplace(94,0) (stored at: variant200)
181745 [main] INFO clegoues.genprog4java.fitness.Fitness  - 	 gen: 3 3.0 StmtReplace(10,35) StmtReplace(65,0) (stored at: variant201)
182749 [main] INFO clegoues.genprog4java.fitness.Fitness  - 	 gen: 3 3.0 StmtAppend(8,2) StmtAppend(48,38) (stored at: variant202)
182766 [main] ERROR clegoues.genprog4java.rep.JavaRepresentation  - org/apache/commons/math/stat/descriptive/moment/Variance.java:189: error: missing return statement
    }
    ^
1 error

182766 [main] INFO clegoues.genprog4java.rep.CachingRepresentation  - StmtDelete(48) StmtDelete(20) at variant203 fails to compile

182766 [main] INFO clegoues.genprog4java.fitness.Fitness  - 	 gen: 3 0.0 StmtDelete(48) StmtDelete(20) (stored at: variant203)
184360 [main] INFO clegoues.genprog4java.fitness.Fitness  - 	 gen: 3 0.0 StmtAppend(6,34) StmtAppend(88,1) StmtDelete(48) StmtAppend(75,20) (stored at: variant204)
184375 [main] ERROR clegoues.genprog4java.rep.JavaRepresentation  - org/apache/commons/math/stat/descriptive/moment/Variance.java:192: error: missing return statement
    }
    ^
1 error

184375 [main] INFO clegoues.genprog4java.rep.CachingRepresentation  - StmtReplace(30,34) at variant205 fails to compile

184376 [main] INFO clegoues.genprog4java.fitness.Fitness  - 	 gen: 3 0.0 StmtReplace(30,34) (stored at: variant205)
184393 [main] ERROR clegoues.genprog4java.rep.JavaRepresentation  - org/apache/commons/math/stat/descriptive/moment/Variance.java:413: error: cannot find symbol
                var = 0.0;
                ^
  symbol:   variable var
  location: class Variance
org/apache/commons/math/stat/descriptive/moment/Variance.java:425: error: cannot find symbol
                    var = (accum - (accum2 * accum2 / len)) / (len - 1.0);
                    ^
  symbol:   variable var
  location: class Variance
org/apache/commons/math/stat/descriptive/moment/Variance.java:427: error: cannot find symbol
                    var = (accum - (accum2 * accum2 / len)) / len;
                    ^
  symbol:   variable var
  location: class Variance
org/apache/commons/math/stat/descriptive/moment/Variance.java:431: error: cannot find symbol
        return var;
               ^
  symbol:   variable var
  location: class Variance
4 errors

184393 [main] INFO clegoues.genprog4java.rep.CachingRepresentation  - StmtReplace(49,27) StmtAppend(73,20) at variant206 fails to compile

184394 [main] INFO clegoues.genprog4java.fitness.Fitness  - 	 gen: 3 0.0 StmtReplace(49,27) StmtAppend(73,20) (stored at: variant206)
184419 [main] ERROR clegoues.genprog4java.rep.JavaRepresentation  - org/apache/commons/math/stat/descriptive/moment/Variance.java:420: error: cannot find symbol
                    accum += dev * dev;
                    ^
  symbol:   variable accum
  location: class Variance
org/apache/commons/math/stat/descriptive/moment/Variance.java:425: error: cannot find symbol
                    var = (accum - (accum2 * accum2 / len)) / (len - 1.0);
                           ^
  symbol:   variable accum
  location: class Variance
org/apache/commons/math/stat/descriptive/moment/Variance.java:427: error: cannot find symbol
                    var = (accum - (accum2 * accum2 / len)) / len;
                           ^
  symbol:   variable accum
  location: class Variance
3 errors

184420 [main] INFO clegoues.genprog4java.rep.CachingRepresentation  - StmtAppend(8,2) StmtDelete(81) at variant207 fails to compile

184420 [main] INFO clegoues.genprog4java.fitness.Fitness  - 	 gen: 3 0.0 StmtAppend(8,2) StmtDelete(81) (stored at: variant207)
185629 [main] INFO clegoues.genprog4java.fitness.Fitness  - 	 gen: 3 3.0 StmtDelete(137) StmtDelete(34) (stored at: variant208)
186593 [main] INFO clegoues.genprog4java.fitness.Fitness  - 	 gen: 3 1.0 StmtReplace(77,49) StmtDelete(2) (stored at: variant209)
187708 [main] INFO clegoues.genprog4java.fitness.Fitness  - 	 gen: 3 1.0 StmtDelete(39) StmtReplace(47,36) (stored at: variant210)
187728 [main] ERROR clegoues.genprog4java.rep.JavaRepresentation  - org/apache/commons/math/stat/descriptive/moment/Variance.java:419: error: cannot find symbol
                    accum2 += dev;
                    ^
  symbol:   variable accum2
  location: class Variance
org/apache/commons/math/stat/descriptive/moment/Variance.java:423: error: cannot find symbol
                    var = (accum - (accum2 * accum2 / len)) / (len - 1.0);
                                    ^
  symbol:   variable accum2
  location: class Variance
org/apache/commons/math/stat/descriptive/moment/Variance.java:423: error: cannot find symbol
                    var = (accum - (accum2 * accum2 / len)) / (len - 1.0);
                                             ^
  symbol:   variable accum2
  location: class Variance
org/apache/commons/math/stat/descriptive/moment/Variance.java:425: error: cannot find symbol
                    var = (accum - (accum2 * accum2 / len)) / len;
                                    ^
  symbol:   variable accum2
  location: class Variance
org/apache/commons/math/stat/descriptive/moment/Variance.java:425: error: cannot find symbol
                    var = (accum - (accum2 * accum2 / len)) / len;
                                             ^
  symbol:   variable accum2
  location: class Variance
5 errors

187728 [main] INFO clegoues.genprog4java.rep.CachingRepresentation  - StmtAppend(83,34) at variant211 fails to compile

187728 [main] INFO clegoues.genprog4java.fitness.Fitness  - 	 gen: 3 0.0 StmtAppend(83,34) (stored at: variant211)
188818 [main] INFO clegoues.genprog4java.fitness.Fitness  - 	 gen: 3 2.0 StmtDelete(94) StmtAppend(7,60) StmtReplace(39,9) (stored at: variant212)
189865 [main] INFO clegoues.genprog4java.fitness.Fitness  - 	 gen: 3 3.0 StmtAppend(118,120) StmtAppend(118,46) StmtAppend(77,75) (stored at: variant213)
191070 [main] INFO clegoues.genprog4java.fitness.Fitness  - 	 gen: 3 0.0 StmtReplace(84,7) (stored at: variant214)
191088 [main] ERROR clegoues.genprog4java.rep.JavaRepresentation  - org/apache/commons/math/stat/descriptive/moment/Variance.java:191: error: unreachable statement
				incMoment = false;
				^
org/apache/commons/math/stat/descriptive/moment/Variance.java:193: error: missing return statement
    }
    ^
2 errors

191088 [main] INFO clegoues.genprog4java.rep.CachingRepresentation  - StmtDelete(130) StmtAppend(22,3) at variant215 fails to compile

191088 [main] INFO clegoues.genprog4java.fitness.Fitness  - 	 gen: 3 0.0 StmtDelete(130) StmtAppend(22,3) (stored at: variant215)
192138 [main] INFO clegoues.genprog4java.fitness.Fitness  - 	 gen: 3 3.0 StmtDelete(36) StmtReplace(36,1) (stored at: variant216)
192138 [main] INFO clegoues.genprog4java.Search.Search  - search: generation4
193927 [main] INFO clegoues.genprog4java.fitness.Fitness  - 	 gen: 4 3.0 StmtAppend(118,120) StmtAppend(118,88) StmtAppend(85,3) StmtDelete(34) (stored at: variant217)
193947 [main] ERROR clegoues.genprog4java.rep.JavaRepresentation  - org/apache/commons/math/stat/descriptive/moment/Variance.java:519: error: cannot find symbol
                var = 0.0;
                ^
  symbol:   variable var
  location: class Variance
org/apache/commons/math/stat/descriptive/moment/Variance.java:524: error: cannot find symbol
        return var;
               ^
  symbol:   variable var
  location: class Variance
2 errors

193947 [main] INFO clegoues.genprog4java.rep.CachingRepresentation  - StmtDelete(88) StmtReplace(105,38) StmtAppend(44,1) StmtAppend(77,62) StmtReplace(99,20) at variant218 fails to compile

193947 [main] INFO clegoues.genprog4java.fitness.Fitness  - 	 gen: 4 0.0 StmtDelete(88) StmtReplace(105,38) StmtAppend(44,1) StmtAppend(77,62) StmtReplace(99,20) (stored at: variant218)
193968 [main] ERROR clegoues.genprog4java.rep.JavaRepresentation  - org/apache/commons/math/stat/descriptive/moment/Variance.java:128: error: incompatible types: unexpected return value
				return moment.m2 / (moment.n - 1d);
				                 ^
org/apache/commons/math/stat/descriptive/moment/Variance.java:130: error: incompatible types: unexpected return value
				return moment.m2 / (moment.n);
				                 ^
2 errors

193968 [main] INFO clegoues.genprog4java.rep.CachingRepresentation  - StmtDelete(130) StmtReplace(90,91) StmtDelete(36) StmtAppend(38,34) StmtAppend(6,26) at variant219 fails to compile

193968 [main] INFO clegoues.genprog4java.fitness.Fitness  - 	 gen: 4 0.0 StmtDelete(130) StmtReplace(90,91) StmtDelete(36) StmtAppend(38,34) StmtAppend(6,26) (stored at: variant219)
193990 [main] ERROR clegoues.genprog4java.rep.JavaRepresentation  - org/apache/commons/math/stat/descriptive/moment/Variance.java:191: error: missing return statement
    }
    ^
1 error

193990 [main] INFO clegoues.genprog4java.rep.CachingRepresentation  - StmtAppend(74,11) StmtDelete(90) StmtDelete(21) at variant220 fails to compile

193990 [main] INFO clegoues.genprog4java.fitness.Fitness  - 	 gen: 4 0.0 StmtAppend(74,11) StmtDelete(90) StmtDelete(21) (stored at: variant220)
194009 [main] ERROR clegoues.genprog4java.rep.JavaRepresentation  - org/apache/commons/math/stat/descriptive/moment/Variance.java:595: error: incompatible types: unexpected return value
			return Double.NaN;
			             ^
1 error

194009 [main] INFO clegoues.genprog4java.rep.CachingRepresentation  - StmtDelete(9) StmtAppend(120,121) StmtReplace(38,0) StmtReplace(130,20) at variant221 fails to compile

194009 [main] INFO clegoues.genprog4java.fitness.Fitness  - 	 gen: 4 0.0 StmtDelete(9) StmtAppend(120,121) StmtReplace(38,0) StmtReplace(130,20) (stored at: variant221)
195225 [main] INFO clegoues.genprog4java.fitness.Fitness  - 	 gen: 4 3.0 StmtAppend(74,11) StmtAppend(34,34) StmtDelete(113) (stored at: variant222)
197084 [main] INFO clegoues.genprog4java.fitness.Fitness  - 	 gen: 4 2.0 StmtDelete(130) StmtReplace(90,91) StmtDelete(36) StmtAppend(38,34) StmtDelete(15) (stored at: variant223)
197101 [main] ERROR clegoues.genprog4java.rep.JavaRepresentation  - org/apache/commons/math/stat/descriptive/moment/Variance.java:407: error: unreachable statement
        return var;
        ^
1 error

197101 [main] INFO clegoues.genprog4java.rep.CachingRepresentation  - StmtReplace(118,3) StmtReplace(74,23) at variant224 fails to compile

197101 [main] INFO clegoues.genprog4java.fitness.Fitness  - 	 gen: 4 0.0 StmtReplace(118,3) StmtReplace(74,23) (stored at: variant224)
198208 [main] INFO clegoues.genprog4java.fitness.Fitness  - 	 gen: 4 1.0 StmtReplace(77,49) StmtReplace(88,0) StmtDelete(118) StmtDelete(68) StmtReplace(44,7) (stored at: variant225)
198226 [main] ERROR clegoues.genprog4java.rep.JavaRepresentation  - org/apache/commons/math/stat/descriptive/moment/Variance.java:182: error: cannot find symbol
				this.moment = m2;
				              ^
  symbol:   variable m2
  location: class Variance
1 error

198226 [main] INFO clegoues.genprog4java.rep.CachingRepresentation  - StmtAppend(118,120) StmtAppend(118,88) StmtAppend(85,3) StmtReplace(22,10) at variant226 fails to compile

198226 [main] INFO clegoues.genprog4java.fitness.Fitness  - 	 gen: 4 0.0 StmtAppend(118,120) StmtAppend(118,88) StmtAppend(85,3) StmtReplace(22,10) (stored at: variant226)
199346 [main] INFO clegoues.genprog4java.fitness.Fitness  - 	 gen: 4 3.0 StmtReplace(77,49) StmtReplace(88,0) StmtDelete(118) StmtDelete(68) StmtReplace(121,23) (stored at: variant227)
200816 [main] INFO clegoues.genprog4java.fitness.Fitness  - 	 gen: 4 0.0 StmtAppend(8,60) StmtDelete(103) StmtReplace(45,34) (stored at: variant228)
201929 [main] INFO clegoues.genprog4java.fitness.Fitness  - 	 gen: 4 3.0 StmtAppend(8,60) StmtDelete(103) StmtDelete(64) (stored at: variant229)
201950 [main] ERROR clegoues.genprog4java.rep.JavaRepresentation  - org/apache/commons/math/stat/descriptive/moment/Variance.java:327: error: cannot find symbol
                double m = mean.evaluate(values, weights, begin, length);
                           ^
  symbol:   variable mean
  location: class Variance
1 error

201950 [main] INFO clegoues.genprog4java.rep.CachingRepresentation  - StmtAppend(118,120) StmtAppend(118,88) StmtAppend(85,3) StmtAppend(66,6) at variant230 fails to compile

201951 [main] INFO clegoues.genprog4java.fitness.Fitness  - 	 gen: 4 0.0 StmtAppend(118,120) StmtAppend(118,88) StmtAppend(85,3) StmtAppend(66,6) (stored at: variant230)
203555 [main] INFO clegoues.genprog4java.fitness.Fitness  - 	 gen: 4 2.0 StmtDelete(94) StmtReplace(140,136) StmtDelete(118) (stored at: variant231)
204728 [main] INFO clegoues.genprog4java.fitness.Fitness  - 	 gen: 4 2.0 StmtDelete(137) StmtDelete(34) StmtDelete(9) (stored at: variant232)
206340 [main] INFO clegoues.genprog4java.fitness.Fitness  - 	 gen: 4 3.0 StmtAppend(74,11) StmtDelete(90) StmtAppend(76,8) (stored at: variant233)
207637 [main] INFO clegoues.genprog4java.fitness.Fitness  - 	 gen: 4 1.0 StmtDelete(130) StmtReplace(90,91) StmtDelete(36) StmtAppend(38,34) StmtDelete(84) (stored at: variant234)
208502 [main] INFO clegoues.genprog4java.fitness.Fitness  - 	 gen: 4 3.0 StmtDelete(88) StmtReplace(105,38) StmtAppend(44,1) StmtAppend(64,5) StmtReplace(54,7) (stored at: variant235)
209654 [main] INFO clegoues.genprog4java.fitness.Fitness  - 	 gen: 4 3.0 StmtAppend(118,120) StmtAppend(118,88) StmtAppend(85,3) StmtDelete(77) (stored at: variant236)
209671 [main] ERROR clegoues.genprog4java.rep.JavaRepresentation  - org/apache/commons/math/stat/descriptive/moment/Variance.java:516: error: cannot find symbol
                    dev = values[i] - mean;
                    ^
  symbol:   variable dev
  location: class Variance
org/apache/commons/math/stat/descriptive/moment/Variance.java:517: error: cannot find symbol
                    accum += weights[i] * (dev * dev);
                                           ^
  symbol:   variable dev
  location: class Variance
org/apache/commons/math/stat/descriptive/moment/Variance.java:517: error: cannot find symbol
                    accum += weights[i] * (dev * dev);
                                                 ^
  symbol:   variable dev
  location: class Variance
org/apache/commons/math/stat/descriptive/moment/Variance.java:518: error: cannot find symbol
                    accum2 += weights[i] * dev;
                                           ^
  symbol:   variable dev
  location: class Variance
4 errors

209671 [main] INFO clegoues.genprog4java.rep.CachingRepresentation  - StmtDelete(94) StmtReplace(140,136) StmtDelete(108) at variant237 fails to compile

209671 [main] INFO clegoues.genprog4java.fitness.Fitness  - 	 gen: 4 0.0 StmtDelete(94) StmtReplace(140,136) StmtDelete(108) (stored at: variant237)
211511 [main] INFO clegoues.genprog4java.fitness.Fitness  - 	 gen: 4 3.0 StmtReplace(77,49) StmtReplace(20,26) StmtDelete(39) StmtAppend(75,35) StmtDelete(5) (stored at: variant238)
211532 [main] ERROR clegoues.genprog4java.rep.JavaRepresentation  - org/apache/commons/math/stat/descriptive/moment/Variance.java:419: error: cannot find symbol
                    dev = values[i] - mean;
                    ^
  symbol:   variable dev
  location: class Variance
org/apache/commons/math/stat/descriptive/moment/Variance.java:420: error: cannot find symbol
                    accum += dev * dev;
                             ^
  symbol:   variable dev
  location: class Variance
org/apache/commons/math/stat/descriptive/moment/Variance.java:420: error: cannot find symbol
                    accum += dev * dev;
                                   ^
  symbol:   variable dev
  location: class Variance
org/apache/commons/math/stat/descriptive/moment/Variance.java:421: error: cannot find symbol
                    accum2 += dev;
                              ^
  symbol:   variable dev
  location: class Variance
4 errors

211532 [main] INFO clegoues.genprog4java.rep.CachingRepresentation  - StmtDelete(94) StmtAppend(7,60) StmtReplace(39,9) StmtAppend(82,0) at variant239 fails to compile

211532 [main] INFO clegoues.genprog4java.fitness.Fitness  - 	 gen: 4 0.0 StmtDelete(94) StmtAppend(7,60) StmtReplace(39,9) StmtAppend(82,0) (stored at: variant239)
212664 [main] INFO clegoues.genprog4java.fitness.Fitness  - 	 gen: 4 1.0 StmtDelete(9) StmtAppend(120,121) StmtReplace(38,0) StmtDelete(85) (stored at: variant240)
213796 [main] INFO clegoues.genprog4java.fitness.Fitness  - 	 gen: 4 2.0 StmtAppend(8,2) StmtAppend(77,3) StmtAppend(17,46) StmtDelete(16) StmtDelete(8) (stored at: variant241)
213812 [main] ERROR clegoues.genprog4java.rep.JavaRepresentation  - org/apache/commons/math/stat/descriptive/moment/Variance.java:601: error: cannot find symbol
        copy(this, result);
                   ^
  symbol:   variable result
  location: class Variance
org/apache/commons/math/stat/descriptive/moment/Variance.java:602: error: cannot find symbol
        return result;
               ^
  symbol:   variable result
  location: class Variance
2 errors

213813 [main] INFO clegoues.genprog4java.rep.CachingRepresentation  - StmtDelete(121) StmtDelete(132) at variant242 fails to compile

213813 [main] INFO clegoues.genprog4java.fitness.Fitness  - 	 gen: 4 0.0 StmtDelete(121) StmtDelete(132) (stored at: variant242)
216206 [main] INFO clegoues.genprog4java.fitness.Fitness  - 	 gen: 4 2.0 StmtAppend(136,138) StmtDelete(44) (stored at: variant243)
218305 [main] INFO clegoues.genprog4java.fitness.Fitness  - 	 gen: 4 3.0 StmtAppend(103,49) StmtAppend(49,0) StmtReplace(79,76) (stored at: variant244)
218325 [main] ERROR clegoues.genprog4java.rep.JavaRepresentation  - org/apache/commons/math/stat/descriptive/moment/Variance.java:618: error: non-static variable incMoment cannot be referenced from a static context
				incMoment = false;
				^
org/apache/commons/math/stat/descriptive/moment/Variance.java:619: error: non-static variable this cannot be referenced from a static context
				this.moment = m2;
				^
org/apache/commons/math/stat/descriptive/moment/Variance.java:619: error: cannot find symbol
				this.moment = m2;
				              ^
  symbol:   variable m2
  location: class Variance
org/apache/commons/math/stat/descriptive/moment/Variance.java:620: error: non-static variable this cannot be referenced from a static context
				this.isBiasCorrected = isBiasCorrected;
				^
org/apache/commons/math/stat/descriptive/moment/Variance.java:620: error: non-static variable isBiasCorrected cannot be referenced from a static context
				this.isBiasCorrected = isBiasCorrected;
				                       ^
5 errors

218325 [main] INFO clegoues.genprog4java.rep.CachingRepresentation  - StmtDelete(36) StmtReplace(36,1) StmtAppend(138,8) at variant245 fails to compile

218325 [main] INFO clegoues.genprog4java.fitness.Fitness  - 	 gen: 4 0.0 StmtDelete(36) StmtReplace(36,1) StmtAppend(138,8) (stored at: variant245)
218348 [main] ERROR clegoues.genprog4java.rep.JavaRepresentation  - org/apache/commons/math/stat/descriptive/moment/Variance.java:190: error: missing return statement
    }
    ^
1 error

218348 [main] INFO clegoues.genprog4java.rep.CachingRepresentation  - StmtDelete(88) StmtReplace(105,38) StmtAppend(44,1) StmtAppend(77,62) StmtReplace(27,7) at variant246 fails to compile

218348 [main] INFO clegoues.genprog4java.fitness.Fitness  - 	 gen: 4 0.0 StmtDelete(88) StmtReplace(105,38) StmtAppend(44,1) StmtAppend(77,62) StmtReplace(27,7) (stored at: variant246)
220166 [main] INFO clegoues.genprog4java.fitness.Fitness  - 	 gen: 4 2.0 StmtDelete(130) StmtReplace(90,91) StmtDelete(36) StmtAppend(38,34) StmtReplace(47,45) (stored at: variant247)
220190 [main] ERROR clegoues.genprog4java.rep.JavaRepresentation  - org/apache/commons/math/stat/descriptive/moment/Variance.java:582: error: incompatible types: unexpected return value
			return 0d;
			       ^
1 error

220190 [main] INFO clegoues.genprog4java.rep.CachingRepresentation  - StmtDelete(88) StmtReplace(105,38) StmtAppend(44,1) StmtAppend(77,62) StmtReplace(130,23) at variant248 fails to compile

220190 [main] INFO clegoues.genprog4java.fitness.Fitness  - 	 gen: 4 0.0 StmtDelete(88) StmtReplace(105,38) StmtAppend(44,1) StmtAppend(77,62) StmtReplace(130,23) (stored at: variant248)
221985 [main] INFO clegoues.genprog4java.fitness.Fitness  - 	 gen: 4 1.0 StmtDelete(39) StmtReplace(47,36) StmtDelete(106) (stored at: variant249)
223297 [main] INFO clegoues.genprog4java.fitness.Fitness  - 	 gen: 4 1.0 StmtAppend(8,60) StmtDelete(103) StmtAppend(34,39) (stored at: variant250)
224787 [main] INFO clegoues.genprog4java.fitness.Fitness  - 	 gen: 4 3.0 StmtReplace(77,49) StmtReplace(88,0) StmtDelete(118) StmtDelete(68) StmtDelete(139) (stored at: variant251)
225982 [main] INFO clegoues.genprog4java.fitness.Fitness  - 	 gen: 4 2.0 StmtAppend(74,11) StmtDelete(90) StmtReplace(8,5) (stored at: variant252)
227084 [main] INFO clegoues.genprog4java.fitness.Fitness  - 	 gen: 4 3.0 StmtAppend(118,120) StmtAppend(118,88) StmtAppend(85,3) StmtAppend(3,34) (stored at: variant253)
227103 [main] ERROR clegoues.genprog4java.rep.JavaRepresentation  - org/apache/commons/math/stat/descriptive/moment/Variance.java:326: error: cannot find symbol
                var = evaluate(values, weights, m, begin, length);
                                                ^
  symbol:   variable m
  location: class Variance
1 error

227103 [main] INFO clegoues.genprog4java.rep.CachingRepresentation  - StmtAppend(74,11) StmtDelete(90) StmtDelete(67) at variant254 fails to compile

227103 [main] INFO clegoues.genprog4java.fitness.Fitness  - 	 gen: 4 0.0 StmtAppend(74,11) StmtDelete(90) StmtDelete(67) (stored at: variant254)
227120 [main] ERROR clegoues.genprog4java.rep.JavaRepresentation  - org/apache/commons/math/stat/descriptive/moment/Variance.java:209: error: incompatible types: unexpected return value
				return 0d;
				       ^
org/apache/commons/math/stat/descriptive/moment/Variance.java:212: error: incompatible types: unexpected return value
					return moment.m2 / (moment.n - 1d);
					                 ^
org/apache/commons/math/stat/descriptive/moment/Variance.java:214: error: incompatible types: unexpected return value
					return moment.m2 / (moment.n);
					                 ^
3 errors

227120 [main] INFO clegoues.genprog4java.rep.CachingRepresentation  - StmtDelete(121) StmtAppend(34,22) at variant255 fails to compile

227120 [main] INFO clegoues.genprog4java.fitness.Fitness  - 	 gen: 4 0.0 StmtDelete(121) StmtAppend(34,22) (stored at: variant255)
228310 [main] INFO clegoues.genprog4java.fitness.Fitness  - 	 gen: 4 1.0 StmtAppend(8,2) StmtAppend(77,3) StmtAppend(17,46) StmtDelete(16) StmtDelete(140) (stored at: variant256)
228326 [main] ERROR clegoues.genprog4java.rep.JavaRepresentation  - org/apache/commons/math/stat/descriptive/moment/Variance.java:515: error: cannot find symbol
                    dev = values[i] - mean;
                    ^
  symbol:   variable dev
  location: class Variance
org/apache/commons/math/stat/descriptive/moment/Variance.java:516: error: cannot find symbol
                    accum += weights[i] * (dev * dev);
                                           ^
  symbol:   variable dev
  location: class Variance
org/apache/commons/math/stat/descriptive/moment/Variance.java:516: error: cannot find symbol
                    accum += weights[i] * (dev * dev);
                                                 ^
  symbol:   variable dev
  location: class Variance
org/apache/commons/math/stat/descriptive/moment/Variance.java:517: error: cannot find symbol
                    accum2 += weights[i] * dev;
                                           ^
  symbol:   variable dev
  location: class Variance
4 errors

228326 [main] INFO clegoues.genprog4java.rep.CachingRepresentation  - StmtDelete(108) at variant257 fails to compile

228326 [main] INFO clegoues.genprog4java.fitness.Fitness  - 	 gen: 4 0.0 StmtDelete(108) (stored at: variant257)
230205 [main] INFO clegoues.genprog4java.fitness.Fitness  - 	 gen: 4 2.0 StmtDelete(9) StmtAppend(120,121) StmtDelete(90) StmtDelete(80) (stored at: variant258)
231322 [main] INFO clegoues.genprog4java.fitness.Fitness  - 	 gen: 4 3.0 StmtDelete(9) StmtAppend(120,121) StmtDelete(34) (stored at: variant259)
231341 [main] ERROR clegoues.genprog4java.rep.JavaRepresentation  - org/apache/commons/math/stat/descriptive/moment/Variance.java:114: error: incompatible types: unexpected return value
			return 0d;
			       ^
1 error

231341 [main] INFO clegoues.genprog4java.rep.CachingRepresentation  - StmtAppend(8,2) StmtAppend(77,3) StmtAppend(17,46) StmtReplace(4,23) at variant260 fails to compile

231341 [main] INFO clegoues.genprog4java.fitness.Fitness  - 	 gen: 4 0.0 StmtAppend(8,2) StmtAppend(77,3) StmtAppend(17,46) StmtReplace(4,23) (stored at: variant260)
231359 [main] ERROR clegoues.genprog4java.rep.JavaRepresentation  - org/apache/commons/math/stat/descriptive/moment/Variance.java:415: error: cannot find symbol
                    accum2 += dev;
                    ^
  symbol:   variable accum2
  location: class Variance
org/apache/commons/math/stat/descriptive/moment/Variance.java:419: error: cannot find symbol
                    var = (accum - (accum2 * accum2 / len)) / (len - 1.0);
                                    ^
  symbol:   variable accum2
  location: class Variance
org/apache/commons/math/stat/descriptive/moment/Variance.java:419: error: cannot find symbol
                    var = (accum - (accum2 * accum2 / len)) / (len - 1.0);
                                             ^
  symbol:   variable accum2
  location: class Variance
org/apache/commons/math/stat/descriptive/moment/Variance.java:421: error: cannot find symbol
                    var = (accum - (accum2 * accum2 / len)) / len;
                                    ^
  symbol:   variable accum2
  location: class Variance
org/apache/commons/math/stat/descriptive/moment/Variance.java:421: error: cannot find symbol
                    var = (accum - (accum2 * accum2 / len)) / len;
                                             ^
  symbol:   variable accum2
  location: class Variance
5 errors

231359 [main] INFO clegoues.genprog4java.rep.CachingRepresentation  - StmtDelete(130) StmtDelete(83) at variant261 fails to compile

231359 [main] INFO clegoues.genprog4java.fitness.Fitness  - 	 gen: 4 0.0 StmtDelete(130) StmtDelete(83) (stored at: variant261)
231375 [main] ERROR clegoues.genprog4java.rep.JavaRepresentation  - org/apache/commons/math/stat/descriptive/moment/Variance.java:596: error: cannot find symbol
        this.moment = m2;
                      ^
  symbol:   variable m2
  location: class Variance
1 error

231375 [main] INFO clegoues.genprog4java.rep.CachingRepresentation  - StmtDelete(36) StmtAppend(38,34) StmtReplace(130,4) at variant262 fails to compile

231375 [main] INFO clegoues.genprog4java.fitness.Fitness  - 	 gen: 4 0.0 StmtDelete(36) StmtAppend(38,34) StmtReplace(130,4) (stored at: variant262)
231655 [main] INFO clegoues.genprog4java.fitness.Fitness  - 	 gen: 4 0.0 StmtDelete(74) (stored at: variant263)
231671 [main] ERROR clegoues.genprog4java.rep.JavaRepresentation  - org/apache/commons/math/stat/descriptive/moment/Variance.java:266: error: cannot find symbol
                var = evaluate(values, m, begin, length);
                                       ^
  symbol:   variable m
  location: class Variance
1 error

231671 [main] INFO clegoues.genprog4java.rep.CachingRepresentation  - StmtAppend(103,49) StmtDelete(53) at variant264 fails to compile

231671 [main] INFO clegoues.genprog4java.fitness.Fitness  - 	 gen: 4 0.0 StmtAppend(103,49) StmtDelete(53) (stored at: variant264)
231690 [main] ERROR clegoues.genprog4java.rep.JavaRepresentation  - org/apache/commons/math/stat/descriptive/moment/Variance.java:265: error: cannot find symbol
                double m = mean.evaluate(values, begin, length);
                           ^
  symbol:   variable mean
  location: class Variance
1 error

231690 [main] INFO clegoues.genprog4java.rep.CachingRepresentation  - StmtAppend(118,120) StmtAppend(118,88) StmtAppend(77,62) StmtDelete(52) at variant265 fails to compile

231690 [main] INFO clegoues.genprog4java.fitness.Fitness  - 	 gen: 4 0.0 StmtAppend(118,120) StmtAppend(118,88) StmtAppend(77,62) StmtDelete(52) (stored at: variant265)
232930 [main] INFO clegoues.genprog4java.fitness.Fitness  - 	 gen: 4 3.0 StmtDelete(88) StmtReplace(105,38) StmtAppend(87,49) (stored at: variant266)
234025 [main] INFO clegoues.genprog4java.fitness.Fitness  - 	 gen: 4 3.0 StmtAppend(8,60) StmtDelete(17) (stored at: variant267)
235257 [main] INFO clegoues.genprog4java.fitness.Fitness  - 	 gen: 4 1.0 StmtDelete(39) StmtReplace(92,94) (stored at: variant268)
237888 [main] INFO clegoues.genprog4java.fitness.Fitness  - 	 gen: 4 3.0 StmtDelete(103) StmtReplace(112,62) (stored at: variant269)
238993 [main] INFO clegoues.genprog4java.fitness.Fitness  - 	 gen: 4 3.0 StmtAppend(118,88) StmtAppend(85,3) StmtAppend(35,3) (stored at: variant270)
240125 [main] INFO clegoues.genprog4java.fitness.Fitness  - 	 gen: 4 2.0 StmtDelete(94) StmtDelete(118) StmtDelete(68) StmtAppend(44,3) (stored at: variant271)
240729 [main] INFO clegoues.genprog4java.fitness.Fitness  - 	 gen: 4 0.0 StmtReplace(77,49) StmtReplace(75,7) (stored at: variant272)
241911 [main] INFO clegoues.genprog4java.fitness.Fitness  - 	 gen: 4 3.0 StmtDelete(137) StmtAppend(6,5) (stored at: variant273)
241931 [main] ERROR clegoues.genprog4java.rep.JavaRepresentation  - org/apache/commons/math/stat/descriptive/moment/Variance.java:183: error: missing return statement
    }
    ^
1 error

241931 [main] INFO clegoues.genprog4java.rep.CachingRepresentation  - StmtAppend(74,11) StmtDelete(22) at variant274 fails to compile

241931 [main] INFO clegoues.genprog4java.fitness.Fitness  - 	 gen: 4 0.0 StmtAppend(74,11) StmtDelete(22) (stored at: variant274)
241931 [main] INFO clegoues.genprog4java.Search.Search  - search: generation5
242319 [main] ERROR clegoues.genprog4java.rep.JavaRepresentation  - org/apache/commons/math/stat/descriptive/moment/Variance.java:142: error: incompatible types: unexpected return value
				return Double.NaN;
				             ^
org/apache/commons/math/stat/descriptive/moment/Variance.java:144: error: incompatible types: unexpected return value
				return 0d;
				       ^
org/apache/commons/math/stat/descriptive/moment/Variance.java:147: error: incompatible types: unexpected return value
					return moment.m2 / (moment.n - 1d);
					                 ^
org/apache/commons/math/stat/descriptive/moment/Variance.java:149: error: incompatible types: unexpected return value
					return moment.m2 / (moment.n);
					                 ^
4 errors

242319 [main] INFO clegoues.genprog4java.rep.CachingRepresentation  - StmtReplace(77,49) StmtReplace(88,0) StmtDelete(118) StmtDelete(68) StmtReplace(121,23) StmtAppend(9,19) at variant275 fails to compile

242319 [main] INFO clegoues.genprog4java.fitness.Fitness  - 	 gen: 5 0.0 StmtReplace(77,49) StmtReplace(88,0) StmtDelete(118) StmtDelete(68) StmtReplace(121,23) StmtAppend(9,19) (stored at: variant275)
243505 [main] INFO clegoues.genprog4java.fitness.Fitness  - 	 gen: 5 2.0 StmtAppend(118,120) StmtAppend(118,88) StmtAppend(85,3) StmtAppend(3,34) StmtAppend(75,3) (stored at: variant276)
246122 [main] INFO clegoues.genprog4java.fitness.Fitness  - 	 gen: 5 2.0 StmtAppend(118,120) StmtAppend(118,88) StmtAppend(85,3) StmtDelete(77) StmtDelete(44) (stored at: variant277)
248662 [main] INFO clegoues.genprog4java.fitness.Fitness  - 	 gen: 5 3.0 StmtAppend(118,120) StmtAppend(118,88) StmtAppend(85,3) StmtDelete(34) StmtAppend(8,36) (stored at: variant278)
248685 [main] ERROR clegoues.genprog4java.rep.JavaRepresentation  - org/apache/commons/math/stat/descriptive/moment/Variance.java:624: error: non-static variable moment cannot be referenced from a static context
			moment = new SecondMoment();
			^
1 error

248685 [main] INFO clegoues.genprog4java.rep.CachingRepresentation  - StmtAppend(118,120) StmtAppend(118,88) StmtAppend(85,3) StmtDelete(77) StmtReplace(141,0) at variant279 fails to compile

248685 [main] INFO clegoues.genprog4java.fitness.Fitness  - 	 gen: 5 0.0 StmtAppend(118,120) StmtAppend(118,88) StmtAppend(85,3) StmtDelete(77) StmtReplace(141,0) (stored at: variant279)
248710 [main] ERROR clegoues.genprog4java.rep.JavaRepresentation  - org/apache/commons/math/stat/descriptive/moment/Variance.java:514: error: cannot find symbol
				this.moment = m2;
				              ^
  symbol:   variable m2
  location: class Variance
1 error

248710 [main] INFO clegoues.genprog4java.rep.CachingRepresentation  - StmtReplace(77,49) StmtReplace(88,0) StmtDelete(118) StmtDelete(68) StmtReplace(121,23) StmtReplace(106,8) at variant280 fails to compile

248710 [main] INFO clegoues.genprog4java.fitness.Fitness  - 	 gen: 5 0.0 StmtReplace(77,49) StmtReplace(88,0) StmtDelete(118) StmtDelete(68) StmtReplace(121,23) StmtReplace(106,8) (stored at: variant280)
249961 [main] INFO clegoues.genprog4java.fitness.Fitness  - 	 gen: 5 3.0 StmtAppend(118,120) StmtAppend(118,88) StmtAppend(85,3) StmtDelete(77) StmtDelete(8) (stored at: variant281)
251536 [main] INFO clegoues.genprog4java.fitness.Fitness  - 	 gen: 5 3.0 StmtAppend(118,120) StmtAppend(118,88) StmtAppend(85,3) StmtDelete(34) StmtDelete(139) (stored at: variant282)
252618 [main] INFO clegoues.genprog4java.fitness.Fitness  - 	 gen: 5 3.0 StmtAppend(103,49) StmtAppend(49,0) StmtReplace(79,76) StmtDelete(116) (stored at: variant283)
252639 [main] ERROR clegoues.genprog4java.rep.JavaRepresentation  - org/apache/commons/math/stat/descriptive/moment/Variance.java:190: error: missing return statement
    }
    ^
1 error

252639 [main] INFO clegoues.genprog4java.rep.CachingRepresentation  - StmtDelete(88) StmtReplace(105,38) StmtAppend(44,1) StmtAppend(64,5) StmtReplace(54,7) StmtReplace(23,9) at variant284 fails to compile

252639 [main] INFO clegoues.genprog4java.fitness.Fitness  - 	 gen: 5 0.0 StmtDelete(88) StmtReplace(105,38) StmtAppend(44,1) StmtAppend(64,5) StmtReplace(54,7) StmtReplace(23,9) (stored at: variant284)
253762 [main] INFO clegoues.genprog4java.fitness.Fitness  - 	 gen: 5 1.0 StmtReplace(77,49) StmtReplace(88,0) StmtDelete(118) StmtDelete(68) StmtReplace(121,23) StmtAppend(16,46) (stored at: variant285)
254934 [main] INFO clegoues.genprog4java.fitness.Fitness  - 	 gen: 5 3.0 StmtAppend(8,60) StmtDelete(103) StmtDelete(64) StmtDelete(61) (stored at: variant286)
254951 [main] ERROR clegoues.genprog4java.rep.JavaRepresentation  - org/apache/commons/math/stat/descriptive/moment/Variance.java:117: error: incompatible types: unexpected return value
			return 0d;
			       ^
1 error

254951 [main] INFO clegoues.genprog4java.rep.CachingRepresentation  - StmtDelete(88) StmtReplace(105,38) StmtAppend(87,49) StmtAppend(2,23) at variant287 fails to compile

254951 [main] INFO clegoues.genprog4java.fitness.Fitness  - 	 gen: 5 0.0 StmtDelete(88) StmtReplace(105,38) StmtAppend(87,49) StmtAppend(2,23) (stored at: variant287)
254984 [main] ERROR clegoues.genprog4java.rep.JavaRepresentation  - org/apache/commons/math/stat/descriptive/moment/Variance.java:528: error: cannot find symbol
				this.moment = m2;
				              ^
  symbol:   variable m2
  location: class Variance
1 error

254984 [main] INFO clegoues.genprog4java.rep.CachingRepresentation  - StmtDelete(103) StmtReplace(112,62) StmtAppend(106,4) at variant288 fails to compile

254984 [main] INFO clegoues.genprog4java.fitness.Fitness  - 	 gen: 5 0.0 StmtDelete(103) StmtReplace(112,62) StmtAppend(106,4) (stored at: variant288)
255008 [main] ERROR clegoues.genprog4java.rep.JavaRepresentation  - org/apache/commons/math/stat/descriptive/moment/Variance.java:190: error: unreachable statement
					this.isBiasCorrected = isBiasCorrected;
					^
org/apache/commons/math/stat/descriptive/moment/Variance.java:193: error: missing return statement
    }
    ^
2 errors

255009 [main] INFO clegoues.genprog4java.rep.CachingRepresentation  - StmtAppend(74,11) StmtAppend(34,34) StmtDelete(113) StmtAppend(26,7) at variant289 fails to compile

255009 [main] INFO clegoues.genprog4java.fitness.Fitness  - 	 gen: 5 0.0 StmtAppend(74,11) StmtAppend(34,34) StmtDelete(113) StmtAppend(26,7) (stored at: variant289)
255310 [main] INFO clegoues.genprog4java.fitness.Fitness  - 	 gen: 5 3.0 StmtAppend(74,11) StmtDelete(90) StmtAppend(76,8) StmtDelete(94) (stored at: variant290)
256691 [main] INFO clegoues.genprog4java.fitness.Fitness  - 	 gen: 5 1.0 StmtDelete(88) StmtReplace(105,38) StmtAppend(44,1) StmtAppend(64,5) StmtReplace(54,7) StmtDelete(91) (stored at: variant291)
256715 [main] ERROR clegoues.genprog4java.rep.JavaRepresentation  - org/apache/commons/math/stat/descriptive/moment/Variance.java:210: error: incompatible types: unexpected return value
					return moment.m2 / (moment.n - 1d);
					                 ^
org/apache/commons/math/stat/descriptive/moment/Variance.java:212: error: incompatible types: unexpected return value
					return moment.m2 / (moment.n);
					                 ^
2 errors

256715 [main] INFO clegoues.genprog4java.rep.CachingRepresentation  - StmtReplace(77,49) StmtReplace(20,26) StmtDelete(39) StmtAppend(75,35) StmtDelete(5) StmtAppend(36,26) at variant292 fails to compile

256715 [main] INFO clegoues.genprog4java.fitness.Fitness  - 	 gen: 5 0.0 StmtReplace(77,49) StmtReplace(20,26) StmtDelete(39) StmtAppend(75,35) StmtDelete(5) StmtAppend(36,26) (stored at: variant292)
256743 [main] ERROR clegoues.genprog4java.rep.JavaRepresentation  - org/apache/commons/math/stat/descriptive/moment/Variance.java:426: error: cannot find symbol
					this.moment = m2;
					              ^
  symbol:   variable m2
  location: class Variance
1 error

256744 [main] INFO clegoues.genprog4java.rep.CachingRepresentation  - StmtAppend(8,60) StmtDelete(103) StmtDelete(64) StmtAppend(80,8) at variant293 fails to compile

256744 [main] INFO clegoues.genprog4java.fitness.Fitness  - 	 gen: 5 0.0 StmtAppend(8,60) StmtDelete(103) StmtDelete(64) StmtAppend(80,8) (stored at: variant293)
257904 [main] INFO clegoues.genprog4java.fitness.Fitness  - 	 gen: 5 0.0 StmtAppend(8,60) StmtDelete(17) StmtAppend(76,77) (stored at: variant294)
259092 [main] INFO clegoues.genprog4java.fitness.Fitness  - 	 gen: 5 3.0 StmtDelete(88) StmtReplace(105,38) StmtAppend(44,1) StmtAppend(64,5) StmtReplace(54,7) StmtReplace(24,30) (stored at: variant295)
260221 [main] INFO clegoues.genprog4java.fitness.Fitness  - 	 gen: 5 3.0 StmtAppend(118,88) StmtAppend(85,3) StmtAppend(35,3) StmtAppend(3,3) (stored at: variant296)
261257 [main] INFO clegoues.genprog4java.fitness.Fitness  - 	 gen: 5 3.0 StmtAppend(118,120) StmtAppend(118,88) StmtAppend(85,3) StmtAppend(3,34) StmtDelete(36) (stored at: variant297)
262412 [main] INFO clegoues.genprog4java.fitness.Fitness  - 	 gen: 5 2.0 StmtDelete(88) StmtReplace(105,38) StmtAppend(87,49) StmtDelete(17) (stored at: variant298)
262429 [main] ERROR clegoues.genprog4java.rep.JavaRepresentation  - org/apache/commons/math/stat/descriptive/moment/Variance.java:191: error: missing return statement
    }
    ^
1 error

262429 [main] INFO clegoues.genprog4java.rep.CachingRepresentation  - StmtReplace(77,49) StmtReplace(88,0) StmtDelete(118) StmtDelete(68) StmtDelete(139) StmtDelete(24) at variant299 fails to compile

262429 [main] INFO clegoues.genprog4java.fitness.Fitness  - 	 gen: 5 0.0 StmtReplace(77,49) StmtReplace(88,0) StmtDelete(118) StmtDelete(68) StmtDelete(139) StmtDelete(24) (stored at: variant299)
263479 [main] INFO clegoues.genprog4java.fitness.Fitness  - 	 gen: 5 3.0 StmtAppend(118,120) StmtAppend(118,88) StmtAppend(85,3) StmtAppend(3,34) StmtDelete(10) (stored at: variant300)
263500 [main] ERROR clegoues.genprog4java.rep.JavaRepresentation  - org/apache/commons/math/stat/descriptive/moment/Variance.java:271: error: cannot find symbol
                var = evaluate(values, m, begin, length);
                                       ^
  symbol:   variable m
  location: class Variance
1 error

263500 [main] INFO clegoues.genprog4java.rep.CachingRepresentation  - StmtReplace(77,49) StmtReplace(20,26) StmtDelete(39) StmtAppend(75,35) StmtDelete(5) StmtAppend(53,27) at variant301 fails to compile

263500 [main] INFO clegoues.genprog4java.fitness.Fitness  - 	 gen: 5 0.0 StmtReplace(77,49) StmtReplace(20,26) StmtDelete(39) StmtAppend(75,35) StmtDelete(5) StmtAppend(53,27) (stored at: variant301)
264551 [main] INFO clegoues.genprog4java.fitness.Fitness  - 	 gen: 5 3.0 StmtDelete(137) StmtAppend(6,5) StmtDelete(114) (stored at: variant302)
265744 [main] INFO clegoues.genprog4java.fitness.Fitness  - 	 gen: 5 3.0 StmtDelete(137) StmtAppend(6,5) StmtAppend(61,50) (stored at: variant303)
267325 [main] INFO clegoues.genprog4java.fitness.Fitness  - 	 gen: 5 3.0 StmtAppend(8,60) StmtDelete(17) StmtDelete(36) (stored at: variant304)
267343 [main] ERROR clegoues.genprog4java.rep.JavaRepresentation  - org/apache/commons/math/stat/descriptive/moment/Variance.java:182: error: cannot find symbol
                this.moment = m2;
                              ^
  symbol:   variable m2
  location: class Variance
1 error

267343 [main] INFO clegoues.genprog4java.rep.CachingRepresentation  - StmtAppend(118,88) StmtAppend(85,3) StmtAppend(35,3) StmtReplace(24,10) at variant305 fails to compile

267343 [main] INFO clegoues.genprog4java.fitness.Fitness  - 	 gen: 5 0.0 StmtAppend(118,88) StmtAppend(85,3) StmtAppend(35,3) StmtReplace(24,10) (stored at: variant305)
267364 [main] ERROR clegoues.genprog4java.rep.JavaRepresentation  - org/apache/commons/math/stat/descriptive/moment/Variance.java:191: error: missing return statement
    }
    ^
1 error

267364 [main] INFO clegoues.genprog4java.rep.CachingRepresentation  - StmtDelete(88) StmtReplace(105,38) StmtAppend(87,49) StmtDelete(30) at variant306 fails to compile

267364 [main] INFO clegoues.genprog4java.fitness.Fitness  - 	 gen: 5 0.0 StmtDelete(88) StmtReplace(105,38) StmtAppend(87,49) StmtDelete(30) (stored at: variant306)
267387 [main] ERROR clegoues.genprog4java.rep.JavaRepresentation  - org/apache/commons/math/stat/descriptive/moment/Variance.java:423: error: cannot find symbol
                    accum2 += dev;
                    ^
  symbol:   variable accum2
  location: class Variance
org/apache/commons/math/stat/descriptive/moment/Variance.java:427: error: cannot find symbol
                    var = (accum - (accum2 * accum2 / len)) / (len - 1.0);
                                    ^
  symbol:   variable accum2
  location: class Variance
org/apache/commons/math/stat/descriptive/moment/Variance.java:427: error: cannot find symbol
                    var = (accum - (accum2 * accum2 / len)) / (len - 1.0);
                                             ^
  symbol:   variable accum2
  location: class Variance
org/apache/commons/math/stat/descriptive/moment/Variance.java:429: error: cannot find symbol
                    var = (accum - (accum2 * accum2 / len)) / len;
                                    ^
  symbol:   variable accum2
  location: class Variance
org/apache/commons/math/stat/descriptive/moment/Variance.java:429: error: cannot find symbol
                    var = (accum - (accum2 * accum2 / len)) / len;
                                             ^
  symbol:   variable accum2
  location: class Variance
5 errors

267387 [main] INFO clegoues.genprog4java.rep.CachingRepresentation  - StmtDelete(137) StmtAppend(6,5) StmtAppend(83,9) at variant307 fails to compile

267387 [main] INFO clegoues.genprog4java.fitness.Fitness  - 	 gen: 5 0.0 StmtDelete(137) StmtAppend(6,5) StmtAppend(83,9) (stored at: variant307)
268574 [main] INFO clegoues.genprog4java.fitness.Fitness  - 	 gen: 5 0.0 StmtDelete(9) StmtAppend(120,121) StmtDelete(90) StmtDelete(80) StmtDelete(35) (stored at: variant308)
269794 [main] INFO clegoues.genprog4java.fitness.Fitness  - 	 gen: 5 1.0 StmtDelete(103) StmtReplace(112,62) StmtReplace(90,11) (stored at: variant309)
269814 [main] ERROR clegoues.genprog4java.rep.JavaRepresentation  - org/apache/commons/math/stat/descriptive/moment/Variance.java:527: error: cannot find symbol
                    accum += weights[i] * (dev * dev);
                    ^
  symbol:   variable accum
  location: class Variance
org/apache/commons/math/stat/descriptive/moment/Variance.java:537: error: cannot find symbol
                    var = (accum - (accum2 * accum2 / sumWts)) / (sumWts - 1.0);
                           ^
  symbol:   variable accum
  location: class Variance
org/apache/commons/math/stat/descriptive/moment/Variance.java:539: error: cannot find symbol
                    var = (accum - (accum2 * accum2 / sumWts)) / sumWts;
                           ^
  symbol:   variable accum
  location: class Variance
3 errors

269814 [main] INFO clegoues.genprog4java.rep.CachingRepresentation  - StmtDelete(130) StmtReplace(90,91) StmtDelete(36) StmtAppend(38,34) StmtReplace(47,45) StmtAppend(107,103) at variant310 fails to compile

269814 [main] INFO clegoues.genprog4java.fitness.Fitness  - 	 gen: 5 0.0 StmtDelete(130) StmtReplace(90,91) StmtDelete(36) StmtAppend(38,34) StmtReplace(47,45) StmtAppend(107,103) (stored at: variant310)
269838 [main] ERROR clegoues.genprog4java.rep.JavaRepresentation  - org/apache/commons/math/stat/descriptive/moment/Variance.java:436: error: cannot find symbol
                    var = (accum - (accum2 * accum2 / len)) / (len - 1.0);
                                                      ^
  symbol:   variable len
  location: class Variance
org/apache/commons/math/stat/descriptive/moment/Variance.java:436: error: cannot find symbol
                    var = (accum - (accum2 * accum2 / len)) / (len - 1.0);
                                                               ^
  symbol:   variable len
  location: class Variance
org/apache/commons/math/stat/descriptive/moment/Variance.java:438: error: cannot find symbol
                    var = (accum - (accum2 * accum2 / len)) / len;
                                                      ^
  symbol:   variable len
  location: class Variance
org/apache/commons/math/stat/descriptive/moment/Variance.java:438: error: cannot find symbol
                    var = (accum - (accum2 * accum2 / len)) / len;
                                                              ^
  symbol:   variable len
  location: class Variance
4 errors

269838 [main] INFO clegoues.genprog4java.rep.CachingRepresentation  - StmtDelete(88) StmtReplace(105,38) StmtAppend(44,1) StmtAppend(64,5) StmtReplace(54,7) StmtReplace(89,22) at variant311 fails to compile

269838 [main] INFO clegoues.genprog4java.fitness.Fitness  - 	 gen: 5 0.0 StmtDelete(88) StmtReplace(105,38) StmtAppend(44,1) StmtAppend(64,5) StmtReplace(54,7) StmtReplace(89,22) (stored at: variant311)
269862 [main] ERROR clegoues.genprog4java.rep.JavaRepresentation  - org/apache/commons/math/stat/descriptive/moment/Variance.java:326: error: cannot find symbol
                double m = mean.evaluate(values, weights, begin, length);
                           ^
  symbol:   variable mean
  location: class Variance
1 error

269862 [main] INFO clegoues.genprog4java.rep.CachingRepresentation  - StmtReplace(77,49) StmtReplace(20,26) StmtDelete(39) StmtAppend(75,35) StmtDelete(5) StmtDelete(66) at variant312 fails to compile

269862 [main] INFO clegoues.genprog4java.fitness.Fitness  - 	 gen: 5 0.0 StmtReplace(77,49) StmtReplace(20,26) StmtDelete(39) StmtAppend(75,35) StmtDelete(5) StmtDelete(66) (stored at: variant312)
270664 [main] INFO clegoues.genprog4java.fitness.Fitness  - 	 gen: 5 3.0 StmtAppend(74,11) StmtAppend(34,34) StmtDelete(113) StmtAppend(83,36) (stored at: variant313)
271758 [main] INFO clegoues.genprog4java.fitness.Fitness  - 	 gen: 5 3.0 StmtDelete(130) StmtReplace(90,91) StmtDelete(36) StmtAppend(38,34) StmtReplace(47,45) StmtReplace(16,0) (stored at: variant314)
272973 [main] INFO clegoues.genprog4java.fitness.Fitness  - 	 gen: 5 3.0 StmtReplace(105,38) StmtAppend(44,1) StmtAppend(64,5) StmtReplace(54,7) StmtDelete(133) (stored at: variant315)
274136 [main] INFO clegoues.genprog4java.fitness.Fitness  - 	 gen: 5 0.0 StmtReplace(88,0) StmtDelete(118) StmtDelete(68) StmtReplace(121,23) StmtReplace(75,48) (stored at: variant316)
275183 [main] INFO clegoues.genprog4java.fitness.Fitness  - 	 gen: 5 3.0 StmtAppend(118,120) StmtAppend(85,3) StmtAppend(35,3) StmtReplace(87,19) (stored at: variant317)
275199 [main] ERROR clegoues.genprog4java.rep.JavaRepresentation  - org/apache/commons/math/stat/descriptive/moment/Variance.java:412: error: cannot find symbol
                var = 0.0;
                ^
  symbol:   variable var
  location: class Variance
org/apache/commons/math/stat/descriptive/moment/Variance.java:427: error: cannot find symbol
                    var = (accum - (accum2 * accum2 / len)) / (len - 1.0);
                    ^
  symbol:   variable var
  location: class Variance
org/apache/commons/math/stat/descriptive/moment/Variance.java:429: error: cannot find symbol
                    var = (accum - (accum2 * accum2 / len)) / len;
                    ^
  symbol:   variable var
  location: class Variance
org/apache/commons/math/stat/descriptive/moment/Variance.java:433: error: cannot find symbol
        return var;
               ^
  symbol:   variable var
  location: class Variance
4 errors

275199 [main] INFO clegoues.genprog4java.rep.CachingRepresentation  - StmtAppend(85,3) StmtAppend(3,34) StmtDelete(73) at variant318 fails to compile

275199 [main] INFO clegoues.genprog4java.fitness.Fitness  - 	 gen: 5 0.0 StmtAppend(85,3) StmtAppend(3,34) StmtDelete(73) (stored at: variant318)
275220 [main] ERROR clegoues.genprog4java.rep.JavaRepresentation  - org/apache/commons/math/stat/descriptive/moment/Variance.java:626: error: non-static variable isBiasCorrected cannot be referenced from a static context
			if (isBiasCorrected) {
			    ^
org/apache/commons/math/stat/descriptive/moment/Variance.java:627: error: incompatible types: unexpected return value
				return moment.m2 / (moment.n - 1d);
				                 ^
org/apache/commons/math/stat/descriptive/moment/Variance.java:627: error: non-static variable moment cannot be referenced from a static context
				return moment.m2 / (moment.n - 1d);
				       ^
org/apache/commons/math/stat/descriptive/moment/Variance.java:627: error: non-static variable moment cannot be referenced from a static context
				return moment.m2 / (moment.n - 1d);
				                    ^
org/apache/commons/math/stat/descriptive/moment/Variance.java:629: error: incompatible types: unexpected return value
				return moment.m2 / (moment.n);
				                 ^
org/apache/commons/math/stat/descriptive/moment/Variance.java:629: error: non-static variable moment cannot be referenced from a static context
				return moment.m2 / (moment.n);
				       ^
org/apache/commons/math/stat/descriptive/moment/Variance.java:629: error: non-static variable moment cannot be referenced from a static context
				return moment.m2 / (moment.n);
				                    ^
7 errors

275220 [main] INFO clegoues.genprog4java.rep.CachingRepresentation  - StmtAppend(118,120) StmtAppend(3,34) StmtAppend(137,26) at variant319 fails to compile

275220 [main] INFO clegoues.genprog4java.fitness.Fitness  - 	 gen: 5 0.0 StmtAppend(118,120) StmtAppend(3,34) StmtAppend(137,26) (stored at: variant319)
276237 [main] INFO clegoues.genprog4java.fitness.Fitness  - 	 gen: 5 3.0 StmtAppend(118,120) StmtAppend(118,88) StmtAppend(85,3) StmtDelete(77) StmtDelete(117) (stored at: variant320)
278036 [main] INFO clegoues.genprog4java.fitness.Fitness  - 	 gen: 5 2.0 StmtReplace(44,7) (stored at: variant321)
279345 [main] INFO clegoues.genprog4java.fitness.Fitness  - 	 gen: 5 3.0 StmtDelete(137) StmtAppend(118,88) StmtAppend(85,3) StmtDelete(34) StmtAppend(106,0) (stored at: variant322)
279368 [main] ERROR clegoues.genprog4java.rep.JavaRepresentation  - org/apache/commons/math/stat/descriptive/moment/Variance.java:209: error: incompatible types: unexpected return value
				return Double.NaN;
				             ^
org/apache/commons/math/stat/descriptive/moment/Variance.java:211: error: incompatible types: unexpected return value
				return 0d;
				       ^
org/apache/commons/math/stat/descriptive/moment/Variance.java:214: error: incompatible types: unexpected return value
					return moment.m2 / (moment.n - 1d);
					                 ^
org/apache/commons/math/stat/descriptive/moment/Variance.java:216: error: incompatible types: unexpected return value
					return moment.m2 / (moment.n);
					                 ^
4 errors

279368 [main] INFO clegoues.genprog4java.rep.CachingRepresentation  - StmtAppend(103,49) StmtAppend(49,0) StmtAppend(35,19) at variant323 fails to compile

279368 [main] INFO clegoues.genprog4java.fitness.Fitness  - 	 gen: 5 0.0 StmtAppend(103,49) StmtAppend(49,0) StmtAppend(35,19) (stored at: variant323)
280404 [main] INFO clegoues.genprog4java.fitness.Fitness  - 	 gen: 5 3.0 StmtDelete(137) StmtDelete(113) (stored at: variant324)
281429 [main] INFO clegoues.genprog4java.fitness.Fitness  - 	 gen: 5 1.0 StmtDelete(88) StmtReplace(105,38) StmtAppend(44,1) StmtReplace(85,9) (stored at: variant325)
282838 [main] INFO clegoues.genprog4java.fitness.Fitness  - 	 gen: 5 0.0 StmtAppend(8,60) StmtReplace(54,7) StmtDelete(118) (stored at: variant326)
282860 [main] ERROR clegoues.genprog4java.rep.JavaRepresentation  - org/apache/commons/math/stat/descriptive/moment/Variance.java:189: error: missing return statement
    }
    ^
1 error

282860 [main] INFO clegoues.genprog4java.rep.CachingRepresentation  - StmtReplace(77,49) StmtReplace(88,0) StmtDelete(20) at variant327 fails to compile

282860 [main] INFO clegoues.genprog4java.fitness.Fitness  - 	 gen: 5 0.0 StmtReplace(77,49) StmtReplace(88,0) StmtDelete(20) (stored at: variant327)
283953 [main] INFO clegoues.genprog4java.fitness.Fitness  - 	 gen: 5 3.0 StmtAppend(118,88) StmtAppend(85,3) StmtDelete(68) StmtReplace(121,23) StmtAppend(111,34) (stored at: variant328)
285053 [main] INFO clegoues.genprog4java.fitness.Fitness  - 	 gen: 5 3.0 StmtReplace(105,38) StmtAppend(87,49) StmtReplace(120,11) (stored at: variant329)
286163 [main] INFO clegoues.genprog4java.fitness.Fitness  - 	 gen: 5 3.0 StmtDelete(103) StmtDelete(64) StmtDelete(139) (stored at: variant330)
286887 [main] INFO clegoues.genprog4java.fitness.Fitness  - 	 gen: 5 2.0 StmtDelete(6) (stored at: variant331)
286903 [main] ERROR clegoues.genprog4java.rep.JavaRepresentation  - org/apache/commons/math/stat/descriptive/moment/Variance.java:265: error: cannot find symbol
                double m = mean.evaluate(values, begin, length);
                           ^
  symbol:   variable mean
  location: class Variance
1 error

286903 [main] INFO clegoues.genprog4java.rep.CachingRepresentation  - StmtDelete(137) StmtReplace(105,38) StmtAppend(87,49) StmtDelete(52) at variant332 fails to compile

286903 [main] INFO clegoues.genprog4java.fitness.Fitness  - 	 gen: 5 0.0 StmtDelete(137) StmtReplace(105,38) StmtAppend(87,49) StmtDelete(52) (stored at: variant332)
288404 [main] INFO clegoues.genprog4java.fitness.Fitness  - 	 gen: 5 1.0 StmtDelete(103) StmtDelete(90) StmtDelete(80) StmtDelete(84) (stored at: variant333)
289871 [main] INFO clegoues.genprog4java.fitness.Fitness  - 	 gen: 5 3.0 StmtDelete(9) StmtDelete(15) (stored at: variant334)
291489 [main] INFO clegoues.genprog4java.fitness.Fitness  - 	 gen: 5 3.0 StmtAppend(74,11) StmtDelete(90) StmtAppend(38,34) StmtReplace(47,45) StmtDelete(76) (stored at: variant335)
291506 [main] ERROR clegoues.genprog4java.rep.JavaRepresentation  - org/apache/commons/math/stat/descriptive/moment/Variance.java:188: error: unreachable statement
					{
					^
org/apache/commons/math/stat/descriptive/moment/Variance.java:196: error: missing return statement
    }
    ^
2 errors

291507 [main] INFO clegoues.genprog4java.rep.CachingRepresentation  - StmtDelete(130) StmtReplace(90,91) StmtAppend(27,5) at variant336 fails to compile

291507 [main] INFO clegoues.genprog4java.fitness.Fitness  - 	 gen: 5 0.0 StmtDelete(130) StmtReplace(90,91) StmtAppend(27,5) (stored at: variant336)
291534 [main] ERROR clegoues.genprog4java.rep.JavaRepresentation  - org/apache/commons/math/stat/descriptive/moment/Variance.java:173: error: incompatible types: unexpected return value
					return Double.NaN;
					             ^
org/apache/commons/math/stat/descriptive/moment/Variance.java:175: error: incompatible types: unexpected return value
					return 0d;
					       ^
org/apache/commons/math/stat/descriptive/moment/Variance.java:178: error: incompatible types: unexpected return value
						return moment.m2 / (moment.n - 1d);
						                 ^
org/apache/commons/math/stat/descriptive/moment/Variance.java:180: error: incompatible types: unexpected return value
						return moment.m2 / (moment.n);
						                 ^
4 errors

291534 [main] INFO clegoues.genprog4java.rep.CachingRepresentation  - StmtDelete(88) StmtReplace(105,38) StmtAppend(44,1) StmtAppend(44,1) StmtAppend(64,5) StmtReplace(54,7) StmtAppend(17,19) at variant337 fails to compile

291534 [main] INFO clegoues.genprog4java.fitness.Fitness  - 	 gen: 5 0.0 StmtDelete(88) StmtReplace(105,38) StmtAppend(44,1) StmtAppend(44,1) StmtAppend(64,5) StmtReplace(54,7) StmtAppend(17,19) (stored at: variant337)
292661 [main] INFO clegoues.genprog4java.fitness.Fitness  - 	 gen: 5 0.0 StmtDelete(88) StmtReplace(54,7) StmtReplace(121,19) (stored at: variant338)
293802 [main] INFO clegoues.genprog4java.fitness.Fitness  - 	 gen: 5 0.0 StmtReplace(77,49) StmtReplace(20,26) StmtDelete(39) StmtAppend(75,35) StmtAppend(75,35) StmtDelete(5) StmtDelete(1) (stored at: variant339)
294863 [main] INFO clegoues.genprog4java.fitness.Fitness  - 	 gen: 5 0.0 StmtReplace(77,49) StmtReplace(20,26) StmtReplace(85,46) (stored at: variant340)
294863 [main] INFO clegoues.genprog4java.Search.Search  - search: generation6
297572 [main] INFO clegoues.genprog4java.fitness.Fitness  - 	 gen: 6 1.0 StmtDelete(9) StmtDelete(15) StmtDelete(2) (stored at: variant341)
297591 [main] ERROR clegoues.genprog4java.rep.JavaRepresentation  - org/apache/commons/math/stat/descriptive/moment/Variance.java:190: error: missing return statement
    }
    ^
1 error

297591 [main] INFO clegoues.genprog4java.rep.CachingRepresentation  - StmtDelete(9) StmtDelete(15) StmtReplace(27,0) at variant342 fails to compile

297591 [main] INFO clegoues.genprog4java.fitness.Fitness  - 	 gen: 6 0.0 StmtDelete(9) StmtDelete(15) StmtReplace(27,0) (stored at: variant342)
298813 [main] INFO clegoues.genprog4java.fitness.Fitness  - 	 gen: 6 3.0 StmtAppend(103,49) StmtAppend(49,0) StmtReplace(79,76) StmtDelete(116) StmtDelete(11) (stored at: variant343)
299562 [main] INFO clegoues.genprog4java.fitness.Fitness  - 	 gen: 6 3.0 StmtDelete(137) StmtDelete(113) StmtDelete(137) (stored at: variant344)
301033 [main] INFO clegoues.genprog4java.fitness.Fitness  - 	 gen: 6 1.0 StmtDelete(130) StmtReplace(90,91) StmtDelete(36) StmtAppend(38,34) StmtReplace(47,45) StmtReplace(16,0) StmtDelete(47) (stored at: variant345)
302248 [main] INFO clegoues.genprog4java.fitness.Fitness  - 	 gen: 6 3.0 StmtDelete(103) StmtDelete(64) StmtDelete(139) StmtReplace(10,2) (stored at: variant346)
303326 [main] INFO clegoues.genprog4java.fitness.Fitness  - 	 gen: 6 1.0 StmtAppend(118,120) StmtAppend(118,88) StmtAppend(85,3) StmtDelete(34) StmtDelete(139) StmtDelete(85) (stored at: variant347)
303346 [main] ERROR clegoues.genprog4java.rep.JavaRepresentation  - org/apache/commons/math/stat/descriptive/moment/Variance.java:188: error: missing return statement
    }
    ^
1 error

303346 [main] INFO clegoues.genprog4java.rep.CachingRepresentation  - StmtAppend(118,120) StmtAppend(118,88) StmtAppend(85,3) StmtDelete(77) StmtDelete(8) StmtDelete(28) at variant348 fails to compile

303346 [main] INFO clegoues.genprog4java.fitness.Fitness  - 	 gen: 6 0.0 StmtAppend(118,120) StmtAppend(118,88) StmtAppend(85,3) StmtDelete(77) StmtDelete(8) StmtDelete(28) (stored at: variant348)
303367 [main] ERROR clegoues.genprog4java.rep.JavaRepresentation  - org/apache/commons/math/stat/descriptive/moment/Variance.java:334: error: cannot find symbol
                double m = mean.evaluate(values, weights, begin, length);
                           ^
  symbol:   variable mean
  location: class Variance
1 error

303367 [main] INFO clegoues.genprog4java.rep.CachingRepresentation  - StmtAppend(74,11) StmtAppend(34,34) StmtDelete(113) StmtAppend(83,36) StmtAppend(66,34) at variant349 fails to compile

303367 [main] INFO clegoues.genprog4java.fitness.Fitness  - 	 gen: 6 0.0 StmtAppend(74,11) StmtAppend(34,34) StmtDelete(113) StmtAppend(83,36) StmtAppend(66,34) (stored at: variant349)
303385 [main] ERROR clegoues.genprog4java.rep.JavaRepresentation  - org/apache/commons/math/stat/descriptive/moment/Variance.java:318: error: cannot find symbol
        this.moment = m2;
                      ^
  symbol:   variable m2
  location: class Variance
1 error

303385 [main] INFO clegoues.genprog4java.rep.CachingRepresentation  - StmtAppend(118,120) StmtAppend(118,88) StmtAppend(85,3) StmtDelete(77) StmtDelete(117) StmtReplace(58,10) at variant350 fails to compile

303385 [main] INFO clegoues.genprog4java.fitness.Fitness  - 	 gen: 6 0.0 StmtAppend(118,120) StmtAppend(118,88) StmtAppend(85,3) StmtDelete(77) StmtDelete(117) StmtReplace(58,10) (stored at: variant350)
303406 [main] ERROR clegoues.genprog4java.rep.JavaRepresentation  - org/apache/commons/math/stat/descriptive/moment/Variance.java:519: error: cannot find symbol
				this.moment = m2;
				              ^
  symbol:   variable m2
  location: class Variance
1 error

303406 [main] INFO clegoues.genprog4java.rep.CachingRepresentation  - StmtDelete(88) StmtReplace(105,38) StmtAppend(44,1) StmtAppend(64,5) StmtReplace(54,7) StmtReplace(24,30) StmtReplace(103,8) at variant351 fails to compile

303406 [main] INFO clegoues.genprog4java.fitness.Fitness  - 	 gen: 6 0.0 StmtDelete(88) StmtReplace(105,38) StmtAppend(44,1) StmtAppend(64,5) StmtReplace(54,7) StmtReplace(24,30) StmtReplace(103,8) (stored at: variant351)
304570 [main] INFO clegoues.genprog4java.fitness.Fitness  - 	 gen: 6 2.0 StmtDelete(103) StmtDelete(64) StmtDelete(139) StmtDelete(16) (stored at: variant352)
305127 [main] INFO clegoues.genprog4java.fitness.Fitness  - 	 gen: 6 3.0 StmtAppend(118,120) StmtAppend(85,3) StmtAppend(35,3) StmtReplace(87,19) StmtReplace(87,88) (stored at: variant353)
306729 [main] INFO clegoues.genprog4java.fitness.Fitness  - 	 gen: 6 2.0 StmtAppend(8,60) StmtDelete(17) StmtDelete(36) StmtDelete(36) (stored at: variant354)
306747 [main] ERROR clegoues.genprog4java.rep.JavaRepresentation  - org/apache/commons/math/stat/descriptive/moment/Variance.java:191: error: missing return statement
    }
    ^
1 error

306747 [main] INFO clegoues.genprog4java.rep.CachingRepresentation  - StmtAppend(118,120) StmtAppend(118,88) StmtAppend(85,3) StmtDelete(34) StmtDelete(139) StmtDelete(24) at variant355 fails to compile

306747 [main] INFO clegoues.genprog4java.fitness.Fitness  - 	 gen: 6 0.0 StmtAppend(118,120) StmtAppend(118,88) StmtAppend(85,3) StmtDelete(34) StmtDelete(139) StmtDelete(24) (stored at: variant355)
306754 [main] ERROR clegoues.genprog4java.rep.JavaRepresentation  - org/apache/commons/math/stat/descriptive/moment/Variance.java:138: error: ';' expected
    public Variance(boolean isBiasCorrected, SecondMoment m2) this.isBiasCorrected = isBiasCorrected;
                                                             ^
1 error

306754 [main] INFO clegoues.genprog4java.rep.CachingRepresentation  - StmtAppend(118,120) StmtAppend(85,3) StmtAppend(35,3) StmtReplace(87,19) StmtReplace(8,7) at variant356 fails to compile

306754 [main] INFO clegoues.genprog4java.fitness.Fitness  - 	 gen: 6 0.0 StmtAppend(118,120) StmtAppend(85,3) StmtAppend(35,3) StmtReplace(87,19) StmtReplace(8,7) (stored at: variant356)
306773 [main] ERROR clegoues.genprog4java.rep.JavaRepresentation  - org/apache/commons/math/stat/descriptive/moment/Variance.java:185: error: unreachable statement
				{
				^
1 error

306773 [main] INFO clegoues.genprog4java.rep.CachingRepresentation  - StmtDelete(103) StmtDelete(64) StmtDelete(139) StmtAppend(23,20) at variant357 fails to compile

306773 [main] INFO clegoues.genprog4java.fitness.Fitness  - 	 gen: 6 0.0 StmtDelete(103) StmtDelete(64) StmtDelete(139) StmtAppend(23,20) (stored at: variant357)
306791 [main] ERROR clegoues.genprog4java.rep.JavaRepresentation  - org/apache/commons/math/stat/descriptive/moment/Variance.java:262: error: cannot find symbol
                double m = mean.evaluate(values, begin, length);
                           ^
  symbol:   variable mean
  location: class Variance
1 error

306791 [main] INFO clegoues.genprog4java.rep.CachingRepresentation  - StmtAppend(118,120) StmtAppend(118,88) StmtAppend(85,3) StmtDelete(77) StmtDelete(8) StmtDelete(52) at variant358 fails to compile

306791 [main] INFO clegoues.genprog4java.fitness.Fitness  - 	 gen: 6 0.0 StmtAppend(118,120) StmtAppend(118,88) StmtAppend(85,3) StmtDelete(77) StmtDelete(8) StmtDelete(52) (stored at: variant358)
306809 [main] ERROR clegoues.genprog4java.rep.JavaRepresentation  - org/apache/commons/math/stat/descriptive/moment/Variance.java:116: error: incompatible types: unexpected return value
				return Double.NaN;
				             ^
org/apache/commons/math/stat/descriptive/moment/Variance.java:118: error: incompatible types: unexpected return value
				return 0d;
				       ^
org/apache/commons/math/stat/descriptive/moment/Variance.java:121: error: incompatible types: unexpected return value
					return moment.m2 / (moment.n - 1d);
					                 ^
org/apache/commons/math/stat/descriptive/moment/Variance.java:123: error: incompatible types: unexpected return value
					return moment.m2 / (moment.n);
					                 ^
4 errors

306809 [main] INFO clegoues.genprog4java.rep.CachingRepresentation  - StmtAppend(118,120) StmtAppend(85,3) StmtAppend(35,3) StmtReplace(87,19) StmtAppend(4,19) at variant359 fails to compile

306809 [main] INFO clegoues.genprog4java.fitness.Fitness  - 	 gen: 6 0.0 StmtAppend(118,120) StmtAppend(85,3) StmtAppend(35,3) StmtReplace(87,19) StmtAppend(4,19) (stored at: variant359)
306829 [main] ERROR clegoues.genprog4java.rep.JavaRepresentation  - org/apache/commons/math/stat/descriptive/moment/Variance.java:190: error: unreachable statement
					moment.clear();
					^
org/apache/commons/math/stat/descriptive/moment/Variance.java:193: error: missing return statement
    }
    ^
2 errors

306829 [main] INFO clegoues.genprog4java.rep.CachingRepresentation  - StmtReplace(105,38) StmtAppend(44,1) StmtAppend(64,5) StmtReplace(54,7) StmtDelete(133) StmtAppend(26,36) at variant360 fails to compile

306829 [main] INFO clegoues.genprog4java.fitness.Fitness  - 	 gen: 6 0.0 StmtReplace(105,38) StmtAppend(44,1) StmtAppend(64,5) StmtReplace(54,7) StmtDelete(133) StmtAppend(26,36) (stored at: variant360)
308002 [main] INFO clegoues.genprog4java.fitness.Fitness  - 	 gen: 6 2.0 StmtAppend(74,11) StmtAppend(34,34) StmtDelete(113) StmtAppend(83,36) StmtDelete(0) (stored at: variant361)
309045 [main] INFO clegoues.genprog4java.fitness.Fitness  - 	 gen: 6 3.0 StmtReplace(105,38) StmtAppend(44,1) StmtAppend(64,5) StmtReplace(54,7) StmtDelete(133) StmtAppend(1,35) (stored at: variant362)
309072 [main] ERROR clegoues.genprog4java.rep.JavaRepresentation  - org/apache/commons/math/stat/descriptive/moment/Variance.java:327: error: cannot find symbol
                double m = mean.evaluate(values, weights, begin, length);
                           ^
  symbol:   variable mean
  location: class Variance
1 error

309072 [main] INFO clegoues.genprog4java.rep.CachingRepresentation  - StmtDelete(137) StmtAppend(118,88) StmtAppend(85,3) StmtDelete(34) StmtAppend(106,0) StmtReplace(66,64) at variant363 fails to compile

309073 [main] INFO clegoues.genprog4java.fitness.Fitness  - 	 gen: 6 0.0 StmtDelete(137) StmtAppend(118,88) StmtAppend(85,3) StmtDelete(34) StmtAppend(106,0) StmtReplace(66,64) (stored at: variant363)
309892 [main] INFO clegoues.genprog4java.fitness.Fitness  - 	 gen: 6 3.0 StmtAppend(103,49) StmtAppend(49,0) StmtReplace(79,76) StmtDelete(116) StmtAppend(84,10) (stored at: variant364)
309914 [main] ERROR clegoues.genprog4java.rep.JavaRepresentation  - org/apache/commons/math/stat/descriptive/moment/Variance.java:530: error: unreachable statement
                    accum += weights[i] * (dev * dev);
                    ^
1 error

309914 [main] INFO clegoues.genprog4java.rep.CachingRepresentation  - StmtAppend(103,49) StmtAppend(49,0) StmtReplace(79,76) StmtDelete(116) StmtAppend(112,27) at variant365 fails to compile

309914 [main] INFO clegoues.genprog4java.fitness.Fitness  - 	 gen: 6 0.0 StmtAppend(103,49) StmtAppend(49,0) StmtReplace(79,76) StmtDelete(116) StmtAppend(112,27) (stored at: variant365)
310789 [main] INFO clegoues.genprog4java.fitness.Fitness  - 	 gen: 6 3.0 StmtAppend(74,11) StmtDelete(90) StmtAppend(38,34) StmtReplace(47,45) StmtDelete(76) StmtDelete(75) (stored at: variant366)
310810 [main] ERROR clegoues.genprog4java.rep.JavaRepresentation  - org/apache/commons/math/stat/descriptive/moment/Variance.java:585: error: cannot find symbol
        copy(this, result);
                   ^
  symbol:   variable result
  location: class Variance
org/apache/commons/math/stat/descriptive/moment/Variance.java:586: error: cannot find symbol
        return result;
               ^
  symbol:   variable result
  location: class Variance
2 errors

310810 [main] INFO clegoues.genprog4java.rep.CachingRepresentation  - StmtReplace(105,38) StmtAppend(87,49) StmtReplace(120,11) StmtDelete(132) at variant367 fails to compile

310810 [main] INFO clegoues.genprog4java.fitness.Fitness  - 	 gen: 6 0.0 StmtReplace(105,38) StmtAppend(87,49) StmtReplace(120,11) StmtDelete(132) (stored at: variant367)
310834 [main] ERROR clegoues.genprog4java.rep.JavaRepresentation  - org/apache/commons/math/stat/descriptive/moment/Variance.java:612: error: non-static variable this cannot be referenced from a static context
        this.isBiasCorrected = isBiasCorrected;
        ^
org/apache/commons/math/stat/descriptive/moment/Variance.java:612: error: non-static variable isBiasCorrected cannot be referenced from a static context
        this.isBiasCorrected = isBiasCorrected;
                               ^
2 errors

310834 [main] INFO clegoues.genprog4java.rep.CachingRepresentation  - StmtDelete(103) StmtDelete(64) StmtDelete(139) StmtReplace(139,7) at variant368 fails to compile

310834 [main] INFO clegoues.genprog4java.fitness.Fitness  - 	 gen: 6 0.0 StmtDelete(103) StmtDelete(64) StmtDelete(139) StmtReplace(139,7) (stored at: variant368)
313097 [main] INFO clegoues.genprog4java.fitness.Fitness  - 	 gen: 6 2.0 StmtAppend(118,120) StmtAppend(85,3) StmtAppend(35,3) StmtReplace(87,19) StmtReplace(49,47) (stored at: variant369)
314205 [main] INFO clegoues.genprog4java.fitness.Fitness  - 	 gen: 6 0.0 StmtAppend(118,120) StmtAppend(118,88) StmtAppend(85,3) StmtDelete(34) StmtAppend(8,36) StmtReplace(76,0) (stored at: variant370)
315353 [main] INFO clegoues.genprog4java.fitness.Fitness  - 	 gen: 6 3.0 StmtAppend(118,120) StmtAppend(118,88) StmtAppend(85,3) StmtDelete(34) StmtAppend(8,36) StmtReplace(111,19) (stored at: variant371)
316495 [main] INFO clegoues.genprog4java.fitness.Fitness  - 	 gen: 6 3.0 StmtDelete(137) StmtAppend(6,5) StmtDelete(114) StmtReplace(34,0) (stored at: variant372)
316514 [main] ERROR clegoues.genprog4java.rep.JavaRepresentation  - org/apache/commons/math/stat/descriptive/moment/Variance.java:265: error: cannot find symbol
                var = 0.0;
                ^
  symbol:   variable var
  location: class Variance
org/apache/commons/math/stat/descriptive/moment/Variance.java:269: error: cannot find symbol
                var = evaluate(values, m, begin, length);
                ^
  symbol:   variable var
  location: class Variance
org/apache/commons/math/stat/descriptive/moment/Variance.java:272: error: cannot find symbol
        return var;
               ^
  symbol:   variable var
  location: class Variance
3 errors

316514 [main] INFO clegoues.genprog4java.rep.CachingRepresentation  - StmtAppend(118,120) StmtAppend(85,3) StmtAppend(35,3) StmtReplace(87,19) StmtDelete(43) at variant373 fails to compile

316514 [main] INFO clegoues.genprog4java.fitness.Fitness  - 	 gen: 6 0.0 StmtAppend(118,120) StmtAppend(85,3) StmtAppend(35,3) StmtReplace(87,19) StmtDelete(43) (stored at: variant373)
317937 [main] INFO clegoues.genprog4java.fitness.Fitness  - 	 gen: 6 2.0 StmtAppend(103,49) StmtAppend(49,0) StmtReplace(79,76) StmtDelete(116) StmtDelete(47) (stored at: variant374)
317957 [main] ERROR clegoues.genprog4java.rep.JavaRepresentation  - org/apache/commons/math/stat/descriptive/moment/Variance.java:191: error: missing return statement
    }
    ^
1 error

317957 [main] INFO clegoues.genprog4java.rep.CachingRepresentation  - StmtAppend(118,120) StmtAppend(118,88) StmtAppend(85,3) StmtDelete(34) StmtDelete(139) StmtDelete(24) at variant375 fails to compile

317957 [main] INFO clegoues.genprog4java.fitness.Fitness  - 	 gen: 6 0.0 StmtAppend(118,120) StmtAppend(118,88) StmtAppend(85,3) StmtDelete(34) StmtDelete(139) StmtDelete(24) (stored at: variant375)
317976 [main] ERROR clegoues.genprog4java.rep.JavaRepresentation  - org/apache/commons/math/stat/descriptive/moment/Variance.java:130: error: incompatible types: unexpected return value
			return Double.NaN;
			             ^
1 error

317976 [main] INFO clegoues.genprog4java.rep.CachingRepresentation  - StmtDelete(130) StmtReplace(90,91) StmtDelete(36) StmtAppend(38,34) StmtReplace(47,45) StmtReplace(16,0) StmtAppend(5,20) at variant376 fails to compile

317976 [main] INFO clegoues.genprog4java.fitness.Fitness  - 	 gen: 6 0.0 StmtDelete(130) StmtReplace(90,91) StmtDelete(36) StmtAppend(38,34) StmtReplace(47,45) StmtReplace(16,0) StmtAppend(5,20) (stored at: variant376)
319073 [main] INFO clegoues.genprog4java.fitness.Fitness  - 	 gen: 6 3.0 StmtReplace(105,38) StmtAppend(87,49) StmtReplace(120,11) StmtDelete(133) (stored at: variant377)
319808 [main] INFO clegoues.genprog4java.fitness.Fitness  - 	 gen: 6 3.0 StmtAppend(118,120) StmtAppend(118,88) StmtAppend(85,3) StmtDelete(34) StmtDelete(139) StmtDelete(86) (stored at: variant378)
319825 [main] ERROR clegoues.genprog4java.rep.JavaRepresentation  - org/apache/commons/math/stat/descriptive/moment/Variance.java:192: error: cannot find symbol
						this.moment = m2;
						              ^
  symbol:   variable m2
  location: class Variance
1 error

319825 [main] INFO clegoues.genprog4java.rep.CachingRepresentation  - StmtDelete(103) StmtDelete(64) StmtDelete(139) StmtAppend(26,2) at variant379 fails to compile

319825 [main] INFO clegoues.genprog4java.fitness.Fitness  - 	 gen: 6 0.0 StmtDelete(103) StmtDelete(64) StmtDelete(139) StmtAppend(26,2) (stored at: variant379)
320084 [main] INFO clegoues.genprog4java.fitness.Fitness  - 	 gen: 6 3.0 StmtAppend(74,11) StmtDelete(90) StmtAppend(38,34) StmtReplace(47,45) StmtDelete(76) StmtAppend(50,8) (stored at: variant380)
320102 [main] ERROR clegoues.genprog4java.rep.JavaRepresentation  - org/apache/commons/math/stat/descriptive/moment/Variance.java:416: error: cannot find symbol
                    accum2 += dev;
                    ^
  symbol:   variable accum2
  location: class Variance
org/apache/commons/math/stat/descriptive/moment/Variance.java:420: error: cannot find symbol
                    var = (accum - (accum2 * accum2 / len)) / (len - 1.0);
                                    ^
  symbol:   variable accum2
  location: class Variance
org/apache/commons/math/stat/descriptive/moment/Variance.java:420: error: cannot find symbol
                    var = (accum - (accum2 * accum2 / len)) / (len - 1.0);
                                             ^
  symbol:   variable accum2
  location: class Variance
org/apache/commons/math/stat/descriptive/moment/Variance.java:422: error: cannot find symbol
                    var = (accum - (accum2 * accum2 / len)) / len;
                                    ^
  symbol:   variable accum2
  location: class Variance
org/apache/commons/math/stat/descriptive/moment/Variance.java:422: error: cannot find symbol
                    var = (accum - (accum2 * accum2 / len)) / len;
                                             ^
  symbol:   variable accum2
  location: class Variance
5 errors

320103 [main] INFO clegoues.genprog4java.rep.CachingRepresentation  - StmtDelete(113) StmtAppend(83,36) StmtDelete(23) at variant381 fails to compile

320103 [main] INFO clegoues.genprog4java.fitness.Fitness  - 	 gen: 6 0.0 StmtDelete(113) StmtAppend(83,36) StmtDelete(23) (stored at: variant381)
320126 [main] ERROR clegoues.genprog4java.rep.JavaRepresentation  - org/apache/commons/math/stat/descriptive/moment/Variance.java:604: error: cannot find symbol
				this.moment = m2;
				              ^
  symbol:   variable m2
  location: class Variance
org/apache/commons/math/stat/descriptive/moment/Variance.java:608: error: cannot find symbol
        copy(this, result);
                   ^
  symbol:   variable result
  location: class Variance
org/apache/commons/math/stat/descriptive/moment/Variance.java:609: error: cannot find symbol
        return result;
               ^
  symbol:   variable result
  location: class Variance
3 errors

320127 [main] INFO clegoues.genprog4java.rep.CachingRepresentation  - StmtAppend(74,11) StmtDelete(15) StmtAppend(132,8) at variant382 fails to compile

320127 [main] INFO clegoues.genprog4java.fitness.Fitness  - 	 gen: 6 0.0 StmtAppend(74,11) StmtDelete(15) StmtAppend(132,8) (stored at: variant382)
322243 [main] INFO clegoues.genprog4java.fitness.Fitness  - 	 gen: 6 3.0 StmtAppend(103,49) StmtAppend(49,0) StmtReplace(79,76) StmtAppend(85,3) StmtDelete(34) StmtAppend(106,0) StmtDelete(87) (stored at: variant383)
324011 [main] INFO clegoues.genprog4java.fitness.Fitness  - 	 gen: 6 1.0 StmtDelete(137) StmtReplace(26,20) (stored at: variant384)
325069 [main] INFO clegoues.genprog4java.fitness.Fitness  - 	 gen: 6 2.0 StmtDelete(130) StmtReplace(90,91) StmtDelete(36) StmtAppend(49,0) StmtReplace(79,76) StmtDelete(116) StmtAppend(6,11) (stored at: variant385)
326125 [main] INFO clegoues.genprog4java.fitness.Fitness  - 	 gen: 6 3.0 StmtReplace(47,45) StmtReplace(16,0) StmtAppend(94,27) (stored at: variant386)
326142 [main] ERROR clegoues.genprog4java.rep.JavaRepresentation  - org/apache/commons/math/stat/descriptive/moment/Variance.java:596: error: non-static method clear() cannot be referenced from a static context
			clear();
			^
1 error

326142 [main] INFO clegoues.genprog4java.rep.CachingRepresentation  - StmtDelete(103) StmtDelete(64) StmtDelete(76) StmtAppend(137,46) at variant387 fails to compile

326142 [main] INFO clegoues.genprog4java.fitness.Fitness  - 	 gen: 6 0.0 StmtDelete(103) StmtDelete(64) StmtDelete(76) StmtAppend(137,46) (stored at: variant387)
328125 [main] INFO clegoues.genprog4java.fitness.Fitness  - 	 gen: 6 3.0 StmtAppend(74,11) StmtDelete(90) StmtAppend(38,34) StmtAppend(46,3) (stored at: variant388)
329627 [main] INFO clegoues.genprog4java.fitness.Fitness  - 	 gen: 6 3.0 StmtAppend(118,120) StmtAppend(118,88) StmtAppend(85,3) StmtDelete(77) StmtDelete(58) (stored at: variant389)
329645 [main] ERROR clegoues.genprog4java.rep.JavaRepresentation  - org/apache/commons/math/stat/descriptive/moment/Variance.java:588: error: cannot find symbol
			this.moment = m2;
			              ^
  symbol:   variable m2
  location: class Variance
1 error

329645 [main] INFO clegoues.genprog4java.rep.CachingRepresentation  - StmtDelete(103) StmtDelete(64) StmtReplace(130,2) at variant390 fails to compile

329645 [main] INFO clegoues.genprog4java.fitness.Fitness  - 	 gen: 6 0.0 StmtDelete(103) StmtDelete(64) StmtReplace(130,2) (stored at: variant390)
330744 [main] INFO clegoues.genprog4java.fitness.Fitness  - 	 gen: 6 3.0 StmtDelete(88) StmtReplace(105,38) StmtAppend(8,36) StmtDelete(39) (stored at: variant391)
330765 [main] ERROR clegoues.genprog4java.rep.JavaRepresentation  - org/apache/commons/math/stat/descriptive/moment/Variance.java:527: error: cannot find symbol
                    accum += weights[i] * (dev * dev);
                    ^
  symbol:   variable accum
  location: class Variance
org/apache/commons/math/stat/descriptive/moment/Variance.java:540: error: cannot find symbol
                    var = (accum - (accum2 * accum2 / sumWts)) / (sumWts - 1.0);
                           ^
  symbol:   variable accum
  location: class Variance
org/apache/commons/math/stat/descriptive/moment/Variance.java:542: error: cannot find symbol
                    var = (accum - (accum2 * accum2 / sumWts)) / sumWts;
                           ^
  symbol:   variable accum
  location: class Variance
3 errors

330766 [main] INFO clegoues.genprog4java.rep.CachingRepresentation  - StmtAppend(118,120) StmtAppend(118,88) StmtAppend(85,3) StmtAppend(64,5) StmtReplace(54,7) StmtReplace(24,30) StmtAppend(107,46) at variant392 fails to compile

330766 [main] INFO clegoues.genprog4java.fitness.Fitness  - 	 gen: 6 0.0 StmtAppend(118,120) StmtAppend(118,88) StmtAppend(85,3) StmtAppend(64,5) StmtReplace(54,7) StmtReplace(24,30) StmtAppend(107,46) (stored at: variant392)
331867 [main] INFO clegoues.genprog4java.fitness.Fitness  - 	 gen: 6 3.0 StmtReplace(5,39) (stored at: variant393)
333147 [main] INFO clegoues.genprog4java.fitness.Fitness  - 	 gen: 6 3.0 StmtDelete(137) StmtAppend(6,5) StmtDelete(64) StmtDelete(139) StmtAppend(87,88) (stored at: variant394)
333165 [main] ERROR clegoues.genprog4java.rep.JavaRepresentation  - org/apache/commons/math/stat/descriptive/moment/Variance.java:173: error: incompatible types: unexpected return value
					return moment.m2 / (moment.n - 1d);
					                 ^
org/apache/commons/math/stat/descriptive/moment/Variance.java:175: error: incompatible types: unexpected return value
					return moment.m2 / (moment.n);
					                 ^
2 errors

333165 [main] INFO clegoues.genprog4java.rep.CachingRepresentation  - StmtAppend(118,120) StmtAppend(85,3) StmtDelete(34) StmtDelete(139) StmtAppend(17,26) at variant395 fails to compile

333165 [main] INFO clegoues.genprog4java.fitness.Fitness  - 	 gen: 6 0.0 StmtAppend(118,120) StmtAppend(85,3) StmtDelete(34) StmtDelete(139) StmtAppend(17,26) (stored at: variant395)
333183 [main] ERROR clegoues.genprog4java.rep.JavaRepresentation  - org/apache/commons/math/stat/descriptive/moment/Variance.java:624: error: non-static variable moment cannot be referenced from a static context
			moment = new SecondMoment();
			^
1 error

333183 [main] INFO clegoues.genprog4java.rep.CachingRepresentation  - StmtAppend(118,120) StmtAppend(85,3) StmtDelete(34) StmtDelete(139) StmtAppend(138,6) at variant396 fails to compile

333183 [main] INFO clegoues.genprog4java.fitness.Fitness  - 	 gen: 6 0.0 StmtAppend(118,120) StmtAppend(85,3) StmtDelete(34) StmtDelete(139) StmtAppend(138,6) (stored at: variant396)
335164 [main] INFO clegoues.genprog4java.fitness.Fitness  - 	 gen: 6 1.0 StmtAppend(118,120) StmtAppend(85,3) StmtAppend(35,3) StmtDelete(139) StmtDelete(74) (stored at: variant397)
336375 [main] INFO clegoues.genprog4java.fitness.Fitness  - 	 gen: 6 1.0 StmtDelete(103) StmtReplace(84,87) (stored at: variant398)
337411 [main] INFO clegoues.genprog4java.fitness.Fitness  - 	 gen: 6 3.0 StmtReplace(105,38) StmtAppend(44,1) StmtAppend(64,5) StmtDelete(107) (stored at: variant399)
338422 [main] INFO clegoues.genprog4java.fitness.Fitness  - 	 gen: 6 3.0 StmtAppend(74,11) StmtDelete(90) StmtAppend(38,34) StmtReplace(47,45) StmtDelete(133) StmtDelete(9) (stored at: variant400)
338422 [main] INFO clegoues.genprog4java.Search.Search  - search: generation7
338904 [main] ERROR clegoues.genprog4java.rep.JavaRepresentation  - org/apache/commons/math/stat/descriptive/moment/Variance.java:189: error: missing return statement
    }
    ^
1 error

338904 [main] INFO clegoues.genprog4java.rep.CachingRepresentation  - StmtAppend(74,11) StmtDelete(90) StmtAppend(38,34) StmtReplace(47,45) StmtDelete(76) StmtDelete(75) StmtDelete(20) at variant401 fails to compile

338904 [main] INFO clegoues.genprog4java.fitness.Fitness  - 	 gen: 7 0.0 StmtAppend(74,11) StmtDelete(90) StmtAppend(38,34) StmtReplace(47,45) StmtDelete(76) StmtDelete(75) StmtDelete(20) (stored at: variant401)
340026 [main] INFO clegoues.genprog4java.fitness.Fitness  - 	 gen: 7 1.0 StmtDelete(88) StmtReplace(105,38) StmtAppend(8,36) StmtDelete(39) StmtDelete(130) (stored at: variant402)
341063 [main] INFO clegoues.genprog4java.fitness.Fitness  - 	 gen: 7 3.0 StmtAppend(103,49) StmtAppend(49,0) StmtReplace(79,76) StmtAppend(85,3) StmtDelete(34) StmtAppend(106,0) StmtDelete(87) StmtDelete(2) (stored at: variant403)
342150 [main] INFO clegoues.genprog4java.fitness.Fitness  - 	 gen: 7 1.0 StmtReplace(5,39) StmtDelete(102) (stored at: variant404)
343902 [main] INFO clegoues.genprog4java.fitness.Fitness  - 	 gen: 7 3.0 StmtAppend(118,120) StmtAppend(85,3) StmtAppend(35,3) StmtReplace(87,19) StmtReplace(87,88) StmtDelete(137) (stored at: variant405)
344953 [main] INFO clegoues.genprog4java.fitness.Fitness  - 	 gen: 7 1.0 StmtDelete(103) StmtDelete(64) StmtDelete(139) StmtDelete(16) StmtDelete(47) (stored at: variant406)
344974 [main] ERROR clegoues.genprog4java.rep.JavaRepresentation  - org/apache/commons/math/stat/descriptive/moment/Variance.java:129: error: incompatible types: unexpected return value
				return 0d;
				       ^
1 error

344974 [main] INFO clegoues.genprog4java.rep.CachingRepresentation  - StmtAppend(103,49) StmtAppend(49,0) StmtReplace(79,76) StmtDelete(116) StmtAppend(84,10) StmtAppend(7,23) at variant407 fails to compile

344974 [main] INFO clegoues.genprog4java.fitness.Fitness  - 	 gen: 7 0.0 StmtAppend(103,49) StmtAppend(49,0) StmtReplace(79,76) StmtDelete(116) StmtAppend(84,10) StmtAppend(7,23) (stored at: variant407)
344996 [main] ERROR clegoues.genprog4java.rep.JavaRepresentation  - org/apache/commons/math/stat/descriptive/moment/Variance.java:100: error: cannot find symbol
			this.moment = m2;
			              ^
  symbol:   variable m2
  location: class Variance
1 error

344996 [main] INFO clegoues.genprog4java.rep.CachingRepresentation  - StmtAppend(103,49) StmtAppend(49,0) StmtReplace(79,76) StmtDelete(116) StmtAppend(84,10) StmtReplace(1,8) at variant408 fails to compile

344996 [main] INFO clegoues.genprog4java.fitness.Fitness  - 	 gen: 7 0.0 StmtAppend(103,49) StmtAppend(49,0) StmtReplace(79,76) StmtDelete(116) StmtAppend(84,10) StmtReplace(1,8) (stored at: variant408)
346060 [main] INFO clegoues.genprog4java.fitness.Fitness  - 	 gen: 7 3.0 StmtAppend(103,49) StmtAppend(49,0) StmtReplace(79,76) StmtAppend(85,3) StmtDelete(34) StmtAppend(106,0) StmtDelete(87) StmtAppend(38,6) (stored at: variant409)
346078 [main] ERROR clegoues.genprog4java.rep.JavaRepresentation  - org/apache/commons/math/stat/descriptive/moment/Variance.java:628: error: non-static method clear() cannot be referenced from a static context
        clear();
        ^
1 error

346078 [main] INFO clegoues.genprog4java.rep.CachingRepresentation  - StmtAppend(74,11) StmtDelete(90) StmtAppend(38,34) StmtReplace(47,45) StmtDelete(133) StmtDelete(9) StmtReplace(138,46) at variant410 fails to compile

346078 [main] INFO clegoues.genprog4java.fitness.Fitness  - 	 gen: 7 0.0 StmtAppend(74,11) StmtDelete(90) StmtAppend(38,34) StmtReplace(47,45) StmtDelete(133) StmtDelete(9) StmtReplace(138,46) (stored at: variant410)
346096 [main] ERROR clegoues.genprog4java.rep.JavaRepresentation  - org/apache/commons/math/stat/descriptive/moment/Variance.java:531: error: cannot find symbol
						sumWts += weights[i];
						^
  symbol:   variable sumWts
  location: class Variance
org/apache/commons/math/stat/descriptive/moment/Variance.java:533: error: cannot find symbol
							var = (accum - (accum2 * accum2 / sumWts)) / (sumWts - 1.0);
							                                  ^
  symbol:   variable sumWts
  location: class Variance
org/apache/commons/math/stat/descriptive/moment/Variance.java:533: error: cannot find symbol
							var = (accum - (accum2 * accum2 / sumWts)) / (sumWts - 1.0);
							                                              ^
  symbol:   variable sumWts
  location: class Variance
org/apache/commons/math/stat/descriptive/moment/Variance.java:539: error: cannot find symbol
                    var = (accum - (accum2 * accum2 / sumWts)) / (sumWts - 1.0);
                                                      ^
  symbol:   variable sumWts
  location: class Variance
org/apache/commons/math/stat/descriptive/moment/Variance.java:539: error: cannot find symbol
                    var = (accum - (accum2 * accum2 / sumWts)) / (sumWts - 1.0);
                                                                  ^
  symbol:   variable sumWts
  location: class Variance
org/apache/commons/math/stat/descriptive/moment/Variance.java:541: error: cannot find symbol
                    var = (accum - (accum2 * accum2 / sumWts)) / sumWts;
                                                      ^
  symbol:   variable sumWts
  location: class Variance
org/apache/commons/math/stat/descriptive/moment/Variance.java:541: error: cannot find symbol
                    var = (accum - (accum2 * accum2 / sumWts)) / sumWts;
                                                                 ^
  symbol:   variable sumWts
  location: class Variance
7 errors

346096 [main] INFO clegoues.genprog4java.rep.CachingRepresentation  - StmtAppend(118,120) StmtAppend(85,3) StmtAppend(35,3) StmtReplace(87,19) StmtReplace(87,88) StmtAppend(115,60) at variant411 fails to compile

346096 [main] INFO clegoues.genprog4java.fitness.Fitness  - 	 gen: 7 0.0 StmtAppend(118,120) StmtAppend(85,3) StmtAppend(35,3) StmtReplace(87,19) StmtReplace(87,88) StmtAppend(115,60) (stored at: variant411)
347217 [main] INFO clegoues.genprog4java.fitness.Fitness  - 	 gen: 7 1.0 StmtReplace(47,45) StmtReplace(16,0) StmtAppend(94,27) StmtDelete(0) (stored at: variant412)
347698 [main] INFO clegoues.genprog4java.fitness.Fitness  - 	 gen: 7 3.0 StmtAppend(74,11) StmtDelete(90) StmtAppend(38,34) StmtReplace(47,45) StmtDelete(133) StmtDelete(9) StmtReplace(82,36) (stored at: variant413)
348829 [main] INFO clegoues.genprog4java.fitness.Fitness  - 	 gen: 7 2.0 StmtDelete(137) StmtDelete(113) StmtDelete(137) StmtDelete(15) (stored at: variant414)
349977 [main] INFO clegoues.genprog4java.fitness.Fitness  - 	 gen: 7 3.0 StmtReplace(105,38) StmtAppend(44,1) StmtAppend(64,5) StmtDelete(107) StmtDelete(133) (stored at: variant415)
351167 [main] INFO clegoues.genprog4java.fitness.Fitness  - 	 gen: 7 3.0 StmtAppend(103,49) StmtAppend(49,0) StmtReplace(79,76) StmtDelete(116) StmtDelete(11) StmtDelete(36) (stored at: variant416)
352607 [main] INFO clegoues.genprog4java.fitness.Fitness  - 	 gen: 7 3.0 StmtAppend(74,11) StmtDelete(90) StmtAppend(38,34) StmtAppend(46,3) StmtAppend(44,9) (stored at: variant417)
353872 [main] INFO clegoues.genprog4java.fitness.Fitness  - 	 gen: 7 1.0 StmtReplace(105,38) StmtAppend(44,1) StmtAppend(64,5) StmtReplace(54,7) StmtDelete(133) StmtAppend(1,35) StmtDelete(76) (stored at: variant418)
355222 [main] INFO clegoues.genprog4java.fitness.Fitness  - 	 gen: 7 2.0 StmtDelete(103) StmtDelete(64) StmtDelete(139) StmtReplace(10,2) StmtDelete(15) (stored at: variant419)
355267 [main] ERROR clegoues.genprog4java.rep.JavaRepresentation  - org/apache/commons/math/stat/descriptive/moment/Variance.java:525: error: cannot find symbol
                    dev = values[i] - mean;
                    ^
  symbol:   variable dev
  location: class Variance
org/apache/commons/math/stat/descriptive/moment/Variance.java:526: error: cannot find symbol
                    accum += weights[i] * (dev * dev);
                                           ^
  symbol:   variable dev
  location: class Variance
org/apache/commons/math/stat/descriptive/moment/Variance.java:526: error: cannot find symbol
                    accum += weights[i] * (dev * dev);
                                                 ^
  symbol:   variable dev
  location: class Variance
org/apache/commons/math/stat/descriptive/moment/Variance.java:527: error: cannot find symbol
                    accum2 += weights[i] * dev;
                                           ^
  symbol:   variable dev
  location: class Variance
4 errors

355268 [main] INFO clegoues.genprog4java.rep.CachingRepresentation  - StmtAppend(74,11) StmtDelete(90) StmtAppend(38,34) StmtReplace(47,45) StmtDelete(76) StmtDelete(75) StmtReplace(108,1) at variant420 fails to compile

355268 [main] INFO clegoues.genprog4java.fitness.Fitness  - 	 gen: 7 0.0 StmtAppend(74,11) StmtDelete(90) StmtAppend(38,34) StmtReplace(47,45) StmtDelete(76) StmtDelete(75) StmtReplace(108,1) (stored at: variant420)
355296 [main] ERROR clegoues.genprog4java.rep.JavaRepresentation  - org/apache/commons/math/stat/descriptive/moment/Variance.java:197: error: unreachable statement
				{
				^
org/apache/commons/math/stat/descriptive/moment/Variance.java:202: error: missing return statement
    }
    ^
2 errors

355297 [main] INFO clegoues.genprog4java.rep.CachingRepresentation  - StmtDelete(137) StmtAppend(6,5) StmtDelete(114) StmtReplace(34,0) StmtAppend(22,5) at variant421 fails to compile

355297 [main] INFO clegoues.genprog4java.fitness.Fitness  - 	 gen: 7 0.0 StmtDelete(137) StmtAppend(6,5) StmtDelete(114) StmtReplace(34,0) StmtAppend(22,5) (stored at: variant421)
356641 [main] INFO clegoues.genprog4java.fitness.Fitness  - 	 gen: 7 2.0 StmtAppend(103,49) StmtAppend(49,0) StmtReplace(79,76) StmtAppend(85,3) StmtDelete(34) StmtAppend(106,0) StmtDelete(87) StmtAppend(11,3) (stored at: variant422)
357834 [main] INFO clegoues.genprog4java.fitness.Fitness  - 	 gen: 7 3.0 StmtDelete(103) StmtDelete(64) StmtDelete(139) StmtReplace(10,2) StmtDelete(119) (stored at: variant423)
359777 [main] INFO clegoues.genprog4java.fitness.Fitness  - 	 gen: 7 3.0 StmtAppend(118,120) StmtAppend(85,3) StmtAppend(35,3) StmtReplace(87,19) StmtReplace(87,88) StmtAppend(34,34) (stored at: variant424)
360967 [main] INFO clegoues.genprog4java.fitness.Fitness  - 	 gen: 7 0.0 StmtReplace(5,39) StmtDelete(17) (stored at: variant425)
362001 [main] INFO clegoues.genprog4java.fitness.Fitness  - 	 gen: 7 3.0 StmtAppend(74,11) StmtDelete(90) StmtAppend(38,34) StmtReplace(47,45) StmtDelete(76) StmtAppend(50,8) StmtDelete(118) (stored at: variant426)
363036 [main] INFO clegoues.genprog4java.fitness.Fitness  - 	 gen: 7 2.0 StmtReplace(47,45) StmtReplace(16,0) StmtAppend(94,27) StmtDelete(130) (stored at: variant427)
363054 [main] ERROR clegoues.genprog4java.rep.JavaRepresentation  - org/apache/commons/math/stat/descriptive/moment/Variance.java:183: error: missing return statement
    }
    ^
1 error

363054 [main] INFO clegoues.genprog4java.rep.CachingRepresentation  - StmtAppend(118,120) StmtAppend(85,3) StmtAppend(35,3) StmtReplace(87,19) StmtReplace(87,88) StmtReplace(22,7) at variant428 fails to compile

363054 [main] INFO clegoues.genprog4java.fitness.Fitness  - 	 gen: 7 0.0 StmtAppend(118,120) StmtAppend(85,3) StmtAppend(35,3) StmtReplace(87,19) StmtReplace(87,88) StmtReplace(22,7) (stored at: variant428)
364056 [main] INFO clegoues.genprog4java.fitness.Fitness  - 	 gen: 7 3.0 StmtDelete(103) StmtDelete(64) StmtDelete(139) StmtReplace(10,2) StmtAppend(7,7) (stored at: variant429)
365086 [main] INFO clegoues.genprog4java.fitness.Fitness  - 	 gen: 7 3.0 StmtAppend(118,120) StmtAppend(118,88) StmtAppend(85,3) StmtDelete(34) StmtDelete(139) StmtDelete(86) StmtAppend(10,2) (stored at: variant430)
366303 [main] INFO clegoues.genprog4java.fitness.Fitness  - 	 gen: 7 0.0 StmtReplace(105,38) StmtAppend(87,49) StmtReplace(120,11) StmtDelete(133) StmtAppend(75,77) (stored at: variant431)
366328 [main] ERROR clegoues.genprog4java.rep.JavaRepresentation  - org/apache/commons/math/stat/descriptive/moment/Variance.java:534: error: cannot find symbol
					this.moment = m2;
					              ^
  symbol:   variable m2
  location: class Variance
1 error

366328 [main] INFO clegoues.genprog4java.rep.CachingRepresentation  - StmtDelete(88) StmtReplace(105,38) StmtAppend(8,36) StmtDelete(39) StmtAppend(105,2) at variant432 fails to compile

366328 [main] INFO clegoues.genprog4java.fitness.Fitness  - 	 gen: 7 0.0 StmtDelete(88) StmtReplace(105,38) StmtAppend(8,36) StmtDelete(39) StmtAppend(105,2) (stored at: variant432)
367435 [main] INFO clegoues.genprog4java.fitness.Fitness  - 	 gen: 7 3.0 StmtAppend(118,120) StmtAppend(118,88) StmtAppend(85,3) StmtDelete(34) StmtAppend(8,36) StmtReplace(111,19) StmtDelete(59) (stored at: variant433)
367452 [main] ERROR clegoues.genprog4java.rep.JavaRepresentation  - org/apache/commons/math/stat/descriptive/moment/Variance.java:191: error: missing return statement
    }
    ^
1 error

367452 [main] INFO clegoues.genprog4java.rep.CachingRepresentation  - StmtAppend(103,49) StmtAppend(49,0) StmtReplace(79,76) StmtDelete(116) StmtDelete(11) StmtReplace(27,1) at variant434 fails to compile

367452 [main] INFO clegoues.genprog4java.fitness.Fitness  - 	 gen: 7 0.0 StmtAppend(103,49) StmtAppend(49,0) StmtReplace(79,76) StmtDelete(116) StmtDelete(11) StmtReplace(27,1) (stored at: variant434)
369506 [main] INFO clegoues.genprog4java.fitness.Fitness  - 	 gen: 7 2.0 StmtDelete(137) StmtAppend(6,5) StmtDelete(64) StmtDelete(139) StmtAppend(87,88) StmtReplace(4,7) (stored at: variant435)
370311 [main] INFO clegoues.genprog4java.fitness.Fitness  - 	 gen: 7 3.0 StmtReplace(105,38) StmtAppend(44,1) StmtAppend(64,5) StmtReplace(54,7) StmtDelete(133) StmtAppend(1,35) StmtDelete(51) (stored at: variant436)
371364 [main] INFO clegoues.genprog4java.fitness.Fitness  - 	 gen: 7 3.0 StmtDelete(137) StmtDelete(113) StmtDelete(137) StmtReplace(61,35) (stored at: variant437)
372368 [main] INFO clegoues.genprog4java.fitness.Fitness  - 	 gen: 7 3.0 StmtReplace(105,38) StmtAppend(87,49) StmtReplace(120,11) StmtDelete(133) StmtAppend(34,34) (stored at: variant438)
373403 [main] INFO clegoues.genprog4java.fitness.Fitness  - 	 gen: 7 3.0 StmtAppend(103,49) StmtAppend(49,0) StmtReplace(79,76) StmtDelete(116) StmtAppend(84,10) StmtAppend(17,36) (stored at: variant439)
374591 [main] INFO clegoues.genprog4java.fitness.Fitness  - 	 gen: 7 0.0 StmtDelete(137) StmtAppend(6,5) StmtDelete(64) StmtDelete(139) StmtAppend(87,88) StmtReplace(76,46) (stored at: variant440)
375689 [main] INFO clegoues.genprog4java.fitness.Fitness  - 	 gen: 7 3.0 StmtAppend(74,11) StmtReplace(61,65) (stored at: variant441)
377142 [main] INFO clegoues.genprog4java.fitness.Fitness  - 	 gen: 7 0.0 StmtDelete(137) StmtAppend(6,5) StmtDelete(114) StmtAppend(38,34) StmtReplace(47,45) StmtDelete(76) StmtDelete(75) StmtAppend(47,22) (stored at: variant442)
377163 [main] ERROR clegoues.genprog4java.rep.JavaRepresentation  - org/apache/commons/math/stat/descriptive/moment/Variance.java:275: error: cannot find symbol
                var = evaluate(values, m, begin, length);
                                       ^
  symbol:   variable m
  location: class Variance
1 error

377163 [main] INFO clegoues.genprog4java.rep.CachingRepresentation  - StmtDelete(88) StmtReplace(105,38) StmtDelete(34) StmtAppend(106,0) StmtDelete(87) StmtAppend(53,22) at variant443 fails to compile

377163 [main] INFO clegoues.genprog4java.fitness.Fitness  - 	 gen: 7 0.0 StmtDelete(88) StmtReplace(105,38) StmtDelete(34) StmtAppend(106,0) StmtDelete(87) StmtAppend(53,22) (stored at: variant443)
378211 [main] INFO clegoues.genprog4java.fitness.Fitness  - 	 gen: 7 3.0 StmtAppend(103,49) StmtAppend(49,0) StmtReplace(79,76) StmtDelete(39) StmtDelete(17) (stored at: variant444)
378236 [main] ERROR clegoues.genprog4java.rep.JavaRepresentation  - org/apache/commons/math/stat/descriptive/moment/Variance.java:192: error: missing return statement
    }
    ^
1 error

378236 [main] INFO clegoues.genprog4java.rep.CachingRepresentation  - StmtAppend(35,3) StmtReplace(87,19) StmtReplace(87,88) StmtReplace(30,0) at variant445 fails to compile

378236 [main] INFO clegoues.genprog4java.fitness.Fitness  - 	 gen: 7 0.0 StmtAppend(35,3) StmtReplace(87,19) StmtReplace(87,88) StmtReplace(30,0) (stored at: variant445)
379417 [main] INFO clegoues.genprog4java.fitness.Fitness  - 	 gen: 7 1.0 StmtAppend(118,120) StmtDelete(74) (stored at: variant446)
380492 [main] INFO clegoues.genprog4java.fitness.Fitness  - 	 gen: 7 3.0 StmtAppend(118,120) StmtAppend(85,3) StmtAppend(50,47) (stored at: variant447)
381554 [main] INFO clegoues.genprog4java.fitness.Fitness  - 	 gen: 7 0.0 StmtReplace(87,19) StmtReplace(87,88) StmtDelete(60) (stored at: variant448)
381570 [main] ERROR clegoues.genprog4java.rep.JavaRepresentation  - org/apache/commons/math/stat/descriptive/moment/Variance.java:264: error: cannot find symbol
                double m = mean.evaluate(values, begin, length);
                           ^
  symbol:   variable mean
  location: class Variance
1 error

381570 [main] INFO clegoues.genprog4java.rep.CachingRepresentation  - StmtAppend(103,49) StmtAppend(94,27) StmtReplace(52,46) at variant449 fails to compile

381570 [main] INFO clegoues.genprog4java.fitness.Fitness  - 	 gen: 7 0.0 StmtAppend(103,49) StmtAppend(94,27) StmtReplace(52,46) (stored at: variant449)
381593 [main] ERROR clegoues.genprog4java.rep.JavaRepresentation  - org/apache/commons/math/stat/descriptive/moment/Variance.java:171: error: incompatible types: unexpected return value
				return 0d;
				       ^
org/apache/commons/math/stat/descriptive/moment/Variance.java:174: error: incompatible types: unexpected return value
					return moment.m2 / (moment.n - 1d);
					                 ^
org/apache/commons/math/stat/descriptive/moment/Variance.java:176: error: incompatible types: unexpected return value
					return moment.m2 / (moment.n);
					                 ^
3 errors

381593 [main] INFO clegoues.genprog4java.rep.CachingRepresentation  - StmtReplace(47,45) StmtReplace(79,76) StmtDelete(116) StmtAppend(84,10) StmtReplace(17,22) at variant450 fails to compile

381593 [main] INFO clegoues.genprog4java.fitness.Fitness  - 	 gen: 7 0.0 StmtReplace(47,45) StmtReplace(79,76) StmtDelete(116) StmtAppend(84,10) StmtReplace(17,22) (stored at: variant450)
381612 [main] ERROR clegoues.genprog4java.rep.JavaRepresentation  - org/apache/commons/math/stat/descriptive/moment/Variance.java:259: error: cannot find symbol
            this.moment = m2;
                          ^
  symbol:   variable m2
  location: class Variance
1 error

381613 [main] INFO clegoues.genprog4java.rep.CachingRepresentation  - StmtAppend(103,49) StmtAppend(49,0) StmtReplace(79,76) StmtReplace(87,88) StmtReplace(46,10) at variant451 fails to compile

381613 [main] INFO clegoues.genprog4java.fitness.Fitness  - 	 gen: 7 0.0 StmtAppend(103,49) StmtAppend(49,0) StmtReplace(79,76) StmtReplace(87,88) StmtReplace(46,10) (stored at: variant451)
381641 [main] ERROR clegoues.genprog4java.rep.JavaRepresentation  - org/apache/commons/math/stat/descriptive/moment/Variance.java:417: error: cannot find symbol
					this.moment = m2;
					              ^
  symbol:   variable m2
  location: class Variance
1 error

381641 [main] INFO clegoues.genprog4java.rep.CachingRepresentation  - StmtAppend(118,120) StmtAppend(85,3) StmtAppend(35,3) StmtAppend(84,10) StmtDelete(51) at variant452 fails to compile

381641 [main] INFO clegoues.genprog4java.fitness.Fitness  - 	 gen: 7 0.0 StmtAppend(118,120) StmtAppend(85,3) StmtAppend(35,3) StmtAppend(84,10) StmtDelete(51) (stored at: variant452)
382757 [main] INFO clegoues.genprog4java.fitness.Fitness  - 	 gen: 7 3.0 StmtAppend(118,120) StmtAppend(87,49) StmtReplace(120,11) StmtDelete(133) StmtAppend(62,11) (stored at: variant453)
383969 [main] INFO clegoues.genprog4java.fitness.Fitness  - 	 gen: 7 1.0 StmtAppend(35,3) StmtReplace(87,19) StmtReplace(87,88) StmtAppend(44,34) (stored at: variant454)
383987 [main] ERROR clegoues.genprog4java.rep.JavaRepresentation  - org/apache/commons/math/stat/descriptive/moment/Variance.java:194: error: unreachable statement
				moment.clear();
				^
org/apache/commons/math/stat/descriptive/moment/Variance.java:196: error: missing return statement
    }
    ^
2 errors

383987 [main] INFO clegoues.genprog4java.rep.CachingRepresentation  - StmtAppend(8,36) StmtDelete(39) StmtAppend(22,36) at variant455 fails to compile

383987 [main] INFO clegoues.genprog4java.fitness.Fitness  - 	 gen: 7 0.0 StmtAppend(8,36) StmtDelete(39) StmtAppend(22,36) (stored at: variant455)
384010 [main] ERROR clegoues.genprog4java.rep.JavaRepresentation  - org/apache/commons/math/stat/descriptive/moment/Variance.java:622: error: non-static variable moment cannot be referenced from a static context
			moment = new SecondMoment();
			^
1 error

384011 [main] INFO clegoues.genprog4java.rep.CachingRepresentation  - StmtDelete(88) StmtReplace(16,0) StmtAppend(94,27) StmtAppend(137,1) at variant456 fails to compile

384011 [main] INFO clegoues.genprog4java.fitness.Fitness  - 	 gen: 7 0.0 StmtDelete(88) StmtReplace(16,0) StmtAppend(94,27) StmtAppend(137,1) (stored at: variant456)
385173 [main] INFO clegoues.genprog4java.fitness.Fitness  - 	 gen: 7 3.0 StmtAppend(74,11) StmtDelete(90) StmtAppend(38,34) StmtReplace(47,45) StmtReplace(111,19) StmtAppend(76,36) (stored at: variant457)
386096 [main] INFO clegoues.genprog4java.fitness.Fitness  - 	 gen: 7 3.0 StmtAppend(118,120) StmtAppend(118,88) StmtAppend(85,3) StmtDelete(34) StmtDelete(9) StmtDelete(15) (stored at: variant458)
387157 [main] INFO clegoues.genprog4java.fitness.Fitness  - 	 gen: 7 3.0 StmtDelete(137) StmtDelete(113) StmtAppend(49,0) StmtReplace(79,76) StmtDelete(116) StmtDelete(11) StmtDelete(5) (stored at: variant459)
387169 [main] ERROR clegoues.genprog4java.rep.JavaRepresentation  - org/apache/commons/math/stat/descriptive/moment/Variance.java:190: error: cannot find symbol
					this.moment = m2;
					              ^
  symbol:   variable m2
  location: class Variance
1 error

387169 [main] INFO clegoues.genprog4java.rep.CachingRepresentation  - StmtAppend(26,4) at variant460 fails to compile

387169 [main] INFO clegoues.genprog4java.fitness.Fitness  - 	 gen: 7 0.0 StmtAppend(26,4) (stored at: variant460)
387181 [main] ERROR clegoues.genprog4java.rep.JavaRepresentation  - org/apache/commons/math/stat/descriptive/moment/Variance.java:142: error: incompatible types: unexpected return value
			return Double.NaN;
			             ^
1 error

387182 [main] INFO clegoues.genprog4java.rep.CachingRepresentation  - StmtReplace(11,20) at variant461 fails to compile

387182 [main] INFO clegoues.genprog4java.fitness.Fitness  - 	 gen: 7 0.0 StmtReplace(11,20) (stored at: variant461)
388099 [main] INFO clegoues.genprog4java.fitness.Fitness  - 	 gen: 7 3.0 StmtReplace(105,38) StmtAppend(44,1) StmtAppend(64,5) StmtReplace(54,7) StmtDelete(133) StmtAppend(49,0) StmtReplace(79,76) StmtDelete(116) StmtDelete(11) StmtDelete(86) (stored at: variant462)
388099 [main] INFO clegoues.genprog4java.Search.Search  - search: generation8
388981 [main] INFO clegoues.genprog4java.fitness.Fitness  - 	 gen: 8 3.0 StmtAppend(118,120) StmtAppend(85,3) StmtAppend(35,3) StmtReplace(87,19) StmtReplace(87,88) StmtAppend(34,34) StmtReplace(35,46) (stored at: variant463)
388997 [main] ERROR clegoues.genprog4java.rep.JavaRepresentation  - org/apache/commons/math/stat/descriptive/moment/Variance.java:414: error: cannot find symbol
						accum += dev * dev;
						^
  symbol:   variable accum
  location: class Variance
org/apache/commons/math/stat/descriptive/moment/Variance.java:421: error: cannot find symbol
                    var = (accum - (accum2 * accum2 / len)) / (len - 1.0);
                           ^
  symbol:   variable accum
  location: class Variance
org/apache/commons/math/stat/descriptive/moment/Variance.java:423: error: cannot find symbol
                    var = (accum - (accum2 * accum2 / len)) / len;
                           ^
  symbol:   variable accum
  location: class Variance
3 errors

388997 [main] INFO clegoues.genprog4java.rep.CachingRepresentation  - StmtAppend(118,120) StmtAppend(118,88) StmtAppend(85,3) StmtDelete(34) StmtDelete(9) StmtDelete(15) StmtDelete(81) at variant464 fails to compile

388997 [main] INFO clegoues.genprog4java.fitness.Fitness  - 	 gen: 8 0.0 StmtAppend(118,120) StmtAppend(118,88) StmtAppend(85,3) StmtDelete(34) StmtDelete(9) StmtDelete(15) StmtDelete(81) (stored at: variant464)
389014 [main] ERROR clegoues.genprog4java.rep.JavaRepresentation  - org/apache/commons/math/stat/descriptive/moment/Variance.java:533: error: cannot find symbol
                var = 0.0;
                ^
  symbol:   variable var
  location: class Variance
org/apache/commons/math/stat/descriptive/moment/Variance.java:549: error: cannot find symbol
							var = (accum - (accum2 * accum2 / sumWts)) / (sumWts - 1.0);
							^
  symbol:   variable var
  location: class Variance
org/apache/commons/math/stat/descriptive/moment/Variance.java:555: error: cannot find symbol
                    var = (accum - (accum2 * accum2 / sumWts)) / (sumWts - 1.0);
                    ^
  symbol:   variable var
  location: class Variance
org/apache/commons/math/stat/descriptive/moment/Variance.java:557: error: cannot find symbol
                    var = (accum - (accum2 * accum2 / sumWts)) / sumWts;
                    ^
  symbol:   variable var
  location: class Variance
org/apache/commons/math/stat/descriptive/moment/Variance.java:561: error: cannot find symbol
        return var;
               ^
  symbol:   variable var
  location: class Variance
5 errors

389015 [main] INFO clegoues.genprog4java.rep.CachingRepresentation  - StmtAppend(118,120) StmtAppend(85,3) StmtAppend(50,47) StmtAppend(99,19) at variant465 fails to compile

389015 [main] INFO clegoues.genprog4java.fitness.Fitness  - 	 gen: 8 0.0 StmtAppend(118,120) StmtAppend(85,3) StmtAppend(50,47) StmtAppend(99,19) (stored at: variant465)
390276 [main] INFO clegoues.genprog4java.fitness.Fitness  - 	 gen: 8 3.0 StmtAppend(103,49) StmtAppend(49,0) StmtReplace(79,76) StmtDelete(116) StmtDelete(11) StmtDelete(36) StmtDelete(46) (stored at: variant466)
391259 [main] INFO clegoues.genprog4java.fitness.Fitness  - 	 gen: 8 2.0 StmtDelete(137) StmtDelete(113) StmtAppend(49,0) StmtReplace(79,76) StmtDelete(116) StmtDelete(11) StmtDelete(5) StmtReplace(19,26) (stored at: variant467)
393064 [main] INFO clegoues.genprog4java.fitness.Fitness  - 	 gen: 8 3.0 StmtAppend(74,11) StmtDelete(90) StmtAppend(38,34) StmtReplace(47,45) StmtReplace(111,19) StmtAppend(76,36) StmtAppend(4,3) (stored at: variant468)
394875 [main] INFO clegoues.genprog4java.fitness.Fitness  - 	 gen: 8 2.0 StmtAppend(118,120) StmtAppend(118,88) StmtAppend(85,3) StmtDelete(34) StmtDelete(139) StmtDelete(86) StmtAppend(10,2) StmtAppend(85,103) (stored at: variant469)
394890 [main] ERROR clegoues.genprog4java.rep.JavaRepresentation  - org/apache/commons/math/stat/descriptive/moment/Variance.java:318: error: cannot find symbol
			this.moment = m2;
			              ^
  symbol:   variable m2
  location: class Variance
org/apache/commons/math/stat/descriptive/moment/Variance.java:326: error: cannot find symbol
				var = evaluate(values, weights, m, begin, length);
				^
  symbol:   variable var
  location: class Variance
org/apache/commons/math/stat/descriptive/moment/Variance.java:329: error: cannot find symbol
        return var;
               ^
  symbol:   variable var
  location: class Variance
3 errors

394890 [main] INFO clegoues.genprog4java.rep.CachingRepresentation  - StmtAppend(74,11) StmtReplace(61,65) StmtReplace(57,2) at variant470 fails to compile

394890 [main] INFO clegoues.genprog4java.fitness.Fitness  - 	 gen: 8 0.0 StmtAppend(74,11) StmtReplace(61,65) StmtReplace(57,2) (stored at: variant470)
395367 [main] INFO clegoues.genprog4java.fitness.Fitness  - 	 gen: 8 3.0 StmtAppend(74,11) StmtDelete(90) StmtAppend(38,34) StmtReplace(47,45) StmtReplace(111,19) StmtAppend(76,36) StmtAppend(113,5) (stored at: variant471)
396435 [main] INFO clegoues.genprog4java.fitness.Fitness  - 	 gen: 8 3.0 StmtReplace(105,38) StmtAppend(44,1) StmtAppend(64,5) StmtReplace(54,7) StmtDelete(133) StmtAppend(1,35) StmtDelete(51) StmtDelete(51) (stored at: variant472)
397421 [main] INFO clegoues.genprog4java.fitness.Fitness  - 	 gen: 8 2.0 StmtAppend(118,120) StmtAppend(118,88) StmtAppend(85,3) StmtDelete(34) StmtDelete(9) StmtDelete(15) StmtAppend(15,34) (stored at: variant473)
398288 [main] INFO clegoues.genprog4java.fitness.Fitness  - 	 gen: 8 3.0 StmtAppend(118,120) StmtAppend(85,3) StmtAppend(50,47) StmtReplace(90,91) (stored at: variant474)
399264 [main] INFO clegoues.genprog4java.fitness.Fitness  - 	 gen: 8 1.0 StmtDelete(137) StmtDelete(113) StmtAppend(49,0) StmtReplace(79,76) StmtDelete(116) StmtDelete(11) StmtDelete(5) StmtAppend(2,1) (stored at: variant475)
400129 [main] INFO clegoues.genprog4java.fitness.Fitness  - 	 gen: 8 3.0 StmtAppend(118,120) StmtAppend(85,3) StmtAppend(35,3) StmtReplace(87,19) StmtReplace(87,88) StmtAppend(34,34) StmtAppend(61,24) (stored at: variant476)
400983 [main] INFO clegoues.genprog4java.fitness.Fitness  - 	 gen: 8 3.0 StmtAppend(118,120) StmtAppend(85,3) StmtAppend(50,47) StmtDelete(49) (stored at: variant477)
401002 [main] ERROR clegoues.genprog4java.rep.JavaRepresentation  - org/apache/commons/math/stat/descriptive/moment/Variance.java:619: error: incompatible types: double cannot be converted to Variance
				return Double.NaN;
				             ^
org/apache/commons/math/stat/descriptive/moment/Variance.java:621: error: incompatible types: double cannot be converted to Variance
				return 0d;
				       ^
org/apache/commons/math/stat/descriptive/moment/Variance.java:624: error: incompatible types: double cannot be converted to Variance
					return moment.m2 / (moment.n - 1d);
					                 ^
org/apache/commons/math/stat/descriptive/moment/Variance.java:626: error: incompatible types: double cannot be converted to Variance
					return moment.m2 / (moment.n);
					                 ^
org/apache/commons/math/stat/descriptive/moment/Variance.java:630: error: cannot find symbol
        copy(this, result);
                   ^
  symbol:   variable result
  location: class Variance
org/apache/commons/math/stat/descriptive/moment/Variance.java:631: error: cannot find symbol
        return result;
               ^
  symbol:   variable result
  location: class Variance
6 errors

401002 [main] INFO clegoues.genprog4java.rep.CachingRepresentation  - StmtAppend(74,11) StmtDelete(90) StmtAppend(38,34) StmtReplace(47,45) StmtReplace(111,19) StmtAppend(76,36) StmtAppend(132,19) at variant478 fails to compile

401002 [main] INFO clegoues.genprog4java.fitness.Fitness  - 	 gen: 8 0.0 StmtAppend(74,11) StmtDelete(90) StmtAppend(38,34) StmtReplace(47,45) StmtReplace(111,19) StmtAppend(76,36) StmtAppend(132,19) (stored at: variant478)
402207 [main] INFO clegoues.genprog4java.fitness.Fitness  - 	 gen: 8 3.0 StmtDelete(137) StmtDelete(113) StmtDelete(137) StmtReplace(61,35) StmtAppend(119,87) (stored at: variant479)
402223 [main] ERROR clegoues.genprog4java.rep.JavaRepresentation  - org/apache/commons/math/stat/descriptive/moment/Variance.java:416: error: cannot find symbol
                    dev = values[i] - mean;
                    ^
  symbol:   variable dev
  location: class Variance
org/apache/commons/math/stat/descriptive/moment/Variance.java:417: error: cannot find symbol
                    accum += dev * dev;
                             ^
  symbol:   variable dev
  location: class Variance
org/apache/commons/math/stat/descriptive/moment/Variance.java:417: error: cannot find symbol
                    accum += dev * dev;
                                   ^
  symbol:   variable dev
  location: class Variance
org/apache/commons/math/stat/descriptive/moment/Variance.java:418: error: cannot find symbol
                    accum2 += dev;
                              ^
  symbol:   variable dev
  location: class Variance
4 errors

402223 [main] INFO clegoues.genprog4java.rep.CachingRepresentation  - StmtDelete(103) StmtDelete(64) StmtDelete(139) StmtReplace(10,2) StmtAppend(7,7) StmtDelete(82) at variant480 fails to compile

402223 [main] INFO clegoues.genprog4java.fitness.Fitness  - 	 gen: 8 0.0 StmtDelete(103) StmtDelete(64) StmtDelete(139) StmtReplace(10,2) StmtAppend(7,7) StmtDelete(82) (stored at: variant480)
402239 [main] ERROR clegoues.genprog4java.rep.JavaRepresentation  - org/apache/commons/math/stat/descriptive/moment/Variance.java:187: error: cannot find symbol
					this.moment = m2;
					              ^
  symbol:   variable m2
  location: class Variance
1 error

402239 [main] INFO clegoues.genprog4java.rep.CachingRepresentation  - StmtAppend(118,120) StmtAppend(118,88) StmtAppend(85,3) StmtDelete(34) StmtDelete(9) StmtDelete(15) StmtAppend(23,8) at variant481 fails to compile

402239 [main] INFO clegoues.genprog4java.fitness.Fitness  - 	 gen: 8 0.0 StmtAppend(118,120) StmtAppend(118,88) StmtAppend(85,3) StmtDelete(34) StmtDelete(9) StmtDelete(15) StmtAppend(23,8) (stored at: variant481)
402256 [main] ERROR clegoues.genprog4java.rep.JavaRepresentation  - org/apache/commons/math/stat/descriptive/moment/Variance.java:262: error: cannot find symbol
					var = 0.0;
					^
  symbol:   variable var
  location: class Variance
org/apache/commons/math/stat/descriptive/moment/Variance.java:270: error: cannot find symbol
                var = evaluate(values, m, begin, length);
                ^
  symbol:   variable var
  location: class Variance
org/apache/commons/math/stat/descriptive/moment/Variance.java:273: error: cannot find symbol
        return var;
               ^
  symbol:   variable var
  location: class Variance
3 errors

402256 [main] INFO clegoues.genprog4java.rep.CachingRepresentation  - StmtAppend(103,49) StmtAppend(49,0) StmtReplace(79,76) StmtDelete(39) StmtDelete(17) StmtReplace(43,36) at variant482 fails to compile

402256 [main] INFO clegoues.genprog4java.fitness.Fitness  - 	 gen: 8 0.0 StmtAppend(103,49) StmtAppend(49,0) StmtReplace(79,76) StmtDelete(39) StmtDelete(17) StmtReplace(43,36) (stored at: variant482)
403692 [main] INFO clegoues.genprog4java.fitness.Fitness  - 	 gen: 8 3.0 StmtAppend(118,120) StmtAppend(118,88) StmtAppend(85,3) StmtDelete(34) StmtAppend(8,36) StmtReplace(111,19) StmtDelete(59) StmtAppend(121,0) (stored at: variant483)
404634 [main] INFO clegoues.genprog4java.fitness.Fitness  - 	 gen: 8 3.0 StmtReplace(105,38) StmtAppend(87,49) StmtReplace(120,11) StmtDelete(133) StmtAppend(34,34) StmtDelete(39) (stored at: variant484)
406459 [main] INFO clegoues.genprog4java.fitness.Fitness  - 	 gen: 8 3.0 StmtAppend(74,11) StmtDelete(90) StmtAppend(38,34) StmtReplace(47,45) StmtReplace(111,19) StmtAppend(76,36) StmtAppend(62,7) (stored at: variant485)
406479 [main] ERROR clegoues.genprog4java.rep.JavaRepresentation  - org/apache/commons/math/stat/descriptive/moment/Variance.java:525: error: cannot find symbol
                    accum += weights[i] * (dev * dev);
                    ^
  symbol:   variable accum
  location: class Variance
org/apache/commons/math/stat/descriptive/moment/Variance.java:538: error: cannot find symbol
                    var = (accum - (accum2 * accum2 / sumWts)) / (sumWts - 1.0);
                           ^
  symbol:   variable accum
  location: class Variance
org/apache/commons/math/stat/descriptive/moment/Variance.java:540: error: cannot find symbol
                    var = (accum - (accum2 * accum2 / sumWts)) / sumWts;
                           ^
  symbol:   variable accum
  location: class Variance
3 errors

406479 [main] INFO clegoues.genprog4java.rep.CachingRepresentation  - StmtAppend(118,120) StmtAppend(118,88) StmtAppend(85,3) StmtDelete(34) StmtDelete(139) StmtDelete(86) StmtAppend(10,2) StmtReplace(107,38) at variant486 fails to compile

406479 [main] INFO clegoues.genprog4java.fitness.Fitness  - 	 gen: 8 0.0 StmtAppend(118,120) StmtAppend(118,88) StmtAppend(85,3) StmtDelete(34) StmtDelete(139) StmtDelete(86) StmtAppend(10,2) StmtReplace(107,38) (stored at: variant486)
407399 [main] INFO clegoues.genprog4java.fitness.Fitness  - 	 gen: 8 3.0 StmtReplace(105,38) StmtAppend(87,49) StmtReplace(120,11) StmtDelete(133) StmtAppend(34,34) StmtAppend(1,60) (stored at: variant487)
408052 [main] INFO clegoues.genprog4java.fitness.Fitness  - 	 gen: 8 3.0 StmtReplace(105,38) StmtAppend(44,1) StmtAppend(64,5) StmtDelete(107) StmtDelete(133) StmtAppend(116,0) (stored at: variant488)
408991 [main] INFO clegoues.genprog4java.fitness.Fitness  - 	 gen: 8 2.0 StmtAppend(74,11) StmtDelete(90) StmtAppend(38,34) StmtAppend(46,3) StmtAppend(44,9) StmtDelete(65) (stored at: variant489)
409015 [main] ERROR clegoues.genprog4java.rep.JavaRepresentation  - org/apache/commons/math/stat/descriptive/moment/Variance.java:601: error: incompatible types: unexpected return value
			return moment.m2 / (moment.n - 1d);
			                 ^
1 error

409015 [main] INFO clegoues.genprog4java.rep.CachingRepresentation  - StmtAppend(103,49) StmtAppend(49,0) StmtReplace(79,76) StmtAppend(85,3) StmtDelete(34) StmtAppend(106,0) StmtDelete(87) StmtDelete(2) StmtReplace(130,27) at variant490 fails to compile

409015 [main] INFO clegoues.genprog4java.fitness.Fitness  - 	 gen: 8 0.0 StmtAppend(103,49) StmtAppend(49,0) StmtReplace(79,76) StmtAppend(85,3) StmtDelete(34) StmtAppend(106,0) StmtDelete(87) StmtDelete(2) StmtReplace(130,27) (stored at: variant490)
409634 [main] INFO clegoues.genprog4java.fitness.Fitness  - 	 gen: 8 3.0 StmtAppend(103,49) StmtAppend(49,0) StmtReplace(79,76) StmtDelete(116) StmtDelete(11) StmtDelete(36) StmtReplace(94,49) (stored at: variant491)
410525 [main] INFO clegoues.genprog4java.fitness.Fitness  - 	 gen: 8 1.0 StmtAppend(118,120) StmtAppend(118,88) StmtAppend(85,3) StmtDelete(34) StmtDelete(9) StmtDelete(15) StmtDelete(92) (stored at: variant492)
412346 [main] INFO clegoues.genprog4java.fitness.Fitness  - 	 gen: 8 3.0 StmtReplace(105,38) StmtAppend(44,1) StmtAppend(64,5) StmtReplace(54,7) StmtDelete(133) StmtAppend(49,0) StmtReplace(79,76) StmtDelete(116) StmtDelete(11) StmtDelete(86) StmtDelete(39) (stored at: variant493)
412364 [main] ERROR clegoues.genprog4java.rep.JavaRepresentation  - org/apache/commons/math/stat/descriptive/moment/Variance.java:189: error: cannot find symbol
				this.moment = m2;
				              ^
  symbol:   variable m2
  location: class Variance
1 error

412364 [main] INFO clegoues.genprog4java.rep.CachingRepresentation  - StmtDelete(103) StmtDelete(64) StmtDelete(139) StmtReplace(10,2) StmtAppend(7,7) StmtReplace(23,8) at variant494 fails to compile

412364 [main] INFO clegoues.genprog4java.fitness.Fitness  - 	 gen: 8 0.0 StmtDelete(103) StmtDelete(64) StmtDelete(139) StmtReplace(10,2) StmtAppend(7,7) StmtReplace(23,8) (stored at: variant494)
414296 [main] INFO clegoues.genprog4java.fitness.Fitness  - 	 gen: 8 3.0 StmtAppend(118,120) StmtAppend(85,3) StmtAppend(50,47) StmtReplace(9,8) (stored at: variant495)
415208 [main] INFO clegoues.genprog4java.fitness.Fitness  - 	 gen: 8 3.0 StmtAppend(118,120) StmtAppend(87,49) StmtReplace(120,11) StmtDelete(133) StmtAppend(62,11) StmtAppend(9,4) (stored at: variant496)
415695 [main] INFO clegoues.genprog4java.fitness.Fitness  - 	 gen: 8 3.0 StmtAppend(74,11) StmtDelete(90) StmtAppend(38,34) StmtReplace(47,45) StmtDelete(133) StmtDelete(9) StmtReplace(82,36) StmtReplace(50,3) (stored at: variant497)
415712 [main] ERROR clegoues.genprog4java.rep.JavaRepresentation  - org/apache/commons/math/stat/descriptive/moment/Variance.java:181: error: cannot find symbol
				this.moment = m2;
				              ^
  symbol:   variable m2
  location: class Variance
1 error

415712 [main] INFO clegoues.genprog4java.rep.CachingRepresentation  - StmtReplace(105,38) StmtAppend(87,49) StmtReplace(120,11) StmtDelete(133) StmtAppend(34,34) StmtReplace(20,2) at variant498 fails to compile

415712 [main] INFO clegoues.genprog4java.fitness.Fitness  - 	 gen: 8 0.0 StmtReplace(105,38) StmtAppend(87,49) StmtReplace(120,11) StmtDelete(133) StmtAppend(34,34) StmtReplace(20,2) (stored at: variant498)
416724 [main] INFO clegoues.genprog4java.fitness.Fitness  - 	 gen: 8 3.0 StmtReplace(105,38) StmtAppend(44,1) StmtAppend(64,5) StmtReplace(54,7) StmtDelete(133) StmtAppend(1,35) StmtDelete(51) StmtDelete(103) (stored at: variant499)
417772 [main] INFO clegoues.genprog4java.fitness.Fitness  - 	 gen: 8 3.0 StmtAppend(118,120) StmtAppend(118,88) StmtAppend(85,3) StmtDelete(34) StmtAppend(8,36) StmtReplace(111,19) StmtDelete(59) StmtAppend(79,60) (stored at: variant500)
418928 [main] INFO clegoues.genprog4java.fitness.Fitness  - 	 gen: 8 1.0 StmtReplace(105,38) StmtAppend(87,49) StmtReplace(120,11) StmtDelete(133) StmtAppend(34,34) StmtDelete(54) (stored at: variant501)
420076 [main] INFO clegoues.genprog4java.fitness.Fitness  - 	 gen: 8 3.0 StmtAppend(74,11) StmtDelete(90) StmtAppend(38,34) StmtAppend(46,3) StmtAppend(44,9) StmtDelete(68) (stored at: variant502)
421097 [main] INFO clegoues.genprog4java.fitness.Fitness  - 	 gen: 8 3.0 StmtAppend(118,120) StmtAppend(76,36) StmtDelete(130) (stored at: variant503)
421936 [main] INFO clegoues.genprog4java.fitness.Fitness  - 	 gen: 8 3.0 StmtAppend(74,11) StmtDelete(90) StmtAppend(38,34) StmtReplace(47,45) StmtAppend(50,47) StmtReplace(76,36) (stored at: variant504)
423138 [main] INFO clegoues.genprog4java.fitness.Fitness  - 	 gen: 8 1.0 StmtDelete(139) StmtDelete(86) StmtAppend(10,2) StmtDelete(7) (stored at: variant505)
424279 [main] INFO clegoues.genprog4java.fitness.Fitness  - 	 gen: 8 3.0 StmtAppend(118,120) StmtAppend(118,88) StmtAppend(85,3) StmtAppend(49,0) StmtReplace(79,76) StmtDelete(116) StmtDelete(11) StmtDelete(36) StmtAppend(2,9) (stored at: variant506)
424301 [main] ERROR clegoues.genprog4java.rep.JavaRepresentation  - org/apache/commons/math/stat/descriptive/moment/Variance.java:269: error: cannot find symbol
					var = 0.0;
					^
  symbol:   variable var
  location: class Variance
org/apache/commons/math/stat/descriptive/moment/Variance.java:277: error: cannot find symbol
                var = evaluate(values, m, begin, length);
                ^
  symbol:   variable var
  location: class Variance
org/apache/commons/math/stat/descriptive/moment/Variance.java:280: error: cannot find symbol
        return var;
               ^
  symbol:   variable var
  location: class Variance
3 errors

424301 [main] INFO clegoues.genprog4java.rep.CachingRepresentation  - StmtDelete(137) StmtDelete(113) StmtAppend(49,0) StmtReplace(79,76) StmtDelete(116) StmtDelete(11) StmtAppend(34,34) StmtDelete(43) at variant507 fails to compile

424301 [main] INFO clegoues.genprog4java.fitness.Fitness  - 	 gen: 8 0.0 StmtDelete(137) StmtDelete(113) StmtAppend(49,0) StmtReplace(79,76) StmtDelete(116) StmtDelete(11) StmtAppend(34,34) StmtDelete(43) (stored at: variant507)
425360 [main] INFO clegoues.genprog4java.fitness.Fitness  - 	 gen: 8 3.0 StmtReplace(105,38) StmtAppend(87,49) StmtReplace(120,11) StmtAppend(102,32) (stored at: variant508)
426425 [main] INFO clegoues.genprog4java.fitness.Fitness  - 	 gen: 8 2.0 StmtReplace(79,76) StmtAppend(85,3) StmtDelete(34) StmtAppend(106,0) StmtDelete(87) StmtDelete(2) StmtReplace(120,35) (stored at: variant509)
427469 [main] INFO clegoues.genprog4java.fitness.Fitness  - 	 gen: 8 3.0 StmtAppend(103,49) StmtReplace(61,65) StmtAppend(9,8) (stored at: variant510)
427490 [main] ERROR clegoues.genprog4java.rep.JavaRepresentation  - org/apache/commons/math/stat/descriptive/moment/Variance.java:604: error: cannot find symbol
        copy(this, result);
                   ^
  symbol:   variable result
  location: class Variance
org/apache/commons/math/stat/descriptive/moment/Variance.java:605: error: cannot find symbol
        return result;
               ^
  symbol:   variable result
  location: class Variance
2 errors

427490 [main] INFO clegoues.genprog4java.rep.CachingRepresentation  - StmtDelete(11) StmtDelete(36) StmtAppend(132,1) at variant511 fails to compile

427490 [main] INFO clegoues.genprog4java.fitness.Fitness  - 	 gen: 8 0.0 StmtDelete(11) StmtDelete(36) StmtAppend(132,1) (stored at: variant511)
428555 [main] INFO clegoues.genprog4java.fitness.Fitness  - 	 gen: 8 3.0 StmtAppend(103,49) StmtAppend(49,0) StmtReplace(79,76) StmtDelete(90) StmtAppend(38,34) StmtReplace(47,45) StmtReplace(111,19) StmtAppend(76,36) StmtAppend(81,9) (stored at: variant512)
429644 [main] INFO clegoues.genprog4java.fitness.Fitness  - 	 gen: 8 2.0 StmtAppend(118,120) StmtAppend(87,49) StmtReplace(120,11) StmtDelete(133) StmtAppend(34,34) StmtDelete(112) (stored at: variant513)
429662 [main] ERROR clegoues.genprog4java.rep.JavaRepresentation  - org/apache/commons/math/stat/descriptive/moment/Variance.java:407: error: cannot find symbol
                var = 0.0;
                ^
  symbol:   variable var
  location: class Variance
org/apache/commons/math/stat/descriptive/moment/Variance.java:422: error: cannot find symbol
                    var = (accum - (accum2 * accum2 / len)) / (len - 1.0);
                    ^
  symbol:   variable var
  location: class Variance
org/apache/commons/math/stat/descriptive/moment/Variance.java:424: error: cannot find symbol
                    var = (accum - (accum2 * accum2 / len)) / len;
                    ^
  symbol:   variable var
  location: class Variance
org/apache/commons/math/stat/descriptive/moment/Variance.java:428: error: cannot find symbol
        return var;
               ^
  symbol:   variable var
  location: class Variance
4 errors

429662 [main] INFO clegoues.genprog4java.rep.CachingRepresentation  - StmtAppend(85,3) StmtDelete(34) StmtDelete(9) StmtDelete(15) StmtReplace(73,20) at variant514 fails to compile

429662 [main] INFO clegoues.genprog4java.fitness.Fitness  - 	 gen: 8 0.0 StmtAppend(85,3) StmtDelete(34) StmtDelete(9) StmtDelete(15) StmtReplace(73,20) (stored at: variant514)
429687 [main] ERROR clegoues.genprog4java.rep.JavaRepresentation  - org/apache/commons/math/stat/descriptive/moment/Variance.java:190: error: missing return statement
    }
    ^
1 error

429687 [main] INFO clegoues.genprog4java.rep.CachingRepresentation  - StmtAppend(103,49) StmtAppend(49,0) StmtReplace(79,76) StmtAppend(44,9) StmtReplace(23,0) at variant515 fails to compile

429687 [main] INFO clegoues.genprog4java.fitness.Fitness  - 	 gen: 8 0.0 StmtAppend(103,49) StmtAppend(49,0) StmtReplace(79,76) StmtAppend(44,9) StmtReplace(23,0) (stored at: variant515)
429711 [main] ERROR clegoues.genprog4java.rep.JavaRepresentation  - org/apache/commons/math/stat/descriptive/moment/Variance.java:183: error: cannot find symbol
					this.moment = m2;
					              ^
  symbol:   variable m2
  location: class Variance
1 error

429711 [main] INFO clegoues.genprog4java.rep.CachingRepresentation  - StmtAppend(74,11) StmtDelete(90) StmtAppend(38,34) StmtDelete(17) StmtReplace(21,2) at variant516 fails to compile

429711 [main] INFO clegoues.genprog4java.fitness.Fitness  - 	 gen: 8 0.0 StmtAppend(74,11) StmtDelete(90) StmtAppend(38,34) StmtDelete(17) StmtReplace(21,2) (stored at: variant516)
429711 [main] INFO clegoues.genprog4java.Search.Search  - search: generation9
430652 [main] INFO clegoues.genprog4java.fitness.Fitness  - 	 gen: 9 3.0 StmtAppend(118,120) StmtAppend(85,3) StmtAppend(50,47) StmtReplace(9,8) StmtAppend(51,50) (stored at: variant517)
431122 [main] INFO clegoues.genprog4java.fitness.Fitness  - 	 gen: 9 3.0 StmtAppend(74,11) StmtDelete(90) StmtAppend(38,34) StmtReplace(47,45) StmtReplace(111,19) StmtAppend(76,36) StmtAppend(62,7) StmtAppend(81,1) (stored at: variant518)
432346 [main] INFO clegoues.genprog4java.fitness.Fitness  - 	 gen: 9 1.0 StmtAppend(103,49) StmtReplace(61,65) StmtAppend(9,8) StmtReplace(44,36) (stored at: variant519)
433418 [main] INFO clegoues.genprog4java.fitness.Fitness  - 	 gen: 9 3.0 StmtAppend(74,11) StmtDelete(90) StmtAppend(38,34) StmtReplace(47,45) StmtReplace(111,19) StmtAppend(76,36) StmtAppend(4,3) StmtAppend(2,10) (stored at: variant520)
433438 [main] ERROR clegoues.genprog4java.rep.JavaRepresentation  - org/apache/commons/math/stat/descriptive/moment/Variance.java:184: error: missing return statement
    }
    ^
1 error

433438 [main] INFO clegoues.genprog4java.rep.CachingRepresentation  - StmtReplace(105,38) StmtAppend(87,49) StmtReplace(120,11) StmtDelete(133) StmtAppend(34,34) StmtAppend(1,60) StmtDelete(19) at variant521 fails to compile

433438 [main] INFO clegoues.genprog4java.fitness.Fitness  - 	 gen: 9 0.0 StmtReplace(105,38) StmtAppend(87,49) StmtReplace(120,11) StmtDelete(133) StmtAppend(34,34) StmtAppend(1,60) StmtDelete(19) (stored at: variant521)
433462 [main] ERROR clegoues.genprog4java.rep.JavaRepresentation  - org/apache/commons/math/stat/descriptive/moment/Variance.java:209: error: incompatible types: unexpected return value
				return 0d;
				       ^
org/apache/commons/math/stat/descriptive/moment/Variance.java:212: error: incompatible types: unexpected return value
					return moment.m2 / (moment.n - 1d);
					                 ^
org/apache/commons/math/stat/descriptive/moment/Variance.java:214: error: incompatible types: unexpected return value
					return moment.m2 / (moment.n);
					                 ^
3 errors

433462 [main] INFO clegoues.genprog4java.rep.CachingRepresentation  - StmtReplace(105,38) StmtAppend(87,49) StmtReplace(120,11) StmtAppend(102,32) StmtAppend(35,22) at variant522 fails to compile

433462 [main] INFO clegoues.genprog4java.fitness.Fitness  - 	 gen: 9 0.0 StmtReplace(105,38) StmtAppend(87,49) StmtReplace(120,11) StmtAppend(102,32) StmtAppend(35,22) (stored at: variant522)
433498 [main] ERROR clegoues.genprog4java.rep.JavaRepresentation  - org/apache/commons/math/stat/descriptive/moment/Variance.java:183: error: unreachable statement
				{
				^
1 error

433498 [main] INFO clegoues.genprog4java.rep.CachingRepresentation  - StmtAppend(103,49) StmtAppend(49,0) StmtReplace(79,76) StmtDelete(90) StmtAppend(38,34) StmtReplace(47,45) StmtReplace(111,19) StmtAppend(76,36) StmtAppend(81,9) StmtAppend(20,39) at variant523 fails to compile

433498 [main] INFO clegoues.genprog4java.fitness.Fitness  - 	 gen: 9 0.0 StmtAppend(103,49) StmtAppend(49,0) StmtReplace(79,76) StmtDelete(90) StmtAppend(38,34) StmtReplace(47,45) StmtReplace(111,19) StmtAppend(76,36) StmtAppend(81,9) StmtAppend(20,39) (stored at: variant523)
434981 [main] INFO clegoues.genprog4java.fitness.Fitness  - 	 gen: 9 3.0 StmtAppend(74,11) StmtDelete(90) StmtAppend(38,34) StmtReplace(47,45) StmtReplace(111,19) StmtAppend(76,36) StmtAppend(62,7) StmtDelete(108) (stored at: variant524)
436793 [main] INFO clegoues.genprog4java.fitness.Fitness  - 	 gen: 9 3.0 StmtDelete(137) StmtDelete(113) StmtDelete(137) StmtReplace(61,35) StmtAppend(119,87) StmtAppend(6,7) (stored at: variant525)
437848 [main] INFO clegoues.genprog4java.fitness.Fitness  - 	 gen: 9 3.0 StmtAppend(74,11) StmtDelete(90) StmtAppend(38,34) StmtReplace(47,45) StmtDelete(133) StmtDelete(9) StmtReplace(82,36) StmtReplace(50,3) StmtDelete(16) (stored at: variant526)
437867 [main] ERROR clegoues.genprog4java.rep.JavaRepresentation  - org/apache/commons/math/stat/descriptive/moment/Variance.java:115: error: incompatible types: unexpected return value
				return Double.NaN;
				             ^
org/apache/commons/math/stat/descriptive/moment/Variance.java:117: error: incompatible types: unexpected return value
				return 0d;
				       ^
org/apache/commons/math/stat/descriptive/moment/Variance.java:120: error: incompatible types: unexpected return value
					return moment.m2 / (moment.n - 1d);
					                 ^
org/apache/commons/math/stat/descriptive/moment/Variance.java:122: error: incompatible types: unexpected return value
					return moment.m2 / (moment.n);
					                 ^
4 errors

437867 [main] INFO clegoues.genprog4java.rep.CachingRepresentation  - StmtAppend(118,120) StmtAppend(87,49) StmtReplace(120,11) StmtDelete(133) StmtAppend(62,11) StmtAppend(9,4) StmtAppend(3,19) at variant527 fails to compile

437867 [main] INFO clegoues.genprog4java.fitness.Fitness  - 	 gen: 9 0.0 StmtAppend(118,120) StmtAppend(87,49) StmtReplace(120,11) StmtDelete(133) StmtAppend(62,11) StmtAppend(9,4) StmtAppend(3,19) (stored at: variant527)
438815 [main] INFO clegoues.genprog4java.fitness.Fitness  - 	 gen: 9 3.0 StmtAppend(118,120) StmtAppend(85,3) StmtAppend(50,47) StmtDelete(49) StmtAppend(74,36) (stored at: variant528)
440392 [main] INFO clegoues.genprog4java.fitness.Fitness  - 	 gen: 9 3.0 StmtAppend(118,120) StmtAppend(85,3) StmtAppend(35,3) StmtReplace(87,19) StmtReplace(87,88) StmtAppend(34,34) StmtAppend(61,24) StmtReplace(60,35) (stored at: variant529)
441483 [main] INFO clegoues.genprog4java.fitness.Fitness  - 	 gen: 9 3.0 StmtAppend(118,120) StmtAppend(85,3) StmtAppend(50,47) StmtReplace(9,8) StmtAppend(119,97) (stored at: variant530)
441507 [main] ERROR clegoues.genprog4java.rep.JavaRepresentation  - org/apache/commons/math/stat/descriptive/moment/Variance.java:627: error: incompatible types: unexpected return value
			return Double.NaN;
			             ^
1 error

441507 [main] INFO clegoues.genprog4java.rep.CachingRepresentation  - StmtAppend(118,120) StmtAppend(118,88) StmtAppend(85,3) StmtAppend(49,0) StmtReplace(79,76) StmtDelete(116) StmtDelete(11) StmtDelete(36) StmtAppend(2,9) StmtReplace(138,20) at variant531 fails to compile

441507 [main] INFO clegoues.genprog4java.fitness.Fitness  - 	 gen: 9 0.0 StmtAppend(118,120) StmtAppend(118,88) StmtAppend(85,3) StmtAppend(49,0) StmtReplace(79,76) StmtDelete(116) StmtDelete(11) StmtDelete(36) StmtAppend(2,9) StmtReplace(138,20) (stored at: variant531)
442230 [main] INFO clegoues.genprog4java.fitness.Fitness  - 	 gen: 9 3.0 StmtReplace(105,38) StmtAppend(44,1) StmtAppend(64,5) StmtReplace(54,7) StmtDelete(133) StmtAppend(1,35) StmtDelete(51) StmtDelete(103) StmtDelete(48) (stored at: variant532)
443241 [main] INFO clegoues.genprog4java.fitness.Fitness  - 	 gen: 9 3.0 StmtAppend(74,11) StmtDelete(90) StmtAppend(38,34) StmtReplace(47,45) StmtReplace(111,19) StmtAppend(76,36) StmtAppend(62,7) StmtDelete(110) (stored at: variant533)
443807 [main] INFO clegoues.genprog4java.fitness.Fitness  - 	 gen: 9 3.0 StmtAppend(118,120) StmtAppend(85,3) StmtAppend(50,47) StmtReplace(9,8) StmtReplace(86,46) (stored at: variant534)
443828 [main] ERROR clegoues.genprog4java.rep.JavaRepresentation  - org/apache/commons/math/stat/descriptive/moment/Variance.java:410: error: cannot find symbol
						accum2 += dev;
						^
  symbol:   variable accum2
  location: class Variance
org/apache/commons/math/stat/descriptive/moment/Variance.java:416: error: cannot find symbol
                    var = (accum - (accum2 * accum2 / len)) / (len - 1.0);
                                    ^
  symbol:   variable accum2
  location: class Variance
org/apache/commons/math/stat/descriptive/moment/Variance.java:416: error: cannot find symbol
                    var = (accum - (accum2 * accum2 / len)) / (len - 1.0);
                                             ^
  symbol:   variable accum2
  location: class Variance
org/apache/commons/math/stat/descriptive/moment/Variance.java:418: error: cannot find symbol
                    var = (accum - (accum2 * accum2 / len)) / len;
                                    ^
  symbol:   variable accum2
  location: class Variance
org/apache/commons/math/stat/descriptive/moment/Variance.java:418: error: cannot find symbol
                    var = (accum - (accum2 * accum2 / len)) / len;
                                             ^
  symbol:   variable accum2
  location: class Variance
5 errors

443828 [main] INFO clegoues.genprog4java.rep.CachingRepresentation  - StmtAppend(118,120) StmtAppend(118,88) StmtAppend(85,3) StmtDelete(34) StmtAppend(8,36) StmtReplace(111,19) StmtDelete(59) StmtAppend(121,0) StmtDelete(83) at variant535 fails to compile

443828 [main] INFO clegoues.genprog4java.fitness.Fitness  - 	 gen: 9 0.0 StmtAppend(118,120) StmtAppend(118,88) StmtAppend(85,3) StmtDelete(34) StmtAppend(8,36) StmtReplace(111,19) StmtDelete(59) StmtAppend(121,0) StmtDelete(83) (stored at: variant535)
444895 [main] INFO clegoues.genprog4java.fitness.Fitness  - 	 gen: 9 1.0 StmtAppend(118,120) StmtAppend(85,3) StmtAppend(35,3) StmtReplace(87,19) StmtReplace(87,88) StmtAppend(34,34) StmtReplace(35,46) StmtDelete(92) (stored at: variant536)
445627 [main] INFO clegoues.genprog4java.fitness.Fitness  - 	 gen: 9 3.0 StmtAppend(74,11) StmtDelete(90) StmtAppend(38,34) StmtReplace(47,45) StmtReplace(111,19) StmtAppend(76,36) StmtAppend(62,7) StmtReplace(80,4) (stored at: variant537)
445644 [main] ERROR clegoues.genprog4java.rep.JavaRepresentation  - org/apache/commons/math/stat/descriptive/moment/Variance.java:415: error: cannot find symbol
                this.moment = m2;
                              ^
  symbol:   variable m2
  location: class Variance
org/apache/commons/math/stat/descriptive/moment/Variance.java:419: error: cannot find symbol
                    accum2 += dev;
                    ^
  symbol:   variable accum2
  location: class Variance
org/apache/commons/math/stat/descriptive/moment/Variance.java:423: error: cannot find symbol
                    var = (accum - (accum2 * accum2 / len)) / (len - 1.0);
                                    ^
  symbol:   variable accum2
  location: class Variance
org/apache/commons/math/stat/descriptive/moment/Variance.java:423: error: cannot find symbol
                    var = (accum - (accum2 * accum2 / len)) / (len - 1.0);
                                             ^
  symbol:   variable accum2
  location: class Variance
org/apache/commons/math/stat/descriptive/moment/Variance.java:425: error: cannot find symbol
                    var = (accum - (accum2 * accum2 / len)) / len;
                                    ^
  symbol:   variable accum2
  location: class Variance
org/apache/commons/math/stat/descriptive/moment/Variance.java:425: error: cannot find symbol
                    var = (accum - (accum2 * accum2 / len)) / len;
                                             ^
  symbol:   variable accum2
  location: class Variance
6 errors

445644 [main] INFO clegoues.genprog4java.rep.CachingRepresentation  - StmtAppend(103,49) StmtReplace(61,65) StmtAppend(9,8) StmtReplace(83,4) at variant538 fails to compile

445644 [main] INFO clegoues.genprog4java.fitness.Fitness  - 	 gen: 9 0.0 StmtAppend(103,49) StmtReplace(61,65) StmtAppend(9,8) StmtReplace(83,4) (stored at: variant538)
446743 [main] INFO clegoues.genprog4java.fitness.Fitness  - 	 gen: 9 2.0 StmtReplace(105,38) StmtAppend(44,1) StmtAppend(64,5) StmtDelete(107) StmtDelete(133) StmtAppend(116,0) StmtDelete(137) (stored at: variant539)
448800 [main] INFO clegoues.genprog4java.fitness.Fitness  - 	 gen: 9 3.0 StmtAppend(103,49) StmtAppend(49,0) StmtReplace(79,76) StmtDelete(116) StmtDelete(11) StmtDelete(36) StmtDelete(46) StmtAppend(111,3) (stored at: variant540)
449312 [main] INFO clegoues.genprog4java.fitness.Fitness  - 	 gen: 9 3.0 StmtReplace(105,38) StmtAppend(87,49) StmtReplace(120,11) StmtAppend(102,32) StmtDelete(109) (stored at: variant541)
450420 [main] INFO clegoues.genprog4java.fitness.Fitness  - 	 gen: 9 2.0 StmtAppend(118,120) StmtAppend(85,3) StmtAppend(35,3) StmtReplace(87,19) StmtReplace(87,88) StmtAppend(34,34) StmtAppend(61,24) StmtDelete(7) (stored at: variant542)
451732 [main] INFO clegoues.genprog4java.fitness.Fitness  - 	 gen: 9 2.0 StmtAppend(103,49) StmtReplace(61,65) StmtAppend(9,8) StmtDelete(0) (stored at: variant543)
452817 [main] INFO clegoues.genprog4java.fitness.Fitness  - 	 gen: 9 3.0 StmtAppend(103,49) StmtAppend(49,0) StmtReplace(79,76) StmtDelete(116) StmtDelete(11) StmtDelete(36) StmtDelete(46) StmtReplace(91,35) (stored at: variant544)
454002 [main] INFO clegoues.genprog4java.fitness.Fitness  - 	 gen: 9 3.0 StmtAppend(74,11) StmtDelete(90) StmtAppend(38,34) StmtReplace(47,45) StmtReplace(111,19) StmtAppend(76,36) StmtAppend(62,7) StmtDelete(137) (stored at: variant545)
454019 [main] ERROR clegoues.genprog4java.rep.JavaRepresentation  - org/apache/commons/math/stat/descriptive/moment/Variance.java:196: error: missing return statement
    }
    ^
1 error

454019 [main] INFO clegoues.genprog4java.rep.CachingRepresentation  - StmtAppend(103,49) StmtReplace(61,65) StmtAppend(9,8) StmtDelete(27) at variant546 fails to compile

454019 [main] INFO clegoues.genprog4java.fitness.Fitness  - 	 gen: 9 0.0 StmtAppend(103,49) StmtReplace(61,65) StmtAppend(9,8) StmtDelete(27) (stored at: variant546)
455125 [main] INFO clegoues.genprog4java.fitness.Fitness  - 	 gen: 9 2.0 StmtAppend(118,120) StmtAppend(76,36) StmtDelete(130) StmtDelete(44) (stored at: variant547)
456226 [main] INFO clegoues.genprog4java.fitness.Fitness  - 	 gen: 9 2.0 StmtDelete(137) StmtDelete(113) StmtDelete(137) StmtReplace(61,35) StmtAppend(119,87) StmtAppend(94,30) (stored at: variant548)
456557 [main] INFO clegoues.genprog4java.fitness.Fitness  - 	 gen: 9 3.0 StmtAppend(74,11) StmtDelete(90) StmtAppend(38,34) StmtReplace(47,45) StmtReplace(111,19) StmtAppend(76,36) StmtAppend(62,7) StmtAppend(50,8) (stored at: variant549)
456576 [main] ERROR clegoues.genprog4java.rep.JavaRepresentation  - org/apache/commons/math/stat/descriptive/moment/Variance.java:189: error: missing return statement
    }
    ^
1 error

456576 [main] INFO clegoues.genprog4java.rep.CachingRepresentation  - StmtReplace(105,38) StmtAppend(87,49) StmtReplace(120,11) StmtDelete(133) StmtAppend(34,34) StmtDelete(39) StmtDelete(27) at variant550 fails to compile

456576 [main] INFO clegoues.genprog4java.fitness.Fitness  - 	 gen: 9 0.0 StmtReplace(105,38) StmtAppend(87,49) StmtReplace(120,11) StmtDelete(133) StmtAppend(34,34) StmtDelete(39) StmtDelete(27) (stored at: variant550)
456602 [main] ERROR clegoues.genprog4java.rep.JavaRepresentation  - org/apache/commons/math/stat/descriptive/moment/Variance.java:191: error: missing return statement
    }
    ^
1 error

456602 [main] INFO clegoues.genprog4java.rep.CachingRepresentation  - StmtAppend(103,49) StmtAppend(49,0) StmtReplace(79,76) StmtDelete(90) StmtAppend(38,34) StmtReplace(47,45) StmtReplace(111,19) StmtAppend(76,36) StmtAppend(81,9) StmtDelete(21) at variant551 fails to compile

456602 [main] INFO clegoues.genprog4java.fitness.Fitness  - 	 gen: 9 0.0 StmtAppend(103,49) StmtAppend(49,0) StmtReplace(79,76) StmtDelete(90) StmtAppend(38,34) StmtReplace(47,45) StmtReplace(111,19) StmtAppend(76,36) StmtAppend(81,9) StmtDelete(21) (stored at: variant551)
457702 [main] INFO clegoues.genprog4java.fitness.Fitness  - 	 gen: 9 3.0 StmtAppend(118,120) StmtAppend(118,88) StmtAppend(85,3) StmtDelete(34) StmtAppend(8,36) StmtReplace(111,19) StmtDelete(59) StmtAppend(79,60) StmtDelete(110) (stored at: variant552)
458250 [main] INFO clegoues.genprog4java.fitness.Fitness  - 	 gen: 9 3.0 StmtAppend(118,120) StmtAppend(85,3) StmtAppend(50,47) StmtDelete(49) StmtDelete(52) (stored at: variant553)
458271 [main] ERROR clegoues.genprog4java.rep.JavaRepresentation  - org/apache/commons/math/stat/descriptive/moment/Variance.java:102: error: incompatible types: unexpected return value
			return 0d;
			       ^
org/apache/commons/math/stat/descriptive/moment/Variance.java:105: error: incompatible types: unexpected return value
				return moment.m2 / (moment.n - 1d);
				                 ^
org/apache/commons/math/stat/descriptive/moment/Variance.java:107: error: incompatible types: unexpected return value
				return moment.m2 / (moment.n);
				                 ^
3 errors

458271 [main] INFO clegoues.genprog4java.rep.CachingRepresentation  - StmtAppend(118,120) StmtAppend(85,3) StmtAppend(50,47) StmtReplace(90,91) StmtAppend(0,22) at variant554 fails to compile

458271 [main] INFO clegoues.genprog4java.fitness.Fitness  - 	 gen: 9 0.0 StmtAppend(118,120) StmtAppend(85,3) StmtAppend(50,47) StmtReplace(90,91) StmtAppend(0,22) (stored at: variant554)
458290 [main] ERROR clegoues.genprog4java.rep.JavaRepresentation  - org/apache/commons/math/stat/descriptive/moment/Variance.java:276: error: cannot find symbol
                var = evaluate(values, m, begin, length);
                                       ^
  symbol:   variable m
  location: class Variance
1 error

458290 [main] INFO clegoues.genprog4java.rep.CachingRepresentation  - StmtAppend(103,49) StmtAppend(49,0) StmtReplace(79,76) StmtDelete(116) StmtDelete(11) StmtDelete(36) StmtDelete(46) StmtAppend(53,11) at variant555 fails to compile

458290 [main] INFO clegoues.genprog4java.fitness.Fitness  - 	 gen: 9 0.0 StmtAppend(103,49) StmtAppend(49,0) StmtReplace(79,76) StmtDelete(116) StmtDelete(11) StmtDelete(36) StmtDelete(46) StmtAppend(53,11) (stored at: variant555)
459479 [main] INFO clegoues.genprog4java.fitness.Fitness  - 	 gen: 9 3.0 StmtAppend(103,49) StmtAppend(49,0) StmtReplace(79,76) StmtDelete(90) StmtAppend(38,34) StmtReplace(47,45) StmtReplace(111,19) StmtAppend(76,36) StmtAppend(81,9) StmtAppend(110,35) (stored at: variant556)
460577 [main] INFO clegoues.genprog4java.fitness.Fitness  - 	 gen: 9 3.0 StmtAppend(74,11) StmtAppend(9,8) StmtDelete(75) (stored at: variant557)
461648 [main] INFO clegoues.genprog4java.fitness.Fitness  - 	 gen: 9 3.0 StmtAppend(103,49) StmtAppend(38,34) StmtReplace(47,45) StmtReplace(111,19) StmtAppend(76,36) StmtAppend(62,7) StmtDelete(139) (stored at: variant558)
461667 [main] ERROR clegoues.genprog4java.rep.JavaRepresentation  - org/apache/commons/math/stat/descriptive/moment/Variance.java:521: error: cannot find symbol
                    accum += weights[i] * (dev * dev);
                    ^
  symbol:   variable accum
  location: class Variance
org/apache/commons/math/stat/descriptive/moment/Variance.java:536: error: cannot find symbol
                    var = (accum - (accum2 * accum2 / sumWts)) / (sumWts - 1.0);
                           ^
  symbol:   variable accum
  location: class Variance
org/apache/commons/math/stat/descriptive/moment/Variance.java:538: error: cannot find symbol
                    var = (accum - (accum2 * accum2 / sumWts)) / sumWts;
                           ^
  symbol:   variable accum
  location: class Variance
3 errors

461667 [main] INFO clegoues.genprog4java.rep.CachingRepresentation  - StmtAppend(103,49) StmtReplace(61,65) StmtAppend(44,1) StmtAppend(64,5) StmtDelete(107) StmtDelete(133) StmtAppend(116,0) StmtDelete(6) at variant559 fails to compile

461667 [main] INFO clegoues.genprog4java.fitness.Fitness  - 	 gen: 9 0.0 StmtAppend(103,49) StmtReplace(61,65) StmtAppend(44,1) StmtAppend(64,5) StmtDelete(107) StmtDelete(133) StmtAppend(116,0) StmtDelete(6) (stored at: variant559)
462158 [main] INFO clegoues.genprog4java.fitness.Fitness  - 	 gen: 9 3.0 StmtDelete(16) (stored at: variant560)
462176 [main] ERROR clegoues.genprog4java.rep.JavaRepresentation  - org/apache/commons/math/stat/descriptive/moment/Variance.java:271: error: cannot find symbol
                var = evaluate(values, m, begin, length);
                                       ^
  symbol:   variable m
  location: class Variance
1 error

462176 [main] INFO clegoues.genprog4java.rep.CachingRepresentation  - StmtAppend(74,11) StmtDelete(116) StmtDelete(11) StmtDelete(36) StmtDelete(46) StmtAppend(53,7) at variant561 fails to compile

462176 [main] INFO clegoues.genprog4java.fitness.Fitness  - 	 gen: 9 0.0 StmtAppend(74,11) StmtDelete(116) StmtDelete(11) StmtDelete(36) StmtDelete(46) StmtAppend(53,7) (stored at: variant561)
462198 [main] ERROR clegoues.genprog4java.rep.JavaRepresentation  - org/apache/commons/math/stat/descriptive/moment/Variance.java:185: error: cannot find symbol
                this.moment = m2;
                              ^
  symbol:   variable m2
  location: class Variance
1 error

462198 [main] INFO clegoues.genprog4java.rep.CachingRepresentation  - StmtAppend(103,49) StmtAppend(49,0) StmtAppend(38,34) StmtReplace(47,45) StmtReplace(111,19) StmtAppend(76,36) StmtAppend(4,3) StmtReplace(24,10) at variant562 fails to compile

462198 [main] INFO clegoues.genprog4java.fitness.Fitness  - 	 gen: 9 0.0 StmtAppend(103,49) StmtAppend(49,0) StmtAppend(38,34) StmtReplace(47,45) StmtReplace(111,19) StmtAppend(76,36) StmtAppend(4,3) StmtReplace(24,10) (stored at: variant562)
463237 [main] INFO clegoues.genprog4java.fitness.Fitness  - 	 gen: 9 3.0 StmtReplace(120,11) StmtAppend(102,32) StmtDelete(136) (stored at: variant563)
463256 [main] ERROR clegoues.genprog4java.rep.JavaRepresentation  - org/apache/commons/math/stat/descriptive/moment/Variance.java:421: error: cannot find symbol
                    dev = values[i] - mean;
                    ^
  symbol:   variable dev
  location: class Variance
org/apache/commons/math/stat/descriptive/moment/Variance.java:423: error: cannot find symbol
						accum += dev * dev;
						         ^
  symbol:   variable dev
  location: class Variance
org/apache/commons/math/stat/descriptive/moment/Variance.java:423: error: cannot find symbol
						accum += dev * dev;
						               ^
  symbol:   variable dev
  location: class Variance
org/apache/commons/math/stat/descriptive/moment/Variance.java:426: error: cannot find symbol
                    accum2 += dev;
                              ^
  symbol:   variable dev
  location: class Variance
4 errors

463256 [main] INFO clegoues.genprog4java.rep.CachingRepresentation  - StmtReplace(105,38) StmtAppend(87,49) StmtReplace(120,11) StmtDelete(133) StmtAppend(34,34) StmtAppend(1,60) StmtDelete(82) at variant564 fails to compile

463256 [main] INFO clegoues.genprog4java.fitness.Fitness  - 	 gen: 9 0.0 StmtReplace(105,38) StmtAppend(87,49) StmtReplace(120,11) StmtDelete(133) StmtAppend(34,34) StmtAppend(1,60) StmtDelete(82) (stored at: variant564)
464754 [main] INFO clegoues.genprog4java.fitness.Fitness  - 	 gen: 9 3.0 StmtReplace(105,38) StmtAppend(87,49) StmtReplace(120,11) StmtAppend(34,34) StmtAppend(61,24) StmtDelete(77) (stored at: variant565)
465861 [main] INFO clegoues.genprog4java.fitness.Fitness  - 	 gen: 9 1.0 StmtAppend(118,120) StmtAppend(85,3) StmtAppend(35,3) StmtReplace(87,19) StmtReplace(28,23) (stored at: variant566)
467074 [main] INFO clegoues.genprog4java.fitness.Fitness  - 	 gen: 9 1.0 StmtAppend(74,11) StmtDelete(90) StmtAppend(9,8) StmtDelete(50) (stored at: variant567)
467094 [main] ERROR clegoues.genprog4java.rep.JavaRepresentation  - org/apache/commons/math/stat/descriptive/moment/Variance.java:416: error: cannot find symbol
                    dev = values[i] - mean;
                    ^
  symbol:   variable dev
  location: class Variance
org/apache/commons/math/stat/descriptive/moment/Variance.java:417: error: cannot find symbol
                    accum += dev * dev;
                             ^
  symbol:   variable dev
  location: class Variance
org/apache/commons/math/stat/descriptive/moment/Variance.java:417: error: cannot find symbol
                    accum += dev * dev;
                                   ^
  symbol:   variable dev
  location: class Variance
org/apache/commons/math/stat/descriptive/moment/Variance.java:418: error: cannot find symbol
                    accum2 += dev;
                              ^
  symbol:   variable dev
  location: class Variance
4 errors

467094 [main] INFO clegoues.genprog4java.rep.CachingRepresentation  - StmtAppend(103,49) StmtReplace(47,45) StmtDelete(133) StmtDelete(9) StmtReplace(82,36) StmtReplace(50,3) StmtDelete(92) at variant568 fails to compile

467094 [main] INFO clegoues.genprog4java.fitness.Fitness  - 	 gen: 9 0.0 StmtAppend(103,49) StmtReplace(47,45) StmtDelete(133) StmtDelete(9) StmtReplace(82,36) StmtReplace(50,3) StmtDelete(92) (stored at: variant568)
467910 [main] INFO clegoues.genprog4java.fitness.Fitness  - 	 gen: 9 3.0 StmtAppend(118,120) StmtAppend(87,49) StmtReplace(120,11) StmtDelete(133) StmtAppend(62,11) StmtDelete(133) (stored at: variant569)
469057 [main] INFO clegoues.genprog4java.fitness.Fitness  - 	 gen: 9 1.0 StmtAppend(118,120) StmtAppend(76,36) StmtDelete(6) (stored at: variant570)
470087 [main] INFO clegoues.genprog4java.fitness.Fitness  - 	 gen: 9 3.0 StmtAppend(118,120) StmtDelete(137) StmtReplace(61,35) StmtAppend(119,87) StmtReplace(35,34) (stored at: variant571)
471125 [main] INFO clegoues.genprog4java.fitness.Fitness  - 	 gen: 9 2.0 StmtDelete(137) StmtAppend(50,47) StmtDelete(49) StmtReplace(106,22) (stored at: variant572)
471147 [main] ERROR clegoues.genprog4java.rep.JavaRepresentation  - org/apache/commons/math/stat/descriptive/moment/Variance.java:191: error: missing return statement
    }
    ^
1 error

471147 [main] INFO clegoues.genprog4java.rep.CachingRepresentation  - StmtAppend(118,120) StmtAppend(85,3) StmtAppend(35,3) StmtReplace(87,19) StmtReplace(87,88) StmtReplace(47,45) StmtReplace(111,19) StmtAppend(76,36) StmtAppend(62,7) StmtDelete(24) at variant573 fails to compile

471147 [main] INFO clegoues.genprog4java.fitness.Fitness  - 	 gen: 9 0.0 StmtAppend(118,120) StmtAppend(85,3) StmtAppend(35,3) StmtReplace(87,19) StmtReplace(87,88) StmtReplace(47,45) StmtReplace(111,19) StmtAppend(76,36) StmtAppend(62,7) StmtDelete(24) (stored at: variant573)
472324 [main] INFO clegoues.genprog4java.fitness.Fitness  - 	 gen: 9 2.0 StmtAppend(74,11) StmtDelete(90) StmtAppend(61,24) StmtAppend(4,36) (stored at: variant574)
472343 [main] ERROR clegoues.genprog4java.rep.JavaRepresentation  - org/apache/commons/math/stat/descriptive/moment/Variance.java:209: error: incompatible types: unexpected return value
				return 0d;
				       ^
org/apache/commons/math/stat/descriptive/moment/Variance.java:212: error: incompatible types: unexpected return value
					return moment.m2 / (moment.n - 1d);
					                 ^
org/apache/commons/math/stat/descriptive/moment/Variance.java:214: error: incompatible types: unexpected return value
					return moment.m2 / (moment.n);
					                 ^
3 errors

472343 [main] INFO clegoues.genprog4java.rep.CachingRepresentation  - StmtAppend(118,120) StmtAppend(118,88) StmtAppend(85,3) StmtAppend(49,0) StmtReplace(111,19) StmtAppend(76,36) StmtAppend(81,9) StmtAppend(34,22) at variant575 fails to compile

472343 [main] INFO clegoues.genprog4java.fitness.Fitness  - 	 gen: 9 0.0 StmtAppend(118,120) StmtAppend(118,88) StmtAppend(85,3) StmtAppend(49,0) StmtReplace(111,19) StmtAppend(76,36) StmtAppend(81,9) StmtAppend(34,22) (stored at: variant575)
472370 [main] ERROR clegoues.genprog4java.rep.JavaRepresentation  - org/apache/commons/math/stat/descriptive/moment/Variance.java:611: error: cannot find symbol
			this.moment = m2;
			              ^
  symbol:   variable m2
  location: class Variance
1 error

472370 [main] INFO clegoues.genprog4java.rep.CachingRepresentation  - StmtAppend(103,49) StmtAppend(49,0) StmtReplace(79,76) StmtDelete(90) StmtAppend(38,34) StmtDelete(116) StmtDelete(11) StmtDelete(36) StmtAppend(2,9) StmtAppend(130,10) at variant576 fails to compile

472370 [main] INFO clegoues.genprog4java.fitness.Fitness  - 	 gen: 9 0.0 StmtAppend(103,49) StmtAppend(49,0) StmtReplace(79,76) StmtDelete(90) StmtAppend(38,34) StmtDelete(116) StmtDelete(11) StmtDelete(36) StmtAppend(2,9) StmtAppend(130,10) (stored at: variant576)
473410 [main] INFO clegoues.genprog4java.fitness.Fitness  - 	 gen: 9 3.0 StmtReplace(105,38) StmtAppend(44,1) StmtAppend(64,5) StmtAppend(79,60) StmtAppend(101,75) (stored at: variant577)
474562 [main] INFO clegoues.genprog4java.fitness.Fitness  - 	 gen: 9 2.0 StmtAppend(118,120) StmtAppend(118,88) StmtAppend(85,3) StmtDelete(34) StmtAppend(8,36) StmtReplace(111,19) StmtDelete(133) StmtAppend(1,35) StmtDelete(51) StmtDelete(103) StmtAppend(102,48) (stored at: variant578)
475800 [main] INFO clegoues.genprog4java.fitness.Fitness  - 	 gen: 9 3.0 StmtAppend(74,11) StmtDelete(90) StmtAppend(38,34) StmtReplace(47,45) StmtReplace(111,19) StmtAppend(50,47) StmtDelete(49) StmtReplace(59,11) (stored at: variant579)
475816 [main] ERROR clegoues.genprog4java.rep.JavaRepresentation  - org/apache/commons/math/stat/descriptive/moment/Variance.java:269: error: cannot find symbol
                double m = mean.evaluate(values, begin, length);
                           ^
  symbol:   variable mean
  location: class Variance
1 error

475816 [main] INFO clegoues.genprog4java.rep.CachingRepresentation  - StmtAppend(118,120) StmtAppend(62,7) StmtAppend(52,27) at variant580 fails to compile

475816 [main] INFO clegoues.genprog4java.fitness.Fitness  - 	 gen: 9 0.0 StmtAppend(118,120) StmtAppend(62,7) StmtAppend(52,27) (stored at: variant580)
475845 [main] ERROR clegoues.genprog4java.rep.JavaRepresentation  - org/apache/commons/math/stat/descriptive/moment/Variance.java:276: error: cannot find symbol
					var = 0.0;
					^
  symbol:   variable var
  location: class Variance
org/apache/commons/math/stat/descriptive/moment/Variance.java:280: error: cannot find symbol
					var = evaluate(values, m, begin, length);
					^
  symbol:   variable var
  location: class Variance
org/apache/commons/math/stat/descriptive/moment/Variance.java:284: error: cannot find symbol
        return var;
               ^
  symbol:   variable var
  location: class Variance
3 errors

475845 [main] INFO clegoues.genprog4java.rep.CachingRepresentation  - StmtAppend(118,120) StmtAppend(85,3) StmtAppend(35,3) StmtReplace(87,19) StmtReplace(87,88) StmtReplace(79,76) StmtDelete(90) StmtAppend(38,34) StmtReplace(47,45) StmtReplace(111,19) StmtAppend(76,36) StmtAppend(81,9) StmtAppend(43,39) at variant581 fails to compile

475846 [main] INFO clegoues.genprog4java.fitness.Fitness  - 	 gen: 9 0.0 StmtAppend(118,120) StmtAppend(85,3) StmtAppend(35,3) StmtReplace(87,19) StmtReplace(87,88) StmtReplace(79,76) StmtDelete(90) StmtAppend(38,34) StmtReplace(47,45) StmtReplace(111,19) StmtAppend(76,36) StmtAppend(81,9) StmtAppend(43,39) (stored at: variant581)
477102 [main] INFO clegoues.genprog4java.fitness.Fitness  - 	 gen: 9 0.0 StmtAppend(103,49) StmtReplace(35,46) StmtAppend(49,19) (stored at: variant582)
477458 [main] INFO clegoues.genprog4java.fitness.Fitness  - Serialized test cache to file testcache.ser
477459 [main] INFO clegoues.genprog4java.main.Main  - 
Total elapsed time: 477

