RUNNING THE BUG: Jsoup 78, WITH THE SEED: 9
2021-05-07 16:46:56 [main] [INFO]  KGenProgMain - 
==================== kGenProg Configuration ====================
configPath = kgenprog.toml
rootDir = . (set by command line)
productPaths = [src/main/java] (set by command line)
testPaths = [src/test/java] (set by command line)
classPaths = [/home/ubuntu/rtx/defects4j/framework/projects/Jsoup/lib/junit/junit/4.5/junit-4.5.jar, /home/ubuntu/rtx/defects4j/framework/projects/lib/junit-4.11.jar, /home/ubuntu/rtx/defects4j/framework/projects/Jsoup/lib/com/google/code/gson/gson/2.7/gson-2.7.jar, /home/ubuntu/rtx/defects4j/framework/projects/Jsoup/lib/commons-lang/commons-lang/2.4/commons-lang-2.4.jar, /home/ubuntu/rtx/defects4j/framework/projects/Jsoup/lib/javax/servlet/javax.servlet-api/3.1.0/javax.servlet-api-3.1.0.jar, /home/ubuntu/rtx/defects4j/framework/projects/Jsoup/lib/junit/junit/4.12/junit-4.12.jar, /home/ubuntu/rtx/defects4j/framework/projects/Jsoup/lib/lib/com/google/code/gson/gson/2.7/gson-2.7.jar, /home/ubuntu/rtx/defects4j/framework/projects/Jsoup/lib/lib/commons-lang/commons-lang/2.4/commons-lang-2.4.jar, /home/ubuntu/rtx/defects4j/framework/projects/Jsoup/lib/lib/javax/servlet/javax.servlet-api/3.1.0/javax.servlet-api-3.1.0.jar, /home/ubuntu/rtx/defects4j/framework/projects/Jsoup/lib/lib/junit/junit/4.12/junit-4.12.jar, /home/ubuntu/rtx/defects4j/framework/projects/Jsoup/lib/lib/junit/junit/4.5/junit-4.5.jar, /home/ubuntu/rtx/defects4j/framework/projects/Jsoup/lib/lib/org/eclipse/jetty/jetty-http/9.2.22.v20170606/jetty-http-9.2.22.v20170606.jar, /home/ubuntu/rtx/defects4j/framework/projects/Jsoup/lib/lib/org/eclipse/jetty/jetty-http/9.2.26.v20180806/jetty-http-9.2.26.v20180806.jar, /home/ubuntu/rtx/defects4j/framework/projects/Jsoup/lib/lib/org/eclipse/jetty/jetty-http/9.2.28.v20190418/jetty-http-9.2.28.v20190418.jar, /home/ubuntu/rtx/defects4j/framework/projects/Jsoup/lib/lib/org/eclipse/jetty/jetty-io/9.2.22.v20170606/jetty-io-9.2.22.v20170606.jar, /home/ubuntu/rtx/defects4j/framework/projects/Jsoup/lib/lib/org/eclipse/jetty/jetty-io/9.2.26.v20180806/jetty-io-9.2.26.v20180806.jar, /home/ubuntu/rtx/defects4j/framework/projects/Jsoup/lib/lib/org/eclipse/jetty/jetty-io/9.2.28.v20190418/jetty-io-9.2.28.v20190418.jar, /home/ubuntu/rtx/defects4j/framework/projects/Jsoup/lib/lib/org/eclipse/jetty/jetty-security/9.2.22.v20170606/jetty-security-9.2.22.v20170606.jar, /home/ubuntu/rtx/defects4j/framework/projects/Jsoup/lib/lib/org/eclipse/jetty/jetty-security/9.2.26.v20180806/jetty-security-9.2.26.v20180806.jar, /home/ubuntu/rtx/defects4j/framework/projects/Jsoup/lib/lib/org/eclipse/jetty/jetty-security/9.2.28.v20190418/jetty-security-9.2.28.v20190418.jar, /home/ubuntu/rtx/defects4j/framework/projects/Jsoup/lib/lib/org/eclipse/jetty/jetty-server/9.2.22.v20170606/jetty-server-9.2.22.v20170606.jar, /home/ubuntu/rtx/defects4j/framework/projects/Jsoup/lib/lib/org/eclipse/jetty/jetty-server/9.2.26.v20180806/jetty-server-9.2.26.v20180806.jar, /home/ubuntu/rtx/defects4j/framework/projects/Jsoup/lib/lib/org/eclipse/jetty/jetty-server/9.2.28.v20190418/jetty-server-9.2.28.v20190418.jar, /home/ubuntu/rtx/defects4j/framework/projects/Jsoup/lib/lib/org/eclipse/jetty/jetty-servlet/9.2.22.v20170606/jetty-servlet-9.2.22.v20170606.jar, /home/ubuntu/rtx/defects4j/framework/projects/Jsoup/lib/lib/org/eclipse/jetty/jetty-servlet/9.2.26.v20180806/jetty-servlet-9.2.26.v20180806.jar, /home/ubuntu/rtx/defects4j/framework/projects/Jsoup/lib/lib/org/eclipse/jetty/jetty-servlet/9.2.28.v20190418/jetty-servlet-9.2.28.v20190418.jar, /home/ubuntu/rtx/defects4j/framework/projects/Jsoup/lib/lib/org/eclipse/jetty/jetty-util/9.2.22.v20170606/jetty-util-9.2.22.v20170606.jar, /home/ubuntu/rtx/defects4j/framework/projects/Jsoup/lib/lib/org/eclipse/jetty/jetty-util/9.2.26.v20180806/jetty-util-9.2.26.v20180806.jar, /home/ubuntu/rtx/defects4j/framework/projects/Jsoup/lib/lib/org/eclipse/jetty/jetty-util/9.2.28.v20190418/jetty-util-9.2.28.v20190418.jar, /home/ubuntu/rtx/defects4j/framework/projects/Jsoup/lib/lib/org/hamcrest/hamcrest-core/1.3/hamcrest-core-1.3.jar, /home/ubuntu/rtx/defects4j/framework/projects/Jsoup/lib/org/eclipse/jetty/jetty-http/9.2.22.v20170606/jetty-http-9.2.22.v20170606.jar, /home/ubuntu/rtx/defects4j/framework/projects/Jsoup/lib/org/eclipse/jetty/jetty-http/9.2.26.v20180806/jetty-http-9.2.26.v20180806.jar, /home/ubuntu/rtx/defects4j/framework/projects/Jsoup/lib/org/eclipse/jetty/jetty-http/9.2.28.v20190418/jetty-http-9.2.28.v20190418.jar, /home/ubuntu/rtx/defects4j/framework/projects/Jsoup/lib/org/eclipse/jetty/jetty-io/9.2.22.v20170606/jetty-io-9.2.22.v20170606.jar, /home/ubuntu/rtx/defects4j/framework/projects/Jsoup/lib/org/eclipse/jetty/jetty-io/9.2.26.v20180806/jetty-io-9.2.26.v20180806.jar, /home/ubuntu/rtx/defects4j/framework/projects/Jsoup/lib/org/eclipse/jetty/jetty-io/9.2.28.v20190418/jetty-io-9.2.28.v20190418.jar, /home/ubuntu/rtx/defects4j/framework/projects/Jsoup/lib/org/eclipse/jetty/jetty-security/9.2.22.v20170606/jetty-security-9.2.22.v20170606.jar, /home/ubuntu/rtx/defects4j/framework/projects/Jsoup/lib/org/eclipse/jetty/jetty-security/9.2.26.v20180806/jetty-security-9.2.26.v20180806.jar, /home/ubuntu/rtx/defects4j/framework/projects/Jsoup/lib/org/eclipse/jetty/jetty-security/9.2.28.v20190418/jetty-security-9.2.28.v20190418.jar, /home/ubuntu/rtx/defects4j/framework/projects/Jsoup/lib/org/eclipse/jetty/jetty-server/9.2.22.v20170606/jetty-server-9.2.22.v20170606.jar, /home/ubuntu/rtx/defects4j/framework/projects/Jsoup/lib/org/eclipse/jetty/jetty-server/9.2.26.v20180806/jetty-server-9.2.26.v20180806.jar, /home/ubuntu/rtx/defects4j/framework/projects/Jsoup/lib/org/eclipse/jetty/jetty-server/9.2.28.v20190418/jetty-server-9.2.28.v20190418.jar, /home/ubuntu/rtx/defects4j/framework/projects/Jsoup/lib/org/eclipse/jetty/jetty-servlet/9.2.22.v20170606/jetty-servlet-9.2.22.v20170606.jar, /home/ubuntu/rtx/defects4j/framework/projects/Jsoup/lib/org/eclipse/jetty/jetty-servlet/9.2.26.v20180806/jetty-servlet-9.2.26.v20180806.jar, /home/ubuntu/rtx/defects4j/framework/projects/Jsoup/lib/org/eclipse/jetty/jetty-servlet/9.2.28.v20190418/jetty-servlet-9.2.28.v20190418.jar, /home/ubuntu/rtx/defects4j/framework/projects/Jsoup/lib/org/eclipse/jetty/jetty-util/9.2.22.v20170606/jetty-util-9.2.22.v20170606.jar, /home/ubuntu/rtx/defects4j/framework/projects/Jsoup/lib/org/eclipse/jetty/jetty-util/9.2.26.v20180806/jetty-util-9.2.26.v20180806.jar, /home/ubuntu/rtx/defects4j/framework/projects/Jsoup/lib/org/eclipse/jetty/jetty-util/9.2.28.v20190418/jetty-util-9.2.28.v20190418.jar, /home/ubuntu/rtx/defects4j/framework/projects/Jsoup/lib/org/hamcrest/hamcrest-core/1.3/hamcrest-core-1.3.jar] (set by command line)
executionTests = [org.jsoup.integration.ConnectTest] (set by command line)
outDir = /home/ubuntu/rtx/d4j/Jsoup/78b/kGenProg-Project/patch-seed9 (set by command line)
logLevel = INFO
mutationGeneratingCount = 10
crossoverGeneratingCount = 10
headcount = 10
maxGeneration = 10
timeLimit = PT1M
testTimeLimit = PT10S
requiredSolutionsCount = 1
randomSeed = 9 (set by command line)
scope = PROJECT (set by command line)
faultLocalization = Ochiai (set by command line)
mutationType = Simple
crossoverType = Random
firstVariantSelectionStrategy = Random
secondVariantSelectionStrategy = Random
isPatchOutput = true
isHistoryRecord = false
currentDirectory = /home/ubuntu/rtx/d4j/Jsoup/78b
version = 1.8.0
================================================================
2021-05-07 16:47:12 [main] [INFO]  KGenProgMain - initial failed tests (2/20)
org.jsoup.integration.ConnectTest.postFiles: nullorg.jsoup.integration.ConnectTest.handlesEmptyStreamDuringParseRead: java.io.IOException: Underlying input stream returned zero bytes
2021-05-07 16:47:12 [main] [INFO]  KGenProgMain - GA started
2021-05-07 16:47:12 [main] [INFO]  KGenProgMain - entered the era of 1st generation.
2021-05-07 16:47:21 [main] [INFO]  KGenProgMain - 
----------------------------------------------------------------
Elapsed time: 8 seconds
Variants: generated 10, build-succeeded 2, build-failed 7, syntax-invalid 0, redundant 1
Fitness: max 0.9(1), min 0.1(1), ave 0.5
----------------------------------------------------------------

2021-05-07 16:47:21 [main] [INFO]  KGenProgMain - entered the era of 2nd generation.
2021-05-07 16:47:23 [main] [INFO]  KGenProgMain - 
----------------------------------------------------------------
Elapsed time: 11 seconds
Variants: generated 10, build-succeeded 0, build-failed 8, syntax-invalid 2, redundant 0
Fitness: max --, min --, ave NaN
----------------------------------------------------------------

2021-05-07 16:47:23 [main] [INFO]  KGenProgMain - entered the era of 3rd generation.
2021-05-07 16:47:31 [main] [INFO]  KGenProgMain - 
----------------------------------------------------------------
Elapsed time: 19 seconds
Variants: generated 10, build-succeeded 2, build-failed 8, syntax-invalid 0, redundant 0
Fitness: max 0.9(1), min 0.55(1), ave 0.725
----------------------------------------------------------------

2021-05-07 16:47:31 [main] [INFO]  KGenProgMain - entered the era of 4th generation.
2021-05-07 16:47:41 [main] [INFO]  KGenProgMain - 
----------------------------------------------------------------
Elapsed time: 28 seconds
Variants: generated 20, build-succeeded 3, build-failed 9, syntax-invalid 0, redundant 8
Fitness: max 0.9(1), min 0.1(1), ave 0.517
----------------------------------------------------------------

2021-05-07 16:47:41 [main] [INFO]  KGenProgMain - entered the era of 5th generation.
2021-05-07 16:47:48 [main] [INFO]  KGenProgMain - 
----------------------------------------------------------------
Elapsed time: 35 seconds
Variants: generated 20, build-succeeded 2, build-failed 6, syntax-invalid 1, redundant 11
Fitness: max 0.9(2), min 0.9(2), ave 0.9
----------------------------------------------------------------

2021-05-07 16:47:48 [main] [INFO]  KGenProgMain - entered the era of 6th generation.
2021-05-07 16:48:02 [main] [INFO]  KGenProgMain - 
----------------------------------------------------------------
Elapsed time: 49 seconds
Variants: generated 20, build-succeeded 5, build-failed 6, syntax-invalid 0, redundant 9
Fitness: max 0.9(2), min 0.1(2), ave 0.51
----------------------------------------------------------------

2021-05-07 16:48:02 [main] [INFO]  KGenProgMain - entered the era of 7th generation.
2021-05-07 16:48:17 [main] [INFO]  KGenProgMain - 
----------------------------------------------------------------
Elapsed time: 1 minutes 5 seconds
Variants: generated 20, build-succeeded 6, build-failed 8, syntax-invalid 2, redundant 4
Fitness: max 0.95(1), min 0.05(1), ave 0.708
----------------------------------------------------------------

2021-05-07 16:48:17 [main] [INFO]  KGenProgMain - GA stopped
2021-05-07 16:48:17 [main] [INFO]  KGenProgMain - Summary
Reached generation = 7
Generated variants = 110
Syntax valid variants = 105
Build succeeded variants = 20
Time elapsed = 1 minutes 5 seconds
Exit status = FAILURE (time limit)
