1 [main] DEBUG clegoues.genprog4java.fitness.Fitness  - parsing granularity, value: class
20 [main] DEBUG clegoues.genprog4java.fitness.Fitness  - parsing granularity, value: class
#Wed Mar 03 14:59:47 CST 2021
negativeTestWeight=2.0
classSourceFolder=/home/rtx/repair/d4j/Jsoup/47b/target/classes
model=default
sampleStrategy=variant
srcClassPath=/home/rtx/repair/d4j/Jsoup/47b/target/classes
sourceVersion=1.8
popsize=40
regenPaths=false
posCoverageFile=coverage.path.pos
continue=false
edits=APPEND;DELETE;REPLACE
negCoverageFile=coverage.path.neg
workingDir=/home/rtx/repair/d4j/Jsoup/47b/
clearTestCache=false
skipFailedSanity=false
sample=0.1 
oracleGenome=
testGranularity=class
justTestingFaultLoc=false
faultLocStrategy=standardPathFile
crossp=0.5
pMutation=1
generations=10
positiveTests=/home/rtx/repair/d4j/Jsoup/47b/pos.tests
javaVM=/home/rtx/java/jdk1.8.0_271/jre/bin/java
seed=4
negativePathWeight=0.35
compileCommand=
fixStrategy=classScope
allowCoverageFail=false
targetClassName=/home/rtx/repair/d4j/Jsoup/47b/bugfiles.txt
javaRuntime=java.lang.Runtime@6576fe71
classTestFolder=
modelPath=OVERALLModel.txt
sanity=yes
positivePathWeight=0.65
jacocoPath=/home/rtx/eclipse-workspace/genprog4java/lib/jacocoagent.jar
negativeTests=/home/rtx/repair/d4j/Jsoup/47b/neg.tests
pathToFileHumanInjectedFaultLoc=fileHumanInjectedFaultLoc.txt
outputDir=/home/rtx/repair/d4j/Jsoup/47b/genprog4java/variantSeed4/
testClassPath=/home/rtx/repair/defects4j/framework/projects/Jsoup/lib/junit/junit/4.5/junit-4.5.jar\:/home/rtx/repair/d4j/Jsoup/47b/target/classes\:/home/rtx/repair/d4j/Jsoup/47b/target/test-classes\:/home/rtx/repair/defects4j/framework/projects/lib/junit-4.11.jar\:/home/rtx/repair/defects4j/framework/projects/Jsoup/lib/com/google/code/gson/gson/2.7/gson-2.7.jar\:/home/rtx/repair/defects4j/framework/projects/Jsoup/lib/commons-lang/commons-lang/2.4/commons-lang-2.4.jar\:/home/rtx/repair/defects4j/framework/projects/Jsoup/lib/javax/servlet/javax.servlet-api/3.1.0/javax.servlet-api-3.1.0.jar\:/home/rtx/repair/defects4j/framework/projects/Jsoup/lib/junit/junit/4.12/junit-4.12.jar\:/home/rtx/repair/defects4j/framework/projects/Jsoup/lib/lib/com/google/code/gson/gson/2.7/gson-2.7.jar\:/home/rtx/repair/defects4j/framework/projects/Jsoup/lib/lib/commons-lang/commons-lang/2.4/commons-lang-2.4.jar\:/home/rtx/repair/defects4j/framework/projects/Jsoup/lib/lib/javax/servlet/javax.servlet-api/3.1.0/javax.servlet-api-3.1.0.jar\:/home/rtx/repair/defects4j/framework/projects/Jsoup/lib/lib/junit/junit/4.12/junit-4.12.jar\:/home/rtx/repair/defects4j/framework/projects/Jsoup/lib/lib/junit/junit/4.5/junit-4.5.jar\:/home/rtx/repair/defects4j/framework/projects/Jsoup/lib/lib/org/eclipse/jetty/jetty-http/9.2.22.v20170606/jetty-http-9.2.22.v20170606.jar\:/home/rtx/repair/defects4j/framework/projects/Jsoup/lib/lib/org/eclipse/jetty/jetty-http/9.2.26.v20180806/jetty-http-9.2.26.v20180806.jar\:/home/rtx/repair/defects4j/framework/projects/Jsoup/lib/lib/org/eclipse/jetty/jetty-http/9.2.28.v20190418/jetty-http-9.2.28.v20190418.jar\:/home/rtx/repair/defects4j/framework/projects/Jsoup/lib/lib/org/eclipse/jetty/jetty-io/9.2.22.v20170606/jetty-io-9.2.22.v20170606.jar\:/home/rtx/repair/defects4j/framework/projects/Jsoup/lib/lib/org/eclipse/jetty/jetty-io/9.2.26.v20180806/jetty-io-9.2.26.v20180806.jar\:/home/rtx/repair/defects4j/framework/projects/Jsoup/lib/lib/org/eclipse/jetty/jetty-io/9.2.28.v20190418/jetty-io-9.2.28.v20190418.jar\:/home/rtx/repair/defects4j/framework/projects/Jsoup/lib/lib/org/eclipse/jetty/jetty-security/9.2.22.v20170606/jetty-security-9.2.22.v20170606.jar\:/home/rtx/repair/defects4j/framework/projects/Jsoup/lib/lib/org/eclipse/jetty/jetty-security/9.2.26.v20180806/jetty-security-9.2.26.v20180806.jar\:/home/rtx/repair/defects4j/framework/projects/Jsoup/lib/lib/org/eclipse/jetty/jetty-security/9.2.28.v20190418/jetty-security-9.2.28.v20190418.jar\:/home/rtx/repair/defects4j/framework/projects/Jsoup/lib/lib/org/eclipse/jetty/jetty-server/9.2.22.v20170606/jetty-server-9.2.22.v20170606.jar\:/home/rtx/repair/defects4j/framework/projects/Jsoup/lib/lib/org/eclipse/jetty/jetty-server/9.2.26.v20180806/jetty-server-9.2.26.v20180806.jar\:/home/rtx/repair/defects4j/framework/projects/Jsoup/lib/lib/org/eclipse/jetty/jetty-server/9.2.28.v20190418/jetty-server-9.2.28.v20190418.jar\:/home/rtx/repair/defects4j/framework/projects/Jsoup/lib/lib/org/eclipse/jetty/jetty-servlet/9.2.22.v20170606/jetty-servlet-9.2.22.v20170606.jar\:/home/rtx/repair/defects4j/framework/projects/Jsoup/lib/lib/org/eclipse/jetty/jetty-servlet/9.2.26.v20180806/jetty-servlet-9.2.26.v20180806.jar\:/home/rtx/repair/defects4j/framework/projects/Jsoup/lib/lib/org/eclipse/jetty/jetty-servlet/9.2.28.v20190418/jetty-servlet-9.2.28.v20190418.jar\:/home/rtx/repair/defects4j/framework/projects/Jsoup/lib/lib/org/eclipse/jetty/jetty-util/9.2.22.v20170606/jetty-util-9.2.22.v20170606.jar\:/home/rtx/repair/defects4j/framework/projects/Jsoup/lib/lib/org/eclipse/jetty/jetty-util/9.2.26.v20180806/jetty-util-9.2.26.v20180806.jar\:/home/rtx/repair/defects4j/framework/projects/Jsoup/lib/lib/org/eclipse/jetty/jetty-util/9.2.28.v20190418/jetty-util-9.2.28.v20190418.jar\:/home/rtx/repair/defects4j/framework/projects/Jsoup/lib/lib/org/hamcrest/hamcrest-core/1.3/hamcrest-core-1.3.jar\:/home/rtx/repair/defects4j/framework/projects/Jsoup/lib/org/eclipse/jetty/jetty-http/9.2.22.v20170606/jetty-http-9.2.22.v20170606.jar\:/home/rtx/repair/defects4j/framework/projects/Jsoup/lib/org/eclipse/jetty/jetty-http/9.2.26.v20180806/jetty-http-9.2.26.v20180806.jar\:/home/rtx/repair/defects4j/framework/projects/Jsoup/lib/org/eclipse/jetty/jetty-http/9.2.28.v20190418/jetty-http-9.2.28.v20190418.jar\:/home/rtx/repair/defects4j/framework/projects/Jsoup/lib/org/eclipse/jetty/jetty-io/9.2.22.v20170606/jetty-io-9.2.22.v20170606.jar\:/home/rtx/repair/defects4j/framework/projects/Jsoup/lib/org/eclipse/jetty/jetty-io/9.2.26.v20180806/jetty-io-9.2.26.v20180806.jar\:/home/rtx/repair/defects4j/framework/projects/Jsoup/lib/org/eclipse/jetty/jetty-io/9.2.28.v20190418/jetty-io-9.2.28.v20190418.jar\:/home/rtx/repair/defects4j/framework/projects/Jsoup/lib/org/eclipse/jetty/jetty-security/9.2.22.v20170606/jetty-security-9.2.22.v20170606.jar\:/home/rtx/repair/defects4j/framework/projects/Jsoup/lib/org/eclipse/jetty/jetty-security/9.2.26.v20180806/jetty-security-9.2.26.v20180806.jar\:/home/rtx/repair/defects4j/framework/projects/Jsoup/lib/org/eclipse/jetty/jetty-security/9.2.28.v20190418/jetty-security-9.2.28.v20190418.jar\:/home/rtx/repair/defects4j/framework/projects/Jsoup/lib/org/eclipse/jetty/jetty-server/9.2.22.v20170606/jetty-server-9.2.22.v20170606.jar\:/home/rtx/repair/defects4j/framework/projects/Jsoup/lib/org/eclipse/jetty/jetty-server/9.2.26.v20180806/jetty-server-9.2.26.v20180806.jar\:/home/rtx/repair/defects4j/framework/projects/Jsoup/lib/org/eclipse/jetty/jetty-server/9.2.28.v20190418/jetty-server-9.2.28.v20190418.jar\:/home/rtx/repair/defects4j/framework/projects/Jsoup/lib/org/eclipse/jetty/jetty-servlet/9.2.22.v20170606/jetty-servlet-9.2.22.v20170606.jar\:/home/rtx/repair/defects4j/framework/projects/Jsoup/lib/org/eclipse/jetty/jetty-servlet/9.2.26.v20180806/jetty-servlet-9.2.26.v20180806.jar\:/home/rtx/repair/defects4j/framework/projects/Jsoup/lib/org/eclipse/jetty/jetty-servlet/9.2.28.v20190418/jetty-servlet-9.2.28.v20190418.jar\:/home/rtx/repair/defects4j/framework/projects/Jsoup/lib/org/eclipse/jetty/jetty-util/9.2.22.v20170606/jetty-util-9.2.22.v20170606.jar\:/home/rtx/repair/defects4j/framework/projects/Jsoup/lib/org/eclipse/jetty/jetty-util/9.2.26.v20180806/jetty-util-9.2.26.v20180806.jar\:/home/rtx/repair/defects4j/framework/projects/Jsoup/lib/org/eclipse/jetty/jetty-util/9.2.28.v20190418/jetty-util-9.2.28.v20190418.jar\:/home/rtx/repair/defects4j/framework/projects/Jsoup/lib/org/hamcrest/hamcrest-core/1.3/hamcrest-core-1.3.jar
faultStrategy=classScope
sourceDir=src/main/java
checkSpace=false
search=gp
globalExtension=.java
faultSpaceSubSet=1/5
maxVariants=50
libs=/home/rtx/eclipse-workspace/genprog4java/lib/junittestrunner.jar\:/home/rtx/eclipse-workspace/genprog4java/lib/commons-cli-20040117.000000.jar\:/home/rtx/eclipse-workspace/genprog4java/lib/junit-4.12.jar\:/home/rtx/eclipse-workspace/genprog4java/lib/hamcrest-core-1.3.jar\:/home/rtx/eclipse-workspace/genprog4java/lib/log4j-1.2.17.jar\:/home/rtx/repair/defects4j/framework/projects/Jsoup/lib/junit/junit/4.5/junit-4.5.jar\:/home/rtx/repair/d4j/Jsoup/47b/target/classes\:/home/rtx/repair/d4j/Jsoup/47b/target/test-classes\:/home/rtx/repair/defects4j/framework/projects/lib/junit-4.11.jar\:/home/rtx/repair/defects4j/framework/projects/Jsoup/lib/com/google/code/gson/gson/2.7/gson-2.7.jar\:/home/rtx/repair/defects4j/framework/projects/Jsoup/lib/commons-lang/commons-lang/2.4/commons-lang-2.4.jar\:/home/rtx/repair/defects4j/framework/projects/Jsoup/lib/javax/servlet/javax.servlet-api/3.1.0/javax.servlet-api-3.1.0.jar\:/home/rtx/repair/defects4j/framework/projects/Jsoup/lib/junit/junit/4.12/junit-4.12.jar\:/home/rtx/repair/defects4j/framework/projects/Jsoup/lib/lib/com/google/code/gson/gson/2.7/gson-2.7.jar\:/home/rtx/repair/defects4j/framework/projects/Jsoup/lib/lib/commons-lang/commons-lang/2.4/commons-lang-2.4.jar\:/home/rtx/repair/defects4j/framework/projects/Jsoup/lib/lib/javax/servlet/javax.servlet-api/3.1.0/javax.servlet-api-3.1.0.jar\:/home/rtx/repair/defects4j/framework/projects/Jsoup/lib/lib/junit/junit/4.12/junit-4.12.jar\:/home/rtx/repair/defects4j/framework/projects/Jsoup/lib/lib/junit/junit/4.5/junit-4.5.jar\:/home/rtx/repair/defects4j/framework/projects/Jsoup/lib/lib/org/eclipse/jetty/jetty-http/9.2.22.v20170606/jetty-http-9.2.22.v20170606.jar\:/home/rtx/repair/defects4j/framework/projects/Jsoup/lib/lib/org/eclipse/jetty/jetty-http/9.2.26.v20180806/jetty-http-9.2.26.v20180806.jar\:/home/rtx/repair/defects4j/framework/projects/Jsoup/lib/lib/org/eclipse/jetty/jetty-http/9.2.28.v20190418/jetty-http-9.2.28.v20190418.jar\:/home/rtx/repair/defects4j/framework/projects/Jsoup/lib/lib/org/eclipse/jetty/jetty-io/9.2.22.v20170606/jetty-io-9.2.22.v20170606.jar\:/home/rtx/repair/defects4j/framework/projects/Jsoup/lib/lib/org/eclipse/jetty/jetty-io/9.2.26.v20180806/jetty-io-9.2.26.v20180806.jar\:/home/rtx/repair/defects4j/framework/projects/Jsoup/lib/lib/org/eclipse/jetty/jetty-io/9.2.28.v20190418/jetty-io-9.2.28.v20190418.jar\:/home/rtx/repair/defects4j/framework/projects/Jsoup/lib/lib/org/eclipse/jetty/jetty-security/9.2.22.v20170606/jetty-security-9.2.22.v20170606.jar\:/home/rtx/repair/defects4j/framework/projects/Jsoup/lib/lib/org/eclipse/jetty/jetty-security/9.2.26.v20180806/jetty-security-9.2.26.v20180806.jar\:/home/rtx/repair/defects4j/framework/projects/Jsoup/lib/lib/org/eclipse/jetty/jetty-security/9.2.28.v20190418/jetty-security-9.2.28.v20190418.jar\:/home/rtx/repair/defects4j/framework/projects/Jsoup/lib/lib/org/eclipse/jetty/jetty-server/9.2.22.v20170606/jetty-server-9.2.22.v20170606.jar\:/home/rtx/repair/defects4j/framework/projects/Jsoup/lib/lib/org/eclipse/jetty/jetty-server/9.2.26.v20180806/jetty-server-9.2.26.v20180806.jar\:/home/rtx/repair/defects4j/framework/projects/Jsoup/lib/lib/org/eclipse/jetty/jetty-server/9.2.28.v20190418/jetty-server-9.2.28.v20190418.jar\:/home/rtx/repair/defects4j/framework/projects/Jsoup/lib/lib/org/eclipse/jetty/jetty-servlet/9.2.22.v20170606/jetty-servlet-9.2.22.v20170606.jar\:/home/rtx/repair/defects4j/framework/projects/Jsoup/lib/lib/org/eclipse/jetty/jetty-servlet/9.2.26.v20180806/jetty-servlet-9.2.26.v20180806.jar\:/home/rtx/repair/defects4j/framework/projects/Jsoup/lib/lib/org/eclipse/jetty/jetty-servlet/9.2.28.v20190418/jetty-servlet-9.2.28.v20190418.jar\:/home/rtx/repair/defects4j/framework/projects/Jsoup/lib/lib/org/eclipse/jetty/jetty-util/9.2.22.v20170606/jetty-util-9.2.22.v20170606.jar\:/home/rtx/repair/defects4j/framework/projects/Jsoup/lib/lib/org/eclipse/jetty/jetty-util/9.2.26.v20180806/jetty-util-9.2.26.v20180806.jar\:/home/rtx/repair/defects4j/framework/projects/Jsoup/lib/lib/org/eclipse/jetty/jetty-util/9.2.28.v20190418/jetty-util-9.2.28.v20190418.jar\:/home/rtx/repair/defects4j/framework/projects/Jsoup/lib/lib/org/hamcrest/hamcrest-core/1.3/hamcrest-core-1.3.jar\:/home/rtx/repair/defects4j/framework/projects/Jsoup/lib/org/eclipse/jetty/jetty-http/9.2.22.v20170606/jetty-http-9.2.22.v20170606.jar\:/home/rtx/repair/defects4j/framework/projects/Jsoup/lib/org/eclipse/jetty/jetty-http/9.2.26.v20180806/jetty-http-9.2.26.v20180806.jar\:/home/rtx/repair/defects4j/framework/projects/Jsoup/lib/org/eclipse/jetty/jetty-http/9.2.28.v20190418/jetty-http-9.2.28.v20190418.jar\:/home/rtx/repair/defects4j/framework/projects/Jsoup/lib/org/eclipse/jetty/jetty-io/9.2.22.v20170606/jetty-io-9.2.22.v20170606.jar\:/home/rtx/repair/defects4j/framework/projects/Jsoup/lib/org/eclipse/jetty/jetty-io/9.2.26.v20180806/jetty-io-9.2.26.v20180806.jar\:/home/rtx/repair/defects4j/framework/projects/Jsoup/lib/org/eclipse/jetty/jetty-io/9.2.28.v20190418/jetty-io-9.2.28.v20190418.jar\:/home/rtx/repair/defects4j/framework/projects/Jsoup/lib/org/eclipse/jetty/jetty-security/9.2.22.v20170606/jetty-security-9.2.22.v20170606.jar\:/home/rtx/repair/defects4j/framework/projects/Jsoup/lib/org/eclipse/jetty/jetty-security/9.2.26.v20180806/jetty-security-9.2.26.v20180806.jar\:/home/rtx/repair/defects4j/framework/projects/Jsoup/lib/org/eclipse/jetty/jetty-security/9.2.28.v20190418/jetty-security-9.2.28.v20190418.jar\:/home/rtx/repair/defects4j/framework/projects/Jsoup/lib/org/eclipse/jetty/jetty-server/9.2.22.v20170606/jetty-server-9.2.22.v20170606.jar\:/home/rtx/repair/defects4j/framework/projects/Jsoup/lib/org/eclipse/jetty/jetty-server/9.2.26.v20180806/jetty-server-9.2.26.v20180806.jar\:/home/rtx/repair/defects4j/framework/projects/Jsoup/lib/org/eclipse/jetty/jetty-server/9.2.28.v20190418/jetty-server-9.2.28.v20190418.jar\:/home/rtx/repair/defects4j/framework/projects/Jsoup/lib/org/eclipse/jetty/jetty-servlet/9.2.22.v20170606/jetty-servlet-9.2.22.v20170606.jar\:/home/rtx/repair/defects4j/framework/projects/Jsoup/lib/org/eclipse/jetty/jetty-servlet/9.2.26.v20180806/jetty-servlet-9.2.26.v20180806.jar\:/home/rtx/repair/defects4j/framework/projects/Jsoup/lib/org/eclipse/jetty/jetty-servlet/9.2.28.v20190418/jetty-servlet-9.2.28.v20190418.jar\:/home/rtx/repair/defects4j/framework/projects/Jsoup/lib/org/eclipse/jetty/jetty-util/9.2.22.v20170606/jetty-util-9.2.22.v20170606.jar\:/home/rtx/repair/defects4j/framework/projects/Jsoup/lib/org/eclipse/jetty/jetty-util/9.2.26.v20180806/jetty-util-9.2.26.v20180806.jar\:/home/rtx/repair/defects4j/framework/projects/Jsoup/lib/org/eclipse/jetty/jetty-util/9.2.28.v20190418/jetty-util-9.2.28.v20190418.jar\:/home/rtx/repair/defects4j/framework/projects/Jsoup/lib/org/hamcrest/hamcrest-core/1.3/hamcrest-core-1.3.jar\:/home/rtx/repair/d4j/Jsoup/47b/target/classes
crossover=onepoint
83 [main] INFO clegoues.genprog4java.main.Main  - Configuration file loaded
Deserialized fitnessCache HashMap
19932 [main] INFO clegoues.genprog4java.rep.CachingRepresentation  - loaded from source clegoues.genprog4java.java.ClassInfo@1269b02
19932 [main] INFO clegoues.genprog4java.rep.CachingRepresentation  - sanity checking begins
20469 [main] INFO clegoues.genprog4java.rep.CachingRepresentation  - Checking test number 1 out of 19
20720 [main] INFO clegoues.genprog4java.rep.CachingRepresentation  - true (1)

20720 [main] INFO clegoues.genprog4java.rep.CachingRepresentation  - Checking test number 2 out of 19
20944 [main] INFO clegoues.genprog4java.rep.CachingRepresentation  - true (1)

20945 [main] INFO clegoues.genprog4java.rep.CachingRepresentation  - Checking test number 3 out of 19
21284 [main] INFO clegoues.genprog4java.rep.CachingRepresentation  - true (1)

21285 [main] INFO clegoues.genprog4java.rep.CachingRepresentation  - Checking test number 4 out of 19
21722 [main] INFO clegoues.genprog4java.rep.CachingRepresentation  - true (1)

21722 [main] INFO clegoues.genprog4java.rep.CachingRepresentation  - Checking test number 5 out of 19
21909 [main] INFO clegoues.genprog4java.rep.CachingRepresentation  - true (1)

21909 [main] INFO clegoues.genprog4java.rep.CachingRepresentation  - Checking test number 6 out of 19
22099 [main] INFO clegoues.genprog4java.rep.CachingRepresentation  - true (1)

22100 [main] INFO clegoues.genprog4java.rep.CachingRepresentation  - Checking test number 7 out of 19
22464 [main] INFO clegoues.genprog4java.rep.CachingRepresentation  - true (1)

22464 [main] INFO clegoues.genprog4java.rep.CachingRepresentation  - Checking test number 8 out of 19
22648 [main] INFO clegoues.genprog4java.rep.CachingRepresentation  - true (1)

22648 [main] INFO clegoues.genprog4java.rep.CachingRepresentation  - Checking test number 9 out of 19
22936 [main] INFO clegoues.genprog4java.rep.CachingRepresentation  - true (1)

22936 [main] INFO clegoues.genprog4java.rep.CachingRepresentation  - Checking test number 10 out of 19
23157 [main] INFO clegoues.genprog4java.rep.CachingRepresentation  - true (1)

23157 [main] INFO clegoues.genprog4java.rep.CachingRepresentation  - Checking test number 11 out of 19
23420 [main] INFO clegoues.genprog4java.rep.CachingRepresentation  - true (1)

23421 [main] INFO clegoues.genprog4java.rep.CachingRepresentation  - Checking test number 12 out of 19
23640 [main] INFO clegoues.genprog4java.rep.CachingRepresentation  - true (1)

23640 [main] INFO clegoues.genprog4java.rep.CachingRepresentation  - Checking test number 13 out of 19
23860 [main] INFO clegoues.genprog4java.rep.CachingRepresentation  - true (1)

23860 [main] INFO clegoues.genprog4java.rep.CachingRepresentation  - Checking test number 14 out of 19
24245 [main] INFO clegoues.genprog4java.rep.CachingRepresentation  - true (1)

24245 [main] INFO clegoues.genprog4java.rep.CachingRepresentation  - Checking test number 15 out of 19
24495 [main] INFO clegoues.genprog4java.rep.CachingRepresentation  - true (1)

24495 [main] INFO clegoues.genprog4java.rep.CachingRepresentation  - Checking test number 16 out of 19
24764 [main] INFO clegoues.genprog4java.rep.CachingRepresentation  - true (1)

24764 [main] INFO clegoues.genprog4java.rep.CachingRepresentation  - Checking test number 17 out of 19
25055 [main] INFO clegoues.genprog4java.rep.CachingRepresentation  - true (1)

25055 [main] INFO clegoues.genprog4java.rep.CachingRepresentation  - Checking test number 18 out of 19
25317 [main] INFO clegoues.genprog4java.rep.CachingRepresentation  - true (1)

25317 [main] INFO clegoues.genprog4java.rep.CachingRepresentation  - Checking test number 19 out of 19
25602 [main] INFO clegoues.genprog4java.rep.CachingRepresentation  - true (1)

25602 [main] INFO clegoues.genprog4java.rep.CachingRepresentation  - 	n1: 
25842 [main] INFO clegoues.genprog4java.rep.CachingRepresentation  - false (0)

25842 [main] INFO clegoues.genprog4java.rep.CachingRepresentation  - sanity checking completed (time taken = 5910)
25843 [main] INFO clegoues.genprog4java.localization.DefaultLocalization  - Start Fault Localization
25858 [main] INFO clegoues.genprog4java.localization.DefaultLocalization  - Finish Fault Localization
25859 [main] INFO clegoues.genprog4java.Search.Search  - search: genetic algorithm begins

26741 [main] INFO clegoues.genprog4java.fitness.Fitness  - 	 gen: 0 2.0 original (stored at: variant0)
27366 [main] INFO clegoues.genprog4java.fitness.Fitness  - 	 gen: 0 2.0 StmtReplace(102,60) (stored at: variant1)
27461 [main] ERROR clegoues.genprog4java.rep.JavaRepresentation  - org/jsoup/nodes/Entities.java:222: error: continue outside of loop
			continue;
			^
1 error

27461 [main] INFO clegoues.genprog4java.rep.CachingRepresentation  - StmtAppend(97,32) at variant2 fails to compile

27462 [main] INFO clegoues.genprog4java.fitness.Fitness  - 	 gen: 0 0.0 StmtAppend(97,32) (stored at: variant2)
27566 [main] ERROR clegoues.genprog4java.rep.JavaRepresentation  - org/jsoup/nodes/Entities.java:222: error: continue outside of loop
        continue;
        ^
1 error

27567 [main] INFO clegoues.genprog4java.rep.CachingRepresentation  - StmtReplace(99,32) at variant3 fails to compile

27567 [main] INFO clegoues.genprog4java.fitness.Fitness  - 	 gen: 0 0.0 StmtReplace(99,32) (stored at: variant3)
27652 [main] ERROR clegoues.genprog4java.rep.JavaRepresentation  - org/jsoup/nodes/Entities.java:258: error: cannot find symbol
                if (name.toLowerCase().equals(name))
                                              ^
  symbol:   variable name
  location: class Entities
org/jsoup/nodes/Entities.java:258: error: cannot find symbol
                if (name.toLowerCase().equals(name))
                    ^
  symbol:   variable name
  location: class Entities
org/jsoup/nodes/Entities.java:259: error: cannot find symbol
                    outMap.put(character, name);
                                          ^
  symbol:   variable name
  location: class Entities
org/jsoup/nodes/Entities.java:261: error: cannot find symbol
                outMap.put(character, name);
                                      ^
  symbol:   variable name
  location: class Entities
4 errors

27652 [main] INFO clegoues.genprog4java.rep.CachingRepresentation  - StmtReplace(126,32) at variant4 fails to compile

27652 [main] INFO clegoues.genprog4java.fitness.Fitness  - 	 gen: 0 0.0 StmtReplace(126,32) (stored at: variant4)
28034 [main] INFO clegoues.genprog4java.fitness.Fitness  - 	 gen: 0 2.0 StmtReplace(102,55) (stored at: variant5)
29174 [main] INFO clegoues.genprog4java.fitness.Fitness  - 	 gen: 0 0.0 StmtAppend(29,44) (stored at: variant6)
30317 [main] INFO clegoues.genprog4java.fitness.Fitness  - 	 gen: 0 0.0 StmtAppend(39,50) (stored at: variant7)
30390 [main] ERROR clegoues.genprog4java.rep.JavaRepresentation  - org/jsoup/nodes/Entities.java:227: error: return outside method
            return c < 0x80;
            ^
1 error

30390 [main] INFO clegoues.genprog4java.rep.CachingRepresentation  - StmtReplace(104,84) at variant8 fails to compile

30390 [main] INFO clegoues.genprog4java.fitness.Fitness  - 	 gen: 0 0.0 StmtReplace(104,84) (stored at: variant8)
31692 [main] INFO clegoues.genprog4java.fitness.Fitness  - 	 gen: 0 0.0 StmtAppend(68,62) (stored at: variant9)
32637 [main] INFO clegoues.genprog4java.fitness.Fitness  - 	 gen: 0 2.0 StmtReplace(63,31) (stored at: variant10)
33136 [main] INFO clegoues.genprog4java.fitness.Fitness  - 	 gen: 0 2.0 StmtDelete(71) (stored at: variant11)
33180 [main] ERROR clegoues.genprog4java.rep.JavaRepresentation  - org/jsoup/nodes/Entities.java:98: error: unreachable statement
						lastWasWhite = true;
						^
1 error

33181 [main] INFO clegoues.genprog4java.rep.CachingRepresentation  - StmtAppend(32,34) at variant12 fails to compile

33181 [main] INFO clegoues.genprog4java.fitness.Fitness  - 	 gen: 0 0.0 StmtAppend(32,34) (stored at: variant12)
33237 [main] ERROR clegoues.genprog4java.rep.JavaRepresentation  - org/jsoup/nodes/Entities.java:220: error: continue outside of loop
        continue;
        ^
1 error

33237 [main] INFO clegoues.genprog4java.rep.CachingRepresentation  - StmtReplace(97,32) at variant13 fails to compile

33237 [main] INFO clegoues.genprog4java.fitness.Fitness  - 	 gen: 0 0.0 StmtReplace(97,32) (stored at: variant13)
34268 [main] INFO clegoues.genprog4java.fitness.Fitness  - 	 gen: 0 0.0 StmtReplace(40,53) (stored at: variant14)
34606 [main] INFO clegoues.genprog4java.fitness.Fitness  - 	 gen: 0 2.0 StmtDelete(101) (stored at: variant15)
34660 [main] ERROR clegoues.genprog4java.rep.JavaRepresentation  - org/jsoup/nodes/Entities.java:97: error: cannot find symbol
                    if ((stripLeadingWhite && !reachedNonWhite) || lastWasWhite)
                                                                   ^
  symbol:   variable lastWasWhite
  location: class Entities
org/jsoup/nodes/Entities.java:100: error: cannot find symbol
                    lastWasWhite = true;
                    ^
  symbol:   variable lastWasWhite
  location: class Entities
org/jsoup/nodes/Entities.java:103: error: cannot find symbol
                    lastWasWhite = false;
                    ^
  symbol:   variable lastWasWhite
  location: class Entities
3 errors

34660 [main] INFO clegoues.genprog4java.rep.CachingRepresentation  - StmtDelete(16) at variant16 fails to compile

34661 [main] INFO clegoues.genprog4java.fitness.Fitness  - 	 gen: 0 0.0 StmtDelete(16) (stored at: variant16)
35677 [main] INFO clegoues.genprog4java.fitness.Fitness  - 	 gen: 0 2.0 StmtReplace(82,82) (stored at: variant17)
36268 [main] INFO clegoues.genprog4java.fitness.Fitness  - 	 gen: 0 2.0 StmtDelete(65) (stored at: variant18)
37017 [main] INFO clegoues.genprog4java.fitness.Fitness  - 	 gen: 0 1.0 StmtDelete(116) (stored at: variant19)
37019 [main] INFO clegoues.genprog4java.fitness.Fitness  - 	 gen: 0 0.0 StmtDelete(88) (stored at: )
38171 [main] INFO clegoues.genprog4java.fitness.Fitness  - 	 gen: 0 2.0 StmtAppend(116,60) (stored at: variant20)
38559 [main] INFO clegoues.genprog4java.fitness.Fitness  - 	 gen: 0 2.0 StmtDelete(58) (stored at: variant21)
38604 [main] ERROR clegoues.genprog4java.rep.JavaRepresentation  - org/jsoup/nodes/Entities.java:195: error: missing return statement
    }
    ^
1 error

38604 [main] INFO clegoues.genprog4java.rep.CachingRepresentation  - StmtReplace(84,65) at variant22 fails to compile

38604 [main] INFO clegoues.genprog4java.fitness.Fitness  - 	 gen: 0 0.0 StmtReplace(84,65) (stored at: variant22)
39478 [main] INFO clegoues.genprog4java.fitness.Fitness  - 	 gen: 0 1.0 StmtReplace(35,37) (stored at: variant23)
40343 [main] INFO clegoues.genprog4java.fitness.Fitness  - 	 gen: 0 2.0 StmtAppend(111,101) (stored at: variant24)
40377 [main] ERROR clegoues.genprog4java.rep.JavaRepresentation  - org/jsoup/nodes/Entities.java:102: error: unreachable statement
						lastWasWhite = true;
						^
1 error

40377 [main] INFO clegoues.genprog4java.rep.CachingRepresentation  - StmtAppend(35,34) at variant25 fails to compile

40377 [main] INFO clegoues.genprog4java.fitness.Fitness  - 	 gen: 0 0.0 StmtAppend(35,34) (stored at: variant25)
40413 [main] ERROR clegoues.genprog4java.rep.JavaRepresentation  - org/jsoup/nodes/Entities.java:236: error: cannot find symbol
            properties.load(in);
                            ^
  symbol:   variable in
  location: class Entities
org/jsoup/nodes/Entities.java:237: error: cannot find symbol
            in.close();
            ^
  symbol:   variable in
  location: class Entities
2 errors

40413 [main] INFO clegoues.genprog4java.rep.CachingRepresentation  - StmtAppend(110,101) at variant26 fails to compile

40413 [main] INFO clegoues.genprog4java.fitness.Fitness  - 	 gen: 0 0.0 StmtAppend(110,101) (stored at: variant26)
40442 [main] ERROR clegoues.genprog4java.rep.JavaRepresentation  - org/jsoup/nodes/Entities.java:222: error: variable base might not have been initialized
        baseByVal = toCharacterKey(base);
                                   ^
1 error

40443 [main] INFO clegoues.genprog4java.rep.CachingRepresentation  - StmtDelete(97) at variant27 fails to compile

40443 [main] INFO clegoues.genprog4java.fitness.Fitness  - 	 gen: 0 0.0 StmtDelete(97) (stored at: variant27)
41044 [main] INFO clegoues.genprog4java.fitness.Fitness  - 	 gen: 0 2.0 StmtDelete(84) (stored at: variant28)
41071 [main] ERROR clegoues.genprog4java.rep.JavaRepresentation  - org/jsoup/nodes/Entities.java:223: error: continue outside of loop
			continue;
			^
1 error

41071 [main] INFO clegoues.genprog4java.rep.CachingRepresentation  - StmtAppend(98,32) at variant29 fails to compile

41071 [main] INFO clegoues.genprog4java.fitness.Fitness  - 	 gen: 0 0.0 StmtAppend(98,32) (stored at: variant29)
41099 [main] ERROR clegoues.genprog4java.rep.JavaRepresentation  - org/jsoup/nodes/Entities.java:193: error: continue outside of loop
			continue;
			^
1 error

41099 [main] INFO clegoues.genprog4java.rep.CachingRepresentation  - StmtReplace(88,35) at variant30 fails to compile

41099 [main] INFO clegoues.genprog4java.fitness.Fitness  - 	 gen: 0 0.0 StmtReplace(88,35) (stored at: variant30)
41136 [main] ERROR clegoues.genprog4java.rep.JavaRepresentation  - org/jsoup/nodes/Entities.java:228: error: variable xhtmlByVal might not have been initialized
            xhtmlByVal.put(c, ((String) entity[0]));
            ^
org/jsoup/nodes/Entities.java:42: error: variable xhtmlByVal might not have been initialized
    private Entities() {}
                        ^
2 errors

41137 [main] INFO clegoues.genprog4java.rep.CachingRepresentation  - StmtDelete(96) at variant31 fails to compile

41137 [main] INFO clegoues.genprog4java.fitness.Fitness  - 	 gen: 0 0.0 StmtDelete(96) (stored at: variant31)
41165 [main] ERROR clegoues.genprog4java.rep.JavaRepresentation  - org/jsoup/nodes/Entities.java:232: error: continue outside of loop
        continue;
        ^
org/jsoup/nodes/Entities.java:236: error: cannot find symbol
            properties.load(in);
            ^
  symbol:   variable properties
  location: class Entities
org/jsoup/nodes/Entities.java:242: error: cannot find symbol
        for (Map.Entry entry: properties.entrySet()) {
                              ^
  symbol:   variable properties
  location: class Entities
3 errors

41165 [main] INFO clegoues.genprog4java.rep.CachingRepresentation  - StmtReplace(106,32) at variant32 fails to compile

41166 [main] INFO clegoues.genprog4java.fitness.Fitness  - 	 gen: 0 0.0 StmtReplace(106,32) (stored at: variant32)
41646 [main] INFO clegoues.genprog4java.fitness.Fitness  - 	 gen: 0 2.0 StmtAppend(98,101) (stored at: variant33)
42098 [main] INFO clegoues.genprog4java.fitness.Fitness  - 	 gen: 0 2.0 StmtAppend(52,70) (stored at: variant34)
42122 [main] ERROR clegoues.genprog4java.rep.JavaRepresentation  - org/jsoup/nodes/Entities.java:222: error: continue outside of loop
			continue;
			^
1 error

42122 [main] INFO clegoues.genprog4java.rep.CachingRepresentation  - StmtAppend(97,32) at variant35 fails to compile

42122 [main] INFO clegoues.genprog4java.fitness.Fitness  - 	 gen: 0 0.0 StmtAppend(97,32) (stored at: variant35)
42156 [main] ERROR clegoues.genprog4java.rep.JavaRepresentation  - org/jsoup/nodes/Entities.java:237: error: cannot find symbol
            properties.load(in);
            ^
  symbol:   variable properties
  location: class Entities
org/jsoup/nodes/Entities.java:243: error: cannot find symbol
        for (Map.Entry entry: properties.entrySet()) {
                              ^
  symbol:   variable properties
  location: class Entities
2 errors

42157 [main] INFO clegoues.genprog4java.rep.CachingRepresentation  - StmtDelete(106) at variant36 fails to compile

42157 [main] INFO clegoues.genprog4java.fitness.Fitness  - 	 gen: 0 0.0 StmtDelete(106) (stored at: variant36)
43030 [main] INFO clegoues.genprog4java.fitness.Fitness  - 	 gen: 0 2.0 StmtDelete(104) (stored at: variant37)
43527 [main] INFO clegoues.genprog4java.fitness.Fitness  - 	 gen: 0 2.0 StmtDelete(27) (stored at: variant38)
43527 [main] INFO clegoues.genprog4java.Search.Search  - search: generation1
43553 [main] ERROR clegoues.genprog4java.rep.JavaRepresentation  - org/jsoup/nodes/Entities.java:196: error: missing return statement
    }
    ^
1 error

44292 [main] INFO clegoues.genprog4java.fitness.Fitness  - 	 gen: 1 1.0 StmtDelete(58) StmtDelete(62) (stored at: variant39)
44318 [main] ERROR clegoues.genprog4java.rep.JavaRepresentation  - org/jsoup/nodes/Entities.java:222: error: variable base might not have been initialized
        baseByVal = toCharacterKey(base);
                                   ^
1 error

44318 [main] INFO clegoues.genprog4java.rep.CachingRepresentation  - StmtDelete(101) StmtDelete(97) at variant40 fails to compile

44318 [main] INFO clegoues.genprog4java.fitness.Fitness  - 	 gen: 1 0.0 StmtDelete(101) StmtDelete(97) (stored at: variant40)
45169 [main] INFO clegoues.genprog4java.fitness.Fitness  - 	 gen: 1 2.0 StmtReplace(102,55) StmtAppend(59,62) (stored at: variant41)
46058 [main] INFO clegoues.genprog4java.fitness.Fitness  - 	 gen: 1 1.0 StmtReplace(35,37) StmtReplace(58,59) (stored at: variant42)
46776 [main] INFO clegoues.genprog4java.fitness.Fitness  - 	 gen: 1 2.0 StmtDelete(84) StmtReplace(39,39) (stored at: variant43)
46799 [main] ERROR clegoues.genprog4java.rep.JavaRepresentation  - org/jsoup/nodes/Entities.java:245: error: cannot find symbol
            entities.put(name, val);
                               ^
  symbol:   variable val
  location: class Entities
1 error

46799 [main] INFO clegoues.genprog4java.rep.CachingRepresentation  - StmtDelete(58) StmtDelete(117) at variant44 fails to compile

46799 [main] INFO clegoues.genprog4java.fitness.Fitness  - 	 gen: 1 0.0 StmtDelete(58) StmtDelete(117) (stored at: variant44)
46824 [main] ERROR clegoues.genprog4java.rep.JavaRepresentation  - org/jsoup/nodes/Entities.java:219: error: continue outside of loop
        continue;
        ^
1 error

46824 [main] INFO clegoues.genprog4java.rep.CachingRepresentation  - StmtAppend(98,101) StmtReplace(96,35) at variant45 fails to compile

46824 [main] INFO clegoues.genprog4java.fitness.Fitness  - 	 gen: 1 0.0 StmtAppend(98,101) StmtReplace(96,35) (stored at: variant45)
47925 [main] INFO clegoues.genprog4java.fitness.Fitness  - 	 gen: 1 2.0 StmtDelete(104) StmtAppend(34,31) (stored at: variant46)
48554 [main] INFO clegoues.genprog4java.fitness.Fitness  - 	 gen: 1 2.0 StmtDelete(65) StmtAppend(53,71) (stored at: variant47)
49341 [main] INFO clegoues.genprog4java.fitness.Fitness  - 	 gen: 1 1.0 StmtDelete(71) StmtDelete(62) (stored at: variant48)
50065 [main] INFO clegoues.genprog4java.fitness.Fitness  - 	 gen: 1 2.0 StmtReplace(63,31) StmtDelete(69) (stored at: variant49)
50865 [main] INFO clegoues.genprog4java.fitness.Fitness  - 	 gen: 1 0.0 StmtReplace(82,82) StmtReplace(40,50) (stored at: variant50)
51729 [main] INFO clegoues.genprog4java.fitness.Fitness  - 	 gen: 1 1.0 StmtReplace(102,60) StmtAppend(29,35) (stored at: variant51)
52541 [main] INFO clegoues.genprog4java.fitness.Fitness  - 	 gen: 1 2.0 StmtAppend(98,101) StmtDelete(112) (stored at: variant52)
52564 [main] ERROR clegoues.genprog4java.rep.JavaRepresentation  - org/jsoup/nodes/Entities.java:243: error: break outside switch or loop
        break;
        ^
1 error

52564 [main] INFO clegoues.genprog4java.rep.CachingRepresentation  - StmtDelete(104) StmtReplace(115,50) at variant53 fails to compile

52564 [main] INFO clegoues.genprog4java.fitness.Fitness  - 	 gen: 1 0.0 StmtDelete(104) StmtReplace(115,50) (stored at: variant53)
53115 [main] INFO clegoues.genprog4java.fitness.Fitness  - 	 gen: 1 2.0 StmtReplace(82,82) StmtReplace(86,65) (stored at: variant54)
53139 [main] ERROR clegoues.genprog4java.rep.JavaRepresentation  - org/jsoup/nodes/Entities.java:194: error: missing return statement
    }
    ^
1 error

53139 [main] INFO clegoues.genprog4java.rep.CachingRepresentation  - StmtDelete(58) StmtReplace(84,50) at variant55 fails to compile

53139 [main] INFO clegoues.genprog4java.fitness.Fitness  - 	 gen: 1 0.0 StmtDelete(58) StmtReplace(84,50) (stored at: variant55)
53914 [main] INFO clegoues.genprog4java.fitness.Fitness  - 	 gen: 1 2.0 StmtDelete(65) StmtDelete(112) (stored at: variant56)
53938 [main] ERROR clegoues.genprog4java.rep.JavaRepresentation  - org/jsoup/nodes/Entities.java:240: error: break outside switch or loop
        {for (Map.Entry entry:properties.entrySet()){Character val=Character.valueOf((char)Integer.parseInt((String)entry.getValue(),16));String name=(String)entry.getKey();entities.put(name,val);}break;}
                                                                                                                                                                                                     ^
1 error

53938 [main] INFO clegoues.genprog4java.rep.CachingRepresentation  - StmtReplace(102,55) StmtAppend(115,60) at variant57 fails to compile

53938 [main] INFO clegoues.genprog4java.fitness.Fitness  - 	 gen: 1 0.0 StmtReplace(102,55) StmtAppend(115,60) (stored at: variant57)
53963 [main] ERROR clegoues.genprog4java.rep.JavaRepresentation  - org/jsoup/nodes/Entities.java:88: error: continue outside of loop
        continue;
        ^
org/jsoup/nodes/Entities.java:91: error: cannot find symbol
        for (int offset = 0; offset < length; offset += Character.charCount(codePoint)) {
                                      ^
  symbol:   variable length
  location: class Entities
2 errors

53964 [main] INFO clegoues.genprog4java.rep.CachingRepresentation  - StmtDelete(71) StmtReplace(22,35) at variant58 fails to compile

53964 [main] INFO clegoues.genprog4java.fitness.Fitness  - 	 gen: 1 0.0 StmtDelete(71) StmtReplace(22,35) (stored at: variant58)
54000 [main] ERROR clegoues.genprog4java.rep.JavaRepresentation  - org/jsoup/nodes/Entities.java:251: error: continue outside of loop
        {Map<Character, String> outMap=new HashMap<Character, String>();continue;}
                                                                        ^
org/jsoup/nodes/Entities.java:256: error: cannot find symbol
            if (outMap.containsKey(character)) {
                ^
  symbol:   variable outMap
  location: class Entities
org/jsoup/nodes/Entities.java:259: error: cannot find symbol
                    outMap.put(character, name);
                    ^
  symbol:   variable outMap
  location: class Entities
org/jsoup/nodes/Entities.java:261: error: cannot find symbol
                outMap.put(character, name);
                ^
  symbol:   variable outMap
  location: class Entities
org/jsoup/nodes/Entities.java:264: error: cannot find symbol
        return outMap;
               ^
  symbol:   variable outMap
  location: class Entities
5 errors

54001 [main] INFO clegoues.genprog4java.rep.CachingRepresentation  - StmtAppend(111,101) StmtAppend(122,32) at variant59 fails to compile

54001 [main] INFO clegoues.genprog4java.fitness.Fitness  - 	 gen: 1 0.0 StmtAppend(111,101) StmtAppend(122,32) (stored at: variant59)
54950 [main] INFO clegoues.genprog4java.fitness.Fitness  - 	 gen: 1 1.0 StmtAppend(98,101) StmtReplace(37,31) (stored at: variant60)
55807 [main] INFO clegoues.genprog4java.fitness.Fitness  - 	 gen: 1 2.0 StmtDelete(65) StmtDelete(119) (stored at: variant61)
56708 [main] INFO clegoues.genprog4java.fitness.Fitness  - 	 gen: 1 2.0 StmtDelete(101) StmtReplace(70,67) (stored at: variant62)
56732 [main] ERROR clegoues.genprog4java.rep.JavaRepresentation  - org/jsoup/nodes/Entities.java:82: error: continue outside of loop
        continue;
        ^
org/jsoup/nodes/Entities.java:96: error: cannot find symbol
                    if ((stripLeadingWhite && !reachedNonWhite) || lastWasWhite)
                                                                   ^
  symbol:   variable lastWasWhite
  location: class Entities
org/jsoup/nodes/Entities.java:99: error: cannot find symbol
                    lastWasWhite = true;
                    ^
  symbol:   variable lastWasWhite
  location: class Entities
org/jsoup/nodes/Entities.java:102: error: cannot find symbol
                    lastWasWhite = false;
                    ^
  symbol:   variable lastWasWhite
  location: class Entities
4 errors

56732 [main] INFO clegoues.genprog4java.rep.CachingRepresentation  - StmtDelete(104) StmtReplace(16,32) at variant63 fails to compile

56732 [main] INFO clegoues.genprog4java.fitness.Fitness  - 	 gen: 1 0.0 StmtDelete(104) StmtReplace(16,32) (stored at: variant63)
57533 [main] INFO clegoues.genprog4java.fitness.Fitness  - 	 gen: 1 0.0 StmtDelete(84) StmtAppend(29,44) (stored at: variant64)
58159 [main] INFO clegoues.genprog4java.fitness.Fitness  - 	 gen: 1 2.0 StmtAppend(44,54) (stored at: variant65)
58683 [main] INFO clegoues.genprog4java.fitness.Fitness  - 	 gen: 1 0.0 StmtAppend(37,49) (stored at: variant66)
59672 [main] INFO clegoues.genprog4java.fitness.Fitness  - 	 gen: 1 1.0 StmtDelete(101) StmtReplace(28,49) (stored at: variant67)
60447 [main] INFO clegoues.genprog4java.fitness.Fitness  - 	 gen: 1 2.0 StmtReplace(82,82) StmtAppend(71,45) (stored at: variant68)
61247 [main] INFO clegoues.genprog4java.fitness.Fitness  - 	 gen: 1 0.0 StmtAppend(52,70) StmtDelete(33) (stored at: variant69)
61851 [main] INFO clegoues.genprog4java.fitness.Fitness  - 	 gen: 1 2.0 StmtDelete(101) StmtDelete(38) (stored at: variant70)
62588 [main] INFO clegoues.genprog4java.fitness.Fitness  - 	 gen: 1 1.0 StmtAppend(52,70) StmtReplace(33,31) (stored at: variant71)
62607 [main] ERROR clegoues.genprog4java.rep.JavaRepresentation  - org/jsoup/nodes/Entities.java:91: error: break outside switch or loop
        break;
        ^
1 error

62607 [main] INFO clegoues.genprog4java.rep.CachingRepresentation  - StmtDelete(71) StmtReplace(24,50) at variant72 fails to compile

62607 [main] INFO clegoues.genprog4java.fitness.Fitness  - 	 gen: 1 0.0 StmtDelete(71) StmtReplace(24,50) (stored at: variant72)
62639 [main] ERROR clegoues.genprog4java.rep.JavaRepresentation  - org/jsoup/nodes/Entities.java:74: error: continue outside of loop
        continue;
        ^
1 error

62639 [main] INFO clegoues.genprog4java.rep.CachingRepresentation  - StmtDelete(84) StmtReplace(13,35) at variant73 fails to compile

62639 [main] INFO clegoues.genprog4java.fitness.Fitness  - 	 gen: 1 0.0 StmtDelete(84) StmtReplace(13,35) (stored at: variant73)
63366 [main] INFO clegoues.genprog4java.fitness.Fitness  - 	 gen: 1 2.0 StmtAppend(111,101) StmtDelete(130) (stored at: variant74)
64182 [main] INFO clegoues.genprog4java.fitness.Fitness  - 	 gen: 1 1.0 StmtDelete(104) StmtAppend(24,53) (stored at: variant75)
64206 [main] ERROR clegoues.genprog4java.rep.JavaRepresentation  - org/jsoup/nodes/Entities.java:102: error: unreachable statement
						if (escapeMode != EscapeMode.xhtml)
						^
1 error

64206 [main] INFO clegoues.genprog4java.rep.CachingRepresentation  - StmtAppend(111,101) StmtAppend(35,47) at variant76 fails to compile

64206 [main] INFO clegoues.genprog4java.fitness.Fitness  - 	 gen: 1 0.0 StmtAppend(111,101) StmtAppend(35,47) (stored at: variant76)
64232 [main] ERROR clegoues.genprog4java.rep.JavaRepresentation  - org/jsoup/nodes/Entities.java:256: error: cannot find symbol
				if (name.toLowerCase().equals(name))
				                              ^
  symbol:   variable name
  location: class Entities
org/jsoup/nodes/Entities.java:256: error: cannot find symbol
				if (name.toLowerCase().equals(name))
				    ^
  symbol:   variable name
  location: class Entities
org/jsoup/nodes/Entities.java:257: error: cannot find symbol
					outMap.put(character, name);
					                      ^
  symbol:   variable name
  location: class Entities
org/jsoup/nodes/Entities.java:262: error: cannot find symbol
                if (name.toLowerCase().equals(name))
                                              ^
  symbol:   variable name
  location: class Entities
org/jsoup/nodes/Entities.java:262: error: cannot find symbol
                if (name.toLowerCase().equals(name))
                    ^
  symbol:   variable name
  location: class Entities
org/jsoup/nodes/Entities.java:263: error: cannot find symbol
                    outMap.put(character, name);
                                          ^
  symbol:   variable name
  location: class Entities
org/jsoup/nodes/Entities.java:265: error: cannot find symbol
                outMap.put(character, name);
                                      ^
  symbol:   variable name
  location: class Entities
7 errors

64232 [main] INFO clegoues.genprog4java.rep.CachingRepresentation  - StmtDelete(84) StmtReplace(126,128) at variant77 fails to compile

64232 [main] INFO clegoues.genprog4java.fitness.Fitness  - 	 gen: 1 0.0 StmtDelete(84) StmtReplace(126,128) (stored at: variant77)
64271 [main] ERROR clegoues.genprog4java.rep.JavaRepresentation  - org/jsoup/nodes/Entities.java:237: error: cannot find symbol
				return base.containsKey(name);
				                        ^
  symbol:   variable name
  location: class Entities
1 error

64271 [main] INFO clegoues.genprog4java.rep.CachingRepresentation  - StmtReplace(102,55) StmtAppend(112,8) at variant78 fails to compile

64271 [main] INFO clegoues.genprog4java.fitness.Fitness  - 	 gen: 1 0.0 StmtReplace(102,55) StmtAppend(112,8) (stored at: variant78)
64297 [main] ERROR clegoues.genprog4java.rep.JavaRepresentation  - org/jsoup/nodes/Entities.java:152: error: cannot find symbol
                if (encoder.canEncode(c)) // uses fallback encoder for simplicity
                                      ^
  symbol:   variable c
  location: class Entities
org/jsoup/nodes/Entities.java:153: error: cannot find symbol
                    accum.append(c);
                                 ^
  symbol:   variable c
  location: class Entities
2 errors

64297 [main] INFO clegoues.genprog4java.rep.CachingRepresentation  - StmtAppend(73,65) at variant79 fails to compile

64297 [main] INFO clegoues.genprog4java.fitness.Fitness  - 	 gen: 1 0.0 StmtAppend(73,65) (stored at: variant79)
64620 [main] INFO clegoues.genprog4java.fitness.Fitness  - 	 gen: 1 2.0 StmtAppend(102,55) (stored at: variant80)
65509 [main] INFO clegoues.genprog4java.fitness.Fitness  - 	 gen: 1 2.0 StmtDelete(86) (stored at: variant81)
66581 [main] INFO clegoues.genprog4java.fitness.Fitness  - 	 gen: 1 0.0 StmtReplace(111,101) (stored at: variant82)
66602 [main] ERROR clegoues.genprog4java.rep.JavaRepresentation  - org/jsoup/nodes/Entities.java:222: error: continue outside of loop
			continue;
			^
1 error

66602 [main] INFO clegoues.genprog4java.rep.CachingRepresentation  - StmtAppend(97,35) at variant83 fails to compile

66602 [main] INFO clegoues.genprog4java.fitness.Fitness  - 	 gen: 1 0.0 StmtAppend(97,35) (stored at: variant83)
67179 [main] INFO clegoues.genprog4java.fitness.Fitness  - 	 gen: 1 0.0 StmtDelete(67) (stored at: variant84)
67199 [main] ERROR clegoues.genprog4java.rep.JavaRepresentation  - org/jsoup/nodes/Entities.java:140: error: cannot find symbol
                        if (canEncode(coreCharset, c, encoder))
                                      ^
  symbol:   variable coreCharset
  location: class Entities
1 error

67199 [main] INFO clegoues.genprog4java.rep.CachingRepresentation  - StmtReplace(20,58) at variant85 fails to compile

67199 [main] INFO clegoues.genprog4java.fitness.Fitness  - 	 gen: 1 0.0 StmtReplace(20,58) (stored at: variant85)
67797 [main] INFO clegoues.genprog4java.fitness.Fitness  - 	 gen: 1 1.0 StmtDelete(33) (stored at: variant86)
67836 [main] ERROR clegoues.genprog4java.rep.JavaRepresentation  - org/jsoup/nodes/Entities.java:261: error: incompatible types: Character cannot be converted to Map<Character,String>
                return full.get(name);
                               ^
1 error

67836 [main] INFO clegoues.genprog4java.rep.CachingRepresentation  - StmtReplace(132,10) at variant87 fails to compile

67837 [main] INFO clegoues.genprog4java.fitness.Fitness  - 	 gen: 1 0.0 StmtReplace(132,10) (stored at: variant87)
68747 [main] INFO clegoues.genprog4java.fitness.Fitness  - 	 gen: 1 2.0 StmtReplace(64,31) (stored at: variant88)
69714 [main] INFO clegoues.genprog4java.fitness.Fitness  - 	 gen: 1 0.0 StmtReplace(37,101) (stored at: variant89)
69739 [main] ERROR clegoues.genprog4java.rep.JavaRepresentation  - org/jsoup/nodes/Entities.java:113: error: cannot find symbol
                switch (c) {
                        ^
  symbol:   variable c
  location: class Entities
org/jsoup/nodes/Entities.java:113: error: illegal start of type
                switch (c) {
                       ^
org/jsoup/nodes/Entities.java:128: error: cannot find symbol
                            accum.append(c);
                                         ^
  symbol:   variable c
  location: class Entities
org/jsoup/nodes/Entities.java:134: error: cannot find symbol
                            accum.append(c);
                                         ^
  symbol:   variable c
  location: class Entities
org/jsoup/nodes/Entities.java:140: error: cannot find symbol
                            accum.append(c);
                                         ^
  symbol:   variable c
  location: class Entities
org/jsoup/nodes/Entities.java:143: error: cannot find symbol
                        if (canEncode(coreCharset, c, encoder))
                                                   ^
  symbol:   variable c
  location: class Entities
org/jsoup/nodes/Entities.java:144: error: cannot find symbol
                            accum.append(c);
                                         ^
  symbol:   variable c
  location: class Entities
org/jsoup/nodes/Entities.java:145: error: cannot find symbol
                        else if (map.containsKey(c))
                                                 ^
  symbol:   variable c
  location: class Entities
org/jsoup/nodes/Entities.java:146: error: cannot find symbol
                            accum.append('&').append(map.get(c)).append(';');
                                                             ^
  symbol:   variable c
  location: class Entities
9 errors

69739 [main] INFO clegoues.genprog4java.rep.CachingRepresentation  - StmtAppend(41,33) at variant90 fails to compile

69739 [main] INFO clegoues.genprog4java.fitness.Fitness  - 	 gen: 1 0.0 StmtAppend(41,33) (stored at: variant90)
70466 [main] INFO clegoues.genprog4java.fitness.Fitness  - 	 gen: 1 2.0 StmtAppend(28,47) (stored at: variant91)
71232 [main] INFO clegoues.genprog4java.fitness.Fitness  - 	 gen: 1 2.0 StmtReplace(44,29) (stored at: variant92)
71538 [main] INFO clegoues.genprog4java.fitness.Fitness  - 	 gen: 1 2.0 StmtDelete(57) (stored at: variant93)
71558 [main] ERROR clegoues.genprog4java.rep.JavaRepresentation  - org/jsoup/nodes/Entities.java:223: error: continue outside of loop
        continue;
        ^
1 error

71558 [main] INFO clegoues.genprog4java.rep.CachingRepresentation  - StmtReplace(100,35) at variant94 fails to compile

71558 [main] INFO clegoues.genprog4java.fitness.Fitness  - 	 gen: 1 0.0 StmtReplace(100,35) (stored at: variant94)
72440 [main] INFO clegoues.genprog4java.fitness.Fitness  - 	 gen: 1 2.0 StmtReplace(75,50) (stored at: variant95)
73301 [main] INFO clegoues.genprog4java.fitness.Fitness  - 	 gen: 1 2.0 StmtReplace(54,67) (stored at: variant96)
73971 [main] INFO clegoues.genprog4java.fitness.Fitness  - 	 gen: 1 2.0 StmtAppend(70,65) (stored at: variant97)
74899 [main] INFO clegoues.genprog4java.fitness.Fitness  - 	 gen: 1 0.0 StmtAppend(67,30) (stored at: variant98)
75402 [main] INFO clegoues.genprog4java.fitness.Fitness  - 	 gen: 1 2.0 StmtDelete(59) (stored at: variant99)
76124 [main] INFO clegoues.genprog4java.fitness.Fitness  - 	 gen: 1 2.0 StmtDelete(63) (stored at: variant100)
76125 [main] INFO clegoues.genprog4java.Search.Search  - search: generation2
77323 [main] INFO clegoues.genprog4java.fitness.Fitness  - 	 gen: 2 2.0 StmtDelete(63) StmtReplace(65,34) (stored at: variant101)
77988 [main] INFO clegoues.genprog4java.fitness.Fitness  - 	 gen: 2 2.0 StmtReplace(82,82) StmtAppend(71,45) StmtDelete(57) (stored at: variant102)
78512 [main] INFO clegoues.genprog4java.fitness.Fitness  - 	 gen: 2 0.0 StmtAppend(28,47) StmtDelete(35) (stored at: variant103)
78533 [main] ERROR clegoues.genprog4java.rep.JavaRepresentation  - org/jsoup/nodes/Entities.java:221: error: variable base might not have been initialized
        baseByVal = toCharacterKey(base);
                                   ^
1 error

78533 [main] INFO clegoues.genprog4java.rep.CachingRepresentation  - StmtReplace(63,31) StmtDelete(69) StmtDelete(97) at variant104 fails to compile

78533 [main] INFO clegoues.genprog4java.fitness.Fitness  - 	 gen: 2 0.0 StmtReplace(63,31) StmtDelete(69) StmtDelete(97) (stored at: variant104)
78559 [main] ERROR clegoues.genprog4java.rep.JavaRepresentation  - org/jsoup/nodes/Entities.java:87: error: cannot find symbol
        final Map<Character, String> map = escapeMode.getMap();
                                           ^
  symbol:   variable escapeMode
  location: class Entities
org/jsoup/nodes/Entities.java:115: error: cannot find symbol
                        if (escapeMode != EscapeMode.xhtml)
                            ^
  symbol:   variable escapeMode
  location: class Entities
2 errors

78559 [main] INFO clegoues.genprog4java.rep.CachingRepresentation  - StmtDelete(101) StmtReplace(70,67) StmtReplace(18,49) at variant105 fails to compile

78559 [main] INFO clegoues.genprog4java.fitness.Fitness  - 	 gen: 2 0.0 StmtDelete(101) StmtReplace(70,67) StmtReplace(18,49) (stored at: variant105)
78581 [main] ERROR clegoues.genprog4java.rep.JavaRepresentation  - org/jsoup/nodes/Entities.java:142: error: cannot find symbol
                        else if (map.containsKey(c))
                                 ^
  symbol:   variable map
  location: class Entities
org/jsoup/nodes/Entities.java:143: error: cannot find symbol
                            accum.append('&').append(map.get(c)).append(';');
                                                     ^
  symbol:   variable map
  location: class Entities
2 errors

78581 [main] INFO clegoues.genprog4java.rep.CachingRepresentation  - StmtDelete(86) StmtReplace(21,63) at variant106 fails to compile

78581 [main] INFO clegoues.genprog4java.fitness.Fitness  - 	 gen: 2 0.0 StmtDelete(86) StmtReplace(21,63) (stored at: variant106)
79403 [main] INFO clegoues.genprog4java.fitness.Fitness  - 	 gen: 2 1.0 StmtAppend(111,101) StmtDelete(130) StmtDelete(72) (stored at: variant107)
79425 [main] ERROR clegoues.genprog4java.rep.JavaRepresentation  - org/jsoup/nodes/Entities.java:248: error: cannot find symbol
            entities.put(name, val);
                               ^
  symbol:   variable val
  location: class Entities
1 error

79425 [main] INFO clegoues.genprog4java.rep.CachingRepresentation  - StmtDelete(65) StmtAppend(53,71) StmtDelete(117) at variant108 fails to compile

79425 [main] INFO clegoues.genprog4java.fitness.Fitness  - 	 gen: 2 0.0 StmtDelete(65) StmtAppend(53,71) StmtDelete(117) (stored at: variant108)
80094 [main] INFO clegoues.genprog4java.fitness.Fitness  - 	 gen: 2 2.0 StmtDelete(84) StmtAppend(29,44) StmtAppend(26,37) (stored at: variant109)
80984 [main] INFO clegoues.genprog4java.fitness.Fitness  - 	 gen: 2 2.0 StmtReplace(82,82) StmtReplace(86,65) StmtAppend(99,101) (stored at: variant110)
81840 [main] INFO clegoues.genprog4java.fitness.Fitness  - 	 gen: 2 2.0 StmtReplace(54,67) StmtAppend(70,38) (stored at: variant111)
82641 [main] INFO clegoues.genprog4java.fitness.Fitness  - 	 gen: 2 2.0 StmtAppend(102,55) StmtDelete(123) (stored at: variant112)
83572 [main] INFO clegoues.genprog4java.fitness.Fitness  - 	 gen: 2 2.0 StmtReplace(82,82) StmtAppend(71,45) StmtAppend(76,33) (stored at: variant113)
84493 [main] INFO clegoues.genprog4java.fitness.Fitness  - 	 gen: 2 2.0 StmtAppend(70,65) StmtDelete(58) (stored at: variant114)
85245 [main] INFO clegoues.genprog4java.fitness.Fitness  - 	 gen: 2 2.0 StmtReplace(82,82) StmtAppend(71,45) StmtAppend(100,101) (stored at: variant115)
85990 [main] INFO clegoues.genprog4java.fitness.Fitness  - 	 gen: 2 2.0 StmtAppend(44,54) StmtAppend(63,75) (stored at: variant116)
86691 [main] INFO clegoues.genprog4java.fitness.Fitness  - 	 gen: 2 2.0 StmtDelete(86) StmtReplace(63,33) (stored at: variant117)
87544 [main] INFO clegoues.genprog4java.fitness.Fitness  - 	 gen: 2 2.0 StmtDelete(57) StmtReplace(32,31) (stored at: variant118)
87566 [main] ERROR clegoues.genprog4java.rep.JavaRepresentation  - org/jsoup/nodes/Entities.java:195: error: missing return statement
    }
    ^
1 error

87567 [main] INFO clegoues.genprog4java.rep.CachingRepresentation  - StmtAppend(98,101) StmtDelete(112) StmtReplace(86,65) at variant119 fails to compile

87567 [main] INFO clegoues.genprog4java.fitness.Fitness  - 	 gen: 2 0.0 StmtAppend(98,101) StmtDelete(112) StmtReplace(86,65) (stored at: variant119)
87589 [main] ERROR clegoues.genprog4java.rep.JavaRepresentation  - org/jsoup/nodes/Entities.java:87: error: continue outside of loop
        {final Map<Character, String> map=escapeMode.getMap();continue;}
                                                              ^
org/jsoup/nodes/Entities.java:144: error: cannot find symbol
                        else if (map.containsKey(c))
                                 ^
  symbol:   variable map
  location: class Entities
org/jsoup/nodes/Entities.java:145: error: cannot find symbol
                            accum.append('&').append(map.get(c)).append(';');
                                                     ^
  symbol:   variable map
  location: class Entities
3 errors

87589 [main] INFO clegoues.genprog4java.rep.CachingRepresentation  - StmtDelete(65) StmtAppend(53,71) StmtAppend(21,35) at variant120 fails to compile

87589 [main] INFO clegoues.genprog4java.fitness.Fitness  - 	 gen: 2 0.0 StmtDelete(65) StmtAppend(53,71) StmtAppend(21,35) (stored at: variant120)
87613 [main] ERROR clegoues.genprog4java.rep.JavaRepresentation  - org/jsoup/nodes/Entities.java:224: error: continue outside of loop
			continue;
			^
1 error

87613 [main] INFO clegoues.genprog4java.rep.CachingRepresentation  - StmtDelete(63) StmtAppend(100,32) at variant121 fails to compile

87613 [main] INFO clegoues.genprog4java.fitness.Fitness  - 	 gen: 2 0.0 StmtDelete(63) StmtAppend(100,32) (stored at: variant121)
88443 [main] INFO clegoues.genprog4java.fitness.Fitness  - 	 gen: 2 2.0 StmtDelete(101) StmtDelete(38) StmtAppend(53,29) (stored at: variant122)
89305 [main] INFO clegoues.genprog4java.fitness.Fitness  - 	 gen: 2 2.0 StmtDelete(104) StmtAppend(34,31) StmtReplace(128,130) (stored at: variant123)
90016 [main] INFO clegoues.genprog4java.fitness.Fitness  - 	 gen: 2 1.0 StmtDelete(63) StmtReplace(27,63) (stored at: variant124)
90669 [main] INFO clegoues.genprog4java.fitness.Fitness  - 	 gen: 2 0.0 StmtAppend(28,47) StmtDelete(37) (stored at: variant125)
90690 [main] ERROR clegoues.genprog4java.rep.JavaRepresentation  - org/jsoup/nodes/Entities.java:153: error: cannot find symbol
                if (encoder.canEncode(c)) // uses fallback encoder for simplicity
                                      ^
  symbol:   variable c
  location: class Entities
org/jsoup/nodes/Entities.java:154: error: cannot find symbol
                    accum.append(c);
                                 ^
  symbol:   variable c
  location: class Entities
2 errors

90690 [main] INFO clegoues.genprog4java.rep.CachingRepresentation  - StmtAppend(70,65) StmtAppend(73,58) at variant126 fails to compile

90690 [main] INFO clegoues.genprog4java.fitness.Fitness  - 	 gen: 2 0.0 StmtAppend(70,65) StmtAppend(73,58) (stored at: variant126)
91414 [main] INFO clegoues.genprog4java.fitness.Fitness  - 	 gen: 2 1.0 StmtReplace(82,82) StmtAppend(71,45) StmtReplace(70,65) (stored at: variant127)
92139 [main] INFO clegoues.genprog4java.fitness.Fitness  - 	 gen: 2 0.0 StmtReplace(63,31) StmtDelete(69) StmtReplace(29,55) (stored at: variant128)
92806 [main] INFO clegoues.genprog4java.fitness.Fitness  - 	 gen: 2 2.0 StmtAppend(70,65) StmtReplace(50,57) (stored at: variant129)
93566 [main] INFO clegoues.genprog4java.fitness.Fitness  - 	 gen: 2 1.0 StmtDelete(59) StmtAppend(72,71) (stored at: variant130)
94106 [main] INFO clegoues.genprog4java.fitness.Fitness  - 	 gen: 2 2.0 StmtDelete(101) StmtDelete(38) StmtReplace(103,65) (stored at: variant131)
94127 [main] ERROR clegoues.genprog4java.rep.JavaRepresentation  - org/jsoup/nodes/Entities.java:220: error: continue outside of loop
        continue;
        ^
1 error

94127 [main] INFO clegoues.genprog4java.rep.CachingRepresentation  - StmtAppend(98,101) StmtDelete(112) StmtReplace(97,35) at variant132 fails to compile

94127 [main] INFO clegoues.genprog4java.fitness.Fitness  - 	 gen: 2 0.0 StmtAppend(98,101) StmtDelete(112) StmtReplace(97,35) (stored at: variant132)
94867 [main] INFO clegoues.genprog4java.fitness.Fitness  - 	 gen: 2 2.0 StmtReplace(63,31) StmtDelete(69) StmtDelete(47) (stored at: variant133)
95572 [main] INFO clegoues.genprog4java.fitness.Fitness  - 	 gen: 2 1.0 StmtAppend(28,47) StmtReplace(129,35) (stored at: variant134)
95602 [main] ERROR clegoues.genprog4java.rep.JavaRepresentation  - org/jsoup/nodes/Entities.java:246: error: cannot find symbol
            entities.put(name, val);
                         ^
  symbol:   variable name
  location: class Entities
1 error

95602 [main] INFO clegoues.genprog4java.rep.CachingRepresentation  - StmtDelete(84) StmtReplace(39,39) StmtAppend(118,65) at variant135 fails to compile

95602 [main] INFO clegoues.genprog4java.fitness.Fitness  - 	 gen: 2 0.0 StmtDelete(84) StmtReplace(39,39) StmtAppend(118,65) (stored at: variant135)
95629 [main] ERROR clegoues.genprog4java.rep.JavaRepresentation  - org/jsoup/nodes/Entities.java:110: error: unreachable statement
            if (codePoint < Character.MIN_SUPPLEMENTARY_CODE_POINT) {
            ^
1 error

95629 [main] INFO clegoues.genprog4java.rep.CachingRepresentation  - StmtReplace(64,31) StmtAppend(27,50) at variant136 fails to compile

95629 [main] INFO clegoues.genprog4java.fitness.Fitness  - 	 gen: 2 0.0 StmtReplace(64,31) StmtAppend(27,50) (stored at: variant136)
96445 [main] INFO clegoues.genprog4java.fitness.Fitness  - 	 gen: 2 2.0 StmtDelete(63) StmtAppend(33,47) (stored at: variant137)
97137 [main] INFO clegoues.genprog4java.fitness.Fitness  - 	 gen: 2 2.0 StmtReplace(102,55) StmtAppend(59,62) StmtDelete(50) (stored at: variant138)
98057 [main] INFO clegoues.genprog4java.fitness.Fitness  - 	 gen: 2 2.0 StmtDelete(86) StmtReplace(128,32) (stored at: variant139)
98854 [main] INFO clegoues.genprog4java.fitness.Fitness  - 	 gen: 2 1.0 StmtDelete(104) StmtAppend(34,31) StmtReplace(31,40) (stored at: variant140)
98875 [main] ERROR clegoues.genprog4java.rep.JavaRepresentation  - org/jsoup/nodes/Entities.java:195: error: missing return statement
    }
    ^
1 error

98875 [main] INFO clegoues.genprog4java.rep.CachingRepresentation  - StmtReplace(88,50) at variant141 fails to compile

98875 [main] INFO clegoues.genprog4java.fitness.Fitness  - 	 gen: 2 0.0 StmtReplace(88,50) (stored at: variant141)
98895 [main] ERROR clegoues.genprog4java.rep.JavaRepresentation  - org/jsoup/nodes/Entities.java:87: error: cannot find symbol
        final Map<Character, String> map = escapeMode.getMap();
                                           ^
  symbol:   variable escapeMode
  location: class Entities
org/jsoup/nodes/Entities.java:115: error: cannot find symbol
                        if (escapeMode != EscapeMode.xhtml)
                            ^
  symbol:   variable escapeMode
  location: class Entities
2 errors

98896 [main] INFO clegoues.genprog4java.rep.CachingRepresentation  - StmtReplace(18,53) at variant142 fails to compile

98896 [main] INFO clegoues.genprog4java.fitness.Fitness  - 	 gen: 2 0.0 StmtReplace(18,53) (stored at: variant142)
99687 [main] INFO clegoues.genprog4java.fitness.Fitness  - 	 gen: 2 2.0 StmtReplace(54,70) (stored at: variant143)
99723 [main] ERROR clegoues.genprog4java.rep.JavaRepresentation  - org/jsoup/nodes/Entities.java:152: error: continue outside of loop
			continue;
			^
1 error

99723 [main] INFO clegoues.genprog4java.rep.CachingRepresentation  - StmtAppend(24,35) at variant144 fails to compile

99723 [main] INFO clegoues.genprog4java.fitness.Fitness  - 	 gen: 2 0.0 StmtAppend(24,35) (stored at: variant144)
100394 [main] INFO clegoues.genprog4java.fitness.Fitness  - 	 gen: 2 2.0 StmtAppend(111,101) StmtAppend(58,29) (stored at: variant145)
101252 [main] INFO clegoues.genprog4java.fitness.Fitness  - 	 gen: 2 1.0 StmtReplace(82,82) StmtReplace(74,71) (stored at: variant146)
102161 [main] INFO clegoues.genprog4java.fitness.Fitness  - 	 gen: 2 2.0 StmtAppend(72,44) (stored at: variant147)
102906 [main] INFO clegoues.genprog4java.fitness.Fitness  - 	 gen: 2 0.0 StmtAppend(98,101) StmtReplace(38,50) (stored at: variant148)
103614 [main] INFO clegoues.genprog4java.fitness.Fitness  - 	 gen: 2 2.0 StmtAppend(47,54) (stored at: variant149)
104172 [main] INFO clegoues.genprog4java.fitness.Fitness  - 	 gen: 2 2.0 StmtDelete(62) (stored at: variant150)
104981 [main] INFO clegoues.genprog4java.fitness.Fitness  - 	 gen: 2 1.0 StmtReplace(116,101) (stored at: variant151)
105795 [main] INFO clegoues.genprog4java.fitness.Fitness  - 	 gen: 2 0.0 StmtReplace(102,55) StmtAppend(42,54) (stored at: variant152)
106544 [main] INFO clegoues.genprog4java.fitness.Fitness  - 	 gen: 2 2.0 StmtAppend(98,101) StmtAppend(63,49) (stored at: variant153)
106768 [main] INFO clegoues.genprog4java.fitness.Fitness  - 	 gen: 2 2.0 StmtDelete(62) (stored at: variant154)
106768 [main] INFO clegoues.genprog4java.Search.Search  - search: generation3
107068 [main] ERROR clegoues.genprog4java.rep.JavaRepresentation  - org/jsoup/nodes/Entities.java:92: error: continue outside of loop
					continue;
					^
org/jsoup/nodes/Entities.java:95: error: continue outside of loop
				continue;
				^
org/jsoup/nodes/Entities.java:100: error: cannot find symbol
        for (int offset = 0; offset < length; offset += Character.charCount(codePoint)) {
                                      ^
  symbol:   variable length
  location: class Entities
3 errors

107068 [main] INFO clegoues.genprog4java.rep.CachingRepresentation  - StmtReplace(82,82) StmtAppend(71,45) StmtAppend(76,33) StmtAppend(22,30) at variant155 fails to compile

107068 [main] INFO clegoues.genprog4java.fitness.Fitness  - 	 gen: 3 0.0 StmtReplace(82,82) StmtAppend(71,45) StmtAppend(76,33) StmtAppend(22,30) (stored at: variant155)
107540 [main] INFO clegoues.genprog4java.fitness.Fitness  - 	 gen: 3 2.0 StmtDelete(86) StmtReplace(128,32) StmtReplace(129,128) (stored at: variant156)
108462 [main] INFO clegoues.genprog4java.fitness.Fitness  - 	 gen: 3 1.0 StmtDelete(63) StmtAppend(33,47) StmtReplace(57,71) (stored at: variant157)
109139 [main] INFO clegoues.genprog4java.fitness.Fitness  - 	 gen: 3 1.0 StmtReplace(82,82) StmtAppend(71,45) StmtDelete(57) StmtReplace(27,58) (stored at: variant158)
109158 [main] ERROR clegoues.genprog4java.rep.JavaRepresentation  - org/jsoup/nodes/Entities.java:140: error: cannot find symbol
                        if (canEncode(coreCharset, c, encoder))
                                      ^
  symbol:   variable coreCharset
  location: class Entities
1 error

109158 [main] INFO clegoues.genprog4java.rep.CachingRepresentation  - StmtDelete(57) StmtReplace(32,31) StmtDelete(20) at variant159 fails to compile

109159 [main] INFO clegoues.genprog4java.fitness.Fitness  - 	 gen: 3 0.0 StmtDelete(57) StmtReplace(32,31) StmtDelete(20) (stored at: variant159)
109181 [main] ERROR clegoues.genprog4java.rep.JavaRepresentation  - org/jsoup/nodes/Entities.java:99: error: cannot find symbol
                    if ((stripLeadingWhite && !reachedNonWhite) || lastWasWhite)
                                                                   ^
  symbol:   variable lastWasWhite
  location: class Entities
org/jsoup/nodes/Entities.java:102: error: cannot find symbol
                    lastWasWhite = true;
                    ^
  symbol:   variable lastWasWhite
  location: class Entities
org/jsoup/nodes/Entities.java:105: error: cannot find symbol
                    lastWasWhite = false;
                    ^
  symbol:   variable lastWasWhite
  location: class Entities
3 errors

109181 [main] INFO clegoues.genprog4java.rep.CachingRepresentation  - StmtReplace(82,82) StmtAppend(71,45) StmtDelete(57) StmtAppend(16,63) at variant160 fails to compile

109182 [main] INFO clegoues.genprog4java.fitness.Fitness  - 	 gen: 3 0.0 StmtReplace(82,82) StmtAppend(71,45) StmtDelete(57) StmtAppend(16,63) (stored at: variant160)
109976 [main] INFO clegoues.genprog4java.fitness.Fitness  - 	 gen: 3 0.0 StmtDelete(63) StmtAppend(33,47) StmtReplace(129,32) (stored at: variant161)
109998 [main] ERROR clegoues.genprog4java.rep.JavaRepresentation  - org/jsoup/nodes/Entities.java:42: error: variable fullByVal might not have been initialized
    private Entities() {}
                        ^
1 error

109998 [main] INFO clegoues.genprog4java.rep.CachingRepresentation  - StmtReplace(82,82) StmtAppend(71,45) StmtAppend(76,33) StmtDelete(100) at variant162 fails to compile

109998 [main] INFO clegoues.genprog4java.fitness.Fitness  - 	 gen: 3 0.0 StmtReplace(82,82) StmtAppend(71,45) StmtAppend(76,33) StmtDelete(100) (stored at: variant162)
110737 [main] INFO clegoues.genprog4java.fitness.Fitness  - 	 gen: 3 0.0 StmtReplace(63,31) StmtDelete(69) StmtDelete(47) StmtAppend(28,34) (stored at: variant163)
110923 [main] ERROR clegoues.genprog4java.rep.JavaRepresentation  - org/jsoup/nodes/Entities.java:96: error: variable codePoint might not have been initialized
                if (StringUtil.isWhitespace(codePoint)) {
                                            ^
org/jsoup/nodes/Entities.java:109: error: variable codePoint might not have been initialized
            if (codePoint < Character.MIN_SUPPLEMENTARY_CODE_POINT) {
                ^
2 errors

110923 [main] INFO clegoues.genprog4java.rep.CachingRepresentation  - StmtDelete(57) StmtReplace(32,31) StmtDelete(26) at variant164 fails to compile

110923 [main] INFO clegoues.genprog4java.fitness.Fitness  - 	 gen: 3 0.0 StmtDelete(57) StmtReplace(32,31) StmtDelete(26) (stored at: variant164)
111664 [main] INFO clegoues.genprog4java.fitness.Fitness  - 	 gen: 3 2.0 StmtReplace(82,82) StmtAppend(71,45) StmtAppend(100,101) StmtAppend(64,44) (stored at: variant165)
111686 [main] ERROR clegoues.genprog4java.rep.JavaRepresentation  - org/jsoup/nodes/Entities.java:198: error: missing return statement
    }
    ^
1 error

111686 [main] INFO clegoues.genprog4java.rep.CachingRepresentation  - StmtAppend(72,44) StmtReplace(88,50) at variant166 fails to compile

111686 [main] INFO clegoues.genprog4java.fitness.Fitness  - 	 gen: 3 0.0 StmtAppend(72,44) StmtReplace(88,50) (stored at: variant166)
112428 [main] INFO clegoues.genprog4java.fitness.Fitness  - 	 gen: 3 2.0 StmtDelete(101) StmtDelete(38) StmtAppend(53,29) StmtAppend(130,35) (stored at: variant167)
112447 [main] ERROR clegoues.genprog4java.rep.JavaRepresentation  - org/jsoup/nodes/Entities.java:75: error: cannot find symbol
        escape(accum, string, out, false, false, false);
               ^
  symbol:   variable accum
  location: class Entities
org/jsoup/nodes/Entities.java:76: error: cannot find symbol
        return accum.toString();
               ^
  symbol:   variable accum
  location: class Entities
2 errors

112447 [main] INFO clegoues.genprog4java.rep.CachingRepresentation  - StmtDelete(62) StmtDelete(12) at variant168 fails to compile

112447 [main] INFO clegoues.genprog4java.fitness.Fitness  - 	 gen: 3 0.0 StmtDelete(62) StmtDelete(12) (stored at: variant168)
113348 [main] INFO clegoues.genprog4java.fitness.Fitness  - 	 gen: 3 1.0 StmtReplace(54,67) StmtAppend(70,38) StmtAppend(38,35) (stored at: variant169)
113370 [main] ERROR clegoues.genprog4java.rep.JavaRepresentation  - org/jsoup/nodes/Entities.java:73: error: continue outside of loop
        continue;
        ^
org/jsoup/nodes/Entities.java:74: error: cannot find symbol
        escape(accum, string, out, false, false, false);
               ^
  symbol:   variable accum
  location: class Entities
org/jsoup/nodes/Entities.java:75: error: cannot find symbol
        return accum.toString();
               ^
  symbol:   variable accum
  location: class Entities
3 errors

113370 [main] INFO clegoues.genprog4java.rep.CachingRepresentation  - StmtAppend(98,101) StmtAppend(63,49) StmtReplace(12,32) at variant170 fails to compile

113370 [main] INFO clegoues.genprog4java.fitness.Fitness  - 	 gen: 3 0.0 StmtAppend(98,101) StmtAppend(63,49) StmtReplace(12,32) (stored at: variant170)
114306 [main] INFO clegoues.genprog4java.fitness.Fitness  - 	 gen: 3 2.0 StmtAppend(102,55) StmtDelete(123) StmtDelete(54) (stored at: variant171)
114338 [main] ERROR clegoues.genprog4java.rep.JavaRepresentation  - org/jsoup/nodes/Entities.java:93: error: continue outside of loop
				continue;
				^
org/jsoup/nodes/Entities.java:96: error: continue outside of loop
			continue;
			^
2 errors

114338 [main] INFO clegoues.genprog4java.rep.CachingRepresentation  - StmtReplace(63,31) StmtDelete(69) StmtDelete(47) StmtReplace(24,30) at variant172 fails to compile

114338 [main] INFO clegoues.genprog4java.fitness.Fitness  - 	 gen: 3 0.0 StmtReplace(63,31) StmtDelete(69) StmtDelete(47) StmtReplace(24,30) (stored at: variant172)
115025 [main] INFO clegoues.genprog4java.fitness.Fitness  - 	 gen: 3 0.0 StmtAppend(111,101) StmtAppend(58,29) StmtDelete(24) (stored at: variant173)
115881 [main] INFO clegoues.genprog4java.fitness.Fitness  - 	 gen: 3 0.0 StmtAppend(70,65) StmtDelete(58) StmtReplace(116,60) (stored at: variant174)
116720 [main] INFO clegoues.genprog4java.fitness.Fitness  - 	 gen: 3 1.0 StmtDelete(86) StmtReplace(63,33) StmtReplace(102,32) (stored at: variant175)
116741 [main] ERROR clegoues.genprog4java.rep.JavaRepresentation  - org/jsoup/nodes/Entities.java:245: error: break outside switch or loop
        break;
        ^
1 error

116741 [main] INFO clegoues.genprog4java.rep.CachingRepresentation  - StmtAppend(72,44) StmtReplace(115,60) at variant176 fails to compile

116741 [main] INFO clegoues.genprog4java.fitness.Fitness  - 	 gen: 3 0.0 StmtAppend(72,44) StmtReplace(115,60) (stored at: variant176)
117435 [main] INFO clegoues.genprog4java.fitness.Fitness  - 	 gen: 3 2.0 StmtReplace(102,55) StmtAppend(59,62) StmtDelete(50) StmtDelete(29) (stored at: variant177)
117455 [main] ERROR clegoues.genprog4java.rep.JavaRepresentation  - org/jsoup/nodes/Entities.java:101: error: unreachable statement
                    accum.append(' ');
                    ^
1 error

117455 [main] INFO clegoues.genprog4java.rep.CachingRepresentation  - StmtDelete(62) StmtAppend(31,60) at variant178 fails to compile

117455 [main] INFO clegoues.genprog4java.fitness.Fitness  - 	 gen: 3 0.0 StmtDelete(62) StmtAppend(31,60) (stored at: variant178)
117481 [main] ERROR clegoues.genprog4java.rep.JavaRepresentation  - org/jsoup/nodes/Entities.java:263: error: cannot find symbol
                if (name.toLowerCase().equals(name))
                                              ^
  symbol:   variable name
  location: class Entities
org/jsoup/nodes/Entities.java:263: error: cannot find symbol
                if (name.toLowerCase().equals(name))
                    ^
  symbol:   variable name
  location: class Entities
org/jsoup/nodes/Entities.java:264: error: cannot find symbol
                    outMap.put(character, name);
                                          ^
  symbol:   variable name
  location: class Entities
org/jsoup/nodes/Entities.java:266: error: cannot find symbol
                outMap.put(character, name);
                                      ^
  symbol:   variable name
  location: class Entities
4 errors

117481 [main] INFO clegoues.genprog4java.rep.CachingRepresentation  - StmtReplace(102,55) StmtAppend(59,62) StmtDelete(50) StmtDelete(126) at variant179 fails to compile

117481 [main] INFO clegoues.genprog4java.fitness.Fitness  - 	 gen: 3 0.0 StmtReplace(102,55) StmtAppend(59,62) StmtDelete(50) StmtDelete(126) (stored at: variant179)
117512 [main] ERROR clegoues.genprog4java.rep.JavaRepresentation  - org/jsoup/nodes/Entities.java:236: error: continue outside of loop
        continue;
        ^
org/jsoup/nodes/Entities.java:240: error: cannot find symbol
            properties.load(in);
            ^
  symbol:   variable properties
  location: class Entities
org/jsoup/nodes/Entities.java:246: error: cannot find symbol
        for (Map.Entry entry: properties.entrySet()) {
                              ^
  symbol:   variable properties
  location: class Entities
3 errors

117512 [main] INFO clegoues.genprog4java.rep.CachingRepresentation  - StmtReplace(102,55) StmtAppend(59,62) StmtDelete(50) StmtReplace(106,35) at variant180 fails to compile

117513 [main] INFO clegoues.genprog4java.fitness.Fitness  - 	 gen: 3 0.0 StmtReplace(102,55) StmtAppend(59,62) StmtDelete(50) StmtReplace(106,35) (stored at: variant180)
117558 [main] ERROR clegoues.genprog4java.rep.JavaRepresentation  - org/jsoup/nodes/Entities.java:140: error: unreachable statement
						continue;
						^
1 error

117558 [main] INFO clegoues.genprog4java.rep.CachingRepresentation  - StmtDelete(63) StmtAppend(33,47) StmtAppend(60,35) at variant181 fails to compile

117558 [main] INFO clegoues.genprog4java.fitness.Fitness  - 	 gen: 3 0.0 StmtDelete(63) StmtAppend(33,47) StmtAppend(60,35) (stored at: variant181)
117581 [main] ERROR clegoues.genprog4java.rep.JavaRepresentation  - org/jsoup/nodes/Entities.java:242: error: cannot find symbol
            properties.load(in);
                            ^
  symbol:   variable in
  location: class Entities
org/jsoup/nodes/Entities.java:243: error: cannot find symbol
            in.close();
            ^
  symbol:   variable in
  location: class Entities
2 errors

117581 [main] INFO clegoues.genprog4java.rep.CachingRepresentation  - StmtReplace(54,67) StmtAppend(70,38) StmtDelete(110) at variant182 fails to compile

117581 [main] INFO clegoues.genprog4java.fitness.Fitness  - 	 gen: 3 0.0 StmtReplace(54,67) StmtAppend(70,38) StmtDelete(110) (stored at: variant182)
118295 [main] INFO clegoues.genprog4java.fitness.Fitness  - 	 gen: 3 2.0 StmtAppend(111,101) StmtAppend(58,29) StmtDelete(31) (stored at: variant183)
119095 [main] INFO clegoues.genprog4java.fitness.Fitness  - 	 gen: 3 2.0 StmtReplace(82,82) StmtReplace(86,65) StmtAppend(99,101) StmtDelete(44) (stored at: variant184)
119944 [main] INFO clegoues.genprog4java.fitness.Fitness  - 	 gen: 3 2.0 StmtReplace(54,70) StmtDelete(59) (stored at: variant185)
120541 [main] INFO clegoues.genprog4java.fitness.Fitness  - 	 gen: 3 1.0 StmtReplace(82,82) StmtAppend(71,45) StmtDelete(57) StmtAppend(58,71) (stored at: variant186)
120564 [main] ERROR clegoues.genprog4java.rep.JavaRepresentation  - org/jsoup/nodes/Entities.java:242: error: break outside switch or loop
        break;
        ^
1 error

120564 [main] INFO clegoues.genprog4java.rep.CachingRepresentation  - StmtReplace(54,70) StmtReplace(115,65) at variant187 fails to compile

120564 [main] INFO clegoues.genprog4java.fitness.Fitness  - 	 gen: 3 0.0 StmtReplace(54,70) StmtReplace(115,65) (stored at: variant187)
121297 [main] INFO clegoues.genprog4java.fitness.Fitness  - 	 gen: 3 1.0 StmtDelete(62) StmtAppend(29,39) (stored at: variant188)
122095 [main] INFO clegoues.genprog4java.fitness.Fitness  - 	 gen: 3 2.0 StmtAppend(98,101) StmtAppend(63,49) StmtDelete(63) (stored at: variant189)
122116 [main] ERROR clegoues.genprog4java.rep.JavaRepresentation  - org/jsoup/nodes/Entities.java:148: error: cannot find symbol
                if (encoder.canEncode(c)) // uses fallback encoder for simplicity
                                      ^
  symbol:   variable c
  location: class Entities
org/jsoup/nodes/Entities.java:149: error: cannot find symbol
                    accum.append(c);
                                 ^
  symbol:   variable c
  location: class Entities
2 errors

122116 [main] INFO clegoues.genprog4java.rep.CachingRepresentation  - StmtDelete(62) StmtDelete(73) at variant190 fails to compile

122116 [main] INFO clegoues.genprog4java.fitness.Fitness  - 	 gen: 3 0.0 StmtDelete(62) StmtDelete(73) (stored at: variant190)
122977 [main] INFO clegoues.genprog4java.fitness.Fitness  - 	 gen: 3 2.0 StmtAppend(44,54) StmtAppend(63,75) StmtDelete(58) (stored at: variant191)
122997 [main] ERROR clegoues.genprog4java.rep.JavaRepresentation  - org/jsoup/nodes/Entities.java:223: error: continue outside of loop
        continue;
        ^
1 error

122997 [main] INFO clegoues.genprog4java.rep.CachingRepresentation  - StmtAppend(70,65) StmtReplace(50,57) StmtReplace(96,35) at variant192 fails to compile

122997 [main] INFO clegoues.genprog4java.fitness.Fitness  - 	 gen: 3 0.0 StmtAppend(70,65) StmtReplace(50,57) StmtReplace(96,35) (stored at: variant192)
123018 [main] ERROR clegoues.genprog4java.rep.JavaRepresentation  - org/jsoup/nodes/Entities.java:42: error: variable baseByVal might not have been initialized
    private Entities() {}
                        ^
1 error

123018 [main] INFO clegoues.genprog4java.rep.CachingRepresentation  - StmtDelete(101) StmtDelete(38) StmtAppend(53,29) StmtDelete(98) at variant193 fails to compile

123018 [main] INFO clegoues.genprog4java.fitness.Fitness  - 	 gen: 3 0.0 StmtDelete(101) StmtDelete(38) StmtAppend(53,29) StmtDelete(98) (stored at: variant193)
123038 [main] ERROR clegoues.genprog4java.rep.JavaRepresentation  - org/jsoup/nodes/Entities.java:228: error: cannot find symbol
            xhtmlByVal.put(c, ((String) entity[0]));
                           ^
  symbol:   variable c
  location: class Entities
1 error

123038 [main] INFO clegoues.genprog4java.rep.CachingRepresentation  - StmtDelete(86) StmtReplace(128,32) StmtReplace(103,65) at variant194 fails to compile

123038 [main] INFO clegoues.genprog4java.fitness.Fitness  - 	 gen: 3 0.0 StmtDelete(86) StmtReplace(128,32) StmtReplace(103,65) (stored at: variant194)
123058 [main] ERROR clegoues.genprog4java.rep.JavaRepresentation  - org/jsoup/nodes/Entities.java:128: error: unreachable statement
						continue;
						^
1 error

123059 [main] INFO clegoues.genprog4java.rep.CachingRepresentation  - StmtDelete(86) StmtAppend(55,32) at variant195 fails to compile

123059 [main] INFO clegoues.genprog4java.fitness.Fitness  - 	 gen: 3 0.0 StmtDelete(86) StmtAppend(55,32) (stored at: variant195)
123077 [main] ERROR clegoues.genprog4java.rep.JavaRepresentation  - org/jsoup/nodes/Entities.java:191: error: continue outside of loop
			continue;
			^
1 error

123077 [main] INFO clegoues.genprog4java.rep.CachingRepresentation  - StmtReplace(86,35) at variant196 fails to compile

123077 [main] INFO clegoues.genprog4java.fitness.Fitness  - 	 gen: 3 0.0 StmtReplace(86,35) (stored at: variant196)
123768 [main] INFO clegoues.genprog4java.fitness.Fitness  - 	 gen: 3 2.0 StmtReplace(82,82) StmtAppend(71,45) StmtDelete(30) (stored at: variant197)
123786 [main] ERROR clegoues.genprog4java.rep.JavaRepresentation  - org/jsoup/nodes/Entities.java:242: error: break outside switch or loop
        break;
        ^
1 error

123786 [main] INFO clegoues.genprog4java.rep.CachingRepresentation  - StmtReplace(115,50) at variant198 fails to compile

123786 [main] INFO clegoues.genprog4java.fitness.Fitness  - 	 gen: 3 0.0 StmtReplace(115,50) (stored at: variant198)
123823 [main] ERROR clegoues.genprog4java.rep.JavaRepresentation  - org/jsoup/nodes/Entities.java:89: error: cannot find symbol
        final CoreCharset coreCharset = CoreCharset.byName(encoder.charset().name());
                                                           ^
  symbol:   variable encoder
  location: class Entities
org/jsoup/nodes/Entities.java:143: error: cannot find symbol
                        if (canEncode(coreCharset, c, encoder))
                                                      ^
  symbol:   variable encoder
  location: class Entities
org/jsoup/nodes/Entities.java:152: error: cannot find symbol
                if (encoder.canEncode(c)) // uses fallback encoder for simplicity
                    ^
  symbol:   variable encoder
  location: class Entities
3 errors

123823 [main] INFO clegoues.genprog4java.rep.CachingRepresentation  - StmtReplace(82,82) StmtAppend(19,49) at variant199 fails to compile

123823 [main] INFO clegoues.genprog4java.fitness.Fitness  - 	 gen: 3 0.0 StmtReplace(82,82) StmtAppend(19,49) (stored at: variant199)
123845 [main] ERROR clegoues.genprog4java.rep.JavaRepresentation  - org/jsoup/nodes/Entities.java:97: error: cannot find symbol
                    if ((stripLeadingWhite && !reachedNonWhite) || lastWasWhite)
                                                                   ^
  symbol:   variable lastWasWhite
  location: class Entities
org/jsoup/nodes/Entities.java:100: error: cannot find symbol
                    lastWasWhite = true;
                    ^
  symbol:   variable lastWasWhite
  location: class Entities
org/jsoup/nodes/Entities.java:103: error: cannot find symbol
                    lastWasWhite = false;
                    ^
  symbol:   variable lastWasWhite
  location: class Entities
3 errors

123845 [main] INFO clegoues.genprog4java.rep.CachingRepresentation  - StmtReplace(102,55) StmtAppend(59,62) StmtDelete(57) StmtDelete(16) at variant200 fails to compile

123845 [main] INFO clegoues.genprog4java.fitness.Fitness  - 	 gen: 3 0.0 StmtReplace(102,55) StmtAppend(59,62) StmtDelete(57) StmtDelete(16) (stored at: variant200)
124610 [main] INFO clegoues.genprog4java.fitness.Fitness  - 	 gen: 3 2.0 StmtAppend(70,38) StmtDelete(72) (stored at: variant201)
125474 [main] INFO clegoues.genprog4java.fitness.Fitness  - 	 gen: 3 2.0 StmtAppend(71,45) StmtAppend(76,33) StmtAppend(58,52) (stored at: variant202)
126271 [main] INFO clegoues.genprog4java.fitness.Fitness  - 	 gen: 3 2.0 StmtReplace(63,31) StmtAppend(58,29) StmtAppend(38,50) (stored at: variant203)
126905 [main] INFO clegoues.genprog4java.fitness.Fitness  - 	 gen: 3 2.0 StmtDelete(47) StmtReplace(30,28) (stored at: variant204)
127684 [main] INFO clegoues.genprog4java.fitness.Fitness  - 	 gen: 3 1.0 StmtAppend(71,49) (stored at: variant205)
128593 [main] INFO clegoues.genprog4java.fitness.Fitness  - 	 gen: 3 1.0 StmtReplace(65,27) (stored at: variant206)
129415 [main] INFO clegoues.genprog4java.fitness.Fitness  - 	 gen: 3 1.0 StmtAppend(63,49) StmtDelete(74) (stored at: variant207)
129434 [main] ERROR clegoues.genprog4java.rep.JavaRepresentation  - org/jsoup/nodes/Entities.java:223: error: continue outside of loop
        continue;
        ^
1 error

129434 [main] INFO clegoues.genprog4java.rep.CachingRepresentation  - StmtAppend(70,38) StmtReplace(99,32) at variant208 fails to compile

129434 [main] INFO clegoues.genprog4java.fitness.Fitness  - 	 gen: 3 0.0 StmtAppend(70,38) StmtReplace(99,32) (stored at: variant208)
129434 [main] INFO clegoues.genprog4java.Search.Search  - search: generation4
130749 [main] INFO clegoues.genprog4java.fitness.Fitness  - 	 gen: 4 1.0 StmtReplace(82,82) StmtAppend(71,45) StmtAppend(100,101) StmtAppend(64,44) StmtAppend(34,39) (stored at: variant209)
131503 [main] INFO clegoues.genprog4java.fitness.Fitness  - 	 gen: 4 2.0 StmtReplace(82,82) StmtAppend(71,45) StmtDelete(30) StmtReplace(29,33) (stored at: variant210)
132369 [main] INFO clegoues.genprog4java.fitness.Fitness  - 	 gen: 4 2.0 StmtAppend(111,101) StmtAppend(58,29) StmtDelete(31) StmtDelete(33) (stored at: variant211)
133353 [main] INFO clegoues.genprog4java.fitness.Fitness  - 	 gen: 4 1.0 StmtReplace(82,82) StmtReplace(86,65) StmtAppend(99,101) StmtDelete(44) StmtDelete(37) (stored at: variant212)
133386 [main] ERROR clegoues.genprog4java.rep.JavaRepresentation  - org/jsoup/nodes/Entities.java:195: error: missing return statement
    }
    ^
1 error

133386 [main] INFO clegoues.genprog4java.rep.CachingRepresentation  - StmtDelete(86) StmtReplace(128,32) StmtReplace(129,128) StmtReplace(86,60) at variant213 fails to compile

133386 [main] INFO clegoues.genprog4java.fitness.Fitness  - 	 gen: 4 0.0 StmtDelete(86) StmtReplace(128,32) StmtReplace(129,128) StmtReplace(86,60) (stored at: variant213)
134096 [main] INFO clegoues.genprog4java.fitness.Fitness  - 	 gen: 4 2.0 StmtAppend(98,101) StmtAppend(63,49) StmtDelete(63) StmtReplace(132,50) (stored at: variant214)
134856 [main] INFO clegoues.genprog4java.fitness.Fitness  - 	 gen: 4 1.0 StmtDelete(47) StmtReplace(30,28) StmtDelete(45) (stored at: variant215)
134884 [main] ERROR clegoues.genprog4java.rep.JavaRepresentation  - org/jsoup/nodes/Entities.java:224: error: variable xhtmlByVal might not have been initialized
            xhtmlByVal.put(c, ((String) entity[0]));
            ^
org/jsoup/nodes/Entities.java:42: error: variable xhtmlByVal might not have been initialized
    private Entities() {}
                        ^
2 errors

134884 [main] INFO clegoues.genprog4java.rep.CachingRepresentation  - StmtReplace(82,82) StmtAppend(71,45) StmtDelete(30) StmtDelete(96) at variant216 fails to compile

134884 [main] INFO clegoues.genprog4java.fitness.Fitness  - 	 gen: 4 0.0 StmtReplace(82,82) StmtAppend(71,45) StmtDelete(30) StmtDelete(96) (stored at: variant216)
135514 [main] INFO clegoues.genprog4java.fitness.Fitness  - 	 gen: 4 0.0 StmtAppend(71,49) StmtDelete(67) (stored at: variant217)
136508 [main] INFO clegoues.genprog4java.fitness.Fitness  - 	 gen: 4 0.0 StmtAppend(44,54) StmtAppend(63,75) StmtDelete(58) StmtReplace(124,65) (stored at: variant218)
136533 [main] ERROR clegoues.genprog4java.rep.JavaRepresentation  - org/jsoup/nodes/Entities.java:146: error: unreachable statement
                        break;
                        ^
1 error

136533 [main] INFO clegoues.genprog4java.rep.CachingRepresentation  - StmtDelete(101) StmtDelete(38) StmtAppend(53,29) StmtAppend(130,35) StmtReplace(62,50) at variant219 fails to compile

136533 [main] INFO clegoues.genprog4java.fitness.Fitness  - 	 gen: 4 0.0 StmtDelete(101) StmtDelete(38) StmtAppend(53,29) StmtAppend(130,35) StmtReplace(62,50) (stored at: variant219)
137546 [main] INFO clegoues.genprog4java.fitness.Fitness  - 	 gen: 4 1.0 StmtDelete(47) StmtReplace(30,28) StmtDelete(102) (stored at: variant220)
138514 [main] INFO clegoues.genprog4java.fitness.Fitness  - 	 gen: 4 2.0 StmtAppend(111,101) StmtAppend(58,29) StmtDelete(31) StmtReplace(29,29) (stored at: variant221)
139536 [main] INFO clegoues.genprog4java.fitness.Fitness  - 	 gen: 4 2.0 StmtAppend(98,101) StmtAppend(63,49) StmtDelete(63) StmtDelete(49) (stored at: variant222)
139566 [main] ERROR clegoues.genprog4java.rep.JavaRepresentation  - org/jsoup/nodes/Entities.java:154: error: cannot find symbol
					switch (charset) {
					        ^
  symbol:   variable charset
  location: class Entities
org/jsoup/nodes/Entities.java:154: error: illegal start of type
					switch (charset) {
					       ^
org/jsoup/nodes/Entities.java:155: error: cannot find symbol
					case ascii:
					     ^
  symbol:   variable ascii
  location: class Entities
org/jsoup/nodes/Entities.java:156: error: incompatible types: unexpected return value
						return c < 0x80;
						         ^
org/jsoup/nodes/Entities.java:157: error: cannot find symbol
					case utf:
					     ^
  symbol:   variable utf
  location: class Entities
org/jsoup/nodes/Entities.java:158: error: incompatible types: unexpected return value
						return true;
						       ^
org/jsoup/nodes/Entities.java:160: error: incompatible types: unexpected return value
						return fallback.canEncode(c);
						                         ^
org/jsoup/nodes/Entities.java:160: error: cannot find symbol
						return fallback.canEncode(c);
						       ^
  symbol:   variable fallback
  location: class Entities
8 errors

139566 [main] INFO clegoues.genprog4java.rep.CachingRepresentation  - StmtAppend(102,55) StmtDelete(123) StmtDelete(54) StmtAppend(74,82) at variant223 fails to compile

139566 [main] INFO clegoues.genprog4java.fitness.Fitness  - 	 gen: 4 0.0 StmtAppend(102,55) StmtDelete(123) StmtDelete(54) StmtAppend(74,82) (stored at: variant223)
139602 [main] ERROR clegoues.genprog4java.rep.JavaRepresentation  - org/jsoup/nodes/Entities.java:215: error: variable xhtmlByVal might not have been initialized
        for (Object[] entity:xhtmlArray){Character c=Character.valueOf((char)((Integer)entity[1]).intValue());xhtmlByVal.put(c,((String)entity[0]));}
                                                                                                              ^
org/jsoup/nodes/Entities.java:223: error: variable xhtmlByVal might not have been initialized
            xhtmlByVal.put(c, ((String) entity[0]));
            ^
org/jsoup/nodes/Entities.java:42: error: variable xhtmlByVal might not have been initialized
    private Entities() {}
                        ^
3 errors

139602 [main] INFO clegoues.genprog4java.rep.CachingRepresentation  - StmtReplace(82,82) StmtAppend(71,45) StmtDelete(30) StmtReplace(96,101) at variant224 fails to compile

139602 [main] INFO clegoues.genprog4java.fitness.Fitness  - 	 gen: 4 0.0 StmtReplace(82,82) StmtAppend(71,45) StmtDelete(30) StmtReplace(96,101) (stored at: variant224)
140679 [main] INFO clegoues.genprog4java.fitness.Fitness  - 	 gen: 4 2.0 StmtReplace(54,70) StmtDelete(59) StmtDelete(104) (stored at: variant225)
141806 [main] INFO clegoues.genprog4java.fitness.Fitness  - 	 gen: 4 1.0 StmtReplace(63,31) StmtAppend(58,29) StmtAppend(38,50) StmtDelete(74) (stored at: variant226)
142723 [main] INFO clegoues.genprog4java.fitness.Fitness  - 	 gen: 4 1.0 StmtDelete(47) StmtReplace(30,28) StmtDelete(111) (stored at: variant227)
143729 [main] INFO clegoues.genprog4java.fitness.Fitness  - 	 gen: 4 0.0 StmtReplace(82,82) StmtAppend(71,45) StmtDelete(30) StmtAppend(37,71) (stored at: variant228)
143757 [main] ERROR clegoues.genprog4java.rep.JavaRepresentation  - org/jsoup/nodes/Entities.java:42: error: variable fullByVal might not have been initialized
    private Entities() {}
                        ^
1 error

143758 [main] INFO clegoues.genprog4java.rep.CachingRepresentation  - StmtReplace(82,82) StmtAppend(71,45) StmtDelete(30) StmtReplace(100,101) at variant229 fails to compile

143758 [main] INFO clegoues.genprog4java.fitness.Fitness  - 	 gen: 4 0.0 StmtReplace(82,82) StmtAppend(71,45) StmtDelete(30) StmtReplace(100,101) (stored at: variant229)
143782 [main] ERROR clegoues.genprog4java.rep.JavaRepresentation  - org/jsoup/nodes/Entities.java:96: error: variable codePoint might not have been initialized
                if (StringUtil.isWhitespace(codePoint)) {
                                            ^
org/jsoup/nodes/Entities.java:108: error: variable codePoint might not have been initialized
            if (codePoint < Character.MIN_SUPPLEMENTARY_CODE_POINT) {
                ^
2 errors

143782 [main] INFO clegoues.genprog4java.rep.CachingRepresentation  - StmtAppend(111,101) StmtAppend(58,29) StmtDelete(31) StmtDelete(26) at variant230 fails to compile

143782 [main] INFO clegoues.genprog4java.fitness.Fitness  - 	 gen: 4 0.0 StmtAppend(111,101) StmtAppend(58,29) StmtDelete(31) StmtDelete(26) (stored at: variant230)
144571 [main] INFO clegoues.genprog4java.fitness.Fitness  - 	 gen: 4 1.0 StmtReplace(102,55) StmtAppend(59,62) StmtDelete(50) StmtDelete(29) StmtReplace(75,55) (stored at: variant231)
145631 [main] INFO clegoues.genprog4java.fitness.Fitness  - 	 gen: 4 1.0 StmtDelete(63) StmtAppend(33,47) StmtReplace(57,71) StmtAppend(64,70) (stored at: variant232)
145657 [main] ERROR clegoues.genprog4java.rep.JavaRepresentation  - org/jsoup/nodes/Entities.java:237: error: continue outside of loop
			continue;
			^
org/jsoup/nodes/Entities.java:242: error: cannot find symbol
            properties.load(in);
            ^
  symbol:   variable properties
  location: class Entities
org/jsoup/nodes/Entities.java:248: error: cannot find symbol
        for (Map.Entry entry: properties.entrySet()) {
                              ^
  symbol:   variable properties
  location: class Entities
3 errors

145657 [main] INFO clegoues.genprog4java.rep.CachingRepresentation  - StmtAppend(44,54) StmtAppend(63,75) StmtDelete(58) StmtAppend(106,35) at variant233 fails to compile

145657 [main] INFO clegoues.genprog4java.fitness.Fitness  - 	 gen: 4 0.0 StmtAppend(44,54) StmtAppend(63,75) StmtDelete(58) StmtAppend(106,35) (stored at: variant233)
146554 [main] INFO clegoues.genprog4java.fitness.Fitness  - 	 gen: 4 1.0 StmtReplace(102,55) StmtAppend(59,62) StmtDelete(50) StmtDelete(29) StmtReplace(127,45) (stored at: variant234)
146579 [main] ERROR clegoues.genprog4java.rep.JavaRepresentation  - org/jsoup/nodes/Entities.java:42: error: variable fullByVal might not have been initialized
    private Entities() {}
                        ^
1 error

146579 [main] INFO clegoues.genprog4java.rep.CachingRepresentation  - StmtAppend(71,45) StmtAppend(76,33) StmtAppend(58,52) StmtDelete(100) at variant235 fails to compile

146579 [main] INFO clegoues.genprog4java.fitness.Fitness  - 	 gen: 4 0.0 StmtAppend(71,45) StmtAppend(76,33) StmtAppend(58,52) StmtDelete(100) (stored at: variant235)
147493 [main] INFO clegoues.genprog4java.fitness.Fitness  - 	 gen: 4 1.0 StmtReplace(63,31) StmtAppend(58,29) StmtAppend(38,50) StmtAppend(53,45) (stored at: variant236)
147533 [main] ERROR clegoues.genprog4java.rep.JavaRepresentation  - org/jsoup/nodes/Entities.java:74: error: cannot find symbol
        escape(accum, string, out, false, false, false);
               ^
  symbol:   variable accum
  location: class Entities
org/jsoup/nodes/Entities.java:75: error: cannot find symbol
        return accum.toString();
               ^
  symbol:   variable accum
  location: class Entities
2 errors

147533 [main] INFO clegoues.genprog4java.rep.CachingRepresentation  - StmtReplace(82,82) StmtAppend(71,45) StmtDelete(30) StmtReplace(12,101) at variant237 fails to compile

147533 [main] INFO clegoues.genprog4java.fitness.Fitness  - 	 gen: 4 0.0 StmtReplace(82,82) StmtAppend(71,45) StmtDelete(30) StmtReplace(12,101) (stored at: variant237)
148448 [main] INFO clegoues.genprog4java.fitness.Fitness  - 	 gen: 4 0.0 StmtDelete(101) StmtDelete(38) StmtAppend(53,29) StmtAppend(130,35) StmtDelete(40) (stored at: variant238)
149448 [main] INFO clegoues.genprog4java.fitness.Fitness  - 	 gen: 4 2.0 StmtAppend(111,101) StmtAppend(58,29) StmtDelete(31) StmtAppend(34,27) (stored at: variant239)
150385 [main] INFO clegoues.genprog4java.fitness.Fitness  - 	 gen: 4 1.0 StmtAppend(98,101) StmtAppend(63,49) StmtDelete(63) StmtDelete(29) (stored at: variant240)
151077 [main] INFO clegoues.genprog4java.fitness.Fitness  - 	 gen: 4 2.0 StmtAppend(70,38) StmtDelete(72) StmtAppend(73,65) (stored at: variant241)
152633 [main] INFO clegoues.genprog4java.fitness.Fitness  - 	 gen: 4 2.0 StmtReplace(54,70) StmtDelete(59) StmtDelete(127) (stored at: variant242)
153898 [main] INFO clegoues.genprog4java.fitness.Fitness  - 	 gen: 4 0.0 StmtReplace(82,82) StmtAppend(71,45) StmtDelete(57) StmtReplace(27,58) StmtReplace(27,44) (stored at: variant243)
157182 [main] INFO clegoues.genprog4java.fitness.Fitness  - 	 gen: 4 2.0 StmtDelete(47) StmtReplace(30,28) StmtReplace(39,76) (stored at: variant244)
157303 [main] ERROR clegoues.genprog4java.rep.JavaRepresentation  - org/jsoup/nodes/Entities.java:97: error: cannot find symbol
                    if ((stripLeadingWhite && !reachedNonWhite) || lastWasWhite)
                                               ^
  symbol:   variable reachedNonWhite
  location: class Entities
org/jsoup/nodes/Entities.java:105: error: cannot find symbol
						reachedNonWhite = true;
						^
  symbol:   variable reachedNonWhite
  location: class Entities
org/jsoup/nodes/Entities.java:135: error: cannot find symbol
								if ((stripLeadingWhite && !reachedNonWhite) || lastWasWhite)
								                           ^
  symbol:   variable reachedNonWhite
  location: class Entities
org/jsoup/nodes/Entities.java:142: error: cannot find symbol
								reachedNonWhite = true;
								^
  symbol:   variable reachedNonWhite
  location: class Entities
org/jsoup/nodes/Entities.java:149: error: cannot find symbol
							if ((stripLeadingWhite && !reachedNonWhite) || lastWasWhite)
							                           ^
  symbol:   variable reachedNonWhite
  location: class Entities
5 errors

157303 [main] INFO clegoues.genprog4java.rep.CachingRepresentation  - StmtReplace(63,31) StmtAppend(58,29) StmtAppend(38,50) StmtDelete(17) at variant245 fails to compile

157303 [main] INFO clegoues.genprog4java.fitness.Fitness  - 	 gen: 4 0.0 StmtReplace(63,31) StmtAppend(58,29) StmtAppend(38,50) StmtDelete(17) (stored at: variant245)
159193 [main] INFO clegoues.genprog4java.fitness.Fitness  - 	 gen: 4 0.0 StmtAppend(102,55) StmtDelete(123) StmtDelete(54) StmtAppend(25,33) (stored at: variant246)
160937 [main] INFO clegoues.genprog4java.fitness.Fitness  - 	 gen: 4 2.0 StmtReplace(54,70) StmtDelete(59) StmtReplace(27,34) (stored at: variant247)
162134 [main] INFO clegoues.genprog4java.fitness.Fitness  - 	 gen: 4 1.0 StmtAppend(111,101) StmtAppend(58,29) StmtDelete(31) StmtAppend(44,75) (stored at: variant248)
162171 [main] ERROR clegoues.genprog4java.rep.JavaRepresentation  - org/jsoup/nodes/Entities.java:252: error: cannot find symbol
                if (name.toLowerCase().equals(name))
                                              ^
  symbol:   variable name
  location: class Entities
org/jsoup/nodes/Entities.java:252: error: cannot find symbol
                if (name.toLowerCase().equals(name))
                    ^
  symbol:   variable name
  location: class Entities
org/jsoup/nodes/Entities.java:253: error: cannot find symbol
                    outMap.put(character, name);
                                          ^
  symbol:   variable name
  location: class Entities
org/jsoup/nodes/Entities.java:255: error: cannot find symbol
                outMap.put(character, name);
                                      ^
  symbol:   variable name
  location: class Entities
4 errors

162171 [main] INFO clegoues.genprog4java.rep.CachingRepresentation  - StmtAppend(111,101) StmtDelete(50) StmtDelete(29) StmtDelete(126) at variant249 fails to compile

162171 [main] INFO clegoues.genprog4java.fitness.Fitness  - 	 gen: 4 0.0 StmtAppend(111,101) StmtDelete(50) StmtDelete(29) StmtDelete(126) (stored at: variant249)
162204 [main] ERROR clegoues.genprog4java.rep.JavaRepresentation  - org/jsoup/nodes/Entities.java:240: error: break outside switch or loop
        break;
        ^
1 error

162204 [main] INFO clegoues.genprog4java.rep.CachingRepresentation  - StmtReplace(102,55) StmtDelete(31) StmtReplace(115,50) at variant250 fails to compile

162204 [main] INFO clegoues.genprog4java.fitness.Fitness  - 	 gen: 4 0.0 StmtReplace(102,55) StmtDelete(31) StmtReplace(115,50) (stored at: variant250)
163173 [main] INFO clegoues.genprog4java.fitness.Fitness  - 	 gen: 4 0.0 StmtReplace(82,82) StmtAppend(58,29) StmtAppend(38,50) StmtAppend(54,70) (stored at: variant251)
164649 [main] INFO clegoues.genprog4java.fitness.Fitness  - 	 gen: 4 1.0 StmtDelete(30) StmtDelete(75) (stored at: variant252)
164680 [main] ERROR clegoues.genprog4java.rep.JavaRepresentation  - org/jsoup/nodes/Entities.java:150: error: cannot find symbol
                if (encoder.canEncode(c)) // uses fallback encoder for simplicity
                                      ^
  symbol:   variable c
  location: class Entities
org/jsoup/nodes/Entities.java:151: error: cannot find symbol
                    accum.append(c);
                                 ^
  symbol:   variable c
  location: class Entities
2 errors

164681 [main] INFO clegoues.genprog4java.rep.CachingRepresentation  - StmtReplace(82,82) StmtDelete(73) at variant253 fails to compile

164681 [main] INFO clegoues.genprog4java.fitness.Fitness  - 	 gen: 4 0.0 StmtReplace(82,82) StmtDelete(73) (stored at: variant253)
165873 [main] INFO clegoues.genprog4java.fitness.Fitness  - 	 gen: 4 1.0 StmtDelete(47) StmtDelete(30) StmtDelete(112) (stored at: variant254)
166903 [main] INFO clegoues.genprog4java.fitness.Fitness  - 	 gen: 4 0.0 StmtAppend(58,29) StmtAppend(38,50) StmtDelete(30) (stored at: variant255)
168149 [main] INFO clegoues.genprog4java.fitness.Fitness  - 	 gen: 4 0.0 StmtDelete(59) StmtDelete(31) (stored at: variant256)
169153 [main] INFO clegoues.genprog4java.fitness.Fitness  - 	 gen: 4 2.0 StmtReplace(63,31) StmtAppend(58,29) StmtDelete(54) StmtDelete(123) (stored at: variant257)
170088 [main] INFO clegoues.genprog4java.fitness.Fitness  - 	 gen: 4 2.0 StmtAppend(102,55) StmtReplace(47,38) (stored at: variant258)
170112 [main] ERROR clegoues.genprog4java.rep.JavaRepresentation  - org/jsoup/nodes/Entities.java:243: error: cannot find symbol
            entities.put(name, val);
                               ^
  symbol:   variable val
  location: class Entities
1 error

170112 [main] INFO clegoues.genprog4java.rep.CachingRepresentation  - StmtDelete(47) StmtReplace(117,45) at variant259 fails to compile

170113 [main] INFO clegoues.genprog4java.fitness.Fitness  - 	 gen: 4 0.0 StmtDelete(47) StmtReplace(117,45) (stored at: variant259)
170137 [main] ERROR clegoues.genprog4java.rep.JavaRepresentation  - org/jsoup/nodes/Entities.java:75: error: cannot find symbol
        escape(accum, string, out, false, false, false);
               ^
  symbol:   variable accum
  location: class Entities
org/jsoup/nodes/Entities.java:76: error: cannot find symbol
        return accum.toString();
               ^
  symbol:   variable accum
  location: class Entities
2 errors

170137 [main] INFO clegoues.genprog4java.rep.CachingRepresentation  - StmtReplace(54,70) StmtDelete(12) at variant260 fails to compile

170137 [main] INFO clegoues.genprog4java.fitness.Fitness  - 	 gen: 4 0.0 StmtReplace(54,70) StmtDelete(12) (stored at: variant260)
171203 [main] INFO clegoues.genprog4java.fitness.Fitness  - 	 gen: 4 1.0 StmtReplace(82,82) StmtAppend(58,29) StmtDelete(31) StmtAppend(130,60) (stored at: variant261)
171228 [main] ERROR clegoues.genprog4java.rep.JavaRepresentation  - org/jsoup/nodes/Entities.java:92: error: cannot find symbol
        for (int offset = 0; offset < length; offset += Character.charCount(codePoint)) {
                                      ^
  symbol:   variable length
  location: class Entities
1 error

171228 [main] INFO clegoues.genprog4java.rep.CachingRepresentation  - StmtDelete(30) StmtDelete(22) at variant262 fails to compile

171228 [main] INFO clegoues.genprog4java.fitness.Fitness  - 	 gen: 4 0.0 StmtDelete(30) StmtDelete(22) (stored at: variant262)
171228 [main] INFO clegoues.genprog4java.Search.Search  - search: generation5
173271 [main] INFO clegoues.genprog4java.fitness.Fitness  - 	 gen: 5 0.0 StmtAppend(98,101) StmtAppend(63,49) StmtDelete(63) StmtReplace(132,50) StmtAppend(39,76) (stored at: variant263)
174079 [main] INFO clegoues.genprog4java.fitness.Fitness  - 	 gen: 5 2.0 StmtReplace(63,31) StmtAppend(58,29) StmtDelete(54) StmtDelete(123) StmtDelete(124) (stored at: variant264)
174533 [main] INFO clegoues.genprog4java.fitness.Fitness  - 	 gen: 5 1.0 StmtReplace(54,70) StmtDelete(59) StmtReplace(27,34) StmtAppend(35,63) (stored at: variant265)
175326 [main] INFO clegoues.genprog4java.fitness.Fitness  - 	 gen: 5 1.0 StmtAppend(98,101) StmtAppend(63,49) StmtDelete(63) StmtReplace(132,50) StmtDelete(57) (stored at: variant266)
175347 [main] ERROR clegoues.genprog4java.rep.JavaRepresentation  - org/jsoup/nodes/Entities.java:250: error: continue outside of loop
        {Map<Character, String> outMap=new HashMap<Character, String>();continue;}
                                                                        ^
org/jsoup/nodes/Entities.java:255: error: cannot find symbol
            if (outMap.containsKey(character)) {
                ^
  symbol:   variable outMap
  location: class Entities
org/jsoup/nodes/Entities.java:258: error: cannot find symbol
                    outMap.put(character, name);
                    ^
  symbol:   variable outMap
  location: class Entities
org/jsoup/nodes/Entities.java:260: error: cannot find symbol
                outMap.put(character, name);
                ^
  symbol:   variable outMap
  location: class Entities
org/jsoup/nodes/Entities.java:263: error: cannot find symbol
        return outMap;
               ^
  symbol:   variable outMap
  location: class Entities
5 errors

175347 [main] INFO clegoues.genprog4java.rep.CachingRepresentation  - StmtAppend(98,101) StmtAppend(63,49) StmtDelete(63) StmtDelete(49) StmtAppend(122,32) at variant267 fails to compile

175347 [main] INFO clegoues.genprog4java.fitness.Fitness  - 	 gen: 5 0.0 StmtAppend(98,101) StmtAppend(63,49) StmtDelete(63) StmtDelete(49) StmtAppend(122,32) (stored at: variant267)
176006 [main] INFO clegoues.genprog4java.fitness.Fitness  - 	 gen: 5 2.0 StmtAppend(70,38) StmtDelete(72) StmtAppend(73,65) StmtReplace(28,63) (stored at: variant268)
176925 [main] INFO clegoues.genprog4java.fitness.Fitness  - 	 gen: 5 1.0 StmtAppend(70,38) StmtDelete(72) StmtAppend(73,65) StmtDelete(124) (stored at: variant269)
177888 [main] INFO clegoues.genprog4java.fitness.Fitness  - 	 gen: 5 2.0 StmtReplace(54,70) StmtDelete(59) StmtDelete(104) StmtAppend(44,29) (stored at: variant270)
178701 [main] INFO clegoues.genprog4java.fitness.Fitness  - 	 gen: 5 2.0 StmtAppend(98,101) StmtAppend(63,49) StmtDelete(63) StmtDelete(49) StmtAppend(59,75) (stored at: variant271)
180435 [main] INFO clegoues.genprog4java.fitness.Fitness  - 	 gen: 5 2.0 StmtAppend(111,101) StmtAppend(58,29) StmtDelete(31) StmtAppend(34,27) StmtAppend(97,101) (stored at: variant272)
180475 [main] ERROR clegoues.genprog4java.rep.JavaRepresentation  - org/jsoup/nodes/Entities.java:195: error: missing return statement
    }
    ^
1 error

180475 [main] INFO clegoues.genprog4java.rep.CachingRepresentation  - StmtAppend(98,101) StmtAppend(63,49) StmtDelete(63) StmtDelete(49) StmtDelete(88) at variant273 fails to compile

180475 [main] INFO clegoues.genprog4java.fitness.Fitness  - 	 gen: 5 0.0 StmtAppend(98,101) StmtAppend(63,49) StmtDelete(63) StmtDelete(49) StmtDelete(88) (stored at: variant273)
180518 [main] ERROR clegoues.genprog4java.rep.JavaRepresentation  - org/jsoup/nodes/Entities.java:214: error: cannot find symbol
            if (outMap.containsKey(character)) {
                                   ^
  symbol:   variable character
  location: class Entities
org/jsoup/nodes/Entities.java:217: error: cannot find symbol
                    outMap.put(character, name);
                               ^
  symbol:   variable character
  location: class Entities
org/jsoup/nodes/Entities.java:219: error: cannot find symbol
                outMap.put(character, name);
                           ^
  symbol:   variable character
  location: class Entities
3 errors

180518 [main] INFO clegoues.genprog4java.rep.CachingRepresentation  - StmtDelete(47) StmtReplace(30,28) StmtReplace(39,76) StmtReplace(125,35) at variant274 fails to compile

180518 [main] INFO clegoues.genprog4java.fitness.Fitness  - 	 gen: 5 0.0 StmtDelete(47) StmtReplace(30,28) StmtReplace(39,76) StmtReplace(125,35) (stored at: variant274)
181753 [main] INFO clegoues.genprog4java.fitness.Fitness  - 	 gen: 5 2.0 StmtAppend(111,101) StmtAppend(58,29) StmtDelete(31) StmtAppend(34,27) StmtDelete(130) (stored at: variant275)
181793 [main] ERROR clegoues.genprog4java.rep.JavaRepresentation  - org/jsoup/nodes/Entities.java:85: error: continue outside of loop
			continue;
			^
org/jsoup/nodes/Entities.java:88: error: cannot find symbol
        final Map<Character, String> map = escapeMode.getMap();
                                           ^
  symbol:   variable escapeMode
  location: class Entities
org/jsoup/nodes/Entities.java:116: error: cannot find symbol
                        if (escapeMode != EscapeMode.xhtml)
                            ^
  symbol:   variable escapeMode
  location: class Entities
3 errors

181793 [main] INFO clegoues.genprog4java.rep.CachingRepresentation  - StmtAppend(111,101) StmtAppend(58,29) StmtDelete(31) StmtReplace(29,29) StmtReplace(18,31) at variant276 fails to compile

181793 [main] INFO clegoues.genprog4java.fitness.Fitness  - 	 gen: 5 0.0 StmtAppend(111,101) StmtAppend(58,29) StmtDelete(31) StmtReplace(29,29) StmtReplace(18,31) (stored at: variant276)
181857 [main] ERROR clegoues.genprog4java.rep.JavaRepresentation  - org/jsoup/nodes/Entities.java:185: error: missing return statement
    }
    ^
1 error

181857 [main] INFO clegoues.genprog4java.rep.CachingRepresentation  - StmtAppend(102,55) StmtReplace(47,38) StmtDelete(82) at variant277 fails to compile

181858 [main] INFO clegoues.genprog4java.fitness.Fitness  - 	 gen: 5 0.0 StmtAppend(102,55) StmtReplace(47,38) StmtDelete(82) (stored at: variant277)
183039 [main] INFO clegoues.genprog4java.fitness.Fitness  - 	 gen: 5 0.0 StmtAppend(98,101) StmtAppend(63,49) StmtDelete(63) StmtReplace(132,50) StmtAppend(42,37) (stored at: variant278)
184018 [main] INFO clegoues.genprog4java.fitness.Fitness  - 	 gen: 5 0.0 StmtReplace(82,82) StmtAppend(71,45) StmtDelete(30) StmtReplace(29,33) StmtReplace(128,132) (stored at: variant279)
184840 [main] INFO clegoues.genprog4java.fitness.Fitness  - 	 gen: 5 1.0 StmtReplace(82,82) StmtAppend(71,45) StmtDelete(30) StmtReplace(29,33) StmtAppend(76,68) (stored at: variant280)
184861 [main] ERROR clegoues.genprog4java.rep.JavaRepresentation  - org/jsoup/nodes/Entities.java:230: error: continue outside of loop
			continue;
			^
org/jsoup/nodes/Entities.java:235: error: cannot find symbol
            properties.load(in);
            ^
  symbol:   variable properties
  location: class Entities
org/jsoup/nodes/Entities.java:241: error: cannot find symbol
        for (Map.Entry entry: properties.entrySet()) {
                              ^
  symbol:   variable properties
  location: class Entities
3 errors

184861 [main] INFO clegoues.genprog4java.rep.CachingRepresentation  - StmtAppend(70,38) StmtDelete(72) StmtAppend(73,65) StmtAppend(106,32) at variant281 fails to compile

184861 [main] INFO clegoues.genprog4java.fitness.Fitness  - 	 gen: 5 0.0 StmtAppend(70,38) StmtDelete(72) StmtAppend(73,65) StmtAppend(106,32) (stored at: variant281)
184883 [main] ERROR clegoues.genprog4java.rep.JavaRepresentation  - org/jsoup/nodes/Entities.java:236: error: cannot find symbol
            properties.load(in);
            ^
  symbol:   variable properties
  location: class Entities
org/jsoup/nodes/Entities.java:242: error: cannot find symbol
        for (Map.Entry entry: properties.entrySet()) {
                              ^
  symbol:   variable properties
  location: class Entities
2 errors

184883 [main] INFO clegoues.genprog4java.rep.CachingRepresentation  - StmtAppend(98,101) StmtAppend(63,49) StmtDelete(63) StmtReplace(132,50) StmtDelete(106) at variant282 fails to compile

184883 [main] INFO clegoues.genprog4java.fitness.Fitness  - 	 gen: 5 0.0 StmtAppend(98,101) StmtAppend(63,49) StmtDelete(63) StmtReplace(132,50) StmtDelete(106) (stored at: variant282)
185778 [main] INFO clegoues.genprog4java.fitness.Fitness  - 	 gen: 5 1.0 StmtReplace(54,70) StmtDelete(59) StmtDelete(104) StmtAppend(100,101) (stored at: variant283)
186718 [main] INFO clegoues.genprog4java.fitness.Fitness  - 	 gen: 5 0.0 StmtReplace(54,70) StmtDelete(59) StmtDelete(127) StmtAppend(38,39) (stored at: variant284)
186739 [main] ERROR clegoues.genprog4java.rep.JavaRepresentation  - org/jsoup/nodes/Entities.java:220: error: continue outside of loop
        continue;
        ^
1 error

186739 [main] INFO clegoues.genprog4java.rep.CachingRepresentation  - StmtReplace(54,70) StmtDelete(59) StmtDelete(127) StmtReplace(97,32) at variant285 fails to compile

186739 [main] INFO clegoues.genprog4java.fitness.Fitness  - 	 gen: 5 0.0 StmtReplace(54,70) StmtDelete(59) StmtDelete(127) StmtReplace(97,32) (stored at: variant285)
187174 [main] INFO clegoues.genprog4java.fitness.Fitness  - 	 gen: 5 2.0 StmtReplace(54,70) StmtDelete(59) StmtDelete(127) StmtDelete(127) (stored at: variant286)
188309 [main] INFO clegoues.genprog4java.fitness.Fitness  - 	 gen: 5 2.0 StmtAppend(98,101) StmtAppend(63,49) StmtDelete(63) StmtDelete(49) StmtAppend(75,34) (stored at: variant287)
188355 [main] ERROR clegoues.genprog4java.rep.JavaRepresentation  - org/jsoup/nodes/Entities.java:96: error: variable codePoint might not have been initialized
                if (StringUtil.isWhitespace(codePoint)) {
                                            ^
org/jsoup/nodes/Entities.java:109: error: variable codePoint might not have been initialized
            if (codePoint < Character.MIN_SUPPLEMENTARY_CODE_POINT) {
                ^
2 errors

188355 [main] INFO clegoues.genprog4java.rep.CachingRepresentation  - StmtAppend(111,101) StmtAppend(58,29) StmtDelete(31) StmtDelete(33) StmtDelete(26) at variant288 fails to compile

188355 [main] INFO clegoues.genprog4java.fitness.Fitness  - 	 gen: 5 0.0 StmtAppend(111,101) StmtAppend(58,29) StmtDelete(31) StmtDelete(33) StmtDelete(26) (stored at: variant288)
189570 [main] INFO clegoues.genprog4java.fitness.Fitness  - 	 gen: 5 2.0 StmtReplace(82,82) StmtAppend(58,29) StmtAppend(38,50) StmtAppend(54,70) StmtReplace(29,38) (stored at: variant289)
189606 [main] ERROR clegoues.genprog4java.rep.JavaRepresentation  - org/jsoup/nodes/Entities.java:195: error: cannot find symbol
            properties.load(in);
            ^
  symbol:   variable properties
  location: class Entities
org/jsoup/nodes/Entities.java:201: error: cannot find symbol
        for (Map.Entry entry: properties.entrySet()) {
                              ^
  symbol:   variable properties
  location: class Entities
2 errors

189606 [main] INFO clegoues.genprog4java.rep.CachingRepresentation  - StmtDelete(47) StmtReplace(30,28) StmtReplace(39,76) StmtDelete(106) at variant290 fails to compile

189606 [main] INFO clegoues.genprog4java.fitness.Fitness  - 	 gen: 5 0.0 StmtDelete(47) StmtReplace(30,28) StmtReplace(39,76) StmtDelete(106) (stored at: variant290)
190946 [main] INFO clegoues.genprog4java.fitness.Fitness  - 	 gen: 5 1.0 StmtReplace(54,70) StmtDelete(59) StmtReplace(27,34) StmtReplace(69,30) (stored at: variant291)
190974 [main] ERROR clegoues.genprog4java.rep.JavaRepresentation  - org/jsoup/nodes/Entities.java:233: error: cannot find symbol
            properties.load(in);
            ^
  symbol:   variable properties
  location: class Entities
org/jsoup/nodes/Entities.java:239: error: cannot find symbol
        for (Map.Entry entry: properties.entrySet()) {
                              ^
  symbol:   variable properties
  location: class Entities
2 errors

190974 [main] INFO clegoues.genprog4java.rep.CachingRepresentation  - StmtAppend(70,38) StmtDelete(72) StmtAppend(73,65) StmtDelete(106) at variant292 fails to compile

190974 [main] INFO clegoues.genprog4java.fitness.Fitness  - 	 gen: 5 0.0 StmtAppend(70,38) StmtDelete(72) StmtAppend(73,65) StmtDelete(106) (stored at: variant292)
191912 [main] INFO clegoues.genprog4java.fitness.Fitness  - 	 gen: 5 1.0 StmtAppend(98,101) StmtAppend(63,49) StmtDelete(63) StmtReplace(132,50) StmtDelete(127) (stored at: variant293)
193044 [main] INFO clegoues.genprog4java.fitness.Fitness  - 	 gen: 5 1.0 StmtAppend(98,101) StmtAppend(63,49) StmtDelete(63) StmtDelete(29) StmtReplace(49,34) (stored at: variant294)
193079 [main] ERROR clegoues.genprog4java.rep.JavaRepresentation  - org/jsoup/nodes/Entities.java:230: error: continue outside of loop
        {xhtmlByVal=new HashMap<Character, String>();continue;}
                                                     ^
1 error

193079 [main] INFO clegoues.genprog4java.rep.CachingRepresentation  - StmtReplace(63,31) StmtAppend(58,29) StmtDelete(54) StmtDelete(123) StmtAppend(96,32) at variant295 fails to compile

193079 [main] INFO clegoues.genprog4java.fitness.Fitness  - 	 gen: 5 0.0 StmtReplace(63,31) StmtAppend(58,29) StmtDelete(54) StmtDelete(123) StmtAppend(96,32) (stored at: variant295)
194189 [main] INFO clegoues.genprog4java.fitness.Fitness  - 	 gen: 5 2.0 StmtAppend(70,38) StmtDelete(72) StmtAppend(73,65) StmtReplace(42,68) (stored at: variant296)
194236 [main] ERROR clegoues.genprog4java.rep.JavaRepresentation  - org/jsoup/nodes/Entities.java:132: error: unreachable statement
						if (normaliseWhite) {
						^
1 error

194236 [main] INFO clegoues.genprog4java.rep.CachingRepresentation  - StmtReplace(63,31) StmtAppend(58,29) StmtAppend(38,50) StmtAppend(53,45) StmtAppend(55,27) at variant297 fails to compile

194236 [main] INFO clegoues.genprog4java.fitness.Fitness  - 	 gen: 5 0.0 StmtReplace(63,31) StmtAppend(58,29) StmtAppend(38,50) StmtAppend(53,45) StmtAppend(55,27) (stored at: variant297)
195519 [main] INFO clegoues.genprog4java.fitness.Fitness  - 	 gen: 5 0.0 StmtDelete(47) StmtReplace(30,28) StmtReplace(39,76) StmtDelete(86) (stored at: variant298)
196528 [main] INFO clegoues.genprog4java.fitness.Fitness  - 	 gen: 5 1.0 StmtReplace(82,82) StmtAppend(71,45) StmtDelete(30) StmtReplace(29,33) StmtAppend(52,69) (stored at: variant299)
197466 [main] INFO clegoues.genprog4java.fitness.Fitness  - 	 gen: 5 2.0 StmtAppend(102,55) StmtReplace(47,38) StmtReplace(65,76) (stored at: variant300)
197497 [main] ERROR clegoues.genprog4java.rep.JavaRepresentation  - org/jsoup/nodes/Entities.java:220: error: variable base might not have been initialized
        {baseByVal=toCharacterKey(base);for (Object[] entity:xhtmlArray){Character c=Character.valueOf((char)((Integer)entity[1]).intValue());xhtmlByVal.put(c,((String)entity[0]));}}
                                  ^
1 error

197497 [main] INFO clegoues.genprog4java.rep.CachingRepresentation  - StmtAppend(98,101) StmtAppend(63,49) StmtDelete(63) StmtDelete(49) StmtReplace(97,101) at variant301 fails to compile

197497 [main] INFO clegoues.genprog4java.fitness.Fitness  - 	 gen: 5 0.0 StmtAppend(98,101) StmtAppend(63,49) StmtDelete(63) StmtDelete(49) StmtReplace(97,101) (stored at: variant301)
197535 [main] ERROR clegoues.genprog4java.rep.JavaRepresentation  - org/jsoup/nodes/Entities.java:252: error: cannot find symbol
            xhtmlByVal.put(c, ((String) entity[0]));
                           ^
  symbol:   variable c
  location: class Entities
1 error

197536 [main] INFO clegoues.genprog4java.rep.CachingRepresentation  - StmtAppend(111,101) StmtAppend(58,29) StmtDelete(31) StmtAppend(34,27) StmtDelete(103) at variant302 fails to compile

197536 [main] INFO clegoues.genprog4java.fitness.Fitness  - 	 gen: 5 0.0 StmtAppend(111,101) StmtAppend(58,29) StmtDelete(31) StmtAppend(34,27) StmtDelete(103) (stored at: variant302)
197599 [main] ERROR clegoues.genprog4java.rep.JavaRepresentation  - org/jsoup/nodes/Entities.java:92: error: cannot find symbol
        for (int offset = 0; offset < length; offset += Character.charCount(codePoint)) {
                                      ^
  symbol:   variable length
  location: class Entities
1 error

197600 [main] INFO clegoues.genprog4java.rep.CachingRepresentation  - StmtDelete(22) at variant303 fails to compile

197600 [main] INFO clegoues.genprog4java.fitness.Fitness  - 	 gen: 5 0.0 StmtDelete(22) (stored at: variant303)
197628 [main] ERROR clegoues.genprog4java.rep.JavaRepresentation  - org/jsoup/nodes/Entities.java:235: error: continue outside of loop
        continue;
        ^
1 error

197628 [main] INFO clegoues.genprog4java.rep.CachingRepresentation  - StmtReplace(54,70) StmtDelete(59) StmtAppend(58,29) StmtDelete(54) StmtDelete(123) StmtReplace(101,32) at variant304 fails to compile

197628 [main] INFO clegoues.genprog4java.fitness.Fitness  - 	 gen: 5 0.0 StmtReplace(54,70) StmtDelete(59) StmtAppend(58,29) StmtDelete(54) StmtDelete(123) StmtReplace(101,32) (stored at: variant304)
198483 [main] INFO clegoues.genprog4java.fitness.Fitness  - 	 gen: 5 2.0 StmtReplace(54,70) StmtDelete(127) StmtDelete(116) (stored at: variant305)
199356 [main] INFO clegoues.genprog4java.fitness.Fitness  - 	 gen: 5 1.0 StmtReplace(54,70) StmtReplace(27,34) StmtAppend(54,50) (stored at: variant306)
199380 [main] ERROR clegoues.genprog4java.rep.JavaRepresentation  - org/jsoup/nodes/Entities.java:190: error: missing return statement
    }
    ^
1 error

199380 [main] INFO clegoues.genprog4java.rep.CachingRepresentation  - StmtAppend(70,38) StmtDelete(33) StmtDelete(82) at variant307 fails to compile

199380 [main] INFO clegoues.genprog4java.fitness.Fitness  - 	 gen: 5 0.0 StmtAppend(70,38) StmtDelete(33) StmtDelete(82) (stored at: variant307)
199405 [main] ERROR clegoues.genprog4java.rep.JavaRepresentation  - org/jsoup/nodes/Entities.java:168: error: cannot find symbol
                if (encoder.canEncode(c)) // uses fallback encoder for simplicity
                                      ^
  symbol:   variable c
  location: class Entities
org/jsoup/nodes/Entities.java:169: error: cannot find symbol
                    accum.append(c);
                                 ^
  symbol:   variable c
  location: class Entities
2 errors

199405 [main] INFO clegoues.genprog4java.rep.CachingRepresentation  - StmtAppend(111,101) StmtAppend(58,29) StmtAppend(73,65) StmtReplace(55,30) at variant308 fails to compile

199405 [main] INFO clegoues.genprog4java.fitness.Fitness  - 	 gen: 5 0.0 StmtAppend(111,101) StmtAppend(58,29) StmtAppend(73,65) StmtReplace(55,30) (stored at: variant308)
199429 [main] ERROR clegoues.genprog4java.rep.JavaRepresentation  - org/jsoup/nodes/Entities.java:90: error: cannot find symbol
        final Map<Character, String> map = escapeMode.getMap();
                                           ^
  symbol:   variable escapeMode
  location: class Entities
org/jsoup/nodes/Entities.java:121: error: cannot find symbol
                        if (escapeMode != EscapeMode.xhtml)
                            ^
  symbol:   variable escapeMode
  location: class Entities
2 errors

199429 [main] INFO clegoues.genprog4java.rep.CachingRepresentation  - StmtAppend(38,50) StmtAppend(54,70) StmtAppend(18,37) at variant309 fails to compile

199429 [main] INFO clegoues.genprog4java.fitness.Fitness  - 	 gen: 5 0.0 StmtAppend(38,50) StmtAppend(54,70) StmtAppend(18,37) (stored at: variant309)
200539 [main] INFO clegoues.genprog4java.fitness.Fitness  - 	 gen: 5 2.0 StmtReplace(82,82) StmtDelete(72) StmtAppend(73,65) StmtReplace(44,58) (stored at: variant310)
201799 [main] INFO clegoues.genprog4java.fitness.Fitness  - 	 gen: 5 2.0 StmtAppend(98,101) StmtAppend(63,49) StmtDelete(59) StmtReplace(27,34) StmtDelete(119) (stored at: variant311)
203000 [main] INFO clegoues.genprog4java.fitness.Fitness  - 	 gen: 5 2.0 StmtDelete(49) StmtDelete(127) (stored at: variant312)
203038 [main] ERROR clegoues.genprog4java.rep.JavaRepresentation  - org/jsoup/nodes/Entities.java:87: error: continue outside of loop
        {final Map<Character, String> map=escapeMode.getMap();{if ((stripLeadingWhite && !reachedNonWhite) || lastWasWhite)continue;accum.append(' ');lastWasWhite=true;continue;}}
                                                                                                                           ^
org/jsoup/nodes/Entities.java:87: error: continue outside of loop
        {final Map<Character, String> map=escapeMode.getMap();{if ((stripLeadingWhite && !reachedNonWhite) || lastWasWhite)continue;accum.append(' ');lastWasWhite=true;continue;}}
                                                                                                                                                                        ^
org/jsoup/nodes/Entities.java:152: error: cannot find symbol
                        else if (map.containsKey(c))
                                 ^
  symbol:   variable map
  location: class Entities
org/jsoup/nodes/Entities.java:153: error: cannot find symbol
                            accum.append('&').append(map.get(c)).append(';');
                                                     ^
  symbol:   variable map
  location: class Entities
4 errors

203039 [main] INFO clegoues.genprog4java.rep.CachingRepresentation  - StmtAppend(111,101) StmtAppend(58,29) StmtDelete(31) StmtAppend(21,30) at variant313 fails to compile

203039 [main] INFO clegoues.genprog4java.fitness.Fitness  - 	 gen: 5 0.0 StmtAppend(111,101) StmtAppend(58,29) StmtDelete(31) StmtAppend(21,30) (stored at: variant313)
204072 [main] INFO clegoues.genprog4java.fitness.Fitness  - 	 gen: 5 2.0 StmtAppend(70,38) StmtDelete(72) StmtDelete(27) (stored at: variant314)
204937 [main] INFO clegoues.genprog4java.fitness.Fitness  - 	 gen: 5 1.0 StmtAppend(111,101) StmtAppend(58,29) StmtDelete(54) StmtDelete(123) StmtDelete(27) (stored at: variant315)
205712 [main] INFO clegoues.genprog4java.fitness.Fitness  - 	 gen: 5 2.0 StmtReplace(63,31) StmtAppend(34,27) StmtDelete(75) (stored at: variant316)
206971 [main] INFO clegoues.genprog4java.fitness.Fitness  - 	 gen: 5 1.0 StmtAppend(111,101) StmtDelete(72) StmtAppend(73,65) StmtReplace(32,53) (stored at: variant317)
206998 [main] ERROR clegoues.genprog4java.rep.JavaRepresentation  - org/jsoup/nodes/Entities.java:91: error: continue outside of loop
        continue;
        ^
1 error

206999 [main] INFO clegoues.genprog4java.rep.CachingRepresentation  - StmtDelete(31) StmtReplace(29,29) StmtReplace(24,35) at variant318 fails to compile

206999 [main] INFO clegoues.genprog4java.fitness.Fitness  - 	 gen: 5 0.0 StmtDelete(31) StmtReplace(29,29) StmtReplace(24,35) (stored at: variant318)
207026 [main] ERROR clegoues.genprog4java.rep.JavaRepresentation  - org/jsoup/nodes/Entities.java:215: error: continue outside of loop
			continue;
			^
1 error

207026 [main] INFO clegoues.genprog4java.rep.CachingRepresentation  - StmtAppend(71,45) StmtDelete(30) StmtReplace(29,33) StmtAppend(97,35) at variant319 fails to compile

207026 [main] INFO clegoues.genprog4java.fitness.Fitness  - 	 gen: 5 0.0 StmtAppend(71,45) StmtDelete(30) StmtReplace(29,33) StmtAppend(97,35) (stored at: variant319)
207060 [main] ERROR clegoues.genprog4java.rep.JavaRepresentation  - org/jsoup/nodes/Entities.java:88: error: continue outside of loop
			continue;
			^
org/jsoup/nodes/Entities.java:134: error: cannot find symbol
                        if (canEncode(coreCharset, c, encoder))
                                      ^
  symbol:   variable coreCharset
  location: class Entities
2 errors

207060 [main] INFO clegoues.genprog4java.rep.CachingRepresentation  - StmtAppend(71,45) StmtDelete(30) StmtReplace(29,33) StmtAppend(20,32) at variant320 fails to compile

207060 [main] INFO clegoues.genprog4java.fitness.Fitness  - 	 gen: 5 0.0 StmtAppend(71,45) StmtDelete(30) StmtReplace(29,33) StmtAppend(20,32) (stored at: variant320)
208252 [main] INFO clegoues.genprog4java.fitness.Fitness  - 	 gen: 5 1.0 StmtReplace(82,82) StmtAppend(71,45) StmtReplace(47,38) StmtDelete(55) (stored at: variant321)
209362 [main] INFO clegoues.genprog4java.fitness.Fitness  - 	 gen: 5 1.0 StmtReplace(29,33) StmtDelete(38) (stored at: variant322)
210280 [main] INFO clegoues.genprog4java.fitness.Fitness  - 	 gen: 5 2.0 StmtAppend(98,101) StmtDelete(28) (stored at: variant323)
210304 [main] ERROR clegoues.genprog4java.rep.JavaRepresentation  - org/jsoup/nodes/Entities.java:248: error: incompatible types: boolean cannot be converted to Map<String,Character>
				return true;
				       ^
1 error

210304 [main] INFO clegoues.genprog4java.rep.CachingRepresentation  - StmtAppend(111,101) StmtAppend(58,29) StmtDelete(31) StmtDelete(63) StmtReplace(132,50) StmtAppend(112,86) at variant324 fails to compile

210304 [main] INFO clegoues.genprog4java.fitness.Fitness  - 	 gen: 5 0.0 StmtAppend(111,101) StmtAppend(58,29) StmtDelete(31) StmtDelete(63) StmtReplace(132,50) StmtAppend(112,86) (stored at: variant324)
210304 [main] INFO clegoues.genprog4java.Search.Search  - search: generation6
212014 [main] INFO clegoues.genprog4java.fitness.Fitness  - 	 gen: 6 1.0 StmtAppend(111,101) StmtAppend(58,29) StmtDelete(31) StmtAppend(34,27) StmtAppend(97,101) StmtReplace(116,101) (stored at: variant325)
212549 [main] INFO clegoues.genprog4java.fitness.Fitness  - 	 gen: 6 2.0 StmtAppend(98,101) StmtDelete(28) StmtReplace(30,26) (stored at: variant326)
212595 [main] ERROR clegoues.genprog4java.rep.JavaRepresentation  - org/jsoup/nodes/Entities.java:240: error: cannot find symbol
            entities.put(name, val);
            ^
  symbol:   variable entities
  location: class Entities
org/jsoup/nodes/Entities.java:242: error: cannot find symbol
        return entities;
               ^
  symbol:   variable entities
  location: class Entities
2 errors

212595 [main] INFO clegoues.genprog4java.rep.CachingRepresentation  - StmtReplace(82,82) StmtAppend(71,45) StmtDelete(30) StmtReplace(29,33) StmtAppend(76,68) StmtDelete(107) at variant327 fails to compile

212595 [main] INFO clegoues.genprog4java.fitness.Fitness  - 	 gen: 6 0.0 StmtReplace(82,82) StmtAppend(71,45) StmtDelete(30) StmtReplace(29,33) StmtAppend(76,68) StmtDelete(107) (stored at: variant327)
212620 [main] ERROR clegoues.genprog4java.rep.JavaRepresentation  - org/jsoup/nodes/Entities.java:205: error: continue outside of loop
			continue;
			^
1 error

212620 [main] INFO clegoues.genprog4java.rep.CachingRepresentation  - StmtReplace(54,70) StmtDelete(59) StmtDelete(104) StmtAppend(44,29) StmtReplace(88,35) at variant328 fails to compile

212620 [main] INFO clegoues.genprog4java.fitness.Fitness  - 	 gen: 6 0.0 StmtReplace(54,70) StmtDelete(59) StmtDelete(104) StmtAppend(44,29) StmtReplace(88,35) (stored at: variant328)
213581 [main] INFO clegoues.genprog4java.fitness.Fitness  - 	 gen: 6 2.0 StmtReplace(54,70) StmtDelete(59) StmtDelete(104) StmtAppend(44,29) StmtDelete(50) (stored at: variant329)
213607 [main] ERROR clegoues.genprog4java.rep.JavaRepresentation  - org/jsoup/nodes/Entities.java:73: error: continue outside of loop
        continue;
        ^
org/jsoup/nodes/Entities.java:74: error: cannot find symbol
        escape(accum, string, out, false, false, false);
               ^
  symbol:   variable accum
  location: class Entities
org/jsoup/nodes/Entities.java:75: error: cannot find symbol
        return accum.toString();
               ^
  symbol:   variable accum
  location: class Entities
3 errors

213607 [main] INFO clegoues.genprog4java.rep.CachingRepresentation  - StmtAppend(70,38) StmtDelete(72) StmtDelete(27) StmtReplace(12,35) at variant330 fails to compile

213607 [main] INFO clegoues.genprog4java.fitness.Fitness  - 	 gen: 6 0.0 StmtAppend(70,38) StmtDelete(72) StmtDelete(27) StmtReplace(12,35) (stored at: variant330)
214485 [main] INFO clegoues.genprog4java.fitness.Fitness  - 	 gen: 6 2.0 StmtAppend(111,101) StmtAppend(58,29) StmtDelete(31) StmtAppend(34,27) StmtDelete(130) StmtReplace(64,58) (stored at: variant331)
215388 [main] INFO clegoues.genprog4java.fitness.Fitness  - 	 gen: 6 2.0 StmtReplace(82,82) StmtAppend(58,29) StmtAppend(38,50) StmtAppend(54,70) StmtReplace(29,38) StmtDelete(52) (stored at: variant332)
215425 [main] ERROR clegoues.genprog4java.rep.JavaRepresentation  - org/jsoup/nodes/Entities.java:226: error: cannot find symbol
            properties.load(in);
            ^
  symbol:   variable properties
  location: class Entities
org/jsoup/nodes/Entities.java:232: error: cannot find symbol
        for (Map.Entry entry: properties.entrySet()) {
                              ^
  symbol:   variable properties
  location: class Entities
2 errors

215425 [main] INFO clegoues.genprog4java.rep.CachingRepresentation  - StmtAppend(98,101) StmtAppend(63,49) StmtDelete(59) StmtReplace(27,34) StmtDelete(119) StmtReplace(106,101) at variant333 fails to compile

215425 [main] INFO clegoues.genprog4java.fitness.Fitness  - 	 gen: 6 0.0 StmtAppend(98,101) StmtAppend(63,49) StmtDelete(59) StmtReplace(27,34) StmtDelete(119) StmtReplace(106,101) (stored at: variant333)
216297 [main] INFO clegoues.genprog4java.fitness.Fitness  - 	 gen: 6 1.0 StmtReplace(54,70) StmtDelete(127) StmtDelete(116) StmtReplace(50,38) (stored at: variant334)
216321 [main] ERROR clegoues.genprog4java.rep.JavaRepresentation  - org/jsoup/nodes/Entities.java:217: error: continue outside of loop
        continue;
        ^
1 error

216321 [main] INFO clegoues.genprog4java.rep.CachingRepresentation  - StmtReplace(82,82) StmtDelete(72) StmtAppend(73,65) StmtReplace(44,58) StmtReplace(100,35) at variant335 fails to compile

216321 [main] INFO clegoues.genprog4java.fitness.Fitness  - 	 gen: 6 0.0 StmtReplace(82,82) StmtDelete(72) StmtAppend(73,65) StmtReplace(44,58) StmtReplace(100,35) (stored at: variant335)
216351 [main] ERROR clegoues.genprog4java.rep.JavaRepresentation  - org/jsoup/nodes/Entities.java:89: error: cannot find symbol
        final CoreCharset coreCharset = CoreCharset.byName(encoder.charset().name());
                                                           ^
  symbol:   variable encoder
  location: class Entities
org/jsoup/nodes/Entities.java:167: error: cannot find symbol
                        if (canEncode(coreCharset, c, encoder))
                                                      ^
  symbol:   variable encoder
  location: class Entities
org/jsoup/nodes/Entities.java:176: error: cannot find symbol
                if (encoder.canEncode(c)) // uses fallback encoder for simplicity
                    ^
  symbol:   variable encoder
  location: class Entities
3 errors

216351 [main] INFO clegoues.genprog4java.rep.CachingRepresentation  - StmtAppend(111,101) StmtAppend(58,29) StmtDelete(31) StmtAppend(34,27) StmtDelete(130) StmtReplace(19,47) at variant336 fails to compile

216351 [main] INFO clegoues.genprog4java.fitness.Fitness  - 	 gen: 6 0.0 StmtAppend(111,101) StmtAppend(58,29) StmtDelete(31) StmtAppend(34,27) StmtDelete(130) StmtReplace(19,47) (stored at: variant336)
216380 [main] ERROR clegoues.genprog4java.rep.JavaRepresentation  - org/jsoup/nodes/Entities.java:216: error: variable base might not have been initialized
        baseByVal = toCharacterKey(base);
                                   ^
1 error

216380 [main] INFO clegoues.genprog4java.rep.CachingRepresentation  - StmtReplace(82,82) StmtDelete(72) StmtAppend(73,65) StmtReplace(44,58) StmtDelete(97) at variant337 fails to compile

216380 [main] INFO clegoues.genprog4java.fitness.Fitness  - 	 gen: 6 0.0 StmtReplace(82,82) StmtDelete(72) StmtAppend(73,65) StmtReplace(44,58) StmtDelete(97) (stored at: variant337)
216409 [main] ERROR clegoues.genprog4java.rep.JavaRepresentation  - org/jsoup/nodes/Entities.java:270: error: cannot find symbol
            if (outMap.containsKey(character)) {
                ^
  symbol:   variable outMap
  location: class Entities
org/jsoup/nodes/Entities.java:273: error: cannot find symbol
                    outMap.put(character, name);
                    ^
  symbol:   variable outMap
  location: class Entities
org/jsoup/nodes/Entities.java:275: error: cannot find symbol
                outMap.put(character, name);
                ^
  symbol:   variable outMap
  location: class Entities
org/jsoup/nodes/Entities.java:278: error: cannot find symbol
        return outMap;
               ^
  symbol:   variable outMap
  location: class Entities
4 errors

216409 [main] INFO clegoues.genprog4java.rep.CachingRepresentation  - StmtReplace(63,31) StmtAppend(34,27) StmtDelete(75) StmtReplace(122,101) at variant338 fails to compile

216409 [main] INFO clegoues.genprog4java.fitness.Fitness  - 	 gen: 6 0.0 StmtReplace(63,31) StmtAppend(34,27) StmtDelete(75) StmtReplace(122,101) (stored at: variant338)
216446 [main] ERROR clegoues.genprog4java.rep.JavaRepresentation  - org/jsoup/nodes/Entities.java:280: error: cannot find symbol
            if (outMap.containsKey(character)) {
                                   ^
  symbol:   variable character
  location: class Entities
org/jsoup/nodes/Entities.java:283: error: cannot find symbol
                    outMap.put(character, name);
                               ^
  symbol:   variable character
  location: class Entities
org/jsoup/nodes/Entities.java:285: error: cannot find symbol
                outMap.put(character, name);
                           ^
  symbol:   variable character
  location: class Entities
3 errors

216446 [main] INFO clegoues.genprog4java.rep.CachingRepresentation  - StmtAppend(111,101) StmtAppend(58,29) StmtDelete(31) StmtAppend(34,27) StmtAppend(97,101) StmtReplace(125,45) at variant339 fails to compile

216446 [main] INFO clegoues.genprog4java.fitness.Fitness  - 	 gen: 6 0.0 StmtAppend(111,101) StmtAppend(58,29) StmtDelete(31) StmtAppend(34,27) StmtAppend(97,101) StmtReplace(125,45) (stored at: variant339)
217465 [main] INFO clegoues.genprog4java.fitness.Fitness  - 	 gen: 6 2.0 StmtReplace(54,70) StmtDelete(59) StmtDelete(104) StmtAppend(44,29) StmtAppend(64,47) (stored at: variant340)
217494 [main] ERROR clegoues.genprog4java.rep.JavaRepresentation  - org/jsoup/nodes/Entities.java:112: error: unreachable statement
                    reachedNonWhite = true;
                    ^
1 error

217494 [main] INFO clegoues.genprog4java.rep.CachingRepresentation  - StmtReplace(54,70) StmtDelete(59) StmtDelete(127) StmtDelete(127) StmtAppend(37,30) at variant341 fails to compile

217494 [main] INFO clegoues.genprog4java.fitness.Fitness  - 	 gen: 6 0.0 StmtReplace(54,70) StmtDelete(59) StmtDelete(127) StmtDelete(127) StmtAppend(37,30) (stored at: variant341)
217521 [main] ERROR clegoues.genprog4java.rep.JavaRepresentation  - org/jsoup/nodes/Entities.java:224: error: continue outside of loop
			continue;
			^
1 error

217521 [main] INFO clegoues.genprog4java.rep.CachingRepresentation  - StmtDelete(49) StmtDelete(127) StmtAppend(99,35) at variant342 fails to compile

217521 [main] INFO clegoues.genprog4java.fitness.Fitness  - 	 gen: 6 0.0 StmtDelete(49) StmtDelete(127) StmtAppend(99,35) (stored at: variant342)
217550 [main] ERROR clegoues.genprog4java.rep.JavaRepresentation  - org/jsoup/nodes/Entities.java:246: error: cannot find symbol
            entities.put(name, val);
                         ^
  symbol:   variable name
  location: class Entities
1 error

217550 [main] INFO clegoues.genprog4java.rep.CachingRepresentation  - StmtAppend(98,101) StmtAppend(63,49) StmtDelete(63) StmtDelete(49) StmtAppend(59,75) StmtReplace(118,65) at variant343 fails to compile

217550 [main] INFO clegoues.genprog4java.fitness.Fitness  - 	 gen: 6 0.0 StmtAppend(98,101) StmtAppend(63,49) StmtDelete(63) StmtDelete(49) StmtAppend(59,75) StmtReplace(118,65) (stored at: variant343)
218524 [main] INFO clegoues.genprog4java.fitness.Fitness  - 	 gen: 6 2.0 StmtAppend(70,38) StmtDelete(72) StmtDelete(27) StmtReplace(45,38) (stored at: variant344)
219517 [main] INFO clegoues.genprog4java.fitness.Fitness  - 	 gen: 6 2.0 StmtReplace(82,82) StmtAppend(58,29) StmtAppend(38,50) StmtAppend(54,70) StmtReplace(29,38) StmtAppend(76,69) (stored at: variant345)
219545 [main] ERROR clegoues.genprog4java.rep.JavaRepresentation  - org/jsoup/nodes/Entities.java:166: error: cannot find symbol
							switch (charset) {
							        ^
  symbol:   variable charset
  location: class Entities
org/jsoup/nodes/Entities.java:166: error: illegal start of type
							switch (charset) {
							       ^
org/jsoup/nodes/Entities.java:167: error: cannot find symbol
							case ascii:
							     ^
  symbol:   variable ascii
  location: class Entities
org/jsoup/nodes/Entities.java:168: error: incompatible types: unexpected return value
								return c < 0x80;
								         ^
org/jsoup/nodes/Entities.java:169: error: cannot find symbol
							case utf:
							     ^
  symbol:   variable utf
  location: class Entities
org/jsoup/nodes/Entities.java:170: error: incompatible types: unexpected return value
								return true;
								       ^
org/jsoup/nodes/Entities.java:172: error: incompatible types: unexpected return value
								return fallback.canEncode(c);
								                         ^
org/jsoup/nodes/Entities.java:172: error: cannot find symbol
								return fallback.canEncode(c);
								       ^
  symbol:   variable fallback
  location: class Entities
8 errors

219545 [main] INFO clegoues.genprog4java.rep.CachingRepresentation  - StmtAppend(111,101) StmtAppend(58,29) StmtDelete(31) StmtAppend(34,27) StmtDelete(130) StmtAppend(68,82) at variant346 fails to compile

219545 [main] INFO clegoues.genprog4java.fitness.Fitness  - 	 gen: 6 0.0 StmtAppend(111,101) StmtAppend(58,29) StmtDelete(31) StmtAppend(34,27) StmtDelete(130) StmtAppend(68,82) (stored at: variant346)
219570 [main] ERROR clegoues.genprog4java.rep.JavaRepresentation  - org/jsoup/nodes/Entities.java:87: error: cannot find symbol
        final CoreCharset coreCharset = CoreCharset.byName(encoder.charset().name());
                                                           ^
  symbol:   variable encoder
  location: class Entities
1 error

219571 [main] INFO clegoues.genprog4java.rep.CachingRepresentation  - StmtAppend(70,38) StmtDelete(72) StmtAppend(73,65) StmtReplace(42,68) StmtDelete(19) at variant347 fails to compile

219571 [main] INFO clegoues.genprog4java.fitness.Fitness  - 	 gen: 6 0.0 StmtAppend(70,38) StmtDelete(72) StmtAppend(73,65) StmtReplace(42,68) StmtDelete(19) (stored at: variant347)
219605 [main] ERROR clegoues.genprog4java.rep.JavaRepresentation  - org/jsoup/nodes/Entities.java:237: error: break outside switch or loop
        {for (Object[] entity:xhtmlArray){Character c=Character.valueOf((char)((Integer)entity[1]).intValue());xhtmlByVal.put(c,((String)entity[0]));}break;}
                                                                                                                                                      ^
1 error

219605 [main] INFO clegoues.genprog4java.rep.CachingRepresentation  - StmtReplace(54,70) StmtDelete(59) StmtDelete(104) StmtAppend(44,29) StmtAppend(101,60) at variant348 fails to compile

219605 [main] INFO clegoues.genprog4java.fitness.Fitness  - 	 gen: 6 0.0 StmtReplace(54,70) StmtDelete(59) StmtDelete(104) StmtAppend(44,29) StmtAppend(101,60) (stored at: variant348)
219646 [main] ERROR clegoues.genprog4java.rep.JavaRepresentation  - org/jsoup/nodes/Entities.java:84: error: continue outside of loop
			continue;
			^
org/jsoup/nodes/Entities.java:103: error: cannot find symbol
						lastWasWhite = true;
						^
  symbol:   variable lastWasWhite
  location: class Entities
org/jsoup/nodes/Entities.java:106: error: cannot find symbol
								if ((stripLeadingWhite && !reachedNonWhite) || lastWasWhite)
								                                               ^
  symbol:   variable lastWasWhite
  location: class Entities
org/jsoup/nodes/Entities.java:109: error: cannot find symbol
								lastWasWhite = true;
								^
  symbol:   variable lastWasWhite
  location: class Entities
org/jsoup/nodes/Entities.java:112: error: cannot find symbol
								lastWasWhite = false;
								^
  symbol:   variable lastWasWhite
  location: class Entities
org/jsoup/nodes/Entities.java:119: error: cannot find symbol
                    lastWasWhite = false;
                    ^
  symbol:   variable lastWasWhite
  location: class Entities
org/jsoup/nodes/Entities.java:148: error: cannot find symbol
								if ((stripLeadingWhite && !reachedNonWhite) || lastWasWhite)
								                                               ^
  symbol:   variable lastWasWhite
  location: class Entities
org/jsoup/nodes/Entities.java:151: error: cannot find symbol
								lastWasWhite = true;
								^
  symbol:   variable lastWasWhite
  location: class Entities
org/jsoup/nodes/Entities.java:154: error: cannot find symbol
								lastWasWhite = false;
								^
  symbol:   variable lastWasWhite
  location: class Entities
9 errors

219646 [main] INFO clegoues.genprog4java.rep.CachingRepresentation  - StmtAppend(111,101) StmtAppend(58,29) StmtDelete(31) StmtAppend(34,27) StmtDelete(130) StmtAppend(16,32) at variant349 fails to compile

219646 [main] INFO clegoues.genprog4java.fitness.Fitness  - 	 gen: 6 0.0 StmtAppend(111,101) StmtAppend(58,29) StmtDelete(31) StmtAppend(34,27) StmtDelete(130) StmtAppend(16,32) (stored at: variant349)
220660 [main] INFO clegoues.genprog4java.fitness.Fitness  - 	 gen: 6 1.0 StmtAppend(70,38) StmtDelete(72) StmtAppend(73,65) StmtReplace(28,63) StmtReplace(44,38) (stored at: variant350)
221465 [main] INFO clegoues.genprog4java.fitness.Fitness  - 	 gen: 6 1.0 StmtAppend(111,101) StmtAppend(58,29) StmtDelete(31) StmtAppend(34,27) StmtAppend(97,101) StmtAppend(32,53) (stored at: variant351)
222403 [main] INFO clegoues.genprog4java.fitness.Fitness  - 	 gen: 6 2.0 StmtAppend(70,38) StmtDelete(72) StmtAppend(73,65) StmtReplace(42,68) StmtDelete(28) (stored at: variant352)
223346 [main] INFO clegoues.genprog4java.fitness.Fitness  - 	 gen: 6 2.0 StmtAppend(70,38) StmtDelete(72) StmtDelete(27) StmtDelete(50) (stored at: variant353)
224721 [main] INFO clegoues.genprog4java.fitness.Fitness  - 	 gen: 6 0.0 StmtReplace(54,70) StmtReplace(27,34) StmtAppend(54,50) StmtReplace(111,101) (stored at: variant354)
224759 [main] ERROR clegoues.genprog4java.rep.JavaRepresentation  - org/jsoup/nodes/Entities.java:87: error: continue outside of loop
			continue;
			^
org/jsoup/nodes/Entities.java:89: error: cannot find symbol
        final CoreCharset coreCharset = CoreCharset.byName(encoder.charset().name());
                                                           ^
  symbol:   variable encoder
  location: class Entities
org/jsoup/nodes/Entities.java:143: error: cannot find symbol
                        if (canEncode(coreCharset, c, encoder))
                                                      ^
  symbol:   variable encoder
  location: class Entities
org/jsoup/nodes/Entities.java:152: error: cannot find symbol
                if (encoder.canEncode(c)) // uses fallback encoder for simplicity
                    ^
  symbol:   variable encoder
  location: class Entities
4 errors

224759 [main] INFO clegoues.genprog4java.rep.CachingRepresentation  - StmtReplace(54,70) StmtDelete(127) StmtDelete(116) StmtAppend(19,32) at variant355 fails to compile

224759 [main] INFO clegoues.genprog4java.fitness.Fitness  - 	 gen: 6 0.0 StmtReplace(54,70) StmtDelete(127) StmtDelete(116) StmtAppend(19,32) (stored at: variant355)
226446 [main] INFO clegoues.genprog4java.fitness.Fitness  - 	 gen: 6 1.0 StmtReplace(82,82) StmtDelete(72) StmtAppend(73,65) StmtReplace(44,58) StmtDelete(101) (stored at: variant356)
226475 [main] ERROR clegoues.genprog4java.rep.JavaRepresentation  - org/jsoup/nodes/Entities.java:232: error: cannot find symbol
            entities.put(name, val);
                         ^
  symbol:   variable name
  location: class Entities
1 error

226475 [main] INFO clegoues.genprog4java.rep.CachingRepresentation  - StmtAppend(70,38) StmtDelete(72) StmtDelete(27) StmtDelete(118) at variant357 fails to compile

226475 [main] INFO clegoues.genprog4java.fitness.Fitness  - 	 gen: 6 0.0 StmtAppend(70,38) StmtDelete(72) StmtDelete(27) StmtDelete(118) (stored at: variant357)
227668 [main] INFO clegoues.genprog4java.fitness.Fitness  - 	 gen: 6 2.0 StmtAppend(98,101) StmtAppend(63,49) StmtDelete(63) StmtDelete(49) StmtAppend(75,34) StmtReplace(75,28) (stored at: variant358)
228742 [main] INFO clegoues.genprog4java.fitness.Fitness  - 	 gen: 6 1.0 StmtAppend(98,101) StmtDelete(28) StmtReplace(40,32) (stored at: variant359)
229386 [main] INFO clegoues.genprog4java.fitness.Fitness  - 	 gen: 6 1.0 StmtAppend(98,101) StmtAppend(63,49) StmtDelete(59) StmtReplace(27,34) StmtDelete(119) StmtReplace(29,28) (stored at: variant360)
229412 [main] ERROR clegoues.genprog4java.rep.JavaRepresentation  - org/jsoup/nodes/Entities.java:217: error: variable full might not have been initialized
        fullByVal = toCharacterKey(full);
                                   ^
1 error

229413 [main] INFO clegoues.genprog4java.rep.CachingRepresentation  - StmtReplace(82,82) StmtDelete(72) StmtAppend(73,65) StmtReplace(44,58) StmtReplace(99,101) at variant361 fails to compile

229413 [main] INFO clegoues.genprog4java.fitness.Fitness  - 	 gen: 6 0.0 StmtReplace(82,82) StmtDelete(72) StmtAppend(73,65) StmtReplace(44,58) StmtReplace(99,101) (stored at: variant361)
230770 [main] INFO clegoues.genprog4java.fitness.Fitness  - 	 gen: 6 1.0 StmtReplace(54,70) StmtDelete(59) StmtDelete(104) StmtAppend(44,29) StmtAppend(25,60) (stored at: variant362)
231402 [main] INFO clegoues.genprog4java.fitness.Fitness  - 	 gen: 6 1.0 StmtAppend(70,38) StmtDelete(72) StmtAppend(73,65) StmtReplace(42,68) StmtReplace(55,58) (stored at: variant363)
232784 [main] INFO clegoues.genprog4java.fitness.Fitness  - 	 gen: 6 1.0 StmtAppend(111,101) StmtAppend(58,29) StmtDelete(31) StmtAppend(34,27) StmtDelete(130) StmtDelete(101) (stored at: variant364)
233824 [main] INFO clegoues.genprog4java.fitness.Fitness  - 	 gen: 6 2.0 StmtAppend(111,101) StmtAppend(58,29) StmtAppend(38,50) StmtAppend(54,70) StmtReplace(29,38) StmtAppend(52,38) (stored at: variant365)
233852 [main] ERROR clegoues.genprog4java.rep.JavaRepresentation  - org/jsoup/nodes/Entities.java:91: error: cannot find symbol
        for (int offset = 0; offset < length; offset += Character.charCount(codePoint)) {
                                      ^
  symbol:   variable length
  location: class Entities
1 error

233852 [main] INFO clegoues.genprog4java.rep.CachingRepresentation  - StmtDelete(31) StmtAppend(34,27) StmtAppend(97,101) StmtReplace(22,58) at variant366 fails to compile

233852 [main] INFO clegoues.genprog4java.fitness.Fitness  - 	 gen: 6 0.0 StmtDelete(31) StmtAppend(34,27) StmtAppend(97,101) StmtReplace(22,58) (stored at: variant366)
233880 [main] ERROR clegoues.genprog4java.rep.JavaRepresentation  - org/jsoup/nodes/Entities.java:106: error: cannot find symbol
                if (encoder.canEncode(c)) // uses fallback encoder for simplicity
                                      ^
  symbol:   variable c
  location: class Entities
org/jsoup/nodes/Entities.java:107: error: cannot find symbol
                    accum.append(c);
                                 ^
  symbol:   variable c
  location: class Entities
2 errors

233880 [main] INFO clegoues.genprog4java.rep.CachingRepresentation  - StmtReplace(82,82) StmtAppend(71,45) StmtDelete(30) StmtReplace(29,33) StmtAppend(73,65) StmtReplace(42,68) StmtAppend(82,88) at variant367 fails to compile

233880 [main] INFO clegoues.genprog4java.fitness.Fitness  - 	 gen: 6 0.0 StmtReplace(82,82) StmtAppend(71,45) StmtDelete(30) StmtReplace(29,33) StmtAppend(73,65) StmtReplace(42,68) StmtAppend(82,88) (stored at: variant367)
234818 [main] INFO clegoues.genprog4java.fitness.Fitness  - 	 gen: 6 2.0 StmtAppend(70,38) StmtAppend(116,101) (stored at: variant368)
235803 [main] INFO clegoues.genprog4java.fitness.Fitness  - 	 gen: 6 0.0 StmtAppend(70,38) StmtDelete(72) StmtDelete(72) StmtAppend(73,65) StmtReplace(28,63) StmtAppend(68,52) (stored at: variant369)
236370 [main] INFO clegoues.genprog4java.fitness.Fitness  - 	 gen: 6 2.0 StmtDelete(104) (stored at: variant370)
237276 [main] INFO clegoues.genprog4java.fitness.Fitness  - 	 gen: 6 1.0 StmtReplace(54,70) StmtDelete(127) StmtReplace(27,34) StmtAppend(54,50) StmtAppend(42,53) (stored at: variant371)
238258 [main] INFO clegoues.genprog4java.fitness.Fitness  - 	 gen: 6 2.0 StmtReplace(65,38) (stored at: variant372)
238279 [main] ERROR clegoues.genprog4java.rep.JavaRepresentation  - org/jsoup/nodes/Entities.java:191: error: continue outside of loop
			continue;
			^
1 error

238279 [main] INFO clegoues.genprog4java.rep.CachingRepresentation  - StmtReplace(86,35) at variant373 fails to compile

238279 [main] INFO clegoues.genprog4java.fitness.Fitness  - 	 gen: 6 0.0 StmtReplace(86,35) (stored at: variant373)
238306 [main] ERROR clegoues.genprog4java.rep.JavaRepresentation  - org/jsoup/nodes/Entities.java:98: error: unreachable statement
						accum.append("&lt;");
						^
1 error

238306 [main] INFO clegoues.genprog4java.rep.CachingRepresentation  - StmtAppend(70,38) StmtDelete(72) StmtDelete(72) StmtAppend(73,65) StmtReplace(44,58) StmtAppend(32,53) at variant374 fails to compile

238306 [main] INFO clegoues.genprog4java.fitness.Fitness  - 	 gen: 6 0.0 StmtAppend(70,38) StmtDelete(72) StmtDelete(72) StmtAppend(73,65) StmtReplace(44,58) StmtAppend(32,53) (stored at: variant374)
239143 [main] INFO clegoues.genprog4java.fitness.Fitness  - 	 gen: 6 2.0 StmtReplace(63,31) StmtAppend(34,27) StmtDelete(63) StmtDelete(49) StmtAppend(75,34) StmtReplace(38,71) (stored at: variant375)
240025 [main] INFO clegoues.genprog4java.fitness.Fitness  - 	 gen: 6 2.0 StmtAppend(98,101) StmtAppend(57,70) (stored at: variant376)
240976 [main] INFO clegoues.genprog4java.fitness.Fitness  - 	 gen: 6 1.0 StmtReplace(54,70) StmtDelete(59) StmtDelete(72) StmtAppend(73,65) StmtReplace(44,58) StmtReplace(127,32) (stored at: variant377)
240997 [main] ERROR clegoues.genprog4java.rep.JavaRepresentation  - org/jsoup/nodes/Entities.java:196: error: missing return statement
    }
    ^
1 error

240998 [main] INFO clegoues.genprog4java.rep.CachingRepresentation  - StmtDelete(127) StmtDelete(88) at variant378 fails to compile

240998 [main] INFO clegoues.genprog4java.fitness.Fitness  - 	 gen: 6 0.0 StmtDelete(127) StmtDelete(88) (stored at: variant378)
242225 [main] INFO clegoues.genprog4java.fitness.Fitness  - 	 gen: 6 0.0 StmtDelete(49) StmtDelete(59) StmtDelete(104) StmtAppend(44,29) StmtDelete(27) (stored at: variant379)
243176 [main] INFO clegoues.genprog4java.fitness.Fitness  - 	 gen: 6 2.0 StmtReplace(13,44) (stored at: variant380)
244112 [main] INFO clegoues.genprog4java.fitness.Fitness  - 	 gen: 6 0.0 StmtAppend(70,38) StmtReplace(39,28) (stored at: variant381)
244151 [main] ERROR clegoues.genprog4java.rep.JavaRepresentation  - org/jsoup/nodes/Entities.java:195: error: missing return statement
    }
    ^
1 error

244151 [main] INFO clegoues.genprog4java.rep.CachingRepresentation  - StmtAppend(111,101) StmtAppend(58,29) StmtDelete(31) StmtAppend(34,27) StmtDelete(27) StmtReplace(86,50) at variant382 fails to compile

244152 [main] INFO clegoues.genprog4java.fitness.Fitness  - 	 gen: 6 0.0 StmtAppend(111,101) StmtAppend(58,29) StmtDelete(31) StmtAppend(34,27) StmtDelete(27) StmtReplace(86,50) (stored at: variant382)
244152 [main] INFO clegoues.genprog4java.Search.Search  - search: generation7
245852 [main] INFO clegoues.genprog4java.fitness.Fitness  - 	 gen: 7 2.0 StmtAppend(70,38) StmtAppend(116,101) StmtAppend(72,26) (stored at: variant383)
246864 [main] INFO clegoues.genprog4java.fitness.Fitness  - 	 gen: 7 1.0 StmtReplace(13,44) StmtReplace(57,27) (stored at: variant384)
247593 [main] INFO clegoues.genprog4java.fitness.Fitness  - 	 gen: 7 2.0 StmtAppend(70,38) StmtDelete(72) StmtDelete(27) StmtDelete(50) StmtAppend(30,58) (stored at: variant385)
248792 [main] INFO clegoues.genprog4java.fitness.Fitness  - 	 gen: 7 0.0 StmtAppend(111,101) StmtAppend(58,29) StmtDelete(31) StmtAppend(34,27) StmtDelete(130) StmtReplace(64,58) StmtReplace(67,62) (stored at: variant386)
249807 [main] INFO clegoues.genprog4java.fitness.Fitness  - 	 gen: 7 1.0 StmtReplace(63,31) StmtAppend(34,27) StmtDelete(63) StmtDelete(49) StmtAppend(75,34) StmtReplace(38,71) StmtDelete(129) (stored at: variant387)
249832 [main] ERROR clegoues.genprog4java.rep.JavaRepresentation  - org/jsoup/nodes/Entities.java:86: error: cannot find symbol
        final CoreCharset coreCharset = CoreCharset.byName(encoder.charset().name());
                                                           ^
  symbol:   variable encoder
  location: class Entities
org/jsoup/nodes/Entities.java:138: error: cannot find symbol
                        if (canEncode(coreCharset, c, encoder))
                                                      ^
  symbol:   variable encoder
  location: class Entities
org/jsoup/nodes/Entities.java:147: error: cannot find symbol
                if (encoder.canEncode(c)) // uses fallback encoder for simplicity
                    ^
  symbol:   variable encoder
  location: class Entities
3 errors

249832 [main] INFO clegoues.genprog4java.rep.CachingRepresentation  - StmtReplace(82,82) StmtAppend(58,29) StmtAppend(38,50) StmtAppend(54,70) StmtReplace(29,38) StmtDelete(52) StmtReplace(19,34) at variant388 fails to compile

249832 [main] INFO clegoues.genprog4java.fitness.Fitness  - 	 gen: 7 0.0 StmtReplace(82,82) StmtAppend(58,29) StmtAppend(38,50) StmtAppend(54,70) StmtReplace(29,38) StmtDelete(52) StmtReplace(19,34) (stored at: variant388)
249853 [main] ERROR clegoues.genprog4java.rep.JavaRepresentation  - org/jsoup/nodes/Entities.java:225: error: break outside switch or loop
        break;
        ^
1 error

249853 [main] INFO clegoues.genprog4java.rep.CachingRepresentation  - StmtDelete(104) StmtReplace(101,55) at variant389 fails to compile

249853 [main] INFO clegoues.genprog4java.fitness.Fitness  - 	 gen: 7 0.0 StmtDelete(104) StmtReplace(101,55) (stored at: variant389)
249886 [main] ERROR clegoues.genprog4java.rep.JavaRepresentation  - org/jsoup/nodes/Entities.java:241: error: continue outside of loop
			continue;
			^
org/jsoup/nodes/Entities.java:246: error: cannot find symbol
            properties.load(in);
            ^
  symbol:   variable properties
  location: class Entities
org/jsoup/nodes/Entities.java:252: error: cannot find symbol
        for (Map.Entry entry: properties.entrySet()) {
                              ^
  symbol:   variable properties
  location: class Entities
3 errors

249886 [main] INFO clegoues.genprog4java.rep.CachingRepresentation  - StmtReplace(82,82) StmtAppend(58,29) StmtAppend(38,50) StmtAppend(54,70) StmtReplace(29,38) StmtAppend(76,69) StmtAppend(106,32) at variant390 fails to compile

249886 [main] INFO clegoues.genprog4java.fitness.Fitness  - 	 gen: 7 0.0 StmtReplace(82,82) StmtAppend(58,29) StmtAppend(38,50) StmtAppend(54,70) StmtReplace(29,38) StmtAppend(76,69) StmtAppend(106,32) (stored at: variant390)
250184 [main] INFO clegoues.genprog4java.fitness.Fitness  - 	 gen: 7 2.0 StmtAppend(98,101) StmtAppend(63,49) StmtDelete(59) StmtReplace(27,34) StmtDelete(119) StmtReplace(29,28) StmtAppend(28,35) (stored at: variant391)
250209 [main] ERROR clegoues.genprog4java.rep.JavaRepresentation  - org/jsoup/nodes/Entities.java:274: error: cannot find symbol
            if (outMap.containsKey(character)) {
                                   ^
  symbol:   variable character
  location: class Entities
org/jsoup/nodes/Entities.java:277: error: cannot find symbol
                    outMap.put(character, name);
                               ^
  symbol:   variable character
  location: class Entities
org/jsoup/nodes/Entities.java:279: error: cannot find symbol
                outMap.put(character, name);
                           ^
  symbol:   variable character
  location: class Entities
3 errors

250209 [main] INFO clegoues.genprog4java.rep.CachingRepresentation  - StmtReplace(54,70) StmtDelete(59) StmtDelete(104) StmtAppend(44,29) StmtAppend(64,47) StmtReplace(125,50) at variant392 fails to compile

250209 [main] INFO clegoues.genprog4java.fitness.Fitness  - 	 gen: 7 0.0 StmtReplace(54,70) StmtDelete(59) StmtDelete(104) StmtAppend(44,29) StmtAppend(64,47) StmtReplace(125,50) (stored at: variant392)
250239 [main] ERROR clegoues.genprog4java.rep.JavaRepresentation  - org/jsoup/nodes/Entities.java:97: error: cannot find symbol
                    if ((stripLeadingWhite && !reachedNonWhite) || lastWasWhite)
                                                                   ^
  symbol:   variable lastWasWhite
  location: class Entities
org/jsoup/nodes/Entities.java:100: error: cannot find symbol
                    lastWasWhite = true;
                    ^
  symbol:   variable lastWasWhite
  location: class Entities
org/jsoup/nodes/Entities.java:103: error: cannot find symbol
                    lastWasWhite = false;
                    ^
  symbol:   variable lastWasWhite
  location: class Entities
3 errors

250239 [main] INFO clegoues.genprog4java.rep.CachingRepresentation  - StmtReplace(13,44) StmtDelete(16) at variant393 fails to compile

250240 [main] INFO clegoues.genprog4java.fitness.Fitness  - 	 gen: 7 0.0 StmtReplace(13,44) StmtDelete(16) (stored at: variant393)
251155 [main] INFO clegoues.genprog4java.fitness.Fitness  - 	 gen: 7 2.0 StmtAppend(98,101) StmtDelete(28) StmtReplace(30,26) StmtAppend(35,35) (stored at: variant394)
252063 [main] INFO clegoues.genprog4java.fitness.Fitness  - 	 gen: 7 2.0 StmtReplace(54,70) StmtDelete(59) StmtDelete(104) StmtAppend(44,29) StmtDelete(50) StmtDelete(47) (stored at: variant395)
252088 [main] ERROR clegoues.genprog4java.rep.JavaRepresentation  - org/jsoup/nodes/Entities.java:246: error: continue outside of loop
        continue;
        ^
org/jsoup/nodes/Entities.java:250: error: cannot find symbol
            properties.load(in);
            ^
  symbol:   variable properties
  location: class Entities
org/jsoup/nodes/Entities.java:256: error: cannot find symbol
        for (Map.Entry entry: properties.entrySet()) {
                              ^
  symbol:   variable properties
  location: class Entities
3 errors

252089 [main] INFO clegoues.genprog4java.rep.CachingRepresentation  - StmtReplace(63,31) StmtAppend(34,27) StmtDelete(63) StmtDelete(49) StmtAppend(75,34) StmtReplace(38,71) StmtReplace(106,32) at variant396 fails to compile

252089 [main] INFO clegoues.genprog4java.fitness.Fitness  - 	 gen: 7 0.0 StmtReplace(63,31) StmtAppend(34,27) StmtDelete(63) StmtDelete(49) StmtAppend(75,34) StmtReplace(38,71) StmtReplace(106,32) (stored at: variant396)
253123 [main] INFO clegoues.genprog4java.fitness.Fitness  - 	 gen: 7 2.0 StmtReplace(13,44) StmtAppend(102,45) (stored at: variant397)
254154 [main] INFO clegoues.genprog4java.fitness.Fitness  - 	 gen: 7 2.0 StmtReplace(13,44) StmtDelete(57) (stored at: variant398)
254851 [main] INFO clegoues.genprog4java.fitness.Fitness  - 	 gen: 7 1.0 StmtAppend(98,101) StmtDelete(28) StmtReplace(40,32) StmtReplace(64,53) (stored at: variant399)
256199 [main] INFO clegoues.genprog4java.fitness.Fitness  - 	 gen: 7 0.0 StmtReplace(63,31) StmtAppend(34,27) StmtDelete(63) StmtDelete(49) StmtAppend(75,34) StmtReplace(38,71) StmtDelete(45) (stored at: variant400)
256641 [main] INFO clegoues.genprog4java.fitness.Fitness  - 	 gen: 7 1.0 StmtAppend(70,38) StmtDelete(72) StmtAppend(73,65) StmtReplace(42,68) StmtDelete(28) StmtReplace(60,30) (stored at: variant401)
257899 [main] INFO clegoues.genprog4java.fitness.Fitness  - 	 gen: 7 1.0 StmtReplace(63,31) StmtAppend(34,27) StmtDelete(63) StmtDelete(49) StmtAppend(75,34) StmtReplace(38,71) StmtReplace(29,53) (stored at: variant402)
258218 [main] INFO clegoues.genprog4java.fitness.Fitness  - 	 gen: 7 1.0 StmtAppend(98,101) StmtDelete(28) StmtReplace(40,32) StmtDelete(55) (stored at: variant403)
258244 [main] ERROR clegoues.genprog4java.rep.JavaRepresentation  - org/jsoup/nodes/Entities.java:107: error: unreachable statement
                    accum.append(' ');
                    ^
1 error

258244 [main] INFO clegoues.genprog4java.rep.CachingRepresentation  - StmtAppend(70,38) StmtAppend(116,101) StmtAppend(31,30) at variant404 fails to compile

258244 [main] INFO clegoues.genprog4java.fitness.Fitness  - 	 gen: 7 0.0 StmtAppend(70,38) StmtAppend(116,101) StmtAppend(31,30) (stored at: variant404)
258273 [main] ERROR clegoues.genprog4java.rep.JavaRepresentation  - org/jsoup/nodes/Entities.java:75: error: cannot find symbol
        escape(accum, string, out, false, false, false);
               ^
  symbol:   variable accum
  location: class Entities
org/jsoup/nodes/Entities.java:76: error: cannot find symbol
        return accum.toString();
               ^
  symbol:   variable accum
  location: class Entities
2 errors

258273 [main] INFO clegoues.genprog4java.rep.CachingRepresentation  - StmtAppend(70,38) StmtAppend(116,101) StmtDelete(12) at variant405 fails to compile

258273 [main] INFO clegoues.genprog4java.fitness.Fitness  - 	 gen: 7 0.0 StmtAppend(70,38) StmtAppend(116,101) StmtDelete(12) (stored at: variant405)
259215 [main] INFO clegoues.genprog4java.fitness.Fitness  - 	 gen: 7 2.0 StmtAppend(70,38) StmtAppend(116,101) StmtAppend(111,101) (stored at: variant406)
260361 [main] INFO clegoues.genprog4java.fitness.Fitness  - 	 gen: 7 1.0 StmtAppend(70,38) StmtDelete(72) StmtDelete(27) StmtDelete(50) StmtDelete(104) (stored at: variant407)
261666 [main] INFO clegoues.genprog4java.fitness.Fitness  - 	 gen: 7 2.0 StmtReplace(65,38) StmtDelete(29) (stored at: variant408)
261695 [main] ERROR clegoues.genprog4java.rep.JavaRepresentation  - org/jsoup/nodes/Entities.java:153: error: unreachable statement
                        break;
                        ^
1 error

261695 [main] INFO clegoues.genprog4java.rep.CachingRepresentation  - StmtReplace(54,70) StmtDelete(59) StmtDelete(104) StmtAppend(44,29) StmtAppend(64,47) StmtAppend(62,50) at variant409 fails to compile

261695 [main] INFO clegoues.genprog4java.fitness.Fitness  - 	 gen: 7 0.0 StmtReplace(54,70) StmtDelete(59) StmtDelete(104) StmtAppend(44,29) StmtAppend(64,47) StmtAppend(62,50) (stored at: variant409)
262799 [main] INFO clegoues.genprog4java.fitness.Fitness  - 	 gen: 7 2.0 StmtAppend(111,101) StmtAppend(58,29) StmtDelete(31) StmtAppend(34,27) StmtDelete(130) StmtReplace(64,58) StmtDelete(54) (stored at: variant410)
263895 [main] INFO clegoues.genprog4java.fitness.Fitness  - 	 gen: 7 2.0 StmtAppend(70,38) StmtAppend(116,101) StmtDelete(72) (stored at: variant411)
263923 [main] ERROR clegoues.genprog4java.rep.JavaRepresentation  - org/jsoup/nodes/Entities.java:102: error: unreachable statement
            if (codePoint < Character.MIN_SUPPLEMENTARY_CODE_POINT) {
            ^
1 error

263923 [main] INFO clegoues.genprog4java.rep.CachingRepresentation  - StmtReplace(54,70) StmtDelete(59) StmtDelete(104) StmtAppend(44,29) StmtAppend(64,47) StmtReplace(27,30) at variant412 fails to compile

263923 [main] INFO clegoues.genprog4java.fitness.Fitness  - 	 gen: 7 0.0 StmtReplace(54,70) StmtDelete(59) StmtDelete(104) StmtAppend(44,29) StmtAppend(64,47) StmtReplace(27,30) (stored at: variant412)
263959 [main] ERROR clegoues.genprog4java.rep.JavaRepresentation  - org/jsoup/nodes/Entities.java:142: error: unreachable statement
						lastWasWhite = false;
						^
1 error

263960 [main] INFO clegoues.genprog4java.rep.CachingRepresentation  - StmtAppend(111,101) StmtAppend(58,29) StmtDelete(31) StmtAppend(34,27) StmtDelete(130) StmtReplace(64,58) StmtAppend(55,37) at variant413 fails to compile

263960 [main] INFO clegoues.genprog4java.fitness.Fitness  - 	 gen: 7 0.0 StmtAppend(111,101) StmtAppend(58,29) StmtDelete(31) StmtAppend(34,27) StmtDelete(130) StmtReplace(64,58) StmtAppend(55,37) (stored at: variant413)
263988 [main] ERROR clegoues.genprog4java.rep.JavaRepresentation  - org/jsoup/nodes/Entities.java:91: error: variable codePoint might not have been initialized
        for (int offset = 0; offset < length; offset += Character.charCount(codePoint)) {
                                                                            ^
1 error

263988 [main] INFO clegoues.genprog4java.rep.CachingRepresentation  - StmtAppend(70,38) StmtDelete(72) StmtDelete(27) StmtDelete(50) StmtDelete(25) at variant414 fails to compile

263989 [main] INFO clegoues.genprog4java.fitness.Fitness  - 	 gen: 7 0.0 StmtAppend(70,38) StmtDelete(72) StmtDelete(27) StmtDelete(50) StmtDelete(25) (stored at: variant414)
264021 [main] ERROR clegoues.genprog4java.rep.JavaRepresentation  - org/jsoup/nodes/Entities.java:233: error: cannot find symbol
            entities.put(name, val);
            ^
  symbol:   variable entities
  location: class Entities
org/jsoup/nodes/Entities.java:235: error: cannot find symbol
        return entities;
               ^
  symbol:   variable entities
  location: class Entities
2 errors

264021 [main] INFO clegoues.genprog4java.rep.CachingRepresentation  - StmtAppend(70,38) StmtDelete(72) StmtDelete(27) StmtDelete(50) StmtDelete(107) at variant415 fails to compile

264021 [main] INFO clegoues.genprog4java.fitness.Fitness  - 	 gen: 7 0.0 StmtAppend(70,38) StmtDelete(72) StmtDelete(27) StmtDelete(50) StmtDelete(107) (stored at: variant415)
264053 [main] ERROR clegoues.genprog4java.rep.JavaRepresentation  - org/jsoup/nodes/Entities.java:87: error: continue outside of loop
			continue;
			^
org/jsoup/nodes/Entities.java:89: error: cannot find symbol
        final CoreCharset coreCharset = CoreCharset.byName(encoder.charset().name());
                                                           ^
  symbol:   variable encoder
  location: class Entities
org/jsoup/nodes/Entities.java:143: error: cannot find symbol
                        if (canEncode(coreCharset, c, encoder))
                                                      ^
  symbol:   variable encoder
  location: class Entities
org/jsoup/nodes/Entities.java:153: error: cannot find symbol
                if (encoder.canEncode(c)) // uses fallback encoder for simplicity
                    ^
  symbol:   variable encoder
  location: class Entities
4 errors

264053 [main] INFO clegoues.genprog4java.rep.CachingRepresentation  - StmtAppend(70,38) StmtAppend(116,101) StmtAppend(19,35) at variant416 fails to compile

264053 [main] INFO clegoues.genprog4java.fitness.Fitness  - 	 gen: 7 0.0 StmtAppend(70,38) StmtAppend(116,101) StmtAppend(19,35) (stored at: variant416)
264743 [main] INFO clegoues.genprog4java.fitness.Fitness  - 	 gen: 7 2.0 StmtReplace(82,82) StmtAppend(58,29) StmtAppend(38,50) StmtAppend(54,70) StmtReplace(29,38) StmtAppend(76,69) StmtDelete(32) (stored at: variant417)
264767 [main] ERROR clegoues.genprog4java.rep.JavaRepresentation  - org/jsoup/nodes/Entities.java:91: error: variable codePoint might not have been initialized
        for (int offset = 0; offset < length; offset += Character.charCount(codePoint))
                                                                            ^
1 error

264767 [main] INFO clegoues.genprog4java.rep.CachingRepresentation  - StmtAppend(98,101) StmtDelete(28) StmtReplace(30,26) StmtReplace(25,37) at variant418 fails to compile

264767 [main] INFO clegoues.genprog4java.fitness.Fitness  - 	 gen: 7 0.0 StmtAppend(98,101) StmtDelete(28) StmtReplace(30,26) StmtReplace(25,37) (stored at: variant418)
265400 [main] INFO clegoues.genprog4java.fitness.Fitness  - 	 gen: 7 2.0 StmtAppend(98,101) StmtAppend(57,70) StmtReplace(59,64) (stored at: variant419)
266612 [main] INFO clegoues.genprog4java.fitness.Fitness  - 	 gen: 7 2.0 StmtReplace(82,82) StmtAppend(58,29) StmtAppend(38,50) StmtAppend(54,70) StmtReplace(29,38) StmtDelete(52) StmtAppend(63,27) (stored at: variant420)
267454 [main] INFO clegoues.genprog4java.fitness.Fitness  - 	 gen: 7 0.0 StmtAppend(98,101) StmtAppend(57,70) StmtReplace(67,26) (stored at: variant421)
268366 [main] INFO clegoues.genprog4java.fitness.Fitness  - 	 gen: 7 0.0 StmtReplace(63,31) StmtAppend(34,27) StmtDelete(63) StmtDelete(49) StmtAppend(75,34) StmtReplace(38,71) StmtDelete(70) (stored at: variant422)
269205 [main] INFO clegoues.genprog4java.fitness.Fitness  - 	 gen: 7 1.0 StmtReplace(40,32) StmtAppend(132,65) (stored at: variant423)
269229 [main] ERROR clegoues.genprog4java.rep.JavaRepresentation  - org/jsoup/nodes/Entities.java:196: error: missing return statement
    }
    ^
1 error

269229 [main] INFO clegoues.genprog4java.rep.CachingRepresentation  - StmtAppend(98,101) StmtAppend(116,101) StmtDelete(88) at variant424 fails to compile

269229 [main] INFO clegoues.genprog4java.fitness.Fitness  - 	 gen: 7 0.0 StmtAppend(98,101) StmtAppend(116,101) StmtDelete(88) (stored at: variant424)
269255 [main] ERROR clegoues.genprog4java.rep.JavaRepresentation  - org/jsoup/nodes/Entities.java:232: error: continue outside of loop
            continue;
            ^
1 error

269255 [main] INFO clegoues.genprog4java.rep.CachingRepresentation  - StmtAppend(70,38) StmtDelete(72) StmtAppend(116,101) StmtReplace(111,32) at variant425 fails to compile

269255 [main] INFO clegoues.genprog4java.fitness.Fitness  - 	 gen: 7 0.0 StmtAppend(70,38) StmtDelete(72) StmtAppend(116,101) StmtReplace(111,32) (stored at: variant425)
269280 [main] ERROR clegoues.genprog4java.rep.JavaRepresentation  - org/jsoup/nodes/Entities.java:111: error: cannot find symbol
                switch (c) {
                        ^
  symbol:   variable c
  location: class Entities
org/jsoup/nodes/Entities.java:111: error: illegal start of type
                switch (c) {
                       ^
org/jsoup/nodes/Entities.java:127: error: cannot find symbol
                            accum.append(c);
                                         ^
  symbol:   variable c
  location: class Entities
org/jsoup/nodes/Entities.java:133: error: cannot find symbol
                            accum.append(c);
                                         ^
  symbol:   variable c
  location: class Entities
org/jsoup/nodes/Entities.java:139: error: cannot find symbol
                            accum.append(c);
                                         ^
  symbol:   variable c
  location: class Entities
org/jsoup/nodes/Entities.java:142: error: cannot find symbol
                        if (canEncode(coreCharset, c, encoder))
                                                   ^
  symbol:   variable c
  location: class Entities
org/jsoup/nodes/Entities.java:143: error: cannot find symbol
                            accum.append(c);
                                         ^
  symbol:   variable c
  location: class Entities
org/jsoup/nodes/Entities.java:144: error: cannot find symbol
                        else if (map.containsKey(c))
                                                 ^
  symbol:   variable c
  location: class Entities
org/jsoup/nodes/Entities.java:145: error: cannot find symbol
                            accum.append('&').append(map.get(c)).append(';');
                                                             ^
  symbol:   variable c
  location: class Entities
9 errors

269280 [main] INFO clegoues.genprog4java.rep.CachingRepresentation  - StmtDelete(50) StmtDelete(41) at variant426 fails to compile

269280 [main] INFO clegoues.genprog4java.fitness.Fitness  - 	 gen: 7 0.0 StmtDelete(50) StmtDelete(41) (stored at: variant426)
269307 [main] ERROR clegoues.genprog4java.rep.JavaRepresentation  - org/jsoup/nodes/Entities.java:257: error: continue outside of loop
        continue;
        ^
org/jsoup/nodes/Entities.java:269: error: cannot find symbol
            entities.put(name, val);
            ^
  symbol:   variable entities
  location: class Entities
org/jsoup/nodes/Entities.java:271: error: cannot find symbol
        return entities;
               ^
  symbol:   variable entities
  location: class Entities
3 errors

269307 [main] INFO clegoues.genprog4java.rep.CachingRepresentation  - StmtAppend(111,101) StmtAppend(58,29) StmtDelete(31) StmtAppend(34,27) StmtReplace(107,32) at variant427 fails to compile

269307 [main] INFO clegoues.genprog4java.fitness.Fitness  - 	 gen: 7 0.0 StmtAppend(111,101) StmtAppend(58,29) StmtDelete(31) StmtAppend(34,27) StmtReplace(107,32) (stored at: variant427)
270110 [main] INFO clegoues.genprog4java.fitness.Fitness  - 	 gen: 7 2.0 StmtAppend(70,38) StmtReplace(64,58) StmtDelete(60) (stored at: variant428)
270134 [main] ERROR clegoues.genprog4java.rep.JavaRepresentation  - org/jsoup/nodes/Entities.java:223: error: variable xhtmlByVal might not have been initialized
        {baseByVal=toCharacterKey(base);for (Object[] entity:xhtmlArray){Character c=Character.valueOf((char)((Integer)entity[1]).intValue());xhtmlByVal.put(c,((String)entity[0]));}}
                                                                                                                                              ^
org/jsoup/nodes/Entities.java:229: error: variable xhtmlByVal might not have been initialized
            xhtmlByVal.put(c, ((String) entity[0]));
            ^
org/jsoup/nodes/Entities.java:42: error: variable xhtmlByVal might not have been initialized
    private Entities() {}
                        ^
3 errors

270134 [main] INFO clegoues.genprog4java.rep.CachingRepresentation  - StmtAppend(98,101) StmtAppend(63,49) StmtDelete(59) StmtDelete(96) at variant429 fails to compile

270134 [main] INFO clegoues.genprog4java.fitness.Fitness  - 	 gen: 7 0.0 StmtAppend(98,101) StmtAppend(63,49) StmtDelete(59) StmtDelete(96) (stored at: variant429)
271210 [main] INFO clegoues.genprog4java.fitness.Fitness  - 	 gen: 7 1.0 StmtAppend(70,38) StmtDelete(119) StmtReplace(29,28) StmtDelete(50) (stored at: variant430)
272017 [main] INFO clegoues.genprog4java.fitness.Fitness  - 	 gen: 7 0.0 StmtReplace(54,70) StmtDelete(72) StmtDelete(27) StmtDelete(50) StmtDelete(67) (stored at: variant431)
272041 [main] ERROR clegoues.genprog4java.rep.JavaRepresentation  - org/jsoup/nodes/Entities.java:270: error: cannot find symbol
            if (outMap.containsKey(character)) {
                ^
  symbol:   variable outMap
  location: class Entities
org/jsoup/nodes/Entities.java:273: error: cannot find symbol
                    outMap.put(character, name);
                    ^
  symbol:   variable outMap
  location: class Entities
org/jsoup/nodes/Entities.java:275: error: cannot find symbol
                outMap.put(character, name);
                ^
  symbol:   variable outMap
  location: class Entities
org/jsoup/nodes/Entities.java:278: error: cannot find symbol
        return outMap;
               ^
  symbol:   variable outMap
  location: class Entities
4 errors

272041 [main] INFO clegoues.genprog4java.rep.CachingRepresentation  - StmtDelete(104) StmtAppend(44,29) StmtDelete(50) StmtAppend(122,101) at variant432 fails to compile

272041 [main] INFO clegoues.genprog4java.fitness.Fitness  - 	 gen: 7 0.0 StmtDelete(104) StmtAppend(44,29) StmtDelete(50) StmtAppend(122,101) (stored at: variant432)
273118 [main] INFO clegoues.genprog4java.fitness.Fitness  - 	 gen: 7 1.0 StmtAppend(54,70) StmtReplace(29,38) StmtAppend(76,69) StmtDelete(67) (stored at: variant433)
274097 [main] INFO clegoues.genprog4java.fitness.Fitness  - 	 gen: 7 0.0 StmtReplace(82,82) StmtAppend(58,29) StmtAppend(40,58) (stored at: variant434)
274120 [main] ERROR clegoues.genprog4java.rep.JavaRepresentation  - org/jsoup/nodes/Entities.java:235: error: cannot find symbol
            entities.put(name, val);
            ^
  symbol:   variable entities
  location: class Entities
org/jsoup/nodes/Entities.java:237: error: cannot find symbol
        return entities;
               ^
  symbol:   variable entities
  location: class Entities
2 errors

274120 [main] INFO clegoues.genprog4java.rep.CachingRepresentation  - StmtDelete(28) StmtReplace(30,26) StmtReplace(107,101) at variant435 fails to compile

274120 [main] INFO clegoues.genprog4java.fitness.Fitness  - 	 gen: 7 0.0 StmtDelete(28) StmtReplace(30,26) StmtReplace(107,101) (stored at: variant435)
274146 [main] ERROR clegoues.genprog4java.rep.JavaRepresentation  - org/jsoup/nodes/Entities.java:248: error: cannot find symbol
            entities.put(name, val);
                               ^
  symbol:   variable val
  location: class Entities
1 error

274146 [main] INFO clegoues.genprog4java.rep.CachingRepresentation  - StmtAppend(117,60) at variant436 fails to compile

274146 [main] INFO clegoues.genprog4java.fitness.Fitness  - 	 gen: 7 0.0 StmtAppend(117,60) (stored at: variant436)
274178 [main] ERROR clegoues.genprog4java.rep.JavaRepresentation  - org/jsoup/nodes/Entities.java:181: error: missing return statement
    }
    ^
1 error

274178 [main] INFO clegoues.genprog4java.rep.CachingRepresentation  - StmtAppend(98,101) StmtDelete(28) StmtAppend(57,70) StmtDelete(82) at variant437 fails to compile

274178 [main] INFO clegoues.genprog4java.fitness.Fitness  - 	 gen: 7 0.0 StmtAppend(98,101) StmtDelete(28) StmtAppend(57,70) StmtDelete(82) (stored at: variant437)
274733 [main] INFO clegoues.genprog4java.fitness.Fitness  - 	 gen: 7 2.0 StmtDelete(112) (stored at: variant438)
274758 [main] ERROR clegoues.genprog4java.rep.JavaRepresentation  - org/jsoup/nodes/Entities.java:98: error: cannot find symbol
                reachedNonWhite = true;
                ^
  symbol:   variable reachedNonWhite
  location: class Entities
1 error

274758 [main] INFO clegoues.genprog4java.rep.CachingRepresentation  - StmtReplace(63,31) StmtAppend(34,27) StmtDelete(63) StmtDelete(49) StmtAppend(75,34) StmtAppend(54,70) StmtReplace(29,38) StmtDelete(52) StmtAppend(17,53) at variant439 fails to compile

274759 [main] INFO clegoues.genprog4java.fitness.Fitness  - 	 gen: 7 0.0 StmtReplace(63,31) StmtAppend(34,27) StmtDelete(63) StmtDelete(49) StmtAppend(75,34) StmtAppend(54,70) StmtReplace(29,38) StmtDelete(52) StmtAppend(17,53) (stored at: variant439)
275633 [main] INFO clegoues.genprog4java.fitness.Fitness  - 	 gen: 7 2.0 StmtReplace(82,82) StmtAppend(58,29) StmtAppend(71,38) (stored at: variant440)
275654 [main] ERROR clegoues.genprog4java.rep.JavaRepresentation  - org/jsoup/nodes/Entities.java:87: error: cannot find symbol
        final Map<Character, String> map = escapeMode.getMap();
                                           ^
  symbol:   variable escapeMode
  location: class Entities
org/jsoup/nodes/Entities.java:115: error: cannot find symbol
                        if (escapeMode != EscapeMode.xhtml)
                            ^
  symbol:   variable escapeMode
  location: class Entities
2 errors

275654 [main] INFO clegoues.genprog4java.rep.CachingRepresentation  - StmtAppend(18,101) at variant441 fails to compile

275654 [main] INFO clegoues.genprog4java.fitness.Fitness  - 	 gen: 7 0.0 StmtAppend(18,101) (stored at: variant441)
276443 [main] INFO clegoues.genprog4java.fitness.Fitness  - 	 gen: 7 2.0 StmtAppend(98,101) StmtDelete(72) StmtAppend(73,65) StmtReplace(42,68) StmtDelete(28) StmtDelete(17) (stored at: variant442)
276486 [main] ERROR clegoues.genprog4java.rep.JavaRepresentation  - org/jsoup/nodes/Entities.java:153: error: cannot find symbol
                        if (canEncode(coreCharset, c, encoder))
                                      ^
  symbol:   variable coreCharset
  location: class Entities
1 error

276486 [main] INFO clegoues.genprog4java.rep.CachingRepresentation  - StmtReplace(63,31) StmtAppend(34,27) StmtDelete(63) StmtDelete(49) StmtAppend(75,34) StmtReplace(38,71) StmtReplace(20,44) at variant443 fails to compile

276486 [main] INFO clegoues.genprog4java.fitness.Fitness  - 	 gen: 7 0.0 StmtReplace(63,31) StmtAppend(34,27) StmtDelete(63) StmtDelete(49) StmtAppend(75,34) StmtReplace(38,71) StmtReplace(20,44) (stored at: variant443)
276509 [main] ERROR clegoues.genprog4java.rep.JavaRepresentation  - org/jsoup/nodes/Entities.java:261: error: incompatible types: boolean cannot be converted to Map<String,Character>
            return true;
                   ^
1 error

276510 [main] INFO clegoues.genprog4java.rep.CachingRepresentation  - StmtReplace(63,31) StmtAppend(34,27) StmtAppend(75,34) StmtReplace(38,71) StmtReplace(119,86) at variant444 fails to compile

276510 [main] INFO clegoues.genprog4java.fitness.Fitness  - 	 gen: 7 0.0 StmtReplace(63,31) StmtAppend(34,27) StmtAppend(75,34) StmtReplace(38,71) StmtReplace(119,86) (stored at: variant444)
276510 [main] INFO clegoues.genprog4java.Search.Search  - search: generation8
277885 [main] INFO clegoues.genprog4java.fitness.Fitness  - 	 gen: 8 2.0 StmtAppend(111,101) StmtAppend(58,29) StmtDelete(31) StmtAppend(34,27) StmtDelete(130) StmtReplace(64,58) StmtDelete(54) StmtAppend(130,50) (stored at: variant445)
277908 [main] ERROR clegoues.genprog4java.rep.JavaRepresentation  - org/jsoup/nodes/Entities.java:263: error: incompatible types: boolean cannot be converted to Map<Character,String>
					return true;
					       ^
1 error

277908 [main] INFO clegoues.genprog4java.rep.CachingRepresentation  - StmtReplace(13,44) StmtAppend(102,45) StmtAppend(129,86) at variant446 fails to compile

277908 [main] INFO clegoues.genprog4java.fitness.Fitness  - 	 gen: 8 0.0 StmtReplace(13,44) StmtAppend(102,45) StmtAppend(129,86) (stored at: variant446)
278892 [main] INFO clegoues.genprog4java.fitness.Fitness  - 	 gen: 8 1.0 StmtReplace(13,44) StmtAppend(102,45) StmtDelete(84) (stored at: variant447)
278917 [main] ERROR clegoues.genprog4java.rep.JavaRepresentation  - org/jsoup/nodes/Entities.java:115: error: unreachable statement
						accum.append("&quot;");
						^
1 error

278917 [main] INFO clegoues.genprog4java.rep.CachingRepresentation  - StmtAppend(70,38) StmtAppend(116,101) StmtAppend(72,26) StmtAppend(45,63) at variant448 fails to compile

278917 [main] INFO clegoues.genprog4java.fitness.Fitness  - 	 gen: 8 0.0 StmtAppend(70,38) StmtAppend(116,101) StmtAppend(72,26) StmtAppend(45,63) (stored at: variant448)
279869 [main] INFO clegoues.genprog4java.fitness.Fitness  - 	 gen: 8 2.0 StmtAppend(98,101) StmtDelete(28) StmtReplace(30,26) StmtAppend(35,35) StmtReplace(42,62) (stored at: variant449)
280782 [main] INFO clegoues.genprog4java.fitness.Fitness  - 	 gen: 8 2.0 StmtReplace(63,31) StmtAppend(34,27) StmtDelete(63) StmtDelete(49) StmtAppend(75,34) StmtReplace(38,71) StmtDelete(129) StmtDelete(38) (stored at: variant450)
280808 [main] ERROR clegoues.genprog4java.rep.JavaRepresentation  - org/jsoup/nodes/Entities.java:116: error: unreachable statement
                        break;
                        ^
1 error

280809 [main] INFO clegoues.genprog4java.rep.CachingRepresentation  - StmtAppend(70,38) StmtAppend(116,101) StmtDelete(72) StmtReplace(47,32) at variant451 fails to compile

280809 [main] INFO clegoues.genprog4java.fitness.Fitness  - 	 gen: 8 0.0 StmtAppend(70,38) StmtAppend(116,101) StmtDelete(72) StmtReplace(47,32) (stored at: variant451)
280834 [main] ERROR clegoues.genprog4java.rep.JavaRepresentation  - org/jsoup/nodes/Entities.java:96: error: unreachable statement
            if (codePoint < Character.MIN_SUPPLEMENTARY_CODE_POINT) {
            ^
1 error

280834 [main] INFO clegoues.genprog4java.rep.CachingRepresentation  - StmtReplace(54,70) StmtDelete(59) StmtDelete(104) StmtAppend(44,29) StmtDelete(50) StmtDelete(47) StmtReplace(27,32) at variant452 fails to compile

280834 [main] INFO clegoues.genprog4java.fitness.Fitness  - 	 gen: 8 0.0 StmtReplace(54,70) StmtDelete(59) StmtDelete(104) StmtAppend(44,29) StmtDelete(50) StmtDelete(47) StmtReplace(27,32) (stored at: variant452)
281907 [main] INFO clegoues.genprog4java.fitness.Fitness  - 	 gen: 8 2.0 StmtDelete(112) StmtReplace(69,71) (stored at: variant453)
282855 [main] INFO clegoues.genprog4java.fitness.Fitness  - 	 gen: 8 2.0 StmtAppend(111,101) StmtAppend(58,29) StmtDelete(31) StmtAppend(34,27) StmtDelete(130) StmtReplace(64,58) StmtDelete(54) StmtReplace(124,55) (stored at: variant454)
283179 [main] INFO clegoues.genprog4java.fitness.Fitness  - 	 gen: 8 2.0 StmtAppend(70,38) StmtDelete(72) StmtDelete(27) StmtDelete(50) StmtAppend(30,58) StmtDelete(75) (stored at: variant455)
283204 [main] ERROR clegoues.genprog4java.rep.JavaRepresentation  - org/jsoup/nodes/Entities.java:226: error: variable full might not have been initialized
        fullByVal = toCharacterKey(full);
                                   ^
1 error

283204 [main] INFO clegoues.genprog4java.rep.CachingRepresentation  - StmtAppend(70,38) StmtReplace(64,58) StmtDelete(60) StmtDelete(99) at variant456 fails to compile

283204 [main] INFO clegoues.genprog4java.fitness.Fitness  - 	 gen: 8 0.0 StmtAppend(70,38) StmtReplace(64,58) StmtDelete(60) StmtDelete(99) (stored at: variant456)
283231 [main] ERROR clegoues.genprog4java.rep.JavaRepresentation  - org/jsoup/nodes/Entities.java:228: error: break outside switch or loop
        {for (Object[] entity:xhtmlArray){Character c=Character.valueOf((char)((Integer)entity[1]).intValue());xhtmlByVal.put(c,((String)entity[0]));}break;}
                                                                                                                                                      ^
1 error

283231 [main] INFO clegoues.genprog4java.rep.CachingRepresentation  - StmtAppend(98,101) StmtAppend(57,70) StmtReplace(59,64) StmtAppend(101,65) at variant457 fails to compile

283231 [main] INFO clegoues.genprog4java.fitness.Fitness  - 	 gen: 8 0.0 StmtAppend(98,101) StmtAppend(57,70) StmtReplace(59,64) StmtAppend(101,65) (stored at: variant457)
283258 [main] ERROR clegoues.genprog4java.rep.JavaRepresentation  - org/jsoup/nodes/Entities.java:152: error: cannot find symbol
                if (encoder.canEncode(c)) // uses fallback encoder for simplicity
                                      ^
  symbol:   variable c
  location: class Entities
org/jsoup/nodes/Entities.java:153: error: cannot find symbol
                    accum.append(c);
                                 ^
  symbol:   variable c
  location: class Entities
2 errors

283258 [main] INFO clegoues.genprog4java.rep.CachingRepresentation  - StmtAppend(98,101) StmtAppend(57,70) StmtReplace(59,64) StmtReplace(73,65) at variant458 fails to compile

283258 [main] INFO clegoues.genprog4java.fitness.Fitness  - 	 gen: 8 0.0 StmtAppend(98,101) StmtAppend(57,70) StmtReplace(59,64) StmtReplace(73,65) (stored at: variant458)
284282 [main] INFO clegoues.genprog4java.fitness.Fitness  - 	 gen: 8 1.0 StmtAppend(98,101) StmtAppend(57,70) StmtReplace(59,64) StmtDelete(84) (stored at: variant459)
285186 [main] INFO clegoues.genprog4java.fitness.Fitness  - 	 gen: 8 0.0 StmtAppend(98,101) StmtDelete(28) StmtReplace(30,26) StmtAppend(35,35) StmtReplace(42,58) (stored at: variant460)
285214 [main] ERROR clegoues.genprog4java.rep.JavaRepresentation  - org/jsoup/nodes/Entities.java:74: error: cannot find symbol
        escape(accum, string, out, false, false, false);
               ^
  symbol:   variable accum
  location: class Entities
org/jsoup/nodes/Entities.java:75: error: cannot find symbol
        return accum.toString();
               ^
  symbol:   variable accum
  location: class Entities
2 errors

285214 [main] INFO clegoues.genprog4java.rep.CachingRepresentation  - StmtAppend(98,101) StmtDelete(28) StmtReplace(30,26) StmtAppend(35,35) StmtReplace(12,101) at variant461 fails to compile

285214 [main] INFO clegoues.genprog4java.fitness.Fitness  - 	 gen: 8 0.0 StmtAppend(98,101) StmtDelete(28) StmtReplace(30,26) StmtAppend(35,35) StmtReplace(12,101) (stored at: variant461)
286182 [main] INFO clegoues.genprog4java.fitness.Fitness  - 	 gen: 8 2.0 StmtAppend(70,38) StmtDelete(72) StmtDelete(27) StmtDelete(50) StmtAppend(30,58) StmtDelete(64) (stored at: variant462)
287053 [main] INFO clegoues.genprog4java.fitness.Fitness  - 	 gen: 8 2.0 StmtReplace(82,82) StmtAppend(58,29) StmtAppend(38,50) StmtAppend(54,70) StmtReplace(29,38) StmtDelete(52) StmtAppend(63,27) StmtReplace(130,60) (stored at: variant463)
288005 [main] INFO clegoues.genprog4java.fitness.Fitness  - 	 gen: 8 2.0 StmtAppend(98,101) StmtAppend(57,70) StmtReplace(59,64) StmtDelete(62) (stored at: variant464)
288884 [main] INFO clegoues.genprog4java.fitness.Fitness  - 	 gen: 8 1.0 StmtAppend(70,38) StmtDelete(72) StmtDelete(27) StmtDelete(50) StmtAppend(30,58) StmtReplace(16,44) (stored at: variant465)
288910 [main] ERROR clegoues.genprog4java.rep.JavaRepresentation  - org/jsoup/nodes/Entities.java:231: error: cannot find symbol
            xhtmlByVal.put(c, ((String) entity[0]));
                           ^
  symbol:   variable c
  location: class Entities
1 error

288910 [main] INFO clegoues.genprog4java.rep.CachingRepresentation  - StmtAppend(70,38) StmtAppend(116,101) StmtAppend(111,101) StmtAppend(103,50) at variant466 fails to compile

288910 [main] INFO clegoues.genprog4java.fitness.Fitness  - 	 gen: 8 0.0 StmtAppend(70,38) StmtAppend(116,101) StmtAppend(111,101) StmtAppend(103,50) (stored at: variant466)
288939 [main] ERROR clegoues.genprog4java.rep.JavaRepresentation  - org/jsoup/nodes/Entities.java:182: error: continue outside of loop
        {Map<String, Character> entities=new HashMap<String, Character>();continue;}
                                                                          ^
org/jsoup/nodes/Entities.java:194: error: cannot find symbol
            entities.put(name, val);
            ^
  symbol:   variable entities
  location: class Entities
org/jsoup/nodes/Entities.java:196: error: cannot find symbol
        return entities;
               ^
  symbol:   variable entities
  location: class Entities
3 errors

288939 [main] INFO clegoues.genprog4java.rep.CachingRepresentation  - StmtAppend(98,101) StmtDelete(72) StmtAppend(73,65) StmtReplace(42,68) StmtDelete(28) StmtDelete(17) StmtAppend(107,35) at variant467 fails to compile

288939 [main] INFO clegoues.genprog4java.fitness.Fitness  - 	 gen: 8 0.0 StmtAppend(98,101) StmtDelete(72) StmtAppend(73,65) StmtReplace(42,68) StmtDelete(28) StmtDelete(17) StmtAppend(107,35) (stored at: variant467)
290012 [main] INFO clegoues.genprog4java.fitness.Fitness  - 	 gen: 8 1.0 StmtReplace(82,82) StmtAppend(58,29) StmtAppend(71,38) StmtReplace(30,47) (stored at: variant468)
290036 [main] ERROR clegoues.genprog4java.rep.JavaRepresentation  - org/jsoup/nodes/Entities.java:199: error: missing return statement
    }
    ^
1 error

290037 [main] INFO clegoues.genprog4java.rep.CachingRepresentation  - StmtAppend(70,38) StmtAppend(116,101) StmtAppend(72,26) StmtReplace(84,45) at variant469 fails to compile

290037 [main] INFO clegoues.genprog4java.fitness.Fitness  - 	 gen: 8 0.0 StmtAppend(70,38) StmtAppend(116,101) StmtAppend(72,26) StmtReplace(84,45) (stored at: variant469)
290058 [main] ERROR clegoues.genprog4java.rep.JavaRepresentation  - org/jsoup/nodes/Entities.java:258: error: cannot find symbol
            if (outMap.containsKey(character)) {
                                   ^
  symbol:   variable character
  location: class Entities
org/jsoup/nodes/Entities.java:261: error: cannot find symbol
                    outMap.put(character, name);
                               ^
  symbol:   variable character
  location: class Entities
org/jsoup/nodes/Entities.java:263: error: cannot find symbol
                outMap.put(character, name);
                           ^
  symbol:   variable character
  location: class Entities
3 errors

290059 [main] INFO clegoues.genprog4java.rep.CachingRepresentation  - StmtDelete(112) StmtDelete(125) at variant470 fails to compile

290059 [main] INFO clegoues.genprog4java.fitness.Fitness  - 	 gen: 8 0.0 StmtDelete(112) StmtDelete(125) (stored at: variant470)
290093 [main] ERROR clegoues.genprog4java.rep.JavaRepresentation  - org/jsoup/nodes/Entities.java:271: error: cannot find symbol
                if (name.toLowerCase().equals(name))
                                              ^
  symbol:   variable name
  location: class Entities
org/jsoup/nodes/Entities.java:271: error: cannot find symbol
                if (name.toLowerCase().equals(name))
                    ^
  symbol:   variable name
  location: class Entities
org/jsoup/nodes/Entities.java:272: error: cannot find symbol
                    outMap.put(character, name);
                                          ^
  symbol:   variable name
  location: class Entities
org/jsoup/nodes/Entities.java:274: error: cannot find symbol
                outMap.put(character, name);
                                      ^
  symbol:   variable name
  location: class Entities
4 errors

290094 [main] INFO clegoues.genprog4java.rep.CachingRepresentation  - StmtReplace(54,70) StmtDelete(59) StmtDelete(104) StmtAppend(44,29) StmtDelete(50) StmtDelete(47) StmtDelete(126) at variant471 fails to compile

290094 [main] INFO clegoues.genprog4java.fitness.Fitness  - 	 gen: 8 0.0 StmtReplace(54,70) StmtDelete(59) StmtDelete(104) StmtAppend(44,29) StmtDelete(50) StmtDelete(47) StmtDelete(126) (stored at: variant471)
290124 [main] ERROR clegoues.genprog4java.rep.JavaRepresentation  - org/jsoup/nodes/Entities.java:219: error: missing return statement
    }
    ^
1 error

290125 [main] INFO clegoues.genprog4java.rep.CachingRepresentation  - StmtAppend(111,101) StmtAppend(58,29) StmtDelete(31) StmtAppend(34,27) StmtDelete(130) StmtReplace(64,58) StmtDelete(54) StmtReplace(84,45) at variant472 fails to compile

290125 [main] INFO clegoues.genprog4java.fitness.Fitness  - 	 gen: 8 0.0 StmtAppend(111,101) StmtAppend(58,29) StmtDelete(31) StmtAppend(34,27) StmtDelete(130) StmtReplace(64,58) StmtDelete(54) StmtReplace(84,45) (stored at: variant472)
291094 [main] INFO clegoues.genprog4java.fitness.Fitness  - 	 gen: 8 1.0 StmtAppend(98,101) StmtDelete(72) StmtAppend(73,65) StmtReplace(42,68) StmtDelete(28) StmtDelete(17) StmtAppend(130,129) (stored at: variant473)
291121 [main] ERROR clegoues.genprog4java.rep.JavaRepresentation  - org/jsoup/nodes/Entities.java:88: error: continue outside of loop
				continue;
				^
org/jsoup/nodes/Entities.java:91: error: continue outside of loop
			continue;
			^
org/jsoup/nodes/Entities.java:170: error: cannot find symbol
                        if (canEncode(coreCharset, c, encoder))
                                      ^
  symbol:   variable coreCharset
  location: class Entities
3 errors

291121 [main] INFO clegoues.genprog4java.rep.CachingRepresentation  - StmtAppend(111,101) StmtAppend(58,29) StmtDelete(31) StmtAppend(34,27) StmtDelete(130) StmtReplace(64,58) StmtDelete(54) StmtReplace(20,30) at variant474 fails to compile

291121 [main] INFO clegoues.genprog4java.fitness.Fitness  - 	 gen: 8 0.0 StmtAppend(111,101) StmtAppend(58,29) StmtDelete(31) StmtAppend(34,27) StmtDelete(130) StmtReplace(64,58) StmtDelete(54) StmtReplace(20,30) (stored at: variant474)
291149 [main] ERROR clegoues.genprog4java.rep.JavaRepresentation  - org/jsoup/nodes/Entities.java:235: error: cannot find symbol
            properties.load(in);
            ^
  symbol:   variable properties
  location: class Entities
org/jsoup/nodes/Entities.java:241: error: cannot find symbol
        for (Map.Entry entry: properties.entrySet()) {
                              ^
  symbol:   variable properties
  location: class Entities
2 errors

291149 [main] INFO clegoues.genprog4java.rep.CachingRepresentation  - StmtReplace(13,44) StmtDelete(57) StmtDelete(106) at variant475 fails to compile

291149 [main] INFO clegoues.genprog4java.fitness.Fitness  - 	 gen: 8 0.0 StmtReplace(13,44) StmtDelete(57) StmtDelete(106) (stored at: variant475)
292293 [main] INFO clegoues.genprog4java.fitness.Fitness  - 	 gen: 8 2.0 StmtAppend(70,38) StmtAppend(116,101) StmtDelete(72) StmtDelete(70) (stored at: variant476)
293358 [main] INFO clegoues.genprog4java.fitness.Fitness  - 	 gen: 8 1.0 StmtAppend(98,101) StmtAppend(57,70) StmtReplace(59,64) StmtDelete(86) (stored at: variant477)
294495 [main] INFO clegoues.genprog4java.fitness.Fitness  - 	 gen: 8 1.0 StmtReplace(82,82) StmtAppend(58,29) StmtAppend(38,50) StmtAppend(54,70) StmtReplace(29,38) StmtAppend(76,69) StmtDelete(32) StmtAppend(70,71) (stored at: variant478)
294521 [main] ERROR clegoues.genprog4java.rep.JavaRepresentation  - org/jsoup/nodes/Entities.java:103: error: unreachable statement
					break;
					^
1 error

294521 [main] INFO clegoues.genprog4java.rep.CachingRepresentation  - StmtReplace(54,70) StmtDelete(59) StmtDelete(104) StmtAppend(44,29) StmtDelete(50) StmtDelete(47) StmtAppend(30,45) at variant479 fails to compile

294521 [main] INFO clegoues.genprog4java.fitness.Fitness  - 	 gen: 8 0.0 StmtReplace(54,70) StmtDelete(59) StmtDelete(104) StmtAppend(44,29) StmtDelete(50) StmtDelete(47) StmtAppend(30,45) (stored at: variant479)
294546 [main] ERROR clegoues.genprog4java.rep.JavaRepresentation  - org/jsoup/nodes/Entities.java:75: error: cannot find symbol
        escape(accum, string, out, false, false, false);
               ^
  symbol:   variable accum
  location: class Entities
org/jsoup/nodes/Entities.java:76: error: cannot find symbol
        return accum.toString();
               ^
  symbol:   variable accum
  location: class Entities
2 errors

294546 [main] INFO clegoues.genprog4java.rep.CachingRepresentation  - StmtAppend(70,38) StmtAppend(116,101) StmtDelete(72) StmtDelete(12) at variant480 fails to compile

294546 [main] INFO clegoues.genprog4java.fitness.Fitness  - 	 gen: 8 0.0 StmtAppend(70,38) StmtAppend(116,101) StmtDelete(72) StmtDelete(12) (stored at: variant480)
295529 [main] INFO clegoues.genprog4java.fitness.Fitness  - 	 gen: 8 2.0 StmtReplace(13,44) StmtAppend(102,45) StmtDelete(130) (stored at: variant481)
296410 [main] INFO clegoues.genprog4java.fitness.Fitness  - 	 gen: 8 1.0 StmtReplace(13,44) StmtDelete(57) StmtAppend(72,49) (stored at: variant482)
296439 [main] ERROR clegoues.genprog4java.rep.JavaRepresentation  - org/jsoup/nodes/Entities.java:104: error: cannot find symbol
                switch (c) {
                        ^
  symbol:   variable c
  location: class Entities
org/jsoup/nodes/Entities.java:104: error: illegal start of type
                switch (c) {
                       ^
org/jsoup/nodes/Entities.java:119: error: cannot find symbol
							accum.append(c);
							             ^
  symbol:   variable c
  location: class Entities
org/jsoup/nodes/Entities.java:120: error: cannot find symbol
							accum.append('&').append(map.get(c)).append(';');
							                                 ^
  symbol:   variable c
  location: class Entities
org/jsoup/nodes/Entities.java:137: error: cannot find symbol
                            accum.append(c);
                                         ^
  symbol:   variable c
  location: class Entities
org/jsoup/nodes/Entities.java:143: error: cannot find symbol
                            accum.append(c);
                                         ^
  symbol:   variable c
  location: class Entities
org/jsoup/nodes/Entities.java:146: error: cannot find symbol
                        if (canEncode(coreCharset, c, encoder))
                                                   ^
  symbol:   variable c
  location: class Entities
org/jsoup/nodes/Entities.java:147: error: cannot find symbol
                            accum.append(c);
                                         ^
  symbol:   variable c
  location: class Entities
org/jsoup/nodes/Entities.java:148: error: cannot find symbol
                        else if (map.containsKey(c))
                                                 ^
  symbol:   variable c
  location: class Entities
org/jsoup/nodes/Entities.java:149: error: cannot find symbol
                            accum.append('&').append(map.get(c)).append(';');
                                                             ^
  symbol:   variable c
  location: class Entities
10 errors

296440 [main] INFO clegoues.genprog4java.rep.CachingRepresentation  - StmtReplace(82,82) StmtAppend(58,29) StmtAppend(38,50) StmtAppend(54,70) StmtReplace(29,38) StmtAppend(76,69) StmtDelete(32) StmtAppend(41,38) at variant483 fails to compile

296440 [main] INFO clegoues.genprog4java.fitness.Fitness  - 	 gen: 8 0.0 StmtReplace(82,82) StmtAppend(58,29) StmtAppend(38,50) StmtAppend(54,70) StmtReplace(29,38) StmtAppend(76,69) StmtDelete(32) StmtAppend(41,38) (stored at: variant483)
297395 [main] INFO clegoues.genprog4java.fitness.Fitness  - 	 gen: 8 2.0 StmtReplace(82,82) StmtAppend(58,29) StmtAppend(71,38) StmtAppend(53,71) (stored at: variant484)
298396 [main] INFO clegoues.genprog4java.fitness.Fitness  - 	 gen: 8 2.0 StmtAppend(71,75) (stored at: variant485)
299282 [main] INFO clegoues.genprog4java.fitness.Fitness  - 	 gen: 8 2.0 StmtAppend(70,38) StmtAppend(116,101) StmtAppend(102,45) StmtDelete(124) (stored at: variant486)
299306 [main] ERROR clegoues.genprog4java.rep.JavaRepresentation  - org/jsoup/nodes/Entities.java:42: error: variable baseByVal might not have been initialized
    private Entities() {}
                        ^
1 error

299306 [main] INFO clegoues.genprog4java.rep.CachingRepresentation  - StmtReplace(13,44) StmtDelete(72) StmtAppend(73,65) StmtReplace(42,68) StmtDelete(28) StmtDelete(17) StmtDelete(98) at variant487 fails to compile

299306 [main] INFO clegoues.genprog4java.fitness.Fitness  - 	 gen: 8 0.0 StmtReplace(13,44) StmtDelete(72) StmtAppend(73,65) StmtReplace(42,68) StmtDelete(28) StmtDelete(17) StmtDelete(98) (stored at: variant487)
300553 [main] INFO clegoues.genprog4java.fitness.Fitness  - 	 gen: 8 0.0 StmtReplace(68,30) (stored at: variant488)
301503 [main] INFO clegoues.genprog4java.fitness.Fitness  - 	 gen: 8 2.0 StmtAppend(98,101) StmtDelete(28) StmtDelete(124) (stored at: variant489)
301528 [main] ERROR clegoues.genprog4java.rep.JavaRepresentation  - org/jsoup/nodes/Entities.java:102: error: unreachable statement
						continue;
						^
org/jsoup/nodes/Entities.java:124: error: unreachable statement
						{
						^
2 errors

301528 [main] INFO clegoues.genprog4java.rep.CachingRepresentation  - StmtAppend(70,38) StmtAppend(116,101) StmtAppend(35,35) StmtAppend(50,30) at variant490 fails to compile

301528 [main] INFO clegoues.genprog4java.fitness.Fitness  - 	 gen: 8 0.0 StmtAppend(70,38) StmtAppend(116,101) StmtAppend(35,35) StmtAppend(50,30) (stored at: variant490)
301553 [main] ERROR clegoues.genprog4java.rep.JavaRepresentation  - org/jsoup/nodes/Entities.java:106: error: cannot find symbol
                if (encoder.canEncode(c)) // uses fallback encoder for simplicity
                                      ^
  symbol:   variable c
  location: class Entities
org/jsoup/nodes/Entities.java:107: error: cannot find symbol
                    accum.append(c);
                                 ^
  symbol:   variable c
  location: class Entities
2 errors

301553 [main] INFO clegoues.genprog4java.rep.CachingRepresentation  - StmtAppend(73,65) StmtReplace(42,68) StmtDelete(28) StmtDelete(17) StmtDelete(98) at variant491 fails to compile

301553 [main] INFO clegoues.genprog4java.fitness.Fitness  - 	 gen: 8 0.0 StmtAppend(73,65) StmtReplace(42,68) StmtDelete(28) StmtDelete(17) StmtDelete(98) (stored at: variant491)
302238 [main] INFO clegoues.genprog4java.fitness.Fitness  - 	 gen: 8 2.0 StmtAppend(98,101) StmtDelete(112) (stored at: variant492)
303252 [main] INFO clegoues.genprog4java.fitness.Fitness  - 	 gen: 8 2.0 StmtAppend(98,101) StmtAppend(57,70) StmtDelete(38) (stored at: variant493)
304229 [main] INFO clegoues.genprog4java.fitness.Fitness  - 	 gen: 8 2.0 StmtReplace(82,82) StmtAppend(58,29) StmtAppend(38,50) StmtAppend(54,70) StmtReplace(29,38) StmtAppend(76,69) StmtDelete(52) (stored at: variant494)
304253 [main] ERROR clegoues.genprog4java.rep.JavaRepresentation  - org/jsoup/nodes/Entities.java:238: error: cannot find symbol
            switch (charset) {
                    ^
  symbol:   variable charset
  location: class Entities
org/jsoup/nodes/Entities.java:238: error: illegal start of type
            switch (charset) {
                   ^
org/jsoup/nodes/Entities.java:239: error: cannot find symbol
			case ascii:
			     ^
  symbol:   variable ascii
  location: class Entities
org/jsoup/nodes/Entities.java:240: error: return outside method
				return c < 0x80;
				^
org/jsoup/nodes/Entities.java:241: error: cannot find symbol
			case utf:
			     ^
  symbol:   variable utf
  location: class Entities
org/jsoup/nodes/Entities.java:242: error: return outside method
				return true;
				^
org/jsoup/nodes/Entities.java:244: error: return outside method
				return fallback.canEncode(c);
				^
7 errors

304253 [main] INFO clegoues.genprog4java.rep.CachingRepresentation  - StmtAppend(98,101) StmtDelete(104) StmtAppend(44,29) StmtDelete(50) StmtDelete(47) StmtReplace(104,82) at variant495 fails to compile

304253 [main] INFO clegoues.genprog4java.fitness.Fitness  - 	 gen: 8 0.0 StmtAppend(98,101) StmtDelete(104) StmtAppend(44,29) StmtDelete(50) StmtDelete(47) StmtReplace(104,82) (stored at: variant495)
305201 [main] INFO clegoues.genprog4java.fitness.Fitness  - 	 gen: 8 2.0 StmtReplace(54,70) StmtReplace(59,64) StmtReplace(58,49) (stored at: variant496)
306053 [main] INFO clegoues.genprog4java.fitness.Fitness  - 	 gen: 8 2.0 StmtReplace(132,129) (stored at: variant497)
306980 [main] INFO clegoues.genprog4java.fitness.Fitness  - 	 gen: 8 2.0 StmtReplace(13,44) StmtDelete(72) StmtDelete(27) StmtDelete(50) StmtAppend(30,58) StmtDelete(50) (stored at: variant498)
307007 [main] ERROR clegoues.genprog4java.rep.JavaRepresentation  - org/jsoup/nodes/Entities.java:130: error: cannot find symbol
							accum.append('&').append(map.get(c)).append(';');
							                         ^
  symbol:   variable map
  location: class Entities
org/jsoup/nodes/Entities.java:158: error: cannot find symbol
                        else if (map.containsKey(c))
                                 ^
  symbol:   variable map
  location: class Entities
org/jsoup/nodes/Entities.java:159: error: cannot find symbol
                            accum.append('&').append(map.get(c)).append(';');
                                                     ^
  symbol:   variable map
  location: class Entities
org/jsoup/nodes/Entities.java:169: error: cannot find symbol
					if (map.containsKey(c))
					    ^
  symbol:   variable map
  location: class Entities
org/jsoup/nodes/Entities.java:170: error: cannot find symbol
						accum.append('&').append(map.get(c)).append(';');
						                         ^
  symbol:   variable map
  location: class Entities
5 errors

307007 [main] INFO clegoues.genprog4java.rep.CachingRepresentation  - StmtReplace(82,82) StmtAppend(58,29) StmtAppend(38,50) StmtAppend(54,70) StmtAppend(76,69) StmtDelete(32) StmtDelete(21) at variant499 fails to compile

307007 [main] INFO clegoues.genprog4java.fitness.Fitness  - 	 gen: 8 0.0 StmtReplace(82,82) StmtAppend(58,29) StmtAppend(38,50) StmtAppend(54,70) StmtAppend(76,69) StmtDelete(32) StmtDelete(21) (stored at: variant499)
307899 [main] INFO clegoues.genprog4java.fitness.Fitness  - 	 gen: 8 1.0 StmtReplace(82,82) StmtAppend(58,29) StmtAppend(38,50) StmtAppend(54,70) StmtDelete(52) StmtAppend(63,27) StmtReplace(40,50) (stored at: variant500)
307900 [main] INFO clegoues.genprog4java.Search.Search  - search: generation9
309480 [main] INFO clegoues.genprog4java.fitness.Fitness  - 	 gen: 9 2.0 StmtAppend(70,38) StmtDelete(72) StmtDelete(27) StmtDelete(50) StmtAppend(30,58) StmtDelete(75) StmtDelete(71) (stored at: variant501)
309503 [main] ERROR clegoues.genprog4java.rep.JavaRepresentation  - org/jsoup/nodes/Entities.java:122: error: unreachable statement
                        break;
                        ^
1 error

309503 [main] INFO clegoues.genprog4java.rep.CachingRepresentation  - StmtAppend(98,101) StmtDelete(112) StmtReplace(52,60) at variant502 fails to compile

309503 [main] INFO clegoues.genprog4java.fitness.Fitness  - 	 gen: 9 0.0 StmtAppend(98,101) StmtDelete(112) StmtReplace(52,60) (stored at: variant502)
309525 [main] ERROR clegoues.genprog4java.rep.JavaRepresentation  - org/jsoup/nodes/Entities.java:246: error: incompatible types: boolean cannot be converted to Map<Character,String>
            return base.containsKey(name);
                                   ^
1 error

309526 [main] INFO clegoues.genprog4java.rep.CachingRepresentation  - StmtAppend(70,38) StmtAppend(116,101) StmtDelete(72) StmtDelete(70) StmtReplace(127,8) at variant503 fails to compile

309526 [main] INFO clegoues.genprog4java.fitness.Fitness  - 	 gen: 9 0.0 StmtAppend(70,38) StmtAppend(116,101) StmtDelete(72) StmtDelete(70) StmtReplace(127,8) (stored at: variant503)
309549 [main] ERROR clegoues.genprog4java.rep.JavaRepresentation  - org/jsoup/nodes/Entities.java:186: error: missing return statement
    }
    ^
1 error

309549 [main] INFO clegoues.genprog4java.rep.CachingRepresentation  - StmtAppend(98,101) StmtDelete(28) StmtDelete(124) StmtDelete(88) at variant504 fails to compile

309549 [main] INFO clegoues.genprog4java.fitness.Fitness  - 	 gen: 9 0.0 StmtAppend(98,101) StmtDelete(28) StmtDelete(124) StmtDelete(88) (stored at: variant504)
309574 [main] ERROR clegoues.genprog4java.rep.JavaRepresentation  - org/jsoup/nodes/Entities.java:260: error: cannot find symbol
                if (name.toLowerCase().equals(name))
                                              ^
  symbol:   variable name
  location: class Entities
org/jsoup/nodes/Entities.java:260: error: cannot find symbol
                if (name.toLowerCase().equals(name))
                    ^
  symbol:   variable name
  location: class Entities
org/jsoup/nodes/Entities.java:261: error: cannot find symbol
                    outMap.put(character, name);
                                          ^
  symbol:   variable name
  location: class Entities
org/jsoup/nodes/Entities.java:263: error: cannot find symbol
                outMap.put(character, name);
                                      ^
  symbol:   variable name
  location: class Entities
4 errors

309574 [main] INFO clegoues.genprog4java.rep.CachingRepresentation  - StmtAppend(98,101) StmtDelete(112) StmtDelete(126) at variant505 fails to compile

309574 [main] INFO clegoues.genprog4java.fitness.Fitness  - 	 gen: 9 0.0 StmtAppend(98,101) StmtDelete(112) StmtDelete(126) (stored at: variant505)
309903 [main] INFO clegoues.genprog4java.fitness.Fitness  - 	 gen: 9 2.0 StmtAppend(98,101) StmtAppend(57,70) StmtReplace(59,64) StmtDelete(62) StmtReplace(59,35) (stored at: variant506)
310841 [main] INFO clegoues.genprog4java.fitness.Fitness  - 	 gen: 9 2.0 StmtAppend(98,101) StmtAppend(57,70) StmtDelete(38) StmtReplace(50,30) (stored at: variant507)
310865 [main] ERROR clegoues.genprog4java.rep.JavaRepresentation  - org/jsoup/nodes/Entities.java:87: error: cannot find symbol
        final Map<Character, String> map = escapeMode.getMap();
                                           ^
  symbol:   variable escapeMode
  location: class Entities
org/jsoup/nodes/Entities.java:96: error: cannot find symbol
					if (escapeMode != EscapeMode.xhtml)
					    ^
  symbol:   variable escapeMode
  location: class Entities
org/jsoup/nodes/Entities.java:114: error: cannot find symbol
                        if (escapeMode != EscapeMode.xhtml)
                            ^
  symbol:   variable escapeMode
  location: class Entities
3 errors

310865 [main] INFO clegoues.genprog4java.rep.CachingRepresentation  - StmtReplace(82,82) StmtAppend(58,29) StmtAppend(71,38) StmtReplace(30,47) StmtReplace(18,34) at variant508 fails to compile

310865 [main] INFO clegoues.genprog4java.fitness.Fitness  - 	 gen: 9 0.0 StmtReplace(82,82) StmtAppend(58,29) StmtAppend(71,38) StmtReplace(30,47) StmtReplace(18,34) (stored at: variant508)
311781 [main] INFO clegoues.genprog4java.fitness.Fitness  - 	 gen: 9 2.0 StmtReplace(13,44) StmtAppend(102,45) StmtDelete(130) StmtDelete(32) (stored at: variant509)
312819 [main] INFO clegoues.genprog4java.fitness.Fitness  - 	 gen: 9 1.0 StmtReplace(132,129) StmtAppend(29,53) (stored at: variant510)
313957 [main] INFO clegoues.genprog4java.fitness.Fitness  - 	 gen: 9 0.0 StmtReplace(82,82) StmtAppend(58,29) StmtAppend(38,50) StmtAppend(54,70) StmtReplace(29,38) StmtDelete(52) StmtAppend(63,27) StmtReplace(130,60) StmtReplace(60,62) (stored at: variant511)
315215 [main] INFO clegoues.genprog4java.fitness.Fitness  - 	 gen: 9 0.0 StmtAppend(98,101) StmtAppend(57,70) StmtReplace(59,64) StmtDelete(62) StmtReplace(39,49) (stored at: variant512)
315240 [main] ERROR clegoues.genprog4java.rep.JavaRepresentation  - org/jsoup/nodes/Entities.java:251: error: cannot find symbol
            entities.put(name, val);
                               ^
  symbol:   variable val
  location: class Entities
1 error

315240 [main] INFO clegoues.genprog4java.rep.CachingRepresentation  - StmtReplace(13,44) StmtAppend(102,45) StmtDelete(130) StmtAppend(117,32) at variant513 fails to compile

315240 [main] INFO clegoues.genprog4java.fitness.Fitness  - 	 gen: 9 0.0 StmtReplace(13,44) StmtAppend(102,45) StmtDelete(130) StmtAppend(117,32) (stored at: variant513)
315278 [main] ERROR clegoues.genprog4java.rep.JavaRepresentation  - org/jsoup/nodes/Entities.java:104: error: cannot find symbol
								if ((stripLeadingWhite && !reachedNonWhite) || lastWasWhite)
								                           ^
  symbol:   variable reachedNonWhite
  location: class Entities
org/jsoup/nodes/Entities.java:111: error: cannot find symbol
								reachedNonWhite = true;
								^
  symbol:   variable reachedNonWhite
  location: class Entities
org/jsoup/nodes/Entities.java:118: error: cannot find symbol
                    reachedNonWhite = true;
                    ^
  symbol:   variable reachedNonWhite
  location: class Entities
org/jsoup/nodes/Entities.java:146: error: cannot find symbol
								if ((stripLeadingWhite && !reachedNonWhite) || lastWasWhite)
								                           ^
  symbol:   variable reachedNonWhite
  location: class Entities
org/jsoup/nodes/Entities.java:153: error: cannot find symbol
								reachedNonWhite = true;
								^
  symbol:   variable reachedNonWhite
  location: class Entities
5 errors

315278 [main] INFO clegoues.genprog4java.rep.CachingRepresentation  - StmtAppend(111,101) StmtAppend(58,29) StmtDelete(31) StmtAppend(34,27) StmtDelete(130) StmtReplace(64,58) StmtDelete(54) StmtAppend(130,50) StmtDelete(17) at variant514 fails to compile

315278 [main] INFO clegoues.genprog4java.fitness.Fitness  - 	 gen: 9 0.0 StmtAppend(111,101) StmtAppend(58,29) StmtDelete(31) StmtAppend(34,27) StmtDelete(130) StmtReplace(64,58) StmtDelete(54) StmtAppend(130,50) StmtDelete(17) (stored at: variant514)
315309 [main] ERROR clegoues.genprog4java.rep.JavaRepresentation  - org/jsoup/nodes/Entities.java:142: error: cannot find symbol
                if (encoder.canEncode(c)) // uses fallback encoder for simplicity
                                      ^
  symbol:   variable c
  location: class Entities
org/jsoup/nodes/Entities.java:143: error: cannot find symbol
                    accum.append(c);
                                 ^
  symbol:   variable c
  location: class Entities
2 errors

315309 [main] INFO clegoues.genprog4java.rep.CachingRepresentation  - StmtAppend(98,101) StmtDelete(28) StmtDelete(124) StmtAppend(73,53) at variant515 fails to compile

315309 [main] INFO clegoues.genprog4java.fitness.Fitness  - 	 gen: 9 0.0 StmtAppend(98,101) StmtDelete(28) StmtDelete(124) StmtAppend(73,53) (stored at: variant515)
315347 [main] ERROR clegoues.genprog4java.rep.JavaRepresentation  - org/jsoup/nodes/Entities.java:252: error: continue outside of loop
				continue;
				^
org/jsoup/nodes/Entities.java:254: error: cannot find symbol
            properties.load(in);
                            ^
  symbol:   variable in
  location: class Entities
org/jsoup/nodes/Entities.java:255: error: cannot find symbol
            in.close();
            ^
  symbol:   variable in
  location: class Entities
3 errors

315347 [main] INFO clegoues.genprog4java.rep.CachingRepresentation  - StmtReplace(63,31) StmtAppend(34,27) StmtDelete(63) StmtDelete(49) StmtAppend(75,34) StmtReplace(38,71) StmtDelete(129) StmtDelete(38) StmtAppend(110,35) at variant516 fails to compile

315347 [main] INFO clegoues.genprog4java.fitness.Fitness  - 	 gen: 9 0.0 StmtReplace(63,31) StmtAppend(34,27) StmtDelete(63) StmtDelete(49) StmtAppend(75,34) StmtReplace(38,71) StmtDelete(129) StmtDelete(38) StmtAppend(110,35) (stored at: variant516)
315385 [main] ERROR clegoues.genprog4java.rep.JavaRepresentation  - org/jsoup/nodes/Entities.java:97: error: cannot find symbol
                    if ((stripLeadingWhite && !reachedNonWhite) || lastWasWhite)
                                               ^
  symbol:   variable reachedNonWhite
  location: class Entities
org/jsoup/nodes/Entities.java:104: error: cannot find symbol
                    reachedNonWhite = true;
                    ^
  symbol:   variable reachedNonWhite
  location: class Entities
org/jsoup/nodes/Entities.java:145: error: cannot find symbol
							reachedNonWhite = true;
							^
  symbol:   variable reachedNonWhite
  location: class Entities
3 errors

315385 [main] INFO clegoues.genprog4java.rep.CachingRepresentation  - StmtAppend(70,38) StmtAppend(116,101) StmtAppend(102,45) StmtDelete(124) StmtDelete(17) at variant517 fails to compile

315385 [main] INFO clegoues.genprog4java.fitness.Fitness  - 	 gen: 9 0.0 StmtAppend(70,38) StmtAppend(116,101) StmtAppend(102,45) StmtDelete(124) StmtDelete(17) (stored at: variant517)
315420 [main] ERROR clegoues.genprog4java.rep.JavaRepresentation  - org/jsoup/nodes/Entities.java:209: error: continue outside of loop
			continue;
			^
1 error

315420 [main] INFO clegoues.genprog4java.rep.CachingRepresentation  - StmtReplace(13,44) StmtDelete(72) StmtDelete(27) StmtDelete(50) StmtAppend(30,58) StmtDelete(50) StmtAppend(98,35) at variant518 fails to compile

315420 [main] INFO clegoues.genprog4java.fitness.Fitness  - 	 gen: 9 0.0 StmtReplace(13,44) StmtDelete(72) StmtDelete(27) StmtDelete(50) StmtAppend(30,58) StmtDelete(50) StmtAppend(98,35) (stored at: variant518)
315444 [main] ERROR clegoues.genprog4java.rep.JavaRepresentation  - org/jsoup/nodes/Entities.java:134: error: cannot find symbol
                        else if (map.containsKey(c))
                                 ^
  symbol:   variable map
  location: class Entities
org/jsoup/nodes/Entities.java:135: error: cannot find symbol
                            accum.append('&').append(map.get(c)).append(';');
                                                     ^
  symbol:   variable map
  location: class Entities
2 errors

315444 [main] INFO clegoues.genprog4java.rep.CachingRepresentation  - StmtReplace(13,44) StmtDelete(72) StmtDelete(27) StmtDelete(50) StmtAppend(30,58) StmtDelete(50) StmtDelete(21) at variant519 fails to compile

315444 [main] INFO clegoues.genprog4java.fitness.Fitness  - 	 gen: 9 0.0 StmtReplace(13,44) StmtDelete(72) StmtDelete(27) StmtDelete(50) StmtAppend(30,58) StmtDelete(50) StmtDelete(21) (stored at: variant519)
315504 [main] ERROR clegoues.genprog4java.rep.JavaRepresentation  - org/jsoup/nodes/Entities.java:93: error: continue outside of loop
				continue;
				^
org/jsoup/nodes/Entities.java:96: error: continue outside of loop
			continue;
			^
2 errors

315504 [main] INFO clegoues.genprog4java.rep.CachingRepresentation  - StmtAppend(71,75) StmtReplace(24,29) at variant520 fails to compile

315504 [main] INFO clegoues.genprog4java.fitness.Fitness  - 	 gen: 9 0.0 StmtAppend(71,75) StmtReplace(24,29) (stored at: variant520)
316421 [main] INFO clegoues.genprog4java.fitness.Fitness  - 	 gen: 9 2.0 StmtAppend(70,38) StmtDelete(72) StmtDelete(27) StmtDelete(50) StmtAppend(30,58) StmtDelete(75) StmtAppend(62,57) (stored at: variant521)
316447 [main] ERROR clegoues.genprog4java.rep.JavaRepresentation  - org/jsoup/nodes/Entities.java:251: error: return outside method
            return true;
            ^
1 error

316447 [main] INFO clegoues.genprog4java.rep.CachingRepresentation  - StmtAppend(111,101) StmtAppend(58,29) StmtDelete(31) StmtAppend(34,27) StmtDelete(130) StmtReplace(64,58) StmtDelete(54) StmtReplace(124,55) StmtReplace(104,86) at variant522 fails to compile

316447 [main] INFO clegoues.genprog4java.fitness.Fitness  - 	 gen: 9 0.0 StmtAppend(111,101) StmtAppend(58,29) StmtDelete(31) StmtAppend(34,27) StmtDelete(130) StmtReplace(64,58) StmtDelete(54) StmtReplace(124,55) StmtReplace(104,86) (stored at: variant522)
317307 [main] INFO clegoues.genprog4java.fitness.Fitness  - 	 gen: 9 2.0 StmtReplace(13,44) StmtAppend(102,45) StmtDelete(130) StmtDelete(59) (stored at: variant523)
318199 [main] INFO clegoues.genprog4java.fitness.Fitness  - 	 gen: 9 2.0 StmtAppend(70,38) StmtDelete(72) StmtDelete(27) StmtDelete(50) StmtAppend(30,58) StmtDelete(75) StmtReplace(116,32) (stored at: variant524)
318220 [main] ERROR clegoues.genprog4java.rep.JavaRepresentation  - org/jsoup/nodes/Entities.java:261: error: cannot find symbol
                if (name.toLowerCase().equals(name))
                                              ^
  symbol:   variable name
  location: class Entities
org/jsoup/nodes/Entities.java:261: error: cannot find symbol
                if (name.toLowerCase().equals(name))
                    ^
  symbol:   variable name
  location: class Entities
org/jsoup/nodes/Entities.java:262: error: cannot find symbol
                    outMap.put(character, name);
                                          ^
  symbol:   variable name
  location: class Entities
org/jsoup/nodes/Entities.java:264: error: cannot find symbol
                if (name.toLowerCase().equals(name))
                                              ^
  symbol:   variable name
  location: class Entities
org/jsoup/nodes/Entities.java:264: error: cannot find symbol
                if (name.toLowerCase().equals(name))
                    ^
  symbol:   variable name
  location: class Entities
org/jsoup/nodes/Entities.java:265: error: cannot find symbol
					outMap.put(character, name);
					                      ^
  symbol:   variable name
  location: class Entities
6 errors

318220 [main] INFO clegoues.genprog4java.rep.CachingRepresentation  - StmtReplace(132,129) StmtAppend(126,55) at variant525 fails to compile

318221 [main] INFO clegoues.genprog4java.fitness.Fitness  - 	 gen: 9 0.0 StmtReplace(132,129) StmtAppend(126,55) (stored at: variant525)
319175 [main] INFO clegoues.genprog4java.fitness.Fitness  - 	 gen: 9 1.0 StmtAppend(98,101) StmtAppend(57,70) StmtReplace(59,64) StmtDelete(62) StmtDelete(44) (stored at: variant526)
320033 [main] INFO clegoues.genprog4java.fitness.Fitness  - 	 gen: 9 2.0 StmtReplace(63,31) StmtAppend(34,27) StmtDelete(63) StmtDelete(49) StmtAppend(75,34) StmtReplace(38,71) StmtDelete(129) StmtDelete(38) StmtDelete(13) (stored at: variant527)
320057 [main] ERROR clegoues.genprog4java.rep.JavaRepresentation  - org/jsoup/nodes/Entities.java:140: error: cannot find symbol
                        if (canEncode(coreCharset, c, encoder))
                                      ^
  symbol:   variable coreCharset
  location: class Entities
1 error

320057 [main] INFO clegoues.genprog4java.rep.CachingRepresentation  - StmtReplace(13,44) StmtAppend(102,45) StmtDelete(130) StmtAppend(20,101) at variant528 fails to compile

320057 [main] INFO clegoues.genprog4java.fitness.Fitness  - 	 gen: 9 0.0 StmtReplace(13,44) StmtAppend(102,45) StmtDelete(130) StmtAppend(20,101) (stored at: variant528)
320087 [main] ERROR clegoues.genprog4java.rep.JavaRepresentation  - org/jsoup/nodes/Entities.java:269: error: cannot find symbol
            entities.put(name, val);
                         ^
  symbol:   variable name
  location: class Entities
1 error

320087 [main] INFO clegoues.genprog4java.rep.CachingRepresentation  - StmtAppend(111,101) StmtAppend(58,29) StmtDelete(31) StmtAppend(34,27) StmtDelete(130) StmtReplace(64,58) StmtDelete(54) StmtReplace(124,55) StmtReplace(118,101) at variant529 fails to compile

320087 [main] INFO clegoues.genprog4java.fitness.Fitness  - 	 gen: 9 0.0 StmtAppend(111,101) StmtAppend(58,29) StmtDelete(31) StmtAppend(34,27) StmtDelete(130) StmtReplace(64,58) StmtDelete(54) StmtReplace(124,55) StmtReplace(118,101) (stored at: variant529)
320114 [main] ERROR clegoues.genprog4java.rep.JavaRepresentation  - org/jsoup/nodes/Entities.java:99: error: variable codePoint might not have been initialized
            if (codePoint < Character.MIN_SUPPLEMENTARY_CODE_POINT) {
                ^
1 error

320114 [main] INFO clegoues.genprog4java.rep.CachingRepresentation  - StmtReplace(82,82) StmtAppend(58,29) StmtAppend(38,50) StmtAppend(54,70) StmtReplace(29,38) StmtAppend(76,69) StmtDelete(52) StmtDelete(26) at variant530 fails to compile

320114 [main] INFO clegoues.genprog4java.fitness.Fitness  - 	 gen: 9 0.0 StmtReplace(82,82) StmtAppend(58,29) StmtAppend(38,50) StmtAppend(54,70) StmtReplace(29,38) StmtAppend(76,69) StmtDelete(52) StmtDelete(26) (stored at: variant530)
321203 [main] INFO clegoues.genprog4java.fitness.Fitness  - 	 gen: 9 2.0 StmtAppend(70,38) StmtAppend(116,101) StmtAppend(102,45) StmtDelete(124) StmtReplace(30,55) (stored at: variant531)
322272 [main] INFO clegoues.genprog4java.fitness.Fitness  - 	 gen: 9 2.0 StmtAppend(70,38) StmtAppend(116,101) StmtDelete(72) StmtDelete(70) StmtReplace(65,67) (stored at: variant532)
323345 [main] INFO clegoues.genprog4java.fitness.Fitness  - 	 gen: 9 1.0 StmtAppend(70,38) StmtDelete(72) StmtDelete(27) StmtDelete(50) StmtAppend(30,58) StmtDelete(75) StmtReplace(71,37) (stored at: variant533)
323368 [main] ERROR clegoues.genprog4java.rep.JavaRepresentation  - org/jsoup/nodes/Entities.java:255: error: continue outside of loop
        continue;
        ^
org/jsoup/nodes/Entities.java:260: error: cannot find symbol
            if (outMap.containsKey(character)) {
                ^
  symbol:   variable outMap
  location: class Entities
org/jsoup/nodes/Entities.java:263: error: cannot find symbol
                    outMap.put(character, name);
                    ^
  symbol:   variable outMap
  location: class Entities
org/jsoup/nodes/Entities.java:265: error: cannot find symbol
                outMap.put(character, name);
                ^
  symbol:   variable outMap
  location: class Entities
org/jsoup/nodes/Entities.java:268: error: cannot find symbol
        return outMap;
               ^
  symbol:   variable outMap
  location: class Entities
5 errors

323368 [main] INFO clegoues.genprog4java.rep.CachingRepresentation  - StmtAppend(98,101) StmtAppend(57,70) StmtDelete(38) StmtReplace(122,35) at variant534 fails to compile

323368 [main] INFO clegoues.genprog4java.fitness.Fitness  - 	 gen: 9 0.0 StmtAppend(98,101) StmtAppend(57,70) StmtDelete(38) StmtReplace(122,35) (stored at: variant534)
323393 [main] ERROR clegoues.genprog4java.rep.JavaRepresentation  - org/jsoup/nodes/Entities.java:219: error: missing return statement
    }
    ^
1 error

323393 [main] INFO clegoues.genprog4java.rep.CachingRepresentation  - StmtAppend(111,101) StmtAppend(58,29) StmtDelete(31) StmtAppend(34,27) StmtDelete(130) StmtReplace(64,58) StmtDelete(54) StmtAppend(130,50) StmtReplace(88,60) at variant535 fails to compile

323393 [main] INFO clegoues.genprog4java.fitness.Fitness  - 	 gen: 9 0.0 StmtAppend(111,101) StmtAppend(58,29) StmtDelete(31) StmtAppend(34,27) StmtDelete(130) StmtReplace(64,58) StmtDelete(54) StmtAppend(130,50) StmtReplace(88,60) (stored at: variant535)
324769 [main] INFO clegoues.genprog4java.fitness.Fitness  - 	 gen: 9 1.0 StmtAppend(71,75) StmtAppend(98,101) (stored at: variant536)
324797 [main] ERROR clegoues.genprog4java.rep.JavaRepresentation  - org/jsoup/nodes/Entities.java:224: error: continue outside of loop
        continue;
        ^
1 error

324797 [main] INFO clegoues.genprog4java.rep.CachingRepresentation  - StmtAppend(71,75) StmtReplace(99,35) at variant537 fails to compile

324797 [main] INFO clegoues.genprog4java.fitness.Fitness  - 	 gen: 9 0.0 StmtAppend(71,75) StmtReplace(99,35) (stored at: variant537)
325874 [main] INFO clegoues.genprog4java.fitness.Fitness  - 	 gen: 9 2.0 StmtReplace(54,70) StmtReplace(59,64) StmtReplace(58,49) StmtDelete(64) (stored at: variant538)
325900 [main] ERROR clegoues.genprog4java.rep.JavaRepresentation  - org/jsoup/nodes/Entities.java:236: error: continue outside of loop
        {for (Map.Entry entry:properties.entrySet()){Character val=Character.valueOf((char)Integer.parseInt((String)entry.getValue(),16));String name=(String)entry.getKey();entities.put(name,val);}continue;}
                                                                                                                                                                                                     ^
1 error

325900 [main] INFO clegoues.genprog4java.rep.CachingRepresentation  - StmtAppend(70,38) StmtAppend(116,101) StmtDelete(72) StmtDelete(70) StmtAppend(115,32) at variant539 fails to compile

325900 [main] INFO clegoues.genprog4java.fitness.Fitness  - 	 gen: 9 0.0 StmtAppend(70,38) StmtAppend(116,101) StmtDelete(72) StmtDelete(70) StmtAppend(115,32) (stored at: variant539)
327066 [main] INFO clegoues.genprog4java.fitness.Fitness  - 	 gen: 9 1.0 StmtAppend(70,38) StmtAppend(116,101) StmtAppend(102,45) StmtDelete(124) StmtReplace(59,63) (stored at: variant540)
327091 [main] ERROR clegoues.genprog4java.rep.JavaRepresentation  - org/jsoup/nodes/Entities.java:234: error: continue outside of loop
        {Map<String, Character> entities=new HashMap<String, Character>();continue;}
                                                                          ^
org/jsoup/nodes/Entities.java:246: error: cannot find symbol
            entities.put(name, val);
            ^
  symbol:   variable entities
  location: class Entities
org/jsoup/nodes/Entities.java:248: error: cannot find symbol
        return entities;
               ^
  symbol:   variable entities
  location: class Entities
3 errors

327091 [main] INFO clegoues.genprog4java.rep.CachingRepresentation  - StmtAppend(98,101) StmtDelete(129) StmtDelete(38) StmtAppend(107,35) at variant541 fails to compile

327091 [main] INFO clegoues.genprog4java.fitness.Fitness  - 	 gen: 9 0.0 StmtAppend(98,101) StmtDelete(129) StmtDelete(38) StmtAppend(107,35) (stored at: variant541)
328118 [main] INFO clegoues.genprog4java.fitness.Fitness  - 	 gen: 9 2.0 StmtReplace(63,31) StmtAppend(34,27) StmtDelete(63) StmtDelete(49) StmtAppend(75,34) StmtDelete(38) StmtAppend(28,28) (stored at: variant542)
329447 [main] INFO clegoues.genprog4java.fitness.Fitness  - 	 gen: 9 2.0 StmtReplace(49,49) (stored at: variant543)
330872 [main] INFO clegoues.genprog4java.fitness.Fitness  - 	 gen: 9 0.0 StmtReplace(13,44) StmtAppend(102,45) StmtAppend(58,29) StmtAppend(71,38) StmtReplace(30,47) StmtDelete(59) (stored at: variant544)
330903 [main] ERROR clegoues.genprog4java.rep.JavaRepresentation  - org/jsoup/nodes/Entities.java:237: error: continue outside of loop
			continue;
			^
org/jsoup/nodes/Entities.java:242: error: cannot find symbol
            properties.load(in);
            ^
  symbol:   variable properties
  location: class Entities
org/jsoup/nodes/Entities.java:248: error: cannot find symbol
        for (Map.Entry entry: properties.entrySet()) {
                              ^
  symbol:   variable properties
  location: class Entities
3 errors

330903 [main] INFO clegoues.genprog4java.rep.CachingRepresentation  - StmtAppend(102,45) StmtDelete(124) StmtAppend(106,32) at variant545 fails to compile

330903 [main] INFO clegoues.genprog4java.fitness.Fitness  - 	 gen: 9 0.0 StmtAppend(102,45) StmtDelete(124) StmtAppend(106,32) (stored at: variant545)
330978 [main] ERROR clegoues.genprog4java.rep.JavaRepresentation  - org/jsoup/nodes/Entities.java:236: error: break outside switch or loop
        {for (Object[] entity:xhtmlArray){Character c=Character.valueOf((char)((Integer)entity[1]).intValue());xhtmlByVal.put(c,((String)entity[0]));}break;}
                                                                                                                                                      ^
1 error

330978 [main] INFO clegoues.genprog4java.rep.CachingRepresentation  - StmtAppend(70,38) StmtAppend(58,29) StmtAppend(38,50) StmtAppend(54,70) StmtReplace(29,38) StmtDelete(52) StmtAppend(63,27) StmtReplace(130,60) StmtAppend(101,60) at variant546 fails to compile

330978 [main] INFO clegoues.genprog4java.fitness.Fitness  - 	 gen: 9 0.0 StmtAppend(70,38) StmtAppend(58,29) StmtAppend(38,50) StmtAppend(54,70) StmtReplace(29,38) StmtDelete(52) StmtAppend(63,27) StmtReplace(130,60) StmtAppend(101,60) (stored at: variant546)
332120 [main] INFO clegoues.genprog4java.fitness.Fitness  - 	 gen: 9 2.0 StmtAppend(111,101) StmtAppend(58,29) StmtDelete(31) StmtAppend(34,27) StmtDelete(130) StmtReplace(64,58) StmtAppend(57,70) StmtDelete(38) StmtAppend(53,27) (stored at: variant547)
332147 [main] ERROR clegoues.genprog4java.rep.JavaRepresentation  - org/jsoup/nodes/Entities.java:42: error: variable fullByVal might not have been initialized
    private Entities() {}
                        ^
1 error

332147 [main] INFO clegoues.genprog4java.rep.CachingRepresentation  - StmtAppend(130,50) StmtReplace(100,101) at variant548 fails to compile

332147 [main] INFO clegoues.genprog4java.fitness.Fitness  - 	 gen: 9 0.0 StmtAppend(130,50) StmtReplace(100,101) (stored at: variant548)
332183 [main] ERROR clegoues.genprog4java.rep.JavaRepresentation  - org/jsoup/nodes/Entities.java:176: error: continue outside of loop
        continue;
        ^
1 error

332183 [main] INFO clegoues.genprog4java.rep.CachingRepresentation  - StmtAppend(98,101) StmtDelete(28) StmtDelete(130) StmtReplace(64,58) StmtDelete(54) StmtAppend(130,50) StmtReplace(82,35) at variant549 fails to compile

332183 [main] INFO clegoues.genprog4java.fitness.Fitness  - 	 gen: 9 0.0 StmtAppend(98,101) StmtDelete(28) StmtDelete(130) StmtReplace(64,58) StmtDelete(54) StmtAppend(130,50) StmtReplace(82,35) (stored at: variant549)
332215 [main] ERROR clegoues.genprog4java.rep.JavaRepresentation  - org/jsoup/nodes/Entities.java:232: error: variable base might not have been initialized
        baseByVal = toCharacterKey(base);
                                   ^
1 error

332215 [main] INFO clegoues.genprog4java.rep.CachingRepresentation  - StmtAppend(111,101) StmtAppend(58,29) StmtDelete(31) StmtDelete(97) at variant550 fails to compile

332215 [main] INFO clegoues.genprog4java.fitness.Fitness  - 	 gen: 9 0.0 StmtAppend(111,101) StmtAppend(58,29) StmtDelete(31) StmtDelete(97) (stored at: variant550)
333488 [main] INFO clegoues.genprog4java.fitness.Fitness  - 	 gen: 9 1.0 StmtDelete(124) StmtDelete(27) (stored at: variant551)
333513 [main] ERROR clegoues.genprog4java.rep.JavaRepresentation  - org/jsoup/nodes/Entities.java:220: error: continue outside of loop
        continue;
        ^
1 error

333513 [main] INFO clegoues.genprog4java.rep.CachingRepresentation  - StmtAppend(70,38) StmtAppend(116,101) StmtReplace(96,32) at variant552 fails to compile

333513 [main] INFO clegoues.genprog4java.fitness.Fitness  - 	 gen: 9 0.0 StmtAppend(70,38) StmtAppend(116,101) StmtReplace(96,32) (stored at: variant552)
333694 [main] INFO clegoues.genprog4java.fitness.Fitness  - Serialized test cache to file testcache.ser
333694 [main] INFO clegoues.genprog4java.main.Main  - 
Total elapsed time: 333

