0 [main] DEBUG clegoues.genprog4java.fitness.Fitness  - parsing granularity, value: class
25 [main] DEBUG clegoues.genprog4java.fitness.Fitness  - parsing granularity, value: class
#Tue Mar 02 19:40:27 CST 2021
negativeTestWeight=2.0
classSourceFolder=/home/rtx/repair/d4j/Jsoup/3b/target/classes
model=default
sampleStrategy=variant
srcClassPath=/home/rtx/repair/d4j/Jsoup/3b/target/classes\:/home/rtx/repair/defects4j/framework/projects/Jsoup/lib/commons-lang/commons-lang/2.4/commons-lang-2.4.jar
sourceVersion=1.8
popsize=40
regenPaths=false
posCoverageFile=coverage.path.pos
continue=false
edits=APPEND;DELETE;REPLACE
negCoverageFile=coverage.path.neg
workingDir=/home/rtx/repair/d4j/Jsoup/3b/
clearTestCache=false
skipFailedSanity=false
sample=0.1 
oracleGenome=
testGranularity=class
justTestingFaultLoc=false
faultLocStrategy=standardPathFile
crossp=0.5
pMutation=1
generations=10
positiveTests=/home/rtx/repair/d4j/Jsoup/3b/pos.tests
javaVM=/home/rtx/java/jdk1.8.0_271/jre/bin/java
seed=5
negativePathWeight=0.35
compileCommand=
fixStrategy=classScope
allowCoverageFail=false
targetClassName=/home/rtx/repair/d4j/Jsoup/3b/bugfiles.txt
javaRuntime=java.lang.Runtime@6576fe71
classTestFolder=
modelPath=OVERALLModel.txt
sanity=yes
positivePathWeight=0.65
jacocoPath=/home/rtx/eclipse-workspace/genprog4java/lib/jacocoagent.jar
negativeTests=/home/rtx/repair/d4j/Jsoup/3b/neg.tests
pathToFileHumanInjectedFaultLoc=fileHumanInjectedFaultLoc.txt
outputDir=/home/rtx/repair/d4j/Jsoup/3b/genprog4java/variantSeed5/
testClassPath=/home/rtx/repair/defects4j/framework/projects/Jsoup/lib/junit/junit/4.5/junit-4.5.jar\:/home/rtx/repair/defects4j/framework/projects/Jsoup/lib/commons-lang/commons-lang/2.4/commons-lang-2.4.jar\:/home/rtx/repair/d4j/Jsoup/3b/target/classes\:/home/rtx/repair/d4j/Jsoup/3b/target/test-classes\:/home/rtx/repair/defects4j/framework/projects/lib/junit-4.11.jar\:/home/rtx/repair/defects4j/framework/projects/Jsoup/lib/com/google/code/gson/gson/2.7/gson-2.7.jar\:/home/rtx/repair/defects4j/framework/projects/Jsoup/lib/javax/servlet/javax.servlet-api/3.1.0/javax.servlet-api-3.1.0.jar\:/home/rtx/repair/defects4j/framework/projects/Jsoup/lib/junit/junit/4.12/junit-4.12.jar\:/home/rtx/repair/defects4j/framework/projects/Jsoup/lib/lib/com/google/code/gson/gson/2.7/gson-2.7.jar\:/home/rtx/repair/defects4j/framework/projects/Jsoup/lib/lib/commons-lang/commons-lang/2.4/commons-lang-2.4.jar\:/home/rtx/repair/defects4j/framework/projects/Jsoup/lib/lib/javax/servlet/javax.servlet-api/3.1.0/javax.servlet-api-3.1.0.jar\:/home/rtx/repair/defects4j/framework/projects/Jsoup/lib/lib/junit/junit/4.12/junit-4.12.jar\:/home/rtx/repair/defects4j/framework/projects/Jsoup/lib/lib/junit/junit/4.5/junit-4.5.jar\:/home/rtx/repair/defects4j/framework/projects/Jsoup/lib/lib/org/eclipse/jetty/jetty-http/9.2.22.v20170606/jetty-http-9.2.22.v20170606.jar\:/home/rtx/repair/defects4j/framework/projects/Jsoup/lib/lib/org/eclipse/jetty/jetty-http/9.2.26.v20180806/jetty-http-9.2.26.v20180806.jar\:/home/rtx/repair/defects4j/framework/projects/Jsoup/lib/lib/org/eclipse/jetty/jetty-http/9.2.28.v20190418/jetty-http-9.2.28.v20190418.jar\:/home/rtx/repair/defects4j/framework/projects/Jsoup/lib/lib/org/eclipse/jetty/jetty-io/9.2.22.v20170606/jetty-io-9.2.22.v20170606.jar\:/home/rtx/repair/defects4j/framework/projects/Jsoup/lib/lib/org/eclipse/jetty/jetty-io/9.2.26.v20180806/jetty-io-9.2.26.v20180806.jar\:/home/rtx/repair/defects4j/framework/projects/Jsoup/lib/lib/org/eclipse/jetty/jetty-io/9.2.28.v20190418/jetty-io-9.2.28.v20190418.jar\:/home/rtx/repair/defects4j/framework/projects/Jsoup/lib/lib/org/eclipse/jetty/jetty-security/9.2.22.v20170606/jetty-security-9.2.22.v20170606.jar\:/home/rtx/repair/defects4j/framework/projects/Jsoup/lib/lib/org/eclipse/jetty/jetty-security/9.2.26.v20180806/jetty-security-9.2.26.v20180806.jar\:/home/rtx/repair/defects4j/framework/projects/Jsoup/lib/lib/org/eclipse/jetty/jetty-security/9.2.28.v20190418/jetty-security-9.2.28.v20190418.jar\:/home/rtx/repair/defects4j/framework/projects/Jsoup/lib/lib/org/eclipse/jetty/jetty-server/9.2.22.v20170606/jetty-server-9.2.22.v20170606.jar\:/home/rtx/repair/defects4j/framework/projects/Jsoup/lib/lib/org/eclipse/jetty/jetty-server/9.2.26.v20180806/jetty-server-9.2.26.v20180806.jar\:/home/rtx/repair/defects4j/framework/projects/Jsoup/lib/lib/org/eclipse/jetty/jetty-server/9.2.28.v20190418/jetty-server-9.2.28.v20190418.jar\:/home/rtx/repair/defects4j/framework/projects/Jsoup/lib/lib/org/eclipse/jetty/jetty-servlet/9.2.22.v20170606/jetty-servlet-9.2.22.v20170606.jar\:/home/rtx/repair/defects4j/framework/projects/Jsoup/lib/lib/org/eclipse/jetty/jetty-servlet/9.2.26.v20180806/jetty-servlet-9.2.26.v20180806.jar\:/home/rtx/repair/defects4j/framework/projects/Jsoup/lib/lib/org/eclipse/jetty/jetty-servlet/9.2.28.v20190418/jetty-servlet-9.2.28.v20190418.jar\:/home/rtx/repair/defects4j/framework/projects/Jsoup/lib/lib/org/eclipse/jetty/jetty-util/9.2.22.v20170606/jetty-util-9.2.22.v20170606.jar\:/home/rtx/repair/defects4j/framework/projects/Jsoup/lib/lib/org/eclipse/jetty/jetty-util/9.2.26.v20180806/jetty-util-9.2.26.v20180806.jar\:/home/rtx/repair/defects4j/framework/projects/Jsoup/lib/lib/org/eclipse/jetty/jetty-util/9.2.28.v20190418/jetty-util-9.2.28.v20190418.jar\:/home/rtx/repair/defects4j/framework/projects/Jsoup/lib/lib/org/hamcrest/hamcrest-core/1.3/hamcrest-core-1.3.jar\:/home/rtx/repair/defects4j/framework/projects/Jsoup/lib/org/eclipse/jetty/jetty-http/9.2.22.v20170606/jetty-http-9.2.22.v20170606.jar\:/home/rtx/repair/defects4j/framework/projects/Jsoup/lib/org/eclipse/jetty/jetty-http/9.2.26.v20180806/jetty-http-9.2.26.v20180806.jar\:/home/rtx/repair/defects4j/framework/projects/Jsoup/lib/org/eclipse/jetty/jetty-http/9.2.28.v20190418/jetty-http-9.2.28.v20190418.jar\:/home/rtx/repair/defects4j/framework/projects/Jsoup/lib/org/eclipse/jetty/jetty-io/9.2.22.v20170606/jetty-io-9.2.22.v20170606.jar\:/home/rtx/repair/defects4j/framework/projects/Jsoup/lib/org/eclipse/jetty/jetty-io/9.2.26.v20180806/jetty-io-9.2.26.v20180806.jar\:/home/rtx/repair/defects4j/framework/projects/Jsoup/lib/org/eclipse/jetty/jetty-io/9.2.28.v20190418/jetty-io-9.2.28.v20190418.jar\:/home/rtx/repair/defects4j/framework/projects/Jsoup/lib/org/eclipse/jetty/jetty-security/9.2.22.v20170606/jetty-security-9.2.22.v20170606.jar\:/home/rtx/repair/defects4j/framework/projects/Jsoup/lib/org/eclipse/jetty/jetty-security/9.2.26.v20180806/jetty-security-9.2.26.v20180806.jar\:/home/rtx/repair/defects4j/framework/projects/Jsoup/lib/org/eclipse/jetty/jetty-security/9.2.28.v20190418/jetty-security-9.2.28.v20190418.jar\:/home/rtx/repair/defects4j/framework/projects/Jsoup/lib/org/eclipse/jetty/jetty-server/9.2.22.v20170606/jetty-server-9.2.22.v20170606.jar\:/home/rtx/repair/defects4j/framework/projects/Jsoup/lib/org/eclipse/jetty/jetty-server/9.2.26.v20180806/jetty-server-9.2.26.v20180806.jar\:/home/rtx/repair/defects4j/framework/projects/Jsoup/lib/org/eclipse/jetty/jetty-server/9.2.28.v20190418/jetty-server-9.2.28.v20190418.jar\:/home/rtx/repair/defects4j/framework/projects/Jsoup/lib/org/eclipse/jetty/jetty-servlet/9.2.22.v20170606/jetty-servlet-9.2.22.v20170606.jar\:/home/rtx/repair/defects4j/framework/projects/Jsoup/lib/org/eclipse/jetty/jetty-servlet/9.2.26.v20180806/jetty-servlet-9.2.26.v20180806.jar\:/home/rtx/repair/defects4j/framework/projects/Jsoup/lib/org/eclipse/jetty/jetty-servlet/9.2.28.v20190418/jetty-servlet-9.2.28.v20190418.jar\:/home/rtx/repair/defects4j/framework/projects/Jsoup/lib/org/eclipse/jetty/jetty-util/9.2.22.v20170606/jetty-util-9.2.22.v20170606.jar\:/home/rtx/repair/defects4j/framework/projects/Jsoup/lib/org/eclipse/jetty/jetty-util/9.2.26.v20180806/jetty-util-9.2.26.v20180806.jar\:/home/rtx/repair/defects4j/framework/projects/Jsoup/lib/org/eclipse/jetty/jetty-util/9.2.28.v20190418/jetty-util-9.2.28.v20190418.jar\:/home/rtx/repair/defects4j/framework/projects/Jsoup/lib/org/hamcrest/hamcrest-core/1.3/hamcrest-core-1.3.jar
faultStrategy=classScope
sourceDir=src/main/java
checkSpace=false
search=gp
globalExtension=.java
faultSpaceSubSet=1/5
maxVariants=50
libs=/home/rtx/eclipse-workspace/genprog4java/lib/junittestrunner.jar\:/home/rtx/eclipse-workspace/genprog4java/lib/commons-cli-20040117.000000.jar\:/home/rtx/eclipse-workspace/genprog4java/lib/junit-4.12.jar\:/home/rtx/eclipse-workspace/genprog4java/lib/hamcrest-core-1.3.jar\:/home/rtx/eclipse-workspace/genprog4java/lib/log4j-1.2.17.jar\:/home/rtx/repair/defects4j/framework/projects/Jsoup/lib/junit/junit/4.5/junit-4.5.jar\:/home/rtx/repair/defects4j/framework/projects/Jsoup/lib/commons-lang/commons-lang/2.4/commons-lang-2.4.jar\:/home/rtx/repair/d4j/Jsoup/3b/target/classes\:/home/rtx/repair/d4j/Jsoup/3b/target/test-classes\:/home/rtx/repair/defects4j/framework/projects/lib/junit-4.11.jar\:/home/rtx/repair/defects4j/framework/projects/Jsoup/lib/com/google/code/gson/gson/2.7/gson-2.7.jar\:/home/rtx/repair/defects4j/framework/projects/Jsoup/lib/javax/servlet/javax.servlet-api/3.1.0/javax.servlet-api-3.1.0.jar\:/home/rtx/repair/defects4j/framework/projects/Jsoup/lib/junit/junit/4.12/junit-4.12.jar\:/home/rtx/repair/defects4j/framework/projects/Jsoup/lib/lib/com/google/code/gson/gson/2.7/gson-2.7.jar\:/home/rtx/repair/defects4j/framework/projects/Jsoup/lib/lib/commons-lang/commons-lang/2.4/commons-lang-2.4.jar\:/home/rtx/repair/defects4j/framework/projects/Jsoup/lib/lib/javax/servlet/javax.servlet-api/3.1.0/javax.servlet-api-3.1.0.jar\:/home/rtx/repair/defects4j/framework/projects/Jsoup/lib/lib/junit/junit/4.12/junit-4.12.jar\:/home/rtx/repair/defects4j/framework/projects/Jsoup/lib/lib/junit/junit/4.5/junit-4.5.jar\:/home/rtx/repair/defects4j/framework/projects/Jsoup/lib/lib/org/eclipse/jetty/jetty-http/9.2.22.v20170606/jetty-http-9.2.22.v20170606.jar\:/home/rtx/repair/defects4j/framework/projects/Jsoup/lib/lib/org/eclipse/jetty/jetty-http/9.2.26.v20180806/jetty-http-9.2.26.v20180806.jar\:/home/rtx/repair/defects4j/framework/projects/Jsoup/lib/lib/org/eclipse/jetty/jetty-http/9.2.28.v20190418/jetty-http-9.2.28.v20190418.jar\:/home/rtx/repair/defects4j/framework/projects/Jsoup/lib/lib/org/eclipse/jetty/jetty-io/9.2.22.v20170606/jetty-io-9.2.22.v20170606.jar\:/home/rtx/repair/defects4j/framework/projects/Jsoup/lib/lib/org/eclipse/jetty/jetty-io/9.2.26.v20180806/jetty-io-9.2.26.v20180806.jar\:/home/rtx/repair/defects4j/framework/projects/Jsoup/lib/lib/org/eclipse/jetty/jetty-io/9.2.28.v20190418/jetty-io-9.2.28.v20190418.jar\:/home/rtx/repair/defects4j/framework/projects/Jsoup/lib/lib/org/eclipse/jetty/jetty-security/9.2.22.v20170606/jetty-security-9.2.22.v20170606.jar\:/home/rtx/repair/defects4j/framework/projects/Jsoup/lib/lib/org/eclipse/jetty/jetty-security/9.2.26.v20180806/jetty-security-9.2.26.v20180806.jar\:/home/rtx/repair/defects4j/framework/projects/Jsoup/lib/lib/org/eclipse/jetty/jetty-security/9.2.28.v20190418/jetty-security-9.2.28.v20190418.jar\:/home/rtx/repair/defects4j/framework/projects/Jsoup/lib/lib/org/eclipse/jetty/jetty-server/9.2.22.v20170606/jetty-server-9.2.22.v20170606.jar\:/home/rtx/repair/defects4j/framework/projects/Jsoup/lib/lib/org/eclipse/jetty/jetty-server/9.2.26.v20180806/jetty-server-9.2.26.v20180806.jar\:/home/rtx/repair/defects4j/framework/projects/Jsoup/lib/lib/org/eclipse/jetty/jetty-server/9.2.28.v20190418/jetty-server-9.2.28.v20190418.jar\:/home/rtx/repair/defects4j/framework/projects/Jsoup/lib/lib/org/eclipse/jetty/jetty-servlet/9.2.22.v20170606/jetty-servlet-9.2.22.v20170606.jar\:/home/rtx/repair/defects4j/framework/projects/Jsoup/lib/lib/org/eclipse/jetty/jetty-servlet/9.2.26.v20180806/jetty-servlet-9.2.26.v20180806.jar\:/home/rtx/repair/defects4j/framework/projects/Jsoup/lib/lib/org/eclipse/jetty/jetty-servlet/9.2.28.v20190418/jetty-servlet-9.2.28.v20190418.jar\:/home/rtx/repair/defects4j/framework/projects/Jsoup/lib/lib/org/eclipse/jetty/jetty-util/9.2.22.v20170606/jetty-util-9.2.22.v20170606.jar\:/home/rtx/repair/defects4j/framework/projects/Jsoup/lib/lib/org/eclipse/jetty/jetty-util/9.2.26.v20180806/jetty-util-9.2.26.v20180806.jar\:/home/rtx/repair/defects4j/framework/projects/Jsoup/lib/lib/org/eclipse/jetty/jetty-util/9.2.28.v20190418/jetty-util-9.2.28.v20190418.jar\:/home/rtx/repair/defects4j/framework/projects/Jsoup/lib/lib/org/hamcrest/hamcrest-core/1.3/hamcrest-core-1.3.jar\:/home/rtx/repair/defects4j/framework/projects/Jsoup/lib/org/eclipse/jetty/jetty-http/9.2.22.v20170606/jetty-http-9.2.22.v20170606.jar\:/home/rtx/repair/defects4j/framework/projects/Jsoup/lib/org/eclipse/jetty/jetty-http/9.2.26.v20180806/jetty-http-9.2.26.v20180806.jar\:/home/rtx/repair/defects4j/framework/projects/Jsoup/lib/org/eclipse/jetty/jetty-http/9.2.28.v20190418/jetty-http-9.2.28.v20190418.jar\:/home/rtx/repair/defects4j/framework/projects/Jsoup/lib/org/eclipse/jetty/jetty-io/9.2.22.v20170606/jetty-io-9.2.22.v20170606.jar\:/home/rtx/repair/defects4j/framework/projects/Jsoup/lib/org/eclipse/jetty/jetty-io/9.2.26.v20180806/jetty-io-9.2.26.v20180806.jar\:/home/rtx/repair/defects4j/framework/projects/Jsoup/lib/org/eclipse/jetty/jetty-io/9.2.28.v20190418/jetty-io-9.2.28.v20190418.jar\:/home/rtx/repair/defects4j/framework/projects/Jsoup/lib/org/eclipse/jetty/jetty-security/9.2.22.v20170606/jetty-security-9.2.22.v20170606.jar\:/home/rtx/repair/defects4j/framework/projects/Jsoup/lib/org/eclipse/jetty/jetty-security/9.2.26.v20180806/jetty-security-9.2.26.v20180806.jar\:/home/rtx/repair/defects4j/framework/projects/Jsoup/lib/org/eclipse/jetty/jetty-security/9.2.28.v20190418/jetty-security-9.2.28.v20190418.jar\:/home/rtx/repair/defects4j/framework/projects/Jsoup/lib/org/eclipse/jetty/jetty-server/9.2.22.v20170606/jetty-server-9.2.22.v20170606.jar\:/home/rtx/repair/defects4j/framework/projects/Jsoup/lib/org/eclipse/jetty/jetty-server/9.2.26.v20180806/jetty-server-9.2.26.v20180806.jar\:/home/rtx/repair/defects4j/framework/projects/Jsoup/lib/org/eclipse/jetty/jetty-server/9.2.28.v20190418/jetty-server-9.2.28.v20190418.jar\:/home/rtx/repair/defects4j/framework/projects/Jsoup/lib/org/eclipse/jetty/jetty-servlet/9.2.22.v20170606/jetty-servlet-9.2.22.v20170606.jar\:/home/rtx/repair/defects4j/framework/projects/Jsoup/lib/org/eclipse/jetty/jetty-servlet/9.2.26.v20180806/jetty-servlet-9.2.26.v20180806.jar\:/home/rtx/repair/defects4j/framework/projects/Jsoup/lib/org/eclipse/jetty/jetty-servlet/9.2.28.v20190418/jetty-servlet-9.2.28.v20190418.jar\:/home/rtx/repair/defects4j/framework/projects/Jsoup/lib/org/eclipse/jetty/jetty-util/9.2.22.v20170606/jetty-util-9.2.22.v20170606.jar\:/home/rtx/repair/defects4j/framework/projects/Jsoup/lib/org/eclipse/jetty/jetty-util/9.2.26.v20180806/jetty-util-9.2.26.v20180806.jar\:/home/rtx/repair/defects4j/framework/projects/Jsoup/lib/org/eclipse/jetty/jetty-util/9.2.28.v20190418/jetty-util-9.2.28.v20190418.jar\:/home/rtx/repair/defects4j/framework/projects/Jsoup/lib/org/hamcrest/hamcrest-core/1.3/hamcrest-core-1.3.jar\:/home/rtx/repair/d4j/Jsoup/3b/target/classes\:/home/rtx/repair/defects4j/framework/projects/Jsoup/lib/commons-lang/commons-lang/2.4/commons-lang-2.4.jar
crossover=onepoint
105 [main] INFO clegoues.genprog4java.main.Main  - Configuration file loaded
Deserialized fitnessCache HashMap
4417 [main] INFO clegoues.genprog4java.rep.CachingRepresentation  - loaded from source clegoues.genprog4java.java.ClassInfo@7ab3a5fd
8530 [main] INFO clegoues.genprog4java.rep.CachingRepresentation  - loaded from source clegoues.genprog4java.java.ClassInfo@c9216760
10159 [main] INFO clegoues.genprog4java.rep.CachingRepresentation  - loaded from source clegoues.genprog4java.java.ClassInfo@3b12869b
10159 [main] INFO clegoues.genprog4java.rep.CachingRepresentation  - sanity checking begins
10914 [main] INFO clegoues.genprog4java.rep.CachingRepresentation  - Checking test number 1 out of 10
11363 [main] INFO clegoues.genprog4java.rep.CachingRepresentation  - true (1)

11363 [main] INFO clegoues.genprog4java.rep.CachingRepresentation  - Checking test number 2 out of 10
11525 [main] INFO clegoues.genprog4java.rep.CachingRepresentation  - true (1)

11525 [main] INFO clegoues.genprog4java.rep.CachingRepresentation  - Checking test number 3 out of 10
11700 [main] INFO clegoues.genprog4java.rep.CachingRepresentation  - true (1)

11700 [main] INFO clegoues.genprog4java.rep.CachingRepresentation  - Checking test number 4 out of 10
11895 [main] INFO clegoues.genprog4java.rep.CachingRepresentation  - true (1)

11895 [main] INFO clegoues.genprog4java.rep.CachingRepresentation  - Checking test number 5 out of 10
12073 [main] INFO clegoues.genprog4java.rep.CachingRepresentation  - true (1)

12073 [main] INFO clegoues.genprog4java.rep.CachingRepresentation  - Checking test number 6 out of 10
12247 [main] INFO clegoues.genprog4java.rep.CachingRepresentation  - true (1)

12248 [main] INFO clegoues.genprog4java.rep.CachingRepresentation  - Checking test number 7 out of 10
12401 [main] INFO clegoues.genprog4java.rep.CachingRepresentation  - true (1)

12401 [main] INFO clegoues.genprog4java.rep.CachingRepresentation  - Checking test number 8 out of 10
12598 [main] INFO clegoues.genprog4java.rep.CachingRepresentation  - true (1)

12599 [main] INFO clegoues.genprog4java.rep.CachingRepresentation  - Checking test number 9 out of 10
12787 [main] INFO clegoues.genprog4java.rep.CachingRepresentation  - true (1)

12788 [main] INFO clegoues.genprog4java.rep.CachingRepresentation  - Checking test number 10 out of 10
13011 [main] INFO clegoues.genprog4java.rep.CachingRepresentation  - true (1)

13011 [main] INFO clegoues.genprog4java.rep.CachingRepresentation  - 	n1: 
13238 [main] INFO clegoues.genprog4java.rep.CachingRepresentation  - false (0)

13238 [main] INFO clegoues.genprog4java.rep.CachingRepresentation  - 	n2: 
13467 [main] INFO clegoues.genprog4java.rep.CachingRepresentation  - false (0)

13467 [main] INFO clegoues.genprog4java.rep.CachingRepresentation  - 	n3: 
13667 [main] INFO clegoues.genprog4java.rep.CachingRepresentation  - false (0)

13668 [main] INFO clegoues.genprog4java.rep.CachingRepresentation  - sanity checking completed (time taken = 3509)
13668 [main] INFO clegoues.genprog4java.localization.DefaultLocalization  - Start Fault Localization
13712 [main] INFO clegoues.genprog4java.localization.DefaultLocalization  - Finish Fault Localization
13713 [main] INFO clegoues.genprog4java.Search.Search  - search: genetic algorithm begins

14367 [main] INFO clegoues.genprog4java.fitness.Fitness  - 	 gen: 0 1.0 original (stored at: variant0)
14571 [main] ERROR clegoues.genprog4java.rep.JavaRepresentation  - org/jsoup/parser/Tag.java:93: error: unreachable statement
			preserveWhitespace = true;
			^
1 error

14571 [main] INFO clegoues.genprog4java.rep.CachingRepresentation  - StmtAppend(548,722) at variant1 fails to compile

14571 [main] INFO clegoues.genprog4java.fitness.Fitness  - 	 gen: 0 0.0 StmtAppend(548,722) (stored at: variant1)
15423 [main] INFO clegoues.genprog4java.fitness.Fitness  - 	 gen: 0 1.0 StmtDelete(363) (stored at: variant2)
16247 [main] INFO clegoues.genprog4java.fitness.Fitness  - 	 gen: 0 0.0 StmtReplace(214,209) (stored at: variant3)
17050 [main] INFO clegoues.genprog4java.fitness.Fitness  - 	 gen: 0 1.0 StmtReplace(674,638) (stored at: variant4)
17988 [main] INFO clegoues.genprog4java.fitness.Fitness  - 	 gen: 0 1.0 StmtDelete(651) (stored at: variant5)
18811 [main] INFO clegoues.genprog4java.fitness.Fitness  - 	 gen: 0 1.0 StmtReplace(730,633) (stored at: variant6)
19570 [main] INFO clegoues.genprog4java.fitness.Fitness  - 	 gen: 0 0.0 StmtDelete(191) (stored at: variant7)
19636 [main] ERROR clegoues.genprog4java.rep.JavaRepresentation  - org/jsoup/nodes/Element.java:225: error: incompatible types: Elements cannot be converted to Element
			return parent().children();
			                        ^
1 error

19636 [main] INFO clegoues.genprog4java.rep.CachingRepresentation  - StmtAppend(53,113) at variant8 fails to compile

19636 [main] INFO clegoues.genprog4java.fitness.Fitness  - 	 gen: 0 0.0 StmtAppend(53,113) (stored at: variant8)
19720 [main] ERROR clegoues.genprog4java.rep.JavaRepresentation  - org/jsoup/nodes/Element.java:785: error: cannot find symbol
			Validate.notNull(html);
			                 ^
  symbol:   variable html
  location: class Element
1 error

19721 [main] INFO clegoues.genprog4java.rep.CachingRepresentation  - StmtAppend(281,78) at variant9 fails to compile

19721 [main] INFO clegoues.genprog4java.fitness.Fitness  - 	 gen: 0 0.0 StmtAppend(281,78) (stored at: variant9)
19805 [main] ERROR clegoues.genprog4java.rep.JavaRepresentation  - org/jsoup/nodes/Element.java:774: error: cannot find symbol
        text = TextNode.normaliseWhitespace(text);
        ^
  symbol:   variable text
  location: class Element
org/jsoup/nodes/Element.java:774: error: cannot find symbol
        text = TextNode.normaliseWhitespace(text);
                                            ^
  symbol:   variable text
  location: class Element
2 errors

19805 [main] INFO clegoues.genprog4java.rep.CachingRepresentation  - StmtReplace(277,187) at variant10 fails to compile

19806 [main] INFO clegoues.genprog4java.fitness.Fitness  - 	 gen: 0 0.0 StmtReplace(277,187) (stored at: variant10)
19888 [main] ERROR clegoues.genprog4java.rep.JavaRepresentation  - org/jsoup/nodes/Element.java:596: error: cannot find symbol
				text = TextNode.stripLeadingWhitespace(text);
				^
  symbol:   variable text
  location: class Element
org/jsoup/nodes/Element.java:596: error: cannot find symbol
				text = TextNode.stripLeadingWhitespace(text);
				                                       ^
  symbol:   variable text
  location: class Element
2 errors

19888 [main] INFO clegoues.genprog4java.rep.CachingRepresentation  - StmtAppend(181,189) at variant11 fails to compile

19888 [main] INFO clegoues.genprog4java.fitness.Fitness  - 	 gen: 0 0.0 StmtAppend(181,189) (stored at: variant11)
19954 [main] ERROR clegoues.genprog4java.rep.JavaRepresentation  - org/jsoup/parser/Parser.java:216: error: cannot find symbol
        TextNode textNode = TextNode.createFromEncoded(text, baseUri);
                                                       ^
  symbol:   variable text
  location: class Parser
1 error

19954 [main] INFO clegoues.genprog4java.rep.CachingRepresentation  - StmtReplace(446,345) at variant12 fails to compile

19954 [main] INFO clegoues.genprog4java.fitness.Fitness  - 	 gen: 0 0.0 StmtReplace(446,345) (stored at: variant12)
20021 [main] ERROR clegoues.genprog4java.rep.JavaRepresentation  - org/jsoup/parser/Parser.java:274: error: missing return statement
    }
    ^
1 error

20021 [main] INFO clegoues.genprog4java.rep.CachingRepresentation  - StmtDelete(492) at variant13 fails to compile

20021 [main] INFO clegoues.genprog4java.fitness.Fitness  - 	 gen: 0 0.0 StmtDelete(492) (stored at: variant13)
20089 [main] ERROR clegoues.genprog4java.rep.JavaRepresentation  - org/jsoup/parser/Parser.java:121: error: cannot find symbol
        if (tagName.length() != 0) {
            ^
  symbol:   variable tagName
  location: class Parser
org/jsoup/parser/Parser.java:122: error: cannot find symbol
            Tag tag = Tag.valueOf(tagName);
                                  ^
  symbol:   variable tagName
  location: class Parser
2 errors

20090 [main] INFO clegoues.genprog4java.rep.CachingRepresentation  - StmtAppend(373,426) at variant14 fails to compile

20090 [main] INFO clegoues.genprog4java.fitness.Fitness  - 	 gen: 0 0.0 StmtAppend(373,426) (stored at: variant14)
20853 [main] INFO clegoues.genprog4java.fitness.Fitness  - 	 gen: 0 0.0 StmtDelete(430) (stored at: variant15)
20919 [main] ERROR clegoues.genprog4java.rep.JavaRepresentation  - org/jsoup/nodes/Element.java:401: error: cannot find symbol
		Validate.notEmpty(html);
		                  ^
  symbol:   variable html
  location: class Element
org/jsoup/nodes/Element.java:402: error: cannot find symbol
		Element wrapBody = Parser.parseBodyFragment(html, baseUri).body();
		                                            ^
  symbol:   variable html
  location: class Element
org/jsoup/nodes/Element.java:417: error: incompatible types: Element cannot be converted to Integer
		return this;
		       ^
3 errors

20919 [main] INFO clegoues.genprog4java.rep.CachingRepresentation  - StmtReplace(133,90) at variant16 fails to compile

20919 [main] INFO clegoues.genprog4java.fitness.Fitness  - 	 gen: 0 0.0 StmtReplace(133,90) (stored at: variant16)
21726 [main] INFO clegoues.genprog4java.fitness.Fitness  - 	 gen: 0 1.0 StmtDelete(689) (stored at: variant17)
22514 [main] INFO clegoues.genprog4java.fitness.Fitness  - 	 gen: 0 0.0 StmtAppend(439,429) (stored at: variant18)
23181 [main] INFO clegoues.genprog4java.fitness.Fitness  - 	 gen: 0 0.0 StmtReplace(487,342) (stored at: variant19)
23959 [main] INFO clegoues.genprog4java.fitness.Fitness  - 	 gen: 0 1.0 StmtDelete(217) (stored at: variant20)
24664 [main] INFO clegoues.genprog4java.fitness.Fitness  - 	 gen: 0 1.0 StmtReplace(576,526) (stored at: variant21)
24677 [main] ERROR clegoues.genprog4java.rep.JavaRepresentation  - org/jsoup/nodes/Element.java:231: error: ';' expected
    public Element prependElement(String tagName) empty = true;
                                                 ^
1 error

24677 [main] INFO clegoues.genprog4java.rep.CachingRepresentation  - StmtReplace(57,716) at variant22 fails to compile

24677 [main] INFO clegoues.genprog4java.fitness.Fitness  - 	 gen: 0 0.0 StmtReplace(57,716) (stored at: variant22)
25369 [main] INFO clegoues.genprog4java.fitness.Fitness  - 	 gen: 0 0.0 StmtDelete(578) (stored at: variant23)
26186 [main] INFO clegoues.genprog4java.fitness.Fitness  - 	 gen: 0 1.0 StmtAppend(602,659) (stored at: variant24)
26873 [main] INFO clegoues.genprog4java.fitness.Fitness  - 	 gen: 0 1.0 StmtDelete(617) (stored at: variant25)
26925 [main] ERROR clegoues.genprog4java.rep.JavaRepresentation  - org/jsoup/nodes/Element.java:632: error: cannot find symbol
					return canContainBlock;
					       ^
  symbol:   variable canContainBlock
  location: class Element
1 error

26925 [main] INFO clegoues.genprog4java.rep.CachingRepresentation  - StmtAppend(209,560) at variant26 fails to compile

26925 [main] INFO clegoues.genprog4java.fitness.Fitness  - 	 gen: 0 0.0 StmtAppend(209,560) (stored at: variant26)
27618 [main] INFO clegoues.genprog4java.fitness.Fitness  - 	 gen: 0 1.0 StmtDelete(413) (stored at: variant27)
28306 [main] INFO clegoues.genprog4java.fitness.Fitness  - 	 gen: 0 1.0 StmtDelete(396) (stored at: variant28)
28348 [main] ERROR clegoues.genprog4java.rep.JavaRepresentation  - org/jsoup/parser/Tag.java:247: error: non-static variable tagName cannot be referenced from a static context
			Tag tag = tags.get(tagName);
			                   ^
org/jsoup/parser/Tag.java:249: error: non-static variable tagName cannot be referenced from a static context
				tag = new Tag(tagName);
				              ^
org/jsoup/parser/Tag.java:254: error: return outside method
			return tag;
			^
3 errors

28348 [main] INFO clegoues.genprog4java.rep.CachingRepresentation  - StmtReplace(638,527) at variant29 fails to compile

28348 [main] INFO clegoues.genprog4java.fitness.Fitness  - 	 gen: 0 0.0 StmtReplace(638,527) (stored at: variant29)
29043 [main] INFO clegoues.genprog4java.fitness.Fitness  - 	 gen: 0 1.0 StmtDelete(709) (stored at: variant30)
29688 [main] INFO clegoues.genprog4java.fitness.Fitness  - 	 gen: 0 1.0 StmtDelete(683) (stored at: variant31)
30299 [main] INFO clegoues.genprog4java.fitness.Fitness  - 	 gen: 0 0.0 StmtReplace(699,627) (stored at: variant32)
31519 [main] INFO clegoues.genprog4java.fitness.Fitness  - 	 gen: 0 0.0 StmtReplace(375,385) (stored at: variant33)
32229 [main] INFO clegoues.genprog4java.fitness.Fitness  - 	 gen: 0 1.0 StmtAppend(430,357) (stored at: variant34)
32261 [main] ERROR clegoues.genprog4java.rep.JavaRepresentation  - org/jsoup/parser/Parser.java:259: error: cannot find symbol
            if (parent2.isValidParent(childTag)) {
                ^
  symbol:   variable parent2
  location: class Parser
1 error

32261 [main] INFO clegoues.genprog4java.rep.CachingRepresentation  - StmtDelete(481) at variant35 fails to compile

32261 [main] INFO clegoues.genprog4java.fitness.Fitness  - 	 gen: 0 0.0 StmtDelete(481) (stored at: variant35)
32922 [main] INFO clegoues.genprog4java.fitness.Fitness  - 	 gen: 0 1.0 StmtDelete(67) (stored at: variant36)
33616 [main] INFO clegoues.genprog4java.fitness.Fitness  - 	 gen: 0 1.0 StmtDelete(510) (stored at: variant37)
34227 [main] INFO clegoues.genprog4java.fitness.Fitness  - 	 gen: 0 1.0 StmtDelete(548) (stored at: variant38)
34266 [main] ERROR clegoues.genprog4java.rep.JavaRepresentation  - org/jsoup/nodes/Element.java:190: error: missing return statement
	}
	^
1 error

34266 [main] INFO clegoues.genprog4java.rep.CachingRepresentation  - StmtDelete(43) at variant39 fails to compile

34266 [main] INFO clegoues.genprog4java.fitness.Fitness  - 	 gen: 0 0.0 StmtDelete(43) (stored at: variant39)
34266 [main] INFO clegoues.genprog4java.Search.Search  - search: generation1
35120 [main] ERROR clegoues.genprog4java.rep.JavaRepresentation  - org/jsoup/parser/Tag.java:135: error: unreachable statement
		createBlock("H5").setContainInlineOnly();
		^
org/jsoup/parser/Tag.java:136: error: missing return statement
	}
	^
2 errors

35120 [main] INFO clegoues.genprog4java.rep.CachingRepresentation  - StmtDelete(617) StmtAppend(564,654) at variant40 fails to compile

35120 [main] INFO clegoues.genprog4java.fitness.Fitness  - 	 gen: 1 0.0 StmtDelete(617) StmtAppend(564,654) (stored at: variant40)
35768 [main] INFO clegoues.genprog4java.fitness.Fitness  - 	 gen: 1 0.0 StmtReplace(730,633) StmtAppend(346,337) (stored at: variant41)
35808 [main] ERROR clegoues.genprog4java.rep.JavaRepresentation  - org/jsoup/parser/Parser.java:289: error: incompatible types: Parser cannot be converted to Element
					return this;
					       ^
1 error

35808 [main] INFO clegoues.genprog4java.rep.CachingRepresentation  - StmtReplace(576,526) StmtAppend(507,68) at variant42 fails to compile

35808 [main] INFO clegoues.genprog4java.fitness.Fitness  - 	 gen: 1 0.0 StmtReplace(576,526) StmtAppend(507,68) (stored at: variant42)
35850 [main] ERROR clegoues.genprog4java.rep.JavaRepresentation  - org/jsoup/parser/Parser.java:198: error: cannot find symbol
        if (key.length() != 0)
            ^
  symbol:   variable key
  location: class Parser
org/jsoup/parser/Parser.java:199: error: cannot find symbol
            return Attribute.createFromEncoded(key, value);
                                               ^
  symbol:   variable key
  location: class Parser
2 errors

35850 [main] INFO clegoues.genprog4java.rep.CachingRepresentation  - StmtReplace(674,638) StmtReplace(421,372) at variant43 fails to compile

35850 [main] INFO clegoues.genprog4java.fitness.Fitness  - 	 gen: 1 0.0 StmtReplace(674,638) StmtReplace(421,372) (stored at: variant43)
36503 [main] INFO clegoues.genprog4java.fitness.Fitness  - 	 gen: 1 0.0 StmtReplace(730,633) StmtAppend(319,346) (stored at: variant44)
37171 [main] INFO clegoues.genprog4java.fitness.Fitness  - 	 gen: 1 0.0 StmtReplace(576,526) StmtAppend(425,348) (stored at: variant45)
37203 [main] ERROR clegoues.genprog4java.rep.JavaRepresentation  - org/jsoup/parser/Parser.java:229: error: cannot find symbol
        if (!validAncestor) {
             ^
  symbol:   variable validAncestor
  location: class Parser
1 error

37203 [main] INFO clegoues.genprog4java.rep.CachingRepresentation  - StmtAppend(602,659) StmtAppend(457,352) at variant46 fails to compile

37203 [main] INFO clegoues.genprog4java.fitness.Fitness  - 	 gen: 1 0.0 StmtAppend(602,659) StmtAppend(457,352) (stored at: variant46)
37856 [main] INFO clegoues.genprog4java.fitness.Fitness  - 	 gen: 1 1.0 StmtDelete(683) StmtAppend(429,441) (stored at: variant47)
37901 [main] ERROR clegoues.genprog4java.rep.JavaRepresentation  - org/jsoup/parser/Parser.java:81: error: incompatible types: Parser cannot be converted to Document
					return this;
					       ^
1 error

37901 [main] INFO clegoues.genprog4java.rep.CachingRepresentation  - StmtReplace(674,638) StmtAppend(344,204) at variant48 fails to compile

37901 [main] INFO clegoues.genprog4java.fitness.Fitness  - 	 gen: 1 0.0 StmtReplace(674,638) StmtAppend(344,204) (stored at: variant48)
38566 [main] INFO clegoues.genprog4java.fitness.Fitness  - 	 gen: 1 1.0 StmtAppend(430,357) StmtReplace(685,672) (stored at: variant49)
38601 [main] ERROR clegoues.genprog4java.rep.JavaRepresentation  - org/jsoup/parser/Tag.java:18: error: return outside method
			return canContainBlock;
			^
1 error

38602 [main] INFO clegoues.genprog4java.rep.CachingRepresentation  - StmtDelete(709) StmtReplace(518,560) at variant50 fails to compile

38602 [main] INFO clegoues.genprog4java.fitness.Fitness  - 	 gen: 1 0.0 StmtDelete(709) StmtReplace(518,560) (stored at: variant50)
38898 [main] INFO clegoues.genprog4java.fitness.Fitness  - 	 gen: 1 1.0 StmtDelete(363) StmtReplace(58,58) (stored at: variant51)
39547 [main] INFO clegoues.genprog4java.fitness.Fitness  - 	 gen: 1 0.0 StmtReplace(730,633) StmtDelete(105) (stored at: variant52)
40164 [main] INFO clegoues.genprog4java.fitness.Fitness  - 	 gen: 1 0.0 StmtDelete(699) (stored at: variant53)
40863 [main] INFO clegoues.genprog4java.fitness.Fitness  - 	 gen: 1 1.0 StmtDelete(709) StmtDelete(645) (stored at: variant54)
41465 [main] INFO clegoues.genprog4java.fitness.Fitness  - 	 gen: 1 0.0 StmtReplace(730,633) StmtAppend(248,243) (stored at: variant55)
42118 [main] INFO clegoues.genprog4java.fitness.Fitness  - 	 gen: 1 1.0 StmtDelete(709) StmtDelete(610) (stored at: variant56)
42156 [main] ERROR clegoues.genprog4java.rep.JavaRepresentation  - org/jsoup/nodes/Element.java:711: error: incompatible types: boolean cannot be converted to Element
			return true;
			       ^
1 error

42156 [main] INFO clegoues.genprog4java.rep.CachingRepresentation  - StmtAppend(602,659) StmtReplace(250,483) at variant57 fails to compile

42156 [main] INFO clegoues.genprog4java.fitness.Fitness  - 	 gen: 1 0.0 StmtAppend(602,659) StmtReplace(250,483) (stored at: variant57)
42865 [main] INFO clegoues.genprog4java.fitness.Fitness  - 	 gen: 1 0.0 StmtDelete(510) StmtReplace(546,549) (stored at: variant58)
43855 [main] INFO clegoues.genprog4java.fitness.Fitness  - 	 gen: 1 1.0 StmtDelete(67) StmtDelete(63) (stored at: variant59)
43899 [main] ERROR clegoues.genprog4java.rep.JavaRepresentation  - org/jsoup/nodes/Element.java:348: error: cannot find symbol
		return tagName;
		       ^
  symbol:   variable tagName
  location: class Element
1 error

43899 [main] INFO clegoues.genprog4java.rep.CachingRepresentation  - StmtDelete(217) StmtReplace(113,521) at variant60 fails to compile

43899 [main] INFO clegoues.genprog4java.fitness.Fitness  - 	 gen: 1 0.0 StmtDelete(217) StmtReplace(113,521) (stored at: variant60)
44528 [main] INFO clegoues.genprog4java.fitness.Fitness  - 	 gen: 1 1.0 StmtDelete(217) StmtAppend(364,491) (stored at: variant61)
44565 [main] ERROR clegoues.genprog4java.rep.JavaRepresentation  - org/jsoup/nodes/Element.java:233: error: cannot find symbol
        if (this.tagName.equals("dd") && child.tagName.equals("dt"))
                ^
  symbol: variable tagName
org/jsoup/nodes/Element.java:233: error: cannot find symbol
        if (this.tagName.equals("dd") && child.tagName.equals("dt"))
                                              ^
  symbol:   variable tagName
  location: variable child of type Element
org/jsoup/nodes/Element.java:234: error: incompatible types: boolean cannot be converted to Element
			return false;
			       ^
3 errors

44565 [main] INFO clegoues.genprog4java.rep.CachingRepresentation  - StmtDelete(683) StmtReplace(59,555) at variant62 fails to compile

44565 [main] INFO clegoues.genprog4java.fitness.Fitness  - 	 gen: 1 0.0 StmtDelete(683) StmtReplace(59,555) (stored at: variant62)
44615 [main] ERROR clegoues.genprog4java.rep.JavaRepresentation  - org/jsoup/nodes/Element.java:725: error: cannot find symbol
        Validate.notNull(html);
                         ^
  symbol:   variable html
  location: class Element
1 error

44615 [main] INFO clegoues.genprog4java.rep.CachingRepresentation  - StmtReplace(674,638) StmtReplace(256,318) at variant63 fails to compile

44615 [main] INFO clegoues.genprog4java.fitness.Fitness  - 	 gen: 1 0.0 StmtReplace(674,638) StmtReplace(256,318) (stored at: variant63)
44664 [main] ERROR clegoues.genprog4java.rep.JavaRepresentation  - org/jsoup/parser/Tag.java:178: error: cannot find symbol
        if (canContainBlock != tag.canContainBlock) return false;
                               ^
  symbol:   variable tag
  location: class Tag
org/jsoup/parser/Tag.java:179: error: cannot find symbol
        if (canContainInline != tag.canContainInline) return false;
                                ^
  symbol:   variable tag
  location: class Tag
org/jsoup/parser/Tag.java:180: error: cannot find symbol
        if (empty != tag.empty) return false;
                     ^
  symbol:   variable tag
  location: class Tag
org/jsoup/parser/Tag.java:181: error: cannot find symbol
        if (isBlock != tag.isBlock) return false;
                       ^
  symbol:   variable tag
  location: class Tag
org/jsoup/parser/Tag.java:182: error: cannot find symbol
        if (optionalClosing != tag.optionalClosing) return false;
                               ^
  symbol:   variable tag
  location: class Tag
org/jsoup/parser/Tag.java:183: error: cannot find symbol
        if (tagName != null ? !tagName.equals(tag.tagName) : tag.tagName != null) return false;
                                              ^
  symbol:   variable tag
  location: class Tag
org/jsoup/parser/Tag.java:183: error: cannot find symbol
        if (tagName != null ? !tagName.equals(tag.tagName) : tag.tagName != null) return false;
                                                             ^
  symbol:   variable tag
  location: class Tag
7 errors

44664 [main] INFO clegoues.genprog4java.rep.CachingRepresentation  - StmtDelete(709) StmtAppend(585,140) at variant64 fails to compile

44664 [main] INFO clegoues.genprog4java.fitness.Fitness  - 	 gen: 1 0.0 StmtDelete(709) StmtAppend(585,140) (stored at: variant64)
332728 [main] INFO clegoues.genprog4java.fitness.Fitness  - 	 gen: 1 0.0 StmtDelete(413) StmtDelete(352) (stored at: variant65)
333361 [main] INFO clegoues.genprog4java.fitness.Fitness  - 	 gen: 1 1.0 StmtDelete(413) StmtDelete(242) (stored at: variant66)
333395 [main] ERROR clegoues.genprog4java.rep.JavaRepresentation  - org/jsoup/nodes/Element.java:380: error: cannot find symbol
				return empty;
				       ^
  symbol:   variable empty
  location: class Element
1 error

333396 [main] INFO clegoues.genprog4java.rep.CachingRepresentation  - StmtDelete(363) StmtAppend(125,566) at variant67 fails to compile

333396 [main] INFO clegoues.genprog4java.fitness.Fitness  - 	 gen: 1 0.0 StmtDelete(363) StmtAppend(125,566) (stored at: variant67)
334133 [main] INFO clegoues.genprog4java.fitness.Fitness  - 	 gen: 1 0.0 StmtDelete(396) StmtDelete(284) (stored at: variant68)
334146 [main] ERROR clegoues.genprog4java.rep.JavaRepresentation  - org/jsoup/nodes/Element.java:301: error: ';' expected
    public Element empty() Validate.notEmpty(className);
                          ^
1 error

334146 [main] INFO clegoues.genprog4java.rep.CachingRepresentation  - StmtDelete(413) StmtReplace(87,150) at variant69 fails to compile

334146 [main] INFO clegoues.genprog4java.fitness.Fitness  - 	 gen: 1 0.0 StmtDelete(413) StmtReplace(87,150) (stored at: variant69)
622200 [main] INFO clegoues.genprog4java.fitness.Fitness  - 	 gen: 1 0.0 StmtDelete(510) StmtDelete(354) (stored at: variant70)
622929 [main] INFO clegoues.genprog4java.fitness.Fitness  - 	 gen: 1 1.0 StmtDelete(617) StmtReplace(583,629) (stored at: variant71)
622971 [main] ERROR clegoues.genprog4java.rep.JavaRepresentation  - org/jsoup/nodes/Element.java:771: error: cannot find symbol
			Validate.notNull(tagName);
			                 ^
  symbol:   variable tagName
  location: class Element
1 error

622972 [main] INFO clegoues.genprog4java.rep.CachingRepresentation  - StmtDelete(67) StmtAppend(274,524) at variant72 fails to compile

622972 [main] INFO clegoues.genprog4java.fitness.Fitness  - 	 gen: 1 0.0 StmtDelete(67) StmtAppend(274,524) (stored at: variant72)
623665 [main] INFO clegoues.genprog4java.fitness.Fitness  - 	 gen: 1 1.0 StmtDelete(651) StmtDelete(546) (stored at: variant73)
623698 [main] ERROR clegoues.genprog4java.rep.JavaRepresentation  - org/jsoup/parser/Parser.java:143: error: cannot find symbol
        Element child = new Element(tag, baseUri, attributes);
                                    ^
  symbol:   variable tag
  location: class Parser
org/jsoup/parser/Parser.java:145: error: cannot find symbol
        boolean isEmptyElement = tag.isEmpty(); // empty element if empty tag (e.g. img) or self-closed el (<div/>
                                 ^
  symbol:   variable tag
  location: class Parser
org/jsoup/parser/Parser.java:154: error: cannot find symbol
        if (tag.isData()) {
            ^
  symbol:   variable tag
  location: class Parser
org/jsoup/parser/Parser.java:157: error: cannot find symbol
            popStackToClose(tag);
                            ^
  symbol:   variable tag
  location: class Parser
org/jsoup/parser/Parser.java:160: error: cannot find symbol
            if (tag.equals(titleTag) || tag.equals(textareaTag)) // want to show as text, but not contain inside tags (so not a data tag?)
                ^
  symbol:   variable tag
  location: class Parser
org/jsoup/parser/Parser.java:160: error: cannot find symbol
            if (tag.equals(titleTag) || tag.equals(textareaTag)) // want to show as text, but not contain inside tags (so not a data tag?)
                                        ^
  symbol:   variable tag
  location: class Parser
6 errors

623699 [main] INFO clegoues.genprog4java.rep.CachingRepresentation  - StmtDelete(617) StmtDelete(393) at variant74 fails to compile

623699 [main] INFO clegoues.genprog4java.fitness.Fitness  - 	 gen: 1 0.0 StmtDelete(617) StmtDelete(393) (stored at: variant74)
623742 [main] ERROR clegoues.genprog4java.rep.JavaRepresentation  - org/jsoup/nodes/Element.java:630: error: cannot find symbol
            } else if (this.tagName.equals("dt") && child.tagName.equals("dd"))
                           ^
  symbol: variable tagName
org/jsoup/nodes/Element.java:630: error: cannot find symbol
            } else if (this.tagName.equals("dt") && child.tagName.equals("dd"))
                                                         ^
  symbol:   variable tagName
  location: variable child of type Node
2 errors

623742 [main] INFO clegoues.genprog4java.rep.CachingRepresentation  - StmtDelete(67) StmtReplace(213,553) at variant75 fails to compile

623742 [main] INFO clegoues.genprog4java.fitness.Fitness  - 	 gen: 1 0.0 StmtDelete(67) StmtReplace(213,553) (stored at: variant75)
623804 [main] ERROR clegoues.genprog4java.rep.JavaRepresentation  - org/jsoup/nodes/Element.java:379: error: cannot find symbol
			if (child instanceof TextNode) {
			    ^
  symbol:   variable child
  location: class Element
org/jsoup/nodes/Element.java:380: error: cannot find symbol
				TextNode textNode = (TextNode) child;
				                               ^
  symbol:   variable child
  location: class Element
org/jsoup/nodes/Element.java:382: error: incompatible types: boolean cannot be converted to Element
					return true;
					       ^
org/jsoup/nodes/Element.java:383: error: cannot find symbol
			} else if (child instanceof Element) {
			           ^
  symbol:   variable child
  location: class Element
org/jsoup/nodes/Element.java:384: error: cannot find symbol
				Element el = (Element) child;
				                       ^
  symbol:   variable child
  location: class Element
org/jsoup/nodes/Element.java:386: error: incompatible types: boolean cannot be converted to Element
					return true;
					       ^
6 errors

623804 [main] INFO clegoues.genprog4java.rep.CachingRepresentation  - StmtDelete(548) StmtReplace(127,208) at variant76 fails to compile

623804 [main] INFO clegoues.genprog4java.fitness.Fitness  - 	 gen: 1 0.0 StmtDelete(548) StmtReplace(127,208) (stored at: variant76)
623841 [main] ERROR clegoues.genprog4java.rep.JavaRepresentation  - org/jsoup/parser/Parser.java:189: error: incompatible types: Parser cannot be converted to Attribute
                    return this;
                           ^
1 error

623841 [main] INFO clegoues.genprog4java.rep.CachingRepresentation  - StmtDelete(396) StmtReplace(437,266) at variant77 fails to compile

623841 [main] INFO clegoues.genprog4java.fitness.Fitness  - 	 gen: 1 0.0 StmtDelete(396) StmtReplace(437,266) (stored at: variant77)
623888 [main] ERROR clegoues.genprog4java.rep.JavaRepresentation  - org/jsoup/parser/Tag.java:166: error: missing return statement
    }
    ^
1 error

623889 [main] INFO clegoues.genprog4java.rep.CachingRepresentation  - StmtReplace(579,635) at variant78 fails to compile

623889 [main] INFO clegoues.genprog4java.fitness.Fitness  - 	 gen: 1 0.0 StmtReplace(579,635) (stored at: variant78)
624633 [main] INFO clegoues.genprog4java.fitness.Fitness  - 	 gen: 1 0.0 StmtDelete(510) StmtDelete(473) (stored at: variant79)
625299 [main] INFO clegoues.genprog4java.fitness.Fitness  - 	 gen: 1 1.0 StmtDelete(423) (stored at: variant80)
625338 [main] ERROR clegoues.genprog4java.rep.JavaRepresentation  - org/jsoup/nodes/Element.java:380: error: missing return statement
    }
    ^
1 error

625338 [main] INFO clegoues.genprog4java.rep.CachingRepresentation  - StmtDelete(126) at variant81 fails to compile

625338 [main] INFO clegoues.genprog4java.fitness.Fitness  - 	 gen: 1 0.0 StmtDelete(126) (stored at: variant81)
626297 [main] INFO clegoues.genprog4java.fitness.Fitness  - 	 gen: 1 1.0 StmtReplace(405,413) (stored at: variant82)
627088 [main] INFO clegoues.genprog4java.fitness.Fitness  - 	 gen: 1 1.0 StmtDelete(150) (stored at: variant83)
627122 [main] ERROR clegoues.genprog4java.rep.JavaRepresentation  - org/jsoup/parser/Parser.java:232: error: cannot find symbol
                implicit.appendChild(head);
                ^
  symbol:   variable implicit
  location: class Parser
org/jsoup/parser/Parser.java:234: error: cannot find symbol
            implicit.appendChild(child);
            ^
  symbol:   variable implicit
  location: class Parser
org/jsoup/parser/Parser.java:237: error: cannot find symbol
            Element root = addChildToParent(implicit, false);
                                            ^
  symbol:   variable implicit
  location: class Parser
3 errors

627122 [main] INFO clegoues.genprog4java.rep.CachingRepresentation  - StmtDelete(461) at variant84 fails to compile

627122 [main] INFO clegoues.genprog4java.fitness.Fitness  - 	 gen: 1 0.0 StmtDelete(461) (stored at: variant84)
627163 [main] ERROR clegoues.genprog4java.rep.JavaRepresentation  - org/jsoup/parser/Parser.java:216: error: missing return statement
    }
    ^
1 error

627163 [main] INFO clegoues.genprog4java.rep.CachingRepresentation  - StmtReplace(441,338) at variant85 fails to compile

627163 [main] INFO clegoues.genprog4java.fitness.Fitness  - 	 gen: 1 0.0 StmtReplace(441,338) (stored at: variant85)
627202 [main] ERROR clegoues.genprog4java.rep.JavaRepresentation  - org/jsoup/parser/Parser.java:38: error: variable stack might not have been initialized
            stack.add(doc.body());
            ^
org/jsoup/parser/Parser.java:41: error: variable stack might not have been initialized
            stack.add(doc);
            ^
2 errors

627202 [main] INFO clegoues.genprog4java.rep.CachingRepresentation  - StmtDelete(320) at variant86 fails to compile

627202 [main] INFO clegoues.genprog4java.fitness.Fitness  - 	 gen: 1 0.0 StmtDelete(320) (stored at: variant86)
627249 [main] ERROR clegoues.genprog4java.rep.JavaRepresentation  - org/jsoup/parser/Parser.java:222: error: cannot find symbol
        TextNode textNode = new TextNode(rawText, baseUri); // constructor does not escape
                                         ^
  symbol:   variable rawText
  location: class Parser
1 error

627249 [main] INFO clegoues.genprog4java.rep.CachingRepresentation  - StmtReplace(451,364) at variant87 fails to compile

627250 [main] INFO clegoues.genprog4java.fitness.Fitness  - 	 gen: 1 0.0 StmtReplace(451,364) (stored at: variant87)
627292 [main] ERROR clegoues.genprog4java.rep.JavaRepresentation  - org/jsoup/nodes/Element.java:291: error: package child does not exist
            if (child.tagName.equals("base") || child.tagName.equals("script") || child.tagName.equals("noscript")
                     ^
org/jsoup/nodes/Element.java:291: error: package child does not exist
            if (child.tagName.equals("base") || child.tagName.equals("script") || child.tagName.equals("noscript")
                                                     ^
org/jsoup/nodes/Element.java:291: error: package child does not exist
            if (child.tagName.equals("base") || child.tagName.equals("script") || child.tagName.equals("noscript")
                                                                                       ^
org/jsoup/nodes/Element.java:292: error: package child does not exist
					|| child.tagName.equals("link") || child.tagName.equals("meta") || child.tagName.equals("title")
					        ^
org/jsoup/nodes/Element.java:292: error: package child does not exist
					|| child.tagName.equals("link") || child.tagName.equals("meta") || child.tagName.equals("title")
					                                        ^
org/jsoup/nodes/Element.java:292: error: package child does not exist
					|| child.tagName.equals("link") || child.tagName.equals("meta") || child.tagName.equals("title")
					                                                                        ^
org/jsoup/nodes/Element.java:293: error: package child does not exist
					|| child.tagName.equals("style") || child.tagName.equals("object")) {
					        ^
org/jsoup/nodes/Element.java:293: error: package child does not exist
					|| child.tagName.equals("style") || child.tagName.equals("object")) {
					                                         ^
org/jsoup/nodes/Element.java:294: error: incompatible types: boolean cannot be converted to Element
				return true;
				       ^
9 errors

627292 [main] INFO clegoues.genprog4java.rep.CachingRepresentation  - StmtReplace(84,549) at variant88 fails to compile

627293 [main] INFO clegoues.genprog4java.fitness.Fitness  - 	 gen: 1 0.0 StmtReplace(84,549) (stored at: variant88)
627982 [main] INFO clegoues.genprog4java.fitness.Fitness  - 	 gen: 1 1.0 StmtDelete(550) (stored at: variant89)
628253 [main] INFO clegoues.genprog4java.fitness.Fitness  - 	 gen: 1 1.0 StmtDelete(150) (stored at: variant90)
628281 [main] ERROR clegoues.genprog4java.rep.JavaRepresentation  - org/jsoup/parser/Parser.java:196: error: incompatible types: boolean cannot be converted to Attribute
            return true;
                   ^
1 error

628281 [main] INFO clegoues.genprog4java.rep.CachingRepresentation  - StmtReplace(439,484) at variant91 fails to compile

628281 [main] INFO clegoues.genprog4java.fitness.Fitness  - 	 gen: 1 0.0 StmtReplace(439,484) (stored at: variant91)
628925 [main] INFO clegoues.genprog4java.fitness.Fitness  - 	 gen: 1 1.0 StmtAppend(363,354) (stored at: variant92)
629718 [main] INFO clegoues.genprog4java.fitness.Fitness  - 	 gen: 1 1.0 StmtDelete(432) (stored at: variant93)
629718 [main] INFO clegoues.genprog4java.Search.Search  - search: generation2
630927 [main] ERROR clegoues.genprog4java.rep.JavaRepresentation  - org/jsoup/parser/Tag.java:90: error: unreachable statement
				createBlock("BLOCKQUOTE");
				^
1 error

630928 [main] INFO clegoues.genprog4java.rep.CachingRepresentation  - StmtDelete(423) StmtAppend(550,660) at variant94 fails to compile

630928 [main] INFO clegoues.genprog4java.fitness.Fitness  - 	 gen: 2 0.0 StmtDelete(423) StmtAppend(550,660) (stored at: variant94)
630961 [main] ERROR clegoues.genprog4java.rep.JavaRepresentation  - org/jsoup/nodes/Element.java:624: error: cannot find symbol
        if (parent != null && !parent.tagName().equals("#root")) {
            ^
  symbol:   variable parent
  location: class Element
org/jsoup/nodes/Element.java:624: error: cannot find symbol
        if (parent != null && !parent.tagName().equals("#root")) {
                               ^
  symbol:   variable parent
  location: class Element
org/jsoup/nodes/Element.java:625: error: cannot find symbol
			parents.add(parent);
			            ^
  symbol:   variable parent
  location: class Element
org/jsoup/nodes/Element.java:625: error: cannot find symbol
			parents.add(parent);
			^
  symbol:   variable parents
  location: class Element
org/jsoup/nodes/Element.java:626: error: cannot find symbol
			accumulateParents(parent, parents);
			                  ^
  symbol:   variable parent
  location: class Element
org/jsoup/nodes/Element.java:626: error: cannot find symbol
			accumulateParents(parent, parents);
			                          ^
  symbol:   variable parents
  location: class Element
6 errors

630962 [main] INFO clegoues.genprog4java.rep.CachingRepresentation  - StmtDelete(617) StmtReplace(583,629) StmtReplace(206,28) at variant95 fails to compile

630962 [main] INFO clegoues.genprog4java.fitness.Fitness  - 	 gen: 2 0.0 StmtDelete(617) StmtReplace(583,629) StmtReplace(206,28) (stored at: variant95)
630997 [main] ERROR clegoues.genprog4java.rep.JavaRepresentation  - org/jsoup/parser/Tag.java:372: error: incompatible types: boolean cannot be converted to Tag
            {for (String name:tagNames){ancestors.add(Tag.valueOf(name));}return false;}
                                                                                 ^
1 error

630997 [main] INFO clegoues.genprog4java.rep.CachingRepresentation  - StmtDelete(67) StmtDelete(63) StmtAppend(730,485) at variant96 fails to compile

630997 [main] INFO clegoues.genprog4java.fitness.Fitness  - 	 gen: 2 0.0 StmtDelete(67) StmtDelete(63) StmtAppend(730,485) (stored at: variant96)
631029 [main] ERROR clegoues.genprog4java.rep.JavaRepresentation  - org/jsoup/nodes/Element.java:271: error: cannot find symbol
        {for (Node node:fragment.childNodes()){node.parentNode=null;appendChild(node);}{this.tagName=tagName.toLowerCase();}}
                                                                                            ^
  symbol: variable tagName
org/jsoup/nodes/Element.java:271: error: cannot find symbol
        {for (Node node:fragment.childNodes()){node.parentNode=null;appendChild(node);}{this.tagName=tagName.toLowerCase();}}
                                                                                                     ^
  symbol:   variable tagName
  location: class Element
2 errors

631029 [main] INFO clegoues.genprog4java.rep.CachingRepresentation  - StmtDelete(617) StmtReplace(583,629) StmtAppend(72,519) at variant97 fails to compile

631029 [main] INFO clegoues.genprog4java.fitness.Fitness  - 	 gen: 2 0.0 StmtDelete(617) StmtReplace(583,629) StmtAppend(72,519) (stored at: variant97)
631070 [main] ERROR clegoues.genprog4java.rep.JavaRepresentation  - org/jsoup/parser/Parser.java:237: error: cannot find symbol
            Element implicit = new Element(parentTag, baseUri);
                                           ^
  symbol:   variable parentTag
  location: class Parser
1 error

631070 [main] INFO clegoues.genprog4java.rep.CachingRepresentation  - StmtAppend(430,357) StmtReplace(685,672) StmtReplace(460,349) at variant98 fails to compile

631070 [main] INFO clegoues.genprog4java.fitness.Fitness  - 	 gen: 2 0.0 StmtAppend(430,357) StmtReplace(685,672) StmtReplace(460,349) (stored at: variant98)
631986 [main] INFO clegoues.genprog4java.fitness.Fitness  - 	 gen: 2 1.0 StmtDelete(150) StmtAppend(67,319) (stored at: variant99)
632641 [main] INFO clegoues.genprog4java.fitness.Fitness  - 	 gen: 2 1.0 StmtDelete(150) StmtAppend(511,345) (stored at: variant100)
633321 [main] INFO clegoues.genprog4java.fitness.Fitness  - 	 gen: 2 1.0 StmtDelete(150) StmtAppend(91,23) (stored at: variant101)
633919 [main] INFO clegoues.genprog4java.fitness.Fitness  - 	 gen: 2 1.0 StmtDelete(413) StmtDelete(242) StmtDelete(477) (stored at: variant102)
634573 [main] INFO clegoues.genprog4java.fitness.Fitness  - 	 gen: 2 1.0 StmtDelete(363) StmtReplace(58,58) StmtReplace(625,632) (stored at: variant103)
635220 [main] INFO clegoues.genprog4java.fitness.Fitness  - 	 gen: 2 1.0 StmtDelete(67) StmtDelete(63) StmtReplace(541,519) (stored at: variant104)
635813 [main] INFO clegoues.genprog4java.fitness.Fitness  - 	 gen: 2 1.0 StmtDelete(651) StmtDelete(546) StmtAppend(491,420) (stored at: variant105)
635843 [main] ERROR clegoues.genprog4java.rep.JavaRepresentation  - org/jsoup/parser/Tag.java:247: error: return outside method
				return canContainBlock;
				^
1 error

635843 [main] INFO clegoues.genprog4java.rep.CachingRepresentation  - StmtAppend(430,357) StmtReplace(685,672) StmtAppend(636,560) at variant106 fails to compile

635843 [main] INFO clegoues.genprog4java.fitness.Fitness  - 	 gen: 2 0.0 StmtAppend(430,357) StmtReplace(685,672) StmtAppend(636,560) (stored at: variant106)
636517 [main] INFO clegoues.genprog4java.fitness.Fitness  - 	 gen: 2 1.0 StmtDelete(709) StmtDelete(610) StmtDelete(596) (stored at: variant107)
637150 [main] INFO clegoues.genprog4java.fitness.Fitness  - 	 gen: 2 1.0 StmtDelete(651) StmtDelete(546) StmtDelete(592) (stored at: variant108)
637210 [main] ERROR clegoues.genprog4java.rep.JavaRepresentation  - org/jsoup/nodes/Element.java:152: error: cannot find symbol
    public Elements children() {{List<Element> elements=new ArrayList<Element>();for (Node node:childNodes){if (node instanceof Element)elements.add((Element)node);}return new Elements(elements);}{return tagName;}}
                                                                                                                                                                                                            ^
  symbol:   variable tagName
  location: class Element
1 error

637210 [main] INFO clegoues.genprog4java.rep.CachingRepresentation  - StmtReplace(405,413) StmtAppend(34,521) at variant109 fails to compile

637210 [main] INFO clegoues.genprog4java.fitness.Fitness  - 	 gen: 2 0.0 StmtReplace(405,413) StmtAppend(34,521) (stored at: variant109)
637236 [main] ERROR clegoues.genprog4java.rep.JavaRepresentation  - org/jsoup/parser/Parser.java:291: error: incompatible types: Parser cannot be converted to Element
            return this;
                   ^
1 error

637236 [main] INFO clegoues.genprog4java.rep.CachingRepresentation  - StmtDelete(150) StmtReplace(510,204) at variant110 fails to compile

637236 [main] INFO clegoues.genprog4java.fitness.Fitness  - 	 gen: 2 0.0 StmtDelete(150) StmtReplace(510,204) (stored at: variant110)
637273 [main] ERROR clegoues.genprog4java.rep.JavaRepresentation  - org/jsoup/nodes/Element.java:441: error: cannot find symbol
        if (elements.size() > 0)
            ^
  symbol:   variable elements
  location: class Element
org/jsoup/nodes/Element.java:442: error: cannot find symbol
            return elements.get(0);
                   ^
  symbol:   variable elements
  location: class Element
2 errors

637273 [main] INFO clegoues.genprog4java.rep.CachingRepresentation  - StmtDelete(617) StmtReplace(583,629) StmtDelete(145) at variant111 fails to compile

637273 [main] INFO clegoues.genprog4java.fitness.Fitness  - 	 gen: 2 0.0 StmtDelete(617) StmtReplace(583,629) StmtDelete(145) (stored at: variant111)
637934 [main] INFO clegoues.genprog4java.fitness.Fitness  - 	 gen: 2 0.0 StmtAppend(363,354) StmtReplace(497,372) (stored at: variant112)
638560 [main] INFO clegoues.genprog4java.fitness.Fitness  - 	 gen: 2 1.0 StmtDelete(432) StmtAppend(72,2) (stored at: variant113)
639161 [main] INFO clegoues.genprog4java.fitness.Fitness  - 	 gen: 2 0.0 StmtDelete(709) StmtDelete(610) StmtReplace(412,341) (stored at: variant114)
639818 [main] INFO clegoues.genprog4java.fitness.Fitness  - 	 gen: 2 0.0 StmtReplace(405,413) StmtReplace(470,351) (stored at: variant115)
640458 [main] INFO clegoues.genprog4java.fitness.Fitness  - 	 gen: 2 1.0 StmtDelete(617) StmtReplace(583,629) StmtReplace(509,439) (stored at: variant116)
641344 [main] INFO clegoues.genprog4java.fitness.Fitness  - 	 gen: 2 1.0 StmtDelete(709) StmtDelete(645) StmtDelete(665) (stored at: variant117)
641373 [main] ERROR clegoues.genprog4java.rep.JavaRepresentation  - org/jsoup/parser/Parser.java:227: error: cannot find symbol
        if (!validAncestor) {
             ^
  symbol:   variable validAncestor
  location: class Parser
1 error

641373 [main] INFO clegoues.genprog4java.rep.CachingRepresentation  - StmtDelete(709) StmtDelete(610) StmtAppend(457,398) at variant118 fails to compile

641373 [main] INFO clegoues.genprog4java.fitness.Fitness  - 	 gen: 2 0.0 StmtDelete(709) StmtDelete(610) StmtAppend(457,398) (stored at: variant118)
641401 [main] ERROR clegoues.genprog4java.rep.JavaRepresentation  - org/jsoup/parser/Parser.java:291: error: cannot find symbol
                elToClose = el;
                ^
  symbol:   variable elToClose
  location: class Parser
org/jsoup/parser/Parser.java:295: error: cannot find symbol
        if (elToClose != null) {
            ^
  symbol:   variable elToClose
  location: class Parser
org/jsoup/parser/Parser.java:300: error: cannot find symbol
        return elToClose;
               ^
  symbol:   variable elToClose
  location: class Parser
3 errors

641401 [main] INFO clegoues.genprog4java.rep.CachingRepresentation  - StmtDelete(150) StmtAppend(495,346) at variant119 fails to compile

641401 [main] INFO clegoues.genprog4java.fitness.Fitness  - 	 gen: 2 0.0 StmtDelete(150) StmtAppend(495,346) (stored at: variant119)
642047 [main] INFO clegoues.genprog4java.fitness.Fitness  - 	 gen: 2 1.0 StmtDelete(617) StmtReplace(583,629) StmtAppend(357,383) (stored at: variant120)
642077 [main] ERROR clegoues.genprog4java.rep.JavaRepresentation  - org/jsoup/nodes/Element.java:365: error: missing return statement
    }
    ^
1 error

642077 [main] INFO clegoues.genprog4java.rep.CachingRepresentation  - StmtDelete(217) StmtAppend(364,491) StmtDelete(119) at variant121 fails to compile

642078 [main] INFO clegoues.genprog4java.fitness.Fitness  - 	 gen: 2 0.0 StmtDelete(217) StmtAppend(364,491) StmtDelete(119) (stored at: variant121)
642106 [main] ERROR clegoues.genprog4java.rep.JavaRepresentation  - org/jsoup/nodes/Element.java:616: error: cannot find symbol
			canContainBlock = false;
			^
  symbol:   variable canContainBlock
  location: class Element
1 error

642106 [main] INFO clegoues.genprog4java.rep.CachingRepresentation  - StmtDelete(550) StmtAppend(203,714) at variant122 fails to compile

642106 [main] INFO clegoues.genprog4java.fitness.Fitness  - 	 gen: 2 0.0 StmtDelete(550) StmtAppend(203,714) (stored at: variant122)
642148 [main] ERROR clegoues.genprog4java.rep.JavaRepresentation  - org/jsoup/parser/Parser.java:273: error: missing return statement
	}
	^
1 error

642148 [main] INFO clegoues.genprog4java.rep.CachingRepresentation  - StmtReplace(576,526) StmtAppend(425,348) StmtDelete(486) at variant123 fails to compile

642148 [main] INFO clegoues.genprog4java.fitness.Fitness  - 	 gen: 2 0.0 StmtReplace(576,526) StmtAppend(425,348) StmtDelete(486) (stored at: variant123)
642180 [main] ERROR clegoues.genprog4java.rep.JavaRepresentation  - org/jsoup/nodes/Element.java:338: error: cannot find symbol
			return !isBlock;
			        ^
  symbol:   variable isBlock
  location: class Element
1 error

642180 [main] INFO clegoues.genprog4java.rep.CachingRepresentation  - StmtAppend(363,354) StmtReplace(111,562) at variant124 fails to compile

642180 [main] INFO clegoues.genprog4java.fitness.Fitness  - 	 gen: 2 0.0 StmtAppend(363,354) StmtReplace(111,562) (stored at: variant124)
642883 [main] INFO clegoues.genprog4java.fitness.Fitness  - 	 gen: 2 1.0 StmtDelete(683) StmtAppend(429,441) StmtAppend(543,668) (stored at: variant125)
643607 [main] INFO clegoues.genprog4java.fitness.Fitness  - 	 gen: 2 0.0 StmtAppend(430,357) StmtReplace(685,672) StmtDelete(243) (stored at: variant126)
931697 [main] INFO clegoues.genprog4java.fitness.Fitness  - 	 gen: 2 0.0 StmtDelete(413) StmtDelete(352) StmtReplace(578,656) (stored at: variant127)
932326 [main] INFO clegoues.genprog4java.fitness.Fitness  - 	 gen: 2 1.0 StmtDelete(550) StmtAppend(577,518) (stored at: variant128)
932910 [main] INFO clegoues.genprog4java.fitness.Fitness  - 	 gen: 2 1.0 StmtDelete(651) StmtDelete(546) StmtAppend(326,354) (stored at: variant129)
933568 [main] INFO clegoues.genprog4java.fitness.Fitness  - 	 gen: 2 0.0 StmtAppend(430,357) StmtReplace(685,672) StmtReplace(370,420) (stored at: variant130)
933597 [main] ERROR clegoues.genprog4java.rep.JavaRepresentation  - org/jsoup/nodes/Element.java:331: error: cannot find symbol
		childNodes.add(0, child);
		                  ^
  symbol:   variable child
  location: class Element
1 error

933598 [main] INFO clegoues.genprog4java.rep.CachingRepresentation  - StmtDelete(709) StmtDelete(645) StmtAppend(90,51) at variant131 fails to compile

933598 [main] INFO clegoues.genprog4java.fitness.Fitness  - 	 gen: 2 0.0 StmtDelete(709) StmtDelete(645) StmtAppend(90,51) (stored at: variant131)
933629 [main] ERROR clegoues.genprog4java.rep.JavaRepresentation  - org/jsoup/parser/Tag.java:188: error: cannot find symbol
        result = 31 * result + (isBlock ? 1 : 0);
        ^
  symbol:   variable result
  location: class Tag
org/jsoup/parser/Tag.java:188: error: cannot find symbol
        result = 31 * result + (isBlock ? 1 : 0);
                      ^
  symbol:   variable result
  location: class Tag
org/jsoup/parser/Tag.java:189: error: cannot find symbol
        result = 31 * result + (canContainBlock ? 1 : 0);
        ^
  symbol:   variable result
  location: class Tag
org/jsoup/parser/Tag.java:189: error: cannot find symbol
        result = 31 * result + (canContainBlock ? 1 : 0);
                      ^
  symbol:   variable result
  location: class Tag
org/jsoup/parser/Tag.java:190: error: cannot find symbol
        result = 31 * result + (canContainInline ? 1 : 0);
        ^
  symbol:   variable result
  location: class Tag
org/jsoup/parser/Tag.java:190: error: cannot find symbol
        result = 31 * result + (canContainInline ? 1 : 0);
                      ^
  symbol:   variable result
  location: class Tag
org/jsoup/parser/Tag.java:191: error: cannot find symbol
        result = 31 * result + (optionalClosing ? 1 : 0);
        ^
  symbol:   variable result
  location: class Tag
org/jsoup/parser/Tag.java:191: error: cannot find symbol
        result = 31 * result + (optionalClosing ? 1 : 0);
                      ^
  symbol:   variable result
  location: class Tag
org/jsoup/parser/Tag.java:192: error: cannot find symbol
        result = 31 * result + (empty ? 1 : 0);
        ^
  symbol:   variable result
  location: class Tag
org/jsoup/parser/Tag.java:192: error: cannot find symbol
        result = 31 * result + (empty ? 1 : 0);
                      ^
  symbol:   variable result
  location: class Tag
org/jsoup/parser/Tag.java:193: error: cannot find symbol
        return result;
               ^
  symbol:   variable result
  location: class Tag
11 errors

933629 [main] INFO clegoues.genprog4java.rep.CachingRepresentation  - StmtDelete(217) StmtAppend(364,491) StmtReplace(600,621) at variant132 fails to compile

933629 [main] INFO clegoues.genprog4java.fitness.Fitness  - 	 gen: 2 0.0 StmtDelete(217) StmtAppend(364,491) StmtReplace(600,621) (stored at: variant132)
934263 [main] INFO clegoues.genprog4java.fitness.Fitness  - 	 gen: 2 0.0 StmtDelete(709) StmtDelete(610) StmtReplace(465,515) (stored at: variant133)
934871 [main] INFO clegoues.genprog4java.fitness.Fitness  - 	 gen: 2 1.0 StmtDelete(140) (stored at: variant134)
934895 [main] ERROR clegoues.genprog4java.rep.JavaRepresentation  - org/jsoup/parser/Parser.java:221: error: incompatible types: boolean cannot be converted to Element
			return true;
			       ^
org/jsoup/parser/Parser.java:244: error: cannot find symbol
        parent.appendChild(child);
        ^
  symbol:   variable parent
  location: class Parser
org/jsoup/parser/Parser.java:248: error: cannot find symbol
        return parent;
               ^
  symbol:   variable parent
  location: class Parser
3 errors

934895 [main] INFO clegoues.genprog4java.rep.CachingRepresentation  - StmtDelete(709) StmtReplace(455,550) at variant135 fails to compile

934895 [main] INFO clegoues.genprog4java.fitness.Fitness  - 	 gen: 2 0.0 StmtDelete(709) StmtReplace(455,550) (stored at: variant135)
935512 [main] INFO clegoues.genprog4java.fitness.Fitness  - 	 gen: 2 1.0 StmtReplace(207,44) (stored at: variant136)
936102 [main] INFO clegoues.genprog4java.fitness.Fitness  - 	 gen: 2 1.0 StmtReplace(583,629) StmtReplace(574,618) (stored at: variant137)
936128 [main] ERROR clegoues.genprog4java.rep.JavaRepresentation  - org/jsoup/nodes/Element.java:285: error: missing return statement
	}
	^
1 error

936128 [main] INFO clegoues.genprog4java.rep.CachingRepresentation  - StmtReplace(583,629) StmtDelete(77) at variant138 fails to compile

936128 [main] INFO clegoues.genprog4java.fitness.Fitness  - 	 gen: 2 0.0 StmtReplace(583,629) StmtDelete(77) (stored at: variant138)
936162 [main] ERROR clegoues.genprog4java.rep.JavaRepresentation  - org/jsoup/nodes/Element.java:377: error: cannot find symbol
        Element child = new Element(Tag.valueOf(tagName), baseUri());
                                                ^
  symbol:   variable tagName
  location: class Element
org/jsoup/nodes/Element.java:378: error: cannot find symbol
        Validate.notNull(index);
                         ^
  symbol:   variable index
  location: class Element
org/jsoup/nodes/Element.java:379: error: cannot find symbol
        if (index > 0)
            ^
  symbol:   variable index
  location: class Element
org/jsoup/nodes/Element.java:380: error: cannot find symbol
            return siblings.get(index-1);
                                ^
  symbol:   variable index
  location: class Element
4 errors

936163 [main] INFO clegoues.genprog4java.rep.CachingRepresentation  - StmtDelete(63) StmtReplace(124,58) at variant139 fails to compile

936163 [main] INFO clegoues.genprog4java.fitness.Fitness  - 	 gen: 2 0.0 StmtDelete(63) StmtReplace(124,58) (stored at: variant139)
937070 [main] INFO clegoues.genprog4java.fitness.Fitness  - 	 gen: 2 0.0 StmtAppend(719,680) (stored at: variant140)
937094 [main] ERROR clegoues.genprog4java.rep.JavaRepresentation  - org/jsoup/parser/Parser.java:177: error: missing return statement
	}
	^
1 error

937094 [main] INFO clegoues.genprog4java.rep.CachingRepresentation  - StmtDelete(709) StmtReplace(583,629) StmtDelete(419) at variant141 fails to compile

937094 [main] INFO clegoues.genprog4java.fitness.Fitness  - 	 gen: 2 0.0 StmtDelete(709) StmtReplace(583,629) StmtDelete(419) (stored at: variant141)
937682 [main] INFO clegoues.genprog4java.fitness.Fitness  - 	 gen: 2 1.0 StmtDelete(73) (stored at: variant142)
937910 [main] INFO clegoues.genprog4java.fitness.Fitness  - 	 gen: 2 1.0 StmtDelete(374) (stored at: variant143)
938772 [main] INFO clegoues.genprog4java.fitness.Fitness  - 	 gen: 2 0.0 StmtReplace(583,629) StmtDelete(391) (stored at: variant144)
938801 [main] ERROR clegoues.genprog4java.rep.JavaRepresentation  - org/jsoup/nodes/Element.java:747: error: cannot find symbol
				return !isBlock;
				        ^
  symbol:   variable isBlock
  location: class Element
1 error

938801 [main] INFO clegoues.genprog4java.rep.CachingRepresentation  - StmtAppend(265,562) at variant145 fails to compile

938801 [main] INFO clegoues.genprog4java.fitness.Fitness  - 	 gen: 2 0.0 StmtAppend(265,562) (stored at: variant145)
939386 [main] INFO clegoues.genprog4java.fitness.Fitness  - 	 gen: 2 1.0 StmtDelete(664) (stored at: variant146)
939415 [main] ERROR clegoues.genprog4java.rep.JavaRepresentation  - org/jsoup/nodes/Element.java:331: error: cannot find symbol
		Element child = new Element(Tag.valueOf(tagName), baseUri());
		                                        ^
  symbol:   variable tagName
  location: class Element
1 error

939416 [main] INFO clegoues.genprog4java.rep.CachingRepresentation  - StmtDelete(217) StmtAppend(90,54) at variant147 fails to compile

939416 [main] INFO clegoues.genprog4java.fitness.Fitness  - 	 gen: 2 0.0 StmtDelete(217) StmtAppend(90,54) (stored at: variant147)
940063 [main] INFO clegoues.genprog4java.fitness.Fitness  - 	 gen: 2 0.0 StmtAppend(425,348) StmtAppend(265,242) (stored at: variant148)
940091 [main] ERROR clegoues.genprog4java.rep.JavaRepresentation  - org/jsoup/nodes/Element.java:365: error: missing return statement
    }
    ^
1 error

940091 [main] INFO clegoues.genprog4java.rep.CachingRepresentation  - StmtReplace(58,58) StmtDelete(119) at variant149 fails to compile

940091 [main] INFO clegoues.genprog4java.fitness.Fitness  - 	 gen: 2 0.0 StmtReplace(58,58) StmtDelete(119) (stored at: variant149)
940723 [main] INFO clegoues.genprog4java.fitness.Fitness  - 	 gen: 2 0.0 StmtAppend(400,340) (stored at: variant150)
941543 [main] INFO clegoues.genprog4java.fitness.Fitness  - 	 gen: 2 0.0 StmtDelete(683) StmtDelete(546) StmtDelete(181) (stored at: variant151)
1133757 [main] INFO clegoues.genprog4java.fitness.Fitness  - 	 gen: 2 1.0 StmtAppend(430,357) StmtReplace(685,672) StmtDelete(349) (stored at: variant152)
1134356 [main] INFO clegoues.genprog4java.fitness.Fitness  - 	 gen: 2 1.0 StmtDelete(384) (stored at: variant153)
1134380 [main] ERROR clegoues.genprog4java.rep.JavaRepresentation  - org/jsoup/parser/Parser.java:224: error: cannot find symbol
        if (!validAncestor) {
             ^
  symbol:   variable validAncestor
  location: class Parser
1 error

1134380 [main] INFO clegoues.genprog4java.rep.CachingRepresentation  - StmtDelete(651) StmtReplace(457,347) at variant154 fails to compile

1134380 [main] INFO clegoues.genprog4java.fitness.Fitness  - 	 gen: 2 0.0 StmtDelete(651) StmtReplace(457,347) (stored at: variant154)
1134975 [main] INFO clegoues.genprog4java.fitness.Fitness  - 	 gen: 2 1.0 StmtAppend(425,433) (stored at: variant155)
1135574 [main] INFO clegoues.genprog4java.fitness.Fitness  - 	 gen: 2 1.0 StmtDelete(622) (stored at: variant156)
1136184 [main] INFO clegoues.genprog4java.fitness.Fitness  - 	 gen: 2 1.0 StmtAppend(430,357) StmtDelete(45) (stored at: variant157)
1136818 [main] INFO clegoues.genprog4java.fitness.Fitness  - 	 gen: 2 0.0 StmtDelete(645) StmtReplace(37,236) (stored at: variant158)
1137429 [main] INFO clegoues.genprog4java.fitness.Fitness  - 	 gen: 2 1.0 StmtReplace(583,629) StmtDelete(575) (stored at: variant159)
1138042 [main] INFO clegoues.genprog4java.fitness.Fitness  - 	 gen: 2 1.0 StmtAppend(364,491) StmtReplace(657,609) (stored at: variant160)
1138640 [main] INFO clegoues.genprog4java.fitness.Fitness  - 	 gen: 2 1.0 StmtReplace(392,352) (stored at: variant161)
1138668 [main] ERROR clegoues.genprog4java.rep.JavaRepresentation  - org/jsoup/nodes/Element.java:710: error: cannot find symbol
        classes.add(className);
        ^
  symbol:   variable classes
  location: class Element
org/jsoup/nodes/Element.java:711: error: cannot find symbol
        classNames(classes);
                   ^
  symbol:   variable classes
  location: class Element
2 errors

1138668 [main] INFO clegoues.genprog4java.rep.CachingRepresentation  - StmtAppend(249,201) at variant162 fails to compile

1138668 [main] INFO clegoues.genprog4java.fitness.Fitness  - 	 gen: 2 0.0 StmtAppend(249,201) (stored at: variant162)
1138697 [main] ERROR clegoues.genprog4java.rep.JavaRepresentation  - org/jsoup/parser/Tag.java:172: error: incompatible types: String cannot be converted to boolean
			return tagName;
			       ^
1 error

1138697 [main] INFO clegoues.genprog4java.rep.CachingRepresentation  - StmtDelete(709) StmtReplace(583,607) at variant163 fails to compile

1138697 [main] INFO clegoues.genprog4java.fitness.Fitness  - 	 gen: 2 0.0 StmtDelete(709) StmtReplace(583,607) (stored at: variant163)
1138697 [main] INFO clegoues.genprog4java.Search.Search  - search: generation3
1138726 [main] ERROR clegoues.genprog4java.rep.JavaRepresentation  - org/jsoup/nodes/Element.java:624: error: cannot find symbol
        if (parent != null && !parent.tagName().equals("#root")) {
            ^
  symbol:   variable parent
  location: class Element
org/jsoup/nodes/Element.java:624: error: cannot find symbol
        if (parent != null && !parent.tagName().equals("#root")) {
                               ^
  symbol:   variable parent
  location: class Element
org/jsoup/nodes/Element.java:625: error: cannot find symbol
			parents.add(parent);
			            ^
  symbol:   variable parent
  location: class Element
org/jsoup/nodes/Element.java:625: error: cannot find symbol
			parents.add(parent);
			^
  symbol:   variable parents
  location: class Element
org/jsoup/nodes/Element.java:626: error: cannot find symbol
			accumulateParents(parent, parents);
			                  ^
  symbol:   variable parent
  location: class Element
org/jsoup/nodes/Element.java:626: error: cannot find symbol
			accumulateParents(parent, parents);
			                          ^
  symbol:   variable parents
  location: class Element
6 errors

1138754 [main] ERROR clegoues.genprog4java.rep.JavaRepresentation  - org/jsoup/nodes/Element.java:624: error: cannot find symbol
        if (parent != null && !parent.tagName().equals("#root")) {
            ^
  symbol:   variable parent
  location: class Element
org/jsoup/nodes/Element.java:624: error: cannot find symbol
        if (parent != null && !parent.tagName().equals("#root")) {
                               ^
  symbol:   variable parent
  location: class Element
org/jsoup/nodes/Element.java:625: error: cannot find symbol
			parents.add(parent);
			            ^
  symbol:   variable parent
  location: class Element
org/jsoup/nodes/Element.java:625: error: cannot find symbol
			parents.add(parent);
			^
  symbol:   variable parents
  location: class Element
org/jsoup/nodes/Element.java:626: error: cannot find symbol
			accumulateParents(parent, parents);
			                  ^
  symbol:   variable parent
  location: class Element
org/jsoup/nodes/Element.java:626: error: cannot find symbol
			accumulateParents(parent, parents);
			                          ^
  symbol:   variable parents
  location: class Element
6 errors

1138783 [main] ERROR clegoues.genprog4java.rep.JavaRepresentation  - org/jsoup/nodes/Element.java:624: error: cannot find symbol
        if (parent != null && !parent.tagName().equals("#root")) {
            ^
  symbol:   variable parent
  location: class Element
org/jsoup/nodes/Element.java:624: error: cannot find symbol
        if (parent != null && !parent.tagName().equals("#root")) {
                               ^
  symbol:   variable parent
  location: class Element
org/jsoup/nodes/Element.java:625: error: cannot find symbol
			parents.add(parent);
			            ^
  symbol:   variable parent
  location: class Element
org/jsoup/nodes/Element.java:625: error: cannot find symbol
			parents.add(parent);
			^
  symbol:   variable parents
  location: class Element
org/jsoup/nodes/Element.java:626: error: cannot find symbol
			accumulateParents(parent, parents);
			                  ^
  symbol:   variable parent
  location: class Element
org/jsoup/nodes/Element.java:626: error: cannot find symbol
			accumulateParents(parent, parents);
			                          ^
  symbol:   variable parents
  location: class Element
6 errors

1138811 [main] ERROR clegoues.genprog4java.rep.JavaRepresentation  - org/jsoup/nodes/Element.java:624: error: cannot find symbol
        if (parent != null && !parent.tagName().equals("#root")) {
            ^
  symbol:   variable parent
  location: class Element
org/jsoup/nodes/Element.java:624: error: cannot find symbol
        if (parent != null && !parent.tagName().equals("#root")) {
                               ^
  symbol:   variable parent
  location: class Element
org/jsoup/nodes/Element.java:625: error: cannot find symbol
			parents.add(parent);
			            ^
  symbol:   variable parent
  location: class Element
org/jsoup/nodes/Element.java:625: error: cannot find symbol
			parents.add(parent);
			^
  symbol:   variable parents
  location: class Element
org/jsoup/nodes/Element.java:626: error: cannot find symbol
			accumulateParents(parent, parents);
			                  ^
  symbol:   variable parent
  location: class Element
org/jsoup/nodes/Element.java:626: error: cannot find symbol
			accumulateParents(parent, parents);
			                          ^
  symbol:   variable parents
  location: class Element
6 errors

1138841 [main] ERROR clegoues.genprog4java.rep.JavaRepresentation  - org/jsoup/nodes/Element.java:624: error: cannot find symbol
        if (parent != null && !parent.tagName().equals("#root")) {
            ^
  symbol:   variable parent
  location: class Element
org/jsoup/nodes/Element.java:624: error: cannot find symbol
        if (parent != null && !parent.tagName().equals("#root")) {
                               ^
  symbol:   variable parent
  location: class Element
org/jsoup/nodes/Element.java:625: error: cannot find symbol
			parents.add(parent);
			            ^
  symbol:   variable parent
  location: class Element
org/jsoup/nodes/Element.java:625: error: cannot find symbol
			parents.add(parent);
			^
  symbol:   variable parents
  location: class Element
org/jsoup/nodes/Element.java:626: error: cannot find symbol
			accumulateParents(parent, parents);
			                  ^
  symbol:   variable parent
  location: class Element
org/jsoup/nodes/Element.java:626: error: cannot find symbol
			accumulateParents(parent, parents);
			                          ^
  symbol:   variable parents
  location: class Element
6 errors

1138880 [main] ERROR clegoues.genprog4java.rep.JavaRepresentation  - org/jsoup/nodes/Element.java:624: error: cannot find symbol
        if (parent != null && !parent.tagName().equals("#root")) {
            ^
  symbol:   variable parent
  location: class Element
org/jsoup/nodes/Element.java:624: error: cannot find symbol
        if (parent != null && !parent.tagName().equals("#root")) {
                               ^
  symbol:   variable parent
  location: class Element
org/jsoup/nodes/Element.java:625: error: cannot find symbol
			parents.add(parent);
			            ^
  symbol:   variable parent
  location: class Element
org/jsoup/nodes/Element.java:625: error: cannot find symbol
			parents.add(parent);
			^
  symbol:   variable parents
  location: class Element
org/jsoup/nodes/Element.java:626: error: cannot find symbol
			accumulateParents(parent, parents);
			                  ^
  symbol:   variable parent
  location: class Element
org/jsoup/nodes/Element.java:626: error: cannot find symbol
			accumulateParents(parent, parents);
			                          ^
  symbol:   variable parents
  location: class Element
6 errors

1138919 [main] ERROR clegoues.genprog4java.rep.JavaRepresentation  - org/jsoup/nodes/Element.java:624: error: cannot find symbol
        if (parent != null && !parent.tagName().equals("#root")) {
            ^
  symbol:   variable parent
  location: class Element
org/jsoup/nodes/Element.java:624: error: cannot find symbol
        if (parent != null && !parent.tagName().equals("#root")) {
                               ^
  symbol:   variable parent
  location: class Element
org/jsoup/nodes/Element.java:625: error: cannot find symbol
			parents.add(parent);
			            ^
  symbol:   variable parent
  location: class Element
org/jsoup/nodes/Element.java:625: error: cannot find symbol
			parents.add(parent);
			^
  symbol:   variable parents
  location: class Element
org/jsoup/nodes/Element.java:626: error: cannot find symbol
			accumulateParents(parent, parents);
			                  ^
  symbol:   variable parent
  location: class Element
org/jsoup/nodes/Element.java:626: error: cannot find symbol
			accumulateParents(parent, parents);
			                          ^
  symbol:   variable parents
  location: class Element
6 errors

1138960 [main] ERROR clegoues.genprog4java.rep.JavaRepresentation  - org/jsoup/nodes/Element.java:624: error: cannot find symbol
        if (parent != null && !parent.tagName().equals("#root")) {
            ^
  symbol:   variable parent
  location: class Element
org/jsoup/nodes/Element.java:624: error: cannot find symbol
        if (parent != null && !parent.tagName().equals("#root")) {
                               ^
  symbol:   variable parent
  location: class Element
org/jsoup/nodes/Element.java:625: error: cannot find symbol
			parents.add(parent);
			            ^
  symbol:   variable parent
  location: class Element
org/jsoup/nodes/Element.java:625: error: cannot find symbol
			parents.add(parent);
			^
  symbol:   variable parents
  location: class Element
org/jsoup/nodes/Element.java:626: error: cannot find symbol
			accumulateParents(parent, parents);
			                  ^
  symbol:   variable parent
  location: class Element
org/jsoup/nodes/Element.java:626: error: cannot find symbol
			accumulateParents(parent, parents);
			                          ^
  symbol:   variable parents
  location: class Element
6 errors

1138998 [main] ERROR clegoues.genprog4java.rep.JavaRepresentation  - org/jsoup/nodes/Element.java:624: error: cannot find symbol
        if (parent != null && !parent.tagName().equals("#root")) {
            ^
  symbol:   variable parent
  location: class Element
org/jsoup/nodes/Element.java:624: error: cannot find symbol
        if (parent != null && !parent.tagName().equals("#root")) {
                               ^
  symbol:   variable parent
  location: class Element
org/jsoup/nodes/Element.java:625: error: cannot find symbol
			parents.add(parent);
			            ^
  symbol:   variable parent
  location: class Element
org/jsoup/nodes/Element.java:625: error: cannot find symbol
			parents.add(parent);
			^
  symbol:   variable parents
  location: class Element
org/jsoup/nodes/Element.java:626: error: cannot find symbol
			accumulateParents(parent, parents);
			                  ^
  symbol:   variable parent
  location: class Element
org/jsoup/nodes/Element.java:626: error: cannot find symbol
			accumulateParents(parent, parents);
			                          ^
  symbol:   variable parents
  location: class Element
6 errors

1139037 [main] ERROR clegoues.genprog4java.rep.JavaRepresentation  - org/jsoup/nodes/Element.java:624: error: cannot find symbol
        if (parent != null && !parent.tagName().equals("#root")) {
            ^
  symbol:   variable parent
  location: class Element
org/jsoup/nodes/Element.java:624: error: cannot find symbol
        if (parent != null && !parent.tagName().equals("#root")) {
                               ^
  symbol:   variable parent
  location: class Element
org/jsoup/nodes/Element.java:625: error: cannot find symbol
			parents.add(parent);
			            ^
  symbol:   variable parent
  location: class Element
org/jsoup/nodes/Element.java:625: error: cannot find symbol
			parents.add(parent);
			^
  symbol:   variable parents
  location: class Element
org/jsoup/nodes/Element.java:626: error: cannot find symbol
			accumulateParents(parent, parents);
			                  ^
  symbol:   variable parent
  location: class Element
org/jsoup/nodes/Element.java:626: error: cannot find symbol
			accumulateParents(parent, parents);
			                          ^
  symbol:   variable parents
  location: class Element
6 errors

1139076 [main] ERROR clegoues.genprog4java.rep.JavaRepresentation  - org/jsoup/nodes/Element.java:624: error: cannot find symbol
        if (parent != null && !parent.tagName().equals("#root")) {
            ^
  symbol:   variable parent
  location: class Element
org/jsoup/nodes/Element.java:624: error: cannot find symbol
        if (parent != null && !parent.tagName().equals("#root")) {
                               ^
  symbol:   variable parent
  location: class Element
org/jsoup/nodes/Element.java:625: error: cannot find symbol
			parents.add(parent);
			            ^
  symbol:   variable parent
  location: class Element
org/jsoup/nodes/Element.java:625: error: cannot find symbol
			parents.add(parent);
			^
  symbol:   variable parents
  location: class Element
org/jsoup/nodes/Element.java:626: error: cannot find symbol
			accumulateParents(parent, parents);
			                  ^
  symbol:   variable parent
  location: class Element
org/jsoup/nodes/Element.java:626: error: cannot find symbol
			accumulateParents(parent, parents);
			                          ^
  symbol:   variable parents
  location: class Element
6 errors

1139106 [main] ERROR clegoues.genprog4java.rep.JavaRepresentation  - org/jsoup/nodes/Element.java:624: error: cannot find symbol
        if (parent != null && !parent.tagName().equals("#root")) {
            ^
  symbol:   variable parent
  location: class Element
org/jsoup/nodes/Element.java:624: error: cannot find symbol
        if (parent != null && !parent.tagName().equals("#root")) {
                               ^
  symbol:   variable parent
  location: class Element
org/jsoup/nodes/Element.java:625: error: cannot find symbol
			parents.add(parent);
			            ^
  symbol:   variable parent
  location: class Element
org/jsoup/nodes/Element.java:625: error: cannot find symbol
			parents.add(parent);
			^
  symbol:   variable parents
  location: class Element
org/jsoup/nodes/Element.java:626: error: cannot find symbol
			accumulateParents(parent, parents);
			                  ^
  symbol:   variable parent
  location: class Element
org/jsoup/nodes/Element.java:626: error: cannot find symbol
			accumulateParents(parent, parents);
			                          ^
  symbol:   variable parents
  location: class Element
6 errors

1139136 [main] ERROR clegoues.genprog4java.rep.JavaRepresentation  - org/jsoup/nodes/Element.java:624: error: cannot find symbol
        if (parent != null && !parent.tagName().equals("#root")) {
            ^
  symbol:   variable parent
  location: class Element
org/jsoup/nodes/Element.java:624: error: cannot find symbol
        if (parent != null && !parent.tagName().equals("#root")) {
                               ^
  symbol:   variable parent
  location: class Element
org/jsoup/nodes/Element.java:625: error: cannot find symbol
			parents.add(parent);
			            ^
  symbol:   variable parent
  location: class Element
org/jsoup/nodes/Element.java:625: error: cannot find symbol
			parents.add(parent);
			^
  symbol:   variable parents
  location: class Element
org/jsoup/nodes/Element.java:626: error: cannot find symbol
			accumulateParents(parent, parents);
			                  ^
  symbol:   variable parent
  location: class Element
org/jsoup/nodes/Element.java:626: error: cannot find symbol
			accumulateParents(parent, parents);
			                          ^
  symbol:   variable parents
  location: class Element
6 errors

1139166 [main] ERROR clegoues.genprog4java.rep.JavaRepresentation  - org/jsoup/nodes/Element.java:624: error: cannot find symbol
        if (parent != null && !parent.tagName().equals("#root")) {
            ^
  symbol:   variable parent
  location: class Element
org/jsoup/nodes/Element.java:624: error: cannot find symbol
        if (parent != null && !parent.tagName().equals("#root")) {
                               ^
  symbol:   variable parent
  location: class Element
org/jsoup/nodes/Element.java:625: error: cannot find symbol
			parents.add(parent);
			            ^
  symbol:   variable parent
  location: class Element
org/jsoup/nodes/Element.java:625: error: cannot find symbol
			parents.add(parent);
			^
  symbol:   variable parents
  location: class Element
org/jsoup/nodes/Element.java:626: error: cannot find symbol
			accumulateParents(parent, parents);
			                  ^
  symbol:   variable parent
  location: class Element
org/jsoup/nodes/Element.java:626: error: cannot find symbol
			accumulateParents(parent, parents);
			                          ^
  symbol:   variable parents
  location: class Element
6 errors

1139196 [main] ERROR clegoues.genprog4java.rep.JavaRepresentation  - org/jsoup/nodes/Element.java:624: error: cannot find symbol
        if (parent != null && !parent.tagName().equals("#root")) {
            ^
  symbol:   variable parent
  location: class Element
org/jsoup/nodes/Element.java:624: error: cannot find symbol
        if (parent != null && !parent.tagName().equals("#root")) {
                               ^
  symbol:   variable parent
  location: class Element
org/jsoup/nodes/Element.java:625: error: cannot find symbol
			parents.add(parent);
			            ^
  symbol:   variable parent
  location: class Element
org/jsoup/nodes/Element.java:625: error: cannot find symbol
			parents.add(parent);
			^
  symbol:   variable parents
  location: class Element
org/jsoup/nodes/Element.java:626: error: cannot find symbol
			accumulateParents(parent, parents);
			                  ^
  symbol:   variable parent
  location: class Element
org/jsoup/nodes/Element.java:626: error: cannot find symbol
			accumulateParents(parent, parents);
			                          ^
  symbol:   variable parents
  location: class Element
6 errors

1139232 [main] ERROR clegoues.genprog4java.rep.JavaRepresentation  - org/jsoup/nodes/Element.java:624: error: cannot find symbol
        if (parent != null && !parent.tagName().equals("#root")) {
            ^
  symbol:   variable parent
  location: class Element
org/jsoup/nodes/Element.java:624: error: cannot find symbol
        if (parent != null && !parent.tagName().equals("#root")) {
                               ^
  symbol:   variable parent
  location: class Element
org/jsoup/nodes/Element.java:625: error: cannot find symbol
			parents.add(parent);
			            ^
  symbol:   variable parent
  location: class Element
org/jsoup/nodes/Element.java:625: error: cannot find symbol
			parents.add(parent);
			^
  symbol:   variable parents
  location: class Element
org/jsoup/nodes/Element.java:626: error: cannot find symbol
			accumulateParents(parent, parents);
			                  ^
  symbol:   variable parent
  location: class Element
org/jsoup/nodes/Element.java:626: error: cannot find symbol
			accumulateParents(parent, parents);
			                          ^
  symbol:   variable parents
  location: class Element
6 errors

1139265 [main] ERROR clegoues.genprog4java.rep.JavaRepresentation  - org/jsoup/nodes/Element.java:624: error: cannot find symbol
        if (parent != null && !parent.tagName().equals("#root")) {
            ^
  symbol:   variable parent
  location: class Element
org/jsoup/nodes/Element.java:624: error: cannot find symbol
        if (parent != null && !parent.tagName().equals("#root")) {
                               ^
  symbol:   variable parent
  location: class Element
org/jsoup/nodes/Element.java:625: error: cannot find symbol
			parents.add(parent);
			            ^
  symbol:   variable parent
  location: class Element
org/jsoup/nodes/Element.java:625: error: cannot find symbol
			parents.add(parent);
			^
  symbol:   variable parents
  location: class Element
org/jsoup/nodes/Element.java:626: error: cannot find symbol
			accumulateParents(parent, parents);
			                  ^
  symbol:   variable parent
  location: class Element
org/jsoup/nodes/Element.java:626: error: cannot find symbol
			accumulateParents(parent, parents);
			                          ^
  symbol:   variable parents
  location: class Element
6 errors

1139293 [main] ERROR clegoues.genprog4java.rep.JavaRepresentation  - org/jsoup/nodes/Element.java:624: error: cannot find symbol
        if (parent != null && !parent.tagName().equals("#root")) {
            ^
  symbol:   variable parent
  location: class Element
org/jsoup/nodes/Element.java:624: error: cannot find symbol
        if (parent != null && !parent.tagName().equals("#root")) {
                               ^
  symbol:   variable parent
  location: class Element
org/jsoup/nodes/Element.java:625: error: cannot find symbol
			parents.add(parent);
			            ^
  symbol:   variable parent
  location: class Element
org/jsoup/nodes/Element.java:625: error: cannot find symbol
			parents.add(parent);
			^
  symbol:   variable parents
  location: class Element
org/jsoup/nodes/Element.java:626: error: cannot find symbol
			accumulateParents(parent, parents);
			                  ^
  symbol:   variable parent
  location: class Element
org/jsoup/nodes/Element.java:626: error: cannot find symbol
			accumulateParents(parent, parents);
			                          ^
  symbol:   variable parents
  location: class Element
6 errors

1139744 [main] ERROR clegoues.genprog4java.rep.JavaRepresentation  - org/jsoup/nodes/Element.java:630: error: cannot find symbol
                empty = true;
                ^
  symbol:   variable empty
  location: class Element
org/jsoup/nodes/Element.java:631: error: cannot find symbol
                if (el.hasText())
                    ^
  symbol:   variable el
  location: class Element
2 errors

1139744 [main] INFO clegoues.genprog4java.rep.CachingRepresentation  - StmtAppend(430,357) StmtReplace(685,672) StmtDelete(349) StmtReplace(215,716) at variant164 fails to compile

1139744 [main] INFO clegoues.genprog4java.fitness.Fitness  - 	 gen: 3 0.0 StmtAppend(430,357) StmtReplace(685,672) StmtDelete(349) StmtReplace(215,716) (stored at: variant164)
1139757 [main] ERROR clegoues.genprog4java.rep.JavaRepresentation  - org/jsoup/nodes/Element.java:63: error: ';' expected
    public String tagName() empty();
                           ^
1 error

1139757 [main] INFO clegoues.genprog4java.rep.CachingRepresentation  - StmtDelete(150) StmtAppend(91,23) StmtReplace(8,201) at variant165 fails to compile

1139757 [main] INFO clegoues.genprog4java.fitness.Fitness  - 	 gen: 3 0.0 StmtDelete(150) StmtAppend(91,23) StmtReplace(8,201) (stored at: variant165)
1140322 [main] INFO clegoues.genprog4java.fitness.Fitness  - 	 gen: 3 0.0 StmtDelete(384) StmtReplace(526,649) (stored at: variant166)
1140350 [main] ERROR clegoues.genprog4java.rep.JavaRepresentation  - org/jsoup/nodes/Element.java:271: error: incompatible types: int cannot be converted to Element
        {for (Node node:fragment.childNodes()){node.parentNode=null;appendChild(node);}if (parent() == null)return 0;}
                                                                                                                   ^
1 error

1140350 [main] INFO clegoues.genprog4java.rep.CachingRepresentation  - StmtDelete(651) StmtDelete(546) StmtAppend(491,420) StmtAppend(72,133) at variant167 fails to compile

1140350 [main] INFO clegoues.genprog4java.fitness.Fitness  - 	 gen: 3 0.0 StmtDelete(651) StmtDelete(546) StmtAppend(491,420) StmtAppend(72,133) (stored at: variant167)
1140926 [main] INFO clegoues.genprog4java.fitness.Fitness  - 	 gen: 3 0.0 StmtDelete(664) StmtAppend(524,669) (stored at: variant168)
1140951 [main] ERROR clegoues.genprog4java.rep.JavaRepresentation  - org/jsoup/parser/Parser.java:122: error: cannot find symbol
        XmlDeclaration decl = new XmlDeclaration(data, baseUri, procInstr);
                                                                ^
  symbol:   variable procInstr
  location: class Parser
1 error

1140951 [main] INFO clegoues.genprog4java.rep.CachingRepresentation  - StmtDelete(617) StmtReplace(583,629) StmtAppend(357,383) StmtAppend(367,445) at variant169 fails to compile

1140951 [main] INFO clegoues.genprog4java.fitness.Fitness  - 	 gen: 3 0.0 StmtDelete(617) StmtReplace(583,629) StmtAppend(357,383) StmtAppend(367,445) (stored at: variant169)
1140976 [main] ERROR clegoues.genprog4java.rep.JavaRepresentation  - org/jsoup/parser/Tag.java:326: error: cannot find symbol
        inline.isBlock = false;
        ^
  symbol:   variable inline
  location: class Tag
org/jsoup/parser/Tag.java:327: error: cannot find symbol
        inline.canContainBlock = false;
        ^
  symbol:   variable inline
  location: class Tag
org/jsoup/parser/Tag.java:328: error: cannot find symbol
        return register(inline);
                        ^
  symbol:   variable inline
  location: class Tag
3 errors

1140976 [main] INFO clegoues.genprog4java.rep.CachingRepresentation  - StmtDelete(622) StmtDelete(694) at variant170 fails to compile

1140976 [main] INFO clegoues.genprog4java.fitness.Fitness  - 	 gen: 3 0.0 StmtDelete(622) StmtDelete(694) (stored at: variant170)
1141004 [main] ERROR clegoues.genprog4java.rep.JavaRepresentation  - org/jsoup/nodes/Element.java:83: error: missing return statement
	}
	^
1 error

1141004 [main] INFO clegoues.genprog4java.rep.CachingRepresentation  - StmtDelete(709) StmtDelete(610) StmtDelete(596) StmtDelete(12) at variant171 fails to compile

1141004 [main] INFO clegoues.genprog4java.fitness.Fitness  - 	 gen: 3 0.0 StmtDelete(709) StmtDelete(610) StmtDelete(596) StmtDelete(12) (stored at: variant171)
1141031 [main] ERROR clegoues.genprog4java.rep.JavaRepresentation  - org/jsoup/parser/Parser.java:263: error: missing return statement
    }
    ^
1 error

1141031 [main] INFO clegoues.genprog4java.rep.CachingRepresentation  - StmtReplace(583,629) StmtDelete(575) StmtReplace(485,384) at variant172 fails to compile

1141031 [main] INFO clegoues.genprog4java.fitness.Fitness  - 	 gen: 3 0.0 StmtReplace(583,629) StmtDelete(575) StmtReplace(485,384) (stored at: variant172)
1141060 [main] ERROR clegoues.genprog4java.rep.JavaRepresentation  - org/jsoup/nodes/Element.java:830: error: cannot find symbol
			Validate.notEmpty(html);
			                  ^
  symbol:   variable html
  location: class Element
1 error

1141060 [main] INFO clegoues.genprog4java.rep.CachingRepresentation  - StmtDelete(622) StmtAppend(303,91) at variant173 fails to compile

1141060 [main] INFO clegoues.genprog4java.fitness.Fitness  - 	 gen: 3 0.0 StmtDelete(622) StmtAppend(303,91) (stored at: variant173)
1141675 [main] INFO clegoues.genprog4java.fitness.Fitness  - 	 gen: 3 1.0 StmtDelete(550) StmtAppend(577,518) StmtDelete(236) (stored at: variant174)
1141706 [main] ERROR clegoues.genprog4java.rep.JavaRepresentation  - org/jsoup/nodes/Element.java:180: error: incompatible types: String cannot be converted to Elements
		return tag.getName();
		                  ^
1 error

1141706 [main] INFO clegoues.genprog4java.rep.CachingRepresentation  - StmtDelete(683) StmtAppend(429,441) StmtAppend(543,668) StmtReplace(41,6) at variant175 fails to compile

1141706 [main] INFO clegoues.genprog4java.fitness.Fitness  - 	 gen: 3 0.0 StmtDelete(683) StmtAppend(429,441) StmtAppend(543,668) StmtReplace(41,6) (stored at: variant175)
1142276 [main] INFO clegoues.genprog4java.fitness.Fitness  - 	 gen: 3 1.0 StmtDelete(651) StmtDelete(546) StmtAppend(491,420) StmtAppend(672,661) (stored at: variant176)
1142304 [main] ERROR clegoues.genprog4java.rep.JavaRepresentation  - org/jsoup/nodes/Element.java:232: error: missing return statement
	}
	^
1 error

1142304 [main] INFO clegoues.genprog4java.rep.CachingRepresentation  - StmtDelete(150) StmtAppend(67,319) StmtDelete(57) at variant177 fails to compile

1142305 [main] INFO clegoues.genprog4java.fitness.Fitness  - 	 gen: 3 0.0 StmtDelete(150) StmtAppend(67,319) StmtDelete(57) (stored at: variant177)
1142886 [main] INFO clegoues.genprog4java.fitness.Fitness  - 	 gen: 3 1.0 StmtDelete(384) StmtReplace(315,23) (stored at: variant178)
1143089 [main] INFO clegoues.genprog4java.fitness.Fitness  - 	 gen: 3 1.0 StmtAppend(425,433) StmtDelete(433) (stored at: variant179)
1143118 [main] ERROR clegoues.genprog4java.rep.JavaRepresentation  - org/jsoup/nodes/Element.java:403: error: missing return statement
    }
    ^
1 error

1143118 [main] INFO clegoues.genprog4java.rep.CachingRepresentation  - StmtDelete(651) StmtDelete(546) StmtAppend(491,420) StmtDelete(135) at variant180 fails to compile

1143118 [main] INFO clegoues.genprog4java.fitness.Fitness  - 	 gen: 3 0.0 StmtDelete(651) StmtDelete(546) StmtAppend(491,420) StmtDelete(135) (stored at: variant180)
1143158 [main] ERROR clegoues.genprog4java.rep.JavaRepresentation  - org/jsoup/nodes/Element.java:285: error: missing return statement
	}
	^
1 error

1143158 [main] INFO clegoues.genprog4java.rep.CachingRepresentation  - StmtAppend(430,357) StmtReplace(685,672) StmtDelete(349) StmtDelete(77) at variant181 fails to compile

1143158 [main] INFO clegoues.genprog4java.fitness.Fitness  - 	 gen: 3 0.0 StmtAppend(430,357) StmtReplace(685,672) StmtDelete(349) StmtDelete(77) (stored at: variant181)
1143772 [main] INFO clegoues.genprog4java.fitness.Fitness  - 	 gen: 3 1.0 StmtDelete(363) StmtReplace(58,58) StmtReplace(625,632) StmtReplace(222,237) (stored at: variant182)
1431843 [main] INFO clegoues.genprog4java.fitness.Fitness  - 	 gen: 3 0.0 StmtDelete(150) StmtAppend(67,319) StmtDelete(351) (stored at: variant183)
1431866 [main] ERROR clegoues.genprog4java.rep.JavaRepresentation  - org/jsoup/nodes/Element.java:422: error: cannot find symbol
			this.tagName = tagName.toLowerCase();
			    ^
  symbol: variable tagName
1 error

1431866 [main] INFO clegoues.genprog4java.rep.CachingRepresentation  - StmtDelete(374) StmtReplace(140,519) at variant184 fails to compile

1431866 [main] INFO clegoues.genprog4java.fitness.Fitness  - 	 gen: 3 0.0 StmtDelete(374) StmtReplace(140,519) (stored at: variant184)
1431874 [main] ERROR clegoues.genprog4java.rep.JavaRepresentation  - org/jsoup/parser/Parser.java:275: error: ';' expected
    private Element popStackToClose(Tag tag) tq.consume();
                                            ^
1 error

1431874 [main] INFO clegoues.genprog4java.rep.CachingRepresentation  - StmtDelete(73) StmtReplace(493,443) at variant185 fails to compile

1431874 [main] INFO clegoues.genprog4java.fitness.Fitness  - 	 gen: 3 0.0 StmtDelete(73) StmtReplace(493,443) (stored at: variant185)
1432442 [main] INFO clegoues.genprog4java.fitness.Fitness  - 	 gen: 3 1.0 StmtDelete(374) StmtAppend(429,426) (stored at: variant186)
1432466 [main] ERROR clegoues.genprog4java.rep.JavaRepresentation  - org/jsoup/parser/Parser.java:203: error: missing return statement
    }
    ^
1 error

1432466 [main] INFO clegoues.genprog4java.rep.CachingRepresentation  - StmtDelete(617) StmtReplace(583,629) StmtReplace(509,439) StmtDelete(441) at variant187 fails to compile

1432467 [main] INFO clegoues.genprog4java.fitness.Fitness  - 	 gen: 3 0.0 StmtDelete(617) StmtReplace(583,629) StmtReplace(509,439) StmtDelete(441) (stored at: variant187)
1433066 [main] INFO clegoues.genprog4java.fitness.Fitness  - 	 gen: 3 1.0 StmtDelete(432) StmtAppend(72,2) StmtReplace(726,613) (stored at: variant188)
1433090 [main] ERROR clegoues.genprog4java.rep.JavaRepresentation  - org/jsoup/parser/Parser.java:259: error: incompatible types: Parser cannot be converted to boolean
                return this;
                       ^
1 error

1433090 [main] INFO clegoues.genprog4java.rep.CachingRepresentation  - StmtReplace(583,629) StmtReplace(574,618) StmtReplace(484,733) at variant189 fails to compile

1433090 [main] INFO clegoues.genprog4java.fitness.Fitness  - 	 gen: 3 0.0 StmtReplace(583,629) StmtReplace(574,618) StmtReplace(484,733) (stored at: variant189)
1433119 [main] ERROR clegoues.genprog4java.rep.JavaRepresentation  - org/jsoup/nodes/Element.java:210: error: incompatible types: String cannot be converted to Element
				return text();
				           ^
org/jsoup/nodes/Element.java:212: error: incompatible types: String cannot be converted to Element
				return attr("value");
				           ^
2 errors

1433120 [main] INFO clegoues.genprog4java.rep.CachingRepresentation  - StmtDelete(150) StmtAppend(511,345) StmtAppend(51,268) at variant190 fails to compile

1433120 [main] INFO clegoues.genprog4java.fitness.Fitness  - 	 gen: 3 0.0 StmtDelete(150) StmtAppend(511,345) StmtAppend(51,268) (stored at: variant190)
1433770 [main] INFO clegoues.genprog4java.fitness.Fitness  - 	 gen: 3 0.0 StmtAppend(430,357) StmtDelete(45) StmtReplace(596,525) (stored at: variant191)
1433793 [main] ERROR clegoues.genprog4java.rep.JavaRepresentation  - org/jsoup/parser/Parser.java:287: error: unreachable statement
				parseComment();
				^
1 error

1433793 [main] INFO clegoues.genprog4java.rep.CachingRepresentation  - StmtDelete(140) StmtAppend(502,341) at variant192 fails to compile

1433793 [main] INFO clegoues.genprog4java.fitness.Fitness  - 	 gen: 3 0.0 StmtDelete(140) StmtAppend(502,341) (stored at: variant192)
1434525 [main] INFO clegoues.genprog4java.fitness.Fitness  - 	 gen: 3 1.0 StmtDelete(622) StmtDelete(100) (stored at: variant193)
1434534 [main] ERROR clegoues.genprog4java.rep.JavaRepresentation  - org/jsoup/parser/Tag.java:322: error: ';' expected
    private static Tag createInline(String tagName) createInline("DD").setAncestor("DL").setOptionalClosing();
                                                   ^
1 error

1434534 [main] INFO clegoues.genprog4java.rep.CachingRepresentation  - StmtDelete(73) StmtReplace(693,679) at variant194 fails to compile

1434534 [main] INFO clegoues.genprog4java.fitness.Fitness  - 	 gen: 3 0.0 StmtDelete(73) StmtReplace(693,679) (stored at: variant194)
1434561 [main] ERROR clegoues.genprog4java.rep.JavaRepresentation  - org/jsoup/nodes/Element.java:368: error: cannot find symbol
			Validate.notEmpty(tagName);
			                  ^
  symbol:   variable tagName
  location: class Element
1 error

1434561 [main] INFO clegoues.genprog4java.rep.CachingRepresentation  - StmtDelete(622) StmtAppend(119,526) at variant195 fails to compile

1434561 [main] INFO clegoues.genprog4java.fitness.Fitness  - 	 gen: 3 0.0 StmtDelete(622) StmtAppend(119,526) (stored at: variant195)
1435153 [main] INFO clegoues.genprog4java.fitness.Fitness  - 	 gen: 3 0.0 StmtDelete(651) StmtDelete(546) StmtAppend(491,420) StmtAppend(424,346) (stored at: variant196)
1435177 [main] ERROR clegoues.genprog4java.rep.JavaRepresentation  - org/jsoup/parser/Parser.java:53: error: non-static variable tq cannot be referenced from a static context
			tq.consumeWhitespace();
			^
org/jsoup/parser/Parser.java:55: error: cannot find symbol
        return parser.parse();
               ^
  symbol:   variable parser
  location: class Parser
2 errors

1435177 [main] INFO clegoues.genprog4java.rep.CachingRepresentation  - StmtReplace(583,629) StmtReplace(574,618) StmtAppend(331,439) at variant197 fails to compile

1435177 [main] INFO clegoues.genprog4java.fitness.Fitness  - 	 gen: 3 0.0 StmtReplace(583,629) StmtReplace(574,618) StmtAppend(331,439) (stored at: variant197)
1435754 [main] INFO clegoues.genprog4java.fitness.Fitness  - 	 gen: 3 0.0 StmtDelete(651) StmtDelete(546) StmtAppend(491,420) StmtDelete(531) (stored at: variant198)
1435783 [main] ERROR clegoues.genprog4java.rep.JavaRepresentation  - org/jsoup/nodes/Element.java:635: error: cannot find symbol
				if (empty != tag.empty)
				    ^
  symbol:   variable empty
  location: class Element
org/jsoup/nodes/Element.java:635: error: empty has private access in Tag
				if (empty != tag.empty)
				                ^
2 errors

1435784 [main] INFO clegoues.genprog4java.rep.CachingRepresentation  - StmtAppend(425,433) StmtAppend(208,590) at variant199 fails to compile

1435784 [main] INFO clegoues.genprog4java.fitness.Fitness  - 	 gen: 3 0.0 StmtAppend(425,433) StmtAppend(208,590) (stored at: variant199)
1436352 [main] INFO clegoues.genprog4java.fitness.Fitness  - 	 gen: 3 1.0 StmtDelete(67) StmtDelete(63) StmtReplace(541,519) StmtDelete(711) (stored at: variant200)
1436375 [main] ERROR clegoues.genprog4java.rep.JavaRepresentation  - org/jsoup/parser/Parser.java:160: error: incompatible types: unexpected return value
					return last();
					           ^
org/jsoup/parser/Parser.java:165: error: cannot find symbol
                dataNode = TextNode.createFromEncoded(data, baseUri);
                ^
  symbol:   variable dataNode
  location: class Parser
org/jsoup/parser/Parser.java:167: error: cannot find symbol
                dataNode = new DataNode(data, baseUri); // data not encoded but raw (for " in script)
                ^
  symbol:   variable dataNode
  location: class Parser
org/jsoup/parser/Parser.java:168: error: cannot find symbol
            child.appendChild(dataNode);   
                              ^
  symbol:   variable dataNode
  location: class Parser
4 errors

1436376 [main] INFO clegoues.genprog4java.rep.CachingRepresentation  - StmtDelete(622) StmtReplace(407,487) at variant201 fails to compile

1436376 [main] INFO clegoues.genprog4java.fitness.Fitness  - 	 gen: 3 0.0 StmtDelete(622) StmtReplace(407,487) (stored at: variant201)
1436404 [main] ERROR clegoues.genprog4java.rep.JavaRepresentation  - org/jsoup/nodes/Element.java:612: error: incompatible types: boolean cannot be converted to Element
				return true;
				       ^
1 error

1436404 [main] INFO clegoues.genprog4java.rep.CachingRepresentation  - StmtDelete(651) StmtDelete(546) StmtAppend(326,354) StmtReplace(200,576) at variant202 fails to compile

1436404 [main] INFO clegoues.genprog4java.fitness.Fitness  - 	 gen: 3 0.0 StmtDelete(651) StmtDelete(546) StmtAppend(326,354) StmtReplace(200,576) (stored at: variant202)
1437036 [main] INFO clegoues.genprog4java.fitness.Fitness  - 	 gen: 3 1.0 StmtDelete(150) StmtAppend(91,23) StmtAppend(509,511) (stored at: variant203)
1437064 [main] ERROR clegoues.genprog4java.rep.JavaRepresentation  - org/jsoup/nodes/Element.java:183: error: unreachable statement
		String id = attr("id");
		       ^
org/jsoup/nodes/Element.java:184: error: missing return statement
	}
	^
2 errors

1437064 [main] INFO clegoues.genprog4java.rep.CachingRepresentation  - StmtDelete(617) StmtReplace(583,629) StmtReplace(574,618) StmtAppend(41,15) at variant204 fails to compile

1437064 [main] INFO clegoues.genprog4java.fitness.Fitness  - 	 gen: 3 0.0 StmtDelete(617) StmtReplace(583,629) StmtReplace(574,618) StmtAppend(41,15) (stored at: variant204)
1437693 [main] INFO clegoues.genprog4java.fitness.Fitness  - 	 gen: 3 1.0 StmtDelete(602) (stored at: variant205)
1437729 [main] ERROR clegoues.genprog4java.rep.JavaRepresentation  - org/jsoup/parser/Parser.java:230: error: cannot find symbol
				return (Element) super.parent();
				                      ^
  symbol: method parent()
1 error

1437729 [main] INFO clegoues.genprog4java.rep.CachingRepresentation  - StmtReplace(583,629) StmtReplace(463,20) at variant206 fails to compile

1437729 [main] INFO clegoues.genprog4java.fitness.Fitness  - 	 gen: 3 0.0 StmtReplace(583,629) StmtReplace(463,20) (stored at: variant206)
1438350 [main] INFO clegoues.genprog4java.fitness.Fitness  - 	 gen: 3 1.0 StmtReplace(552,670) (stored at: variant207)
1534809 [main] INFO clegoues.genprog4java.fitness.Fitness  - 	 gen: 3 1.0 StmtDelete(347) (stored at: variant208)
1535462 [main] INFO clegoues.genprog4java.fitness.Fitness  - 	 gen: 3 1.0 StmtAppend(577,518) StmtAppend(192,243) (stored at: variant209)
1536058 [main] INFO clegoues.genprog4java.fitness.Fitness  - 	 gen: 3 1.0 StmtDelete(683) StmtAppend(429,441) StmtAppend(180,538) (stored at: variant210)
1536089 [main] ERROR clegoues.genprog4java.rep.JavaRepresentation  - org/jsoup/parser/Tag.java:124: error: missing return statement
	}
	^
1 error

1536089 [main] INFO clegoues.genprog4java.rep.CachingRepresentation  - StmtDelete(562) at variant211 fails to compile

1536089 [main] INFO clegoues.genprog4java.fitness.Fitness  - 	 gen: 3 0.0 StmtDelete(562) (stored at: variant211)
1536752 [main] INFO clegoues.genprog4java.fitness.Fitness  - 	 gen: 3 1.0 StmtAppend(491,420) StmtAppend(592,690) (stored at: variant212)
1537376 [main] INFO clegoues.genprog4java.fitness.Fitness  - 	 gen: 3 1.0 StmtDelete(651) StmtDelete(546) StmtAppend(491,420) StmtDelete(549) (stored at: variant213)
1537409 [main] ERROR clegoues.genprog4java.rep.JavaRepresentation  - org/jsoup/parser/Parser.java:223: error: cannot find symbol
        boolean validAncestor = stackHasValidParent(childTag);
                                                    ^
  symbol:   variable childTag
  location: class Parser
org/jsoup/parser/Parser.java:227: error: cannot find symbol
            Tag parentTag = childTag.getImplicitParent();
                            ^
  symbol:   variable childTag
  location: class Parser
2 errors

1537409 [main] INFO clegoues.genprog4java.rep.CachingRepresentation  - StmtDelete(456) at variant214 fails to compile

1537409 [main] INFO clegoues.genprog4java.fitness.Fitness  - 	 gen: 3 0.0 StmtDelete(456) (stored at: variant214)
1538038 [main] INFO clegoues.genprog4java.fitness.Fitness  - 	 gen: 3 1.0 StmtDelete(67) StmtDelete(63) StmtDelete(546) StmtAppend(491,420) StmtReplace(423,425) (stored at: variant215)
1538707 [main] INFO clegoues.genprog4java.fitness.Fitness  - 	 gen: 3 0.0 StmtAppend(430,357) StmtDelete(685) (stored at: variant216)
1826753 [main] INFO clegoues.genprog4java.fitness.Fitness  - 	 gen: 3 0.0 StmtDelete(349) StmtReplace(403,345) (stored at: variant217)
1827287 [main] INFO clegoues.genprog4java.fitness.Fitness  - 	 gen: 3 1.0 StmtAppend(722,647) (stored at: variant218)
1827803 [main] INFO clegoues.genprog4java.fitness.Fitness  - 	 gen: 3 1.0 StmtDelete(651) StmtDelete(546) StmtReplace(58,58) StmtReplace(625,632) StmtDelete(420) (stored at: variant219)
1827831 [main] ERROR clegoues.genprog4java.rep.JavaRepresentation  - org/jsoup/nodes/Element.java:406: error: cannot find symbol
		tagName = tagName.toLowerCase().trim();
		^
  symbol:   variable tagName
  location: class Element
org/jsoup/nodes/Element.java:406: error: cannot find symbol
		tagName = tagName.toLowerCase().trim();
		          ^
  symbol:   variable tagName
  location: class Element
2 errors

1827831 [main] INFO clegoues.genprog4java.rep.CachingRepresentation  - StmtAppend(91,23) StmtAppend(133,141) at variant220 fails to compile

1827831 [main] INFO clegoues.genprog4java.fitness.Fitness  - 	 gen: 3 0.0 StmtAppend(91,23) StmtAppend(133,141) (stored at: variant220)
1827855 [main] ERROR clegoues.genprog4java.rep.JavaRepresentation  - org/jsoup/parser/Parser.java:121: error: cannot find symbol
        if (tagName.length() != 0) {
            ^
  symbol:   variable tagName
  location: class Parser
org/jsoup/parser/Parser.java:122: error: cannot find symbol
            Tag tag = Tag.valueOf(tagName);
                                  ^
  symbol:   variable tagName
  location: class Parser
2 errors

1827855 [main] INFO clegoues.genprog4java.rep.CachingRepresentation  - StmtAppend(67,319) StmtAppend(373,374) at variant221 fails to compile

1827855 [main] INFO clegoues.genprog4java.fitness.Fitness  - 	 gen: 3 0.0 StmtAppend(67,319) StmtAppend(373,374) (stored at: variant221)
1827855 [main] INFO clegoues.genprog4java.Search.Search  - search: generation4
1827869 [main] ERROR clegoues.genprog4java.rep.JavaRepresentation  - org/jsoup/nodes/Element.java:63: error: ';' expected
    public String tagName() empty();
                           ^
1 error

1827879 [main] ERROR clegoues.genprog4java.rep.JavaRepresentation  - org/jsoup/nodes/Element.java:63: error: ';' expected
    public String tagName() empty();
                           ^
1 error

1827892 [main] ERROR clegoues.genprog4java.rep.JavaRepresentation  - org/jsoup/nodes/Element.java:63: error: ';' expected
    public String tagName() empty();
                           ^
1 error

1827902 [main] ERROR clegoues.genprog4java.rep.JavaRepresentation  - org/jsoup/nodes/Element.java:63: error: ';' expected
    public String tagName() empty();
                           ^
1 error

1827915 [main] ERROR clegoues.genprog4java.rep.JavaRepresentation  - org/jsoup/nodes/Element.java:63: error: ';' expected
    public String tagName() empty();
                           ^
1 error

1827924 [main] ERROR clegoues.genprog4java.rep.JavaRepresentation  - org/jsoup/nodes/Element.java:63: error: ';' expected
    public String tagName() empty();
                           ^
1 error

1827937 [main] ERROR clegoues.genprog4java.rep.JavaRepresentation  - org/jsoup/nodes/Element.java:63: error: ';' expected
    public String tagName() empty();
                           ^
1 error

1827947 [main] ERROR clegoues.genprog4java.rep.JavaRepresentation  - org/jsoup/nodes/Element.java:63: error: ';' expected
    public String tagName() empty();
                           ^
1 error

1827958 [main] ERROR clegoues.genprog4java.rep.JavaRepresentation  - org/jsoup/nodes/Element.java:63: error: ';' expected
    public String tagName() empty();
                           ^
1 error

1827969 [main] ERROR clegoues.genprog4java.rep.JavaRepresentation  - org/jsoup/nodes/Element.java:63: error: ';' expected
    public String tagName() empty();
                           ^
1 error

1828021 [main] ERROR clegoues.genprog4java.rep.JavaRepresentation  - org/jsoup/nodes/Element.java:63: error: ';' expected
    public String tagName() empty();
                           ^
1 error

1828032 [main] ERROR clegoues.genprog4java.rep.JavaRepresentation  - org/jsoup/nodes/Element.java:63: error: ';' expected
    public String tagName() empty();
                           ^
1 error

1828041 [main] ERROR clegoues.genprog4java.rep.JavaRepresentation  - org/jsoup/nodes/Element.java:63: error: ';' expected
    public String tagName() empty();
                           ^
1 error

1828051 [main] ERROR clegoues.genprog4java.rep.JavaRepresentation  - org/jsoup/nodes/Element.java:63: error: ';' expected
    public String tagName() empty();
                           ^
1 error

1828062 [main] ERROR clegoues.genprog4java.rep.JavaRepresentation  - org/jsoup/nodes/Element.java:63: error: ';' expected
    public String tagName() empty();
                           ^
1 error

1828071 [main] ERROR clegoues.genprog4java.rep.JavaRepresentation  - org/jsoup/nodes/Element.java:63: error: ';' expected
    public String tagName() empty();
                           ^
1 error

1828080 [main] ERROR clegoues.genprog4java.rep.JavaRepresentation  - org/jsoup/nodes/Element.java:63: error: ';' expected
    public String tagName() empty();
                           ^
1 error

1828092 [main] ERROR clegoues.genprog4java.rep.JavaRepresentation  - org/jsoup/nodes/Element.java:63: error: ';' expected
    public String tagName() empty();
                           ^
1 error

1828101 [main] ERROR clegoues.genprog4java.rep.JavaRepresentation  - org/jsoup/nodes/Element.java:63: error: ';' expected
    public String tagName() empty();
                           ^
1 error

1828112 [main] ERROR clegoues.genprog4java.rep.JavaRepresentation  - org/jsoup/nodes/Element.java:63: error: ';' expected
    public String tagName() empty();
                           ^
1 error

1828125 [main] ERROR clegoues.genprog4java.rep.JavaRepresentation  - org/jsoup/nodes/Element.java:63: error: ';' expected
    public String tagName() empty();
                           ^
1 error

1828340 [main] ERROR clegoues.genprog4java.rep.JavaRepresentation  - org/jsoup/nodes/Element.java:744: error: cannot find symbol
        Validate.notNull(html);
                         ^
  symbol:   variable html
  location: class Element
1 error

1828340 [main] INFO clegoues.genprog4java.rep.CachingRepresentation  - StmtDelete(651) StmtDelete(546) StmtAppend(491,420) StmtAppend(672,661) StmtReplace(265,318) at variant222 fails to compile

1828340 [main] INFO clegoues.genprog4java.fitness.Fitness  - 	 gen: 4 0.0 StmtDelete(651) StmtDelete(546) StmtAppend(491,420) StmtAppend(672,661) StmtReplace(265,318) (stored at: variant222)
1828895 [main] INFO clegoues.genprog4java.fitness.Fitness  - 	 gen: 4 1.0 StmtDelete(384) StmtReplace(315,23) StmtAppend(592,669) (stored at: variant223)
1828924 [main] ERROR clegoues.genprog4java.rep.JavaRepresentation  - org/jsoup/nodes/Element.java:677: error: cannot find symbol
				canContainBlock = false;
				^
  symbol:   variable canContainBlock
  location: class Element
org/jsoup/nodes/Element.java:679: error: cannot find symbol
            classNames = new LinkedHashSet<String>(Arrays.asList(names));
                                                                 ^
  symbol:   variable names
  location: class Element
2 errors

1828924 [main] INFO clegoues.genprog4java.rep.CachingRepresentation  - StmtDelete(384) StmtReplace(315,23) StmtAppend(238,705) at variant224 fails to compile

1828924 [main] INFO clegoues.genprog4java.fitness.Fitness  - 	 gen: 4 0.0 StmtDelete(384) StmtReplace(315,23) StmtAppend(238,705) (stored at: variant224)
1829468 [main] INFO clegoues.genprog4java.fitness.Fitness  - 	 gen: 4 1.0 StmtAppend(491,420) StmtAppend(592,690) StmtDelete(719) (stored at: variant225)
1830045 [main] INFO clegoues.genprog4java.fitness.Fitness  - 	 gen: 4 0.0 StmtDelete(651) StmtDelete(546) StmtReplace(58,58) StmtReplace(625,632) StmtDelete(420) StmtAppend(526,524) (stored at: variant226)
1830621 [main] INFO clegoues.genprog4java.fitness.Fitness  - 	 gen: 4 1.0 StmtReplace(552,670) StmtDelete(652) (stored at: variant227)
1831250 [main] INFO clegoues.genprog4java.fitness.Fitness  - 	 gen: 4 0.0 StmtDelete(550) StmtAppend(577,518) StmtDelete(236) StmtDelete(687) (stored at: variant228)
1831834 [main] INFO clegoues.genprog4java.fitness.Fitness  - 	 gen: 4 1.0 StmtDelete(651) StmtDelete(546) StmtAppend(491,420) StmtDelete(549) StmtReplace(549,722) (stored at: variant229)
1832372 [main] INFO clegoues.genprog4java.fitness.Fitness  - 	 gen: 4 1.0 StmtDelete(683) StmtAppend(429,441) StmtAppend(180,538) StmtDelete(587) (stored at: variant230)
1832431 [main] ERROR clegoues.genprog4java.rep.JavaRepresentation  - org/jsoup/nodes/Element.java:767: error: cannot find symbol
			append(html);
			       ^
  symbol:   variable html
  location: class Element
1 error

1832431 [main] INFO clegoues.genprog4java.rep.CachingRepresentation  - StmtAppend(722,647) StmtReplace(273,298) at variant231 fails to compile

1832431 [main] INFO clegoues.genprog4java.fitness.Fitness  - 	 gen: 4 0.0 StmtAppend(722,647) StmtReplace(273,298) (stored at: variant231)
1833004 [main] INFO clegoues.genprog4java.fitness.Fitness  - 	 gen: 4 0.0 StmtAppend(425,433) StmtDelete(433) StmtAppend(468,342) (stored at: variant232)
1833031 [main] ERROR clegoues.genprog4java.rep.JavaRepresentation  - org/jsoup/parser/Parser.java:55: error: cannot find symbol
		if (last().tag().canContain(tag))
		                            ^
  symbol:   variable tag
  location: class Parser
org/jsoup/parser/Parser.java:55: error: non-static method last() cannot be referenced from a static context
		if (last().tag().canContain(tag))
		    ^
org/jsoup/parser/Parser.java:56: error: non-static method last() cannot be referenced from a static context
			return last();
			       ^
org/jsoup/parser/Parser.java:56: error: incompatible types: Element cannot be converted to Document
			return last();
			           ^
org/jsoup/parser/Parser.java:58: error: non-static variable stack cannot be referenced from a static context
			stack.removeLast();
			^
5 errors

1833031 [main] INFO clegoues.genprog4java.rep.CachingRepresentation  - StmtDelete(651) StmtDelete(546) StmtAppend(491,420) StmtAppend(672,661) StmtAppend(330,489) at variant233 fails to compile

1833032 [main] INFO clegoues.genprog4java.fitness.Fitness  - 	 gen: 4 0.0 StmtDelete(651) StmtDelete(546) StmtAppend(491,420) StmtAppend(672,661) StmtAppend(330,489) (stored at: variant233)
1833609 [main] INFO clegoues.genprog4java.fitness.Fitness  - 	 gen: 4 0.0 StmtDelete(651) StmtDelete(546) StmtAppend(491,420) StmtDelete(549) StmtDelete(182) (stored at: variant234)
2444845 [main] INFO clegoues.genprog4java.fitness.Fitness  - 	 gen: 4 0.0 StmtDelete(550) StmtAppend(577,518) StmtDelete(236) StmtReplace(342,355) (stored at: variant235)
2445473 [main] INFO clegoues.genprog4java.fitness.Fitness  - 	 gen: 4 1.0 StmtDelete(651) StmtDelete(546) StmtAppend(491,420) StmtAppend(672,661) StmtAppend(603,652) (stored at: variant236)
2446051 [main] INFO clegoues.genprog4java.fitness.Fitness  - 	 gen: 4 0.0 StmtDelete(67) StmtDelete(63) StmtDelete(546) StmtAppend(491,420) StmtReplace(423,425) StmtAppend(425,405) (stored at: variant237)
2446583 [main] INFO clegoues.genprog4java.fitness.Fitness  - 	 gen: 4 1.0 StmtDelete(651) StmtDelete(546) StmtAppend(491,420) StmtAppend(672,661) StmtDelete(552) (stored at: variant238)
2447141 [main] INFO clegoues.genprog4java.fitness.Fitness  - 	 gen: 4 1.0 StmtDelete(622) StmtDelete(100) StmtAppend(361,345) (stored at: variant239)
2447172 [main] ERROR clegoues.genprog4java.rep.JavaRepresentation  - org/jsoup/nodes/Element.java:758: error: missing return statement
    }
    ^
1 error

2447172 [main] INFO clegoues.genprog4java.rep.CachingRepresentation  - StmtDelete(347) StmtDelete(270) at variant240 fails to compile

2447172 [main] INFO clegoues.genprog4java.fitness.Fitness  - 	 gen: 4 0.0 StmtDelete(347) StmtDelete(270) (stored at: variant240)
2447743 [main] INFO clegoues.genprog4java.fitness.Fitness  - 	 gen: 4 1.0 StmtDelete(67) StmtDelete(63) StmtReplace(541,519) StmtDelete(711) StmtReplace(681,626) (stored at: variant241)
2448326 [main] INFO clegoues.genprog4java.fitness.Fitness  - 	 gen: 4 1.0 StmtReplace(552,670) StmtAppend(620,663) (stored at: variant242)
2448911 [main] INFO clegoues.genprog4java.fitness.Fitness  - 	 gen: 4 0.0 StmtDelete(651) StmtDelete(546) StmtReplace(58,58) StmtReplace(625,632) StmtDelete(420) StmtDelete(477) (stored at: variant243)
2448941 [main] ERROR clegoues.genprog4java.rep.JavaRepresentation  - org/jsoup/parser/Parser.java:201: error: cannot find symbol
            if (this.equals(tag))
                            ^
  symbol:   variable tag
  location: class Parser
org/jsoup/parser/Parser.java:202: error: incompatible types: boolean cannot be converted to Attribute
				return true;
				       ^
2 errors

2448941 [main] INFO clegoues.genprog4java.rep.CachingRepresentation  - StmtDelete(651) StmtDelete(546) StmtAppend(491,420) StmtDelete(549) StmtReplace(443,577) at variant244 fails to compile

2448941 [main] INFO clegoues.genprog4java.fitness.Fitness  - 	 gen: 4 0.0 StmtDelete(651) StmtDelete(546) StmtAppend(491,420) StmtDelete(549) StmtReplace(443,577) (stored at: variant244)
2449523 [main] INFO clegoues.genprog4java.fitness.Fitness  - 	 gen: 4 1.0 StmtAppend(577,518) StmtAppend(192,243) StmtDelete(644) (stored at: variant245)
2450058 [main] INFO clegoues.genprog4java.fitness.Fitness  - 	 gen: 4 0.0 StmtDelete(432) StmtAppend(72,2) StmtReplace(726,613) StmtDelete(587) (stored at: variant246)
2450647 [main] INFO clegoues.genprog4java.fitness.Fitness  - 	 gen: 4 1.0 StmtDelete(550) StmtAppend(577,518) StmtDelete(236) StmtAppend(95,101) (stored at: variant247)
2451198 [main] INFO clegoues.genprog4java.fitness.Fitness  - 	 gen: 4 0.0 StmtAppend(722,647) StmtDelete(448) (stored at: variant248)
2451741 [main] INFO clegoues.genprog4java.fitness.Fitness  - 	 gen: 4 0.0 StmtDelete(651) StmtDelete(546) StmtAppend(491,420) StmtAppend(672,661) StmtAppend(524,656) (stored at: variant249)
2451775 [main] ERROR clegoues.genprog4java.rep.JavaRepresentation  - org/jsoup/nodes/Element.java:256: error: cannot find symbol
        Validate.notEmpty(tagName);
                          ^
  symbol:   variable tagName
  location: class Element
org/jsoup/nodes/Element.java:257: error: cannot find symbol
        prependChild(node);
                     ^
  symbol:   variable node
  location: class Element
2 errors

2451775 [main] INFO clegoues.genprog4java.rep.CachingRepresentation  - StmtDelete(602) StmtReplace(66,526) at variant250 fails to compile

2451775 [main] INFO clegoues.genprog4java.fitness.Fitness  - 	 gen: 4 0.0 StmtDelete(602) StmtReplace(66,526) (stored at: variant250)
2452510 [main] INFO clegoues.genprog4java.fitness.Fitness  - 	 gen: 4 1.0 StmtDelete(683) StmtAppend(429,441) StmtAppend(180,538) StmtDelete(660) (stored at: variant251)
2453085 [main] INFO clegoues.genprog4java.fitness.Fitness  - 	 gen: 4 1.0 StmtDelete(432) StmtAppend(72,2) StmtReplace(726,613) StmtReplace(207,51) (stored at: variant252)
2453107 [main] ERROR clegoues.genprog4java.rep.JavaRepresentation  - org/jsoup/parser/Parser.java:143: error: cannot find symbol
        Element child = new Element(tag, baseUri, attributes);
                                    ^
  symbol:   variable tag
  location: class Parser
org/jsoup/parser/Parser.java:145: error: cannot find symbol
        boolean isEmptyElement = tag.isEmpty(); // empty element if empty tag (e.g. img) or self-closed el (<div/>
                                 ^
  symbol:   variable tag
  location: class Parser
org/jsoup/parser/Parser.java:154: error: cannot find symbol
        if (tag.isData()) {
            ^
  symbol:   variable tag
  location: class Parser
org/jsoup/parser/Parser.java:157: error: cannot find symbol
            popStackToClose(tag);
                            ^
  symbol:   variable tag
  location: class Parser
org/jsoup/parser/Parser.java:160: error: cannot find symbol
            if (tag.equals(titleTag) || tag.equals(textareaTag)) // want to show as text, but not contain inside tags (so not a data tag?)
                ^
  symbol:   variable tag
  location: class Parser
org/jsoup/parser/Parser.java:160: error: cannot find symbol
            if (tag.equals(titleTag) || tag.equals(textareaTag)) // want to show as text, but not contain inside tags (so not a data tag?)
                                        ^
  symbol:   variable tag
  location: class Parser
6 errors

2453107 [main] INFO clegoues.genprog4java.rep.CachingRepresentation  - StmtDelete(622) StmtDelete(100) StmtDelete(393) at variant253 fails to compile

2453107 [main] INFO clegoues.genprog4java.fitness.Fitness  - 	 gen: 4 0.0 StmtDelete(622) StmtDelete(100) StmtDelete(393) (stored at: variant253)
2453610 [main] INFO clegoues.genprog4java.fitness.Fitness  - 	 gen: 4 1.0 StmtDelete(683) StmtAppend(429,441) StmtAppend(180,538) StmtDelete(680) (stored at: variant254)
2741648 [main] INFO clegoues.genprog4java.fitness.Fitness  - 	 gen: 4 0.0 StmtDelete(602) StmtDelete(352) (stored at: variant255)
2742153 [main] INFO clegoues.genprog4java.fitness.Fitness  - 	 gen: 4 1.0 StmtAppend(722,647) StmtDelete(669) (stored at: variant256)
2742708 [main] INFO clegoues.genprog4java.fitness.Fitness  - 	 gen: 4 1.0 StmtReplace(552,670) StmtReplace(623,618) (stored at: variant257)
2743238 [main] INFO clegoues.genprog4java.fitness.Fitness  - 	 gen: 4 0.0 StmtAppend(577,518) StmtAppend(192,243) StmtAppend(517,672) (stored at: variant258)
2743271 [main] ERROR clegoues.genprog4java.rep.JavaRepresentation  - org/jsoup/nodes/Element.java:616: error: cannot assign a value to final variable tag
			tag = new Tag(tagName);
			^
org/jsoup/nodes/Element.java:616: error: cannot find symbol
			tag = new Tag(tagName);
			              ^
  symbol:   variable tagName
  location: class Element
2 errors

2743271 [main] INFO clegoues.genprog4java.rep.CachingRepresentation  - StmtDelete(347) StmtAppend(203,532) at variant259 fails to compile

2743271 [main] INFO clegoues.genprog4java.fitness.Fitness  - 	 gen: 4 0.0 StmtDelete(347) StmtAppend(203,532) (stored at: variant259)
2743307 [main] ERROR clegoues.genprog4java.rep.JavaRepresentation  - org/jsoup/parser/Tag.java:176: error: cannot find symbol
        if (canContainBlock != tag.canContainBlock) return false;
                               ^
  symbol:   variable tag
  location: class Tag
org/jsoup/parser/Tag.java:177: error: cannot find symbol
        if (canContainInline != tag.canContainInline) return false;
                                ^
  symbol:   variable tag
  location: class Tag
org/jsoup/parser/Tag.java:178: error: cannot find symbol
        if (empty != tag.empty) return false;
                     ^
  symbol:   variable tag
  location: class Tag
org/jsoup/parser/Tag.java:179: error: cannot find symbol
        if (isBlock != tag.isBlock) return false;
                       ^
  symbol:   variable tag
  location: class Tag
org/jsoup/parser/Tag.java:180: error: cannot find symbol
        if (optionalClosing != tag.optionalClosing) return false;
                               ^
  symbol:   variable tag
  location: class Tag
org/jsoup/parser/Tag.java:181: error: cannot find symbol
        if (tagName != null ? !tagName.equals(tag.tagName) : tag.tagName != null) return false;
                                              ^
  symbol:   variable tag
  location: class Tag
org/jsoup/parser/Tag.java:181: error: cannot find symbol
        if (tagName != null ? !tagName.equals(tag.tagName) : tag.tagName != null) return false;
                                                             ^
  symbol:   variable tag
  location: class Tag
7 errors

2743307 [main] INFO clegoues.genprog4java.rep.CachingRepresentation  - StmtDelete(67) StmtDelete(63) StmtDelete(546) StmtAppend(491,420) StmtReplace(423,425) StmtDelete(585) at variant260 fails to compile

2743307 [main] INFO clegoues.genprog4java.fitness.Fitness  - 	 gen: 4 0.0 StmtDelete(67) StmtDelete(63) StmtDelete(546) StmtAppend(491,420) StmtReplace(423,425) StmtDelete(585) (stored at: variant260)
2743846 [main] INFO clegoues.genprog4java.fitness.Fitness  - 	 gen: 4 1.0 StmtReplace(552,670) StmtDelete(91) (stored at: variant261)
2743871 [main] ERROR clegoues.genprog4java.rep.JavaRepresentation  - org/jsoup/parser/Parser.java:290: error: incompatible types: Attribute cannot be converted to Element
					return Attribute.createFromEncoded(key, value);
					                                  ^
1 error

2743871 [main] INFO clegoues.genprog4java.rep.CachingRepresentation  - StmtDelete(651) StmtDelete(546) StmtReplace(491,419) at variant262 fails to compile

2743871 [main] INFO clegoues.genprog4java.fitness.Fitness  - 	 gen: 4 0.0 StmtDelete(651) StmtDelete(546) StmtReplace(491,419) (stored at: variant262)
2744095 [main] ERROR clegoues.genprog4java.rep.JavaRepresentation  - org/jsoup/nodes/Element.java:401: error: incompatible types: Element cannot be converted to Integer
       return this; 
              ^
1 error

2744095 [main] INFO clegoues.genprog4java.rep.CachingRepresentation  - StmtAppend(672,661) StmtReplace(135,707) at variant263 fails to compile

2744095 [main] INFO clegoues.genprog4java.fitness.Fitness  - 	 gen: 4 0.0 StmtAppend(672,661) StmtReplace(135,707) (stored at: variant263)
2744121 [main] ERROR clegoues.genprog4java.rep.JavaRepresentation  - org/jsoup/nodes/Element.java:734: error: unreachable statement
        return this;
        ^
1 error

2744122 [main] INFO clegoues.genprog4java.rep.CachingRepresentation  - StmtAppend(257,87) at variant264 fails to compile

2744122 [main] INFO clegoues.genprog4java.fitness.Fitness  - 	 gen: 4 0.0 StmtAppend(257,87) (stored at: variant264)
2744702 [main] INFO clegoues.genprog4java.fitness.Fitness  - 	 gen: 4 0.0 StmtDelete(651) StmtDelete(546) StmtReplace(58,58) StmtReplace(625,632) StmtReplace(315,23) StmtReplace(412,347) (stored at: variant265)
2745223 [main] INFO clegoues.genprog4java.fitness.Fitness  - 	 gen: 4 1.0 StmtDelete(208) (stored at: variant266)
2745247 [main] ERROR clegoues.genprog4java.rep.JavaRepresentation  - org/jsoup/parser/Tag.java:218: error: non-static variable preserveWhitespace cannot be referenced from a static context
			preserveWhitespace = true;
			^
1 error

2745247 [main] INFO clegoues.genprog4java.rep.CachingRepresentation  - StmtDelete(651) StmtDelete(546) StmtAppend(491,420) StmtReplace(315,23) StmtAppend(615,722) at variant267 fails to compile

2745247 [main] INFO clegoues.genprog4java.fitness.Fitness  - 	 gen: 4 0.0 StmtDelete(651) StmtDelete(546) StmtAppend(491,420) StmtReplace(315,23) StmtAppend(615,722) (stored at: variant267)
2745417 [main] INFO clegoues.genprog4java.fitness.Fitness  - 	 gen: 4 0.0 StmtDelete(391) (stored at: variant268)
2745439 [main] ERROR clegoues.genprog4java.rep.JavaRepresentation  - org/jsoup/parser/Tag.java:305: error: non-static variable empty cannot be referenced from a static context
			empty = true;
			^
1 error

2745439 [main] INFO clegoues.genprog4java.rep.CachingRepresentation  - StmtAppend(577,518) StmtAppend(592,690) StmtAppend(675,716) at variant269 fails to compile

2745439 [main] INFO clegoues.genprog4java.fitness.Fitness  - 	 gen: 4 0.0 StmtAppend(577,518) StmtAppend(592,690) StmtAppend(675,716) (stored at: variant269)
2745946 [main] INFO clegoues.genprog4java.fitness.Fitness  - 	 gen: 4 1.0 StmtDelete(651) StmtDelete(546) StmtReplace(58,58) StmtReplace(625,632) StmtReplace(726,613) StmtDelete(140) (stored at: variant270)
2746530 [main] INFO clegoues.genprog4java.fitness.Fitness  - 	 gen: 4 1.0 StmtDelete(432) StmtReplace(405,384) (stored at: variant271)
2747034 [main] INFO clegoues.genprog4java.fitness.Fitness  - 	 gen: 4 1.0 StmtDelete(550) StmtAppend(498,357) (stored at: variant272)
2747059 [main] ERROR clegoues.genprog4java.rep.JavaRepresentation  - org/jsoup/nodes/Element.java:232: error: cannot find symbol
		Validate.notEmpty(html);
		                  ^
  symbol:   variable html
  location: class Element
org/jsoup/nodes/Element.java:233: error: cannot find symbol
		Element wrapBody = Parser.parseBodyFragment(html, baseUri).body();
		                                            ^
  symbol:   variable html
  location: class Element
2 errors

2747059 [main] INFO clegoues.genprog4java.rep.CachingRepresentation  - StmtDelete(236) StmtReplace(57,90) at variant273 fails to compile

2747059 [main] INFO clegoues.genprog4java.fitness.Fitness  - 	 gen: 4 0.0 StmtDelete(236) StmtReplace(57,90) (stored at: variant273)
2747612 [main] INFO clegoues.genprog4java.fitness.Fitness  - 	 gen: 4 0.0 StmtReplace(490,347) (stored at: variant274)
2748345 [main] INFO clegoues.genprog4java.fitness.Fitness  - 	 gen: 4 1.0 StmtAppend(429,441) StmtAppend(180,538) StmtReplace(643,639) (stored at: variant275)
2748948 [main] INFO clegoues.genprog4java.fitness.Fitness  - 	 gen: 4 1.0 StmtDelete(651) StmtDelete(546) StmtAppend(491,420) StmtDelete(100) StmtDelete(634) (stored at: variant276)
2749450 [main] INFO clegoues.genprog4java.fitness.Fitness  - 	 gen: 4 0.0 StmtDelete(700) (stored at: variant277)
2749471 [main] ERROR clegoues.genprog4java.rep.JavaRepresentation  - org/jsoup/parser/Parser.java:147: error: cannot find symbol
            isEmptyElement = true;
            ^
  symbol:   variable isEmptyElement
  location: class Parser
org/jsoup/parser/Parser.java:151: error: cannot find symbol
        addChildToParent(child, isEmptyElement);
                                ^
  symbol:   variable isEmptyElement
  location: class Parser
2 errors

2749471 [main] INFO clegoues.genprog4java.rep.CachingRepresentation  - StmtDelete(550) StmtAppend(577,518) StmtDelete(395) at variant278 fails to compile

2749472 [main] INFO clegoues.genprog4java.fitness.Fitness  - 	 gen: 4 0.0 StmtDelete(550) StmtAppend(577,518) StmtDelete(395) (stored at: variant278)
2749495 [main] ERROR clegoues.genprog4java.rep.JavaRepresentation  - org/jsoup/nodes/Element.java:712: error: cannot find symbol
			if (child instanceof TextNode) {
			    ^
  symbol:   variable child
  location: class Element
org/jsoup/nodes/Element.java:713: error: cannot find symbol
				TextNode textNode = (TextNode) child;
				                               ^
  symbol:   variable child
  location: class Element
org/jsoup/nodes/Element.java:715: error: incompatible types: boolean cannot be converted to Element
					return true;
					       ^
org/jsoup/nodes/Element.java:716: error: cannot find symbol
			} else if (child instanceof Element) {
			           ^
  symbol:   variable child
  location: class Element
org/jsoup/nodes/Element.java:717: error: cannot find symbol
				Element el = (Element) child;
				                       ^
  symbol:   variable child
  location: class Element
org/jsoup/nodes/Element.java:719: error: incompatible types: boolean cannot be converted to Element
					return true;
					       ^
6 errors

2749495 [main] INFO clegoues.genprog4java.rep.CachingRepresentation  - StmtAppend(250,208) at variant279 fails to compile

2749495 [main] INFO clegoues.genprog4java.fitness.Fitness  - 	 gen: 4 0.0 StmtAppend(250,208) (stored at: variant279)
2750217 [main] INFO clegoues.genprog4java.fitness.Fitness  - 	 gen: 4 1.0 StmtDelete(651) StmtDelete(546) StmtAppend(491,420) StmtDelete(682) (stored at: variant280)
2750261 [main] ERROR clegoues.genprog4java.rep.JavaRepresentation  - org/jsoup/parser/Tag.java:186: error: ';' expected
    public int hashCode() createBlock("P").setContainInlineOnly();
                         ^
1 error

2750261 [main] INFO clegoues.genprog4java.rep.CachingRepresentation  - StmtReplace(599,649) at variant281 fails to compile

2750261 [main] INFO clegoues.genprog4java.fitness.Fitness  - 	 gen: 4 0.0 StmtReplace(599,649) (stored at: variant281)
2750290 [main] ERROR clegoues.genprog4java.rep.JavaRepresentation  - org/jsoup/nodes/Element.java:772: error: package child does not exist
				if (child.tagName.equals("base") || child.tagName.equals("script") || child.tagName.equals("noscript")
				         ^
org/jsoup/nodes/Element.java:772: error: package child does not exist
				if (child.tagName.equals("base") || child.tagName.equals("script") || child.tagName.equals("noscript")
				                                         ^
org/jsoup/nodes/Element.java:772: error: package child does not exist
				if (child.tagName.equals("base") || child.tagName.equals("script") || child.tagName.equals("noscript")
				                                                                           ^
org/jsoup/nodes/Element.java:773: error: package child does not exist
						|| child.tagName.equals("link") || child.tagName.equals("meta") || child.tagName.equals("title")
						        ^
org/jsoup/nodes/Element.java:773: error: package child does not exist
						|| child.tagName.equals("link") || child.tagName.equals("meta") || child.tagName.equals("title")
						                                        ^
org/jsoup/nodes/Element.java:773: error: package child does not exist
						|| child.tagName.equals("link") || child.tagName.equals("meta") || child.tagName.equals("title")
						                                                                        ^
org/jsoup/nodes/Element.java:774: error: package child does not exist
						|| child.tagName.equals("style") || child.tagName.equals("object")) {
						        ^
org/jsoup/nodes/Element.java:774: error: package child does not exist
						|| child.tagName.equals("style") || child.tagName.equals("object")) {
						                                         ^
org/jsoup/nodes/Element.java:775: error: incompatible types: boolean cannot be converted to Element
					return true;
					       ^
org/jsoup/nodes/Element.java:777: error: incompatible types: boolean cannot be converted to Element
				return false;
				       ^
10 errors

2750290 [main] INFO clegoues.genprog4java.rep.CachingRepresentation  - StmtAppend(272,548) at variant282 fails to compile

2750290 [main] INFO clegoues.genprog4java.fitness.Fitness  - 	 gen: 4 0.0 StmtAppend(272,548) (stored at: variant282)
2751067 [main] INFO clegoues.genprog4java.fitness.Fitness  - 	 gen: 4 0.0 StmtDelete(63) StmtDelete(546) StmtAppend(491,420) StmtReplace(423,425) StmtAppend(294,179) (stored at: variant283)
2751116 [main] ERROR clegoues.genprog4java.rep.JavaRepresentation  - org/jsoup/parser/Tag.java:313: error: non-static variable tagName cannot be referenced from a static context
				Tag tag = tags.get(tagName);
				                   ^
org/jsoup/parser/Tag.java:315: error: non-static variable tagName cannot be referenced from a static context
					tag = new Tag(tagName);
					              ^
org/jsoup/parser/Tag.java:320: error: return outside method
				return tag;
				^
3 errors

2751116 [main] INFO clegoues.genprog4java.rep.CachingRepresentation  - StmtAppend(685,527) at variant284 fails to compile

2751116 [main] INFO clegoues.genprog4java.fitness.Fitness  - 	 gen: 4 0.0 StmtAppend(685,527) (stored at: variant284)
2751144 [main] ERROR clegoues.genprog4java.rep.JavaRepresentation  - org/jsoup/parser/Tag.java:301: error: non-static variable preserveWhitespace cannot be referenced from a static context
			preserveWhitespace = true;
			^
1 error

2751144 [main] INFO clegoues.genprog4java.rep.CachingRepresentation  - StmtAppend(577,518) StmtDelete(546) StmtAppend(491,420) StmtAppend(672,661) StmtAppend(673,711) at variant285 fails to compile

2751144 [main] INFO clegoues.genprog4java.fitness.Fitness  - 	 gen: 4 0.0 StmtAppend(577,518) StmtDelete(546) StmtAppend(491,420) StmtAppend(672,661) StmtAppend(673,711) (stored at: variant285)
2751170 [main] ERROR clegoues.genprog4java.rep.JavaRepresentation  - org/jsoup/nodes/Element.java:290: error: cannot find symbol
        List<Node> nodes = fragment.childNodes();
                           ^
  symbol:   variable fragment
  location: class Element
1 error

2751170 [main] INFO clegoues.genprog4java.rep.CachingRepresentation  - StmtDelete(67) StmtDelete(63) StmtReplace(541,519) StmtReplace(79,91) at variant286 fails to compile

2751170 [main] INFO clegoues.genprog4java.fitness.Fitness  - 	 gen: 4 0.0 StmtDelete(67) StmtDelete(63) StmtReplace(541,519) StmtReplace(79,91) (stored at: variant286)
2751193 [main] ERROR clegoues.genprog4java.rep.JavaRepresentation  - org/jsoup/parser/Tag.java:56: error: incompatible types: boolean cannot be converted to Tag
                return false;
                       ^
1 error

2751193 [main] INFO clegoues.genprog4java.rep.CachingRepresentation  - StmtReplace(535,485) at variant287 fails to compile

2751193 [main] INFO clegoues.genprog4java.fitness.Fitness  - 	 gen: 4 0.0 StmtReplace(535,485) (stored at: variant287)
2751193 [main] INFO clegoues.genprog4java.Search.Search  - search: generation5
2751817 [main] ERROR clegoues.genprog4java.rep.JavaRepresentation  - org/jsoup/nodes/Element.java:206: error: cannot find symbol
        preserveWhitespace = true;
        ^
  symbol:   variable preserveWhitespace
  location: class Element
1 error

2751817 [main] INFO clegoues.genprog4java.rep.CachingRepresentation  - StmtDelete(651) StmtDelete(546) StmtAppend(491,420) StmtDelete(100) StmtDelete(634) StmtReplace(50,711) at variant288 fails to compile

2751817 [main] INFO clegoues.genprog4java.fitness.Fitness  - 	 gen: 5 0.0 StmtDelete(651) StmtDelete(546) StmtAppend(491,420) StmtDelete(100) StmtDelete(634) StmtReplace(50,711) (stored at: variant288)
2751841 [main] ERROR clegoues.genprog4java.rep.JavaRepresentation  - org/jsoup/nodes/Element.java:586: error: cannot find symbol
                    text = TextNode.normaliseWhitespace(text);
                    ^
  symbol:   variable text
  location: class Element
org/jsoup/nodes/Element.java:586: error: cannot find symbol
                    text = TextNode.normaliseWhitespace(text);
                                                        ^
  symbol:   variable text
  location: class Element
org/jsoup/nodes/Element.java:588: error: cannot find symbol
                        text = TextNode.stripLeadingWhitespace(text);
                        ^
  symbol:   variable text
  location: class Element
org/jsoup/nodes/Element.java:588: error: cannot find symbol
                        text = TextNode.stripLeadingWhitespace(text);
                                                               ^
  symbol:   variable text
  location: class Element
org/jsoup/nodes/Element.java:590: error: cannot find symbol
                accum.append(text);
                             ^
  symbol:   variable text
  location: class Element
5 errors

2751841 [main] INFO clegoues.genprog4java.rep.CachingRepresentation  - StmtDelete(550) StmtAppend(498,357) StmtDelete(184) at variant289 fails to compile

2751841 [main] INFO clegoues.genprog4java.fitness.Fitness  - 	 gen: 5 0.0 StmtDelete(550) StmtAppend(498,357) StmtDelete(184) (stored at: variant289)
2752614 [main] INFO clegoues.genprog4java.fitness.Fitness  - 	 gen: 5 1.0 StmtReplace(552,670) StmtAppend(620,663) StmtDelete(731) (stored at: variant290)
2752656 [main] ERROR clegoues.genprog4java.rep.JavaRepresentation  - org/jsoup/parser/Tag.java:168: error: missing return statement
    }
    ^
1 error

2752656 [main] INFO clegoues.genprog4java.rep.CachingRepresentation  - StmtDelete(67) StmtDelete(63) StmtReplace(541,519) StmtDelete(711) StmtReplace(681,626) StmtDelete(579) at variant291 fails to compile

2752657 [main] INFO clegoues.genprog4java.fitness.Fitness  - 	 gen: 5 0.0 StmtDelete(67) StmtDelete(63) StmtReplace(541,519) StmtDelete(711) StmtReplace(681,626) StmtDelete(579) (stored at: variant291)
2753189 [main] INFO clegoues.genprog4java.fitness.Fitness  - 	 gen: 5 1.0 StmtDelete(651) StmtDelete(546) StmtAppend(491,420) StmtDelete(549) StmtReplace(549,722) StmtDelete(592) (stored at: variant292)
2753734 [main] INFO clegoues.genprog4java.fitness.Fitness  - 	 gen: 5 0.0 StmtAppend(577,518) StmtAppend(192,243) StmtDelete(644) StmtDelete(550) (stored at: variant293)
2753756 [main] ERROR clegoues.genprog4java.rep.JavaRepresentation  - org/jsoup/parser/Parser.java:255: error: incompatible types: Attribute cannot be converted to Element
						return Attribute.createFromEncoded(key, value);
						                                  ^
1 error

2753756 [main] INFO clegoues.genprog4java.rep.CachingRepresentation  - StmtDelete(208) StmtAppend(463,419) at variant294 fails to compile

2753756 [main] INFO clegoues.genprog4java.fitness.Fitness  - 	 gen: 5 0.0 StmtDelete(208) StmtAppend(463,419) (stored at: variant294)
2753783 [main] ERROR clegoues.genprog4java.rep.JavaRepresentation  - org/jsoup/nodes/Element.java:727: error: cannot find symbol
        Element child = new Element(Tag.valueOf(tagName), baseUri());
                                                ^
  symbol:   variable tagName
  location: class Element
1 error

2753783 [main] INFO clegoues.genprog4java.rep.CachingRepresentation  - StmtDelete(683) StmtAppend(429,441) StmtAppend(180,538) StmtDelete(680) StmtReplace(257,54) at variant295 fails to compile

2753783 [main] INFO clegoues.genprog4java.fitness.Fitness  - 	 gen: 5 0.0 StmtDelete(683) StmtAppend(429,441) StmtAppend(180,538) StmtDelete(680) StmtReplace(257,54) (stored at: variant295)
2754307 [main] INFO clegoues.genprog4java.fitness.Fitness  - 	 gen: 5 0.0 StmtAppend(722,647) StmtDelete(669) StmtAppend(525,677) (stored at: variant296)
2754331 [main] ERROR clegoues.genprog4java.rep.JavaRepresentation  - org/jsoup/nodes/Element.java:743: error: cannot find symbol
				TextNode node = new TextNode(text, baseUri());
				                             ^
  symbol:   variable text
  location: class Element
1 error

2754331 [main] INFO clegoues.genprog4java.rep.CachingRepresentation  - StmtReplace(552,670) StmtReplace(623,618) StmtAppend(263,65) at variant297 fails to compile

2754331 [main] INFO clegoues.genprog4java.fitness.Fitness  - 	 gen: 5 0.0 StmtReplace(552,670) StmtReplace(623,618) StmtAppend(263,65) (stored at: variant297)
2754920 [main] INFO clegoues.genprog4java.fitness.Fitness  - 	 gen: 5 1.0 StmtDelete(432) StmtReplace(405,384) StmtDelete(539) (stored at: variant298)
2755438 [main] INFO clegoues.genprog4java.fitness.Fitness  - 	 gen: 5 1.0 StmtReplace(552,670) StmtAppend(620,663) StmtAppend(726,612) (stored at: variant299)
2755461 [main] ERROR clegoues.genprog4java.rep.JavaRepresentation  - org/jsoup/nodes/Element.java:94: error: cannot find symbol
        return id == null ? "" : id;
               ^
  symbol:   variable id
  location: class Element
org/jsoup/nodes/Element.java:94: error: cannot find symbol
        return id == null ? "" : id;
                                 ^
  symbol:   variable id
  location: class Element
2 errors

2755461 [main] INFO clegoues.genprog4java.rep.CachingRepresentation  - StmtDelete(432) StmtReplace(405,384) StmtDelete(15) at variant300 fails to compile

2755461 [main] INFO clegoues.genprog4java.fitness.Fitness  - 	 gen: 5 0.0 StmtDelete(432) StmtReplace(405,384) StmtDelete(15) (stored at: variant300)
2755484 [main] ERROR clegoues.genprog4java.rep.JavaRepresentation  - org/jsoup/nodes/Element.java:141: error: missing return statement
	}
	^
1 error

2755484 [main] INFO clegoues.genprog4java.rep.CachingRepresentation  - StmtReplace(552,670) StmtReplace(623,618) StmtDelete(32) at variant301 fails to compile

2755484 [main] INFO clegoues.genprog4java.fitness.Fitness  - 	 gen: 5 0.0 StmtReplace(552,670) StmtReplace(623,618) StmtDelete(32) (stored at: variant301)
2756127 [main] INFO clegoues.genprog4java.fitness.Fitness  - 	 gen: 5 1.0 StmtDelete(432) StmtReplace(405,384) StmtDelete(726) (stored at: variant302)
2756678 [main] INFO clegoues.genprog4java.fitness.Fitness  - 	 gen: 5 0.0 StmtDelete(550) StmtAppend(577,518) StmtDelete(236) StmtDelete(687) StmtReplace(426,374) (stored at: variant303)
2757214 [main] INFO clegoues.genprog4java.fitness.Fitness  - 	 gen: 5 1.0 StmtDelete(651) StmtDelete(546) StmtAppend(491,420) StmtAppend(672,661) StmtDelete(552) StmtAppend(709,650) (stored at: variant304)
2757741 [main] INFO clegoues.genprog4java.fitness.Fitness  - 	 gen: 5 1.0 StmtDelete(432) StmtReplace(405,384) StmtDelete(250) (stored at: variant305)
2758270 [main] INFO clegoues.genprog4java.fitness.Fitness  - 	 gen: 5 1.0 StmtDelete(651) StmtDelete(546) StmtAppend(491,420) StmtDelete(100) StmtDelete(634) StmtReplace(427,372) (stored at: variant306)
2758808 [main] INFO clegoues.genprog4java.fitness.Fitness  - 	 gen: 5 1.0 StmtDelete(651) StmtDelete(546) StmtAppend(491,420) StmtAppend(672,661) StmtAppend(603,652) StmtAppend(346,512) (stored at: variant307)
2759368 [main] INFO clegoues.genprog4java.fitness.Fitness  - 	 gen: 5 1.0 StmtDelete(67) StmtDelete(63) StmtReplace(541,519) StmtDelete(711) StmtReplace(681,626) StmtDelete(262) (stored at: variant308)
2759390 [main] ERROR clegoues.genprog4java.rep.JavaRepresentation  - org/jsoup/parser/Parser.java:100: error: cannot find symbol
        if (data.endsWith("-")) // i.e. was -->
            ^
  symbol:   variable data
  location: class Parser
org/jsoup/parser/Parser.java:101: error: cannot find symbol
            data = data.substring(0, data.length()-1);
            ^
  symbol:   variable data
  location: class Parser
org/jsoup/parser/Parser.java:101: error: cannot find symbol
            data = data.substring(0, data.length()-1);
                                     ^
  symbol:   variable data
  location: class Parser
org/jsoup/parser/Parser.java:101: error: cannot find symbol
            data = data.substring(0, data.length()-1);
                   ^
  symbol:   variable data
  location: class Parser
org/jsoup/parser/Parser.java:102: error: cannot find symbol
        Comment comment = new Comment(data, baseUri);
                                      ^
  symbol:   variable data
  location: class Parser
5 errors

2759390 [main] INFO clegoues.genprog4java.rep.CachingRepresentation  - StmtAppend(429,441) StmtAppend(180,538) StmtReplace(643,639) StmtAppend(359,380) at variant309 fails to compile

2759390 [main] INFO clegoues.genprog4java.fitness.Fitness  - 	 gen: 5 0.0 StmtAppend(429,441) StmtAppend(180,538) StmtReplace(643,639) StmtAppend(359,380) (stored at: variant309)
2759416 [main] ERROR clegoues.genprog4java.rep.JavaRepresentation  - org/jsoup/nodes/Element.java:745: error: cannot find symbol
        Validate.notNull(html);
                         ^
  symbol:   variable html
  location: class Element
1 error

2759416 [main] INFO clegoues.genprog4java.rep.CachingRepresentation  - StmtDelete(683) StmtAppend(429,441) StmtAppend(180,538) StmtDelete(587) StmtReplace(265,318) at variant310 fails to compile

2759416 [main] INFO clegoues.genprog4java.fitness.Fitness  - 	 gen: 5 0.0 StmtDelete(683) StmtAppend(429,441) StmtAppend(180,538) StmtDelete(587) StmtReplace(265,318) (stored at: variant310)
2759986 [main] INFO clegoues.genprog4java.fitness.Fitness  - 	 gen: 5 0.0 StmtDelete(651) StmtDelete(546) StmtAppend(491,420) StmtDelete(549) StmtReplace(549,722) StmtDelete(236) (stored at: variant311)
2760016 [main] ERROR clegoues.genprog4java.rep.JavaRepresentation  - org/jsoup/nodes/Element.java:267: error: cannot find symbol
    public Element append(String html) {{Validate.notNull(html);Element fragment=Parser.parseBodyFragment(html,baseUri).body();for (Node node:fragment.childNodes()){node.parentNode=null;appendChild(node);}return this;}canContainBlock=false;}
                                                                                                                                                                                                                          ^
  symbol:   variable canContainBlock
  location: class Element
1 error

2760016 [main] INFO clegoues.genprog4java.rep.CachingRepresentation  - StmtReplace(552,670) StmtReplace(623,618) StmtAppend(69,714) at variant312 fails to compile

2760016 [main] INFO clegoues.genprog4java.fitness.Fitness  - 	 gen: 5 0.0 StmtReplace(552,670) StmtReplace(623,618) StmtAppend(69,714) (stored at: variant312)
2760039 [main] ERROR clegoues.genprog4java.rep.JavaRepresentation  - org/jsoup/parser/Tag.java:334: error: non-static variable canContainBlock cannot be referenced from a static context
			return canContainBlock;
			       ^
1 error

2760039 [main] INFO clegoues.genprog4java.rep.CachingRepresentation  - StmtDelete(683) StmtAppend(429,441) StmtAppend(180,538) StmtDelete(587) StmtReplace(700,560) at variant313 fails to compile

2760039 [main] INFO clegoues.genprog4java.fitness.Fitness  - 	 gen: 5 0.0 StmtDelete(683) StmtAppend(429,441) StmtAppend(180,538) StmtDelete(587) StmtReplace(700,560) (stored at: variant313)
2760051 [main] ERROR clegoues.genprog4java.rep.JavaRepresentation  - org/jsoup/nodes/Element.java:827: error: variable declaration not allowed here
        if (this == o)String id = attr("id");
                             ^
1 error

2760051 [main] INFO clegoues.genprog4java.rep.CachingRepresentation  - StmtDelete(651) StmtDelete(546) StmtAppend(491,420) StmtDelete(549) StmtReplace(549,722) StmtReplace(304,15) at variant314 fails to compile

2760051 [main] INFO clegoues.genprog4java.fitness.Fitness  - 	 gen: 5 0.0 StmtDelete(651) StmtDelete(546) StmtAppend(491,420) StmtDelete(549) StmtReplace(549,722) StmtReplace(304,15) (stored at: variant314)
2952211 [main] INFO clegoues.genprog4java.fitness.Fitness  - 	 gen: 5 1.0 StmtAppend(429,441) StmtAppend(180,538) StmtReplace(643,639) StmtDelete(342) (stored at: variant315)
2952259 [main] ERROR clegoues.genprog4java.rep.JavaRepresentation  - org/jsoup/nodes/Element.java:129: error: cannot find symbol
			preserveWhitespace = true;
			^
  symbol:   variable preserveWhitespace
  location: class Element
1 error

2952259 [main] INFO clegoues.genprog4java.rep.CachingRepresentation  - StmtDelete(683) StmtAppend(429,441) StmtAppend(180,538) StmtDelete(660) StmtAppend(28,711) at variant316 fails to compile

2952259 [main] INFO clegoues.genprog4java.fitness.Fitness  - 	 gen: 5 0.0 StmtDelete(683) StmtAppend(429,441) StmtAppend(180,538) StmtDelete(660) StmtAppend(28,711) (stored at: variant316)
2952777 [main] INFO clegoues.genprog4java.fitness.Fitness  - 	 gen: 5 1.0 StmtReplace(552,670) StmtAppend(620,663) StmtAppend(652,655) (stored at: variant317)
2953310 [main] INFO clegoues.genprog4java.fitness.Fitness  - 	 gen: 5 0.0 StmtDelete(432) StmtAppend(72,2) StmtReplace(726,613) StmtReplace(207,51) StmtReplace(574,661) (stored at: variant318)
2953330 [main] ERROR clegoues.genprog4java.rep.JavaRepresentation  - org/jsoup/parser/Parser.java:294: error: incompatible types: boolean cannot be converted to Element
					return true;
					       ^
1 error

2953330 [main] INFO clegoues.genprog4java.rep.CachingRepresentation  - StmtReplace(552,670) StmtDelete(652) StmtAppend(512,557) at variant319 fails to compile

2953330 [main] INFO clegoues.genprog4java.fitness.Fitness  - 	 gen: 5 0.0 StmtReplace(552,670) StmtDelete(652) StmtAppend(512,557) (stored at: variant319)
2953891 [main] INFO clegoues.genprog4java.fitness.Fitness  - 	 gen: 5 0.0 StmtAppend(577,518) StmtAppend(192,243) StmtDelete(644) StmtDelete(329) (stored at: variant320)
2954463 [main] INFO clegoues.genprog4java.fitness.Fitness  - 	 gen: 5 1.0 StmtDelete(683) StmtAppend(429,441) StmtAppend(180,538) StmtDelete(587) StmtAppend(491,450) (stored at: variant321)
2954487 [main] ERROR clegoues.genprog4java.rep.JavaRepresentation  - org/jsoup/nodes/Element.java:627: error: cannot find symbol
                if (!textNode.isBlank())
                     ^
  symbol:   variable textNode
  location: class Element
1 error

2954488 [main] INFO clegoues.genprog4java.rep.CachingRepresentation  - StmtDelete(651) StmtDelete(546) StmtAppend(491,420) StmtAppend(672,661) StmtAppend(603,652) StmtReplace(210,88) at variant322 fails to compile

2954488 [main] INFO clegoues.genprog4java.fitness.Fitness  - 	 gen: 5 0.0 StmtDelete(651) StmtDelete(546) StmtAppend(491,420) StmtAppend(672,661) StmtAppend(603,652) StmtReplace(210,88) (stored at: variant322)
2955077 [main] INFO clegoues.genprog4java.fitness.Fitness  - 	 gen: 5 1.0 StmtDelete(622) StmtDelete(100) StmtAppend(361,345) StmtReplace(581,659) (stored at: variant323)
2955108 [main] ERROR clegoues.genprog4java.rep.JavaRepresentation  - org/jsoup/nodes/Element.java:739: error: break outside switch or loop
        {Set<String> classes=classNames();{break;}}
                                           ^
org/jsoup/nodes/Element.java:740: error: cannot find symbol
        if (classes.contains(className))
            ^
  symbol:   variable classes
  location: class Element
org/jsoup/nodes/Element.java:741: error: cannot find symbol
            classes.remove(className);
            ^
  symbol:   variable classes
  location: class Element
org/jsoup/nodes/Element.java:743: error: cannot find symbol
            classes.add(className);
            ^
  symbol:   variable classes
  location: class Element
org/jsoup/nodes/Element.java:744: error: cannot find symbol
        classNames(classes);
                   ^
  symbol:   variable classes
  location: class Element
5 errors

2955108 [main] INFO clegoues.genprog4java.rep.CachingRepresentation  - StmtAppend(722,647) StmtDelete(669) StmtAppend(261,502) at variant324 fails to compile

2955108 [main] INFO clegoues.genprog4java.fitness.Fitness  - 	 gen: 5 0.0 StmtAppend(722,647) StmtDelete(669) StmtAppend(261,502) (stored at: variant324)
2955675 [main] INFO clegoues.genprog4java.fitness.Fitness  - 	 gen: 5 0.0 StmtDelete(208) StmtDelete(483) (stored at: variant325)
2955703 [main] ERROR clegoues.genprog4java.rep.JavaRepresentation  - org/jsoup/parser/Parser.java:200: error: missing return statement
    }
    ^
1 error

2955703 [main] INFO clegoues.genprog4java.rep.CachingRepresentation  - StmtDelete(208) StmtDelete(440) at variant326 fails to compile

2955703 [main] INFO clegoues.genprog4java.fitness.Fitness  - 	 gen: 5 0.0 StmtDelete(208) StmtDelete(440) (stored at: variant326)
2956317 [main] INFO clegoues.genprog4java.fitness.Fitness  - 	 gen: 5 0.0 StmtAppend(577,518) StmtAppend(192,243) StmtDelete(644) StmtAppend(508,491) (stored at: variant327)
2956888 [main] INFO clegoues.genprog4java.fitness.Fitness  - 	 gen: 5 1.0 StmtDelete(63) StmtReplace(541,519) StmtDelete(711) StmtReplace(681,626) StmtDelete(304) (stored at: variant328)
2956911 [main] ERROR clegoues.genprog4java.rep.JavaRepresentation  - org/jsoup/nodes/Element.java:318: error: cannot find symbol
			if (child instanceof TextNode) {
			    ^
  symbol:   variable child
  location: class Element
org/jsoup/nodes/Element.java:319: error: cannot find symbol
				TextNode textNode = (TextNode) child;
				                               ^
  symbol:   variable child
  location: class Element
org/jsoup/nodes/Element.java:321: error: incompatible types: boolean cannot be converted to Element
					return true;
					       ^
org/jsoup/nodes/Element.java:322: error: cannot find symbol
			} else if (child instanceof Element) {
			           ^
  symbol:   variable child
  location: class Element
org/jsoup/nodes/Element.java:323: error: cannot find symbol
				Element el = (Element) child;
				                       ^
  symbol:   variable child
  location: class Element
org/jsoup/nodes/Element.java:325: error: incompatible types: boolean cannot be converted to Element
					return true;
					       ^
6 errors

2956911 [main] INFO clegoues.genprog4java.rep.CachingRepresentation  - StmtDelete(546) StmtAppend(491,420) StmtDelete(100) StmtDelete(634) StmtReplace(95,207) at variant329 fails to compile

2956911 [main] INFO clegoues.genprog4java.fitness.Fitness  - 	 gen: 5 0.0 StmtDelete(546) StmtAppend(491,420) StmtDelete(100) StmtDelete(634) StmtReplace(95,207) (stored at: variant329)
2957526 [main] INFO clegoues.genprog4java.fitness.Fitness  - 	 gen: 5 0.0 StmtDelete(550) StmtReplace(643,639) StmtDelete(699) (stored at: variant330)
2957570 [main] ERROR clegoues.genprog4java.rep.JavaRepresentation  - org/jsoup/parser/Parser.java:293: error: unreachable statement
				tq.consumeWhitespace();
				^
1 error

2957570 [main] INFO clegoues.genprog4java.rep.CachingRepresentation  - StmtAppend(429,441) StmtAppend(505,426) at variant331 fails to compile

2957570 [main] INFO clegoues.genprog4java.fitness.Fitness  - 	 gen: 5 0.0 StmtAppend(429,441) StmtAppend(505,426) (stored at: variant331)
2957594 [main] ERROR clegoues.genprog4java.rep.JavaRepresentation  - org/jsoup/parser/Tag.java:331: error: incompatible types: boolean cannot be converted to Tag
				return false;
				       ^
1 error

2957594 [main] INFO clegoues.genprog4java.rep.CachingRepresentation  - StmtDelete(67) StmtDelete(63) StmtDelete(549) StmtReplace(549,722) StmtAppend(702,587) at variant332 fails to compile

2957594 [main] INFO clegoues.genprog4java.fitness.Fitness  - 	 gen: 5 0.0 StmtDelete(67) StmtDelete(63) StmtDelete(549) StmtReplace(549,722) StmtAppend(702,587) (stored at: variant332)
2957618 [main] ERROR clegoues.genprog4java.rep.JavaRepresentation  - org/jsoup/nodes/Element.java:380: error: cannot find symbol
				return empty;
				       ^
  symbol:   variable empty
  location: class Element
1 error

2957618 [main] INFO clegoues.genprog4java.rep.CachingRepresentation  - StmtDelete(651) StmtDelete(546) StmtDelete(711) StmtReplace(681,626) StmtAppend(125,566) at variant333 fails to compile

2957618 [main] INFO clegoues.genprog4java.fitness.Fitness  - 	 gen: 5 0.0 StmtDelete(651) StmtDelete(546) StmtDelete(711) StmtReplace(681,626) StmtAppend(125,566) (stored at: variant333)
2958185 [main] INFO clegoues.genprog4java.fitness.Fitness  - 	 gen: 5 0.0 StmtDelete(651) StmtReplace(388,329) (stored at: variant334)
2958213 [main] ERROR clegoues.genprog4java.rep.JavaRepresentation  - org/jsoup/parser/Tag.java:51: error: missing return statement
    }
    ^
1 error

2958213 [main] INFO clegoues.genprog4java.rep.CachingRepresentation  - StmtReplace(552,670) StmtAppend(491,420) StmtDelete(549) StmtReplace(549,722) StmtDelete(528) at variant335 fails to compile

2958213 [main] INFO clegoues.genprog4java.fitness.Fitness  - 	 gen: 5 0.0 StmtReplace(552,670) StmtAppend(491,420) StmtDelete(549) StmtReplace(549,722) StmtDelete(528) (stored at: variant335)
2958749 [main] INFO clegoues.genprog4java.fitness.Fitness  - 	 gen: 5 1.0 StmtAppend(180,538) StmtDelete(587) StmtReplace(684,632) (stored at: variant336)
2959347 [main] INFO clegoues.genprog4java.fitness.Fitness  - 	 gen: 5 0.0 StmtDelete(683) StmtAppend(192,243) StmtDelete(644) StmtAppend(403,357) (stored at: variant337)
2959367 [main] ERROR clegoues.genprog4java.rep.JavaRepresentation  - org/jsoup/parser/Parser.java:223: error: cannot find symbol
        Validate.notNull(tag);
                         ^
  symbol:   variable tag
  location: class Parser
org/jsoup/parser/Parser.java:225: error: cannot find symbol
        if (!validAncestor) {
             ^
  symbol:   variable validAncestor
  location: class Parser
2 errors

2959367 [main] INFO clegoues.genprog4java.rep.CachingRepresentation  - StmtDelete(432) StmtReplace(457,2) at variant338 fails to compile

2959367 [main] INFO clegoues.genprog4java.fitness.Fitness  - 	 gen: 5 0.0 StmtDelete(432) StmtReplace(457,2) (stored at: variant338)
2959945 [main] INFO clegoues.genprog4java.fitness.Fitness  - 	 gen: 5 0.0 StmtDelete(432) StmtAppend(72,2) StmtReplace(726,613) StmtDelete(540) (stored at: variant339)
2959968 [main] ERROR clegoues.genprog4java.rep.JavaRepresentation  - org/jsoup/nodes/Element.java:327: error: unreachable statement
        if (wrapChildren.size() > 1) {
        ^
1 error

2959968 [main] INFO clegoues.genprog4java.rep.CachingRepresentation  - StmtReplace(552,670) StmtReplace(99,20) at variant340 fails to compile

2959968 [main] INFO clegoues.genprog4java.fitness.Fitness  - 	 gen: 5 0.0 StmtReplace(552,670) StmtReplace(99,20) (stored at: variant340)
2960509 [main] INFO clegoues.genprog4java.fitness.Fitness  - 	 gen: 5 1.0 StmtReplace(552,670) StmtDelete(682) (stored at: variant341)
2960517 [main] ERROR clegoues.genprog4java.rep.JavaRepresentation  - org/jsoup/parser/Parser.java:103: error: ';' expected
    private void parseXmlDecl() tq.consume("</");
                               ^
1 error

2960517 [main] INFO clegoues.genprog4java.rep.CachingRepresentation  - StmtDelete(432) StmtDelete(644) StmtReplace(364,372) at variant342 fails to compile

2960517 [main] INFO clegoues.genprog4java.fitness.Fitness  - 	 gen: 5 0.0 StmtDelete(432) StmtDelete(644) StmtReplace(364,372) (stored at: variant342)
2961165 [main] INFO clegoues.genprog4java.fitness.Fitness  - 	 gen: 5 0.0 StmtAppend(577,518) StmtDelete(546) (stored at: variant343)
2961714 [main] INFO clegoues.genprog4java.fitness.Fitness  - 	 gen: 5 0.0 StmtAppend(180,538) StmtDelete(587) StmtDelete(329) (stored at: variant344)
2962256 [main] INFO clegoues.genprog4java.fitness.Fitness  - 	 gen: 5 1.0 StmtDelete(683) StmtReplace(623,618) StmtDelete(615) (stored at: variant345)
2962802 [main] INFO clegoues.genprog4java.fitness.Fitness  - 	 gen: 5 1.0 StmtDelete(651) StmtDelete(644) StmtDelete(186) (stored at: variant346)
2962843 [main] ERROR clegoues.genprog4java.rep.JavaRepresentation  - org/jsoup/nodes/Element.java:630: error: cannot find symbol
                parentNode.replaceChild(this, wrap);
                                              ^
  symbol:   variable wrap
  location: class Element
org/jsoup/nodes/Element.java:631: error: cannot find symbol
                if (el.hasText())
                    ^
  symbol:   variable el
  location: class Element
2 errors

2962843 [main] INFO clegoues.genprog4java.rep.CachingRepresentation  - StmtAppend(577,518) StmtAppend(491,420) StmtAppend(672,661) StmtAppend(603,652) StmtReplace(215,98) at variant347 fails to compile

2962843 [main] INFO clegoues.genprog4java.fitness.Fitness  - 	 gen: 5 0.0 StmtAppend(577,518) StmtAppend(491,420) StmtAppend(672,661) StmtAppend(603,652) StmtReplace(215,98) (stored at: variant347)
2962843 [main] INFO clegoues.genprog4java.Search.Search  - search: generation6
2962868 [main] ERROR clegoues.genprog4java.rep.JavaRepresentation  - org/jsoup/nodes/Element.java:586: error: cannot find symbol
                    text = TextNode.normaliseWhitespace(text);
                    ^
  symbol:   variable text
  location: class Element
org/jsoup/nodes/Element.java:586: error: cannot find symbol
                    text = TextNode.normaliseWhitespace(text);
                                                        ^
  symbol:   variable text
  location: class Element
org/jsoup/nodes/Element.java:588: error: cannot find symbol
                        text = TextNode.stripLeadingWhitespace(text);
                        ^
  symbol:   variable text
  location: class Element
org/jsoup/nodes/Element.java:588: error: cannot find symbol
                        text = TextNode.stripLeadingWhitespace(text);
                                                               ^
  symbol:   variable text
  location: class Element
org/jsoup/nodes/Element.java:590: error: cannot find symbol
                accum.append(text);
                             ^
  symbol:   variable text
  location: class Element
5 errors

2962891 [main] ERROR clegoues.genprog4java.rep.JavaRepresentation  - org/jsoup/nodes/Element.java:586: error: cannot find symbol
                    text = TextNode.normaliseWhitespace(text);
                    ^
  symbol:   variable text
  location: class Element
org/jsoup/nodes/Element.java:586: error: cannot find symbol
                    text = TextNode.normaliseWhitespace(text);
                                                        ^
  symbol:   variable text
  location: class Element
org/jsoup/nodes/Element.java:588: error: cannot find symbol
                        text = TextNode.stripLeadingWhitespace(text);
                        ^
  symbol:   variable text
  location: class Element
org/jsoup/nodes/Element.java:588: error: cannot find symbol
                        text = TextNode.stripLeadingWhitespace(text);
                                                               ^
  symbol:   variable text
  location: class Element
org/jsoup/nodes/Element.java:590: error: cannot find symbol
                accum.append(text);
                             ^
  symbol:   variable text
  location: class Element
5 errors

2962914 [main] ERROR clegoues.genprog4java.rep.JavaRepresentation  - org/jsoup/nodes/Element.java:586: error: cannot find symbol
                    text = TextNode.normaliseWhitespace(text);
                    ^
  symbol:   variable text
  location: class Element
org/jsoup/nodes/Element.java:586: error: cannot find symbol
                    text = TextNode.normaliseWhitespace(text);
                                                        ^
  symbol:   variable text
  location: class Element
org/jsoup/nodes/Element.java:588: error: cannot find symbol
                        text = TextNode.stripLeadingWhitespace(text);
                        ^
  symbol:   variable text
  location: class Element
org/jsoup/nodes/Element.java:588: error: cannot find symbol
                        text = TextNode.stripLeadingWhitespace(text);
                                                               ^
  symbol:   variable text
  location: class Element
org/jsoup/nodes/Element.java:590: error: cannot find symbol
                accum.append(text);
                             ^
  symbol:   variable text
  location: class Element
5 errors

2962938 [main] ERROR clegoues.genprog4java.rep.JavaRepresentation  - org/jsoup/nodes/Element.java:586: error: cannot find symbol
                    text = TextNode.normaliseWhitespace(text);
                    ^
  symbol:   variable text
  location: class Element
org/jsoup/nodes/Element.java:586: error: cannot find symbol
                    text = TextNode.normaliseWhitespace(text);
                                                        ^
  symbol:   variable text
  location: class Element
org/jsoup/nodes/Element.java:588: error: cannot find symbol
                        text = TextNode.stripLeadingWhitespace(text);
                        ^
  symbol:   variable text
  location: class Element
org/jsoup/nodes/Element.java:588: error: cannot find symbol
                        text = TextNode.stripLeadingWhitespace(text);
                                                               ^
  symbol:   variable text
  location: class Element
org/jsoup/nodes/Element.java:590: error: cannot find symbol
                accum.append(text);
                             ^
  symbol:   variable text
  location: class Element
5 errors

2962961 [main] ERROR clegoues.genprog4java.rep.JavaRepresentation  - org/jsoup/nodes/Element.java:586: error: cannot find symbol
                    text = TextNode.normaliseWhitespace(text);
                    ^
  symbol:   variable text
  location: class Element
org/jsoup/nodes/Element.java:586: error: cannot find symbol
                    text = TextNode.normaliseWhitespace(text);
                                                        ^
  symbol:   variable text
  location: class Element
org/jsoup/nodes/Element.java:588: error: cannot find symbol
                        text = TextNode.stripLeadingWhitespace(text);
                        ^
  symbol:   variable text
  location: class Element
org/jsoup/nodes/Element.java:588: error: cannot find symbol
                        text = TextNode.stripLeadingWhitespace(text);
                                                               ^
  symbol:   variable text
  location: class Element
org/jsoup/nodes/Element.java:590: error: cannot find symbol
                accum.append(text);
                             ^
  symbol:   variable text
  location: class Element
5 errors

2962984 [main] ERROR clegoues.genprog4java.rep.JavaRepresentation  - org/jsoup/nodes/Element.java:586: error: cannot find symbol
                    text = TextNode.normaliseWhitespace(text);
                    ^
  symbol:   variable text
  location: class Element
org/jsoup/nodes/Element.java:586: error: cannot find symbol
                    text = TextNode.normaliseWhitespace(text);
                                                        ^
  symbol:   variable text
  location: class Element
org/jsoup/nodes/Element.java:588: error: cannot find symbol
                        text = TextNode.stripLeadingWhitespace(text);
                        ^
  symbol:   variable text
  location: class Element
org/jsoup/nodes/Element.java:588: error: cannot find symbol
                        text = TextNode.stripLeadingWhitespace(text);
                                                               ^
  symbol:   variable text
  location: class Element
org/jsoup/nodes/Element.java:590: error: cannot find symbol
                accum.append(text);
                             ^
  symbol:   variable text
  location: class Element
5 errors

2963008 [main] ERROR clegoues.genprog4java.rep.JavaRepresentation  - org/jsoup/nodes/Element.java:586: error: cannot find symbol
                    text = TextNode.normaliseWhitespace(text);
                    ^
  symbol:   variable text
  location: class Element
org/jsoup/nodes/Element.java:586: error: cannot find symbol
                    text = TextNode.normaliseWhitespace(text);
                                                        ^
  symbol:   variable text
  location: class Element
org/jsoup/nodes/Element.java:588: error: cannot find symbol
                        text = TextNode.stripLeadingWhitespace(text);
                        ^
  symbol:   variable text
  location: class Element
org/jsoup/nodes/Element.java:588: error: cannot find symbol
                        text = TextNode.stripLeadingWhitespace(text);
                                                               ^
  symbol:   variable text
  location: class Element
org/jsoup/nodes/Element.java:590: error: cannot find symbol
                accum.append(text);
                             ^
  symbol:   variable text
  location: class Element
5 errors

2963033 [main] ERROR clegoues.genprog4java.rep.JavaRepresentation  - org/jsoup/nodes/Element.java:586: error: cannot find symbol
                    text = TextNode.normaliseWhitespace(text);
                    ^
  symbol:   variable text
  location: class Element
org/jsoup/nodes/Element.java:586: error: cannot find symbol
                    text = TextNode.normaliseWhitespace(text);
                                                        ^
  symbol:   variable text
  location: class Element
org/jsoup/nodes/Element.java:588: error: cannot find symbol
                        text = TextNode.stripLeadingWhitespace(text);
                        ^
  symbol:   variable text
  location: class Element
org/jsoup/nodes/Element.java:588: error: cannot find symbol
                        text = TextNode.stripLeadingWhitespace(text);
                                                               ^
  symbol:   variable text
  location: class Element
org/jsoup/nodes/Element.java:590: error: cannot find symbol
                accum.append(text);
                             ^
  symbol:   variable text
  location: class Element
5 errors

2963058 [main] ERROR clegoues.genprog4java.rep.JavaRepresentation  - org/jsoup/nodes/Element.java:586: error: cannot find symbol
                    text = TextNode.normaliseWhitespace(text);
                    ^
  symbol:   variable text
  location: class Element
org/jsoup/nodes/Element.java:586: error: cannot find symbol
                    text = TextNode.normaliseWhitespace(text);
                                                        ^
  symbol:   variable text
  location: class Element
org/jsoup/nodes/Element.java:588: error: cannot find symbol
                        text = TextNode.stripLeadingWhitespace(text);
                        ^
  symbol:   variable text
  location: class Element
org/jsoup/nodes/Element.java:588: error: cannot find symbol
                        text = TextNode.stripLeadingWhitespace(text);
                                                               ^
  symbol:   variable text
  location: class Element
org/jsoup/nodes/Element.java:590: error: cannot find symbol
                accum.append(text);
                             ^
  symbol:   variable text
  location: class Element
5 errors

2963083 [main] ERROR clegoues.genprog4java.rep.JavaRepresentation  - org/jsoup/nodes/Element.java:586: error: cannot find symbol
                    text = TextNode.normaliseWhitespace(text);
                    ^
  symbol:   variable text
  location: class Element
org/jsoup/nodes/Element.java:586: error: cannot find symbol
                    text = TextNode.normaliseWhitespace(text);
                                                        ^
  symbol:   variable text
  location: class Element
org/jsoup/nodes/Element.java:588: error: cannot find symbol
                        text = TextNode.stripLeadingWhitespace(text);
                        ^
  symbol:   variable text
  location: class Element
org/jsoup/nodes/Element.java:588: error: cannot find symbol
                        text = TextNode.stripLeadingWhitespace(text);
                                                               ^
  symbol:   variable text
  location: class Element
org/jsoup/nodes/Element.java:590: error: cannot find symbol
                accum.append(text);
                             ^
  symbol:   variable text
  location: class Element
5 errors

2963108 [main] ERROR clegoues.genprog4java.rep.JavaRepresentation  - org/jsoup/nodes/Element.java:586: error: cannot find symbol
                    text = TextNode.normaliseWhitespace(text);
                    ^
  symbol:   variable text
  location: class Element
org/jsoup/nodes/Element.java:586: error: cannot find symbol
                    text = TextNode.normaliseWhitespace(text);
                                                        ^
  symbol:   variable text
  location: class Element
org/jsoup/nodes/Element.java:588: error: cannot find symbol
                        text = TextNode.stripLeadingWhitespace(text);
                        ^
  symbol:   variable text
  location: class Element
org/jsoup/nodes/Element.java:588: error: cannot find symbol
                        text = TextNode.stripLeadingWhitespace(text);
                                                               ^
  symbol:   variable text
  location: class Element
org/jsoup/nodes/Element.java:590: error: cannot find symbol
                accum.append(text);
                             ^
  symbol:   variable text
  location: class Element
5 errors

2963134 [main] ERROR clegoues.genprog4java.rep.JavaRepresentation  - org/jsoup/nodes/Element.java:586: error: cannot find symbol
                    text = TextNode.normaliseWhitespace(text);
                    ^
  symbol:   variable text
  location: class Element
org/jsoup/nodes/Element.java:586: error: cannot find symbol
                    text = TextNode.normaliseWhitespace(text);
                                                        ^
  symbol:   variable text
  location: class Element
org/jsoup/nodes/Element.java:588: error: cannot find symbol
                        text = TextNode.stripLeadingWhitespace(text);
                        ^
  symbol:   variable text
  location: class Element
org/jsoup/nodes/Element.java:588: error: cannot find symbol
                        text = TextNode.stripLeadingWhitespace(text);
                                                               ^
  symbol:   variable text
  location: class Element
org/jsoup/nodes/Element.java:590: error: cannot find symbol
                accum.append(text);
                             ^
  symbol:   variable text
  location: class Element
5 errors

2963159 [main] ERROR clegoues.genprog4java.rep.JavaRepresentation  - org/jsoup/nodes/Element.java:586: error: cannot find symbol
                    text = TextNode.normaliseWhitespace(text);
                    ^
  symbol:   variable text
  location: class Element
org/jsoup/nodes/Element.java:586: error: cannot find symbol
                    text = TextNode.normaliseWhitespace(text);
                                                        ^
  symbol:   variable text
  location: class Element
org/jsoup/nodes/Element.java:588: error: cannot find symbol
                        text = TextNode.stripLeadingWhitespace(text);
                        ^
  symbol:   variable text
  location: class Element
org/jsoup/nodes/Element.java:588: error: cannot find symbol
                        text = TextNode.stripLeadingWhitespace(text);
                                                               ^
  symbol:   variable text
  location: class Element
org/jsoup/nodes/Element.java:590: error: cannot find symbol
                accum.append(text);
                             ^
  symbol:   variable text
  location: class Element
5 errors

2963185 [main] ERROR clegoues.genprog4java.rep.JavaRepresentation  - org/jsoup/nodes/Element.java:586: error: cannot find symbol
                    text = TextNode.normaliseWhitespace(text);
                    ^
  symbol:   variable text
  location: class Element
org/jsoup/nodes/Element.java:586: error: cannot find symbol
                    text = TextNode.normaliseWhitespace(text);
                                                        ^
  symbol:   variable text
  location: class Element
org/jsoup/nodes/Element.java:588: error: cannot find symbol
                        text = TextNode.stripLeadingWhitespace(text);
                        ^
  symbol:   variable text
  location: class Element
org/jsoup/nodes/Element.java:588: error: cannot find symbol
                        text = TextNode.stripLeadingWhitespace(text);
                                                               ^
  symbol:   variable text
  location: class Element
org/jsoup/nodes/Element.java:590: error: cannot find symbol
                accum.append(text);
                             ^
  symbol:   variable text
  location: class Element
5 errors

2963210 [main] ERROR clegoues.genprog4java.rep.JavaRepresentation  - org/jsoup/nodes/Element.java:586: error: cannot find symbol
                    text = TextNode.normaliseWhitespace(text);
                    ^
  symbol:   variable text
  location: class Element
org/jsoup/nodes/Element.java:586: error: cannot find symbol
                    text = TextNode.normaliseWhitespace(text);
                                                        ^
  symbol:   variable text
  location: class Element
org/jsoup/nodes/Element.java:588: error: cannot find symbol
                        text = TextNode.stripLeadingWhitespace(text);
                        ^
  symbol:   variable text
  location: class Element
org/jsoup/nodes/Element.java:588: error: cannot find symbol
                        text = TextNode.stripLeadingWhitespace(text);
                                                               ^
  symbol:   variable text
  location: class Element
org/jsoup/nodes/Element.java:590: error: cannot find symbol
                accum.append(text);
                             ^
  symbol:   variable text
  location: class Element
5 errors

2963237 [main] ERROR clegoues.genprog4java.rep.JavaRepresentation  - org/jsoup/nodes/Element.java:586: error: cannot find symbol
                    text = TextNode.normaliseWhitespace(text);
                    ^
  symbol:   variable text
  location: class Element
org/jsoup/nodes/Element.java:586: error: cannot find symbol
                    text = TextNode.normaliseWhitespace(text);
                                                        ^
  symbol:   variable text
  location: class Element
org/jsoup/nodes/Element.java:588: error: cannot find symbol
                        text = TextNode.stripLeadingWhitespace(text);
                        ^
  symbol:   variable text
  location: class Element
org/jsoup/nodes/Element.java:588: error: cannot find symbol
                        text = TextNode.stripLeadingWhitespace(text);
                                                               ^
  symbol:   variable text
  location: class Element
org/jsoup/nodes/Element.java:590: error: cannot find symbol
                accum.append(text);
                             ^
  symbol:   variable text
  location: class Element
5 errors

2963262 [main] ERROR clegoues.genprog4java.rep.JavaRepresentation  - org/jsoup/nodes/Element.java:586: error: cannot find symbol
                    text = TextNode.normaliseWhitespace(text);
                    ^
  symbol:   variable text
  location: class Element
org/jsoup/nodes/Element.java:586: error: cannot find symbol
                    text = TextNode.normaliseWhitespace(text);
                                                        ^
  symbol:   variable text
  location: class Element
org/jsoup/nodes/Element.java:588: error: cannot find symbol
                        text = TextNode.stripLeadingWhitespace(text);
                        ^
  symbol:   variable text
  location: class Element
org/jsoup/nodes/Element.java:588: error: cannot find symbol
                        text = TextNode.stripLeadingWhitespace(text);
                                                               ^
  symbol:   variable text
  location: class Element
org/jsoup/nodes/Element.java:590: error: cannot find symbol
                accum.append(text);
                             ^
  symbol:   variable text
  location: class Element
5 errors

2963287 [main] ERROR clegoues.genprog4java.rep.JavaRepresentation  - org/jsoup/nodes/Element.java:586: error: cannot find symbol
                    text = TextNode.normaliseWhitespace(text);
                    ^
  symbol:   variable text
  location: class Element
org/jsoup/nodes/Element.java:586: error: cannot find symbol
                    text = TextNode.normaliseWhitespace(text);
                                                        ^
  symbol:   variable text
  location: class Element
org/jsoup/nodes/Element.java:588: error: cannot find symbol
                        text = TextNode.stripLeadingWhitespace(text);
                        ^
  symbol:   variable text
  location: class Element
org/jsoup/nodes/Element.java:588: error: cannot find symbol
                        text = TextNode.stripLeadingWhitespace(text);
                                                               ^
  symbol:   variable text
  location: class Element
org/jsoup/nodes/Element.java:590: error: cannot find symbol
                accum.append(text);
                             ^
  symbol:   variable text
  location: class Element
5 errors

2963312 [main] ERROR clegoues.genprog4java.rep.JavaRepresentation  - org/jsoup/nodes/Element.java:586: error: cannot find symbol
                    text = TextNode.normaliseWhitespace(text);
                    ^
  symbol:   variable text
  location: class Element
org/jsoup/nodes/Element.java:586: error: cannot find symbol
                    text = TextNode.normaliseWhitespace(text);
                                                        ^
  symbol:   variable text
  location: class Element
org/jsoup/nodes/Element.java:588: error: cannot find symbol
                        text = TextNode.stripLeadingWhitespace(text);
                        ^
  symbol:   variable text
  location: class Element
org/jsoup/nodes/Element.java:588: error: cannot find symbol
                        text = TextNode.stripLeadingWhitespace(text);
                                                               ^
  symbol:   variable text
  location: class Element
org/jsoup/nodes/Element.java:590: error: cannot find symbol
                accum.append(text);
                             ^
  symbol:   variable text
  location: class Element
5 errors

2963339 [main] ERROR clegoues.genprog4java.rep.JavaRepresentation  - org/jsoup/nodes/Element.java:586: error: cannot find symbol
                    text = TextNode.normaliseWhitespace(text);
                    ^
  symbol:   variable text
  location: class Element
org/jsoup/nodes/Element.java:586: error: cannot find symbol
                    text = TextNode.normaliseWhitespace(text);
                                                        ^
  symbol:   variable text
  location: class Element
org/jsoup/nodes/Element.java:588: error: cannot find symbol
                        text = TextNode.stripLeadingWhitespace(text);
                        ^
  symbol:   variable text
  location: class Element
org/jsoup/nodes/Element.java:588: error: cannot find symbol
                        text = TextNode.stripLeadingWhitespace(text);
                                                               ^
  symbol:   variable text
  location: class Element
org/jsoup/nodes/Element.java:590: error: cannot find symbol
                accum.append(text);
                             ^
  symbol:   variable text
  location: class Element
5 errors

2963641 [main] ERROR clegoues.genprog4java.rep.JavaRepresentation  - org/jsoup/parser/Tag.java:272: error: cannot find symbol
        empty();
        ^
  symbol:   method empty()
  location: class Tag
1 error

2963641 [main] INFO clegoues.genprog4java.rep.CachingRepresentation  - StmtReplace(552,670) StmtAppend(620,663) StmtAppend(726,612) StmtReplace(653,297) at variant348 fails to compile

2963641 [main] INFO clegoues.genprog4java.fitness.Fitness  - 	 gen: 6 0.0 StmtReplace(552,670) StmtAppend(620,663) StmtAppend(726,612) StmtReplace(653,297) (stored at: variant348)
2964205 [main] INFO clegoues.genprog4java.fitness.Fitness  - 	 gen: 6 0.0 StmtDelete(651) StmtDelete(644) StmtDelete(186) StmtAppend(347,384) (stored at: variant349)
2964226 [main] ERROR clegoues.genprog4java.rep.JavaRepresentation  - org/jsoup/parser/Tag.java:218: error: non-static variable canContainInline cannot be referenced from a static context
        canContainInline = true;
        ^
1 error

2964227 [main] INFO clegoues.genprog4java.rep.CachingRepresentation  - StmtReplace(552,670) StmtAppend(620,663) StmtDelete(731) StmtReplace(617,706) at variant350 fails to compile

2964227 [main] INFO clegoues.genprog4java.fitness.Fitness  - 	 gen: 6 0.0 StmtReplace(552,670) StmtAppend(620,663) StmtDelete(731) StmtReplace(617,706) (stored at: variant350)
2964249 [main] ERROR clegoues.genprog4java.rep.JavaRepresentation  - org/jsoup/parser/Parser.java:231: error: cannot find symbol
                implicit.appendChild(head);
                ^
  symbol:   variable implicit
  location: class Parser
org/jsoup/parser/Parser.java:233: error: cannot find symbol
            implicit.appendChild(child);
            ^
  symbol:   variable implicit
  location: class Parser
org/jsoup/parser/Parser.java:236: error: cannot find symbol
            Element root = addChildToParent(implicit, false);
                                            ^
  symbol:   variable implicit
  location: class Parser
3 errors

2964249 [main] INFO clegoues.genprog4java.rep.CachingRepresentation  - StmtDelete(651) StmtDelete(546) StmtAppend(491,420) StmtAppend(672,661) StmtDelete(552) StmtAppend(709,650) StmtReplace(461,329) at variant351 fails to compile

2964249 [main] INFO clegoues.genprog4java.fitness.Fitness  - 	 gen: 6 0.0 StmtDelete(651) StmtDelete(546) StmtAppend(491,420) StmtAppend(672,661) StmtDelete(552) StmtAppend(709,650) StmtReplace(461,329) (stored at: variant351)
2964797 [main] INFO clegoues.genprog4java.fitness.Fitness  - 	 gen: 6 1.0 StmtDelete(432) StmtReplace(405,384) StmtDelete(539) StmtReplace(652,622) (stored at: variant352)
2965310 [main] INFO clegoues.genprog4java.fitness.Fitness  - 	 gen: 6 1.0 StmtReplace(552,670) StmtAppend(620,663) StmtAppend(652,655) StmtReplace(657,670) (stored at: variant353)
2965334 [main] ERROR clegoues.genprog4java.rep.JavaRepresentation  - org/jsoup/nodes/Element.java:285: error: missing return statement
	}
	^
1 error

2965334 [main] INFO clegoues.genprog4java.rep.CachingRepresentation  - StmtDelete(651) StmtDelete(546) StmtAppend(491,420) StmtDelete(100) StmtDelete(634) StmtReplace(427,372) StmtDelete(77) at variant354 fails to compile

2965334 [main] INFO clegoues.genprog4java.fitness.Fitness  - 	 gen: 6 0.0 StmtDelete(651) StmtDelete(546) StmtAppend(491,420) StmtDelete(100) StmtDelete(634) StmtReplace(427,372) StmtDelete(77) (stored at: variant354)
2965884 [main] INFO clegoues.genprog4java.fitness.Fitness  - 	 gen: 6 0.0 StmtReplace(552,670) StmtAppend(620,663) StmtDelete(731) StmtReplace(490,491) (stored at: variant355)
2966427 [main] INFO clegoues.genprog4java.fitness.Fitness  - 	 gen: 6 0.0 StmtDelete(67) StmtDelete(63) StmtReplace(541,519) StmtDelete(711) StmtReplace(681,626) StmtDelete(262) StmtReplace(477,341) (stored at: variant356)
2966997 [main] INFO clegoues.genprog4java.fitness.Fitness  - 	 gen: 6 1.0 StmtDelete(683) StmtReplace(623,618) StmtDelete(615) StmtAppend(416,326) (stored at: variant357)
2967557 [main] INFO clegoues.genprog4java.fitness.Fitness  - 	 gen: 6 1.0 StmtReplace(552,670) StmtDelete(682) StmtDelete(405) (stored at: variant358)
2968334 [main] INFO clegoues.genprog4java.fitness.Fitness  - 	 gen: 6 0.0 StmtReplace(552,670) StmtAppend(620,663) StmtAppend(652,655) StmtDelete(427) (stored at: variant359)
2968365 [main] ERROR clegoues.genprog4java.rep.JavaRepresentation  - org/jsoup/parser/Tag.java:49: error: '{' expected
        synchronized (tags) createInline("SELECT").setAncestor("FORM");
                           ^
org/jsoup/parser/Tag.java:57: error: ';' expected
    boolean canContain(Tag child) {
                      ^
org/jsoup/parser/Tag.java:57: error: ';' expected
    boolean canContain(Tag child) {
                                ^
org/jsoup/parser/Tag.java:97: error: illegal start of expression
    public boolean isBlock() {
    ^
org/jsoup/parser/Tag.java:97: error: ';' expected
    public boolean isBlock() {
                          ^
org/jsoup/parser/Tag.java:105: error: illegal start of expression
    public boolean canContainBlock() {
    ^
org/jsoup/parser/Tag.java:105: error: ';' expected
    public boolean canContainBlock() {
                                  ^
org/jsoup/parser/Tag.java:113: error: illegal start of expression
    public boolean isInline() {
    ^
org/jsoup/parser/Tag.java:113: error: ';' expected
    public boolean isInline() {
                           ^
org/jsoup/parser/Tag.java:121: error: illegal start of expression
    public boolean isData() {
    ^
org/jsoup/parser/Tag.java:121: error: ';' expected
    public boolean isData() {
                         ^
org/jsoup/parser/Tag.java:129: error: illegal start of expression
    public boolean isEmpty() {
    ^
org/jsoup/parser/Tag.java:129: error: ';' expected
    public boolean isEmpty() {
                          ^
org/jsoup/parser/Tag.java:137: error: illegal start of expression
    public boolean preserveWhitespace() {
    ^
org/jsoup/parser/Tag.java:137: error: ';' expected
    public boolean preserveWhitespace() {
                                     ^
org/jsoup/parser/Tag.java:141: error: ';' expected
    Tag getImplicitParent() {
                         ^
org/jsoup/parser/Tag.java:146: error: ';' expected
    boolean isValidParent(Tag child) {
                         ^
org/jsoup/parser/Tag.java:146: error: ';' expected
    boolean isValidParent(Tag child) {
                                   ^
org/jsoup/parser/Tag.java:159: error: ';' expected
    public boolean equals(Object o) {
                         ^
org/jsoup/parser/Tag.java:159: error: ';' expected
    public boolean equals(Object o) {
                                  ^
org/jsoup/parser/Tag.java:176: error: ';' expected
    public int hashCode() {
                       ^
org/jsoup/parser/Tag.java:186: error: illegal start of expression
    public String toString() {
    ^
org/jsoup/parser/Tag.java:186: error: ';' expected
    public String toString() {
                          ^
org/jsoup/parser/Tag.java:192: error: illegal start of expression
    static {
    ^
org/jsoup/parser/Tag.java:314: error: illegal start of expression
    private static Tag createBlock(String tagName) {
    ^
org/jsoup/parser/Tag.java:314: error: illegal start of expression
    private static Tag createBlock(String tagName) {
            ^
org/jsoup/parser/Tag.java:314: error: ';' expected
    private static Tag createBlock(String tagName) {
                      ^
org/jsoup/parser/Tag.java:314: error: ')' expected
    private static Tag createBlock(String tagName) {
                                         ^
org/jsoup/parser/Tag.java:314: error: illegal start of expression
    private static Tag createBlock(String tagName) {
                                                 ^
org/jsoup/parser/Tag.java:314: error: ';' expected
    private static Tag createBlock(String tagName) {
                                                  ^
30 errors

2968365 [main] INFO clegoues.genprog4java.rep.CachingRepresentation  - StmtReplace(552,670) StmtAppend(620,663) StmtAppend(652,655) StmtReplace(528,665) at variant360 fails to compile

2968365 [main] INFO clegoues.genprog4java.fitness.Fitness  - 	 gen: 6 0.0 StmtReplace(552,670) StmtAppend(620,663) StmtAppend(652,655) StmtReplace(528,665) (stored at: variant360)
2968403 [main] ERROR clegoues.genprog4java.rep.JavaRepresentation  - org/jsoup/nodes/Element.java:726: error: incompatible types: boolean cannot be converted to Element
			return true;
			       ^
org/jsoup/nodes/Element.java:727: error: cannot find symbol
        classes.remove(className);
        ^
  symbol:   variable classes
  location: class Element
org/jsoup/nodes/Element.java:728: error: cannot find symbol
        classNames(classes);
                   ^
  symbol:   variable classes
  location: class Element
3 errors

2968403 [main] INFO clegoues.genprog4java.rep.CachingRepresentation  - StmtAppend(429,441) StmtAppend(180,538) StmtReplace(643,639) StmtDelete(342) StmtReplace(255,577) at variant361 fails to compile

2968403 [main] INFO clegoues.genprog4java.fitness.Fitness  - 	 gen: 6 0.0 StmtAppend(429,441) StmtAppend(180,538) StmtReplace(643,639) StmtDelete(342) StmtReplace(255,577) (stored at: variant361)
2969003 [main] INFO clegoues.genprog4java.fitness.Fitness  - 	 gen: 6 0.0 StmtDelete(651) StmtDelete(546) StmtAppend(491,420) StmtAppend(672,661) StmtAppend(603,652) StmtAppend(346,512) StmtAppend(405,343) (stored at: variant362)
2969024 [main] ERROR clegoues.genprog4java.rep.JavaRepresentation  - org/jsoup/parser/Parser.java:36: error: variable doc might not have been initialized
    }
    ^
1 error

2969025 [main] INFO clegoues.genprog4java.rep.CachingRepresentation  - StmtReplace(552,670) StmtDelete(682) StmtReplace(323,70) at variant363 fails to compile

2969025 [main] INFO clegoues.genprog4java.fitness.Fitness  - 	 gen: 6 0.0 StmtReplace(552,670) StmtDelete(682) StmtReplace(323,70) (stored at: variant363)
2969058 [main] ERROR clegoues.genprog4java.rep.JavaRepresentation  - org/jsoup/nodes/Element.java:156: error: incompatible types: Element cannot be converted to Elements
            return this;
                   ^
1 error

2969058 [main] INFO clegoues.genprog4java.rep.CachingRepresentation  - StmtDelete(67) StmtDelete(63) StmtReplace(541,519) StmtDelete(711) StmtReplace(681,626) StmtDelete(262) StmtReplace(38,89) at variant364 fails to compile

2969058 [main] INFO clegoues.genprog4java.fitness.Fitness  - 	 gen: 6 0.0 StmtDelete(67) StmtDelete(63) StmtReplace(541,519) StmtDelete(711) StmtReplace(681,626) StmtDelete(262) StmtReplace(38,89) (stored at: variant364)
2969093 [main] ERROR clegoues.genprog4java.rep.JavaRepresentation  - org/jsoup/parser/Parser.java:196: error: incompatible types: Element cannot be converted to Attribute
            return last();
                       ^
1 error

2969093 [main] INFO clegoues.genprog4java.rep.CachingRepresentation  - StmtReplace(552,670) StmtAppend(620,663) StmtAppend(652,655) StmtReplace(439,490) at variant365 fails to compile

2969093 [main] INFO clegoues.genprog4java.fitness.Fitness  - 	 gen: 6 0.0 StmtReplace(552,670) StmtAppend(620,663) StmtAppend(652,655) StmtReplace(439,490) (stored at: variant365)
2969133 [main] ERROR clegoues.genprog4java.rep.JavaRepresentation  - org/jsoup/parser/Tag.java:334: error: non-static variable canContainBlock cannot be referenced from a static context
			return canContainBlock;
			       ^
1 error

2969133 [main] INFO clegoues.genprog4java.rep.CachingRepresentation  - StmtDelete(683) StmtAppend(429,441) StmtAppend(180,538) StmtDelete(587) StmtReplace(700,560) StmtReplace(342,357) at variant366 fails to compile

2969133 [main] INFO clegoues.genprog4java.fitness.Fitness  - 	 gen: 6 0.0 StmtDelete(683) StmtAppend(429,441) StmtAppend(180,538) StmtDelete(587) StmtReplace(700,560) StmtReplace(342,357) (stored at: variant366)
2969809 [main] INFO clegoues.genprog4java.fitness.Fitness  - 	 gen: 6 1.0 StmtDelete(432) StmtReplace(405,384) StmtDelete(250) StmtDelete(716) (stored at: variant367)
2970498 [main] INFO clegoues.genprog4java.fitness.Fitness  - 	 gen: 6 1.0 StmtDelete(622) StmtDelete(100) StmtAppend(361,345) StmtReplace(581,659) StmtReplace(416,385) (stored at: variant368)
2970530 [main] ERROR clegoues.genprog4java.rep.JavaRepresentation  - org/jsoup/parser/Parser.java:197: error: cannot find symbol
                    valueAccum.append(tq.consume());
                    ^
  symbol:   variable valueAccum
  location: class Parser
org/jsoup/parser/Parser.java:199: error: cannot find symbol
                value = valueAccum.toString();
                        ^
  symbol:   variable valueAccum
  location: class Parser
2 errors

2970530 [main] INFO clegoues.genprog4java.rep.CachingRepresentation  - StmtDelete(651) StmtDelete(644) StmtDelete(186) StmtAppend(434,354) at variant369 fails to compile

2970530 [main] INFO clegoues.genprog4java.fitness.Fitness  - 	 gen: 6 0.0 StmtDelete(651) StmtDelete(644) StmtDelete(186) StmtAppend(434,354) (stored at: variant369)
3258592 [main] INFO clegoues.genprog4java.fitness.Fitness  - 	 gen: 6 0.0 StmtAppend(429,441) StmtAppend(180,538) StmtReplace(643,639) StmtDelete(342) StmtReplace(550,538) (stored at: variant370)
3259139 [main] INFO clegoues.genprog4java.fitness.Fitness  - 	 gen: 6 1.0 StmtDelete(432) StmtReplace(405,384) StmtDelete(250) StmtReplace(656,664) (stored at: variant371)
3259637 [main] INFO clegoues.genprog4java.fitness.Fitness  - 	 gen: 6 0.0 StmtDelete(683) StmtReplace(623,618) StmtDelete(615) StmtAppend(469,343) (stored at: variant372)
3259661 [main] ERROR clegoues.genprog4java.rep.JavaRepresentation  - org/jsoup/nodes/Element.java:843: error: cannot find symbol
			Validate.notEmpty(tagName);
			                  ^
  symbol:   variable tagName
  location: class Element
1 error

3259661 [main] INFO clegoues.genprog4java.rep.CachingRepresentation  - StmtDelete(683) StmtReplace(623,618) StmtDelete(615) StmtAppend(315,526) at variant373 fails to compile

3259661 [main] INFO clegoues.genprog4java.fitness.Fitness  - 	 gen: 6 0.0 StmtDelete(683) StmtReplace(623,618) StmtDelete(615) StmtAppend(315,526) (stored at: variant373)
3260216 [main] INFO clegoues.genprog4java.fitness.Fitness  - 	 gen: 6 0.0 StmtDelete(651) StmtDelete(546) StmtAppend(491,420) StmtDelete(100) StmtDelete(634) StmtReplace(427,372) StmtDelete(673) (stored at: variant374)
3260243 [main] ERROR clegoues.genprog4java.rep.JavaRepresentation  - org/jsoup/parser/Parser.java:239: error: incompatible types: unexpected return value
					return Attribute.createFromEncoded(key, value);
					                                  ^
org/jsoup/parser/Parser.java:242: error: incompatible types: unexpected return value
					return null;
					       ^
2 errors

3260243 [main] INFO clegoues.genprog4java.rep.CachingRepresentation  - StmtDelete(683) StmtReplace(623,618) StmtDelete(615) StmtAppend(453,419) at variant375 fails to compile

3260243 [main] INFO clegoues.genprog4java.fitness.Fitness  - 	 gen: 6 0.0 StmtDelete(683) StmtReplace(623,618) StmtDelete(615) StmtAppend(453,419) (stored at: variant375)
3260813 [main] INFO clegoues.genprog4java.fitness.Fitness  - 	 gen: 6 1.0 StmtDelete(651) StmtDelete(644) StmtDelete(186) StmtDelete(726) (stored at: variant376)
3260840 [main] ERROR clegoues.genprog4java.rep.JavaRepresentation  - org/jsoup/nodes/Element.java:86: error: unreachable statement
		Attributes attributes = new Attributes();
		           ^
org/jsoup/nodes/Element.java:87: error: missing return statement
	}
	^
2 errors

3260840 [main] INFO clegoues.genprog4java.rep.CachingRepresentation  - StmtDelete(683) StmtReplace(623,618) StmtDelete(615) StmtAppend(12,387) at variant377 fails to compile

3260840 [main] INFO clegoues.genprog4java.fitness.Fitness  - 	 gen: 6 0.0 StmtDelete(683) StmtReplace(623,618) StmtDelete(615) StmtAppend(12,387) (stored at: variant377)
3261406 [main] INFO clegoues.genprog4java.fitness.Fitness  - 	 gen: 6 0.0 StmtDelete(651) StmtDelete(546) StmtAppend(491,420) StmtAppend(672,661) StmtDelete(552) StmtAppend(709,650) StmtDelete(507) (stored at: variant378)
3261979 [main] INFO clegoues.genprog4java.fitness.Fitness  - 	 gen: 6 0.0 StmtDelete(651) StmtDelete(546) StmtAppend(491,420) StmtDelete(100) StmtDelete(634) StmtReplace(427,372) StmtDelete(291) (stored at: variant379)
3262013 [main] ERROR clegoues.genprog4java.rep.JavaRepresentation  - org/jsoup/parser/Parser.java:156: error: incompatible types: unexpected return value
				return true;
				       ^
1 error

3262013 [main] INFO clegoues.genprog4java.rep.CachingRepresentation  - StmtDelete(432) StmtReplace(405,384) StmtDelete(539) StmtReplace(405,483) at variant380 fails to compile

3262013 [main] INFO clegoues.genprog4java.fitness.Fitness  - 	 gen: 6 0.0 StmtDelete(432) StmtReplace(405,384) StmtDelete(539) StmtReplace(405,483) (stored at: variant380)
3262827 [main] INFO clegoues.genprog4java.fitness.Fitness  - 	 gen: 6 0.0 StmtDelete(432) StmtReplace(405,384) StmtDelete(726) StmtDelete(297) (stored at: variant381)
3263410 [main] INFO clegoues.genprog4java.fitness.Fitness  - 	 gen: 6 1.0 StmtAppend(577,518) StmtAppend(192,243) StmtDelete(644) StmtDelete(329) StmtDelete(627) (stored at: variant382)
3263436 [main] ERROR clegoues.genprog4java.rep.JavaRepresentation  - org/jsoup/nodes/Element.java:649: error: cannot find symbol
                sb.append(data.getWholeData());
                ^
  symbol:   variable sb
  location: class Element
org/jsoup/nodes/Element.java:653: error: cannot find symbol
                sb.append(elementData);
                ^
  symbol:   variable sb
  location: class Element
org/jsoup/nodes/Element.java:656: error: cannot find symbol
        return sb.toString();
               ^
  symbol:   variable sb
  location: class Element
3 errors

3263436 [main] INFO clegoues.genprog4java.rep.CachingRepresentation  - StmtDelete(651) StmtDelete(546) StmtAppend(491,420) StmtAppend(672,661) StmtAppend(603,652) StmtAppend(346,512) StmtDelete(220) at variant383 fails to compile

3263436 [main] INFO clegoues.genprog4java.fitness.Fitness  - 	 gen: 6 0.0 StmtDelete(651) StmtDelete(546) StmtAppend(491,420) StmtAppend(672,661) StmtAppend(603,652) StmtAppend(346,512) StmtDelete(220) (stored at: variant383)
3263464 [main] ERROR clegoues.genprog4java.rep.JavaRepresentation  - org/jsoup/nodes/Element.java:592: error: cannot find symbol
				parents.add(parent);
				            ^
  symbol:   variable parent
  location: class Element
org/jsoup/nodes/Element.java:592: error: cannot find symbol
				parents.add(parent);
				^
  symbol:   variable parents
  location: class Element
2 errors

3263464 [main] INFO clegoues.genprog4java.rep.CachingRepresentation  - StmtReplace(552,670) StmtAppend(620,663) StmtAppend(726,612) StmtReplace(191,30) at variant384 fails to compile

3263464 [main] INFO clegoues.genprog4java.fitness.Fitness  - 	 gen: 6 0.0 StmtReplace(552,670) StmtAppend(620,663) StmtAppend(726,612) StmtReplace(191,30) (stored at: variant384)
3264208 [main] INFO clegoues.genprog4java.fitness.Fitness  - 	 gen: 6 1.0 StmtDelete(651) StmtDelete(546) StmtAppend(491,420) StmtAppend(672,661) StmtDelete(552) StmtAppend(709,650) StmtDelete(463) (stored at: variant385)
3264251 [main] ERROR clegoues.genprog4java.rep.JavaRepresentation  - org/jsoup/nodes/Element.java:290: error: cannot find symbol
			Element child = new Element(Tag.valueOf(tagName), baseUri());
			                                        ^
  symbol:   variable tagName
  location: class Element
1 error

3264251 [main] INFO clegoues.genprog4java.rep.CachingRepresentation  - StmtDelete(651) StmtDelete(546) StmtAppend(491,420) StmtAppend(672,661) StmtDelete(552) StmtAppend(709,650) StmtReplace(82,57) at variant386 fails to compile

3264251 [main] INFO clegoues.genprog4java.fitness.Fitness  - 	 gen: 6 0.0 StmtDelete(651) StmtDelete(546) StmtAppend(491,420) StmtAppend(672,661) StmtDelete(552) StmtAppend(709,650) StmtReplace(82,57) (stored at: variant386)
3264820 [main] INFO clegoues.genprog4java.fitness.Fitness  - 	 gen: 6 1.0 StmtReplace(552,670) StmtDelete(682) StmtReplace(365,423) (stored at: variant387)
3265373 [main] INFO clegoues.genprog4java.fitness.Fitness  - 	 gen: 6 0.0 StmtReplace(552,670) StmtAppend(620,663) StmtAppend(361,345) StmtReplace(581,659) StmtDelete(497) (stored at: variant388)
3265395 [main] ERROR clegoues.genprog4java.rep.JavaRepresentation  - org/jsoup/parser/Parser.java:164: error: call to this must be first statement in constructor
				this(tag, baseUri, new Attributes());
				    ^
1 error

3265396 [main] INFO clegoues.genprog4java.rep.CachingRepresentation  - StmtDelete(622) StmtReplace(411,4) at variant389 fails to compile

3265396 [main] INFO clegoues.genprog4java.fitness.Fitness  - 	 gen: 6 0.0 StmtDelete(622) StmtReplace(411,4) (stored at: variant389)
3265418 [main] ERROR clegoues.genprog4java.rep.JavaRepresentation  - org/jsoup/nodes/Element.java:292: error: cannot assign a value to final variable tag
            tag = new Tag(tagName);
            ^
org/jsoup/nodes/Element.java:292: error: cannot find symbol
            tag = new Tag(tagName);
                          ^
  symbol:   variable tagName
  location: class Element
2 errors

3265418 [main] INFO clegoues.genprog4java.rep.CachingRepresentation  - StmtDelete(651) StmtReplace(85,532) at variant390 fails to compile

3265418 [main] INFO clegoues.genprog4java.fitness.Fitness  - 	 gen: 6 0.0 StmtDelete(651) StmtReplace(85,532) (stored at: variant390)
3265443 [main] ERROR clegoues.genprog4java.rep.JavaRepresentation  - org/jsoup/parser/Tag.java:143: error: unreachable statement
		createBlock("H4").setContainInlineOnly();
		^
org/jsoup/parser/Tag.java:144: error: missing return statement
	}
	^
2 errors

3265443 [main] INFO clegoues.genprog4java.rep.CachingRepresentation  - StmtDelete(651) StmtDelete(644) StmtDelete(186) StmtAppend(566,653) at variant391 fails to compile

3265443 [main] INFO clegoues.genprog4java.fitness.Fitness  - 	 gen: 6 0.0 StmtDelete(651) StmtDelete(644) StmtDelete(186) StmtAppend(566,653) (stored at: variant391)
3265989 [main] INFO clegoues.genprog4java.fitness.Fitness  - 	 gen: 6 1.0 StmtDelete(651) StmtDelete(295) (stored at: variant392)
3266576 [main] INFO clegoues.genprog4java.fitness.Fitness  - 	 gen: 6 1.0 StmtDelete(432) StmtReplace(405,384) StmtAppend(491,420) StmtAppend(672,661) StmtDelete(552) StmtAppend(709,650) StmtDelete(648) (stored at: variant393)
3267105 [main] INFO clegoues.genprog4java.fitness.Fitness  - 	 gen: 6 1.0 StmtDelete(615) StmtDelete(670) (stored at: variant394)
3267655 [main] INFO clegoues.genprog4java.fitness.Fitness  - 	 gen: 6 0.0 StmtDelete(683) StmtReplace(405,384) StmtDelete(539) StmtDelete(458) (stored at: variant395)
3268204 [main] INFO clegoues.genprog4java.fitness.Fitness  - 	 gen: 6 1.0 StmtReplace(552,670) StmtDelete(615) StmtAppend(684,518) (stored at: variant396)
3268707 [main] INFO clegoues.genprog4java.fitness.Fitness  - 	 gen: 6 0.0 StmtDelete(683) StmtAppend(652,655) StmtReplace(520,670) (stored at: variant397)
3268731 [main] ERROR clegoues.genprog4java.rep.JavaRepresentation  - org/jsoup/parser/Parser.java:163: error: cannot find symbol
                dataNode = TextNode.createFromEncoded(data, baseUri);
                ^
  symbol:   variable dataNode
  location: class Parser
org/jsoup/parser/Parser.java:165: error: cannot find symbol
                dataNode = new DataNode(data, baseUri); // data not encoded but raw (for " in script)
                ^
  symbol:   variable dataNode
  location: class Parser
org/jsoup/parser/Parser.java:166: error: cannot find symbol
            child.appendChild(dataNode);   
                              ^
  symbol:   variable dataNode
  location: class Parser
3 errors

3268731 [main] INFO clegoues.genprog4java.rep.CachingRepresentation  - StmtReplace(552,670) StmtAppend(407,420) at variant398 fails to compile

3268731 [main] INFO clegoues.genprog4java.fitness.Fitness  - 	 gen: 6 0.0 StmtReplace(552,670) StmtAppend(407,420) (stored at: variant398)
3268759 [main] ERROR clegoues.genprog4java.rep.JavaRepresentation  - org/jsoup/parser/Tag.java:99: error: incompatible types: Tag cannot be converted to boolean
				return register(inline);
				               ^
1 error

3268759 [main] INFO clegoues.genprog4java.rep.CachingRepresentation  - StmtDelete(683) StmtReplace(623,618) StmtDelete(731) StmtAppend(553,693) at variant399 fails to compile

3268759 [main] INFO clegoues.genprog4java.fitness.Fitness  - 	 gen: 6 0.0 StmtDelete(683) StmtReplace(623,618) StmtDelete(731) StmtAppend(553,693) (stored at: variant399)
3269378 [main] INFO clegoues.genprog4java.fitness.Fitness  - 	 gen: 6 1.0 StmtDelete(683) StmtReplace(623,618) StmtReplace(623,618) StmtDelete(615) StmtAppend(190,502) (stored at: variant400)
3269962 [main] INFO clegoues.genprog4java.fitness.Fitness  - 	 gen: 6 0.0 StmtDelete(284) (stored at: variant401)
3270514 [main] INFO clegoues.genprog4java.fitness.Fitness  - 	 gen: 6 1.0 StmtReplace(552,670) StmtDelete(546) StmtAppend(491,420) StmtAppend(672,661) StmtDelete(552) StmtAppend(709,650) StmtReplace(512,347) (stored at: variant402)
3271023 [main] INFO clegoues.genprog4java.fitness.Fitness  - 	 gen: 6 0.0 StmtAppend(476,372) (stored at: variant403)
3271035 [main] ERROR clegoues.genprog4java.rep.JavaRepresentation  - org/jsoup/parser/Tag.java:186: error: ';' expected
    public int hashCode() createBlock("H1").setContainInlineOnly();
                         ^
1 error

3271035 [main] INFO clegoues.genprog4java.rep.CachingRepresentation  - StmtReplace(427,372) StmtReplace(599,650) at variant404 fails to compile

3271035 [main] INFO clegoues.genprog4java.fitness.Fitness  - 	 gen: 6 0.0 StmtReplace(427,372) StmtReplace(599,650) (stored at: variant404)
3271061 [main] ERROR clegoues.genprog4java.rep.JavaRepresentation  - org/jsoup/nodes/Element.java:290: error: cannot find symbol
        for (int i = nodes.size() - 1; i >= 0; i--) {
                     ^
  symbol:   variable nodes
  location: class Element
org/jsoup/nodes/Element.java:291: error: cannot find symbol
            Node node = nodes.get(i);
                        ^
  symbol:   variable nodes
  location: class Element
2 errors

3271061 [main] INFO clegoues.genprog4java.rep.CachingRepresentation  - StmtDelete(651) StmtDelete(546) StmtAppend(491,420) StmtDelete(100) StmtAppend(620,663) StmtAppend(652,655) StmtDelete(80) at variant405 fails to compile

3271061 [main] INFO clegoues.genprog4java.fitness.Fitness  - 	 gen: 6 0.0 StmtDelete(651) StmtDelete(546) StmtAppend(491,420) StmtDelete(100) StmtAppend(620,663) StmtAppend(652,655) StmtDelete(80) (stored at: variant405)
3271083 [main] ERROR clegoues.genprog4java.rep.JavaRepresentation  - org/jsoup/parser/Parser.java:36: error: call to this must be first statement in constructor
			this(tag, baseUri, new Attributes());
			    ^
1 error

3271083 [main] INFO clegoues.genprog4java.rep.CachingRepresentation  - StmtAppend(429,441) StmtAppend(180,538) StmtReplace(324,4) at variant406 fails to compile

3271083 [main] INFO clegoues.genprog4java.fitness.Fitness  - 	 gen: 6 0.0 StmtAppend(429,441) StmtAppend(180,538) StmtReplace(324,4) (stored at: variant406)
3271109 [main] ERROR clegoues.genprog4java.rep.JavaRepresentation  - org/jsoup/nodes/Element.java:312: error: cannot find symbol
        Validate.notEmpty(id);
                          ^
  symbol:   variable id
  location: class Element
1 error

3271109 [main] INFO clegoues.genprog4java.rep.CachingRepresentation  - StmtDelete(432) StmtReplace(405,384) StmtDelete(342) StmtReplace(91,144) at variant407 fails to compile

3271109 [main] INFO clegoues.genprog4java.fitness.Fitness  - 	 gen: 6 0.0 StmtDelete(432) StmtReplace(405,384) StmtDelete(342) StmtReplace(91,144) (stored at: variant407)
3271132 [main] ERROR clegoues.genprog4java.rep.JavaRepresentation  - org/jsoup/parser/Parser.java:161: error: cannot find symbol
				if (this.tagName.equals("head")) {
				        ^
  symbol: variable tagName
org/jsoup/parser/Parser.java:162: error: cannot find symbol
					if (child.tagName.equals("base") || child.tagName.equals("script")
					         ^
  symbol:   variable tagName
  location: variable child of type Element
org/jsoup/parser/Parser.java:162: error: cannot find symbol
					if (child.tagName.equals("base") || child.tagName.equals("script")
					                                         ^
  symbol:   variable tagName
  location: variable child of type Element
org/jsoup/parser/Parser.java:163: error: cannot find symbol
							|| child.tagName.equals("noscript") || child.tagName.equals("link")
							        ^
  symbol:   variable tagName
  location: variable child of type Element
org/jsoup/parser/Parser.java:163: error: cannot find symbol
							|| child.tagName.equals("noscript") || child.tagName.equals("link")
							                                            ^
  symbol:   variable tagName
  location: variable child of type Element
org/jsoup/parser/Parser.java:164: error: cannot find symbol
							|| child.tagName.equals("meta") || child.tagName.equals("title")
							        ^
  symbol:   variable tagName
  location: variable child of type Element
org/jsoup/parser/Parser.java:164: error: cannot find symbol
							|| child.tagName.equals("meta") || child.tagName.equals("title")
							                                        ^
  symbol:   variable tagName
  location: variable child of type Element
org/jsoup/parser/Parser.java:165: error: cannot find symbol
							|| child.tagName.equals("style") || child.tagName.equals("object")) {
							        ^
  symbol:   variable tagName
  location: variable child of type Element
org/jsoup/parser/Parser.java:165: error: cannot find symbol
							|| child.tagName.equals("style") || child.tagName.equals("object")) {
							                                         ^
  symbol:   variable tagName
  location: variable child of type Element
org/jsoup/parser/Parser.java:166: error: incompatible types: unexpected return value
						return true;
						       ^
org/jsoup/parser/Parser.java:168: error: incompatible types: unexpected return value
					return false;
					       ^
11 errors

3271132 [main] INFO clegoues.genprog4java.rep.CachingRepresentation  - StmtDelete(651) StmtDelete(546) StmtAppend(491,420) StmtDelete(329) StmtReplace(409,547) at variant408 fails to compile

3271132 [main] INFO clegoues.genprog4java.fitness.Fitness  - 	 gen: 6 0.0 StmtDelete(651) StmtDelete(546) StmtAppend(491,420) StmtDelete(329) StmtReplace(409,547) (stored at: variant408)
3271686 [main] INFO clegoues.genprog4java.fitness.Fitness  - 	 gen: 6 0.0 StmtAppend(577,518) StmtAppend(192,243) StmtAppend(603,652) StmtAppend(346,512) StmtDelete(420) (stored at: variant409)
3272257 [main] INFO clegoues.genprog4java.fitness.Fitness  - 	 gen: 6 0.0 StmtDelete(67) StmtDelete(459) (stored at: variant410)
3272804 [main] INFO clegoues.genprog4java.fitness.Fitness  - 	 gen: 6 1.0 StmtReplace(552,670) StmtAppend(620,663) StmtReplace(541,519) StmtDelete(711) StmtReplace(681,626) StmtDelete(262) StmtAppend(489,352) (stored at: variant411)
3272824 [main] ERROR clegoues.genprog4java.rep.JavaRepresentation  - org/jsoup/parser/Parser.java:200: error: missing return statement
    }
    ^
1 error

3272824 [main] INFO clegoues.genprog4java.rep.CachingRepresentation  - StmtAppend(709,650) StmtDelete(440) at variant412 fails to compile

3272824 [main] INFO clegoues.genprog4java.fitness.Fitness  - 	 gen: 6 0.0 StmtAppend(709,650) StmtDelete(440) (stored at: variant412)
3273312 [main] INFO clegoues.genprog4java.fitness.Fitness  - 	 gen: 6 0.0 StmtDelete(651) StmtDelete(546) StmtAppend(491,420) StmtAppend(672,661) StmtAppend(620,663) StmtAppend(652,655) StmtReplace(380,340) (stored at: variant413)
3273833 [main] INFO clegoues.genprog4java.fitness.Fitness  - 	 gen: 6 1.0 StmtAppend(709,650) StmtAppend(190,23) (stored at: variant414)
3273859 [main] ERROR clegoues.genprog4java.rep.JavaRepresentation  - org/jsoup/parser/Tag.java:337: error: non-static variable canContainBlock cannot be referenced from a static context
			return canContainBlock;
			       ^
1 error

3273859 [main] INFO clegoues.genprog4java.rep.CachingRepresentation  - StmtDelete(651) StmtDelete(546) StmtAppend(491,420) StmtAppend(672,661) StmtAppend(429,441) StmtAppend(180,538) StmtDelete(587) StmtReplace(700,560) StmtAppend(288,236) at variant415 fails to compile

3273859 [main] INFO clegoues.genprog4java.fitness.Fitness  - 	 gen: 6 0.0 StmtDelete(651) StmtDelete(546) StmtAppend(491,420) StmtAppend(672,661) StmtAppend(429,441) StmtAppend(180,538) StmtDelete(587) StmtReplace(700,560) StmtAppend(288,236) (stored at: variant415)
3273859 [main] INFO clegoues.genprog4java.Search.Search  - search: generation7
3274676 [main] ERROR clegoues.genprog4java.rep.JavaRepresentation  - org/jsoup/parser/Parser.java:290: error: unreachable statement
				tq.consume("<![CDATA[");
				^
1 error

3274677 [main] INFO clegoues.genprog4java.rep.CachingRepresentation  - StmtDelete(651) StmtDelete(295) StmtAppend(505,450) at variant416 fails to compile

3274677 [main] INFO clegoues.genprog4java.fitness.Fitness  - 	 gen: 7 0.0 StmtDelete(651) StmtDelete(295) StmtAppend(505,450) (stored at: variant416)
3274699 [main] ERROR clegoues.genprog4java.rep.JavaRepresentation  - org/jsoup/parser/Parser.java:232: error: cannot find symbol
                implicit.appendChild(head);
                ^
  symbol:   variable implicit
  location: class Parser
org/jsoup/parser/Parser.java:234: error: cannot find symbol
            implicit.appendChild(child);
            ^
  symbol:   variable implicit
  location: class Parser
org/jsoup/parser/Parser.java:237: error: cannot find symbol
            Element root = addChildToParent(implicit, false);
                                            ^
  symbol:   variable implicit
  location: class Parser
3 errors

3274699 [main] INFO clegoues.genprog4java.rep.CachingRepresentation  - StmtReplace(552,670) StmtAppend(620,663) StmtAppend(652,655) StmtReplace(657,670) StmtDelete(461) at variant417 fails to compile

3274699 [main] INFO clegoues.genprog4java.fitness.Fitness  - 	 gen: 7 0.0 StmtReplace(552,670) StmtAppend(620,663) StmtAppend(652,655) StmtReplace(657,670) StmtDelete(461) (stored at: variant417)
3275472 [main] INFO clegoues.genprog4java.fitness.Fitness  - 	 gen: 7 1.0 StmtReplace(552,670) StmtAppend(620,663) StmtAppend(652,655) StmtReplace(657,670) StmtDelete(226) (stored at: variant418)
3275529 [main] ERROR clegoues.genprog4java.rep.JavaRepresentation  - org/jsoup/parser/Parser.java:36: error: unreachable statement
        tq = new TokenQueue(html);
        ^
org/jsoup/parser/Parser.java:32: error: variable tq might not have been initialized
			tq.addFirst("&lt;");
			^
org/jsoup/parser/Parser.java:34: error: variable stack might not have been initialized
			return;
			^
3 errors

3275529 [main] INFO clegoues.genprog4java.rep.CachingRepresentation  - StmtDelete(651) StmtDelete(546) StmtAppend(491,420) StmtAppend(672,661) StmtDelete(552) StmtAppend(709,650) StmtDelete(463) StmtReplace(320,383) at variant419 fails to compile

3275529 [main] INFO clegoues.genprog4java.fitness.Fitness  - 	 gen: 7 0.0 StmtDelete(651) StmtDelete(546) StmtAppend(491,420) StmtAppend(672,661) StmtDelete(552) StmtAppend(709,650) StmtDelete(463) StmtReplace(320,383) (stored at: variant419)
3276158 [main] INFO clegoues.genprog4java.fitness.Fitness  - 	 gen: 7 1.0 StmtDelete(432) StmtReplace(405,384) StmtDelete(250) StmtReplace(656,664) StmtReplace(288,294) (stored at: variant420)
3276690 [main] INFO clegoues.genprog4java.fitness.Fitness  - 	 gen: 7 1.0 StmtDelete(432) StmtReplace(405,384) StmtDelete(539) StmtReplace(652,622) StmtReplace(428,431) (stored at: variant421)
3277235 [main] INFO clegoues.genprog4java.fitness.Fitness  - 	 gen: 7 0.0 StmtDelete(622) StmtDelete(100) StmtAppend(361,345) StmtReplace(581,659) StmtReplace(416,385) StmtReplace(374,343) (stored at: variant422)
3277260 [main] ERROR clegoues.genprog4java.rep.JavaRepresentation  - org/jsoup/nodes/Element.java:589: error: incompatible types: unexpected return value
						return true;
						       ^
org/jsoup/nodes/Element.java:591: error: cannot find symbol
                if (accum.length() > 0 && element.isBlock() && !TextNode.lastCharIsWhitespace(accum))
                                          ^
  symbol:   variable element
  location: class Element
org/jsoup/nodes/Element.java:593: error: cannot find symbol
                element.text(accum);
                ^
  symbol:   variable element
  location: class Element
3 errors

3277260 [main] INFO clegoues.genprog4java.rep.CachingRepresentation  - StmtDelete(622) StmtDelete(100) StmtAppend(361,345) StmtReplace(581,659) StmtReplace(416,385) StmtAppend(193,577) at variant423 fails to compile

3277260 [main] INFO clegoues.genprog4java.fitness.Fitness  - 	 gen: 7 0.0 StmtDelete(622) StmtDelete(100) StmtAppend(361,345) StmtReplace(581,659) StmtReplace(416,385) StmtAppend(193,577) (stored at: variant423)
3277288 [main] ERROR clegoues.genprog4java.rep.JavaRepresentation  - org/jsoup/parser/Parser.java:284: error: cannot find symbol
            if (elTag.equals(bodyTag) || elTag.equals(htmlTag)) { // once in body, don't close past body
                ^
  symbol:   variable elTag
  location: class Parser
org/jsoup/parser/Parser.java:284: error: cannot find symbol
            if (elTag.equals(bodyTag) || elTag.equals(htmlTag)) { // once in body, don't close past body
                                         ^
  symbol:   variable elTag
  location: class Parser
org/jsoup/parser/Parser.java:286: error: cannot find symbol
            } else if (elTag.equals(tag)) {
                       ^
  symbol:   variable elTag
  location: class Parser
3 errors

3277288 [main] INFO clegoues.genprog4java.rep.CachingRepresentation  - StmtDelete(651) StmtDelete(295) StmtDelete(500) at variant424 fails to compile

3277288 [main] INFO clegoues.genprog4java.fitness.Fitness  - 	 gen: 7 0.0 StmtDelete(651) StmtDelete(295) StmtDelete(500) (stored at: variant424)
3277315 [main] ERROR clegoues.genprog4java.rep.JavaRepresentation  - org/jsoup/nodes/Element.java:49: error: no suitable constructor found for Node(no arguments)
    public Element(Tag tag, String baseUri) {
                                            ^
    constructor Node.Node(String,Attributes) is not applicable
      (actual and formal argument lists differ in length)
    constructor Node.Node(String) is not applicable
      (actual and formal argument lists differ in length)
org/jsoup/nodes/Element.java:50: error: cannot find symbol
        parents.add(parent);
                    ^
  symbol:   variable parent
  location: class Element
org/jsoup/nodes/Element.java:50: error: cannot find symbol
        parents.add(parent);
        ^
  symbol:   variable parents
  location: class Element
3 errors

3277315 [main] INFO clegoues.genprog4java.rep.CachingRepresentation  - StmtDelete(651) StmtDelete(644) StmtDelete(186) StmtDelete(726) StmtReplace(5,30) at variant425 fails to compile

3277315 [main] INFO clegoues.genprog4java.fitness.Fitness  - 	 gen: 7 0.0 StmtDelete(651) StmtDelete(644) StmtDelete(186) StmtDelete(726) StmtReplace(5,30) (stored at: variant425)
3277904 [main] INFO clegoues.genprog4java.fitness.Fitness  - 	 gen: 7 0.0 StmtDelete(432) StmtReplace(405,384) StmtDelete(250) StmtDelete(716) StmtAppend(182,51) (stored at: variant426)
3278617 [main] INFO clegoues.genprog4java.fitness.Fitness  - 	 gen: 7 1.0 StmtAppend(709,650) StmtAppend(190,23) StmtDelete(684) (stored at: variant427)
3279219 [main] INFO clegoues.genprog4java.fitness.Fitness  - 	 gen: 7 0.0 StmtAppend(577,518) StmtAppend(192,243) StmtDelete(644) StmtDelete(329) StmtDelete(627) StmtAppend(705,643) (stored at: variant428)
3279251 [main] ERROR clegoues.genprog4java.rep.JavaRepresentation  - org/jsoup/nodes/Element.java:258: error: cannot find symbol
			Validate.notEmpty(tagName);
			                  ^
  symbol:   variable tagName
  location: class Element
org/jsoup/nodes/Element.java:260: error: cannot find symbol
        prependChild(node);
                     ^
  symbol:   variable node
  location: class Element
2 errors

3279252 [main] INFO clegoues.genprog4java.rep.CachingRepresentation  - StmtReplace(552,670) StmtAppend(620,663) StmtReplace(541,519) StmtDelete(711) StmtReplace(681,626) StmtDelete(262) StmtAppend(489,352) StmtAppend(66,526) at variant429 fails to compile

3279252 [main] INFO clegoues.genprog4java.fitness.Fitness  - 	 gen: 7 0.0 StmtReplace(552,670) StmtAppend(620,663) StmtReplace(541,519) StmtDelete(711) StmtReplace(681,626) StmtDelete(262) StmtAppend(489,352) StmtAppend(66,526) (stored at: variant429)
3279811 [main] INFO clegoues.genprog4java.fitness.Fitness  - 	 gen: 7 1.0 StmtReplace(552,670) StmtDelete(615) StmtAppend(684,518) StmtAppend(391,503) (stored at: variant430)
3279836 [main] ERROR clegoues.genprog4java.rep.JavaRepresentation  - org/jsoup/nodes/Element.java:184: error: cannot find symbol
			Validate.notEmpty(html);
			                  ^
  symbol:   variable html
  location: class Element
org/jsoup/nodes/Element.java:185: error: cannot find symbol
			Element wrapBody = Parser.parseBodyFragment(html, baseUri).body();
			                                            ^
  symbol:   variable html
  location: class Element
org/jsoup/nodes/Element.java:200: error: incompatible types: Element cannot be converted to Elements
			return this;
			       ^
3 errors

3279836 [main] INFO clegoues.genprog4java.rep.CachingRepresentation  - StmtDelete(651) StmtDelete(546) StmtAppend(491,420) StmtAppend(672,661) StmtDelete(552) StmtAppend(709,650) StmtDelete(463) StmtAppend(41,90) at variant431 fails to compile

3279836 [main] INFO clegoues.genprog4java.fitness.Fitness  - 	 gen: 7 0.0 StmtDelete(651) StmtDelete(546) StmtAppend(491,420) StmtAppend(672,661) StmtDelete(552) StmtAppend(709,650) StmtDelete(463) StmtAppend(41,90) (stored at: variant431)
3279857 [main] ERROR clegoues.genprog4java.rep.JavaRepresentation  - org/jsoup/parser/Tag.java:60: error: unreachable statement
			createInline("AREA").setEmpty();
			^
org/jsoup/parser/Tag.java:62: error: missing return statement
    }
    ^
2 errors

3279858 [main] INFO clegoues.genprog4java.rep.CachingRepresentation  - StmtDelete(651) StmtDelete(644) StmtDelete(186) StmtDelete(726) StmtAppend(528,673) at variant432 fails to compile

3279858 [main] INFO clegoues.genprog4java.fitness.Fitness  - 	 gen: 7 0.0 StmtDelete(651) StmtDelete(644) StmtDelete(186) StmtDelete(726) StmtAppend(528,673) (stored at: variant432)
3472011 [main] INFO clegoues.genprog4java.fitness.Fitness  - 	 gen: 7 1.0 StmtReplace(552,670) StmtAppend(620,663) StmtReplace(541,519) StmtDelete(711) StmtReplace(681,626) StmtDelete(262) StmtAppend(489,352) StmtDelete(436) (stored at: variant433)
3472033 [main] ERROR clegoues.genprog4java.rep.JavaRepresentation  - org/jsoup/nodes/Element.java:125: error: cannot find symbol
			Validate.notNull(tagName);
			                 ^
  symbol:   variable tagName
  location: class Element
org/jsoup/nodes/Element.java:127: error: cannot find symbol
        if (parent != null && !parent.tagName().equals("#root")) {
            ^
  symbol:   variable parent
  location: class Element
org/jsoup/nodes/Element.java:127: error: cannot find symbol
        if (parent != null && !parent.tagName().equals("#root")) {
                               ^
  symbol:   variable parent
  location: class Element
org/jsoup/nodes/Element.java:128: error: cannot find symbol
            parents.add(parent);
                        ^
  symbol:   variable parent
  location: class Element
org/jsoup/nodes/Element.java:129: error: cannot find symbol
            accumulateParents(parent, parents);
                              ^
  symbol:   variable parent
  location: class Element
5 errors

3472033 [main] INFO clegoues.genprog4java.rep.CachingRepresentation  - StmtReplace(552,670) StmtAppend(620,663) StmtReplace(541,519) StmtDelete(711) StmtReplace(681,626) StmtDelete(262) StmtAppend(489,352) StmtAppend(27,524) at variant434 fails to compile

3472033 [main] INFO clegoues.genprog4java.fitness.Fitness  - 	 gen: 7 0.0 StmtReplace(552,670) StmtAppend(620,663) StmtReplace(541,519) StmtDelete(711) StmtReplace(681,626) StmtDelete(262) StmtAppend(489,352) StmtAppend(27,524) (stored at: variant434)
3472572 [main] INFO clegoues.genprog4java.fitness.Fitness  - 	 gen: 7 1.0 StmtReplace(552,670) StmtDelete(615) StmtAppend(684,518) StmtDelete(326) (stored at: variant435)
3473176 [main] INFO clegoues.genprog4java.fitness.Fitness  - 	 gen: 7 0.0 StmtReplace(552,670) StmtDelete(615) StmtAppend(684,518) StmtDelete(216) (stored at: variant436)
3473209 [main] ERROR clegoues.genprog4java.rep.JavaRepresentation  - org/jsoup/nodes/Element.java:318: error: cannot find symbol
        Elements wrapChildren = wrapBody.children();
                                ^
  symbol:   variable wrapBody
  location: class Element
1 error

3473209 [main] INFO clegoues.genprog4java.rep.CachingRepresentation  - StmtDelete(622) StmtDelete(100) StmtAppend(361,345) StmtReplace(581,659) StmtReplace(416,385) StmtAppend(92,78) at variant437 fails to compile

3473209 [main] INFO clegoues.genprog4java.fitness.Fitness  - 	 gen: 7 0.0 StmtDelete(622) StmtDelete(100) StmtAppend(361,345) StmtReplace(581,659) StmtReplace(416,385) StmtAppend(92,78) (stored at: variant437)
3473231 [main] ERROR clegoues.genprog4java.rep.JavaRepresentation  - org/jsoup/nodes/Element.java:581: error: cannot find symbol
				Validate.notNull(text);
				                 ^
  symbol:   variable text
  location: class Element
1 error

3473231 [main] INFO clegoues.genprog4java.rep.CachingRepresentation  - StmtDelete(651) StmtDelete(295) StmtReplace(182,200) at variant438 fails to compile

3473231 [main] INFO clegoues.genprog4java.fitness.Fitness  - 	 gen: 7 0.0 StmtDelete(651) StmtDelete(295) StmtReplace(182,200) (stored at: variant438)
3473763 [main] INFO clegoues.genprog4java.fitness.Fitness  - 	 gen: 7 1.0 StmtDelete(651) StmtDelete(295) StmtReplace(403,426) (stored at: variant439)
3474294 [main] INFO clegoues.genprog4java.fitness.Fitness  - 	 gen: 7 1.0 StmtDelete(683) StmtReplace(623,618) StmtReplace(623,618) StmtDelete(615) StmtAppend(190,502) StmtDelete(329) (stored at: variant440)
3474315 [main] ERROR clegoues.genprog4java.rep.JavaRepresentation  - org/jsoup/parser/Parser.java:192: error: incompatible types: boolean cannot be converted to Attribute
                    return false;
                           ^
1 error

3474315 [main] INFO clegoues.genprog4java.rep.CachingRepresentation  - StmtDelete(651) StmtDelete(546) StmtAppend(491,420) StmtAppend(672,661) StmtDelete(552) StmtAppend(709,650) StmtDelete(463) StmtReplace(437,308) at variant441 fails to compile

3474315 [main] INFO clegoues.genprog4java.fitness.Fitness  - 	 gen: 7 0.0 StmtDelete(651) StmtDelete(546) StmtAppend(491,420) StmtAppend(672,661) StmtDelete(552) StmtAppend(709,650) StmtDelete(463) StmtReplace(437,308) (stored at: variant441)
3474338 [main] ERROR clegoues.genprog4java.rep.JavaRepresentation  - org/jsoup/parser/Parser.java:239: error: cannot find symbol
            return root;
                   ^
  symbol:   variable root
  location: class Parser
1 error

3474338 [main] INFO clegoues.genprog4java.rep.CachingRepresentation  - StmtReplace(552,670) StmtDelete(682) StmtReplace(365,423) StmtDelete(467) at variant442 fails to compile

3474338 [main] INFO clegoues.genprog4java.fitness.Fitness  - 	 gen: 7 0.0 StmtReplace(552,670) StmtDelete(682) StmtReplace(365,423) StmtDelete(467) (stored at: variant442)
3474926 [main] INFO clegoues.genprog4java.fitness.Fitness  - 	 gen: 7 0.0 StmtDelete(432) StmtReplace(405,384) StmtDelete(250) StmtDelete(716) StmtReplace(380,346) (stored at: variant443)
3475540 [main] INFO clegoues.genprog4java.fitness.Fitness  - 	 gen: 7 0.0 StmtDelete(432) StmtReplace(405,384) StmtDelete(539) StmtReplace(652,622) StmtDelete(462) (stored at: variant444)
3476073 [main] INFO clegoues.genprog4java.fitness.Fitness  - 	 gen: 7 1.0 StmtDelete(683) StmtReplace(623,618) StmtDelete(615) StmtAppend(416,326) StmtAppend(508,349) (stored at: variant445)
