0 [main] DEBUG clegoues.genprog4java.fitness.Fitness  - parsing granularity, value: class
19 [main] DEBUG clegoues.genprog4java.fitness.Fitness  - parsing granularity, value: class
#Fri Feb 26 20:28:56 CST 2021
negativeTestWeight=2.0
classSourceFolder=/home/rtx/repair/d4j/Jsoup/3b/target/classes
model=default
sampleStrategy=variant
srcClassPath=/home/rtx/repair/d4j/Jsoup/3b/target/classes\:/home/rtx/repair/defects4j/framework/projects/Jsoup/lib/commons-lang/commons-lang/2.4/commons-lang-2.4.jar
sourceVersion=1.8
popsize=40
regenPaths=false
posCoverageFile=coverage.path.pos
continue=false
edits=APPEND;DELETE;REPLACE
negCoverageFile=coverage.path.neg
workingDir=/home/rtx/repair/d4j/Jsoup/3b/
clearTestCache=false
skipFailedSanity=false
sample=0.1 
oracleGenome=
testGranularity=class
justTestingFaultLoc=false
faultLocStrategy=standardPathFile
crossp=0.5
pMutation=1
generations=10
positiveTests=/home/rtx/repair/d4j/Jsoup/3b/pos.tests
javaVM=/home/rtx/java/jdk1.8.0_271/jre/bin/java
seed=1
negativePathWeight=0.35
compileCommand=
fixStrategy=classScope
allowCoverageFail=false
targetClassName=/home/rtx/repair/d4j/Jsoup/3b/bugfiles.txt
javaRuntime=java.lang.Runtime@6576fe71
classTestFolder=
modelPath=OVERALLModel.txt
sanity=yes
positivePathWeight=0.65
jacocoPath=/home/rtx/eclipse-workspace/genprog4java/lib/jacocoagent.jar
negativeTests=/home/rtx/repair/d4j/Jsoup/3b/neg.tests
pathToFileHumanInjectedFaultLoc=fileHumanInjectedFaultLoc.txt
outputDir=/home/rtx/repair/d4j/Jsoup/3b/genprog4java/variantSeed1/
testClassPath=/home/rtx/repair/defects4j/framework/projects/Jsoup/lib/junit/junit/4.5/junit-4.5.jar\:/home/rtx/repair/defects4j/framework/projects/Jsoup/lib/commons-lang/commons-lang/2.4/commons-lang-2.4.jar\:/home/rtx/repair/d4j/Jsoup/3b/target/classes\:/home/rtx/repair/d4j/Jsoup/3b/target/test-classes\:/home/rtx/repair/defects4j/framework/projects/lib/junit-4.11.jar\:/home/rtx/repair/defects4j/framework/projects/Jsoup/lib/com/google/code/gson/gson/2.7/gson-2.7.jar\:/home/rtx/repair/defects4j/framework/projects/Jsoup/lib/javax/servlet/javax.servlet-api/3.1.0/javax.servlet-api-3.1.0.jar\:/home/rtx/repair/defects4j/framework/projects/Jsoup/lib/junit/junit/4.12/junit-4.12.jar\:/home/rtx/repair/defects4j/framework/projects/Jsoup/lib/lib/com/google/code/gson/gson/2.7/gson-2.7.jar\:/home/rtx/repair/defects4j/framework/projects/Jsoup/lib/lib/commons-lang/commons-lang/2.4/commons-lang-2.4.jar\:/home/rtx/repair/defects4j/framework/projects/Jsoup/lib/lib/javax/servlet/javax.servlet-api/3.1.0/javax.servlet-api-3.1.0.jar\:/home/rtx/repair/defects4j/framework/projects/Jsoup/lib/lib/junit/junit/4.12/junit-4.12.jar\:/home/rtx/repair/defects4j/framework/projects/Jsoup/lib/lib/junit/junit/4.5/junit-4.5.jar\:/home/rtx/repair/defects4j/framework/projects/Jsoup/lib/lib/org/eclipse/jetty/jetty-http/9.2.22.v20170606/jetty-http-9.2.22.v20170606.jar\:/home/rtx/repair/defects4j/framework/projects/Jsoup/lib/lib/org/eclipse/jetty/jetty-http/9.2.26.v20180806/jetty-http-9.2.26.v20180806.jar\:/home/rtx/repair/defects4j/framework/projects/Jsoup/lib/lib/org/eclipse/jetty/jetty-http/9.2.28.v20190418/jetty-http-9.2.28.v20190418.jar\:/home/rtx/repair/defects4j/framework/projects/Jsoup/lib/lib/org/eclipse/jetty/jetty-io/9.2.22.v20170606/jetty-io-9.2.22.v20170606.jar\:/home/rtx/repair/defects4j/framework/projects/Jsoup/lib/lib/org/eclipse/jetty/jetty-io/9.2.26.v20180806/jetty-io-9.2.26.v20180806.jar\:/home/rtx/repair/defects4j/framework/projects/Jsoup/lib/lib/org/eclipse/jetty/jetty-io/9.2.28.v20190418/jetty-io-9.2.28.v20190418.jar\:/home/rtx/repair/defects4j/framework/projects/Jsoup/lib/lib/org/eclipse/jetty/jetty-security/9.2.22.v20170606/jetty-security-9.2.22.v20170606.jar\:/home/rtx/repair/defects4j/framework/projects/Jsoup/lib/lib/org/eclipse/jetty/jetty-security/9.2.26.v20180806/jetty-security-9.2.26.v20180806.jar\:/home/rtx/repair/defects4j/framework/projects/Jsoup/lib/lib/org/eclipse/jetty/jetty-security/9.2.28.v20190418/jetty-security-9.2.28.v20190418.jar\:/home/rtx/repair/defects4j/framework/projects/Jsoup/lib/lib/org/eclipse/jetty/jetty-server/9.2.22.v20170606/jetty-server-9.2.22.v20170606.jar\:/home/rtx/repair/defects4j/framework/projects/Jsoup/lib/lib/org/eclipse/jetty/jetty-server/9.2.26.v20180806/jetty-server-9.2.26.v20180806.jar\:/home/rtx/repair/defects4j/framework/projects/Jsoup/lib/lib/org/eclipse/jetty/jetty-server/9.2.28.v20190418/jetty-server-9.2.28.v20190418.jar\:/home/rtx/repair/defects4j/framework/projects/Jsoup/lib/lib/org/eclipse/jetty/jetty-servlet/9.2.22.v20170606/jetty-servlet-9.2.22.v20170606.jar\:/home/rtx/repair/defects4j/framework/projects/Jsoup/lib/lib/org/eclipse/jetty/jetty-servlet/9.2.26.v20180806/jetty-servlet-9.2.26.v20180806.jar\:/home/rtx/repair/defects4j/framework/projects/Jsoup/lib/lib/org/eclipse/jetty/jetty-servlet/9.2.28.v20190418/jetty-servlet-9.2.28.v20190418.jar\:/home/rtx/repair/defects4j/framework/projects/Jsoup/lib/lib/org/eclipse/jetty/jetty-util/9.2.22.v20170606/jetty-util-9.2.22.v20170606.jar\:/home/rtx/repair/defects4j/framework/projects/Jsoup/lib/lib/org/eclipse/jetty/jetty-util/9.2.26.v20180806/jetty-util-9.2.26.v20180806.jar\:/home/rtx/repair/defects4j/framework/projects/Jsoup/lib/lib/org/eclipse/jetty/jetty-util/9.2.28.v20190418/jetty-util-9.2.28.v20190418.jar\:/home/rtx/repair/defects4j/framework/projects/Jsoup/lib/lib/org/hamcrest/hamcrest-core/1.3/hamcrest-core-1.3.jar\:/home/rtx/repair/defects4j/framework/projects/Jsoup/lib/org/eclipse/jetty/jetty-http/9.2.22.v20170606/jetty-http-9.2.22.v20170606.jar\:/home/rtx/repair/defects4j/framework/projects/Jsoup/lib/org/eclipse/jetty/jetty-http/9.2.26.v20180806/jetty-http-9.2.26.v20180806.jar\:/home/rtx/repair/defects4j/framework/projects/Jsoup/lib/org/eclipse/jetty/jetty-http/9.2.28.v20190418/jetty-http-9.2.28.v20190418.jar\:/home/rtx/repair/defects4j/framework/projects/Jsoup/lib/org/eclipse/jetty/jetty-io/9.2.22.v20170606/jetty-io-9.2.22.v20170606.jar\:/home/rtx/repair/defects4j/framework/projects/Jsoup/lib/org/eclipse/jetty/jetty-io/9.2.26.v20180806/jetty-io-9.2.26.v20180806.jar\:/home/rtx/repair/defects4j/framework/projects/Jsoup/lib/org/eclipse/jetty/jetty-io/9.2.28.v20190418/jetty-io-9.2.28.v20190418.jar\:/home/rtx/repair/defects4j/framework/projects/Jsoup/lib/org/eclipse/jetty/jetty-security/9.2.22.v20170606/jetty-security-9.2.22.v20170606.jar\:/home/rtx/repair/defects4j/framework/projects/Jsoup/lib/org/eclipse/jetty/jetty-security/9.2.26.v20180806/jetty-security-9.2.26.v20180806.jar\:/home/rtx/repair/defects4j/framework/projects/Jsoup/lib/org/eclipse/jetty/jetty-security/9.2.28.v20190418/jetty-security-9.2.28.v20190418.jar\:/home/rtx/repair/defects4j/framework/projects/Jsoup/lib/org/eclipse/jetty/jetty-server/9.2.22.v20170606/jetty-server-9.2.22.v20170606.jar\:/home/rtx/repair/defects4j/framework/projects/Jsoup/lib/org/eclipse/jetty/jetty-server/9.2.26.v20180806/jetty-server-9.2.26.v20180806.jar\:/home/rtx/repair/defects4j/framework/projects/Jsoup/lib/org/eclipse/jetty/jetty-server/9.2.28.v20190418/jetty-server-9.2.28.v20190418.jar\:/home/rtx/repair/defects4j/framework/projects/Jsoup/lib/org/eclipse/jetty/jetty-servlet/9.2.22.v20170606/jetty-servlet-9.2.22.v20170606.jar\:/home/rtx/repair/defects4j/framework/projects/Jsoup/lib/org/eclipse/jetty/jetty-servlet/9.2.26.v20180806/jetty-servlet-9.2.26.v20180806.jar\:/home/rtx/repair/defects4j/framework/projects/Jsoup/lib/org/eclipse/jetty/jetty-servlet/9.2.28.v20190418/jetty-servlet-9.2.28.v20190418.jar\:/home/rtx/repair/defects4j/framework/projects/Jsoup/lib/org/eclipse/jetty/jetty-util/9.2.22.v20170606/jetty-util-9.2.22.v20170606.jar\:/home/rtx/repair/defects4j/framework/projects/Jsoup/lib/org/eclipse/jetty/jetty-util/9.2.26.v20180806/jetty-util-9.2.26.v20180806.jar\:/home/rtx/repair/defects4j/framework/projects/Jsoup/lib/org/eclipse/jetty/jetty-util/9.2.28.v20190418/jetty-util-9.2.28.v20190418.jar\:/home/rtx/repair/defects4j/framework/projects/Jsoup/lib/org/hamcrest/hamcrest-core/1.3/hamcrest-core-1.3.jar
faultStrategy=classScope
sourceDir=src/main/java
checkSpace=false
search=gp
globalExtension=.java
faultSpaceSubSet=1/5
maxVariants=50
libs=/home/rtx/eclipse-workspace/genprog4java/lib/junittestrunner.jar\:/home/rtx/eclipse-workspace/genprog4java/lib/commons-cli-20040117.000000.jar\:/home/rtx/eclipse-workspace/genprog4java/lib/junit-4.12.jar\:/home/rtx/eclipse-workspace/genprog4java/lib/hamcrest-core-1.3.jar\:/home/rtx/eclipse-workspace/genprog4java/lib/log4j-1.2.17.jar\:/home/rtx/repair/defects4j/framework/projects/Jsoup/lib/junit/junit/4.5/junit-4.5.jar\:/home/rtx/repair/defects4j/framework/projects/Jsoup/lib/commons-lang/commons-lang/2.4/commons-lang-2.4.jar\:/home/rtx/repair/d4j/Jsoup/3b/target/classes\:/home/rtx/repair/d4j/Jsoup/3b/target/test-classes\:/home/rtx/repair/defects4j/framework/projects/lib/junit-4.11.jar\:/home/rtx/repair/defects4j/framework/projects/Jsoup/lib/com/google/code/gson/gson/2.7/gson-2.7.jar\:/home/rtx/repair/defects4j/framework/projects/Jsoup/lib/javax/servlet/javax.servlet-api/3.1.0/javax.servlet-api-3.1.0.jar\:/home/rtx/repair/defects4j/framework/projects/Jsoup/lib/junit/junit/4.12/junit-4.12.jar\:/home/rtx/repair/defects4j/framework/projects/Jsoup/lib/lib/com/google/code/gson/gson/2.7/gson-2.7.jar\:/home/rtx/repair/defects4j/framework/projects/Jsoup/lib/lib/commons-lang/commons-lang/2.4/commons-lang-2.4.jar\:/home/rtx/repair/defects4j/framework/projects/Jsoup/lib/lib/javax/servlet/javax.servlet-api/3.1.0/javax.servlet-api-3.1.0.jar\:/home/rtx/repair/defects4j/framework/projects/Jsoup/lib/lib/junit/junit/4.12/junit-4.12.jar\:/home/rtx/repair/defects4j/framework/projects/Jsoup/lib/lib/junit/junit/4.5/junit-4.5.jar\:/home/rtx/repair/defects4j/framework/projects/Jsoup/lib/lib/org/eclipse/jetty/jetty-http/9.2.22.v20170606/jetty-http-9.2.22.v20170606.jar\:/home/rtx/repair/defects4j/framework/projects/Jsoup/lib/lib/org/eclipse/jetty/jetty-http/9.2.26.v20180806/jetty-http-9.2.26.v20180806.jar\:/home/rtx/repair/defects4j/framework/projects/Jsoup/lib/lib/org/eclipse/jetty/jetty-http/9.2.28.v20190418/jetty-http-9.2.28.v20190418.jar\:/home/rtx/repair/defects4j/framework/projects/Jsoup/lib/lib/org/eclipse/jetty/jetty-io/9.2.22.v20170606/jetty-io-9.2.22.v20170606.jar\:/home/rtx/repair/defects4j/framework/projects/Jsoup/lib/lib/org/eclipse/jetty/jetty-io/9.2.26.v20180806/jetty-io-9.2.26.v20180806.jar\:/home/rtx/repair/defects4j/framework/projects/Jsoup/lib/lib/org/eclipse/jetty/jetty-io/9.2.28.v20190418/jetty-io-9.2.28.v20190418.jar\:/home/rtx/repair/defects4j/framework/projects/Jsoup/lib/lib/org/eclipse/jetty/jetty-security/9.2.22.v20170606/jetty-security-9.2.22.v20170606.jar\:/home/rtx/repair/defects4j/framework/projects/Jsoup/lib/lib/org/eclipse/jetty/jetty-security/9.2.26.v20180806/jetty-security-9.2.26.v20180806.jar\:/home/rtx/repair/defects4j/framework/projects/Jsoup/lib/lib/org/eclipse/jetty/jetty-security/9.2.28.v20190418/jetty-security-9.2.28.v20190418.jar\:/home/rtx/repair/defects4j/framework/projects/Jsoup/lib/lib/org/eclipse/jetty/jetty-server/9.2.22.v20170606/jetty-server-9.2.22.v20170606.jar\:/home/rtx/repair/defects4j/framework/projects/Jsoup/lib/lib/org/eclipse/jetty/jetty-server/9.2.26.v20180806/jetty-server-9.2.26.v20180806.jar\:/home/rtx/repair/defects4j/framework/projects/Jsoup/lib/lib/org/eclipse/jetty/jetty-server/9.2.28.v20190418/jetty-server-9.2.28.v20190418.jar\:/home/rtx/repair/defects4j/framework/projects/Jsoup/lib/lib/org/eclipse/jetty/jetty-servlet/9.2.22.v20170606/jetty-servlet-9.2.22.v20170606.jar\:/home/rtx/repair/defects4j/framework/projects/Jsoup/lib/lib/org/eclipse/jetty/jetty-servlet/9.2.26.v20180806/jetty-servlet-9.2.26.v20180806.jar\:/home/rtx/repair/defects4j/framework/projects/Jsoup/lib/lib/org/eclipse/jetty/jetty-servlet/9.2.28.v20190418/jetty-servlet-9.2.28.v20190418.jar\:/home/rtx/repair/defects4j/framework/projects/Jsoup/lib/lib/org/eclipse/jetty/jetty-util/9.2.22.v20170606/jetty-util-9.2.22.v20170606.jar\:/home/rtx/repair/defects4j/framework/projects/Jsoup/lib/lib/org/eclipse/jetty/jetty-util/9.2.26.v20180806/jetty-util-9.2.26.v20180806.jar\:/home/rtx/repair/defects4j/framework/projects/Jsoup/lib/lib/org/eclipse/jetty/jetty-util/9.2.28.v20190418/jetty-util-9.2.28.v20190418.jar\:/home/rtx/repair/defects4j/framework/projects/Jsoup/lib/lib/org/hamcrest/hamcrest-core/1.3/hamcrest-core-1.3.jar\:/home/rtx/repair/defects4j/framework/projects/Jsoup/lib/org/eclipse/jetty/jetty-http/9.2.22.v20170606/jetty-http-9.2.22.v20170606.jar\:/home/rtx/repair/defects4j/framework/projects/Jsoup/lib/org/eclipse/jetty/jetty-http/9.2.26.v20180806/jetty-http-9.2.26.v20180806.jar\:/home/rtx/repair/defects4j/framework/projects/Jsoup/lib/org/eclipse/jetty/jetty-http/9.2.28.v20190418/jetty-http-9.2.28.v20190418.jar\:/home/rtx/repair/defects4j/framework/projects/Jsoup/lib/org/eclipse/jetty/jetty-io/9.2.22.v20170606/jetty-io-9.2.22.v20170606.jar\:/home/rtx/repair/defects4j/framework/projects/Jsoup/lib/org/eclipse/jetty/jetty-io/9.2.26.v20180806/jetty-io-9.2.26.v20180806.jar\:/home/rtx/repair/defects4j/framework/projects/Jsoup/lib/org/eclipse/jetty/jetty-io/9.2.28.v20190418/jetty-io-9.2.28.v20190418.jar\:/home/rtx/repair/defects4j/framework/projects/Jsoup/lib/org/eclipse/jetty/jetty-security/9.2.22.v20170606/jetty-security-9.2.22.v20170606.jar\:/home/rtx/repair/defects4j/framework/projects/Jsoup/lib/org/eclipse/jetty/jetty-security/9.2.26.v20180806/jetty-security-9.2.26.v20180806.jar\:/home/rtx/repair/defects4j/framework/projects/Jsoup/lib/org/eclipse/jetty/jetty-security/9.2.28.v20190418/jetty-security-9.2.28.v20190418.jar\:/home/rtx/repair/defects4j/framework/projects/Jsoup/lib/org/eclipse/jetty/jetty-server/9.2.22.v20170606/jetty-server-9.2.22.v20170606.jar\:/home/rtx/repair/defects4j/framework/projects/Jsoup/lib/org/eclipse/jetty/jetty-server/9.2.26.v20180806/jetty-server-9.2.26.v20180806.jar\:/home/rtx/repair/defects4j/framework/projects/Jsoup/lib/org/eclipse/jetty/jetty-server/9.2.28.v20190418/jetty-server-9.2.28.v20190418.jar\:/home/rtx/repair/defects4j/framework/projects/Jsoup/lib/org/eclipse/jetty/jetty-servlet/9.2.22.v20170606/jetty-servlet-9.2.22.v20170606.jar\:/home/rtx/repair/defects4j/framework/projects/Jsoup/lib/org/eclipse/jetty/jetty-servlet/9.2.26.v20180806/jetty-servlet-9.2.26.v20180806.jar\:/home/rtx/repair/defects4j/framework/projects/Jsoup/lib/org/eclipse/jetty/jetty-servlet/9.2.28.v20190418/jetty-servlet-9.2.28.v20190418.jar\:/home/rtx/repair/defects4j/framework/projects/Jsoup/lib/org/eclipse/jetty/jetty-util/9.2.22.v20170606/jetty-util-9.2.22.v20170606.jar\:/home/rtx/repair/defects4j/framework/projects/Jsoup/lib/org/eclipse/jetty/jetty-util/9.2.26.v20180806/jetty-util-9.2.26.v20180806.jar\:/home/rtx/repair/defects4j/framework/projects/Jsoup/lib/org/eclipse/jetty/jetty-util/9.2.28.v20190418/jetty-util-9.2.28.v20190418.jar\:/home/rtx/repair/defects4j/framework/projects/Jsoup/lib/org/hamcrest/hamcrest-core/1.3/hamcrest-core-1.3.jar\:/home/rtx/repair/d4j/Jsoup/3b/target/classes\:/home/rtx/repair/defects4j/framework/projects/Jsoup/lib/commons-lang/commons-lang/2.4/commons-lang-2.4.jar
crossover=onepoint
87 [main] INFO clegoues.genprog4java.main.Main  - Configuration file loaded
4096 [main] INFO clegoues.genprog4java.rep.CachingRepresentation  - loaded from source clegoues.genprog4java.java.ClassInfo@7ab3a5fd
8394 [main] INFO clegoues.genprog4java.rep.CachingRepresentation  - loaded from source clegoues.genprog4java.java.ClassInfo@c9216760
10041 [main] INFO clegoues.genprog4java.rep.CachingRepresentation  - loaded from source clegoues.genprog4java.java.ClassInfo@3b12869b
10042 [main] INFO clegoues.genprog4java.rep.CachingRepresentation  - sanity checking begins
10775 [main] INFO clegoues.genprog4java.rep.CachingRepresentation  - Checking test number 1 out of 10
11207 [main] INFO clegoues.genprog4java.rep.CachingRepresentation  - true (1)

11207 [main] INFO clegoues.genprog4java.rep.CachingRepresentation  - Checking test number 2 out of 10
11365 [main] INFO clegoues.genprog4java.rep.CachingRepresentation  - true (1)

11365 [main] INFO clegoues.genprog4java.rep.CachingRepresentation  - Checking test number 3 out of 10
11548 [main] INFO clegoues.genprog4java.rep.CachingRepresentation  - true (1)

11549 [main] INFO clegoues.genprog4java.rep.CachingRepresentation  - Checking test number 4 out of 10
11739 [main] INFO clegoues.genprog4java.rep.CachingRepresentation  - true (1)

11739 [main] INFO clegoues.genprog4java.rep.CachingRepresentation  - Checking test number 5 out of 10
11924 [main] INFO clegoues.genprog4java.rep.CachingRepresentation  - true (1)

11924 [main] INFO clegoues.genprog4java.rep.CachingRepresentation  - Checking test number 6 out of 10
12100 [main] INFO clegoues.genprog4java.rep.CachingRepresentation  - true (1)

12100 [main] INFO clegoues.genprog4java.rep.CachingRepresentation  - Checking test number 7 out of 10
12266 [main] INFO clegoues.genprog4java.rep.CachingRepresentation  - true (1)

12266 [main] INFO clegoues.genprog4java.rep.CachingRepresentation  - Checking test number 8 out of 10
12482 [main] INFO clegoues.genprog4java.rep.CachingRepresentation  - true (1)

12482 [main] INFO clegoues.genprog4java.rep.CachingRepresentation  - Checking test number 9 out of 10
12688 [main] INFO clegoues.genprog4java.rep.CachingRepresentation  - true (1)

12688 [main] INFO clegoues.genprog4java.rep.CachingRepresentation  - Checking test number 10 out of 10
12924 [main] INFO clegoues.genprog4java.rep.CachingRepresentation  - true (1)

12925 [main] INFO clegoues.genprog4java.rep.CachingRepresentation  - 	n1: 
13157 [main] INFO clegoues.genprog4java.rep.CachingRepresentation  - false (0)

13157 [main] INFO clegoues.genprog4java.rep.CachingRepresentation  - 	n2: 
13381 [main] INFO clegoues.genprog4java.rep.CachingRepresentation  - false (0)

13381 [main] INFO clegoues.genprog4java.rep.CachingRepresentation  - 	n3: 
13613 [main] INFO clegoues.genprog4java.rep.CachingRepresentation  - false (0)

13613 [main] INFO clegoues.genprog4java.rep.CachingRepresentation  - sanity checking completed (time taken = 3571)
13613 [main] INFO clegoues.genprog4java.localization.DefaultLocalization  - Start Fault Localization
13659 [main] INFO clegoues.genprog4java.localization.DefaultLocalization  - Finish Fault Localization
13659 [main] INFO clegoues.genprog4java.Search.Search  - search: genetic algorithm begins

14874 [main] INFO clegoues.genprog4java.fitness.Fitness  - 	 gen: 0 1.0 original (stored at: variant0)
15782 [main] INFO clegoues.genprog4java.fitness.Fitness  - 	 gen: 0 1.0 StmtDelete(548) (stored at: variant1)
15917 [main] ERROR clegoues.genprog4java.rep.JavaRepresentation  - org/jsoup/nodes/Element.java:741: error: call to this must be first statement in constructor
			this(tag, baseUri, new Attributes());
			    ^
1 error

15917 [main] INFO clegoues.genprog4java.rep.CachingRepresentation  - StmtReplace(263,4) at variant2 fails to compile

15917 [main] INFO clegoues.genprog4java.fitness.Fitness  - 	 gen: 0 0.0 StmtReplace(263,4) (stored at: variant2)
16813 [main] INFO clegoues.genprog4java.fitness.Fitness  - 	 gen: 0 1.0 StmtReplace(704,704) (stored at: variant3)
17791 [main] INFO clegoues.genprog4java.fitness.Fitness  - 	 gen: 0 1.0 StmtDelete(685) (stored at: variant4)
18585 [main] INFO clegoues.genprog4java.fitness.Fitness  - 	 gen: 0 1.0 StmtDelete(231) (stored at: variant5)
19466 [main] INFO clegoues.genprog4java.fitness.Fitness  - 	 gen: 0 1.0 StmtDelete(576) (stored at: variant6)
19550 [main] ERROR clegoues.genprog4java.rep.JavaRepresentation  - org/jsoup/nodes/Element.java:830: error: cannot find symbol
			Validate.notEmpty(id);
			                  ^
  symbol:   variable id
  location: class Element
1 error

19550 [main] INFO clegoues.genprog4java.rep.CachingRepresentation  - StmtAppend(303,144) at variant7 fails to compile

19550 [main] INFO clegoues.genprog4java.fitness.Fitness  - 	 gen: 0 0.0 StmtAppend(303,144) (stored at: variant7)
19647 [main] ERROR clegoues.genprog4java.rep.JavaRepresentation  - org/jsoup/parser/Tag.java:196: error: unreachable statement
		tags.put(defaultAncestor.tagName, defaultAncestor);
		^
org/jsoup/parser/Tag.java:197: error: missing return statement
	}
	^
2 errors

19648 [main] INFO clegoues.genprog4java.rep.CachingRepresentation  - StmtAppend(599,518) at variant8 fails to compile

19648 [main] INFO clegoues.genprog4java.fitness.Fitness  - 	 gen: 0 0.0 StmtAppend(599,518) (stored at: variant8)
19750 [main] ERROR clegoues.genprog4java.rep.JavaRepresentation  - org/jsoup/parser/Tag.java:102: error: missing return statement
    }
    ^
1 error

19750 [main] INFO clegoues.genprog4java.rep.CachingRepresentation  - StmtDelete(557) at variant9 fails to compile

19750 [main] INFO clegoues.genprog4java.fitness.Fitness  - 	 gen: 0 0.0 StmtDelete(557) (stored at: variant9)
20626 [main] INFO clegoues.genprog4java.fitness.Fitness  - 	 gen: 0 0.0 StmtDelete(420) (stored at: variant10)
20685 [main] ERROR clegoues.genprog4java.rep.JavaRepresentation  - org/jsoup/parser/Parser.java:247: error: call to this must be first statement in constructor
				this(tag, baseUri, new Attributes());
				    ^
1 error

20685 [main] INFO clegoues.genprog4java.rep.CachingRepresentation  - StmtAppend(473,4) at variant11 fails to compile

20685 [main] INFO clegoues.genprog4java.fitness.Fitness  - 	 gen: 0 0.0 StmtAppend(473,4) (stored at: variant11)
20763 [main] ERROR clegoues.genprog4java.rep.JavaRepresentation  - org/jsoup/nodes/Element.java:340: error: missing return statement
    }
    ^
1 error

20764 [main] INFO clegoues.genprog4java.rep.CachingRepresentation  - StmtDelete(111) at variant12 fails to compile

20764 [main] INFO clegoues.genprog4java.fitness.Fitness  - 	 gen: 0 0.0 StmtDelete(111) (stored at: variant12)
21573 [main] INFO clegoues.genprog4java.fitness.Fitness  - 	 gen: 0 1.0 StmtAppend(711,679) (stored at: variant13)
21636 [main] ERROR clegoues.genprog4java.rep.JavaRepresentation  - org/jsoup/parser/Parser.java:81: error: incompatible types: boolean cannot be converted to Document
					return false;
					       ^
1 error

21636 [main] INFO clegoues.genprog4java.rep.CachingRepresentation  - StmtAppend(344,546) at variant14 fails to compile

21636 [main] INFO clegoues.genprog4java.fitness.Fitness  - 	 gen: 0 0.0 StmtAppend(344,546) (stored at: variant14)
21712 [main] ERROR clegoues.genprog4java.rep.JavaRepresentation  - org/jsoup/nodes/Element.java:125: error: cannot find symbol
        if (parent != null && !parent.tagName().equals("#root")) {
            ^
  symbol:   variable parent
  location: class Element
org/jsoup/nodes/Element.java:125: error: cannot find symbol
        if (parent != null && !parent.tagName().equals("#root")) {
                               ^
  symbol:   variable parent
  location: class Element
org/jsoup/nodes/Element.java:126: error: cannot find symbol
            parents.add(parent);
                        ^
  symbol:   variable parent
  location: class Element
org/jsoup/nodes/Element.java:127: error: cannot find symbol
            accumulateParents(parent, parents);
                              ^
  symbol:   variable parent
  location: class Element
4 errors

21713 [main] INFO clegoues.genprog4java.rep.CachingRepresentation  - StmtDelete(27) at variant15 fails to compile

21713 [main] INFO clegoues.genprog4java.fitness.Fitness  - 	 gen: 0 0.0 StmtDelete(27) (stored at: variant15)
22584 [main] INFO clegoues.genprog4java.fitness.Fitness  - 	 gen: 0 1.0 StmtDelete(81) (stored at: variant16)
23353 [main] INFO clegoues.genprog4java.fitness.Fitness  - 	 gen: 0 1.0 StmtDelete(154) (stored at: variant17)
24167 [main] INFO clegoues.genprog4java.fitness.Fitness  - 	 gen: 0 1.0 StmtDelete(264) (stored at: variant18)
24953 [main] INFO clegoues.genprog4java.fitness.Fitness  - 	 gen: 0 0.0 StmtReplace(479,319) (stored at: variant19)
25929 [main] INFO clegoues.genprog4java.fitness.Fitness  - 	 gen: 0 1.0 StmtDelete(383) (stored at: variant20)
26686 [main] INFO clegoues.genprog4java.fitness.Fitness  - 	 gen: 0 1.0 StmtReplace(539,627) (stored at: variant21)
26734 [main] ERROR clegoues.genprog4java.rep.JavaRepresentation  - org/jsoup/nodes/Element.java:377: error: cannot find symbol
        Integer index = indexInList(this, siblings);
                                          ^
  symbol:   variable siblings
  location: class Element
org/jsoup/nodes/Element.java:380: error: cannot find symbol
            return siblings.get(index-1);
                   ^
  symbol:   variable siblings
  location: class Element
2 errors

26734 [main] INFO clegoues.genprog4java.rep.CachingRepresentation  - StmtDelete(123) at variant22 fails to compile

26735 [main] INFO clegoues.genprog4java.fitness.Fitness  - 	 gen: 0 0.0 StmtDelete(123) (stored at: variant22)
27424 [main] INFO clegoues.genprog4java.fitness.Fitness  - 	 gen: 0 1.0 StmtReplace(450,355) (stored at: variant23)
28200 [main] INFO clegoues.genprog4java.fitness.Fitness  - 	 gen: 0 1.0 StmtReplace(196,237) (stored at: variant24)
28902 [main] INFO clegoues.genprog4java.fitness.Fitness  - 	 gen: 0 1.0 StmtReplace(719,666) (stored at: variant25)
28952 [main] ERROR clegoues.genprog4java.rep.JavaRepresentation  - org/jsoup/nodes/Element.java:340: error: call to this must be first statement in constructor
			this(tag, baseUri, new Attributes());
			    ^
1 error

28952 [main] INFO clegoues.genprog4java.rep.CachingRepresentation  - StmtReplace(112,4) at variant26 fails to compile

28952 [main] INFO clegoues.genprog4java.fitness.Fitness  - 	 gen: 0 0.0 StmtReplace(112,4) (stored at: variant26)
29656 [main] INFO clegoues.genprog4java.fitness.Fitness  - 	 gen: 0 0.0 StmtAppend(479,450) (stored at: variant27)
29694 [main] ERROR clegoues.genprog4java.rep.JavaRepresentation  - org/jsoup/parser/Tag.java:52: error: incompatible types: boolean cannot be converted to Tag
				return tag.isBlock();
				                  ^
1 error

29695 [main] INFO clegoues.genprog4java.rep.CachingRepresentation  - StmtReplace(531,12) at variant28 fails to compile

29695 [main] INFO clegoues.genprog4java.fitness.Fitness  - 	 gen: 0 0.0 StmtReplace(531,12) (stored at: variant28)
30432 [main] INFO clegoues.genprog4java.fitness.Fitness  - 	 gen: 0 1.0 StmtAppend(722,636) (stored at: variant29)
31086 [main] INFO clegoues.genprog4java.fitness.Fitness  - 	 gen: 0 1.0 StmtAppend(612,613) (stored at: variant30)
31121 [main] ERROR clegoues.genprog4java.rep.JavaRepresentation  - org/jsoup/parser/Parser.java:125: error: cannot find symbol
            popStackToClose(tag);
                            ^
  symbol:   variable tag
  location: class Parser
1 error

31121 [main] INFO clegoues.genprog4java.rep.CachingRepresentation  - StmtAppend(377,346) at variant31 fails to compile

31121 [main] INFO clegoues.genprog4java.fitness.Fitness  - 	 gen: 0 0.0 StmtAppend(377,346) (stored at: variant31)
31851 [main] INFO clegoues.genprog4java.fitness.Fitness  - 	 gen: 0 1.0 StmtAppend(453,338) (stored at: variant32)
32548 [main] INFO clegoues.genprog4java.fitness.Fitness  - 	 gen: 0 0.0 StmtAppend(511,343) (stored at: variant33)
33291 [main] INFO clegoues.genprog4java.fitness.Fitness  - 	 gen: 0 1.0 StmtDelete(628) (stored at: variant34)
33335 [main] ERROR clegoues.genprog4java.rep.JavaRepresentation  - org/jsoup/nodes/Element.java:650: error: cannot find symbol
				sb.append(data.getWholeData());
				          ^
  symbol:   variable data
  location: class Element
1 error

33335 [main] INFO clegoues.genprog4java.rep.CachingRepresentation  - StmtReplace(228,226) at variant35 fails to compile

33335 [main] INFO clegoues.genprog4java.fitness.Fitness  - 	 gen: 0 0.0 StmtReplace(228,226) (stored at: variant35)
321416 [main] INFO clegoues.genprog4java.fitness.Fitness  - 	 gen: 0 0.0 StmtDelete(338) (stored at: variant36)
321462 [main] ERROR clegoues.genprog4java.rep.JavaRepresentation  - org/jsoup/parser/Tag.java:83: error: incompatible types: String cannot be converted to boolean
			return tagName;
			       ^
1 error

321462 [main] INFO clegoues.genprog4java.rep.CachingRepresentation  - StmtReplace(547,521) at variant37 fails to compile

321462 [main] INFO clegoues.genprog4java.fitness.Fitness  - 	 gen: 0 0.0 StmtReplace(547,521) (stored at: variant37)
321526 [main] ERROR clegoues.genprog4java.rep.JavaRepresentation  - org/jsoup/parser/Parser.java:99: error: cannot find symbol
				if (last().tag().canContain(tag))
				                            ^
  symbol:   variable tag
  location: class Parser
org/jsoup/parser/Parser.java:100: error: incompatible types: unexpected return value
					return last();
					           ^
org/jsoup/parser/Parser.java:104: error: incompatible types: unexpected return value
			return null;
			       ^
3 errors

321526 [main] INFO clegoues.genprog4java.rep.CachingRepresentation  - StmtReplace(360,486) at variant38 fails to compile

321526 [main] INFO clegoues.genprog4java.fitness.Fitness  - 	 gen: 0 0.0 StmtReplace(360,486) (stored at: variant38)
321569 [main] ERROR clegoues.genprog4java.rep.JavaRepresentation  - org/jsoup/nodes/Element.java:190: error: cannot find symbol
		return !isBlock;
		        ^
  symbol:   variable isBlock
  location: class Element
1 error

321569 [main] INFO clegoues.genprog4java.rep.CachingRepresentation  - StmtReplace(43,562) at variant39 fails to compile

321569 [main] INFO clegoues.genprog4java.fitness.Fitness  - 	 gen: 0 0.0 StmtReplace(43,562) (stored at: variant39)
321569 [main] INFO clegoues.genprog4java.Search.Search  - search: generation1
322751 [main] ERROR clegoues.genprog4java.rep.JavaRepresentation  - org/jsoup/nodes/Element.java:34: error: no suitable constructor found for Node(no arguments)
    public Element(Tag tag, String baseUri, Attributes attributes) {
                                                                   ^
    constructor Node.Node(String,Attributes) is not applicable
      (actual and formal argument lists differ in length)
    constructor Node.Node(String) is not applicable
      (actual and formal argument lists differ in length)
org/jsoup/nodes/Element.java:36: error: call to super must be first statement in constructor
			super(baseUri, attributes);
			     ^
org/jsoup/nodes/Element.java:37: error: cannot find symbol
			append(html);
			       ^
  symbol:   variable html
  location: class Element
3 errors

322751 [main] INFO clegoues.genprog4java.rep.CachingRepresentation  - StmtDelete(628) StmtAppend(1,298) at variant40 fails to compile

322751 [main] INFO clegoues.genprog4java.fitness.Fitness  - 	 gen: 1 0.0 StmtDelete(628) StmtAppend(1,298) (stored at: variant40)
323488 [main] INFO clegoues.genprog4java.fitness.Fitness  - 	 gen: 1 0.0 StmtDelete(81) StmtDelete(388) (stored at: variant41)
323527 [main] ERROR clegoues.genprog4java.rep.JavaRepresentation  - org/jsoup/nodes/Element.java:256: error: cannot find symbol
        childNodes.add(0, child);
                          ^
  symbol:   variable child
  location: class Element
org/jsoup/nodes/Element.java:257: error: cannot find symbol
        prependChild(node);
                     ^
  symbol:   variable node
  location: class Element
2 errors

323527 [main] INFO clegoues.genprog4java.rep.CachingRepresentation  - StmtAppend(453,338) StmtReplace(66,51) at variant42 fails to compile

323527 [main] INFO clegoues.genprog4java.fitness.Fitness  - 	 gen: 1 0.0 StmtAppend(453,338) StmtReplace(66,51) (stored at: variant42)
323570 [main] ERROR clegoues.genprog4java.rep.JavaRepresentation  - org/jsoup/parser/Parser.java:39: error: cannot find symbol
			if (this.equals(tag))
			                ^
  symbol:   variable tag
  location: class Parser
org/jsoup/parser/Parser.java:40: error: incompatible types: unexpected return value
				return true;
				       ^
2 errors

323570 [main] INFO clegoues.genprog4java.rep.CachingRepresentation  - StmtAppend(453,338) StmtReplace(327,576) at variant43 fails to compile

323570 [main] INFO clegoues.genprog4java.fitness.Fitness  - 	 gen: 1 0.0 StmtAppend(453,338) StmtReplace(327,576) (stored at: variant43)
323615 [main] ERROR clegoues.genprog4java.rep.JavaRepresentation  - org/jsoup/nodes/Element.java:141: error: missing return statement
	}
	^
1 error

323615 [main] INFO clegoues.genprog4java.rep.CachingRepresentation  - StmtReplace(539,627) StmtDelete(32) at variant44 fails to compile

323615 [main] INFO clegoues.genprog4java.fitness.Fitness  - 	 gen: 1 0.0 StmtReplace(539,627) StmtDelete(32) (stored at: variant44)
324297 [main] INFO clegoues.genprog4java.fitness.Fitness  - 	 gen: 1 1.0 StmtDelete(576) StmtReplace(622,689) (stored at: variant45)
325019 [main] INFO clegoues.genprog4java.fitness.Fitness  - 	 gen: 1 0.0 StmtReplace(196,237) StmtDelete(581) (stored at: variant46)
325055 [main] ERROR clegoues.genprog4java.rep.JavaRepresentation  - org/jsoup/parser/Tag.java:304: error: non-static variable this cannot be referenced from a static context
				this.tagName = tagName.toLowerCase();
				^
org/jsoup/parser/Tag.java:304: error: non-static variable tagName cannot be referenced from a static context
				this.tagName = tagName.toLowerCase();
				               ^
2 errors

325055 [main] INFO clegoues.genprog4java.rep.CachingRepresentation  - StmtDelete(154) StmtAppend(679,519) at variant47 fails to compile

325055 [main] INFO clegoues.genprog4java.fitness.Fitness  - 	 gen: 1 0.0 StmtDelete(154) StmtAppend(679,519) (stored at: variant47)
325764 [main] INFO clegoues.genprog4java.fitness.Fitness  - 	 gen: 1 1.0 StmtReplace(539,627) StmtDelete(298) (stored at: variant48)
326444 [main] INFO clegoues.genprog4java.fitness.Fitness  - 	 gen: 1 1.0 StmtReplace(450,355) StmtDelete(37) (stored at: variant49)
327064 [main] INFO clegoues.genprog4java.fitness.Fitness  - 	 gen: 1 0.0 StmtDelete(154) StmtDelete(532) (stored at: variant50)
327738 [main] INFO clegoues.genprog4java.fitness.Fitness  - 	 gen: 1 1.0 StmtDelete(685) StmtDelete(661) (stored at: variant51)
328536 [main] INFO clegoues.genprog4java.fitness.Fitness  - 	 gen: 1 1.0 StmtReplace(704,704) StmtReplace(287,282) (stored at: variant52)
329192 [main] INFO clegoues.genprog4java.fitness.Fitness  - 	 gen: 1 1.0 StmtAppend(453,338) StmtDelete(483) (stored at: variant53)
330205 [main] INFO clegoues.genprog4java.fitness.Fitness  - 	 gen: 1 1.0 StmtDelete(154) StmtDelete(631) (stored at: variant54)
331060 [main] INFO clegoues.genprog4java.fitness.Fitness  - 	 gen: 1 1.0 StmtAppend(615,643) (stored at: variant55)
331094 [main] ERROR clegoues.genprog4java.rep.JavaRepresentation  - org/jsoup/parser/Parser.java:162: error: variable dataNode might not have been initialized
            child.appendChild(dataNode);   
                              ^
1 error

331094 [main] INFO clegoues.genprog4java.rep.CachingRepresentation  - StmtDelete(548) StmtReplace(408,352) at variant56 fails to compile

331094 [main] INFO clegoues.genprog4java.fitness.Fitness  - 	 gen: 1 0.0 StmtDelete(548) StmtReplace(408,352) (stored at: variant56)
331139 [main] ERROR clegoues.genprog4java.rep.JavaRepresentation  - org/jsoup/nodes/Element.java:597: error: cannot find symbol
			append(html);
			       ^
  symbol:   variable html
  location: class Element
1 error

331139 [main] INFO clegoues.genprog4java.rep.CachingRepresentation  - StmtDelete(264) StmtAppend(180,298) at variant57 fails to compile

331139 [main] INFO clegoues.genprog4java.fitness.Fitness  - 	 gen: 1 0.0 StmtDelete(264) StmtAppend(180,298) (stored at: variant57)
331193 [main] ERROR clegoues.genprog4java.rep.JavaRepresentation  - org/jsoup/nodes/Element.java:772: error: package child does not exist
			if (child.tagName.equals("base") || child.tagName.equals("script") || child.tagName.equals("noscript")
			         ^
org/jsoup/nodes/Element.java:772: error: package child does not exist
			if (child.tagName.equals("base") || child.tagName.equals("script") || child.tagName.equals("noscript")
			                                         ^
org/jsoup/nodes/Element.java:772: error: package child does not exist
			if (child.tagName.equals("base") || child.tagName.equals("script") || child.tagName.equals("noscript")
			                                                                           ^
org/jsoup/nodes/Element.java:773: error: package child does not exist
					|| child.tagName.equals("link") || child.tagName.equals("meta") || child.tagName.equals("title")
					        ^
org/jsoup/nodes/Element.java:773: error: package child does not exist
					|| child.tagName.equals("link") || child.tagName.equals("meta") || child.tagName.equals("title")
					                                        ^
org/jsoup/nodes/Element.java:773: error: package child does not exist
					|| child.tagName.equals("link") || child.tagName.equals("meta") || child.tagName.equals("title")
					                                                                        ^
org/jsoup/nodes/Element.java:774: error: package child does not exist
					|| child.tagName.equals("style") || child.tagName.equals("object")) {
					        ^
org/jsoup/nodes/Element.java:774: error: package child does not exist
					|| child.tagName.equals("style") || child.tagName.equals("object")) {
					                                         ^
org/jsoup/nodes/Element.java:775: error: incompatible types: boolean cannot be converted to Element
				return true;
				       ^
9 errors

331193 [main] INFO clegoues.genprog4java.rep.CachingRepresentation  - StmtDelete(154) StmtAppend(272,549) at variant58 fails to compile

331193 [main] INFO clegoues.genprog4java.fitness.Fitness  - 	 gen: 1 0.0 StmtDelete(154) StmtAppend(272,549) (stored at: variant58)
331243 [main] ERROR clegoues.genprog4java.rep.JavaRepresentation  - org/jsoup/nodes/Element.java:628: error: cannot find symbol
					Validate.notEmpty(tagName);
					                  ^
  symbol:   variable tagName
  location: class Element
org/jsoup/nodes/Element.java:630: error: cannot find symbol
                if (!textNode.isBlank())
                     ^
  symbol:   variable textNode
  location: class Element
2 errors

331244 [main] INFO clegoues.genprog4java.rep.CachingRepresentation  - StmtDelete(576) StmtAppend(210,140) at variant59 fails to compile

331244 [main] INFO clegoues.genprog4java.fitness.Fitness  - 	 gen: 1 0.0 StmtDelete(576) StmtAppend(210,140) (stored at: variant59)
332091 [main] INFO clegoues.genprog4java.fitness.Fitness  - 	 gen: 1 1.0 StmtAppend(612,613) StmtReplace(194,15) (stored at: variant60)
332856 [main] INFO clegoues.genprog4java.fitness.Fitness  - 	 gen: 1 1.0 StmtAppend(711,679) StmtReplace(683,671) (stored at: variant61)
333635 [main] INFO clegoues.genprog4java.fitness.Fitness  - 	 gen: 1 1.0 StmtReplace(719,666) StmtDelete(673) (stored at: variant62)
334415 [main] INFO clegoues.genprog4java.fitness.Fitness  - 	 gen: 1 14.333333333333334 StmtReplace(704,704) StmtReplace(688,611) (stored at: variant63)
334446 [main] ERROR clegoues.genprog4java.rep.JavaRepresentation  - org/jsoup/parser/Parser.java:129: error: cannot find symbol
				if (last().tag().canContain(tag))
				                            ^
  symbol:   variable tag
  location: class Parser
org/jsoup/parser/Parser.java:130: error: incompatible types: unexpected return value
					return last();
					           ^
org/jsoup/parser/Parser.java:136: error: cannot find symbol
        if (tagName.length() == 0) { // doesn't look like a start tag after all; put < back on stack and handle as text
            ^
  symbol:   variable tagName
  location: class Parser
org/jsoup/parser/Parser.java:149: error: cannot find symbol
        Tag tag = Tag.valueOf(tagName);
                              ^
  symbol:   variable tagName
  location: class Parser
org/jsoup/parser/Parser.java:162: error: cannot find symbol
            String data = tq.chompTo("</" + tagName);
                                            ^
  symbol:   variable tagName
  location: class Parser
5 errors

334447 [main] INFO clegoues.genprog4java.rep.CachingRepresentation  - StmtReplace(704,704) StmtAppend(381,487) at variant64 fails to compile

334447 [main] INFO clegoues.genprog4java.fitness.Fitness  - 	 gen: 1 0.0 StmtReplace(704,704) StmtAppend(381,487) (stored at: variant64)
334479 [main] ERROR clegoues.genprog4java.rep.JavaRepresentation  - org/jsoup/nodes/Element.java:209: error: incompatible types: boolean cannot be converted to Element
					return true;
					       ^
org/jsoup/nodes/Element.java:213: error: incompatible types: boolean cannot be converted to Element
					return true;
					       ^
2 errors

334479 [main] INFO clegoues.genprog4java.rep.CachingRepresentation  - StmtAppend(49,208) at variant65 fails to compile

334480 [main] INFO clegoues.genprog4java.fitness.Fitness  - 	 gen: 1 0.0 StmtAppend(49,208) (stored at: variant65)
334510 [main] ERROR clegoues.genprog4java.rep.JavaRepresentation  - org/jsoup/parser/Parser.java:129: error: cannot find symbol
        if (tagName.length() == 0) { // doesn't look like a start tag after all; put < back on stack and handle as text
            ^
  symbol:   variable tagName
  location: class Parser
org/jsoup/parser/Parser.java:142: error: cannot find symbol
        Tag tag = Tag.valueOf(tagName);
                              ^
  symbol:   variable tagName
  location: class Parser
org/jsoup/parser/Parser.java:155: error: cannot find symbol
            String data = tq.chompTo("</" + tagName);
                                            ^
  symbol:   variable tagName
  location: class Parser
3 errors

334511 [main] INFO clegoues.genprog4java.rep.CachingRepresentation  - StmtReplace(450,355) StmtDelete(381) at variant66 fails to compile

334511 [main] INFO clegoues.genprog4java.fitness.Fitness  - 	 gen: 1 0.0 StmtReplace(450,355) StmtDelete(381) (stored at: variant66)
335260 [main] INFO clegoues.genprog4java.fitness.Fitness  - 	 gen: 1 1.0 StmtAppend(453,338) StmtDelete(388) (stored at: variant67)
623309 [main] INFO clegoues.genprog4java.fitness.Fitness  - 	 gen: 1 0.0 StmtDelete(576) StmtDelete(354) (stored at: variant68)
623336 [main] ERROR clegoues.genprog4java.rep.JavaRepresentation  - org/jsoup/parser/Tag.java:347: error: incompatible types: boolean cannot be converted to Tag
			return true;
			       ^
1 error

623336 [main] INFO clegoues.genprog4java.rep.CachingRepresentation  - StmtDelete(81) StmtReplace(711,550) at variant69 fails to compile

623336 [main] INFO clegoues.genprog4java.fitness.Fitness  - 	 gen: 1 0.0 StmtDelete(81) StmtReplace(711,550) (stored at: variant69)
624020 [main] INFO clegoues.genprog4java.fitness.Fitness  - 	 gen: 1 0.0 StmtDelete(576) StmtReplace(476,346) (stored at: variant70)
624781 [main] INFO clegoues.genprog4java.fitness.Fitness  - 	 gen: 1 1.0 StmtDelete(81) StmtReplace(705,643) (stored at: variant71)
624815 [main] ERROR clegoues.genprog4java.rep.JavaRepresentation  - org/jsoup/parser/Parser.java:51: error: non-static variable stack cannot be referenced from a static context
		while (!stack.isEmpty()) {
		        ^
org/jsoup/parser/Parser.java:52: error: cannot find symbol
			if (last().tag().canContain(tag))
			                            ^
  symbol:   variable tag
  location: class Parser
org/jsoup/parser/Parser.java:52: error: non-static method last() cannot be referenced from a static context
			if (last().tag().canContain(tag))
			    ^
org/jsoup/parser/Parser.java:53: error: non-static method last() cannot be referenced from a static context
				return last();
				       ^
org/jsoup/parser/Parser.java:53: error: incompatible types: Element cannot be converted to Document
				return last();
				           ^
org/jsoup/parser/Parser.java:55: error: non-static variable stack cannot be referenced from a static context
				stack.removeLast();
				^
6 errors

624815 [main] INFO clegoues.genprog4java.rep.CachingRepresentation  - StmtAppend(711,679) StmtReplace(330,486) at variant72 fails to compile

624815 [main] INFO clegoues.genprog4java.fitness.Fitness  - 	 gen: 1 0.0 StmtAppend(711,679) StmtReplace(330,486) (stored at: variant72)
625708 [main] INFO clegoues.genprog4java.fitness.Fitness  - 	 gen: 1 0.0 StmtAppend(722,636) StmtReplace(365,342) (stored at: variant73)
626454 [main] INFO clegoues.genprog4java.fitness.Fitness  - 	 gen: 1 1.0 StmtDelete(628) StmtDelete(286) (stored at: variant74)
626485 [main] ERROR clegoues.genprog4java.rep.JavaRepresentation  - org/jsoup/nodes/Element.java:401: error: cannot find symbol
		accumulateParents(this, parents);
		                        ^
  symbol:   variable parents
  location: class Element
1 error

626485 [main] INFO clegoues.genprog4java.rep.CachingRepresentation  - StmtAppend(453,338) StmtReplace(134,24) at variant75 fails to compile

626485 [main] INFO clegoues.genprog4java.fitness.Fitness  - 	 gen: 1 0.0 StmtAppend(453,338) StmtReplace(134,24) (stored at: variant75)
627186 [main] INFO clegoues.genprog4java.fitness.Fitness  - 	 gen: 1 1.0 StmtReplace(704,704) StmtAppend(325,423) (stored at: variant76)
627223 [main] ERROR clegoues.genprog4java.rep.JavaRepresentation  - org/jsoup/parser/Parser.java:141: error: cannot find symbol
            if (attribute != null)
                ^
  symbol:   variable attribute
  location: class Parser
org/jsoup/parser/Parser.java:142: error: cannot find symbol
                attributes.put(attribute);
                               ^
  symbol:   variable attribute
  location: class Parser
2 errors

627224 [main] INFO clegoues.genprog4java.rep.CachingRepresentation  - StmtDelete(628) StmtReplace(390,389) at variant77 fails to compile

627224 [main] INFO clegoues.genprog4java.fitness.Fitness  - 	 gen: 1 0.0 StmtDelete(628) StmtReplace(390,389) (stored at: variant77)
627287 [main] ERROR clegoues.genprog4java.rep.JavaRepresentation  - org/jsoup/parser/Parser.java:194: error: incompatible types: boolean cannot be converted to Attribute
                return false;
                       ^
1 error

627287 [main] INFO clegoues.genprog4java.rep.CachingRepresentation  - StmtDelete(81) StmtReplace(438,591) at variant78 fails to compile

627287 [main] INFO clegoues.genprog4java.fitness.Fitness  - 	 gen: 1 0.0 StmtDelete(81) StmtReplace(438,591) (stored at: variant78)
627317 [main] ERROR clegoues.genprog4java.rep.JavaRepresentation  - org/jsoup/parser/Parser.java:238: error: unreachable statement
			this.baseUri = baseUri;
			^
1 error

627318 [main] INFO clegoues.genprog4java.rep.CachingRepresentation  - StmtReplace(719,666) StmtAppend(459,322) at variant79 fails to compile

627318 [main] INFO clegoues.genprog4java.fitness.Fitness  - 	 gen: 1 0.0 StmtReplace(719,666) StmtAppend(459,322) (stored at: variant79)
628079 [main] INFO clegoues.genprog4java.fitness.Fitness  - 	 gen: 1 0.0 StmtAppend(339,443) (stored at: variant80)
916132 [main] INFO clegoues.genprog4java.fitness.Fitness  - 	 gen: 1 0.0 StmtDelete(340) (stored at: variant81)
916799 [main] INFO clegoues.genprog4java.fitness.Fitness  - 	 gen: 1 1.0 StmtDelete(26) (stored at: variant82)
916829 [main] ERROR clegoues.genprog4java.rep.JavaRepresentation  - org/jsoup/nodes/Element.java:207: error: cannot find symbol
        Validate.notEmpty(tagName);
                          ^
  symbol:   variable tagName
  location: class Element
1 error

916829 [main] INFO clegoues.genprog4java.rep.CachingRepresentation  - StmtReplace(51,526) at variant83 fails to compile

916829 [main] INFO clegoues.genprog4java.fitness.Fitness  - 	 gen: 1 0.0 StmtReplace(51,526) (stored at: variant83)
917599 [main] INFO clegoues.genprog4java.fitness.Fitness  - 	 gen: 1 1.0 StmtReplace(542,572) (stored at: variant84)
917629 [main] ERROR clegoues.genprog4java.rep.JavaRepresentation  - org/jsoup/nodes/Element.java:726: error: cannot find symbol
        classes.remove(className);
        ^
  symbol:   variable classes
  location: class Element
org/jsoup/nodes/Element.java:727: error: cannot find symbol
        classNames(classes);
                   ^
  symbol:   variable classes
  location: class Element
2 errors

917629 [main] INFO clegoues.genprog4java.rep.CachingRepresentation  - StmtDelete(255) at variant85 fails to compile

917629 [main] INFO clegoues.genprog4java.fitness.Fitness  - 	 gen: 1 0.0 StmtDelete(255) (stored at: variant85)
918410 [main] INFO clegoues.genprog4java.fitness.Fitness  - 	 gen: 1 1.0 StmtAppend(543,706) (stored at: variant86)
919168 [main] INFO clegoues.genprog4java.fitness.Fitness  - 	 gen: 1 1.0 StmtReplace(642,670) (stored at: variant87)
919963 [main] INFO clegoues.genprog4java.fitness.Fitness  - 	 gen: 1 0.0 StmtReplace(680,629) (stored at: variant88)
920695 [main] INFO clegoues.genprog4java.fitness.Fitness  - 	 gen: 1 1.0 StmtDelete(665) (stored at: variant89)
921414 [main] INFO clegoues.genprog4java.fitness.Fitness  - 	 gen: 1 1.0 StmtDelete(195) (stored at: variant90)
922135 [main] INFO clegoues.genprog4java.fitness.Fitness  - 	 gen: 1 1.0 StmtReplace(462,463) (stored at: variant91)
922183 [main] ERROR clegoues.genprog4java.rep.JavaRepresentation  - org/jsoup/nodes/Element.java:576: error: cannot find symbol
			Validate.notNull(className);
			                 ^
  symbol:   variable className
  location: class Element
1 error

922183 [main] INFO clegoues.genprog4java.rep.CachingRepresentation  - StmtAppend(176,248) at variant92 fails to compile

922183 [main] INFO clegoues.genprog4java.fitness.Fitness  - 	 gen: 1 0.0 StmtAppend(176,248) (stored at: variant92)
922209 [main] ERROR clegoues.genprog4java.rep.JavaRepresentation  - org/jsoup/parser/Parser.java:198: error: cannot find symbol
        if (key.length() != 0)
            ^
  symbol:   variable key
  location: class Parser
org/jsoup/parser/Parser.java:199: error: cannot find symbol
            return Attribute.createFromEncoded(key, value);
                                               ^
  symbol:   variable key
  location: class Parser
2 errors

922209 [main] INFO clegoues.genprog4java.rep.CachingRepresentation  - StmtReplace(421,423) at variant93 fails to compile

922209 [main] INFO clegoues.genprog4java.fitness.Fitness  - 	 gen: 1 0.0 StmtReplace(421,423) (stored at: variant93)
922913 [main] INFO clegoues.genprog4java.fitness.Fitness  - 	 gen: 1 1.0 StmtAppend(392,491) (stored at: variant94)
922943 [main] ERROR clegoues.genprog4java.rep.JavaRepresentation  - org/jsoup/nodes/Element.java:49: error: no suitable constructor found for Node(no arguments)
    public Element(Tag tag, String baseUri) {
                                            ^
    constructor Node.Node(String,Attributes) is not applicable
      (actual and formal argument lists differ in length)
    constructor Node.Node(String) is not applicable
      (actual and formal argument lists differ in length)
org/jsoup/nodes/Element.java:51: error: call to this must be first statement in constructor
			this(tag, baseUri, new Attributes());
			    ^
org/jsoup/nodes/Element.java:52: error: cannot find symbol
			Validate.notNull(className);
			                 ^
  symbol:   variable className
  location: class Element
3 errors

922943 [main] INFO clegoues.genprog4java.rep.CachingRepresentation  - StmtAppend(5,260) at variant95 fails to compile

922943 [main] INFO clegoues.genprog4java.fitness.Fitness  - 	 gen: 1 0.0 StmtAppend(5,260) (stored at: variant95)
923656 [main] INFO clegoues.genprog4java.fitness.Fitness  - 	 gen: 1 0.0 StmtDelete(725) (stored at: variant96)
924417 [main] INFO clegoues.genprog4java.fitness.Fitness  - 	 gen: 1 1.0 StmtAppend(627,615) (stored at: variant97)
924446 [main] ERROR clegoues.genprog4java.rep.JavaRepresentation  - org/jsoup/nodes/Element.java:117: error: missing return statement
	}
	^
1 error

924446 [main] INFO clegoues.genprog4java.rep.CachingRepresentation  - StmtDelete(22) at variant98 fails to compile

924446 [main] INFO clegoues.genprog4java.fitness.Fitness  - 	 gen: 1 0.0 StmtDelete(22) (stored at: variant98)
925156 [main] INFO clegoues.genprog4java.fitness.Fitness  - 	 gen: 1 1.0 StmtAppend(509,365) (stored at: variant99)
925856 [main] INFO clegoues.genprog4java.fitness.Fitness  - 	 gen: 1 1.0 StmtDelete(227) (stored at: variant100)
926614 [main] INFO clegoues.genprog4java.fitness.Fitness  - 	 gen: 1 1.0 StmtDelete(695) (stored at: variant101)
1214663 [main] INFO clegoues.genprog4java.fitness.Fitness  - 	 gen: 1 0.0 StmtDelete(345) (stored at: variant102)
1214701 [main] ERROR clegoues.genprog4java.rep.JavaRepresentation  - org/jsoup/parser/Parser.java:225: error: incompatible types: boolean cannot be converted to Element
			return true;
			       ^
1 error

1214701 [main] INFO clegoues.genprog4java.rep.CachingRepresentation  - StmtReplace(458,476) at variant103 fails to compile

1214701 [main] INFO clegoues.genprog4java.fitness.Fitness  - 	 gen: 1 0.0 StmtReplace(458,476) (stored at: variant103)
1215439 [main] INFO clegoues.genprog4java.fitness.Fitness  - 	 gen: 1 1.0 StmtAppend(317,385) (stored at: variant104)
1215473 [main] ERROR clegoues.genprog4java.rep.JavaRepresentation  - org/jsoup/parser/Parser.java:243: error: cannot find symbol
        parent.appendChild(child);
        ^
  symbol:   variable parent
  location: class Parser
org/jsoup/parser/Parser.java:247: error: cannot find symbol
        return parent;
               ^
  symbol:   variable parent
  location: class Parser
2 errors

1215473 [main] INFO clegoues.genprog4java.rep.CachingRepresentation  - StmtDelete(455) at variant105 fails to compile

1215473 [main] INFO clegoues.genprog4java.fitness.Fitness  - 	 gen: 1 0.0 StmtDelete(455) (stored at: variant105)
1215473 [main] INFO clegoues.genprog4java.Search.Search  - search: generation2
1216932 [main] ERROR clegoues.genprog4java.rep.JavaRepresentation  - org/jsoup/parser/Tag.java:335: error: non-static variable ancestors cannot be referenced from a static context
					ancestors = Collections.emptyList();
					^
1 error

1216932 [main] INFO clegoues.genprog4java.rep.CachingRepresentation  - StmtAppend(453,338) StmtDelete(388) StmtAppend(702,726) at variant106 fails to compile

1216932 [main] INFO clegoues.genprog4java.fitness.Fitness  - 	 gen: 2 0.0 StmtAppend(453,338) StmtDelete(388) StmtAppend(702,726) (stored at: variant106)
1216958 [main] ERROR clegoues.genprog4java.rep.JavaRepresentation  - org/jsoup/parser/Parser.java:100: error: break outside switch or loop
			break;
			^
org/jsoup/parser/Parser.java:102: error: cannot find symbol
        last().appendChild(comment);
                           ^
  symbol:   variable comment
  location: class Parser
2 errors

1216958 [main] INFO clegoues.genprog4java.rep.CachingRepresentation  - StmtReplace(542,572) StmtReplace(362,502) at variant107 fails to compile

1216958 [main] INFO clegoues.genprog4java.fitness.Fitness  - 	 gen: 2 0.0 StmtReplace(542,572) StmtReplace(362,502) (stored at: variant107)
1216986 [main] ERROR clegoues.genprog4java.rep.JavaRepresentation  - org/jsoup/parser/Parser.java:110: error: cannot find symbol
        last().appendChild(decl);
                           ^
  symbol:   variable decl
  location: class Parser
1 error

1216986 [main] INFO clegoues.genprog4java.rep.CachingRepresentation  - StmtReplace(704,704) StmtReplace(688,611) StmtReplace(369,326) at variant108 fails to compile

1216986 [main] INFO clegoues.genprog4java.fitness.Fitness  - 	 gen: 2 0.0 StmtReplace(704,704) StmtReplace(688,611) StmtReplace(369,326) (stored at: variant108)
1217762 [main] INFO clegoues.genprog4java.fitness.Fitness  - 	 gen: 2 0.0 StmtAppend(453,338) StmtDelete(483) StmtDelete(85) (stored at: variant109)
1217793 [main] ERROR clegoues.genprog4java.rep.JavaRepresentation  - org/jsoup/nodes/Element.java:249: error: unreachable statement
		Validate.notNull(tag);
		^
org/jsoup/nodes/Element.java:250: error: missing return statement
	}
	^
2 errors

1217793 [main] INFO clegoues.genprog4java.rep.CachingRepresentation  - StmtDelete(576) StmtReplace(622,689) StmtAppend(61,2) at variant110 fails to compile

1217793 [main] INFO clegoues.genprog4java.fitness.Fitness  - 	 gen: 2 0.0 StmtDelete(576) StmtReplace(622,689) StmtAppend(61,2) (stored at: variant110)
1217821 [main] ERROR clegoues.genprog4java.rep.JavaRepresentation  - org/jsoup/parser/Parser.java:64: error: cannot find symbol
        return parser.parse();
               ^
  symbol:   variable parser
  location: class Parser
1 error

1217821 [main] INFO clegoues.genprog4java.rep.CachingRepresentation  - StmtReplace(704,704) StmtReplace(688,611) StmtDelete(334) at variant111 fails to compile

1217821 [main] INFO clegoues.genprog4java.fitness.Fitness  - 	 gen: 2 0.0 StmtReplace(704,704) StmtReplace(688,611) StmtDelete(334) (stored at: variant111)
1218827 [main] INFO clegoues.genprog4java.fitness.Fitness  - 	 gen: 2 1.0 StmtDelete(154) StmtDelete(631) StmtAppend(621,654) (stored at: variant112)
1218861 [main] ERROR clegoues.genprog4java.rep.JavaRepresentation  - org/jsoup/parser/Tag.java:242: error: non-static variable canContainBlock cannot be referenced from a static context
				canContainBlock = false;
				^
org/jsoup/parser/Tag.java:243: error: non-static variable canContainInline cannot be referenced from a static context
				canContainInline = true;
				^
org/jsoup/parser/Tag.java:244: error: return outside method
				return this;
				^
3 errors

1218861 [main] INFO clegoues.genprog4java.rep.CachingRepresentation  - StmtReplace(704,704) StmtReplace(688,611) StmtAppend(631,704) at variant113 fails to compile

1218861 [main] INFO clegoues.genprog4java.fitness.Fitness  - 	 gen: 2 0.0 StmtReplace(704,704) StmtReplace(688,611) StmtAppend(631,704) (stored at: variant113)
1218900 [main] ERROR clegoues.genprog4java.rep.JavaRepresentation  - org/jsoup/parser/Tag.java:329: error: unreachable statement
		createInline("Q");
		^
org/jsoup/parser/Tag.java:330: error: missing return statement
	}
	^
2 errors

1218900 [main] INFO clegoues.genprog4java.rep.CachingRepresentation  - StmtReplace(704,704) StmtReplace(688,611) StmtAppend(693,644) at variant114 fails to compile

1218900 [main] INFO clegoues.genprog4java.fitness.Fitness  - 	 gen: 2 0.0 StmtReplace(704,704) StmtReplace(688,611) StmtAppend(693,644) (stored at: variant114)
1218943 [main] ERROR clegoues.genprog4java.rep.JavaRepresentation  - org/jsoup/parser/Parser.java:168: error: cannot find symbol
			if (this.tagName.equals("dt") && child.tagName.equals("dd"))
			        ^
  symbol: variable tagName
org/jsoup/parser/Parser.java:168: error: cannot find symbol
			if (this.tagName.equals("dt") && child.tagName.equals("dd"))
			                                      ^
  symbol:   variable tagName
  location: variable child of type Element
org/jsoup/parser/Parser.java:169: error: incompatible types: unexpected return value
				return false;
				       ^
3 errors

1218944 [main] INFO clegoues.genprog4java.rep.CachingRepresentation  - StmtReplace(704,704) StmtAppend(325,423) StmtAppend(403,553) at variant115 fails to compile

1218944 [main] INFO clegoues.genprog4java.fitness.Fitness  - 	 gen: 2 0.0 StmtReplace(704,704) StmtAppend(325,423) StmtAppend(403,553) (stored at: variant115)
1219766 [main] INFO clegoues.genprog4java.fitness.Fitness  - 	 gen: 2 1.0 StmtAppend(627,615) StmtAppend(479,439) (stored at: variant116)
1219796 [main] ERROR clegoues.genprog4java.rep.JavaRepresentation  - org/jsoup/nodes/Element.java:159: error: cannot find symbol
					return tagName;
					       ^
  symbol:   variable tagName
  location: class Element
1 error

1219796 [main] INFO clegoues.genprog4java.rep.CachingRepresentation  - StmtAppend(543,706) StmtAppend(39,521) at variant117 fails to compile

1219796 [main] INFO clegoues.genprog4java.fitness.Fitness  - 	 gen: 2 0.0 StmtAppend(543,706) StmtAppend(39,521) (stored at: variant117)
1219822 [main] ERROR clegoues.genprog4java.rep.JavaRepresentation  - org/jsoup/parser/Parser.java:110: error: cannot find symbol
        XmlDeclaration decl = new XmlDeclaration(data, baseUri, procInstr);
                                                                ^
  symbol:   variable procInstr
  location: class Parser
1 error

1219822 [main] INFO clegoues.genprog4java.rep.CachingRepresentation  - StmtDelete(665) StmtDelete(367) at variant118 fails to compile

1219822 [main] INFO clegoues.genprog4java.fitness.Fitness  - 	 gen: 2 0.0 StmtDelete(665) StmtDelete(367) (stored at: variant118)
1219850 [main] ERROR clegoues.genprog4java.rep.JavaRepresentation  - org/jsoup/parser/Tag.java:291: error: non-static variable this cannot be referenced from a static context
        if (this.empty || this.isData())
            ^
org/jsoup/parser/Tag.java:291: error: non-static variable this cannot be referenced from a static context
        if (this.empty || this.isData())
                          ^
org/jsoup/parser/Tag.java:292: error: return outside method
			return false;
			^
3 errors

1219850 [main] INFO clegoues.genprog4java.rep.CachingRepresentation  - StmtReplace(704,704) StmtReplace(688,611) StmtReplace(672,545) at variant119 fails to compile

1219850 [main] INFO clegoues.genprog4java.fitness.Fitness  - 	 gen: 2 0.0 StmtReplace(704,704) StmtReplace(688,611) StmtReplace(672,545) (stored at: variant119)
1220544 [main] INFO clegoues.genprog4java.fitness.Fitness  - 	 gen: 2 0.0 StmtDelete(695) StmtAppend(538,726) (stored at: variant120)
1220581 [main] ERROR clegoues.genprog4java.rep.JavaRepresentation  - org/jsoup/nodes/Element.java:787: error: incompatible types: unexpected return value
					return true;
					       ^
1 error

1220581 [main] INFO clegoues.genprog4java.rep.CachingRepresentation  - StmtDelete(628) StmtDelete(286) StmtAppend(284,550) at variant121 fails to compile

1220581 [main] INFO clegoues.genprog4java.fitness.Fitness  - 	 gen: 2 0.0 StmtDelete(628) StmtDelete(286) StmtAppend(284,550) (stored at: variant121)
1221341 [main] INFO clegoues.genprog4java.fitness.Fitness  - 	 gen: 2 0.0 StmtReplace(704,704) StmtReplace(688,611) StmtReplace(525,641) (stored at: variant122)
1222031 [main] INFO clegoues.genprog4java.fitness.Fitness  - 	 gen: 2 1.0 StmtDelete(195) StmtReplace(699,662) (stored at: variant123)
1222060 [main] ERROR clegoues.genprog4java.rep.JavaRepresentation  - org/jsoup/parser/Parser.java:163: error: cannot find symbol
                dataNode = TextNode.createFromEncoded(data, baseUri);
                ^
  symbol:   variable dataNode
  location: class Parser
org/jsoup/parser/Parser.java:165: error: cannot find symbol
                dataNode = new DataNode(data, baseUri); // data not encoded but raw (for " in script)
                ^
  symbol:   variable dataNode
  location: class Parser
org/jsoup/parser/Parser.java:166: error: cannot find symbol
            child.appendChild(dataNode);   
                              ^
  symbol:   variable dataNode
  location: class Parser
3 errors

1222060 [main] INFO clegoues.genprog4java.rep.CachingRepresentation  - StmtReplace(642,670) StmtAppend(407,469) at variant124 fails to compile

1222060 [main] INFO clegoues.genprog4java.fitness.Fitness  - 	 gen: 2 0.0 StmtReplace(642,670) StmtAppend(407,469) (stored at: variant124)
1222090 [main] ERROR clegoues.genprog4java.rep.JavaRepresentation  - org/jsoup/nodes/Element.java:340: error: call to this must be first statement in constructor
			this(tag, baseUri, new Attributes());
			    ^
1 error

1222090 [main] INFO clegoues.genprog4java.rep.CachingRepresentation  - StmtDelete(227) StmtReplace(112,4) at variant125 fails to compile

1222090 [main] INFO clegoues.genprog4java.fitness.Fitness  - 	 gen: 2 0.0 StmtDelete(227) StmtReplace(112,4) (stored at: variant125)
1222119 [main] ERROR clegoues.genprog4java.rep.JavaRepresentation  - org/jsoup/parser/Parser.java:267: error: missing return statement
    }
    ^
1 error

1222120 [main] INFO clegoues.genprog4java.rep.CachingRepresentation  - StmtReplace(704,704) StmtAppend(325,423) StmtDelete(485) at variant126 fails to compile

1222120 [main] INFO clegoues.genprog4java.fitness.Fitness  - 	 gen: 2 0.0 StmtReplace(704,704) StmtAppend(325,423) StmtDelete(485) (stored at: variant126)
1222149 [main] ERROR clegoues.genprog4java.rep.JavaRepresentation  - org/jsoup/parser/Parser.java:152: error: cannot find symbol
			if (this.tagName.equals("dt") && child.tagName.equals("dd"))
			        ^
  symbol: variable tagName
org/jsoup/parser/Parser.java:152: error: cannot find symbol
			if (this.tagName.equals("dt") && child.tagName.equals("dd"))
			                                      ^
  symbol:   variable tagName
  location: variable child of type Element
org/jsoup/parser/Parser.java:153: error: incompatible types: unexpected return value
				return false;
				       ^
3 errors

1222150 [main] INFO clegoues.genprog4java.rep.CachingRepresentation  - StmtAppend(543,706) StmtAppend(401,553) at variant127 fails to compile

1222150 [main] INFO clegoues.genprog4java.fitness.Fitness  - 	 gen: 2 0.0 StmtAppend(543,706) StmtAppend(401,553) (stored at: variant127)
1223016 [main] INFO clegoues.genprog4java.fitness.Fitness  - 	 gen: 2 1.0 StmtAppend(317,385) StmtReplace(257,23) (stored at: variant128)
1223851 [main] INFO clegoues.genprog4java.fitness.Fitness  - 	 gen: 2 0.0 StmtReplace(719,666) StmtDelete(673) StmtDelete(506) (stored at: variant129)
1224594 [main] INFO clegoues.genprog4java.fitness.Fitness  - 	 gen: 2 1.0 StmtAppend(627,615) StmtReplace(602,655) (stored at: variant130)
1225311 [main] INFO clegoues.genprog4java.fitness.Fitness  - 	 gen: 2 1.0 StmtDelete(628) StmtDelete(286) StmtAppend(426,429) (stored at: variant131)
1226069 [main] INFO clegoues.genprog4java.fitness.Fitness  - 	 gen: 2 0.0 StmtReplace(542,572) StmtReplace(490,357) (stored at: variant132)
1226094 [main] ERROR clegoues.genprog4java.rep.JavaRepresentation  - org/jsoup/parser/Parser.java:198: error: incompatible types: boolean cannot be converted to Attribute
				return true;
				       ^
1 error

1226094 [main] INFO clegoues.genprog4java.rep.CachingRepresentation  - StmtDelete(685) StmtDelete(661) StmtAppend(424,483) at variant133 fails to compile

1226094 [main] INFO clegoues.genprog4java.fitness.Fitness  - 	 gen: 2 0.0 StmtDelete(685) StmtDelete(661) StmtAppend(424,483) (stored at: variant133)
1226839 [main] INFO clegoues.genprog4java.fitness.Fitness  - 	 gen: 2 1.0 StmtReplace(704,704) StmtAppend(325,423) StmtAppend(729,706) (stored at: variant134)
1226872 [main] ERROR clegoues.genprog4java.rep.JavaRepresentation  - org/jsoup/nodes/Element.java:262: error: cannot find symbol
			return !isBlock;
			        ^
  symbol:   variable isBlock
  location: class Element
1 error

1226872 [main] INFO clegoues.genprog4java.rep.CachingRepresentation  - StmtDelete(628) StmtDelete(286) StmtAppend(65,562) at variant135 fails to compile

1226872 [main] INFO clegoues.genprog4java.fitness.Fitness  - 	 gen: 2 0.0 StmtDelete(628) StmtDelete(286) StmtAppend(65,562) (stored at: variant135)
1226914 [main] ERROR clegoues.genprog4java.rep.JavaRepresentation  - org/jsoup/parser/Tag.java:62: error: non-static variable isBlock cannot be referenced from a static context
				result = 31 * result + (isBlock ? 1 : 0);
				                        ^
org/jsoup/parser/Tag.java:63: error: non-static variable canContainBlock cannot be referenced from a static context
				result = 31 * result + (canContainBlock ? 1 : 0);
				                        ^
org/jsoup/parser/Tag.java:64: error: non-static variable canContainInline cannot be referenced from a static context
				result = 31 * result + (canContainInline ? 1 : 0);
				                        ^
org/jsoup/parser/Tag.java:65: error: non-static variable optionalClosing cannot be referenced from a static context
				result = 31 * result + (optionalClosing ? 1 : 0);
				                        ^
org/jsoup/parser/Tag.java:66: error: non-static variable empty cannot be referenced from a static context
				result = 31 * result + (empty ? 1 : 0);
				                        ^
org/jsoup/parser/Tag.java:67: error: incompatible types: int cannot be converted to Tag
				return result;
				       ^
6 errors

1226914 [main] INFO clegoues.genprog4java.rep.CachingRepresentation  - StmtDelete(227) StmtAppend(527,599) at variant136 fails to compile

1226914 [main] INFO clegoues.genprog4java.fitness.Fitness  - 	 gen: 2 0.0 StmtDelete(227) StmtAppend(527,599) (stored at: variant136)
1226941 [main] ERROR clegoues.genprog4java.rep.JavaRepresentation  - org/jsoup/parser/Parser.java:122: error: cannot find symbol
            if (attribute != null)
                ^
  symbol:   variable attribute
  location: class Parser
org/jsoup/parser/Parser.java:123: error: cannot find symbol
                attributes.put(attribute);
                               ^
  symbol:   variable attribute
  location: class Parser
2 errors

1226941 [main] INFO clegoues.genprog4java.rep.CachingRepresentation  - StmtAppend(317,385) StmtReplace(390,358) at variant137 fails to compile

1226941 [main] INFO clegoues.genprog4java.fitness.Fitness  - 	 gen: 2 0.0 StmtAppend(317,385) StmtReplace(390,358) (stored at: variant137)
1226969 [main] ERROR clegoues.genprog4java.rep.JavaRepresentation  - org/jsoup/nodes/Element.java:256: error: missing return statement
	}
	^
1 error

1226970 [main] INFO clegoues.genprog4java.rep.CachingRepresentation  - StmtDelete(685) StmtDelete(661) StmtDelete(65) at variant138 fails to compile

1226970 [main] INFO clegoues.genprog4java.fitness.Fitness  - 	 gen: 2 0.0 StmtDelete(685) StmtDelete(661) StmtDelete(65) (stored at: variant138)
1227726 [main] INFO clegoues.genprog4java.fitness.Fitness  - 	 gen: 2 1.0 StmtDelete(665) StmtReplace(548,572) (stored at: variant139)
1228433 [main] INFO clegoues.genprog4java.fitness.Fitness  - 	 gen: 2 0.0 StmtAppend(711,679) StmtReplace(683,671) StmtReplace(699,687) (stored at: variant140)
1229220 [main] INFO clegoues.genprog4java.fitness.Fitness  - 	 gen: 2 0.0 StmtAppend(509,365) StmtDelete(217) (stored at: variant141)
1229252 [main] ERROR clegoues.genprog4java.rep.JavaRepresentation  - org/jsoup/nodes/Element.java:334: error: missing return statement
    }
    ^
1 error

1229252 [main] INFO clegoues.genprog4java.rep.CachingRepresentation  - StmtAppend(509,365) StmtDelete(107) at variant142 fails to compile

1229252 [main] INFO clegoues.genprog4java.fitness.Fitness  - 	 gen: 2 0.0 StmtAppend(509,365) StmtDelete(107) (stored at: variant142)
1517312 [main] INFO clegoues.genprog4java.fitness.Fitness  - 	 gen: 2 0.0 StmtReplace(542,572) StmtReplace(488,439) (stored at: variant143)
1518044 [main] INFO clegoues.genprog4java.fitness.Fitness  - 	 gen: 2 0.0 StmtAppend(627,615) StmtDelete(291) (stored at: variant144)
1518782 [main] INFO clegoues.genprog4java.fitness.Fitness  - 	 gen: 2 0.0 StmtAppend(453,338) StmtDelete(483) StmtAppend(646,649) (stored at: variant145)
1518810 [main] ERROR clegoues.genprog4java.rep.JavaRepresentation  - org/jsoup/nodes/Element.java:375: error: cannot find symbol
        {List<Element> siblings=parent().children();canContainBlock=false;}
                                                    ^
  symbol:   variable canContainBlock
  location: class Element
org/jsoup/nodes/Element.java:376: error: cannot find symbol
        Integer index = indexInList(this, siblings);
                                          ^
  symbol:   variable siblings
  location: class Element
org/jsoup/nodes/Element.java:379: error: cannot find symbol
            return siblings.get(index-1);
                   ^
  symbol:   variable siblings
  location: class Element
3 errors

1518810 [main] INFO clegoues.genprog4java.rep.CachingRepresentation  - StmtAppend(325,423) StmtAppend(123,709) at variant146 fails to compile

1518810 [main] INFO clegoues.genprog4java.fitness.Fitness  - 	 gen: 2 0.0 StmtAppend(325,423) StmtAppend(123,709) (stored at: variant146)
1518838 [main] ERROR clegoues.genprog4java.rep.JavaRepresentation  - org/jsoup/parser/Tag.java:378: error: unreachable statement
        return this;
        ^
1 error

1518838 [main] INFO clegoues.genprog4java.rep.CachingRepresentation  - StmtDelete(388) StmtReplace(725,528) at variant147 fails to compile

1518838 [main] INFO clegoues.genprog4java.fitness.Fitness  - 	 gen: 2 0.0 StmtDelete(388) StmtReplace(725,528) (stored at: variant147)
1518870 [main] ERROR clegoues.genprog4java.rep.JavaRepresentation  - org/jsoup/nodes/Element.java:340: error: cannot find symbol
			preserveWhitespace = true;
			^
  symbol:   variable preserveWhitespace
  location: class Element
1 error

1518870 [main] INFO clegoues.genprog4java.rep.CachingRepresentation  - StmtReplace(112,722) at variant148 fails to compile

1518870 [main] INFO clegoues.genprog4java.fitness.Fitness  - 	 gen: 2 0.0 StmtReplace(112,722) (stored at: variant148)
1519633 [main] INFO clegoues.genprog4java.fitness.Fitness  - 	 gen: 2 1.0 StmtDelete(678) (stored at: variant149)
1519669 [main] ERROR clegoues.genprog4java.rep.JavaRepresentation  - org/jsoup/parser/Parser.java:292: error: incompatible types: Attribute cannot be converted to boolean
				return Attribute.createFromEncoded(key, value);
				                                  ^
org/jsoup/parser/Parser.java:295: error: incompatible types: <null> cannot be converted to boolean
				return null;
				       ^
2 errors

1519669 [main] INFO clegoues.genprog4java.rep.CachingRepresentation  - StmtAppend(453,338) StmtDelete(673) StmtReplace(478,419) at variant150 fails to compile

1519669 [main] INFO clegoues.genprog4java.fitness.Fitness  - 	 gen: 2 0.0 StmtAppend(453,338) StmtDelete(673) StmtReplace(478,419) (stored at: variant150)
1520423 [main] INFO clegoues.genprog4java.fitness.Fitness  - 	 gen: 2 1.0 StmtDelete(438) (stored at: variant151)
1520453 [main] ERROR clegoues.genprog4java.rep.JavaRepresentation  - org/jsoup/nodes/Element.java:632: error: cannot find symbol
					preserveWhitespace = true;
					^
  symbol:   variable preserveWhitespace
  location: class Element
org/jsoup/nodes/Element.java:633: error: incompatible types: Element cannot be converted to boolean
					return this;
					       ^
2 errors

1520453 [main] INFO clegoues.genprog4java.rep.CachingRepresentation  - StmtDelete(286) StmtReplace(217,721) at variant152 fails to compile

1520453 [main] INFO clegoues.genprog4java.fitness.Fitness  - 	 gen: 2 0.0 StmtDelete(286) StmtReplace(217,721) (stored at: variant152)
1520484 [main] ERROR clegoues.genprog4java.rep.JavaRepresentation  - org/jsoup/nodes/Element.java:689: error: cannot find symbol
			Validate.notNull(child);
			                 ^
  symbol:   variable child
  location: class Element
1 error

1520484 [main] INFO clegoues.genprog4java.rep.CachingRepresentation  - StmtReplace(688,611) StmtAppend(242,538) at variant153 fails to compile

1520484 [main] INFO clegoues.genprog4java.fitness.Fitness  - 	 gen: 2 0.0 StmtReplace(688,611) StmtAppend(242,538) (stored at: variant153)
1520512 [main] ERROR clegoues.genprog4java.rep.JavaRepresentation  - org/jsoup/parser/Tag.java:222: error: non-static variable optionalClosing cannot be referenced from a static context
        optionalClosing = true;
        ^
1 error

1520512 [main] INFO clegoues.genprog4java.rep.CachingRepresentation  - StmtReplace(704,704) StmtDelete(661) StmtReplace(621,719) at variant154 fails to compile

1520512 [main] INFO clegoues.genprog4java.fitness.Fitness  - 	 gen: 2 0.0 StmtReplace(704,704) StmtDelete(661) StmtReplace(621,719) (stored at: variant154)
1521289 [main] INFO clegoues.genprog4java.fitness.Fitness  - 	 gen: 2 1.0 StmtAppend(637,663) (stored at: variant155)
1521319 [main] ERROR clegoues.genprog4java.rep.JavaRepresentation  - org/jsoup/nodes/Element.java:473: error: cannot find symbol
			Tag tag = Tag.valueOf(tagName);
			                      ^
  symbol:   variable tagName
  location: class Element
1 error

1521319 [main] INFO clegoues.genprog4java.rep.CachingRepresentation  - StmtReplace(704,704) StmtDelete(286) StmtAppend(154,377) at variant156 fails to compile

1521319 [main] INFO clegoues.genprog4java.fitness.Fitness  - 	 gen: 2 0.0 StmtReplace(704,704) StmtDelete(286) StmtAppend(154,377) (stored at: variant156)
1521348 [main] ERROR clegoues.genprog4java.rep.JavaRepresentation  - org/jsoup/parser/Tag.java:183: error: missing return statement
    }
    ^
1 error

1521348 [main] INFO clegoues.genprog4java.rep.CachingRepresentation  - StmtReplace(598,663) at variant157 fails to compile

1521348 [main] INFO clegoues.genprog4java.fitness.Fitness  - 	 gen: 2 0.0 StmtReplace(598,663) (stored at: variant157)
1521377 [main] ERROR clegoues.genprog4java.rep.JavaRepresentation  - org/jsoup/nodes/Element.java:630: error: cannot find symbol
				Validate.notEmpty(tagName);
				                  ^
  symbol:   variable tagName
  location: class Element
1 error

1521377 [main] INFO clegoues.genprog4java.rep.CachingRepresentation  - StmtReplace(213,140) at variant158 fails to compile

1521377 [main] INFO clegoues.genprog4java.fitness.Fitness  - 	 gen: 2 0.0 StmtReplace(213,140) (stored at: variant158)
1522107 [main] INFO clegoues.genprog4java.fitness.Fitness  - 	 gen: 2 0.0 StmtDelete(484) (stored at: variant159)
1522880 [main] INFO clegoues.genprog4java.fitness.Fitness  - 	 gen: 2 1.0 StmtDelete(661) StmtDelete(59) (stored at: variant160)
1523625 [main] INFO clegoues.genprog4java.fitness.Fitness  - 	 gen: 2 1.0 StmtDelete(185) (stored at: variant161)
1524397 [main] INFO clegoues.genprog4java.fitness.Fitness  - 	 gen: 2 13.333333333333334 StmtDelete(688) (stored at: variant162)
1525181 [main] INFO clegoues.genprog4java.fitness.Fitness  - 	 gen: 2 1.0 StmtReplace(378,354) (stored at: variant163)
1525885 [main] INFO clegoues.genprog4java.fitness.Fitness  - 	 gen: 2 1.0 StmtReplace(463,357) (stored at: variant164)
1526599 [main] INFO clegoues.genprog4java.fitness.Fitness  - 	 gen: 2 1.0 StmtReplace(554,611) (stored at: variant165)
1526625 [main] ERROR clegoues.genprog4java.rep.JavaRepresentation  - org/jsoup/parser/Parser.java:181: error: cannot find symbol
            if (href.length() != 0) { // ignore <base target> etc
                ^
  symbol:   variable href
  location: class Parser
org/jsoup/parser/Parser.java:182: error: cannot find symbol
                baseUri = href;
                          ^
  symbol:   variable href
  location: class Parser
org/jsoup/parser/Parser.java:183: error: cannot find symbol
                doc.setBaseUri(href); // set on the doc so doc.createElement(Tag) will get updated base
                               ^
  symbol:   variable href
  location: class Parser
3 errors

1526625 [main] INFO clegoues.genprog4java.rep.CachingRepresentation  - StmtDelete(483) StmtReplace(414,339) at variant166 fails to compile

1526625 [main] INFO clegoues.genprog4java.fitness.Fitness  - 	 gen: 2 0.0 StmtDelete(483) StmtReplace(414,339) (stored at: variant166)
1526634 [main] ERROR clegoues.genprog4java.rep.JavaRepresentation  - org/jsoup/parser/Parser.java:275: error: ';' expected
    private Element popStackToClose(Tag tag) tq.consume("<");
                                            ^
1 error

1526634 [main] INFO clegoues.genprog4java.rep.CachingRepresentation  - StmtReplace(493,365) at variant167 fails to compile

1526634 [main] INFO clegoues.genprog4java.fitness.Fitness  - 	 gen: 2 0.0 StmtReplace(493,365) (stored at: variant167)
1526634 [main] INFO clegoues.genprog4java.Search.Search  - search: generation3
1526669 [main] ERROR clegoues.genprog4java.rep.JavaRepresentation  - org/jsoup/parser/Parser.java:100: error: break outside switch or loop
			break;
			^
org/jsoup/parser/Parser.java:102: error: cannot find symbol
        last().appendChild(comment);
                           ^
  symbol:   variable comment
  location: class Parser
2 errors

1526706 [main] ERROR clegoues.genprog4java.rep.JavaRepresentation  - org/jsoup/parser/Parser.java:100: error: break outside switch or loop
			break;
			^
org/jsoup/parser/Parser.java:102: error: cannot find symbol
        last().appendChild(comment);
                           ^
  symbol:   variable comment
  location: class Parser
2 errors

1526734 [main] ERROR clegoues.genprog4java.rep.JavaRepresentation  - org/jsoup/parser/Parser.java:100: error: break outside switch or loop
			break;
			^
org/jsoup/parser/Parser.java:102: error: cannot find symbol
        last().appendChild(comment);
                           ^
  symbol:   variable comment
  location: class Parser
2 errors

1526761 [main] ERROR clegoues.genprog4java.rep.JavaRepresentation  - org/jsoup/parser/Parser.java:100: error: break outside switch or loop
			break;
			^
org/jsoup/parser/Parser.java:102: error: cannot find symbol
        last().appendChild(comment);
                           ^
  symbol:   variable comment
  location: class Parser
2 errors

1526789 [main] ERROR clegoues.genprog4java.rep.JavaRepresentation  - org/jsoup/parser/Parser.java:100: error: break outside switch or loop
			break;
			^
org/jsoup/parser/Parser.java:102: error: cannot find symbol
        last().appendChild(comment);
                           ^
  symbol:   variable comment
  location: class Parser
2 errors

1526816 [main] ERROR clegoues.genprog4java.rep.JavaRepresentation  - org/jsoup/parser/Parser.java:100: error: break outside switch or loop
			break;
			^
org/jsoup/parser/Parser.java:102: error: cannot find symbol
        last().appendChild(comment);
                           ^
  symbol:   variable comment
  location: class Parser
2 errors

1526848 [main] ERROR clegoues.genprog4java.rep.JavaRepresentation  - org/jsoup/parser/Parser.java:100: error: break outside switch or loop
			break;
			^
org/jsoup/parser/Parser.java:102: error: cannot find symbol
        last().appendChild(comment);
                           ^
  symbol:   variable comment
  location: class Parser
2 errors

1526881 [main] ERROR clegoues.genprog4java.rep.JavaRepresentation  - org/jsoup/parser/Parser.java:100: error: break outside switch or loop
			break;
			^
org/jsoup/parser/Parser.java:102: error: cannot find symbol
        last().appendChild(comment);
                           ^
  symbol:   variable comment
  location: class Parser
2 errors

1526914 [main] ERROR clegoues.genprog4java.rep.JavaRepresentation  - org/jsoup/parser/Parser.java:100: error: break outside switch or loop
			break;
			^
org/jsoup/parser/Parser.java:102: error: cannot find symbol
        last().appendChild(comment);
                           ^
  symbol:   variable comment
  location: class Parser
2 errors

1526949 [main] ERROR clegoues.genprog4java.rep.JavaRepresentation  - org/jsoup/parser/Parser.java:100: error: break outside switch or loop
			break;
			^
org/jsoup/parser/Parser.java:102: error: cannot find symbol
        last().appendChild(comment);
                           ^
  symbol:   variable comment
  location: class Parser
2 errors

1526979 [main] ERROR clegoues.genprog4java.rep.JavaRepresentation  - org/jsoup/parser/Parser.java:100: error: break outside switch or loop
			break;
			^
org/jsoup/parser/Parser.java:102: error: cannot find symbol
        last().appendChild(comment);
                           ^
  symbol:   variable comment
  location: class Parser
2 errors

1527009 [main] ERROR clegoues.genprog4java.rep.JavaRepresentation  - org/jsoup/parser/Parser.java:100: error: break outside switch or loop
			break;
			^
org/jsoup/parser/Parser.java:102: error: cannot find symbol
        last().appendChild(comment);
                           ^
  symbol:   variable comment
  location: class Parser
2 errors

1527037 [main] ERROR clegoues.genprog4java.rep.JavaRepresentation  - org/jsoup/parser/Parser.java:100: error: break outside switch or loop
			break;
			^
org/jsoup/parser/Parser.java:102: error: cannot find symbol
        last().appendChild(comment);
                           ^
  symbol:   variable comment
  location: class Parser
2 errors

1527075 [main] ERROR clegoues.genprog4java.rep.JavaRepresentation  - org/jsoup/parser/Parser.java:100: error: break outside switch or loop
			break;
			^
org/jsoup/parser/Parser.java:102: error: cannot find symbol
        last().appendChild(comment);
                           ^
  symbol:   variable comment
  location: class Parser
2 errors

1527104 [main] ERROR clegoues.genprog4java.rep.JavaRepresentation  - org/jsoup/parser/Parser.java:100: error: break outside switch or loop
			break;
			^
org/jsoup/parser/Parser.java:102: error: cannot find symbol
        last().appendChild(comment);
                           ^
  symbol:   variable comment
  location: class Parser
2 errors

1527132 [main] ERROR clegoues.genprog4java.rep.JavaRepresentation  - org/jsoup/parser/Parser.java:100: error: break outside switch or loop
			break;
			^
org/jsoup/parser/Parser.java:102: error: cannot find symbol
        last().appendChild(comment);
                           ^
  symbol:   variable comment
  location: class Parser
2 errors

1527184 [main] ERROR clegoues.genprog4java.rep.JavaRepresentation  - org/jsoup/parser/Parser.java:100: error: break outside switch or loop
			break;
			^
org/jsoup/parser/Parser.java:102: error: cannot find symbol
        last().appendChild(comment);
                           ^
  symbol:   variable comment
  location: class Parser
2 errors

1527211 [main] ERROR clegoues.genprog4java.rep.JavaRepresentation  - org/jsoup/parser/Parser.java:100: error: break outside switch or loop
			break;
			^
org/jsoup/parser/Parser.java:102: error: cannot find symbol
        last().appendChild(comment);
                           ^
  symbol:   variable comment
  location: class Parser
2 errors

1527238 [main] ERROR clegoues.genprog4java.rep.JavaRepresentation  - org/jsoup/parser/Parser.java:100: error: break outside switch or loop
			break;
			^
org/jsoup/parser/Parser.java:102: error: cannot find symbol
        last().appendChild(comment);
                           ^
  symbol:   variable comment
  location: class Parser
2 errors

1527265 [main] ERROR clegoues.genprog4java.rep.JavaRepresentation  - org/jsoup/parser/Parser.java:100: error: break outside switch or loop
			break;
			^
org/jsoup/parser/Parser.java:102: error: cannot find symbol
        last().appendChild(comment);
                           ^
  symbol:   variable comment
  location: class Parser
2 errors

1527334 [main] ERROR clegoues.genprog4java.rep.JavaRepresentation  - org/jsoup/parser/Parser.java:100: error: break outside switch or loop
			break;
			^
org/jsoup/parser/Parser.java:102: error: cannot find symbol
        last().appendChild(comment);
                           ^
  symbol:   variable comment
  location: class Parser
2 errors

1527362 [main] ERROR clegoues.genprog4java.rep.JavaRepresentation  - org/jsoup/parser/Parser.java:100: error: break outside switch or loop
			break;
			^
org/jsoup/parser/Parser.java:102: error: cannot find symbol
        last().appendChild(comment);
                           ^
  symbol:   variable comment
  location: class Parser
2 errors

1527579 [main] ERROR clegoues.genprog4java.rep.JavaRepresentation  - org/jsoup/nodes/Element.java:118: error: cannot find symbol
        Validate.notNull(tagName);
                         ^
  symbol:   variable tagName
  location: class Element
1 error

1527579 [main] INFO clegoues.genprog4java.rep.CachingRepresentation  - StmtAppend(627,615) StmtReplace(602,655) StmtReplace(24,524) at variant168 fails to compile

1527579 [main] INFO clegoues.genprog4java.fitness.Fitness  - 	 gen: 3 0.0 StmtAppend(627,615) StmtReplace(602,655) StmtReplace(24,524) (stored at: variant168)
1527608 [main] ERROR clegoues.genprog4java.rep.JavaRepresentation  - org/jsoup/nodes/Element.java:288: error: cannot find symbol
        Validate.notNull(child);
                         ^
  symbol:   variable child
  location: class Element
org/jsoup/nodes/Element.java:289: error: cannot find symbol
        for (int i = nodes.size() - 1; i >= 0; i--) {
                     ^
  symbol:   variable nodes
  location: class Element
org/jsoup/nodes/Element.java:290: error: cannot find symbol
            Node node = nodes.get(i);
                        ^
  symbol:   variable nodes
  location: class Element
3 errors

1527608 [main] INFO clegoues.genprog4java.rep.CachingRepresentation  - StmtDelete(185) StmtReplace(80,49) at variant169 fails to compile

1527608 [main] INFO clegoues.genprog4java.fitness.Fitness  - 	 gen: 3 0.0 StmtDelete(185) StmtReplace(80,49) (stored at: variant169)
1528346 [main] INFO clegoues.genprog4java.fitness.Fitness  - 	 gen: 3 1.0 StmtReplace(704,704) StmtAppend(325,423) StmtAppend(729,706) StmtReplace(443,450) (stored at: variant170)
1529079 [main] INFO clegoues.genprog4java.fitness.Fitness  - 	 gen: 3 1.0 StmtDelete(688) StmtDelete(308) (stored at: variant171)
1529784 [main] INFO clegoues.genprog4java.fitness.Fitness  - 	 gen: 3 14.333333333333334 StmtDelete(688) StmtReplace(683,687) (stored at: variant172)
1529810 [main] ERROR clegoues.genprog4java.rep.JavaRepresentation  - org/jsoup/parser/Tag.java:51: error: missing return statement
    }
    ^
1 error

1529810 [main] INFO clegoues.genprog4java.rep.CachingRepresentation  - StmtReplace(704,704) StmtReplace(688,611) StmtReplace(525,641) StmtDelete(528) at variant173 fails to compile

1529810 [main] INFO clegoues.genprog4java.fitness.Fitness  - 	 gen: 3 0.0 StmtReplace(704,704) StmtReplace(688,611) StmtReplace(525,641) StmtDelete(528) (stored at: variant173)
1530710 [main] INFO clegoues.genprog4java.fitness.Fitness  - 	 gen: 3 0.0 StmtDelete(438) StmtDelete(191) (stored at: variant174)
1530744 [main] ERROR clegoues.genprog4java.rep.JavaRepresentation  - org/jsoup/parser/Tag.java:51: error: missing return statement
    }
    ^
1 error

1530744 [main] INFO clegoues.genprog4java.rep.CachingRepresentation  - StmtReplace(554,611) StmtDelete(527) at variant175 fails to compile

1530744 [main] INFO clegoues.genprog4java.fitness.Fitness  - 	 gen: 3 0.0 StmtReplace(554,611) StmtDelete(527) (stored at: variant175)
1531483 [main] INFO clegoues.genprog4java.fitness.Fitness  - 	 gen: 3 14.333333333333334 StmtDelete(688) StmtDelete(150) (stored at: variant176)
1531511 [main] ERROR clegoues.genprog4java.rep.JavaRepresentation  - org/jsoup/nodes/Element.java:781: error: cannot find symbol
        {if (childNodes.isEmpty() && tag.isEmpty()){accum.append(" />");} else {accum.append(">");html(accum);if (tag.canContainBlock())indent(accum);accum.append("</").append(tagName()).append(">");}{Validate.notNull(html);Element fragment=Parser.parseBodyFragment(html,baseUri).body();for (Node node:fragment.childNodes()){node.parentNode=null;appendChild(node);}return this;}}
                                                                                                                                                                                                                          ^
  symbol:   variable html
  location: class Element
org/jsoup/nodes/Element.java:781: error: cannot find symbol
        {if (childNodes.isEmpty() && tag.isEmpty()){accum.append(" />");} else {accum.append(">");html(accum);if (tag.canContainBlock())indent(accum);accum.append("</").append(tagName()).append(">");}{Validate.notNull(html);Element fragment=Parser.parseBodyFragment(html,baseUri).body();for (Node node:fragment.childNodes()){node.parentNode=null;appendChild(node);}return this;}}
                                                                                                                                                                                                                                                                          ^
  symbol:   variable html
  location: class Element
org/jsoup/nodes/Element.java:781: error: incompatible types: unexpected return value
        {if (childNodes.isEmpty() && tag.isEmpty()){accum.append(" />");} else {accum.append(">");html(accum);if (tag.canContainBlock())indent(accum);accum.append("</").append(tagName()).append(">");}{Validate.notNull(html);Element fragment=Parser.parseBodyFragment(html,baseUri).body();for (Node node:fragment.childNodes()){node.parentNode=null;appendChild(node);}return this;}}
                                                                                                                                                                                                                                                                                                                                                                                    ^
3 errors

1531511 [main] INFO clegoues.genprog4java.rep.CachingRepresentation  - StmtAppend(627,615) StmtReplace(602,655) StmtAppend(280,69) at variant177 fails to compile

1531512 [main] INFO clegoues.genprog4java.fitness.Fitness  - 	 gen: 3 0.0 StmtAppend(627,615) StmtReplace(602,655) StmtAppend(280,69) (stored at: variant177)
1531538 [main] ERROR clegoues.genprog4java.rep.JavaRepresentation  - org/jsoup/parser/Parser.java:147: error: incompatible types: unexpected return value
						return last();
						           ^
org/jsoup/parser/Parser.java:151: error: incompatible types: unexpected return value
				return null;
				       ^
org/jsoup/parser/Parser.java:161: error: cannot find symbol
        addChildToParent(child, isEmptyElement);
                         ^
  symbol:   variable child
  location: class Parser
org/jsoup/parser/Parser.java:174: error: cannot find symbol
            child.appendChild(dataNode);   
            ^
  symbol:   variable child
  location: class Parser
org/jsoup/parser/Parser.java:178: error: cannot find symbol
        if (child.tagName().equals("base")) {
            ^
  symbol:   variable child
  location: class Parser
org/jsoup/parser/Parser.java:179: error: cannot find symbol
            String href = child.absUrl("href");
                          ^
  symbol:   variable child
  location: class Parser
6 errors

1531538 [main] INFO clegoues.genprog4java.rep.CachingRepresentation  - StmtDelete(628) StmtDelete(286) StmtAppend(426,429) StmtAppend(394,486) at variant178 fails to compile

1531538 [main] INFO clegoues.genprog4java.fitness.Fitness  - 	 gen: 3 0.0 StmtDelete(628) StmtDelete(286) StmtAppend(426,429) StmtAppend(394,486) (stored at: variant178)
1531579 [main] ERROR clegoues.genprog4java.rep.JavaRepresentation  - org/jsoup/nodes/Element.java:830: error: cannot find symbol
			if (child instanceof TextNode) {
			    ^
  symbol:   variable child
  location: class Element
org/jsoup/nodes/Element.java:831: error: cannot find symbol
				TextNode textNode = (TextNode) child;
				                               ^
  symbol:   variable child
  location: class Element
org/jsoup/nodes/Element.java:834: error: cannot find symbol
			} else if (child instanceof Element) {
			           ^
  symbol:   variable child
  location: class Element
org/jsoup/nodes/Element.java:835: error: cannot find symbol
				Element el = (Element) child;
				                       ^
  symbol:   variable child
  location: class Element
4 errors

1531579 [main] INFO clegoues.genprog4java.rep.CachingRepresentation  - StmtReplace(378,354) StmtReplace(307,207) at variant179 fails to compile

1531579 [main] INFO clegoues.genprog4java.fitness.Fitness  - 	 gen: 3 0.0 StmtReplace(378,354) StmtReplace(307,207) (stored at: variant179)
1532305 [main] INFO clegoues.genprog4java.fitness.Fitness  - 	 gen: 3 1.0 StmtDelete(628) StmtDelete(286) StmtAppend(426,429) StmtAppend(543,628) (stored at: variant180)
1533282 [main] INFO clegoues.genprog4java.fitness.Fitness  - 	 gen: 3 1.0 StmtAppend(627,615) StmtAppend(479,439) StmtDelete(583) (stored at: variant181)
1534085 [main] INFO clegoues.genprog4java.fitness.Fitness  - 	 gen: 3 0.0 StmtReplace(378,354) StmtReplace(610,666) (stored at: variant182)
1534324 [main] INFO clegoues.genprog4java.fitness.Fitness  - 	 gen: 3 1.0 StmtAppend(317,385) StmtReplace(257,23) StmtReplace(321,450) (stored at: variant183)
1534358 [main] ERROR clegoues.genprog4java.rep.JavaRepresentation  - org/jsoup/parser/Tag.java:62: error: non-static variable isBlock cannot be referenced from a static context
				result = 31 * result + (isBlock ? 1 : 0);
				                        ^
org/jsoup/parser/Tag.java:63: error: non-static variable canContainBlock cannot be referenced from a static context
				result = 31 * result + (canContainBlock ? 1 : 0);
				                        ^
org/jsoup/parser/Tag.java:64: error: non-static variable canContainInline cannot be referenced from a static context
				result = 31 * result + (canContainInline ? 1 : 0);
				                        ^
org/jsoup/parser/Tag.java:65: error: non-static variable optionalClosing cannot be referenced from a static context
				result = 31 * result + (optionalClosing ? 1 : 0);
				                        ^
org/jsoup/parser/Tag.java:66: error: non-static variable empty cannot be referenced from a static context
				result = 31 * result + (empty ? 1 : 0);
				                        ^
org/jsoup/parser/Tag.java:67: error: incompatible types: int cannot be converted to Tag
				return result;
				       ^
6 errors

1534358 [main] INFO clegoues.genprog4java.rep.CachingRepresentation  - StmtDelete(227) StmtAppend(527,599) StmtDelete(134) at variant184 fails to compile

1534358 [main] INFO clegoues.genprog4java.fitness.Fitness  - 	 gen: 3 0.0 StmtDelete(227) StmtAppend(527,599) StmtDelete(134) (stored at: variant184)
1534389 [main] ERROR clegoues.genprog4java.rep.JavaRepresentation  - org/jsoup/nodes/Element.java:340: error: call to this must be first statement in constructor
			this(tag, baseUri, new Attributes());
			    ^
1 error

1534389 [main] INFO clegoues.genprog4java.rep.CachingRepresentation  - StmtDelete(227) StmtReplace(112,4) StmtDelete(349) at variant185 fails to compile

1534389 [main] INFO clegoues.genprog4java.fitness.Fitness  - 	 gen: 3 0.0 StmtDelete(227) StmtReplace(112,4) StmtDelete(349) (stored at: variant185)
1535226 [main] INFO clegoues.genprog4java.fitness.Fitness  - 	 gen: 3 1.0 StmtAppend(627,615) StmtReplace(602,655) StmtAppend(624,663) (stored at: variant186)
1535252 [main] ERROR clegoues.genprog4java.rep.JavaRepresentation  - org/jsoup/parser/Parser.java:121: error: cannot find symbol
        if (tagName.length() != 0) {
            ^
  symbol:   variable tagName
  location: class Parser
org/jsoup/parser/Parser.java:122: error: cannot find symbol
            Tag tag = Tag.valueOf(tagName);
                                  ^
  symbol:   variable tagName
  location: class Parser
2 errors

1535252 [main] INFO clegoues.genprog4java.rep.CachingRepresentation  - StmtAppend(627,615) StmtAppend(479,439) StmtAppend(373,319) at variant187 fails to compile

1535253 [main] INFO clegoues.genprog4java.fitness.Fitness  - 	 gen: 3 0.0 StmtAppend(627,615) StmtAppend(479,439) StmtAppend(373,319) (stored at: variant187)
1535292 [main] ERROR clegoues.genprog4java.rep.JavaRepresentation  - org/jsoup/nodes/Element.java:830: error: cannot find symbol
			if (this.tagName.equals("dt") && child.tagName.equals("dd"))
			        ^
  symbol: variable tagName
org/jsoup/nodes/Element.java:830: error: package child does not exist
			if (this.tagName.equals("dt") && child.tagName.equals("dd"))
			                                      ^
2 errors

1535292 [main] INFO clegoues.genprog4java.rep.CachingRepresentation  - StmtAppend(317,385) StmtReplace(257,23) StmtReplace(308,553) at variant188 fails to compile

1535292 [main] INFO clegoues.genprog4java.fitness.Fitness  - 	 gen: 3 0.0 StmtAppend(317,385) StmtReplace(257,23) StmtReplace(308,553) (stored at: variant188)
1536052 [main] INFO clegoues.genprog4java.fitness.Fitness  - 	 gen: 3 0.0 StmtReplace(704,704) StmtAppend(325,423) StmtAppend(729,706) StmtDelete(731) (stored at: variant189)
1536799 [main] INFO clegoues.genprog4java.fitness.Fitness  - 	 gen: 3 1.0 StmtReplace(704,704) StmtAppend(325,423) StmtAppend(729,706) StmtAppend(324,318) (stored at: variant190)
1537544 [main] INFO clegoues.genprog4java.fitness.Fitness  - 	 gen: 3 1.0 StmtAppend(627,615) StmtAppend(479,439) StmtDelete(284) (stored at: variant191)
1537575 [main] ERROR clegoues.genprog4java.rep.JavaRepresentation  - org/jsoup/nodes/Element.java:592: error: cannot find symbol
				Validate.notNull(className);
				                 ^
  symbol:   variable className
  location: class Element
1 error

1537575 [main] INFO clegoues.genprog4java.rep.CachingRepresentation  - StmtDelete(154) StmtDelete(631) StmtAppend(621,654) StmtAppend(182,254) at variant192 fails to compile

1537575 [main] INFO clegoues.genprog4java.fitness.Fitness  - 	 gen: 3 0.0 StmtDelete(154) StmtDelete(631) StmtAppend(621,654) StmtAppend(182,254) (stored at: variant192)
1537602 [main] ERROR clegoues.genprog4java.rep.JavaRepresentation  - org/jsoup/parser/Parser.java:120: error: cannot find symbol
            popStackToClose(tag);
                            ^
  symbol:   variable tag
  location: class Parser
1 error

1537602 [main] INFO clegoues.genprog4java.rep.CachingRepresentation  - StmtAppend(627,615) StmtReplace(602,655) StmtReplace(377,400) at variant193 fails to compile

1537602 [main] INFO clegoues.genprog4java.fitness.Fitness  - 	 gen: 3 0.0 StmtAppend(627,615) StmtReplace(602,655) StmtReplace(377,400) (stored at: variant193)
1538283 [main] INFO clegoues.genprog4java.fitness.Fitness  - 	 gen: 3 1.0 StmtReplace(704,704) StmtAppend(325,423) StmtAppend(729,706) StmtReplace(587,645) (stored at: variant194)
1538309 [main] ERROR clegoues.genprog4java.rep.JavaRepresentation  - org/jsoup/parser/Parser.java:170: error: incompatible types: unexpected return value
				return root;
				       ^
org/jsoup/parser/Parser.java:175: error: incompatible types: unexpected return value
			return parent;
			       ^
2 errors

1538309 [main] INFO clegoues.genprog4java.rep.CachingRepresentation  - StmtReplace(378,354) StmtReplace(403,454) at variant195 fails to compile

1538309 [main] INFO clegoues.genprog4java.fitness.Fitness  - 	 gen: 3 0.0 StmtReplace(378,354) StmtReplace(403,454) (stored at: variant195)
1538341 [main] ERROR clegoues.genprog4java.rep.JavaRepresentation  - org/jsoup/nodes/Element.java:34: error: no suitable constructor found for Node(no arguments)
    public Element(Tag tag, String baseUri, Attributes attributes) {
                                                                   ^
    constructor Node.Node(String,Attributes) is not applicable
      (actual and formal argument lists differ in length)
    constructor Node.Node(String) is not applicable
      (actual and formal argument lists differ in length)
org/jsoup/nodes/Element.java:36: error: call to super must be first statement in constructor
			super(baseUri, attributes);
			     ^
org/jsoup/nodes/Element.java:38: error: break outside switch or loop
				break;
				^
3 errors

1538341 [main] INFO clegoues.genprog4java.rep.CachingRepresentation  - StmtAppend(627,615) StmtReplace(602,655) StmtAppend(1,502) at variant196 fails to compile

1538341 [main] INFO clegoues.genprog4java.fitness.Fitness  - 	 gen: 3 0.0 StmtAppend(627,615) StmtReplace(602,655) StmtAppend(1,502) (stored at: variant196)
1538370 [main] ERROR clegoues.genprog4java.rep.JavaRepresentation  - org/jsoup/parser/Parser.java:126: error: cannot find symbol
            popStackToClose(tag);
                            ^
  symbol:   variable tag
  location: class Parser
1 error

1538370 [main] INFO clegoues.genprog4java.rep.CachingRepresentation  - StmtDelete(628) StmtDelete(286) StmtAppend(426,429) StmtReplace(377,348) at variant197 fails to compile

1538370 [main] INFO clegoues.genprog4java.fitness.Fitness  - 	 gen: 3 0.0 StmtDelete(628) StmtDelete(286) StmtAppend(426,429) StmtReplace(377,348) (stored at: variant197)
1826415 [main] INFO clegoues.genprog4java.fitness.Fitness  - 	 gen: 3 0.0 StmtDelete(661) StmtDelete(59) StmtDelete(349) (stored at: variant198)
1827183 [main] INFO clegoues.genprog4java.fitness.Fitness  - 	 gen: 3 1.0 StmtReplace(378,354) StmtDelete(551) (stored at: variant199)
1827402 [main] INFO clegoues.genprog4java.fitness.Fitness  - 	 gen: 3 1.0 StmtAppend(627,615) StmtAppend(479,439) StmtAppend(480,343) (stored at: variant200)
1827431 [main] ERROR clegoues.genprog4java.rep.JavaRepresentation  - org/jsoup/parser/Tag.java:271: error: non-static variable this cannot be referenced from a static context
			this.tagName = tagName.toLowerCase();
			^
org/jsoup/parser/Tag.java:271: error: non-static variable tagName cannot be referenced from a static context
			this.tagName = tagName.toLowerCase();
			               ^
2 errors

1827431 [main] INFO clegoues.genprog4java.rep.CachingRepresentation  - StmtDelete(688) StmtReplace(654,519) at variant201 fails to compile

1827431 [main] INFO clegoues.genprog4java.fitness.Fitness  - 	 gen: 3 0.0 StmtDelete(688) StmtReplace(654,519) (stored at: variant201)
1827469 [main] ERROR clegoues.genprog4java.rep.JavaRepresentation  - org/jsoup/nodes/Element.java:842: error: cannot find symbol
        result = 31 * result + (tag != null ? tag.hashCode() : 0);
        ^
  symbol:   variable result
  location: class Element
org/jsoup/nodes/Element.java:842: error: cannot find symbol
        result = 31 * result + (tag != null ? tag.hashCode() : 0);
                      ^
  symbol:   variable result
  location: class Element
org/jsoup/nodes/Element.java:843: error: cannot find symbol
        return result;
               ^
  symbol:   variable result
  location: class Element
3 errors

1827469 [main] INFO clegoues.genprog4java.rep.CachingRepresentation  - StmtDelete(688) StmtDelete(314) at variant202 fails to compile

1827469 [main] INFO clegoues.genprog4java.fitness.Fitness  - 	 gen: 3 0.0 StmtDelete(688) StmtDelete(314) (stored at: variant202)
1827499 [main] ERROR clegoues.genprog4java.rep.JavaRepresentation  - org/jsoup/parser/Parser.java:108: error: incompatible types: unexpected return value
			return true;
			       ^
org/jsoup/parser/Parser.java:111: error: cannot find symbol
        XmlDeclaration decl = new XmlDeclaration(data, baseUri, procInstr);
                                                 ^
  symbol:   variable data
  location: class Parser
2 errors

1827499 [main] INFO clegoues.genprog4java.rep.CachingRepresentation  - StmtDelete(688) StmtReplace(368,550) at variant203 fails to compile

1827499 [main] INFO clegoues.genprog4java.fitness.Fitness  - 	 gen: 3 0.0 StmtDelete(688) StmtReplace(368,550) (stored at: variant203)
1828256 [main] INFO clegoues.genprog4java.fitness.Fitness  - 	 gen: 3 1.0 StmtAppend(317,385) StmtReplace(257,23) StmtDelete(236) (stored at: variant204)
1829042 [main] INFO clegoues.genprog4java.fitness.Fitness  - 	 gen: 3 0.0 StmtDelete(688) StmtAppend(458,343) (stored at: variant205)
1829984 [main] INFO clegoues.genprog4java.fitness.Fitness  - 	 gen: 3 0.0 StmtDelete(628) StmtDelete(286) StmtAppend(426,429) StmtDelete(282) (stored at: variant206)
1830017 [main] ERROR clegoues.genprog4java.rep.JavaRepresentation  - org/jsoup/nodes/Element.java:340: error: cannot assign a value to final variable tag
			tag = new Tag(tagName);
			^
org/jsoup/nodes/Element.java:340: error: cannot find symbol
			tag = new Tag(tagName);
			              ^
  symbol:   variable tagName
  location: class Element
2 errors

1830018 [main] INFO clegoues.genprog4java.rep.CachingRepresentation  - StmtDelete(688) StmtReplace(112,532) at variant207 fails to compile

1830018 [main] INFO clegoues.genprog4java.fitness.Fitness  - 	 gen: 3 0.0 StmtDelete(688) StmtReplace(112,532) (stored at: variant207)
1830800 [main] INFO clegoues.genprog4java.fitness.Fitness  - 	 gen: 3 1.0 StmtAppend(729,706) StmtAppend(677,616) (stored at: variant208)
1831587 [main] INFO clegoues.genprog4java.fitness.Fitness  - 	 gen: 3 1.0 StmtReplace(704,704) StmtReplace(618,637) (stored at: variant209)
1831626 [main] ERROR clegoues.genprog4java.rep.JavaRepresentation  - org/jsoup/nodes/Element.java:711: error: cannot find symbol
        classes.add(className);
        ^
  symbol:   variable classes
  location: class Element
org/jsoup/nodes/Element.java:712: error: cannot find symbol
        classNames(classes);
                   ^
  symbol:   variable classes
  location: class Element
2 errors

1831626 [main] INFO clegoues.genprog4java.rep.CachingRepresentation  - StmtReplace(704,704) StmtReplace(602,655) StmtDelete(249) at variant210 fails to compile

1831626 [main] INFO clegoues.genprog4java.fitness.Fitness  - 	 gen: 3 0.0 StmtReplace(704,704) StmtReplace(602,655) StmtDelete(249) (stored at: variant210)
1831673 [main] ERROR clegoues.genprog4java.rep.JavaRepresentation  - org/jsoup/nodes/Element.java:401: error: cannot find symbol
		Validate.notNull(className);
		                 ^
  symbol:   variable className
  location: class Element
1 error

1831674 [main] INFO clegoues.genprog4java.rep.CachingRepresentation  - StmtReplace(525,641) StmtReplace(134,260) at variant211 fails to compile

1831674 [main] INFO clegoues.genprog4java.fitness.Fitness  - 	 gen: 3 0.0 StmtReplace(525,641) StmtReplace(134,260) (stored at: variant211)
1832533 [main] INFO clegoues.genprog4java.fitness.Fitness  - 	 gen: 3 1.0 StmtReplace(602,655) StmtDelete(426) (stored at: variant212)
1832564 [main] ERROR clegoues.genprog4java.rep.JavaRepresentation  - org/jsoup/nodes/Element.java:585: error: cannot find symbol
                    text = TextNode.normaliseWhitespace(text);
                    ^
  symbol:   variable text
  location: class Element
org/jsoup/nodes/Element.java:585: error: cannot find symbol
                    text = TextNode.normaliseWhitespace(text);
                                                        ^
  symbol:   variable text
  location: class Element
org/jsoup/nodes/Element.java:587: error: cannot find symbol
                        text = TextNode.stripLeadingWhitespace(text);
                        ^
  symbol:   variable text
  location: class Element
org/jsoup/nodes/Element.java:587: error: cannot find symbol
                        text = TextNode.stripLeadingWhitespace(text);
                                                               ^
  symbol:   variable text
  location: class Element
org/jsoup/nodes/Element.java:589: error: cannot find symbol
                accum.append(text);
                             ^
  symbol:   variable text
  location: class Element
5 errors

1832564 [main] INFO clegoues.genprog4java.rep.CachingRepresentation  - StmtReplace(184,44) at variant213 fails to compile

1832564 [main] INFO clegoues.genprog4java.fitness.Fitness  - 	 gen: 3 0.0 StmtReplace(184,44) (stored at: variant213)
1832606 [main] ERROR clegoues.genprog4java.rep.JavaRepresentation  - org/jsoup/nodes/Element.java:650: error: cannot find symbol
				Validate.notNull(child);
				                 ^
  symbol:   variable child
  location: class Element
1 error

1832607 [main] INFO clegoues.genprog4java.rep.CachingRepresentation  - StmtDelete(286) StmtAppend(426,429) StmtReplace(228,44) at variant214 fails to compile

1832607 [main] INFO clegoues.genprog4java.fitness.Fitness  - 	 gen: 3 0.0 StmtDelete(286) StmtAppend(426,429) StmtReplace(228,44) (stored at: variant214)
1833550 [main] INFO clegoues.genprog4java.fitness.Fitness  - 	 gen: 3 1.0 StmtReplace(602,655) StmtDelete(55) (stored at: variant215)
1833586 [main] ERROR clegoues.genprog4java.rep.JavaRepresentation  - org/jsoup/parser/Tag.java:177: error: incompatible types: Tag cannot be converted to boolean
				return this;
				       ^
1 error

1833586 [main] INFO clegoues.genprog4java.rep.CachingRepresentation  - StmtAppend(583,704) at variant216 fails to compile

1833586 [main] INFO clegoues.genprog4java.fitness.Fitness  - 	 gen: 3 0.0 StmtAppend(583,704) (stored at: variant216)
1834529 [main] INFO clegoues.genprog4java.fitness.Fitness  - 	 gen: 3 0.0 StmtDelete(473) (stored at: variant217)
1834564 [main] ERROR clegoues.genprog4java.rep.JavaRepresentation  - org/jsoup/nodes/Element.java:261: error: cannot find symbol
		if (this.tagName.equals("dt") && child.tagName.equals("dd"))
		        ^
  symbol: variable tagName
org/jsoup/nodes/Element.java:261: error: package child does not exist
		if (this.tagName.equals("dt") && child.tagName.equals("dd"))
		                                      ^
org/jsoup/nodes/Element.java:262: error: incompatible types: boolean cannot be converted to Element
			return false;
			       ^
3 errors

1834564 [main] INFO clegoues.genprog4java.rep.CachingRepresentation  - StmtAppend(65,553) at variant218 fails to compile

1834564 [main] INFO clegoues.genprog4java.fitness.Fitness  - 	 gen: 3 0.0 StmtAppend(65,553) (stored at: variant218)
1835592 [main] INFO clegoues.genprog4java.fitness.Fitness  - 	 gen: 3 0.0 StmtAppend(479,439) StmtDelete(506) (stored at: variant219)
1835623 [main] ERROR clegoues.genprog4java.rep.JavaRepresentation  - org/jsoup/parser/Tag.java:240: error: non-static variable canContainInline cannot be referenced from a static context
        canContainInline = false;
        ^
1 error

1835623 [main] INFO clegoues.genprog4java.rep.CachingRepresentation  - StmtReplace(632,715) at variant220 fails to compile

1835624 [main] INFO clegoues.genprog4java.fitness.Fitness  - 	 gen: 3 0.0 StmtReplace(632,715) (stored at: variant220)
2060665 [main] INFO clegoues.genprog4java.fitness.Fitness  - 	 gen: 3 1.0 StmtReplace(490,384) (stored at: variant221)
2060697 [main] ERROR clegoues.genprog4java.rep.JavaRepresentation  - org/jsoup/parser/Parser.java:161: error: variable dataNode might not have been initialized
            child.appendChild(dataNode);   
                              ^
1 error

2060697 [main] INFO clegoues.genprog4java.rep.CachingRepresentation  - StmtDelete(408) at variant222 fails to compile

2060697 [main] INFO clegoues.genprog4java.fitness.Fitness  - 	 gen: 3 0.0 StmtDelete(408) (stored at: variant222)
2061413 [main] INFO clegoues.genprog4java.fitness.Fitness  - 	 gen: 3 0.0 StmtReplace(257,23) StmtDelete(702) (stored at: variant223)
2062385 [main] INFO clegoues.genprog4java.fitness.Fitness  - 	 gen: 3 0.0 StmtDelete(227) StmtReplace(298,236) (stored at: variant224)
2063244 [main] INFO clegoues.genprog4java.fitness.Fitness  - 	 gen: 3 1.0 StmtAppend(317,385) StmtReplace(106,387) (stored at: variant225)
2063244 [main] INFO clegoues.genprog4java.Search.Search  - search: generation4
2063281 [main] ERROR clegoues.genprog4java.rep.JavaRepresentation  - org/jsoup/nodes/Element.java:288: error: cannot find symbol
        Validate.notNull(child);
                         ^
  symbol:   variable child
  location: class Element
org/jsoup/nodes/Element.java:289: error: cannot find symbol
        for (int i = nodes.size() - 1; i >= 0; i--) {
                     ^
  symbol:   variable nodes
  location: class Element
org/jsoup/nodes/Element.java:290: error: cannot find symbol
            Node node = nodes.get(i);
                        ^
  symbol:   variable nodes
  location: class Element
3 errors

2063324 [main] ERROR clegoues.genprog4java.rep.JavaRepresentation  - org/jsoup/nodes/Element.java:288: error: cannot find symbol
        Validate.notNull(child);
                         ^
  symbol:   variable child
  location: class Element
org/jsoup/nodes/Element.java:289: error: cannot find symbol
        for (int i = nodes.size() - 1; i >= 0; i--) {
                     ^
  symbol:   variable nodes
  location: class Element
org/jsoup/nodes/Element.java:290: error: cannot find symbol
            Node node = nodes.get(i);
                        ^
  symbol:   variable nodes
  location: class Element
3 errors

2063363 [main] ERROR clegoues.genprog4java.rep.JavaRepresentation  - org/jsoup/nodes/Element.java:288: error: cannot find symbol
        Validate.notNull(child);
                         ^
  symbol:   variable child
  location: class Element
org/jsoup/nodes/Element.java:289: error: cannot find symbol
        for (int i = nodes.size() - 1; i >= 0; i--) {
                     ^
  symbol:   variable nodes
  location: class Element
org/jsoup/nodes/Element.java:290: error: cannot find symbol
            Node node = nodes.get(i);
                        ^
  symbol:   variable nodes
  location: class Element
3 errors

2063399 [main] ERROR clegoues.genprog4java.rep.JavaRepresentation  - org/jsoup/nodes/Element.java:288: error: cannot find symbol
        Validate.notNull(child);
                         ^
  symbol:   variable child
  location: class Element
org/jsoup/nodes/Element.java:289: error: cannot find symbol
        for (int i = nodes.size() - 1; i >= 0; i--) {
                     ^
  symbol:   variable nodes
  location: class Element
org/jsoup/nodes/Element.java:290: error: cannot find symbol
            Node node = nodes.get(i);
                        ^
  symbol:   variable nodes
  location: class Element
3 errors

2063438 [main] ERROR clegoues.genprog4java.rep.JavaRepresentation  - org/jsoup/nodes/Element.java:288: error: cannot find symbol
        Validate.notNull(child);
                         ^
  symbol:   variable child
  location: class Element
org/jsoup/nodes/Element.java:289: error: cannot find symbol
        for (int i = nodes.size() - 1; i >= 0; i--) {
                     ^
  symbol:   variable nodes
  location: class Element
org/jsoup/nodes/Element.java:290: error: cannot find symbol
            Node node = nodes.get(i);
                        ^
  symbol:   variable nodes
  location: class Element
3 errors

2063482 [main] ERROR clegoues.genprog4java.rep.JavaRepresentation  - org/jsoup/nodes/Element.java:288: error: cannot find symbol
        Validate.notNull(child);
                         ^
  symbol:   variable child
  location: class Element
org/jsoup/nodes/Element.java:289: error: cannot find symbol
        for (int i = nodes.size() - 1; i >= 0; i--) {
                     ^
  symbol:   variable nodes
  location: class Element
org/jsoup/nodes/Element.java:290: error: cannot find symbol
            Node node = nodes.get(i);
                        ^
  symbol:   variable nodes
  location: class Element
3 errors

2063529 [main] ERROR clegoues.genprog4java.rep.JavaRepresentation  - org/jsoup/nodes/Element.java:288: error: cannot find symbol
        Validate.notNull(child);
                         ^
  symbol:   variable child
  location: class Element
org/jsoup/nodes/Element.java:289: error: cannot find symbol
        for (int i = nodes.size() - 1; i >= 0; i--) {
                     ^
  symbol:   variable nodes
  location: class Element
org/jsoup/nodes/Element.java:290: error: cannot find symbol
            Node node = nodes.get(i);
                        ^
  symbol:   variable nodes
  location: class Element
3 errors

2063578 [main] ERROR clegoues.genprog4java.rep.JavaRepresentation  - org/jsoup/nodes/Element.java:288: error: cannot find symbol
        Validate.notNull(child);
                         ^
  symbol:   variable child
  location: class Element
org/jsoup/nodes/Element.java:289: error: cannot find symbol
        for (int i = nodes.size() - 1; i >= 0; i--) {
                     ^
  symbol:   variable nodes
  location: class Element
org/jsoup/nodes/Element.java:290: error: cannot find symbol
            Node node = nodes.get(i);
                        ^
  symbol:   variable nodes
  location: class Element
3 errors

2063626 [main] ERROR clegoues.genprog4java.rep.JavaRepresentation  - org/jsoup/nodes/Element.java:288: error: cannot find symbol
        Validate.notNull(child);
                         ^
  symbol:   variable child
  location: class Element
org/jsoup/nodes/Element.java:289: error: cannot find symbol
        for (int i = nodes.size() - 1; i >= 0; i--) {
                     ^
  symbol:   variable nodes
  location: class Element
org/jsoup/nodes/Element.java:290: error: cannot find symbol
            Node node = nodes.get(i);
                        ^
  symbol:   variable nodes
  location: class Element
3 errors

2063675 [main] ERROR clegoues.genprog4java.rep.JavaRepresentation  - org/jsoup/nodes/Element.java:288: error: cannot find symbol
        Validate.notNull(child);
                         ^
  symbol:   variable child
  location: class Element
org/jsoup/nodes/Element.java:289: error: cannot find symbol
        for (int i = nodes.size() - 1; i >= 0; i--) {
                     ^
  symbol:   variable nodes
  location: class Element
org/jsoup/nodes/Element.java:290: error: cannot find symbol
            Node node = nodes.get(i);
                        ^
  symbol:   variable nodes
  location: class Element
3 errors

2063721 [main] ERROR clegoues.genprog4java.rep.JavaRepresentation  - org/jsoup/nodes/Element.java:288: error: cannot find symbol
        Validate.notNull(child);
                         ^
  symbol:   variable child
  location: class Element
org/jsoup/nodes/Element.java:289: error: cannot find symbol
        for (int i = nodes.size() - 1; i >= 0; i--) {
                     ^
  symbol:   variable nodes
  location: class Element
org/jsoup/nodes/Element.java:290: error: cannot find symbol
            Node node = nodes.get(i);
                        ^
  symbol:   variable nodes
  location: class Element
3 errors

2063764 [main] ERROR clegoues.genprog4java.rep.JavaRepresentation  - org/jsoup/nodes/Element.java:288: error: cannot find symbol
        Validate.notNull(child);
                         ^
  symbol:   variable child
  location: class Element
org/jsoup/nodes/Element.java:289: error: cannot find symbol
        for (int i = nodes.size() - 1; i >= 0; i--) {
                     ^
  symbol:   variable nodes
  location: class Element
org/jsoup/nodes/Element.java:290: error: cannot find symbol
            Node node = nodes.get(i);
                        ^
  symbol:   variable nodes
  location: class Element
3 errors

2063812 [main] ERROR clegoues.genprog4java.rep.JavaRepresentation  - org/jsoup/nodes/Element.java:288: error: cannot find symbol
        Validate.notNull(child);
                         ^
  symbol:   variable child
  location: class Element
org/jsoup/nodes/Element.java:289: error: cannot find symbol
        for (int i = nodes.size() - 1; i >= 0; i--) {
                     ^
  symbol:   variable nodes
  location: class Element
org/jsoup/nodes/Element.java:290: error: cannot find symbol
            Node node = nodes.get(i);
                        ^
  symbol:   variable nodes
  location: class Element
3 errors

2063919 [main] ERROR clegoues.genprog4java.rep.JavaRepresentation  - org/jsoup/nodes/Element.java:288: error: cannot find symbol
        Validate.notNull(child);
                         ^
  symbol:   variable child
  location: class Element
org/jsoup/nodes/Element.java:289: error: cannot find symbol
        for (int i = nodes.size() - 1; i >= 0; i--) {
                     ^
  symbol:   variable nodes
  location: class Element
org/jsoup/nodes/Element.java:290: error: cannot find symbol
            Node node = nodes.get(i);
                        ^
  symbol:   variable nodes
  location: class Element
3 errors

2063961 [main] ERROR clegoues.genprog4java.rep.JavaRepresentation  - org/jsoup/nodes/Element.java:288: error: cannot find symbol
        Validate.notNull(child);
                         ^
  symbol:   variable child
  location: class Element
org/jsoup/nodes/Element.java:289: error: cannot find symbol
        for (int i = nodes.size() - 1; i >= 0; i--) {
                     ^
  symbol:   variable nodes
  location: class Element
org/jsoup/nodes/Element.java:290: error: cannot find symbol
            Node node = nodes.get(i);
                        ^
  symbol:   variable nodes
  location: class Element
3 errors

2064010 [main] ERROR clegoues.genprog4java.rep.JavaRepresentation  - org/jsoup/nodes/Element.java:288: error: cannot find symbol
        Validate.notNull(child);
                         ^
  symbol:   variable child
  location: class Element
org/jsoup/nodes/Element.java:289: error: cannot find symbol
        for (int i = nodes.size() - 1; i >= 0; i--) {
                     ^
  symbol:   variable nodes
  location: class Element
org/jsoup/nodes/Element.java:290: error: cannot find symbol
            Node node = nodes.get(i);
                        ^
  symbol:   variable nodes
  location: class Element
3 errors

2064055 [main] ERROR clegoues.genprog4java.rep.JavaRepresentation  - org/jsoup/nodes/Element.java:288: error: cannot find symbol
        Validate.notNull(child);
                         ^
  symbol:   variable child
  location: class Element
org/jsoup/nodes/Element.java:289: error: cannot find symbol
        for (int i = nodes.size() - 1; i >= 0; i--) {
                     ^
  symbol:   variable nodes
  location: class Element
org/jsoup/nodes/Element.java:290: error: cannot find symbol
            Node node = nodes.get(i);
                        ^
  symbol:   variable nodes
  location: class Element
3 errors

2064097 [main] ERROR clegoues.genprog4java.rep.JavaRepresentation  - org/jsoup/nodes/Element.java:288: error: cannot find symbol
        Validate.notNull(child);
                         ^
  symbol:   variable child
  location: class Element
org/jsoup/nodes/Element.java:289: error: cannot find symbol
        for (int i = nodes.size() - 1; i >= 0; i--) {
                     ^
  symbol:   variable nodes
  location: class Element
org/jsoup/nodes/Element.java:290: error: cannot find symbol
            Node node = nodes.get(i);
                        ^
  symbol:   variable nodes
  location: class Element
3 errors

2064141 [main] ERROR clegoues.genprog4java.rep.JavaRepresentation  - org/jsoup/nodes/Element.java:288: error: cannot find symbol
        Validate.notNull(child);
                         ^
  symbol:   variable child
  location: class Element
org/jsoup/nodes/Element.java:289: error: cannot find symbol
        for (int i = nodes.size() - 1; i >= 0; i--) {
                     ^
  symbol:   variable nodes
  location: class Element
org/jsoup/nodes/Element.java:290: error: cannot find symbol
            Node node = nodes.get(i);
                        ^
  symbol:   variable nodes
  location: class Element
3 errors

2065341 [main] INFO clegoues.genprog4java.fitness.Fitness  - 	 gen: 4 1.0 StmtAppend(627,615) StmtReplace(602,655) StmtAppend(624,663) StmtDelete(640) (stored at: variant226)
2066365 [main] INFO clegoues.genprog4java.fitness.Fitness  - 	 gen: 4 1.0 StmtAppend(627,615) StmtAppend(479,439) StmtAppend(480,343) StmtAppend(651,618) (stored at: variant227)
2066403 [main] ERROR clegoues.genprog4java.rep.JavaRepresentation  - org/jsoup/nodes/Element.java:316: error: incompatible types: String cannot be converted to Element
			return text();
			           ^
org/jsoup/nodes/Element.java:318: error: incompatible types: String cannot be converted to Element
			return attr("value");
			           ^
org/jsoup/nodes/Element.java:319: error: cannot find symbol
        Element wrap = wrapChildren.first();
                       ^
  symbol:   variable wrapChildren
  location: class Element
org/jsoup/nodes/Element.java:328: error: cannot find symbol
        if (wrapChildren.size() > 1) {
            ^
  symbol:   variable wrapChildren
  location: class Element
org/jsoup/nodes/Element.java:329: error: cannot find symbol
            for (int i = 1; i < wrapChildren.size(); i++) { // skip first
                                ^
  symbol:   variable wrapChildren
  location: class Element
org/jsoup/nodes/Element.java:330: error: cannot find symbol
                Element remainder = wrapChildren.get(i);
                                    ^
  symbol:   variable wrapChildren
  location: class Element
6 errors

2066403 [main] INFO clegoues.genprog4java.rep.CachingRepresentation  - StmtReplace(704,704) StmtAppend(325,423) StmtAppend(729,706) StmtReplace(587,645) StmtReplace(93,268) at variant228 fails to compile

2066404 [main] INFO clegoues.genprog4java.fitness.Fitness  - 	 gen: 4 0.0 StmtReplace(704,704) StmtAppend(325,423) StmtAppend(729,706) StmtReplace(587,645) StmtReplace(93,268) (stored at: variant228)
2067412 [main] INFO clegoues.genprog4java.fitness.Fitness  - 	 gen: 4 1.0 StmtAppend(729,706) StmtAppend(677,616) StmtDelete(315) (stored at: variant229)
2068421 [main] INFO clegoues.genprog4java.fitness.Fitness  - 	 gen: 4 1.0 StmtDelete(688) StmtDelete(150) StmtDelete(287) (stored at: variant230)
2068473 [main] ERROR clegoues.genprog4java.rep.JavaRepresentation  - org/jsoup/nodes/Element.java:360: error: cannot find symbol
		return tagName;
		       ^
  symbol:   variable tagName
  location: class Element
1 error

2068473 [main] INFO clegoues.genprog4java.rep.CachingRepresentation  - StmtReplace(704,704) StmtAppend(325,423) StmtAppend(729,706) StmtReplace(587,645) StmtReplace(115,521) at variant231 fails to compile

2068473 [main] INFO clegoues.genprog4java.fitness.Fitness  - 	 gen: 4 0.0 StmtReplace(704,704) StmtAppend(325,423) StmtAppend(729,706) StmtReplace(587,645) StmtReplace(115,521) (stored at: variant231)
2069372 [main] INFO clegoues.genprog4java.fitness.Fitness  - 	 gen: 4 1.0 StmtAppend(729,706) StmtAppend(677,616) StmtReplace(78,201) (stored at: variant232)
2069405 [main] ERROR clegoues.genprog4java.rep.JavaRepresentation  - org/jsoup/parser/Parser.java:32: error: cannot find symbol
				if (last().tag().canContain(tag))
				                            ^
  symbol:   variable tag
  location: class Parser
org/jsoup/parser/Parser.java:33: error: incompatible types: unexpected return value
					return last();
					           ^
2 errors

2069405 [main] INFO clegoues.genprog4java.rep.CachingRepresentation  - StmtReplace(490,384) StmtAppend(319,488) at variant233 fails to compile

2069405 [main] INFO clegoues.genprog4java.fitness.Fitness  - 	 gen: 4 0.0 StmtReplace(490,384) StmtAppend(319,488) (stored at: variant233)
2069442 [main] ERROR clegoues.genprog4java.rep.JavaRepresentation  - org/jsoup/nodes/Element.java:593: error: incompatible types: unexpected return value
				return (Element) super.parent();
				       ^
1 error

2069443 [main] INFO clegoues.genprog4java.rep.CachingRepresentation  - StmtDelete(688) StmtDelete(150) StmtReplace(192,20) at variant234 fails to compile

2069443 [main] INFO clegoues.genprog4java.fitness.Fitness  - 	 gen: 4 0.0 StmtDelete(688) StmtDelete(150) StmtReplace(192,20) (stored at: variant234)
2070264 [main] INFO clegoues.genprog4java.fitness.Fitness  - 	 gen: 4 1.0 StmtAppend(729,706) StmtAppend(677,616) StmtReplace(623,642) (stored at: variant235)
2071482 [main] INFO clegoues.genprog4java.fitness.Fitness  - 	 gen: 4 14.333333333333334 StmtDelete(688) StmtReplace(683,687) StmtReplace(619,657) (stored at: variant236)
2072253 [main] INFO clegoues.genprog4java.fitness.Fitness  - 	 gen: 4 1.0 StmtAppend(317,385) StmtReplace(257,23) StmtDelete(236) StmtAppend(340,338) (stored at: variant237)
2072952 [main] INFO clegoues.genprog4java.fitness.Fitness  - 	 gen: 4 1.0 StmtDelete(688) StmtDelete(150) StmtAppend(376,343) (stored at: variant238)
2072979 [main] ERROR clegoues.genprog4java.rep.JavaRepresentation  - org/jsoup/nodes/Element.java:402: error: incompatible types: boolean cannot be converted to Integer
		return true; 
		       ^
1 error

2072980 [main] INFO clegoues.genprog4java.rep.CachingRepresentation  - StmtDelete(688) StmtDelete(308) StmtReplace(135,577) at variant239 fails to compile

2072980 [main] INFO clegoues.genprog4java.fitness.Fitness  - 	 gen: 4 0.0 StmtDelete(688) StmtDelete(308) StmtReplace(135,577) (stored at: variant239)
2073009 [main] ERROR clegoues.genprog4java.rep.JavaRepresentation  - org/jsoup/nodes/Element.java:258: error: incompatible types: Elements cannot be converted to Element
		return parents;
		       ^
1 error

2073009 [main] INFO clegoues.genprog4java.rep.CachingRepresentation  - StmtReplace(704,704) StmtAppend(325,423) StmtAppend(729,706) StmtAppend(324,318) StmtReplace(65,22) at variant240 fails to compile

2073009 [main] INFO clegoues.genprog4java.fitness.Fitness  - 	 gen: 4 0.0 StmtReplace(704,704) StmtAppend(325,423) StmtAppend(729,706) StmtAppend(324,318) StmtReplace(65,22) (stored at: variant240)
2073038 [main] ERROR clegoues.genprog4java.rep.JavaRepresentation  - org/jsoup/parser/Parser.java:268: error: cannot find symbol
            if (elTag.equals(bodyTag) || elTag.equals(htmlTag)) { // once in body, don't close past body
                ^
  symbol:   variable elTag
  location: class Parser
org/jsoup/parser/Parser.java:268: error: cannot find symbol
            if (elTag.equals(bodyTag) || elTag.equals(htmlTag)) { // once in body, don't close past body
                                         ^
  symbol:   variable elTag
  location: class Parser
org/jsoup/parser/Parser.java:270: error: cannot find symbol
            } else if (elTag.equals(tag)) {
                       ^
  symbol:   variable elTag
  location: class Parser
3 errors

2073038 [main] INFO clegoues.genprog4java.rep.CachingRepresentation  - StmtAppend(317,385) StmtReplace(106,387) StmtReplace(500,355) at variant241 fails to compile

2073038 [main] INFO clegoues.genprog4java.fitness.Fitness  - 	 gen: 4 0.0 StmtAppend(317,385) StmtReplace(106,387) StmtReplace(500,355) (stored at: variant241)
2073066 [main] ERROR clegoues.genprog4java.rep.JavaRepresentation  - org/jsoup/parser/Parser.java:31: error: variable stack might already have been assigned
        stack = new LinkedList<Element>();
        ^
org/jsoup/parser/Parser.java:32: error: variable tq might already have been assigned
        tq = new TokenQueue(html);
        ^
org/jsoup/parser/Parser.java:36: error: variable doc might already have been assigned
            doc = Document.createShell(baseUri);
            ^
org/jsoup/parser/Parser.java:39: error: variable doc might already have been assigned
            doc = new Document(baseUri);
            ^
4 errors

2073066 [main] INFO clegoues.genprog4java.rep.CachingRepresentation  - StmtDelete(628) StmtDelete(286) StmtAppend(426,429) StmtAppend(543,628) StmtAppend(319,317) at variant242 fails to compile

2073066 [main] INFO clegoues.genprog4java.fitness.Fitness  - 	 gen: 4 0.0 StmtDelete(628) StmtDelete(286) StmtAppend(426,429) StmtAppend(543,628) StmtAppend(319,317) (stored at: variant242)
2073092 [main] ERROR clegoues.genprog4java.rep.JavaRepresentation  - org/jsoup/parser/Tag.java:16: error: non-static variable canContainInline cannot be referenced from a static context
        canContainInline = true;
        ^
1 error

2073093 [main] INFO clegoues.genprog4java.rep.CachingRepresentation  - StmtReplace(704,704) StmtReplace(618,637) StmtReplace(517,706) at variant243 fails to compile

2073093 [main] INFO clegoues.genprog4java.fitness.Fitness  - 	 gen: 4 0.0 StmtReplace(704,704) StmtReplace(618,637) StmtReplace(517,706) (stored at: variant243)
2073122 [main] ERROR clegoues.genprog4java.rep.JavaRepresentation  - org/jsoup/nodes/Element.java:285: error: cannot find symbol
        if (child instanceof TextNode) {
            ^
  symbol:   variable child
  location: class Element
org/jsoup/nodes/Element.java:286: error: cannot find symbol
			TextNode textNode = (TextNode) child;
			                               ^
  symbol:   variable child
  location: class Element
org/jsoup/nodes/Element.java:288: error: incompatible types: boolean cannot be converted to Element
				return true;
				       ^
org/jsoup/nodes/Element.java:289: error: cannot find symbol
		} else if (child instanceof Element) {
		           ^
  symbol:   variable child
  location: class Element
org/jsoup/nodes/Element.java:290: error: cannot find symbol
			Element el = (Element) child;
			                       ^
  symbol:   variable child
  location: class Element
org/jsoup/nodes/Element.java:292: error: incompatible types: boolean cannot be converted to Element
				return true;
				       ^
6 errors

2073122 [main] INFO clegoues.genprog4java.rep.CachingRepresentation  - StmtReplace(602,655) StmtDelete(426) StmtReplace(78,208) at variant244 fails to compile

2073122 [main] INFO clegoues.genprog4java.fitness.Fitness  - 	 gen: 4 0.0 StmtReplace(602,655) StmtDelete(426) StmtReplace(78,208) (stored at: variant244)
2073843 [main] INFO clegoues.genprog4java.fitness.Fitness  - 	 gen: 4 1.0 StmtAppend(317,385) StmtReplace(257,23) StmtReplace(321,450) StmtAppend(625,682) (stored at: variant245)
2074588 [main] INFO clegoues.genprog4java.fitness.Fitness  - 	 gen: 4 14.333333333333334 StmtDelete(688) StmtReplace(683,687) StmtDelete(632) (stored at: variant246)
2074612 [main] ERROR clegoues.genprog4java.rep.JavaRepresentation  - org/jsoup/parser/Parser.java:280: error: cannot find symbol
            counter++;
            ^
  symbol:   variable counter
  location: class Parser
org/jsoup/parser/Parser.java:291: error: cannot find symbol
            for (int i = 0; i < counter; i++) {
                                ^
  symbol:   variable counter
  location: class Parser
2 errors

2074612 [main] INFO clegoues.genprog4java.rep.CachingRepresentation  - StmtDelete(688) StmtDelete(150) StmtDelete(494) at variant247 fails to compile

2074612 [main] INFO clegoues.genprog4java.fitness.Fitness  - 	 gen: 4 0.0 StmtDelete(688) StmtDelete(150) StmtDelete(494) (stored at: variant247)
2074663 [main] ERROR clegoues.genprog4java.rep.JavaRepresentation  - org/jsoup/nodes/Element.java:155: error: cannot find symbol
        Validate.notNull(className);
                         ^
  symbol:   variable className
  location: class Element
1 error

2074663 [main] INFO clegoues.genprog4java.rep.CachingRepresentation  - StmtReplace(378,354) StmtDelete(551) StmtReplace(36,254) at variant248 fails to compile

2074663 [main] INFO clegoues.genprog4java.fitness.Fitness  - 	 gen: 4 0.0 StmtReplace(378,354) StmtDelete(551) StmtReplace(36,254) (stored at: variant248)
2074689 [main] ERROR clegoues.genprog4java.rep.JavaRepresentation  - org/jsoup/parser/Parser.java:292: error: incompatible types: boolean cannot be converted to Element
					return true;
					       ^
1 error

2074689 [main] INFO clegoues.genprog4java.rep.CachingRepresentation  - StmtReplace(704,704) StmtAppend(325,423) StmtAppend(729,706) StmtReplace(587,645) StmtAppend(507,578) at variant249 fails to compile

2074689 [main] INFO clegoues.genprog4java.fitness.Fitness  - 	 gen: 4 0.0 StmtReplace(704,704) StmtAppend(325,423) StmtAppend(729,706) StmtReplace(587,645) StmtAppend(507,578) (stored at: variant249)
2075430 [main] INFO clegoues.genprog4java.fitness.Fitness  - 	 gen: 4 1.0 StmtAppend(317,385) StmtReplace(257,23) StmtReplace(321,450) StmtReplace(611,624) (stored at: variant250)
2075456 [main] ERROR clegoues.genprog4java.rep.JavaRepresentation  - org/jsoup/parser/Parser.java:38: error: variable stack might not have been initialized
            stack.add(doc.body());
            ^
org/jsoup/parser/Parser.java:41: error: variable stack might not have been initialized
            stack.add(doc);
            ^
org/jsoup/nodes/Element.java:650: error: cannot find symbol
				Validate.notNull(child);
				                 ^
  symbol:   variable child
  location: class Element
3 errors

2075456 [main] INFO clegoues.genprog4java.rep.CachingRepresentation  - StmtDelete(286) StmtAppend(426,429) StmtReplace(228,44) StmtDelete(320) at variant251 fails to compile

2075457 [main] INFO clegoues.genprog4java.fitness.Fitness  - 	 gen: 4 0.0 StmtDelete(286) StmtAppend(426,429) StmtReplace(228,44) StmtDelete(320) (stored at: variant251)
2075486 [main] ERROR clegoues.genprog4java.rep.JavaRepresentation  - org/jsoup/nodes/Element.java:49: error: no suitable constructor found for Node(no arguments)
    public Element(Tag tag, String baseUri) {
                                            ^
    constructor Node.Node(String,Attributes) is not applicable
      (actual and formal argument lists differ in length)
    constructor Node.Node(String) is not applicable
      (actual and formal argument lists differ in length)
org/jsoup/nodes/Element.java:50: error: cannot find symbol
        Validate.notEmpty(html);
                          ^
  symbol:   variable html
  location: class Element
2 errors

2075486 [main] INFO clegoues.genprog4java.rep.CachingRepresentation  - StmtAppend(627,615) StmtAppend(479,439) StmtAppend(480,343) StmtReplace(5,91) at variant252 fails to compile

2075486 [main] INFO clegoues.genprog4java.fitness.Fitness  - 	 gen: 4 0.0 StmtAppend(627,615) StmtAppend(479,439) StmtAppend(480,343) StmtReplace(5,91) (stored at: variant252)
2363533 [main] INFO clegoues.genprog4java.fitness.Fitness  - 	 gen: 4 0.0 StmtAppend(627,615) StmtAppend(479,439) StmtAppend(480,343) StmtDelete(352) (stored at: variant253)
2364221 [main] INFO clegoues.genprog4java.fitness.Fitness  - 	 gen: 4 1.0 StmtAppend(317,385) StmtReplace(257,23) StmtDelete(236) StmtAppend(665,611) (stored at: variant254)
2364248 [main] ERROR clegoues.genprog4java.rep.JavaRepresentation  - org/jsoup/nodes/Element.java:193: error: cannot find symbol
        Validate.notNull(html);
                         ^
  symbol:   variable html
  location: class Element
1 error

2364248 [main] INFO clegoues.genprog4java.rep.CachingRepresentation  - StmtAppend(627,615) StmtAppend(479,439) StmtAppend(480,343) StmtReplace(46,70) at variant255 fails to compile

2364248 [main] INFO clegoues.genprog4java.fitness.Fitness  - 	 gen: 4 0.0 StmtAppend(627,615) StmtAppend(479,439) StmtAppend(480,343) StmtReplace(46,70) (stored at: variant255)
2364285 [main] ERROR clegoues.genprog4java.rep.JavaRepresentation  - org/jsoup/nodes/Element.java:63: error: incompatible types: boolean cannot be converted to String
    public String tagName() {{return tag.getName();}for (Node child:childNodes){if (child instanceof TextNode){TextNode textNode=(TextNode)child;if (!textNode.isBlank())return true;} else if (child instanceof Element){Element el=(Element)child;if (el.hasText())return true;}}}
                                                                                                                                                                                ^
org/jsoup/nodes/Element.java:63: error: incompatible types: boolean cannot be converted to String
    public String tagName() {{return tag.getName();}for (Node child:childNodes){if (child instanceof TextNode){TextNode textNode=(TextNode)child;if (!textNode.isBlank())return true;} else if (child instanceof Element){Element el=(Element)child;if (el.hasText())return true;}}}
                                                                                                                                                                                                                                                                            ^
2 errors

2364285 [main] INFO clegoues.genprog4java.rep.CachingRepresentation  - StmtReplace(704,704) StmtAppend(325,423) StmtAppend(729,706) StmtReplace(587,645) StmtAppend(8,206) at variant256 fails to compile

2364286 [main] INFO clegoues.genprog4java.fitness.Fitness  - 	 gen: 4 0.0 StmtReplace(704,704) StmtAppend(325,423) StmtAppend(729,706) StmtReplace(587,645) StmtAppend(8,206) (stored at: variant256)
2365029 [main] INFO clegoues.genprog4java.fitness.Fitness  - 	 gen: 4 0.0 StmtAppend(627,615) StmtReplace(602,655) StmtAppend(624,663) StmtAppend(701,639) (stored at: variant257)
2365717 [main] INFO clegoues.genprog4java.fitness.Fitness  - 	 gen: 4 1.0 StmtAppend(627,615) StmtAppend(479,439) StmtDelete(583) StmtDelete(2) (stored at: variant258)
2366454 [main] INFO clegoues.genprog4java.fitness.Fitness  - 	 gen: 4 0.0 StmtReplace(602,655) StmtDelete(426) StmtReplace(396,445) (stored at: variant259)
2367224 [main] INFO clegoues.genprog4java.fitness.Fitness  - 	 gen: 4 14.333333333333334 StmtDelete(688) StmtReplace(683,687) StmtAppend(539,687) (stored at: variant260)
2367252 [main] ERROR clegoues.genprog4java.rep.JavaRepresentation  - org/jsoup/nodes/Element.java:443: error: missing return statement
    }
    ^
1 error

2367253 [main] INFO clegoues.genprog4java.rep.CachingRepresentation  - StmtAppend(317,385) StmtReplace(257,23) StmtDelete(236) StmtDelete(147) at variant261 fails to compile

2367253 [main] INFO clegoues.genprog4java.fitness.Fitness  - 	 gen: 4 0.0 StmtAppend(317,385) StmtReplace(257,23) StmtDelete(236) StmtDelete(147) (stored at: variant261)
2586747 [main] INFO clegoues.genprog4java.fitness.Fitness  - 	 gen: 4 1.0 StmtReplace(490,384) StmtDelete(502) (stored at: variant262)
2586782 [main] ERROR clegoues.genprog4java.rep.JavaRepresentation  - org/jsoup/parser/Parser.java:218: error: variable head is already defined in method addChildToParent(Element,boolean)
						Element head = new Element(headTag, baseUri);
						        ^
org/jsoup/parser/Parser.java:222: error: cannot find symbol
                implicit.appendChild(head);
                                     ^
  symbol:   variable head
  location: class Parser
2 errors

2586782 [main] INFO clegoues.genprog4java.rep.CachingRepresentation  - StmtAppend(317,385) StmtReplace(106,387) StmtAppend(464,463) at variant263 fails to compile

2586782 [main] INFO clegoues.genprog4java.fitness.Fitness  - 	 gen: 4 0.0 StmtAppend(317,385) StmtReplace(106,387) StmtAppend(464,463) (stored at: variant263)
2586847 [main] ERROR clegoues.genprog4java.rep.JavaRepresentation  - org/jsoup/nodes/Element.java:37: error: cannot find symbol
        text = TextNode.stripLeadingWhitespace(text);    
        ^
  symbol:   variable text
  location: class Element
org/jsoup/nodes/Element.java:37: error: cannot find symbol
        text = TextNode.stripLeadingWhitespace(text);    
                                               ^
  symbol:   variable text
  location: class Element
2 errors

2586847 [main] INFO clegoues.genprog4java.rep.CachingRepresentation  - StmtReplace(704,704) StmtReplace(618,637) StmtReplace(2,189) at variant264 fails to compile

2586847 [main] INFO clegoues.genprog4java.fitness.Fitness  - 	 gen: 4 0.0 StmtReplace(704,704) StmtReplace(618,637) StmtReplace(2,189) (stored at: variant264)
2587611 [main] INFO clegoues.genprog4java.fitness.Fitness  - 	 gen: 4 1.0 StmtDelete(688) StmtReplace(683,687) StmtAppend(488,443) (stored at: variant265)
2587638 [main] ERROR clegoues.genprog4java.rep.JavaRepresentation  - org/jsoup/parser/Tag.java:111: error: unreachable statement
		createBlock("H6").setContainInlineOnly();
		^
org/jsoup/parser/Tag.java:112: error: missing return statement
	}
	^
2 errors

2587639 [main] INFO clegoues.genprog4java.rep.CachingRepresentation  - StmtAppend(627,615) StmtAppend(558,655) at variant266 fails to compile

2587639 [main] INFO clegoues.genprog4java.fitness.Fitness  - 	 gen: 4 0.0 StmtAppend(627,615) StmtAppend(558,655) (stored at: variant266)
2587674 [main] ERROR clegoues.genprog4java.rep.JavaRepresentation  - org/jsoup/parser/Parser.java:262: error: cannot find symbol
            Tag parent2 = el.tag();
                          ^
  symbol:   variable el
  location: class Parser
1 error

2587674 [main] INFO clegoues.genprog4java.rep.CachingRepresentation  - StmtDelete(688) StmtAppend(480,343) StmtDelete(61) at variant267 fails to compile

2587674 [main] INFO clegoues.genprog4java.fitness.Fitness  - 	 gen: 4 0.0 StmtDelete(688) StmtAppend(480,343) StmtDelete(61) (stored at: variant267)
2588472 [main] INFO clegoues.genprog4java.fitness.Fitness  - 	 gen: 4 1.0 StmtReplace(704,704) StmtDelete(551) StmtAppend(581,654) (stored at: variant268)
2589252 [main] INFO clegoues.genprog4java.fitness.Fitness  - 	 gen: 4 1.0 StmtAppend(729,706) StmtReplace(587,645) StmtDelete(583) (stored at: variant269)
2589283 [main] ERROR clegoues.genprog4java.rep.JavaRepresentation  - org/jsoup/parser/Tag.java:332: error: non-static variable isBlock cannot be referenced from a static context
			result = 31 * result + (isBlock ? 1 : 0);
			                        ^
org/jsoup/parser/Tag.java:333: error: non-static variable canContainBlock cannot be referenced from a static context
			result = 31 * result + (canContainBlock ? 1 : 0);
			                        ^
org/jsoup/parser/Tag.java:334: error: non-static variable canContainInline cannot be referenced from a static context
			result = 31 * result + (canContainInline ? 1 : 0);
			                        ^
org/jsoup/parser/Tag.java:335: error: non-static variable optionalClosing cannot be referenced from a static context
			result = 31 * result + (optionalClosing ? 1 : 0);
			                        ^
org/jsoup/parser/Tag.java:336: error: non-static variable empty cannot be referenced from a static context
			result = 31 * result + (empty ? 1 : 0);
			                        ^
org/jsoup/parser/Tag.java:337: error: incompatible types: int cannot be converted to Tag
			return result;
			       ^
6 errors

2589283 [main] INFO clegoues.genprog4java.rep.CachingRepresentation  - StmtAppend(325,423) StmtAppend(729,706) StmtReplace(587,645) StmtAppend(693,599) at variant270 fails to compile

2589283 [main] INFO clegoues.genprog4java.fitness.Fitness  - 	 gen: 4 0.0 StmtAppend(325,423) StmtAppend(729,706) StmtReplace(587,645) StmtAppend(693,599) (stored at: variant270)
2590020 [main] INFO clegoues.genprog4java.fitness.Fitness  - 	 gen: 4 1.0 StmtAppend(677,616) StmtAppend(462,348) (stored at: variant271)
2590052 [main] ERROR clegoues.genprog4java.rep.JavaRepresentation  - org/jsoup/nodes/Element.java:650: error: cannot find symbol
				Validate.notNull(child);
				                 ^
  symbol:   variable child
  location: class Element
1 error

2590052 [main] INFO clegoues.genprog4java.rep.CachingRepresentation  - StmtReplace(704,704) StmtAppend(325,423) StmtReplace(228,44) StmtAppend(719,681) at variant272 fails to compile

2590052 [main] INFO clegoues.genprog4java.fitness.Fitness  - 	 gen: 4 0.0 StmtReplace(704,704) StmtAppend(325,423) StmtReplace(228,44) StmtAppend(719,681) (stored at: variant272)
2590087 [main] ERROR clegoues.genprog4java.rep.JavaRepresentation  - org/jsoup/nodes/Element.java:153: error: missing return statement
	}
	^
1 error

2590087 [main] INFO clegoues.genprog4java.rep.CachingRepresentation  - StmtDelete(286) StmtReplace(587,645) StmtDelete(34) at variant273 fails to compile

2590087 [main] INFO clegoues.genprog4java.fitness.Fitness  - 	 gen: 4 0.0 StmtDelete(286) StmtReplace(587,645) StmtDelete(34) (stored at: variant273)
2590890 [main] INFO clegoues.genprog4java.fitness.Fitness  - 	 gen: 4 0.0 StmtDelete(688) StmtDelete(400) (stored at: variant274)
2590920 [main] ERROR clegoues.genprog4java.rep.JavaRepresentation  - org/jsoup/nodes/Element.java:94: error: cannot find symbol
        return id == null ? "" : id;
               ^
  symbol:   variable id
  location: class Element
org/jsoup/nodes/Element.java:94: error: cannot find symbol
        return id == null ? "" : id;
                                 ^
  symbol:   variable id
  location: class Element
2 errors

2590920 [main] INFO clegoues.genprog4java.rep.CachingRepresentation  - StmtAppend(317,385) StmtReplace(257,23) StmtDelete(15) at variant275 fails to compile

2590920 [main] INFO clegoues.genprog4java.fitness.Fitness  - 	 gen: 4 0.0 StmtAppend(317,385) StmtReplace(257,23) StmtDelete(15) (stored at: variant275)
2591688 [main] INFO clegoues.genprog4java.fitness.Fitness  - 	 gen: 4 1.0 StmtAppend(317,385) StmtReplace(257,23) StmtReplace(602,655) StmtAppend(624,663) StmtDelete(416) (stored at: variant276)
2591716 [main] ERROR clegoues.genprog4java.rep.JavaRepresentation  - org/jsoup/nodes/Element.java:806: error: cannot find symbol
			text = TextNode.stripLeadingWhitespace(text);
			^
  symbol:   variable text
  location: class Element
org/jsoup/nodes/Element.java:806: error: cannot find symbol
			text = TextNode.stripLeadingWhitespace(text);
			                                       ^
  symbol:   variable text
  location: class Element
2 errors

2591717 [main] INFO clegoues.genprog4java.rep.CachingRepresentation  - StmtReplace(295,189) at variant277 fails to compile

2591717 [main] INFO clegoues.genprog4java.fitness.Fitness  - 	 gen: 4 0.0 StmtReplace(295,189) (stored at: variant277)
2592718 [main] INFO clegoues.genprog4java.fitness.Fitness  - 	 gen: 4 0.0 StmtAppend(479,439) StmtDelete(583) StmtDelete(470) (stored at: variant278)
2593487 [main] INFO clegoues.genprog4java.fitness.Fitness  - 	 gen: 4 1.0 StmtDelete(150) StmtDelete(462) (stored at: variant279)
2593675 [main] ERROR clegoues.genprog4java.rep.JavaRepresentation  - org/jsoup/nodes/Element.java:220: error: cannot find symbol
        accumulateParents(parent, parents);
                          ^
  symbol:   variable parent
  location: class Element
org/jsoup/nodes/Element.java:220: error: cannot find symbol
        accumulateParents(parent, parents);
                                  ^
  symbol:   variable parents
  location: class Element
2 errors

2593675 [main] INFO clegoues.genprog4java.rep.CachingRepresentation  - StmtDelete(426) StmtReplace(55,31) at variant280 fails to compile

2593675 [main] INFO clegoues.genprog4java.fitness.Fitness  - 	 gen: 4 0.0 StmtDelete(426) StmtReplace(55,31) (stored at: variant280)
2690163 [main] INFO clegoues.genprog4java.fitness.Fitness  - 	 gen: 4 1.0 StmtDelete(308) StmtDelete(344) (stored at: variant281)
2690194 [main] ERROR clegoues.genprog4java.rep.JavaRepresentation  - org/jsoup/nodes/Element.java:153: error: incompatible types: boolean cannot be converted to Elements
        {List<Element> elements=new ArrayList<Element>();if (this.equals(tag))return true;}
                                                                                     ^
org/jsoup/nodes/Element.java:156: error: cannot find symbol
                elements.add((Element) node);
                ^
  symbol:   variable elements
  location: class Element
org/jsoup/nodes/Element.java:158: error: cannot find symbol
        return new Elements(elements);
                            ^
  symbol:   variable elements
  location: class Element
3 errors

2690194 [main] INFO clegoues.genprog4java.rep.CachingRepresentation  - StmtReplace(106,387) StmtAppend(35,577) at variant282 fails to compile

2690194 [main] INFO clegoues.genprog4java.fitness.Fitness  - 	 gen: 4 0.0 StmtReplace(106,387) StmtAppend(35,577) (stored at: variant282)
2690963 [main] INFO clegoues.genprog4java.fitness.Fitness  - 	 gen: 4 0.0 StmtReplace(618,637) StmtDelete(576) (stored at: variant283)
2691703 [main] INFO clegoues.genprog4java.fitness.Fitness  - 	 gen: 4 0.0 StmtReplace(602,655) StmtReplace(618,637) StmtDelete(291) (stored at: variant284)
2692675 [main] INFO clegoues.genprog4java.fitness.Fitness  - 	 gen: 4 1.0 StmtDelete(365) (stored at: variant285)
2692675 [main] INFO clegoues.genprog4java.Search.Search  - search: generation5
2693687 [main] ERROR clegoues.genprog4java.rep.JavaRepresentation  - org/jsoup/nodes/Element.java:64: error: missing return statement
	}
	^
1 error

2693688 [main] INFO clegoues.genprog4java.rep.CachingRepresentation  - StmtDelete(688) StmtReplace(683,687) StmtAppend(488,443) StmtDelete(8) at variant286 fails to compile

2693688 [main] INFO clegoues.genprog4java.fitness.Fitness  - 	 gen: 5 0.0 StmtDelete(688) StmtReplace(683,687) StmtAppend(488,443) StmtDelete(8) (stored at: variant286)
3029114 [main] INFO clegoues.genprog4java.fitness.Fitness  - 	 gen: 5 0.0 StmtReplace(490,384) StmtDelete(502) StmtAppend(643,687) (stored at: variant287)
3029146 [main] ERROR clegoues.genprog4java.rep.JavaRepresentation  - org/jsoup/parser/Parser.java:104: error: cannot find symbol
        if (data.endsWith("-")) // i.e. was -->
            ^
  symbol:   variable data
  location: class Parser
org/jsoup/parser/Parser.java:105: error: cannot find symbol
            data = data.substring(0, data.length()-1);
            ^
  symbol:   variable data
  location: class Parser
org/jsoup/parser/Parser.java:105: error: cannot find symbol
            data = data.substring(0, data.length()-1);
                                     ^
  symbol:   variable data
  location: class Parser
org/jsoup/parser/Parser.java:105: error: cannot find symbol
            data = data.substring(0, data.length()-1);
                   ^
  symbol:   variable data
  location: class Parser
org/jsoup/parser/Parser.java:106: error: cannot find symbol
        Comment comment = new Comment(data, baseUri);
                                      ^
  symbol:   variable data
  location: class Parser
5 errors

3029146 [main] INFO clegoues.genprog4java.rep.CachingRepresentation  - StmtAppend(627,615) StmtReplace(602,655) StmtAppend(624,663) StmtDelete(640) StmtAppend(359,383) at variant288 fails to compile

3029146 [main] INFO clegoues.genprog4java.fitness.Fitness  - 	 gen: 5 0.0 StmtAppend(627,615) StmtReplace(602,655) StmtAppend(624,663) StmtDelete(640) StmtAppend(359,383) (stored at: variant288)
3029179 [main] ERROR clegoues.genprog4java.rep.JavaRepresentation  - org/jsoup/parser/Parser.java:165: error: incompatible types: unexpected return value
				return last();
				           ^
1 error

3029179 [main] INFO clegoues.genprog4java.rep.CachingRepresentation  - StmtAppend(627,615) StmtAppend(479,439) StmtAppend(480,343) StmtAppend(651,618) StmtAppend(402,489) at variant289 fails to compile

3029179 [main] INFO clegoues.genprog4java.fitness.Fitness  - 	 gen: 5 0.0 StmtAppend(627,615) StmtAppend(479,439) StmtAppend(480,343) StmtAppend(651,618) StmtAppend(402,489) (stored at: variant289)
3029220 [main] ERROR clegoues.genprog4java.rep.JavaRepresentation  - org/jsoup/parser/Parser.java:248: error: missing return statement
    }
    ^
1 error

3029220 [main] INFO clegoues.genprog4java.rep.CachingRepresentation  - StmtDelete(688) StmtDelete(150) StmtDelete(287) StmtDelete(474) at variant290 fails to compile

3029221 [main] INFO clegoues.genprog4java.fitness.Fitness  - 	 gen: 5 0.0 StmtDelete(688) StmtDelete(150) StmtDelete(287) StmtDelete(474) (stored at: variant290)
3030002 [main] INFO clegoues.genprog4java.fitness.Fitness  - 	 gen: 5 14.333333333333334 StmtDelete(688) StmtReplace(683,687) StmtReplace(619,657) StmtDelete(684) (stored at: variant291)
3126515 [main] INFO clegoues.genprog4java.fitness.Fitness  - 	 gen: 5 0.0 StmtDelete(308) StmtDelete(344) StmtReplace(405,413) (stored at: variant292)
3126541 [main] ERROR clegoues.genprog4java.rep.JavaRepresentation  - org/jsoup/parser/Parser.java:231: error: cannot find symbol
                if (last().tag().canContain(tag))
                                            ^
  symbol:   variable tag
  location: class Parser
org/jsoup/parser/Parser.java:265: error: cannot find symbol
            Tag parent2 = el.tag();
                          ^
  symbol:   variable el
  location: class Parser
2 errors

3126541 [main] INFO clegoues.genprog4java.rep.CachingRepresentation  - StmtDelete(688) StmtAppend(480,343) StmtDelete(61) StmtReplace(465,489) at variant293 fails to compile

3126541 [main] INFO clegoues.genprog4java.fitness.Fitness  - 	 gen: 5 0.0 StmtDelete(688) StmtAppend(480,343) StmtDelete(61) StmtReplace(465,489) (stored at: variant293)
3127310 [main] INFO clegoues.genprog4java.fitness.Fitness  - 	 gen: 5 1.0 StmtAppend(729,706) StmtAppend(677,616) StmtDelete(315) StmtReplace(584,676) (stored at: variant294)
3128320 [main] INFO clegoues.genprog4java.fitness.Fitness  - 	 gen: 5 0.0 StmtDelete(688) StmtReplace(683,687) StmtAppend(539,687) StmtDelete(507) (stored at: variant295)
3416367 [main] INFO clegoues.genprog4java.fitness.Fitness  - 	 gen: 5 0.0 StmtDelete(688) StmtReplace(683,687) StmtReplace(619,657) StmtDelete(488) (stored at: variant296)
3417075 [main] INFO clegoues.genprog4java.fitness.Fitness  - 	 gen: 5 1.0 StmtDelete(688) StmtReplace(683,687) StmtReplace(619,657) StmtDelete(102) (stored at: variant297)
3417105 [main] ERROR clegoues.genprog4java.rep.JavaRepresentation  - org/jsoup/nodes/Element.java:628: error: cannot find symbol
                if (!textNode.isBlank())
                     ^
  symbol:   variable textNode
  location: class Element
1 error

3417105 [main] INFO clegoues.genprog4java.rep.CachingRepresentation  - StmtDelete(688) StmtReplace(683,687) StmtReplace(619,657) StmtDelete(210) at variant298 fails to compile

3417105 [main] INFO clegoues.genprog4java.fitness.Fitness  - 	 gen: 5 0.0 StmtDelete(688) StmtReplace(683,687) StmtReplace(619,657) StmtDelete(210) (stored at: variant298)
3417139 [main] ERROR clegoues.genprog4java.rep.JavaRepresentation  - org/jsoup/nodes/Element.java:725: error: cannot find symbol
				if (child instanceof TextNode) {
				    ^
  symbol:   variable child
  location: class Element
org/jsoup/nodes/Element.java:726: error: cannot find symbol
					TextNode textNode = (TextNode) child;
					                               ^
  symbol:   variable child
  location: class Element
org/jsoup/nodes/Element.java:728: error: incompatible types: boolean cannot be converted to Element
						return true;
						       ^
org/jsoup/nodes/Element.java:729: error: cannot find symbol
				} else if (child instanceof Element) {
				           ^
  symbol:   variable child
  location: class Element
org/jsoup/nodes/Element.java:730: error: cannot find symbol
					Element el = (Element) child;
					                       ^
  symbol:   variable child
  location: class Element
org/jsoup/nodes/Element.java:732: error: incompatible types: boolean cannot be converted to Element
						return true;
						       ^
6 errors

3417139 [main] INFO clegoues.genprog4java.rep.CachingRepresentation  - StmtDelete(688) StmtReplace(683,687) StmtAppend(539,687) StmtAppend(254,207) at variant299 fails to compile

3417139 [main] INFO clegoues.genprog4java.fitness.Fitness  - 	 gen: 5 0.0 StmtDelete(688) StmtReplace(683,687) StmtAppend(539,687) StmtAppend(254,207) (stored at: variant299)
3417877 [main] INFO clegoues.genprog4java.fitness.Fitness  - 	 gen: 5 1.0 StmtAppend(729,706) StmtReplace(587,645) StmtDelete(583) StmtDelete(661) (stored at: variant300)
3417904 [main] ERROR clegoues.genprog4java.rep.JavaRepresentation  - org/jsoup/nodes/Element.java:757: error: missing return statement
    }
    ^
1 error

3417904 [main] INFO clegoues.genprog4java.rep.CachingRepresentation  - StmtDelete(688) StmtReplace(683,687) StmtReplace(619,657) StmtDelete(269) at variant301 fails to compile

3417904 [main] INFO clegoues.genprog4java.fitness.Fitness  - 	 gen: 5 0.0 StmtDelete(688) StmtReplace(683,687) StmtReplace(619,657) StmtDelete(269) (stored at: variant301)
3417929 [main] ERROR clegoues.genprog4java.rep.JavaRepresentation  - org/jsoup/parser/Parser.java:53: error: cannot find symbol
        return parser.parse();
               ^
  symbol:   variable parser
  location: class Parser
1 error

3417929 [main] INFO clegoues.genprog4java.rep.CachingRepresentation  - StmtDelete(688) StmtReplace(683,687) StmtDelete(632) StmtDelete(331) at variant302 fails to compile

3417929 [main] INFO clegoues.genprog4java.fitness.Fitness  - 	 gen: 5 0.0 StmtDelete(688) StmtReplace(683,687) StmtDelete(632) StmtDelete(331) (stored at: variant302)
3418682 [main] INFO clegoues.genprog4java.fitness.Fitness  - 	 gen: 5 1.0 StmtDelete(688) StmtReplace(683,687) StmtDelete(632) StmtReplace(695,689) (stored at: variant303)
3418708 [main] ERROR clegoues.genprog4java.rep.JavaRepresentation  - org/jsoup/parser/Tag.java:321: error: return outside method
				return isBlock;
				^
1 error

3418708 [main] INFO clegoues.genprog4java.rep.CachingRepresentation  - StmtAppend(627,615) StmtReplace(602,655) StmtAppend(624,663) StmtDelete(640) StmtAppend(688,558) at variant304 fails to compile

3418708 [main] INFO clegoues.genprog4java.fitness.Fitness  - 	 gen: 5 0.0 StmtAppend(627,615) StmtReplace(602,655) StmtAppend(624,663) StmtDelete(640) StmtAppend(688,558) (stored at: variant304)
