0 [main] DEBUG clegoues.genprog4java.fitness.Fitness  - parsing granularity, value: class
18 [main] DEBUG clegoues.genprog4java.fitness.Fitness  - parsing granularity, value: class
#Tue Mar 02 20:40:27 CST 2021
negativeTestWeight=2.0
classSourceFolder=/home/rtx/repair/d4j/Jsoup/3b/target/classes
model=default
sampleStrategy=variant
srcClassPath=/home/rtx/repair/d4j/Jsoup/3b/target/classes\:/home/rtx/repair/defects4j/framework/projects/Jsoup/lib/commons-lang/commons-lang/2.4/commons-lang-2.4.jar
sourceVersion=1.8
popsize=40
regenPaths=false
posCoverageFile=coverage.path.pos
continue=false
edits=APPEND;DELETE;REPLACE
negCoverageFile=coverage.path.neg
workingDir=/home/rtx/repair/d4j/Jsoup/3b/
clearTestCache=false
skipFailedSanity=false
sample=0.1 
oracleGenome=
testGranularity=class
justTestingFaultLoc=false
faultLocStrategy=standardPathFile
crossp=0.5
pMutation=1
generations=10
positiveTests=/home/rtx/repair/d4j/Jsoup/3b/pos.tests
javaVM=/home/rtx/java/jdk1.8.0_271/jre/bin/java
seed=6
negativePathWeight=0.35
compileCommand=
fixStrategy=classScope
allowCoverageFail=false
targetClassName=/home/rtx/repair/d4j/Jsoup/3b/bugfiles.txt
javaRuntime=java.lang.Runtime@6576fe71
classTestFolder=
modelPath=OVERALLModel.txt
sanity=yes
positivePathWeight=0.65
jacocoPath=/home/rtx/eclipse-workspace/genprog4java/lib/jacocoagent.jar
negativeTests=/home/rtx/repair/d4j/Jsoup/3b/neg.tests
pathToFileHumanInjectedFaultLoc=fileHumanInjectedFaultLoc.txt
outputDir=/home/rtx/repair/d4j/Jsoup/3b/genprog4java/variantSeed6/
testClassPath=/home/rtx/repair/defects4j/framework/projects/Jsoup/lib/junit/junit/4.5/junit-4.5.jar\:/home/rtx/repair/defects4j/framework/projects/Jsoup/lib/commons-lang/commons-lang/2.4/commons-lang-2.4.jar\:/home/rtx/repair/d4j/Jsoup/3b/target/classes\:/home/rtx/repair/d4j/Jsoup/3b/target/test-classes\:/home/rtx/repair/defects4j/framework/projects/lib/junit-4.11.jar\:/home/rtx/repair/defects4j/framework/projects/Jsoup/lib/com/google/code/gson/gson/2.7/gson-2.7.jar\:/home/rtx/repair/defects4j/framework/projects/Jsoup/lib/javax/servlet/javax.servlet-api/3.1.0/javax.servlet-api-3.1.0.jar\:/home/rtx/repair/defects4j/framework/projects/Jsoup/lib/junit/junit/4.12/junit-4.12.jar\:/home/rtx/repair/defects4j/framework/projects/Jsoup/lib/lib/com/google/code/gson/gson/2.7/gson-2.7.jar\:/home/rtx/repair/defects4j/framework/projects/Jsoup/lib/lib/commons-lang/commons-lang/2.4/commons-lang-2.4.jar\:/home/rtx/repair/defects4j/framework/projects/Jsoup/lib/lib/javax/servlet/javax.servlet-api/3.1.0/javax.servlet-api-3.1.0.jar\:/home/rtx/repair/defects4j/framework/projects/Jsoup/lib/lib/junit/junit/4.12/junit-4.12.jar\:/home/rtx/repair/defects4j/framework/projects/Jsoup/lib/lib/junit/junit/4.5/junit-4.5.jar\:/home/rtx/repair/defects4j/framework/projects/Jsoup/lib/lib/org/eclipse/jetty/jetty-http/9.2.22.v20170606/jetty-http-9.2.22.v20170606.jar\:/home/rtx/repair/defects4j/framework/projects/Jsoup/lib/lib/org/eclipse/jetty/jetty-http/9.2.26.v20180806/jetty-http-9.2.26.v20180806.jar\:/home/rtx/repair/defects4j/framework/projects/Jsoup/lib/lib/org/eclipse/jetty/jetty-http/9.2.28.v20190418/jetty-http-9.2.28.v20190418.jar\:/home/rtx/repair/defects4j/framework/projects/Jsoup/lib/lib/org/eclipse/jetty/jetty-io/9.2.22.v20170606/jetty-io-9.2.22.v20170606.jar\:/home/rtx/repair/defects4j/framework/projects/Jsoup/lib/lib/org/eclipse/jetty/jetty-io/9.2.26.v20180806/jetty-io-9.2.26.v20180806.jar\:/home/rtx/repair/defects4j/framework/projects/Jsoup/lib/lib/org/eclipse/jetty/jetty-io/9.2.28.v20190418/jetty-io-9.2.28.v20190418.jar\:/home/rtx/repair/defects4j/framework/projects/Jsoup/lib/lib/org/eclipse/jetty/jetty-security/9.2.22.v20170606/jetty-security-9.2.22.v20170606.jar\:/home/rtx/repair/defects4j/framework/projects/Jsoup/lib/lib/org/eclipse/jetty/jetty-security/9.2.26.v20180806/jetty-security-9.2.26.v20180806.jar\:/home/rtx/repair/defects4j/framework/projects/Jsoup/lib/lib/org/eclipse/jetty/jetty-security/9.2.28.v20190418/jetty-security-9.2.28.v20190418.jar\:/home/rtx/repair/defects4j/framework/projects/Jsoup/lib/lib/org/eclipse/jetty/jetty-server/9.2.22.v20170606/jetty-server-9.2.22.v20170606.jar\:/home/rtx/repair/defects4j/framework/projects/Jsoup/lib/lib/org/eclipse/jetty/jetty-server/9.2.26.v20180806/jetty-server-9.2.26.v20180806.jar\:/home/rtx/repair/defects4j/framework/projects/Jsoup/lib/lib/org/eclipse/jetty/jetty-server/9.2.28.v20190418/jetty-server-9.2.28.v20190418.jar\:/home/rtx/repair/defects4j/framework/projects/Jsoup/lib/lib/org/eclipse/jetty/jetty-servlet/9.2.22.v20170606/jetty-servlet-9.2.22.v20170606.jar\:/home/rtx/repair/defects4j/framework/projects/Jsoup/lib/lib/org/eclipse/jetty/jetty-servlet/9.2.26.v20180806/jetty-servlet-9.2.26.v20180806.jar\:/home/rtx/repair/defects4j/framework/projects/Jsoup/lib/lib/org/eclipse/jetty/jetty-servlet/9.2.28.v20190418/jetty-servlet-9.2.28.v20190418.jar\:/home/rtx/repair/defects4j/framework/projects/Jsoup/lib/lib/org/eclipse/jetty/jetty-util/9.2.22.v20170606/jetty-util-9.2.22.v20170606.jar\:/home/rtx/repair/defects4j/framework/projects/Jsoup/lib/lib/org/eclipse/jetty/jetty-util/9.2.26.v20180806/jetty-util-9.2.26.v20180806.jar\:/home/rtx/repair/defects4j/framework/projects/Jsoup/lib/lib/org/eclipse/jetty/jetty-util/9.2.28.v20190418/jetty-util-9.2.28.v20190418.jar\:/home/rtx/repair/defects4j/framework/projects/Jsoup/lib/lib/org/hamcrest/hamcrest-core/1.3/hamcrest-core-1.3.jar\:/home/rtx/repair/defects4j/framework/projects/Jsoup/lib/org/eclipse/jetty/jetty-http/9.2.22.v20170606/jetty-http-9.2.22.v20170606.jar\:/home/rtx/repair/defects4j/framework/projects/Jsoup/lib/org/eclipse/jetty/jetty-http/9.2.26.v20180806/jetty-http-9.2.26.v20180806.jar\:/home/rtx/repair/defects4j/framework/projects/Jsoup/lib/org/eclipse/jetty/jetty-http/9.2.28.v20190418/jetty-http-9.2.28.v20190418.jar\:/home/rtx/repair/defects4j/framework/projects/Jsoup/lib/org/eclipse/jetty/jetty-io/9.2.22.v20170606/jetty-io-9.2.22.v20170606.jar\:/home/rtx/repair/defects4j/framework/projects/Jsoup/lib/org/eclipse/jetty/jetty-io/9.2.26.v20180806/jetty-io-9.2.26.v20180806.jar\:/home/rtx/repair/defects4j/framework/projects/Jsoup/lib/org/eclipse/jetty/jetty-io/9.2.28.v20190418/jetty-io-9.2.28.v20190418.jar\:/home/rtx/repair/defects4j/framework/projects/Jsoup/lib/org/eclipse/jetty/jetty-security/9.2.22.v20170606/jetty-security-9.2.22.v20170606.jar\:/home/rtx/repair/defects4j/framework/projects/Jsoup/lib/org/eclipse/jetty/jetty-security/9.2.26.v20180806/jetty-security-9.2.26.v20180806.jar\:/home/rtx/repair/defects4j/framework/projects/Jsoup/lib/org/eclipse/jetty/jetty-security/9.2.28.v20190418/jetty-security-9.2.28.v20190418.jar\:/home/rtx/repair/defects4j/framework/projects/Jsoup/lib/org/eclipse/jetty/jetty-server/9.2.22.v20170606/jetty-server-9.2.22.v20170606.jar\:/home/rtx/repair/defects4j/framework/projects/Jsoup/lib/org/eclipse/jetty/jetty-server/9.2.26.v20180806/jetty-server-9.2.26.v20180806.jar\:/home/rtx/repair/defects4j/framework/projects/Jsoup/lib/org/eclipse/jetty/jetty-server/9.2.28.v20190418/jetty-server-9.2.28.v20190418.jar\:/home/rtx/repair/defects4j/framework/projects/Jsoup/lib/org/eclipse/jetty/jetty-servlet/9.2.22.v20170606/jetty-servlet-9.2.22.v20170606.jar\:/home/rtx/repair/defects4j/framework/projects/Jsoup/lib/org/eclipse/jetty/jetty-servlet/9.2.26.v20180806/jetty-servlet-9.2.26.v20180806.jar\:/home/rtx/repair/defects4j/framework/projects/Jsoup/lib/org/eclipse/jetty/jetty-servlet/9.2.28.v20190418/jetty-servlet-9.2.28.v20190418.jar\:/home/rtx/repair/defects4j/framework/projects/Jsoup/lib/org/eclipse/jetty/jetty-util/9.2.22.v20170606/jetty-util-9.2.22.v20170606.jar\:/home/rtx/repair/defects4j/framework/projects/Jsoup/lib/org/eclipse/jetty/jetty-util/9.2.26.v20180806/jetty-util-9.2.26.v20180806.jar\:/home/rtx/repair/defects4j/framework/projects/Jsoup/lib/org/eclipse/jetty/jetty-util/9.2.28.v20190418/jetty-util-9.2.28.v20190418.jar\:/home/rtx/repair/defects4j/framework/projects/Jsoup/lib/org/hamcrest/hamcrest-core/1.3/hamcrest-core-1.3.jar
faultStrategy=classScope
sourceDir=src/main/java
checkSpace=false
search=gp
globalExtension=.java
faultSpaceSubSet=1/5
maxVariants=50
libs=/home/rtx/eclipse-workspace/genprog4java/lib/junittestrunner.jar\:/home/rtx/eclipse-workspace/genprog4java/lib/commons-cli-20040117.000000.jar\:/home/rtx/eclipse-workspace/genprog4java/lib/junit-4.12.jar\:/home/rtx/eclipse-workspace/genprog4java/lib/hamcrest-core-1.3.jar\:/home/rtx/eclipse-workspace/genprog4java/lib/log4j-1.2.17.jar\:/home/rtx/repair/defects4j/framework/projects/Jsoup/lib/junit/junit/4.5/junit-4.5.jar\:/home/rtx/repair/defects4j/framework/projects/Jsoup/lib/commons-lang/commons-lang/2.4/commons-lang-2.4.jar\:/home/rtx/repair/d4j/Jsoup/3b/target/classes\:/home/rtx/repair/d4j/Jsoup/3b/target/test-classes\:/home/rtx/repair/defects4j/framework/projects/lib/junit-4.11.jar\:/home/rtx/repair/defects4j/framework/projects/Jsoup/lib/com/google/code/gson/gson/2.7/gson-2.7.jar\:/home/rtx/repair/defects4j/framework/projects/Jsoup/lib/javax/servlet/javax.servlet-api/3.1.0/javax.servlet-api-3.1.0.jar\:/home/rtx/repair/defects4j/framework/projects/Jsoup/lib/junit/junit/4.12/junit-4.12.jar\:/home/rtx/repair/defects4j/framework/projects/Jsoup/lib/lib/com/google/code/gson/gson/2.7/gson-2.7.jar\:/home/rtx/repair/defects4j/framework/projects/Jsoup/lib/lib/commons-lang/commons-lang/2.4/commons-lang-2.4.jar\:/home/rtx/repair/defects4j/framework/projects/Jsoup/lib/lib/javax/servlet/javax.servlet-api/3.1.0/javax.servlet-api-3.1.0.jar\:/home/rtx/repair/defects4j/framework/projects/Jsoup/lib/lib/junit/junit/4.12/junit-4.12.jar\:/home/rtx/repair/defects4j/framework/projects/Jsoup/lib/lib/junit/junit/4.5/junit-4.5.jar\:/home/rtx/repair/defects4j/framework/projects/Jsoup/lib/lib/org/eclipse/jetty/jetty-http/9.2.22.v20170606/jetty-http-9.2.22.v20170606.jar\:/home/rtx/repair/defects4j/framework/projects/Jsoup/lib/lib/org/eclipse/jetty/jetty-http/9.2.26.v20180806/jetty-http-9.2.26.v20180806.jar\:/home/rtx/repair/defects4j/framework/projects/Jsoup/lib/lib/org/eclipse/jetty/jetty-http/9.2.28.v20190418/jetty-http-9.2.28.v20190418.jar\:/home/rtx/repair/defects4j/framework/projects/Jsoup/lib/lib/org/eclipse/jetty/jetty-io/9.2.22.v20170606/jetty-io-9.2.22.v20170606.jar\:/home/rtx/repair/defects4j/framework/projects/Jsoup/lib/lib/org/eclipse/jetty/jetty-io/9.2.26.v20180806/jetty-io-9.2.26.v20180806.jar\:/home/rtx/repair/defects4j/framework/projects/Jsoup/lib/lib/org/eclipse/jetty/jetty-io/9.2.28.v20190418/jetty-io-9.2.28.v20190418.jar\:/home/rtx/repair/defects4j/framework/projects/Jsoup/lib/lib/org/eclipse/jetty/jetty-security/9.2.22.v20170606/jetty-security-9.2.22.v20170606.jar\:/home/rtx/repair/defects4j/framework/projects/Jsoup/lib/lib/org/eclipse/jetty/jetty-security/9.2.26.v20180806/jetty-security-9.2.26.v20180806.jar\:/home/rtx/repair/defects4j/framework/projects/Jsoup/lib/lib/org/eclipse/jetty/jetty-security/9.2.28.v20190418/jetty-security-9.2.28.v20190418.jar\:/home/rtx/repair/defects4j/framework/projects/Jsoup/lib/lib/org/eclipse/jetty/jetty-server/9.2.22.v20170606/jetty-server-9.2.22.v20170606.jar\:/home/rtx/repair/defects4j/framework/projects/Jsoup/lib/lib/org/eclipse/jetty/jetty-server/9.2.26.v20180806/jetty-server-9.2.26.v20180806.jar\:/home/rtx/repair/defects4j/framework/projects/Jsoup/lib/lib/org/eclipse/jetty/jetty-server/9.2.28.v20190418/jetty-server-9.2.28.v20190418.jar\:/home/rtx/repair/defects4j/framework/projects/Jsoup/lib/lib/org/eclipse/jetty/jetty-servlet/9.2.22.v20170606/jetty-servlet-9.2.22.v20170606.jar\:/home/rtx/repair/defects4j/framework/projects/Jsoup/lib/lib/org/eclipse/jetty/jetty-servlet/9.2.26.v20180806/jetty-servlet-9.2.26.v20180806.jar\:/home/rtx/repair/defects4j/framework/projects/Jsoup/lib/lib/org/eclipse/jetty/jetty-servlet/9.2.28.v20190418/jetty-servlet-9.2.28.v20190418.jar\:/home/rtx/repair/defects4j/framework/projects/Jsoup/lib/lib/org/eclipse/jetty/jetty-util/9.2.22.v20170606/jetty-util-9.2.22.v20170606.jar\:/home/rtx/repair/defects4j/framework/projects/Jsoup/lib/lib/org/eclipse/jetty/jetty-util/9.2.26.v20180806/jetty-util-9.2.26.v20180806.jar\:/home/rtx/repair/defects4j/framework/projects/Jsoup/lib/lib/org/eclipse/jetty/jetty-util/9.2.28.v20190418/jetty-util-9.2.28.v20190418.jar\:/home/rtx/repair/defects4j/framework/projects/Jsoup/lib/lib/org/hamcrest/hamcrest-core/1.3/hamcrest-core-1.3.jar\:/home/rtx/repair/defects4j/framework/projects/Jsoup/lib/org/eclipse/jetty/jetty-http/9.2.22.v20170606/jetty-http-9.2.22.v20170606.jar\:/home/rtx/repair/defects4j/framework/projects/Jsoup/lib/org/eclipse/jetty/jetty-http/9.2.26.v20180806/jetty-http-9.2.26.v20180806.jar\:/home/rtx/repair/defects4j/framework/projects/Jsoup/lib/org/eclipse/jetty/jetty-http/9.2.28.v20190418/jetty-http-9.2.28.v20190418.jar\:/home/rtx/repair/defects4j/framework/projects/Jsoup/lib/org/eclipse/jetty/jetty-io/9.2.22.v20170606/jetty-io-9.2.22.v20170606.jar\:/home/rtx/repair/defects4j/framework/projects/Jsoup/lib/org/eclipse/jetty/jetty-io/9.2.26.v20180806/jetty-io-9.2.26.v20180806.jar\:/home/rtx/repair/defects4j/framework/projects/Jsoup/lib/org/eclipse/jetty/jetty-io/9.2.28.v20190418/jetty-io-9.2.28.v20190418.jar\:/home/rtx/repair/defects4j/framework/projects/Jsoup/lib/org/eclipse/jetty/jetty-security/9.2.22.v20170606/jetty-security-9.2.22.v20170606.jar\:/home/rtx/repair/defects4j/framework/projects/Jsoup/lib/org/eclipse/jetty/jetty-security/9.2.26.v20180806/jetty-security-9.2.26.v20180806.jar\:/home/rtx/repair/defects4j/framework/projects/Jsoup/lib/org/eclipse/jetty/jetty-security/9.2.28.v20190418/jetty-security-9.2.28.v20190418.jar\:/home/rtx/repair/defects4j/framework/projects/Jsoup/lib/org/eclipse/jetty/jetty-server/9.2.22.v20170606/jetty-server-9.2.22.v20170606.jar\:/home/rtx/repair/defects4j/framework/projects/Jsoup/lib/org/eclipse/jetty/jetty-server/9.2.26.v20180806/jetty-server-9.2.26.v20180806.jar\:/home/rtx/repair/defects4j/framework/projects/Jsoup/lib/org/eclipse/jetty/jetty-server/9.2.28.v20190418/jetty-server-9.2.28.v20190418.jar\:/home/rtx/repair/defects4j/framework/projects/Jsoup/lib/org/eclipse/jetty/jetty-servlet/9.2.22.v20170606/jetty-servlet-9.2.22.v20170606.jar\:/home/rtx/repair/defects4j/framework/projects/Jsoup/lib/org/eclipse/jetty/jetty-servlet/9.2.26.v20180806/jetty-servlet-9.2.26.v20180806.jar\:/home/rtx/repair/defects4j/framework/projects/Jsoup/lib/org/eclipse/jetty/jetty-servlet/9.2.28.v20190418/jetty-servlet-9.2.28.v20190418.jar\:/home/rtx/repair/defects4j/framework/projects/Jsoup/lib/org/eclipse/jetty/jetty-util/9.2.22.v20170606/jetty-util-9.2.22.v20170606.jar\:/home/rtx/repair/defects4j/framework/projects/Jsoup/lib/org/eclipse/jetty/jetty-util/9.2.26.v20180806/jetty-util-9.2.26.v20180806.jar\:/home/rtx/repair/defects4j/framework/projects/Jsoup/lib/org/eclipse/jetty/jetty-util/9.2.28.v20190418/jetty-util-9.2.28.v20190418.jar\:/home/rtx/repair/defects4j/framework/projects/Jsoup/lib/org/hamcrest/hamcrest-core/1.3/hamcrest-core-1.3.jar\:/home/rtx/repair/d4j/Jsoup/3b/target/classes\:/home/rtx/repair/defects4j/framework/projects/Jsoup/lib/commons-lang/commons-lang/2.4/commons-lang-2.4.jar
crossover=onepoint
77 [main] INFO clegoues.genprog4java.main.Main  - Configuration file loaded
Deserialized fitnessCache HashMap
3391 [main] INFO clegoues.genprog4java.rep.CachingRepresentation  - loaded from source clegoues.genprog4java.java.ClassInfo@7ab3a5fd
6794 [main] INFO clegoues.genprog4java.rep.CachingRepresentation  - loaded from source clegoues.genprog4java.java.ClassInfo@c9216760
8027 [main] INFO clegoues.genprog4java.rep.CachingRepresentation  - loaded from source clegoues.genprog4java.java.ClassInfo@3b12869b
8027 [main] INFO clegoues.genprog4java.rep.CachingRepresentation  - sanity checking begins
8687 [main] INFO clegoues.genprog4java.rep.CachingRepresentation  - Checking test number 1 out of 10
9140 [main] INFO clegoues.genprog4java.rep.CachingRepresentation  - true (1)

9140 [main] INFO clegoues.genprog4java.rep.CachingRepresentation  - Checking test number 2 out of 10
9291 [main] INFO clegoues.genprog4java.rep.CachingRepresentation  - true (1)

9291 [main] INFO clegoues.genprog4java.rep.CachingRepresentation  - Checking test number 3 out of 10
9447 [main] INFO clegoues.genprog4java.rep.CachingRepresentation  - true (1)

9447 [main] INFO clegoues.genprog4java.rep.CachingRepresentation  - Checking test number 4 out of 10
9609 [main] INFO clegoues.genprog4java.rep.CachingRepresentation  - true (1)

9609 [main] INFO clegoues.genprog4java.rep.CachingRepresentation  - Checking test number 5 out of 10
9760 [main] INFO clegoues.genprog4java.rep.CachingRepresentation  - true (1)

9761 [main] INFO clegoues.genprog4java.rep.CachingRepresentation  - Checking test number 6 out of 10
9910 [main] INFO clegoues.genprog4java.rep.CachingRepresentation  - true (1)

9910 [main] INFO clegoues.genprog4java.rep.CachingRepresentation  - Checking test number 7 out of 10
10063 [main] INFO clegoues.genprog4java.rep.CachingRepresentation  - true (1)

10063 [main] INFO clegoues.genprog4java.rep.CachingRepresentation  - Checking test number 8 out of 10
10238 [main] INFO clegoues.genprog4java.rep.CachingRepresentation  - true (1)

10238 [main] INFO clegoues.genprog4java.rep.CachingRepresentation  - Checking test number 9 out of 10
10404 [main] INFO clegoues.genprog4java.rep.CachingRepresentation  - true (1)

10404 [main] INFO clegoues.genprog4java.rep.CachingRepresentation  - Checking test number 10 out of 10
10592 [main] INFO clegoues.genprog4java.rep.CachingRepresentation  - true (1)

10593 [main] INFO clegoues.genprog4java.rep.CachingRepresentation  - 	n1: 
10776 [main] INFO clegoues.genprog4java.rep.CachingRepresentation  - false (0)

10776 [main] INFO clegoues.genprog4java.rep.CachingRepresentation  - 	n2: 
10963 [main] INFO clegoues.genprog4java.rep.CachingRepresentation  - false (0)

10963 [main] INFO clegoues.genprog4java.rep.CachingRepresentation  - 	n3: 
11144 [main] INFO clegoues.genprog4java.rep.CachingRepresentation  - false (0)

11145 [main] INFO clegoues.genprog4java.rep.CachingRepresentation  - sanity checking completed (time taken = 3118)
11145 [main] INFO clegoues.genprog4java.localization.DefaultLocalization  - Start Fault Localization
11184 [main] INFO clegoues.genprog4java.localization.DefaultLocalization  - Finish Fault Localization
11185 [main] INFO clegoues.genprog4java.Search.Search  - search: genetic algorithm begins

11763 [main] INFO clegoues.genprog4java.fitness.Fitness  - 	 gen: 0 1.0 original (stored at: variant0)
12587 [main] INFO clegoues.genprog4java.fitness.Fitness  - 	 gen: 0 1.0 StmtDelete(548) (stored at: variant1)
12942 [main] INFO clegoues.genprog4java.fitness.Fitness  - 	 gen: 0 1.0 StmtDelete(78) (stored at: variant2)
13612 [main] INFO clegoues.genprog4java.fitness.Fitness  - 	 gen: 0 1.0 StmtReplace(418,44) (stored at: variant3)
14375 [main] INFO clegoues.genprog4java.fitness.Fitness  - 	 gen: 0 1.0 StmtDelete(682) (stored at: variant4)
15192 [main] INFO clegoues.genprog4java.fitness.Fitness  - 	 gen: 0 0.0 StmtReplace(350,352) (stored at: variant5)
15265 [main] ERROR clegoues.genprog4java.rep.JavaRepresentation  - org/jsoup/parser/Parser.java:205: error: unreachable statement
			parseTextNode();
			^
org/jsoup/parser/Parser.java:207: error: missing return statement
    }
    ^
2 errors

15265 [main] INFO clegoues.genprog4java.rep.CachingRepresentation  - StmtAppend(440,355) at variant6 fails to compile

15265 [main] INFO clegoues.genprog4java.fitness.Fitness  - 	 gen: 0 0.0 StmtAppend(440,355) (stored at: variant6)
16001 [main] INFO clegoues.genprog4java.fitness.Fitness  - 	 gen: 0 1.0 StmtDelete(274) (stored at: variant7)
16079 [main] ERROR clegoues.genprog4java.rep.JavaRepresentation  - org/jsoup/nodes/Element.java:292: error: cannot find symbol
				Tag tag = Tag.valueOf(tagName);
				                      ^
  symbol:   variable tagName
  location: class Element
org/jsoup/nodes/Element.java:294: error: cannot find symbol
            node.parentNode = null;
            ^
  symbol:   variable node
  location: class Element
org/jsoup/nodes/Element.java:295: error: cannot find symbol
            prependChild(node);
                         ^
  symbol:   variable node
  location: class Element
3 errors

16079 [main] INFO clegoues.genprog4java.rep.CachingRepresentation  - StmtAppend(83,393) at variant8 fails to compile

16079 [main] INFO clegoues.genprog4java.fitness.Fitness  - 	 gen: 0 0.0 StmtAppend(83,393) (stored at: variant8)
16828 [main] INFO clegoues.genprog4java.fitness.Fitness  - 	 gen: 0 1.0 StmtDelete(505) (stored at: variant9)
16892 [main] ERROR clegoues.genprog4java.rep.JavaRepresentation  - org/jsoup/nodes/Element.java:423: error: cannot find symbol
			parent.appendChild(child);
			                   ^
  symbol:   variable child
  location: class Element
org/jsoup/nodes/Element.java:423: error: cannot find symbol
			parent.appendChild(child);
			^
  symbol:   variable parent
  location: class Element
2 errors

16892 [main] INFO clegoues.genprog4java.rep.CachingRepresentation  - StmtAppend(140,471) at variant10 fails to compile

16892 [main] INFO clegoues.genprog4java.fitness.Fitness  - 	 gen: 0 0.0 StmtAppend(140,471) (stored at: variant10)
17536 [main] INFO clegoues.genprog4java.fitness.Fitness  - 	 gen: 0 1.0 StmtDelete(208) (stored at: variant11)
17588 [main] ERROR clegoues.genprog4java.rep.JavaRepresentation  - org/jsoup/nodes/Element.java:379: error: cannot find symbol
			Validate.notNull(child);
			                 ^
  symbol:   variable child
  location: class Element
org/jsoup/nodes/Element.java:380: error: cannot find symbol
			child.setParentNode(this);
			^
  symbol:   variable child
  location: class Element
org/jsoup/nodes/Element.java:381: error: cannot find symbol
			childNodes.add(child);
			               ^
  symbol:   variable child
  location: class Element
3 errors

17588 [main] INFO clegoues.genprog4java.rep.CachingRepresentation  - StmtReplace(127,43) at variant12 fails to compile

17588 [main] INFO clegoues.genprog4java.fitness.Fitness  - 	 gen: 0 0.0 StmtReplace(127,43) (stored at: variant12)
17640 [main] ERROR clegoues.genprog4java.rep.JavaRepresentation  - org/jsoup/parser/Tag.java:258: error: non-static variable canContainBlock cannot be referenced from a static context
			canContainBlock = false;
			^
1 error

17640 [main] INFO clegoues.genprog4java.rep.CachingRepresentation  - StmtAppend(646,705) at variant13 fails to compile

17641 [main] INFO clegoues.genprog4java.fitness.Fitness  - 	 gen: 0 0.0 StmtAppend(646,705) (stored at: variant13)
17689 [main] ERROR clegoues.genprog4java.rep.JavaRepresentation  - org/jsoup/parser/Parser.java:199: error: missing return statement
    }
    ^
1 error

17689 [main] INFO clegoues.genprog4java.rep.CachingRepresentation  - StmtReplace(440,319) at variant14 fails to compile

17690 [main] INFO clegoues.genprog4java.fitness.Fitness  - 	 gen: 0 0.0 StmtReplace(440,319) (stored at: variant14)
17747 [main] ERROR clegoues.genprog4java.rep.JavaRepresentation  - org/jsoup/nodes/Element.java:361: error: cannot find symbol
			return tagName;
			       ^
  symbol:   variable tagName
  location: class Element
org/jsoup/nodes/Element.java:363: error: cannot find symbol
        Integer index = indexInList(this, siblings);
                                          ^
  symbol:   variable siblings
  location: class Element
org/jsoup/nodes/Element.java:365: error: cannot find symbol
        if (siblings.size() > index+1)
            ^
  symbol:   variable siblings
  location: class Element
org/jsoup/nodes/Element.java:366: error: cannot find symbol
            return siblings.get(index+1);
                   ^
  symbol:   variable siblings
  location: class Element
4 errors

17748 [main] INFO clegoues.genprog4java.rep.CachingRepresentation  - StmtReplace(116,607) at variant15 fails to compile

17748 [main] INFO clegoues.genprog4java.fitness.Fitness  - 	 gen: 0 0.0 StmtReplace(116,607) (stored at: variant15)
17802 [main] ERROR clegoues.genprog4java.rep.JavaRepresentation  - org/jsoup/parser/Parser.java:108: error: cannot find symbol
        if (data.endsWith("-")) // i.e. was -->
            ^
  symbol:   variable data
  location: class Parser
org/jsoup/parser/Parser.java:109: error: cannot find symbol
            data = data.substring(0, data.length()-1);
            ^
  symbol:   variable data
  location: class Parser
org/jsoup/parser/Parser.java:109: error: cannot find symbol
            data = data.substring(0, data.length()-1);
                                     ^
  symbol:   variable data
  location: class Parser
org/jsoup/parser/Parser.java:109: error: cannot find symbol
            data = data.substring(0, data.length()-1);
                   ^
  symbol:   variable data
  location: class Parser
org/jsoup/parser/Parser.java:110: error: cannot find symbol
        Comment comment = new Comment(data, baseUri);
                                      ^
  symbol:   variable data
  location: class Parser
5 errors

17802 [main] INFO clegoues.genprog4java.rep.CachingRepresentation  - StmtAppend(359,345) at variant16 fails to compile

17802 [main] INFO clegoues.genprog4java.fitness.Fitness  - 	 gen: 0 0.0 StmtAppend(359,345) (stored at: variant16)
17871 [main] ERROR clegoues.genprog4java.rep.JavaRepresentation  - org/jsoup/nodes/Element.java:440: error: cannot find symbol
        if (parent != null && !parent.tagName().equals("#root")) {
            ^
  symbol:   variable parent
  location: class Element
org/jsoup/nodes/Element.java:440: error: cannot find symbol
        if (parent != null && !parent.tagName().equals("#root")) {
                               ^
  symbol:   variable parent
  location: class Element
org/jsoup/nodes/Element.java:441: error: cannot find symbol
			parents.add(parent);
			            ^
  symbol:   variable parent
  location: class Element
org/jsoup/nodes/Element.java:441: error: cannot find symbol
			parents.add(parent);
			^
  symbol:   variable parents
  location: class Element
org/jsoup/nodes/Element.java:442: error: cannot find symbol
			accumulateParents(parent, parents);
			                  ^
  symbol:   variable parent
  location: class Element
org/jsoup/nodes/Element.java:442: error: cannot find symbol
			accumulateParents(parent, parents);
			                          ^
  symbol:   variable parents
  location: class Element
6 errors

17871 [main] INFO clegoues.genprog4java.rep.CachingRepresentation  - StmtReplace(146,28) at variant17 fails to compile

17871 [main] INFO clegoues.genprog4java.fitness.Fitness  - 	 gen: 0 0.0 StmtReplace(146,28) (stored at: variant17)
17966 [main] ERROR clegoues.genprog4java.rep.JavaRepresentation  - org/jsoup/nodes/Element.java:320: error: isBlock has private access in Tag
        tag.isBlock = false;
           ^
org/jsoup/nodes/Element.java:322: error: cannot find symbol
        deepest.addChild(this);
        ^
  symbol:   variable deepest
  location: class Element
2 errors

17966 [main] INFO clegoues.genprog4java.rep.CachingRepresentation  - StmtReplace(97,534) at variant18 fails to compile

17966 [main] INFO clegoues.genprog4java.fitness.Fitness  - 	 gen: 0 0.0 StmtReplace(97,534) (stored at: variant18)
18011 [main] ERROR clegoues.genprog4java.rep.JavaRepresentation  - org/jsoup/parser/Parser.java:241: error: cannot find symbol
            return root;
                   ^
  symbol:   variable root
  location: class Parser
1 error

18011 [main] INFO clegoues.genprog4java.rep.CachingRepresentation  - StmtAppend(467,538) at variant19 fails to compile

18012 [main] INFO clegoues.genprog4java.fitness.Fitness  - 	 gen: 0 0.0 StmtAppend(467,538) (stored at: variant19)
18693 [main] INFO clegoues.genprog4java.fitness.Fitness  - 	 gen: 0 1.0 StmtAppend(613,660) (stored at: variant20)
19365 [main] INFO clegoues.genprog4java.fitness.Fitness  - 	 gen: 0 1.0 StmtReplace(658,647) (stored at: variant21)
19415 [main] ERROR clegoues.genprog4java.rep.JavaRepresentation  - org/jsoup/nodes/Element.java:289: error: canContainBlock has private access in Tag
        tag.canContainBlock = true;
           ^
1 error

19415 [main] INFO clegoues.genprog4java.rep.CachingRepresentation  - StmtReplace(81,535) at variant22 fails to compile

19416 [main] INFO clegoues.genprog4java.fitness.Fitness  - 	 gen: 0 0.0 StmtReplace(81,535) (stored at: variant22)
20071 [main] INFO clegoues.genprog4java.fitness.Fitness  - 	 gen: 0 1.0 StmtDelete(189) (stored at: variant23)
20109 [main] ERROR clegoues.genprog4java.rep.JavaRepresentation  - org/jsoup/parser/Parser.java:233: error: variable head is already defined in method addChildToParent(Element,boolean)
						Element head = new Element(headTag, baseUri);
						        ^
org/jsoup/parser/Parser.java:237: error: cannot find symbol
                implicit.appendChild(head);
                                     ^
  symbol:   variable head
  location: class Parser
2 errors

20109 [main] INFO clegoues.genprog4java.rep.CachingRepresentation  - StmtAppend(464,463) at variant24 fails to compile

20109 [main] INFO clegoues.genprog4java.fitness.Fitness  - 	 gen: 0 0.0 StmtAppend(464,463) (stored at: variant24)
308178 [main] INFO clegoues.genprog4java.fitness.Fitness  - 	 gen: 0 0.0 StmtDelete(348) (stored at: variant25)
308804 [main] INFO clegoues.genprog4java.fitness.Fitness  - 	 gen: 0 1.0 StmtDelete(730) (stored at: variant26)
309421 [main] INFO clegoues.genprog4java.fitness.Fitness  - 	 gen: 0 1.0 StmtAppend(612,635) (stored at: variant27)
309455 [main] ERROR clegoues.genprog4java.rep.JavaRepresentation  - org/jsoup/parser/Parser.java:53: error: cannot find symbol
        return parser.parse();
               ^
  symbol:   variable parser
  location: class Parser
1 error

309455 [main] INFO clegoues.genprog4java.rep.CachingRepresentation  - StmtDelete(331) at variant28 fails to compile

309455 [main] INFO clegoues.genprog4java.fitness.Fitness  - 	 gen: 0 0.0 StmtDelete(331) (stored at: variant28)
309511 [main] ERROR clegoues.genprog4java.rep.JavaRepresentation  - org/jsoup/nodes/Element.java:180: error: missing return statement
	}
	^
1 error

309511 [main] INFO clegoues.genprog4java.rep.CachingRepresentation  - StmtDelete(41) at variant29 fails to compile

309511 [main] INFO clegoues.genprog4java.fitness.Fitness  - 	 gen: 0 0.0 StmtDelete(41) (stored at: variant29)
310097 [main] INFO clegoues.genprog4java.fitness.Fitness  - 	 gen: 0 1.0 StmtReplace(709,678) (stored at: variant30)
310665 [main] INFO clegoues.genprog4java.fitness.Fitness  - 	 gen: 0 1.0 StmtReplace(547,667) (stored at: variant31)
310699 [main] ERROR clegoues.genprog4java.rep.JavaRepresentation  - org/jsoup/nodes/Element.java:792: error: cannot find symbol
				TextNode textNode = (TextNode) child;
				                               ^
  symbol:   variable child
  location: class Element
1 error

310699 [main] INFO clegoues.genprog4java.rep.CachingRepresentation  - StmtAppend(280,182) at variant32 fails to compile

310699 [main] INFO clegoues.genprog4java.fitness.Fitness  - 	 gen: 0 0.0 StmtAppend(280,182) (stored at: variant32)
310729 [main] ERROR clegoues.genprog4java.rep.JavaRepresentation  - org/jsoup/parser/Parser.java:40: error: variable doc might not have been initialized
            stack.add(doc);
                      ^
1 error

310729 [main] INFO clegoues.genprog4java.rep.CachingRepresentation  - StmtReplace(328,344) at variant33 fails to compile

310729 [main] INFO clegoues.genprog4java.fitness.Fitness  - 	 gen: 0 0.0 StmtReplace(328,344) (stored at: variant33)
311339 [main] INFO clegoues.genprog4java.fitness.Fitness  - 	 gen: 0 0.0 StmtReplace(477,339) (stored at: variant34)
311929 [main] INFO clegoues.genprog4java.fitness.Fitness  - 	 gen: 0 0.0 StmtDelete(392) (stored at: variant35)
311956 [main] ERROR clegoues.genprog4java.rep.JavaRepresentation  - org/jsoup/parser/Parser.java:144: error: cannot find symbol
                attributes.put(attribute);
                ^
  symbol:   variable attributes
  location: class Parser
org/jsoup/parser/Parser.java:148: error: cannot find symbol
        Element child = new Element(tag, baseUri, attributes);
                                                  ^
  symbol:   variable attributes
  location: class Parser
2 errors

311956 [main] INFO clegoues.genprog4java.rep.CachingRepresentation  - StmtReplace(387,348) at variant36 fails to compile

311956 [main] INFO clegoues.genprog4java.fitness.Fitness  - 	 gen: 0 0.0 StmtReplace(387,348) (stored at: variant36)
312521 [main] INFO clegoues.genprog4java.fitness.Fitness  - 	 gen: 0 1.0 StmtDelete(195) (stored at: variant37)
313137 [main] INFO clegoues.genprog4java.fitness.Fitness  - 	 gen: 0 0.0 StmtDelete(298) (stored at: variant38)
313683 [main] INFO clegoues.genprog4java.fitness.Fitness  - 	 gen: 0 1.0 StmtDelete(144) (stored at: variant39)
313683 [main] INFO clegoues.genprog4java.Search.Search  - search: generation1
315185 [main] INFO clegoues.genprog4java.fitness.Fitness  - 	 gen: 1 0.0 StmtDelete(505) StmtAppend(592,619) (stored at: variant40)
315752 [main] INFO clegoues.genprog4java.fitness.Fitness  - 	 gen: 1 1.0 StmtDelete(548) StmtAppend(688,649) (stored at: variant41)
316314 [main] INFO clegoues.genprog4java.fitness.Fitness  - 	 gen: 1 0.0 StmtReplace(658,647) StmtReplace(520,690) (stored at: variant42)
316349 [main] ERROR clegoues.genprog4java.rep.JavaRepresentation  - org/jsoup/parser/Parser.java:130: error: cannot find symbol
            popStackToClose(tag);
                            ^
  symbol:   variable tag
  location: class Parser
1 error

316350 [main] INFO clegoues.genprog4java.rep.CachingRepresentation  - StmtDelete(505) StmtAppend(377,364) at variant43 fails to compile

316350 [main] INFO clegoues.genprog4java.fitness.Fitness  - 	 gen: 1 0.0 StmtDelete(505) StmtAppend(377,364) (stored at: variant43)
317230 [main] INFO clegoues.genprog4java.fitness.Fitness  - 	 gen: 1 1.0 StmtReplace(709,678) StmtAppend(726,710) (stored at: variant44)
317288 [main] ERROR clegoues.genprog4java.rep.JavaRepresentation  - org/jsoup/parser/Parser.java:191: error: cannot find symbol
							if (last().tag().canContain(tag))
							                            ^
  symbol:   variable tag
  location: class Parser
org/jsoup/parser/Parser.java:192: error: incompatible types: Element cannot be converted to Attribute
								return last();
								           ^
2 errors

317288 [main] INFO clegoues.genprog4java.rep.CachingRepresentation  - StmtDelete(274) StmtAppend(432,486) at variant45 fails to compile

317288 [main] INFO clegoues.genprog4java.fitness.Fitness  - 	 gen: 1 0.0 StmtDelete(274) StmtAppend(432,486) (stored at: variant45)
317874 [main] INFO clegoues.genprog4java.fitness.Fitness  - 	 gen: 1 1.0 StmtDelete(78) StmtReplace(477,405) (stored at: variant46)
317918 [main] ERROR clegoues.genprog4java.rep.JavaRepresentation  - org/jsoup/nodes/Element.java:800: error: cannot find symbol
			this.tagName = tagName.toLowerCase();
			    ^
  symbol: variable tagName
org/jsoup/nodes/Element.java:800: error: cannot find symbol
			this.tagName = tagName.toLowerCase();
			               ^
  symbol:   variable tagName
  location: class Element
2 errors

317918 [main] INFO clegoues.genprog4java.rep.CachingRepresentation  - StmtDelete(208) StmtAppend(295,520) at variant47 fails to compile

317918 [main] INFO clegoues.genprog4java.fitness.Fitness  - 	 gen: 1 0.0 StmtDelete(208) StmtAppend(295,520) (stored at: variant47)
317930 [main] ERROR clegoues.genprog4java.rep.JavaRepresentation  - org/jsoup/nodes/Element.java:218: error: ';' expected
    public Element appendElement(String tagName) if (child instanceof TextNode) {
                                                ^
org/jsoup/nodes/Element.java:222: error: illegal start of type
	} else if (child instanceof Element) {
	  ^
org/jsoup/nodes/Element.java:222: error: ';' expected
	} else if (child instanceof Element) {
	      ^
org/jsoup/nodes/Element.java:222: error: illegal start of type
	} else if (child instanceof Element) {
	          ^
org/jsoup/nodes/Element.java:222: error: ';' expected
	} else if (child instanceof Element) {
	                ^
org/jsoup/nodes/Element.java:222: error: <identifier> expected
	} else if (child instanceof Element) {
	                                   ^
6 errors

317930 [main] INFO clegoues.genprog4java.rep.CachingRepresentation  - StmtReplace(418,44) StmtReplace(53,208) at variant48 fails to compile

317930 [main] INFO clegoues.genprog4java.fitness.Fitness  - 	 gen: 1 0.0 StmtReplace(418,44) StmtReplace(53,208) (stored at: variant48)
318499 [main] INFO clegoues.genprog4java.fitness.Fitness  - 	 gen: 1 1.0 StmtDelete(274) StmtDelete(28) (stored at: variant49)
318526 [main] ERROR clegoues.genprog4java.rep.JavaRepresentation  - org/jsoup/nodes/Element.java:360: error: cannot find symbol
		return canContainBlock;
		       ^
  symbol:   variable canContainBlock
  location: class Element
1 error

318526 [main] INFO clegoues.genprog4java.rep.CachingRepresentation  - StmtReplace(658,647) StmtReplace(115,560) at variant50 fails to compile

318526 [main] INFO clegoues.genprog4java.fitness.Fitness  - 	 gen: 1 0.0 StmtReplace(658,647) StmtReplace(115,560) (stored at: variant50)
319298 [main] INFO clegoues.genprog4java.fitness.Fitness  - 	 gen: 1 1.0 StmtAppend(644,644) (stored at: variant51)
319354 [main] ERROR clegoues.genprog4java.rep.JavaRepresentation  - org/jsoup/nodes/Element.java:669: error: cannot find symbol
				this.tagName = tagName.toLowerCase();
				    ^
  symbol: variable tagName
org/jsoup/nodes/Element.java:669: error: cannot find symbol
				this.tagName = tagName.toLowerCase();
				               ^
  symbol:   variable tagName
  location: class Element
org/jsoup/nodes/Element.java:671: error: cannot find symbol
            classNames = new LinkedHashSet<String>(Arrays.asList(names));
                                                                 ^
  symbol:   variable names
  location: class Element
3 errors

319354 [main] INFO clegoues.genprog4java.rep.CachingRepresentation  - StmtDelete(208) StmtReplace(238,519) at variant52 fails to compile

319354 [main] INFO clegoues.genprog4java.fitness.Fitness  - 	 gen: 1 0.0 StmtDelete(208) StmtReplace(238,519) (stored at: variant52)
320057 [main] INFO clegoues.genprog4java.fitness.Fitness  - 	 gen: 1 0.0 StmtDelete(195) StmtDelete(392) (stored at: variant53)
320613 [main] INFO clegoues.genprog4java.fitness.Fitness  - 	 gen: 1 1.0 StmtAppend(613,660) StmtAppend(645,678) (stored at: variant54)
321142 [main] INFO clegoues.genprog4java.fitness.Fitness  - 	 gen: 1 0.0 StmtReplace(658,647) StmtAppend(321,338) (stored at: variant55)
321689 [main] INFO clegoues.genprog4java.fitness.Fitness  - 	 gen: 1 1.0 StmtDelete(195) StmtAppend(338,507) (stored at: variant56)
322315 [main] INFO clegoues.genprog4java.fitness.Fitness  - 	 gen: 1 0.0 StmtDelete(274) StmtReplace(575,547) (stored at: variant57)
322348 [main] ERROR clegoues.genprog4java.rep.JavaRepresentation  - org/jsoup/parser/Parser.java:31: error: variable tq might not have been initialized
				if (tq.matches("<!--")) {
				    ^
1 error

322348 [main] INFO clegoues.genprog4java.rep.CachingRepresentation  - StmtAppend(318,338) at variant58 fails to compile

322348 [main] INFO clegoues.genprog4java.fitness.Fitness  - 	 gen: 1 0.0 StmtAppend(318,338) (stored at: variant58)
323137 [main] INFO clegoues.genprog4java.fitness.Fitness  - 	 gen: 1 0.0 StmtDelete(208) StmtDelete(237) (stored at: variant59)
323854 [main] INFO clegoues.genprog4java.fitness.Fitness  - 	 gen: 1 0.0 StmtDelete(274) StmtReplace(582,715) (stored at: variant60)
323884 [main] ERROR clegoues.genprog4java.rep.JavaRepresentation  - org/jsoup/parser/Parser.java:216: error: cannot find symbol
        TextNode textNode = new TextNode(rawText, baseUri); // constructor does not escape
                                         ^
  symbol:   variable rawText
  location: class Parser
1 error

323884 [main] INFO clegoues.genprog4java.rep.CachingRepresentation  - StmtAppend(612,635) StmtDelete(451) at variant61 fails to compile

323884 [main] INFO clegoues.genprog4java.fitness.Fitness  - 	 gen: 1 0.0 StmtAppend(612,635) StmtDelete(451) (stored at: variant61)
323915 [main] ERROR clegoues.genprog4java.rep.JavaRepresentation  - org/jsoup/parser/Tag.java:93: error: unreachable statement
			createInline("SELECT").setAncestor("FORM");
			^
1 error

323915 [main] INFO clegoues.genprog4java.rep.CachingRepresentation  - StmtAppend(613,660) StmtAppend(548,665) at variant62 fails to compile

323915 [main] INFO clegoues.genprog4java.fitness.Fitness  - 	 gen: 1 0.0 StmtAppend(613,660) StmtAppend(548,665) (stored at: variant62)
324472 [main] INFO clegoues.genprog4java.fitness.Fitness  - 	 gen: 1 0.0 StmtDelete(730) StmtDelete(695) (stored at: variant63)
325045 [main] INFO clegoues.genprog4java.fitness.Fitness  - 	 gen: 1 1.0 StmtDelete(195) StmtDelete(326) (stored at: variant64)
325073 [main] ERROR clegoues.genprog4java.rep.JavaRepresentation  - org/jsoup/nodes/Element.java:326: error: cannot find symbol
            if (child.isBlock && !this.canContainBlock)
                ^
  symbol:   variable child
  location: class Element
org/jsoup/nodes/Element.java:326: error: cannot find symbol
            if (child.isBlock && !this.canContainBlock)
                                      ^
  symbol: variable canContainBlock
org/jsoup/nodes/Element.java:327: error: incompatible types: boolean cannot be converted to Element
				return false;
				       ^
3 errors

325073 [main] INFO clegoues.genprog4java.rep.CachingRepresentation  - StmtDelete(208) StmtReplace(102,539) at variant65 fails to compile

325073 [main] INFO clegoues.genprog4java.fitness.Fitness  - 	 gen: 1 0.0 StmtDelete(208) StmtReplace(102,539) (stored at: variant65)
325644 [main] INFO clegoues.genprog4java.fitness.Fitness  - 	 gen: 1 1.0 StmtReplace(709,678) StmtDelete(144) (stored at: variant66)
325666 [main] ERROR clegoues.genprog4java.rep.JavaRepresentation  - org/jsoup/parser/Parser.java:134: error: unreachable statement
			Validate.notNull(tagName);
			^
1 error

325666 [main] INFO clegoues.genprog4java.rep.CachingRepresentation  - StmtDelete(730) StmtAppend(383,524) at variant67 fails to compile

325667 [main] INFO clegoues.genprog4java.fitness.Fitness  - 	 gen: 1 0.0 StmtDelete(730) StmtAppend(383,524) (stored at: variant67)
325692 [main] ERROR clegoues.genprog4java.rep.JavaRepresentation  - org/jsoup/nodes/Element.java:153: error: missing return statement
	}
	^
1 error

325692 [main] INFO clegoues.genprog4java.rep.CachingRepresentation  - StmtReplace(418,44) StmtDelete(34) at variant68 fails to compile

325692 [main] INFO clegoues.genprog4java.fitness.Fitness  - 	 gen: 1 0.0 StmtReplace(418,44) StmtDelete(34) (stored at: variant68)
326241 [main] INFO clegoues.genprog4java.fitness.Fitness  - 	 gen: 1 1.0 StmtReplace(503,351) (stored at: variant69)
326270 [main] ERROR clegoues.genprog4java.rep.JavaRepresentation  - org/jsoup/nodes/Element.java:378: error: cannot find symbol
			Validate.notNull(html);
			                 ^
  symbol:   variable html
  location: class Element
org/jsoup/nodes/Element.java:380: error: cannot find symbol
        Validate.notNull(index);
                         ^
  symbol:   variable index
  location: class Element
org/jsoup/nodes/Element.java:381: error: cannot find symbol
        if (index > 0)
            ^
  symbol:   variable index
  location: class Element
org/jsoup/nodes/Element.java:382: error: cannot find symbol
            return siblings.get(index-1);
                                ^
  symbol:   variable index
  location: class Element
4 errors

326271 [main] INFO clegoues.genprog4java.rep.CachingRepresentation  - StmtDelete(195) StmtAppend(124,78) at variant70 fails to compile

326271 [main] INFO clegoues.genprog4java.fitness.Fitness  - 	 gen: 1 0.0 StmtDelete(195) StmtAppend(124,78) (stored at: variant70)
326299 [main] ERROR clegoues.genprog4java.rep.JavaRepresentation  - org/jsoup/nodes/Element.java:616: error: cannot find symbol
			childNodes.add(0, child);
			                  ^
  symbol:   variable child
  location: class Element
1 error

326299 [main] INFO clegoues.genprog4java.rep.CachingRepresentation  - StmtReplace(418,44) StmtAppend(203,51) at variant71 fails to compile

326299 [main] INFO clegoues.genprog4java.fitness.Fitness  - 	 gen: 1 0.0 StmtReplace(418,44) StmtAppend(203,51) (stored at: variant71)
326324 [main] ERROR clegoues.genprog4java.rep.JavaRepresentation  - org/jsoup/parser/Parser.java:279: error: cannot find symbol
            counter++;
            ^
  symbol:   variable counter
  location: class Parser
org/jsoup/parser/Parser.java:290: error: cannot find symbol
            for (int i = 0; i < counter; i++) {
                                ^
  symbol:   variable counter
  location: class Parser
2 errors

326324 [main] INFO clegoues.genprog4java.rep.CachingRepresentation  - StmtDelete(195) StmtReplace(494,347) at variant72 fails to compile

326324 [main] INFO clegoues.genprog4java.fitness.Fitness  - 	 gen: 1 0.0 StmtDelete(195) StmtReplace(494,347) (stored at: variant72)
326354 [main] ERROR clegoues.genprog4java.rep.JavaRepresentation  - org/jsoup/nodes/Element.java:580: error: isBlock has private access in Tag
			tag.isBlock = false;
			   ^
1 error

326354 [main] INFO clegoues.genprog4java.rep.CachingRepresentation  - StmtDelete(505) StmtReplace(180,534) at variant73 fails to compile

326354 [main] INFO clegoues.genprog4java.fitness.Fitness  - 	 gen: 1 0.0 StmtDelete(505) StmtReplace(180,534) (stored at: variant73)
327152 [main] INFO clegoues.genprog4java.fitness.Fitness  - 	 gen: 1 1.0 StmtAppend(612,635) StmtAppend(660,646) (stored at: variant74)
327206 [main] ERROR clegoues.genprog4java.rep.JavaRepresentation  - org/jsoup/parser/Parser.java:98: error: cannot find symbol
        if (data.endsWith("-")) // i.e. was -->
            ^
  symbol:   variable data
  location: class Parser
org/jsoup/parser/Parser.java:99: error: cannot find symbol
            data = data.substring(0, data.length()-1);
            ^
  symbol:   variable data
  location: class Parser
org/jsoup/parser/Parser.java:99: error: cannot find symbol
            data = data.substring(0, data.length()-1);
                                     ^
  symbol:   variable data
  location: class Parser
org/jsoup/parser/Parser.java:99: error: cannot find symbol
            data = data.substring(0, data.length()-1);
                   ^
  symbol:   variable data
  location: class Parser
org/jsoup/parser/Parser.java:100: error: cannot find symbol
        Comment comment = new Comment(data, baseUri);
                                      ^
  symbol:   variable data
  location: class Parser
5 errors

327206 [main] INFO clegoues.genprog4java.rep.CachingRepresentation  - StmtReplace(658,647) StmtDelete(359) at variant75 fails to compile

327206 [main] INFO clegoues.genprog4java.fitness.Fitness  - 	 gen: 1 0.0 StmtReplace(658,647) StmtDelete(359) (stored at: variant75)
327837 [main] INFO clegoues.genprog4java.fitness.Fitness  - 	 gen: 1 0.0 StmtDelete(189) StmtAppend(465,364) (stored at: variant76)
328381 [main] INFO clegoues.genprog4java.fitness.Fitness  - 	 gen: 1 1.0 StmtDelete(730) StmtDelete(642) (stored at: variant77)
328963 [main] INFO clegoues.genprog4java.fitness.Fitness  - 	 gen: 1 1.0 StmtDelete(195) StmtDelete(423) (stored at: variant78)
328991 [main] ERROR clegoues.genprog4java.rep.JavaRepresentation  - org/jsoup/nodes/Element.java:574: error: cannot find symbol
        text(sb);
             ^
  symbol:   variable sb
  location: class Element
org/jsoup/nodes/Element.java:575: error: cannot find symbol
        return sb.toString().trim();
               ^
  symbol:   variable sb
  location: class Element
2 errors

328991 [main] INFO clegoues.genprog4java.rep.CachingRepresentation  - StmtAppend(612,635) StmtReplace(175,201) at variant79 fails to compile

328991 [main] INFO clegoues.genprog4java.fitness.Fitness  - 	 gen: 1 0.0 StmtAppend(612,635) StmtReplace(175,201) (stored at: variant79)
329019 [main] ERROR clegoues.genprog4java.rep.JavaRepresentation  - org/jsoup/parser/Tag.java:241: error: cannot find symbol
        empty();
        ^
  symbol:   method empty()
  location: class Tag
1 error

329019 [main] INFO clegoues.genprog4java.rep.CachingRepresentation  - StmtReplace(633,201) at variant80 fails to compile

329019 [main] INFO clegoues.genprog4java.fitness.Fitness  - 	 gen: 1 0.0 StmtReplace(633,201) (stored at: variant80)
329051 [main] ERROR clegoues.genprog4java.rep.JavaRepresentation  - org/jsoup/nodes/Element.java:782: error: cannot find symbol
			appendChild(child);
			            ^
  symbol:   variable child
  location: class Element
1 error

329051 [main] INFO clegoues.genprog4java.rep.CachingRepresentation  - StmtReplace(281,55) at variant81 fails to compile

329051 [main] INFO clegoues.genprog4java.fitness.Fitness  - 	 gen: 1 0.0 StmtReplace(281,55) (stored at: variant81)
329083 [main] ERROR clegoues.genprog4java.rep.JavaRepresentation  - org/jsoup/nodes/Element.java:653: error: incompatible types: int cannot be converted to String
						return 0;
						       ^
org/jsoup/nodes/Element.java:655: error: cannot find symbol
                String elementData = element.data();
                                     ^
  symbol:   variable element
  location: class Element
2 errors

329083 [main] INFO clegoues.genprog4java.rep.CachingRepresentation  - StmtAppend(229,133) at variant82 fails to compile

329083 [main] INFO clegoues.genprog4java.fitness.Fitness  - 	 gen: 1 0.0 StmtAppend(229,133) (stored at: variant82)
329114 [main] ERROR clegoues.genprog4java.rep.JavaRepresentation  - org/jsoup/nodes/Element.java:192: error: cannot find symbol
        Validate.notNull(html);
                         ^
  symbol:   variable html
  location: class Element
1 error

329114 [main] INFO clegoues.genprog4java.rep.CachingRepresentation  - StmtReplace(45,318) at variant83 fails to compile

329114 [main] INFO clegoues.genprog4java.fitness.Fitness  - 	 gen: 1 0.0 StmtReplace(45,318) (stored at: variant83)
329715 [main] INFO clegoues.genprog4java.fitness.Fitness  - 	 gen: 1 0.0 StmtReplace(579,477) (stored at: variant84)
329738 [main] ERROR clegoues.genprog4java.rep.JavaRepresentation  - org/jsoup/parser/Parser.java:30: error: break outside switch or loop
			break;
			^
1 error

329738 [main] INFO clegoues.genprog4java.rep.CachingRepresentation  - StmtReplace(319,502) at variant85 fails to compile

329738 [main] INFO clegoues.genprog4java.fitness.Fitness  - 	 gen: 1 0.0 StmtReplace(319,502) (stored at: variant85)
329763 [main] ERROR clegoues.genprog4java.rep.JavaRepresentation  - org/jsoup/parser/Parser.java:106: error: cannot find symbol
        boolean procInstr = firstChar.toString().equals("!");
                            ^
  symbol:   variable firstChar
  location: class Parser
1 error

329763 [main] INFO clegoues.genprog4java.rep.CachingRepresentation  - StmtReplace(366,491) at variant86 fails to compile

329763 [main] INFO clegoues.genprog4java.fitness.Fitness  - 	 gen: 1 0.0 StmtReplace(366,491) (stored at: variant86)
329787 [main] ERROR clegoues.genprog4java.rep.JavaRepresentation  - org/jsoup/parser/Parser.java:101: error: cannot find symbol
        last().appendChild(comment);
                           ^
  symbol:   variable comment
  location: class Parser
1 error

329787 [main] INFO clegoues.genprog4java.rep.CachingRepresentation  - StmtDelete(362) at variant87 fails to compile

329787 [main] INFO clegoues.genprog4java.fitness.Fitness  - 	 gen: 1 0.0 StmtDelete(362) (stored at: variant87)
329816 [main] ERROR clegoues.genprog4java.rep.JavaRepresentation  - org/jsoup/parser/Tag.java:274: error: non-static variable this cannot be referenced from a static context
        if (this.empty || this.isData())
            ^
org/jsoup/parser/Tag.java:274: error: non-static variable this cannot be referenced from a static context
        if (this.empty || this.isData())
                          ^
org/jsoup/parser/Tag.java:275: error: return outside method
			return false;
			^
3 errors

329816 [main] INFO clegoues.genprog4java.rep.CachingRepresentation  - StmtReplace(658,545) at variant88 fails to compile

329816 [main] INFO clegoues.genprog4java.fitness.Fitness  - 	 gen: 1 0.0 StmtReplace(658,545) (stored at: variant88)
330368 [main] INFO clegoues.genprog4java.fitness.Fitness  - 	 gen: 1 1.0 StmtAppend(687,622) (stored at: variant89)
330927 [main] INFO clegoues.genprog4java.fitness.Fitness  - 	 gen: 1 1.0 StmtDelete(683) (stored at: variant90)
331485 [main] INFO clegoues.genprog4java.fitness.Fitness  - 	 gen: 1 0.0 StmtDelete(612) (stored at: variant91)
331510 [main] ERROR clegoues.genprog4java.rep.JavaRepresentation  - org/jsoup/nodes/Element.java:409: error: cannot find symbol
        appendChild(child);
                    ^
  symbol:   variable child
  location: class Element
org/jsoup/nodes/Element.java:410: error: cannot find symbol
        return siblings.size() > 1 ? siblings.get(siblings.size() - 1) : null;
               ^
  symbol:   variable siblings
  location: class Element
org/jsoup/nodes/Element.java:410: error: cannot find symbol
        return siblings.size() > 1 ? siblings.get(siblings.size() - 1) : null;
                                                  ^
  symbol:   variable siblings
  location: class Element
org/jsoup/nodes/Element.java:410: error: cannot find symbol
        return siblings.size() > 1 ? siblings.get(siblings.size() - 1) : null;
                                     ^
  symbol:   variable siblings
  location: class Element
4 errors

331510 [main] INFO clegoues.genprog4java.rep.CachingRepresentation  - StmtReplace(137,55) at variant92 fails to compile

331510 [main] INFO clegoues.genprog4java.fitness.Fitness  - 	 gen: 1 0.0 StmtReplace(137,55) (stored at: variant92)
331536 [main] ERROR clegoues.genprog4java.rep.JavaRepresentation  - org/jsoup/nodes/Element.java:273: error: incompatible types: boolean cannot be converted to Element
            return tag.isBlock();
                              ^
1 error

331536 [main] INFO clegoues.genprog4java.rep.CachingRepresentation  - StmtReplace(75,13) at variant93 fails to compile

331536 [main] INFO clegoues.genprog4java.fitness.Fitness  - 	 gen: 1 0.0 StmtReplace(75,13) (stored at: variant93)
331560 [main] ERROR clegoues.genprog4java.rep.JavaRepresentation  - org/jsoup/parser/Parser.java:110: error: cannot find symbol
        XmlDeclaration decl = new XmlDeclaration(data, baseUri, procInstr);
                                                                ^
  symbol:   variable procInstr
  location: class Parser
1 error

331560 [main] INFO clegoues.genprog4java.rep.CachingRepresentation  - StmtDelete(367) at variant94 fails to compile

331560 [main] INFO clegoues.genprog4java.fitness.Fitness  - 	 gen: 1 0.0 StmtDelete(367) (stored at: variant94)
331587 [main] ERROR clegoues.genprog4java.rep.JavaRepresentation  - org/jsoup/nodes/Element.java:244: error: missing return statement
	}
	^
1 error

331587 [main] INFO clegoues.genprog4java.rep.CachingRepresentation  - StmtDelete(61) at variant95 fails to compile

331587 [main] INFO clegoues.genprog4java.fitness.Fitness  - 	 gen: 1 0.0 StmtDelete(61) (stored at: variant95)
428010 [main] INFO clegoues.genprog4java.fitness.Fitness  - 	 gen: 1 1.0 StmtDelete(344) (stored at: variant96)
428534 [main] INFO clegoues.genprog4java.fitness.Fitness  - 	 gen: 1 1.0 StmtDelete(477) (stored at: variant97)
429083 [main] INFO clegoues.genprog4java.fitness.Fitness  - 	 gen: 1 1.0 StmtAppend(436,432) (stored at: variant98)
429110 [main] ERROR clegoues.genprog4java.rep.JavaRepresentation  - org/jsoup/nodes/Element.java:584: error: cannot find symbol
					if (child.isBlock && !this.canContainBlock)
					         ^
  symbol:   variable isBlock
  location: variable child of type Node
org/jsoup/nodes/Element.java:584: error: cannot find symbol
					if (child.isBlock && !this.canContainBlock)
					                          ^
  symbol: variable canContainBlock
org/jsoup/nodes/Element.java:585: error: incompatible types: unexpected return value
						return false;
						       ^
org/jsoup/nodes/Element.java:589: error: cannot find symbol
                    text = TextNode.normaliseWhitespace(text);
                    ^
  symbol:   variable text
  location: class Element
org/jsoup/nodes/Element.java:589: error: cannot find symbol
                    text = TextNode.normaliseWhitespace(text);
                                                        ^
  symbol:   variable text
  location: class Element
org/jsoup/nodes/Element.java:591: error: cannot find symbol
                        text = TextNode.stripLeadingWhitespace(text);
                        ^
  symbol:   variable text
  location: class Element
org/jsoup/nodes/Element.java:591: error: cannot find symbol
                        text = TextNode.stripLeadingWhitespace(text);
                                                               ^
  symbol:   variable text
  location: class Element
org/jsoup/nodes/Element.java:593: error: cannot find symbol
                accum.append(text);
                             ^
  symbol:   variable text
  location: class Element
8 errors

429110 [main] INFO clegoues.genprog4java.rep.CachingRepresentation  - StmtAppend(184,539) at variant99 fails to compile

429110 [main] INFO clegoues.genprog4java.fitness.Fitness  - 	 gen: 1 0.0 StmtAppend(184,539) (stored at: variant99)
429676 [main] INFO clegoues.genprog4java.fitness.Fitness  - 	 gen: 1 1.0 StmtAppend(630,674) (stored at: variant100)
429698 [main] ERROR clegoues.genprog4java.rep.JavaRepresentation  - org/jsoup/parser/Parser.java:208: error: cannot find symbol
        TextNode textNode = TextNode.createFromEncoded(text, baseUri);
                                                       ^
  symbol:   variable text
  location: class Parser
1 error

429698 [main] INFO clegoues.genprog4java.rep.CachingRepresentation  - StmtReplace(446,400) at variant101 fails to compile

429698 [main] INFO clegoues.genprog4java.fitness.Fitness  - 	 gen: 1 0.0 StmtReplace(446,400) (stored at: variant101)
429724 [main] ERROR clegoues.genprog4java.rep.JavaRepresentation  - org/jsoup/parser/Parser.java:83: error: cannot find symbol
					if (last().tag().canContain(tag))
					                            ^
  symbol:   variable tag
  location: class Parser
org/jsoup/parser/Parser.java:84: error: incompatible types: Element cannot be converted to Document
						return last();
						           ^
2 errors

429724 [main] INFO clegoues.genprog4java.rep.CachingRepresentation  - StmtAppend(343,487) at variant102 fails to compile

429724 [main] INFO clegoues.genprog4java.fitness.Fitness  - 	 gen: 1 0.0 StmtAppend(343,487) (stored at: variant102)
430281 [main] INFO clegoues.genprog4java.fitness.Fitness  - 	 gen: 1 1.0 StmtDelete(593) (stored at: variant103)
430281 [main] INFO clegoues.genprog4java.Search.Search  - search: generation2
431927 [main] INFO clegoues.genprog4java.fitness.Fitness  - 	 gen: 2 0.0 StmtAppend(436,432) StmtAppend(573,640) (stored at: variant104)
432494 [main] INFO clegoues.genprog4java.fitness.Fitness  - 	 gen: 2 0.0 StmtAppend(644,644) StmtDelete(647) (stored at: variant105)
433006 [main] INFO clegoues.genprog4java.fitness.Fitness  - 	 gen: 2 1.0 StmtReplace(709,678) StmtDelete(144) StmtReplace(462,491) (stored at: variant106)
433031 [main] ERROR clegoues.genprog4java.rep.JavaRepresentation  - org/jsoup/parser/Parser.java:169: error: cannot find symbol
            if (this.tagName.equals("head")) {
                    ^
  symbol: variable tagName
org/jsoup/parser/Parser.java:170: error: cannot find symbol
				if (child.tagName.equals("base") || child.tagName.equals("script") || child.tagName.equals("noscript")
				         ^
  symbol:   variable tagName
  location: variable child of type Element
org/jsoup/parser/Parser.java:170: error: cannot find symbol
				if (child.tagName.equals("base") || child.tagName.equals("script") || child.tagName.equals("noscript")
				                                         ^
  symbol:   variable tagName
  location: variable child of type Element
org/jsoup/parser/Parser.java:170: error: cannot find symbol
				if (child.tagName.equals("base") || child.tagName.equals("script") || child.tagName.equals("noscript")
				                                                                           ^
  symbol:   variable tagName
  location: variable child of type Element
org/jsoup/parser/Parser.java:171: error: cannot find symbol
						|| child.tagName.equals("link") || child.tagName.equals("meta") || child.tagName.equals("title")
						        ^
  symbol:   variable tagName
  location: variable child of type Element
org/jsoup/parser/Parser.java:171: error: cannot find symbol
						|| child.tagName.equals("link") || child.tagName.equals("meta") || child.tagName.equals("title")
						                                        ^
  symbol:   variable tagName
  location: variable child of type Element
org/jsoup/parser/Parser.java:171: error: cannot find symbol
						|| child.tagName.equals("link") || child.tagName.equals("meta") || child.tagName.equals("title")
						                                                                        ^
  symbol:   variable tagName
  location: variable child of type Element
org/jsoup/parser/Parser.java:172: error: cannot find symbol
						|| child.tagName.equals("style") || child.tagName.equals("object")) {
						        ^
  symbol:   variable tagName
  location: variable child of type Element
org/jsoup/parser/Parser.java:172: error: cannot find symbol
						|| child.tagName.equals("style") || child.tagName.equals("object")) {
						                                         ^
  symbol:   variable tagName
  location: variable child of type Element
org/jsoup/parser/Parser.java:173: error: incompatible types: unexpected return value
					return true;
					       ^
org/jsoup/parser/Parser.java:175: error: incompatible types: unexpected return value
				return false;
				       ^
11 errors

433031 [main] INFO clegoues.genprog4java.rep.CachingRepresentation  - StmtAppend(436,432) StmtReplace(415,547) at variant107 fails to compile

433032 [main] INFO clegoues.genprog4java.fitness.Fitness  - 	 gen: 2 0.0 StmtAppend(436,432) StmtReplace(415,547) (stored at: variant107)
433941 [main] INFO clegoues.genprog4java.fitness.Fitness  - 	 gen: 2 1.0 StmtDelete(548) StmtAppend(688,649) StmtDelete(280) (stored at: variant108)
434029 [main] ERROR clegoues.genprog4java.rep.JavaRepresentation  - org/jsoup/parser/Parser.java:237: error: cannot find symbol
				popStackToClose(tag);
				                ^
  symbol:   variable tag
  location: class Parser
org/jsoup/parser/Parser.java:241: error: cannot find symbol
            return root;
                   ^
  symbol:   variable root
  location: class Parser
2 errors

434037 [main] INFO clegoues.genprog4java.rep.CachingRepresentation  - StmtAppend(687,622) StmtAppend(467,406) at variant109 fails to compile

434038 [main] INFO clegoues.genprog4java.fitness.Fitness  - 	 gen: 2 0.0 StmtAppend(687,622) StmtAppend(467,406) (stored at: variant109)
435788 [main] INFO clegoues.genprog4java.fitness.Fitness  - 	 gen: 2 1.0 StmtDelete(477) StmtDelete(216) (stored at: variant110)
435883 [main] ERROR clegoues.genprog4java.rep.JavaRepresentation  - org/jsoup/nodes/Element.java:58: error: cannot find symbol
		Validate.notNull(text);
		                 ^
  symbol:   variable text
  location: class Element
1 error

435884 [main] INFO clegoues.genprog4java.rep.CachingRepresentation  - StmtDelete(195) StmtDelete(423) StmtAppend(6,200) at variant111 fails to compile

435884 [main] INFO clegoues.genprog4java.fitness.Fitness  - 	 gen: 2 0.0 StmtDelete(195) StmtDelete(423) StmtAppend(6,200) (stored at: variant111)
435968 [main] ERROR clegoues.genprog4java.rep.JavaRepresentation  - org/jsoup/nodes/Element.java:245: error: incompatible types: boolean cannot be converted to Element
			return tag.isBlock();
			                  ^
org/jsoup/nodes/Element.java:247: error: cannot find symbol
        appendChild(node);
                    ^
  symbol:   variable node
  location: class Element
2 errors

435969 [main] INFO clegoues.genprog4java.rep.CachingRepresentation  - StmtDelete(593) StmtReplace(62,12) at variant112 fails to compile

435969 [main] INFO clegoues.genprog4java.fitness.Fitness  - 	 gen: 2 0.0 StmtDelete(593) StmtReplace(62,12) (stored at: variant112)
436081 [main] ERROR clegoues.genprog4java.rep.JavaRepresentation  - org/jsoup/nodes/Element.java:327: error: cannot find symbol
				this.tagName = tagName.toLowerCase();
				    ^
  symbol: variable tagName
org/jsoup/nodes/Element.java:327: error: cannot find symbol
				this.tagName = tagName.toLowerCase();
				               ^
  symbol:   variable tagName
  location: class Element
2 errors

436081 [main] INFO clegoues.genprog4java.rep.CachingRepresentation  - StmtAppend(630,674) StmtReplace(103,519) at variant113 fails to compile

436081 [main] INFO clegoues.genprog4java.fitness.Fitness  - 	 gen: 2 0.0 StmtAppend(630,674) StmtReplace(103,519) (stored at: variant113)
436219 [main] ERROR clegoues.genprog4java.rep.JavaRepresentation  - org/jsoup/nodes/Element.java:225: error: call to this must be first statement in constructor
			this(tag, baseUri, new Attributes());
			    ^
1 error

436219 [main] INFO clegoues.genprog4java.rep.CachingRepresentation  - StmtDelete(195) StmtDelete(326) StmtAppend(53,4) at variant114 fails to compile

436219 [main] INFO clegoues.genprog4java.fitness.Fitness  - 	 gen: 2 0.0 StmtDelete(195) StmtDelete(326) StmtAppend(53,4) (stored at: variant114)
436308 [main] ERROR clegoues.genprog4java.rep.JavaRepresentation  - org/jsoup/nodes/Element.java:440: error: incompatible types: Elements cannot be converted to Element
			return parents;
			       ^
1 error

436308 [main] INFO clegoues.genprog4java.rep.CachingRepresentation  - StmtDelete(344) StmtReplace(144,22) at variant115 fails to compile

436308 [main] INFO clegoues.genprog4java.fitness.Fitness  - 	 gen: 2 0.0 StmtDelete(344) StmtReplace(144,22) (stored at: variant115)
436427 [main] ERROR clegoues.genprog4java.rep.JavaRepresentation  - org/jsoup/parser/Parser.java:121: error: cannot find symbol
            popStackToClose(tag);
                            ^
  symbol:   variable tag
  location: class Parser
1 error

436427 [main] INFO clegoues.genprog4java.rep.CachingRepresentation  - StmtAppend(687,622) StmtDelete(377) at variant116 fails to compile

436427 [main] INFO clegoues.genprog4java.fitness.Fitness  - 	 gen: 2 0.0 StmtAppend(687,622) StmtDelete(377) (stored at: variant116)
533430 [main] INFO clegoues.genprog4java.fitness.Fitness  - 	 gen: 2 0.0 StmtDelete(344) StmtReplace(577,140) (stored at: variant117)
533464 [main] ERROR clegoues.genprog4java.rep.JavaRepresentation  - org/jsoup/nodes/Element.java:758: error: missing return statement
    }
    ^
1 error

533464 [main] INFO clegoues.genprog4java.rep.CachingRepresentation  - StmtDelete(78) StmtReplace(477,405) StmtDelete(269) at variant118 fails to compile

533464 [main] INFO clegoues.genprog4java.fitness.Fitness  - 	 gen: 2 0.0 StmtDelete(78) StmtReplace(477,405) StmtDelete(269) (stored at: variant118)
534179 [main] INFO clegoues.genprog4java.fitness.Fitness  - 	 gen: 2 1.0 StmtAppend(630,674) StmtDelete(213) (stored at: variant119)
534220 [main] ERROR clegoues.genprog4java.rep.JavaRepresentation  - org/jsoup/nodes/Element.java:338: error: incompatible types: String cannot be converted to Element
			return tag.getName();
			                  ^
1 error

534221 [main] INFO clegoues.genprog4java.rep.CachingRepresentation  - StmtDelete(683) StmtReplace(111,6) at variant120 fails to compile

534221 [main] INFO clegoues.genprog4java.fitness.Fitness  - 	 gen: 2 0.0 StmtDelete(683) StmtReplace(111,6) (stored at: variant120)
534261 [main] ERROR clegoues.genprog4java.rep.JavaRepresentation  - org/jsoup/parser/Tag.java:177: error: cannot find symbol
        if (canContainBlock != tag.canContainBlock) return false;
                               ^
  symbol:   variable tag
  location: class Tag
org/jsoup/parser/Tag.java:178: error: cannot find symbol
        if (canContainInline != tag.canContainInline) return false;
                                ^
  symbol:   variable tag
  location: class Tag
org/jsoup/parser/Tag.java:179: error: cannot find symbol
        if (empty != tag.empty) return false;
                     ^
  symbol:   variable tag
  location: class Tag
org/jsoup/parser/Tag.java:180: error: cannot find symbol
        if (isBlock != tag.isBlock) return false;
                       ^
  symbol:   variable tag
  location: class Tag
org/jsoup/parser/Tag.java:181: error: cannot find symbol
        if (optionalClosing != tag.optionalClosing) return false;
                               ^
  symbol:   variable tag
  location: class Tag
org/jsoup/parser/Tag.java:182: error: cannot find symbol
        if (tagName != null ? !tagName.equals(tag.tagName) : tag.tagName != null) return false;
                                              ^
  symbol:   variable tag
  location: class Tag
org/jsoup/parser/Tag.java:182: error: cannot find symbol
        if (tagName != null ? !tagName.equals(tag.tagName) : tag.tagName != null) return false;
                                                             ^
  symbol:   variable tag
  location: class Tag
7 errors

534262 [main] INFO clegoues.genprog4java.rep.CachingRepresentation  - StmtAppend(687,622) StmtReplace(585,519) at variant121 fails to compile

534262 [main] INFO clegoues.genprog4java.fitness.Fitness  - 	 gen: 2 0.0 StmtAppend(687,622) StmtReplace(585,519) (stored at: variant121)
534300 [main] ERROR clegoues.genprog4java.rep.JavaRepresentation  - org/jsoup/nodes/Element.java:676: error: cannot find symbol
			Validate.notNull(child);
			                 ^
  symbol:   variable child
  location: class Element
1 error

534300 [main] INFO clegoues.genprog4java.rep.CachingRepresentation  - StmtDelete(78) StmtReplace(477,405) StmtReplace(237,44) at variant122 fails to compile

534301 [main] INFO clegoues.genprog4java.fitness.Fitness  - 	 gen: 2 0.0 StmtDelete(78) StmtReplace(477,405) StmtReplace(237,44) (stored at: variant122)
534363 [main] ERROR clegoues.genprog4java.rep.JavaRepresentation  - org/jsoup/nodes/Element.java:109: error: missing return statement
	}
	^
1 error

534364 [main] INFO clegoues.genprog4java.rep.CachingRepresentation  - StmtAppend(612,635) StmtAppend(660,646) StmtDelete(20) at variant123 fails to compile

534364 [main] INFO clegoues.genprog4java.fitness.Fitness  - 	 gen: 2 0.0 StmtAppend(612,635) StmtAppend(660,646) StmtDelete(20) (stored at: variant123)
534398 [main] ERROR clegoues.genprog4java.rep.JavaRepresentation  - org/jsoup/nodes/Element.java:711: error: cannot find symbol
        classes.add(className);
        ^
  symbol:   variable classes
  location: class Element
org/jsoup/nodes/Element.java:712: error: cannot find symbol
        classNames(classes);
                   ^
  symbol:   variable classes
  location: class Element
2 errors

534398 [main] INFO clegoues.genprog4java.rep.CachingRepresentation  - StmtAppend(687,622) StmtDelete(249) at variant124 fails to compile

534399 [main] INFO clegoues.genprog4java.fitness.Fitness  - 	 gen: 2 0.0 StmtAppend(687,622) StmtDelete(249) (stored at: variant124)
535403 [main] INFO clegoues.genprog4java.fitness.Fitness  - 	 gen: 2 0.0 StmtReplace(709,678) StmtDelete(144) StmtAppend(180,201) (stored at: variant125)
535435 [main] ERROR clegoues.genprog4java.rep.JavaRepresentation  - org/jsoup/parser/Tag.java:218: error: non-static variable canContainInline cannot be referenced from a static context
        canContainInline = true;
        ^
1 error

535435 [main] INFO clegoues.genprog4java.rep.CachingRepresentation  - StmtDelete(78) StmtReplace(477,405) StmtReplace(617,706) at variant126 fails to compile

535435 [main] INFO clegoues.genprog4java.fitness.Fitness  - 	 gen: 2 0.0 StmtDelete(78) StmtReplace(477,405) StmtReplace(617,706) (stored at: variant126)
535471 [main] ERROR clegoues.genprog4java.rep.JavaRepresentation  - org/jsoup/parser/Tag.java:45: error: cannot find symbol
        empty();
        ^
  symbol:   method empty()
  location: class Tag
1 error

535471 [main] INFO clegoues.genprog4java.rep.CachingRepresentation  - StmtAppend(644,644) StmtReplace(524,297) at variant127 fails to compile

535471 [main] INFO clegoues.genprog4java.fitness.Fitness  - 	 gen: 2 0.0 StmtAppend(644,644) StmtReplace(524,297) (stored at: variant127)
536207 [main] INFO clegoues.genprog4java.fitness.Fitness  - 	 gen: 2 0.0 StmtDelete(195) StmtDelete(423) StmtReplace(702,689) (stored at: variant128)
536239 [main] ERROR clegoues.genprog4java.rep.JavaRepresentation  - org/jsoup/nodes/Element.java:758: error: missing return statement
    }
    ^
1 error

536239 [main] INFO clegoues.genprog4java.rep.CachingRepresentation  - StmtDelete(195) StmtDelete(326) StmtDelete(270) at variant129 fails to compile

536239 [main] INFO clegoues.genprog4java.fitness.Fitness  - 	 gen: 2 0.0 StmtDelete(195) StmtDelete(326) StmtDelete(270) (stored at: variant129)
537155 [main] INFO clegoues.genprog4java.fitness.Fitness  - 	 gen: 2 0.0 StmtDelete(274) StmtDelete(28) StmtDelete(306) (stored at: variant130)
537196 [main] ERROR clegoues.genprog4java.rep.JavaRepresentation  - org/jsoup/nodes/Element.java:40: error: cannot find symbol
			Element child = new Element(Tag.valueOf(tagName), baseUri());
			                                        ^
  symbol:   variable tagName
  location: class Element
1 error

537197 [main] INFO clegoues.genprog4java.rep.CachingRepresentation  - StmtDelete(78) StmtReplace(477,405) StmtAppend(3,54) at variant131 fails to compile

537197 [main] INFO clegoues.genprog4java.fitness.Fitness  - 	 gen: 2 0.0 StmtDelete(78) StmtReplace(477,405) StmtAppend(3,54) (stored at: variant131)
537976 [main] INFO clegoues.genprog4java.fitness.Fitness  - 	 gen: 2 0.0 StmtReplace(503,351) StmtAppend(388,344) (stored at: variant132)
538010 [main] ERROR clegoues.genprog4java.rep.JavaRepresentation  - org/jsoup/parser/Tag.java:297: error: non-static variable canContainBlock cannot be referenced from a static context
			canContainBlock = false;
			^
1 error

538010 [main] INFO clegoues.genprog4java.rep.CachingRepresentation  - StmtDelete(195) StmtAppend(338,507) StmtAppend(674,714) at variant133 fails to compile

538010 [main] INFO clegoues.genprog4java.fitness.Fitness  - 	 gen: 2 0.0 StmtDelete(195) StmtAppend(338,507) StmtAppend(674,714) (stored at: variant133)
538040 [main] ERROR clegoues.genprog4java.rep.JavaRepresentation  - org/jsoup/parser/Parser.java:154: error: cannot find symbol
        addChildToParent(child, isEmptyElement);
                         ^
  symbol:   variable child
  location: class Parser
org/jsoup/parser/Parser.java:167: error: cannot find symbol
            child.appendChild(dataNode);   
            ^
  symbol:   variable child
  location: class Parser
org/jsoup/parser/Parser.java:171: error: cannot find symbol
        if (child.tagName().equals("base")) {
            ^
  symbol:   variable child
  location: class Parser
org/jsoup/parser/Parser.java:172: error: cannot find symbol
            String href = child.absUrl("href");
                          ^
  symbol:   variable child
  location: class Parser
4 errors

538040 [main] INFO clegoues.genprog4java.rep.CachingRepresentation  - StmtDelete(195) StmtDelete(326) StmtAppend(394,385) at variant134 fails to compile

538040 [main] INFO clegoues.genprog4java.fitness.Fitness  - 	 gen: 2 0.0 StmtDelete(195) StmtDelete(326) StmtAppend(394,385) (stored at: variant134)
538079 [main] ERROR clegoues.genprog4java.rep.JavaRepresentation  - org/jsoup/nodes/Element.java:832: error: cannot find symbol
			if (this.tagName.equals("head")) {
			        ^
  symbol: variable tagName
org/jsoup/nodes/Element.java:833: error: package child does not exist
				if (child.tagName.equals("base") || child.tagName.equals("script") || child.tagName.equals("noscript")
				         ^
org/jsoup/nodes/Element.java:833: error: package child does not exist
				if (child.tagName.equals("base") || child.tagName.equals("script") || child.tagName.equals("noscript")
				                                         ^
org/jsoup/nodes/Element.java:833: error: package child does not exist
				if (child.tagName.equals("base") || child.tagName.equals("script") || child.tagName.equals("noscript")
				                                                                           ^
org/jsoup/nodes/Element.java:834: error: package child does not exist
						|| child.tagName.equals("link") || child.tagName.equals("meta") || child.tagName.equals("title")
						        ^
org/jsoup/nodes/Element.java:834: error: package child does not exist
						|| child.tagName.equals("link") || child.tagName.equals("meta") || child.tagName.equals("title")
						                                        ^
org/jsoup/nodes/Element.java:834: error: package child does not exist
						|| child.tagName.equals("link") || child.tagName.equals("meta") || child.tagName.equals("title")
						                                                                        ^
org/jsoup/nodes/Element.java:835: error: package child does not exist
						|| child.tagName.equals("style") || child.tagName.equals("object")) {
						        ^
org/jsoup/nodes/Element.java:835: error: package child does not exist
						|| child.tagName.equals("style") || child.tagName.equals("object")) {
						                                         ^
9 errors

538079 [main] INFO clegoues.genprog4java.rep.CachingRepresentation  - StmtDelete(195) StmtDelete(392) StmtAppend(307,547) at variant135 fails to compile

538079 [main] INFO clegoues.genprog4java.fitness.Fitness  - 	 gen: 2 0.0 StmtDelete(195) StmtDelete(392) StmtAppend(307,547) (stored at: variant135)
538091 [main] ERROR clegoues.genprog4java.rep.JavaRepresentation  - org/jsoup/parser/Tag.java:196: error: ';' expected
    public String toString() createBlock("NOSCRIPT").setAncestor("HEAD", "BODY");
                            ^
1 error

538091 [main] INFO clegoues.genprog4java.rep.CachingRepresentation  - StmtAppend(613,660) StmtAppend(645,678) StmtReplace(607,615) at variant136 fails to compile

538091 [main] INFO clegoues.genprog4java.fitness.Fitness  - 	 gen: 2 0.0 StmtAppend(613,660) StmtAppend(645,678) StmtReplace(607,615) (stored at: variant136)
538132 [main] ERROR clegoues.genprog4java.rep.JavaRepresentation  - org/jsoup/nodes/Element.java:38: error: incompatible types: unexpected return value
			return !isBlock;
			       ^
org/jsoup/nodes/Element.java:38: error: cannot find symbol
			return !isBlock;
			        ^
  symbol:   variable isBlock
  location: class Element
2 errors

538132 [main] INFO clegoues.genprog4java.rep.CachingRepresentation  - StmtDelete(274) StmtDelete(28) StmtReplace(2,562) at variant137 fails to compile

538132 [main] INFO clegoues.genprog4java.fitness.Fitness  - 	 gen: 2 0.0 StmtDelete(274) StmtDelete(28) StmtReplace(2,562) (stored at: variant137)
538171 [main] ERROR clegoues.genprog4java.rep.JavaRepresentation  - org/jsoup/nodes/Element.java:131: error: incompatible types: unexpected return value
			return !isBlock;
			       ^
org/jsoup/nodes/Element.java:131: error: cannot find symbol
			return !isBlock;
			        ^
  symbol:   variable isBlock
  location: class Element
2 errors

538171 [main] INFO clegoues.genprog4java.rep.CachingRepresentation  - StmtAppend(630,674) StmtAppend(26,562) at variant138 fails to compile

538171 [main] INFO clegoues.genprog4java.fitness.Fitness  - 	 gen: 2 0.0 StmtAppend(630,674) StmtAppend(26,562) (stored at: variant138)
538943 [main] INFO clegoues.genprog4java.fitness.Fitness  - 	 gen: 2 0.0 StmtDelete(78) StmtReplace(477,405) StmtDelete(623) (stored at: variant139)
540016 [main] INFO clegoues.genprog4java.fitness.Fitness  - 	 gen: 2 0.0 StmtDelete(730) StmtDelete(695) StmtReplace(597,671) (stored at: variant140)
540081 [main] ERROR clegoues.genprog4java.rep.JavaRepresentation  - org/jsoup/parser/Parser.java:164: error: cannot find symbol
                dataNode = TextNode.createFromEncoded(data, baseUri);
                ^
  symbol:   variable dataNode
  location: class Parser
org/jsoup/parser/Parser.java:166: error: cannot find symbol
                dataNode = new DataNode(data, baseUri); // data not encoded but raw (for " in script)
                ^
  symbol:   variable dataNode
  location: class Parser
org/jsoup/parser/Parser.java:167: error: cannot find symbol
            child.appendChild(dataNode);   
                              ^
  symbol:   variable dataNode
  location: class Parser
3 errors

540081 [main] INFO clegoues.genprog4java.rep.CachingRepresentation  - StmtDelete(344) StmtAppend(407,344) at variant141 fails to compile

540081 [main] INFO clegoues.genprog4java.fitness.Fitness  - 	 gen: 2 0.0 StmtDelete(344) StmtAppend(407,344) (stored at: variant141)
540784 [main] INFO clegoues.genprog4java.fitness.Fitness  - 	 gen: 2 1.0 StmtReplace(709,678) StmtDelete(144) StmtDelete(133) (stored at: variant142)
541451 [main] INFO clegoues.genprog4java.fitness.Fitness  - 	 gen: 2 0.0 StmtAppend(644,644) StmtAppend(695,636) (stored at: variant143)
541479 [main] ERROR clegoues.genprog4java.rep.JavaRepresentation  - org/jsoup/parser/Tag.java:184: error: missing return statement
    }
    ^
1 error

541479 [main] INFO clegoues.genprog4java.rep.CachingRepresentation  - StmtReplace(709,678) StmtReplace(477,405) StmtDelete(598) at variant144 fails to compile

541479 [main] INFO clegoues.genprog4java.fitness.Fitness  - 	 gen: 2 0.0 StmtReplace(709,678) StmtReplace(477,405) StmtDelete(598) (stored at: variant144)
542429 [main] INFO clegoues.genprog4java.fitness.Fitness  - 	 gen: 2 1.0 StmtDelete(618) (stored at: variant145)
542461 [main] ERROR clegoues.genprog4java.rep.JavaRepresentation  - org/jsoup/nodes/Element.java:771: error: cannot find symbol
			empty = true;
			^
  symbol:   variable empty
  location: class Element
1 error

542461 [main] INFO clegoues.genprog4java.rep.CachingRepresentation  - StmtDelete(548) StmtAppend(272,716) at variant146 fails to compile

542462 [main] INFO clegoues.genprog4java.fitness.Fitness  - 	 gen: 2 0.0 StmtDelete(548) StmtAppend(272,716) (stored at: variant146)
734767 [main] INFO clegoues.genprog4java.fitness.Fitness  - 	 gen: 2 0.0 StmtDelete(195) StmtDelete(347) (stored at: variant147)
735543 [main] INFO clegoues.genprog4java.fitness.Fitness  - 	 gen: 2 0.0 StmtDelete(716) (stored at: variant148)
735585 [main] ERROR clegoues.genprog4java.rep.JavaRepresentation  - org/jsoup/nodes/Element.java:68: error: cannot find symbol
			Element el = (Element) child;
			                       ^
  symbol:   variable child
  location: class Element
org/jsoup/nodes/Element.java:70: error: incompatible types: boolean cannot be converted to String
				return true;
				       ^
2 errors

735585 [main] INFO clegoues.genprog4java.rep.CachingRepresentation  - StmtDelete(195) StmtAppend(8,214) at variant149 fails to compile

735585 [main] INFO clegoues.genprog4java.fitness.Fitness  - 	 gen: 2 0.0 StmtDelete(195) StmtAppend(8,214) (stored at: variant149)
736316 [main] INFO clegoues.genprog4java.fitness.Fitness  - 	 gen: 2 0.0 StmtDelete(37) (stored at: variant150)
736343 [main] ERROR clegoues.genprog4java.rep.JavaRepresentation  - org/jsoup/parser/Parser.java:217: error: cannot find symbol
        last().appendChild(textNode);
                           ^
  symbol:   variable textNode
  location: class Parser
1 error

736343 [main] INFO clegoues.genprog4java.rep.CachingRepresentation  - StmtDelete(452) at variant151 fails to compile

736343 [main] INFO clegoues.genprog4java.fitness.Fitness  - 	 gen: 2 0.0 StmtDelete(452) (stored at: variant151)
736378 [main] ERROR clegoues.genprog4java.rep.JavaRepresentation  - org/jsoup/nodes/Element.java:197: error: call to this must be first statement in constructor
			this(tag, baseUri, new Attributes());
			    ^
1 error

736378 [main] INFO clegoues.genprog4java.rep.CachingRepresentation  - StmtAppend(43,4) at variant152 fails to compile

736379 [main] INFO clegoues.genprog4java.fitness.Fitness  - 	 gen: 2 0.0 StmtAppend(43,4) (stored at: variant152)
736412 [main] ERROR clegoues.genprog4java.rep.JavaRepresentation  - org/jsoup/nodes/Element.java:289: error: cannot find symbol
        List<Node> nodes = fragment.childNodes();
                           ^
  symbol:   variable fragment
  location: class Element
1 error

736412 [main] INFO clegoues.genprog4java.rep.CachingRepresentation  - StmtAppend(613,660) StmtDelete(79) at variant153 fails to compile

736412 [main] INFO clegoues.genprog4java.fitness.Fitness  - 	 gen: 2 0.0 StmtAppend(613,660) StmtDelete(79) (stored at: variant153)
737085 [main] INFO clegoues.genprog4java.fitness.Fitness  - 	 gen: 2 1.0 StmtDelete(102) (stored at: variant154)
737767 [main] INFO clegoues.genprog4java.fitness.Fitness  - 	 gen: 2 1.0 StmtDelete(274) StmtDelete(639) (stored at: variant155)
737793 [main] ERROR clegoues.genprog4java.rep.JavaRepresentation  - org/jsoup/parser/Parser.java:161: error: variable dataNode might not have been initialized
            child.appendChild(dataNode);   
                              ^
1 error

737793 [main] INFO clegoues.genprog4java.rep.CachingRepresentation  - StmtDelete(408) at variant156 fails to compile

737793 [main] INFO clegoues.genprog4java.fitness.Fitness  - 	 gen: 2 0.0 StmtDelete(408) (stored at: variant156)
738826 [main] INFO clegoues.genprog4java.fitness.Fitness  - 	 gen: 2 0.0 StmtReplace(477,405) StmtAppend(635,675) (stored at: variant157)
739495 [main] INFO clegoues.genprog4java.fitness.Fitness  - 	 gen: 2 1.0 StmtDelete(648) (stored at: variant158)
739522 [main] ERROR clegoues.genprog4java.rep.JavaRepresentation  - org/jsoup/parser/Tag.java:256: error: non-static variable this cannot be referenced from a static context
			this.tagName = tagName.toLowerCase();
			^
org/jsoup/parser/Tag.java:256: error: non-static variable tagName cannot be referenced from a static context
			this.tagName = tagName.toLowerCase();
			               ^
2 errors

739523 [main] INFO clegoues.genprog4java.rep.CachingRepresentation  - StmtAppend(644,520) at variant159 fails to compile

739523 [main] INFO clegoues.genprog4java.fitness.Fitness  - 	 gen: 2 0.0 StmtAppend(644,520) (stored at: variant159)
739555 [main] ERROR clegoues.genprog4java.rep.JavaRepresentation  - org/jsoup/nodes/Element.java:636: error: incompatible types: Element cannot be converted to boolean
					return this;
					       ^
1 error

739555 [main] INFO clegoues.genprog4java.rep.CachingRepresentation  - StmtDelete(144) StmtReplace(217,43) at variant160 fails to compile

739555 [main] INFO clegoues.genprog4java.fitness.Fitness  - 	 gen: 2 0.0 StmtDelete(144) StmtReplace(217,43) (stored at: variant160)
739587 [main] ERROR clegoues.genprog4java.rep.JavaRepresentation  - org/jsoup/nodes/Element.java:267: error: cannot find symbol
    public Element append(String html) {{Validate.notNull(html);Element fragment=Parser.parseBodyFragment(html,baseUri).body();for (Node node:fragment.childNodes()){node.parentNode=null;appendChild(node);}return this;}{return canContainBlock;}}
                                                                                                                                                                                                                                  ^
  symbol:   variable canContainBlock
  location: class Element
1 error

739587 [main] INFO clegoues.genprog4java.rep.CachingRepresentation  - StmtReplace(477,405) StmtAppend(69,560) at variant161 fails to compile

739587 [main] INFO clegoues.genprog4java.fitness.Fitness  - 	 gen: 2 0.0 StmtReplace(477,405) StmtAppend(69,560) (stored at: variant161)
739587 [main] INFO clegoues.genprog4java.Search.Search  - search: generation3
740697 [main] ERROR clegoues.genprog4java.rep.JavaRepresentation  - org/jsoup/parser/Parser.java:237: error: cannot find symbol
            if (parent() == null)
                ^
  symbol:   method parent()
  location: class Parser
org/jsoup/parser/Parser.java:238: error: incompatible types: int cannot be converted to Element
				return 0;
				       ^
2 errors

740697 [main] INFO clegoues.genprog4java.rep.CachingRepresentation  - StmtReplace(709,678) StmtDelete(144) StmtDelete(133) StmtReplace(468,133) at variant162 fails to compile

740697 [main] INFO clegoues.genprog4java.fitness.Fitness  - 	 gen: 3 0.0 StmtReplace(709,678) StmtDelete(144) StmtDelete(133) StmtReplace(468,133) (stored at: variant162)
741350 [main] INFO clegoues.genprog4java.fitness.Fitness  - 	 gen: 3 0.0 StmtAppend(630,674) StmtDelete(213) StmtDelete(38) (stored at: variant163)
741974 [main] INFO clegoues.genprog4java.fitness.Fitness  - 	 gen: 3 1.0 StmtDelete(618) StmtDelete(621) (stored at: variant164)
1030018 [main] INFO clegoues.genprog4java.fitness.Fitness  - 	 gen: 3 0.0 StmtDelete(102) StmtDelete(445) (stored at: variant165)
1030043 [main] ERROR clegoues.genprog4java.rep.JavaRepresentation  - org/jsoup/parser/Parser.java:194: error: incompatible types: Parser cannot be converted to Attribute
						return this;
						       ^
1 error

1030044 [main] INFO clegoues.genprog4java.rep.CachingRepresentation  - StmtDelete(548) StmtAppend(688,649) StmtDelete(280) StmtAppend(437,717) at variant166 fails to compile

1030044 [main] INFO clegoues.genprog4java.fitness.Fitness  - 	 gen: 3 0.0 StmtDelete(548) StmtAppend(688,649) StmtDelete(280) StmtAppend(437,717) (stored at: variant166)
1030527 [main] INFO clegoues.genprog4java.fitness.Fitness  - 	 gen: 3 0.0 StmtDelete(78) StmtReplace(477,405) StmtDelete(623) StmtReplace(254,260) (stored at: variant167)
1031185 [main] INFO clegoues.genprog4java.fitness.Fitness  - 	 gen: 3 0.0 StmtAppend(630,674) StmtDelete(213) StmtDelete(701) (stored at: variant168)
1031212 [main] ERROR clegoues.genprog4java.rep.JavaRepresentation  - org/jsoup/parser/Tag.java:329: error: unreachable statement
		createBlock("BODY").setAncestor("HTML");
		^
org/jsoup/parser/Tag.java:330: error: missing return statement
	}
	^
2 errors

1031212 [main] INFO clegoues.genprog4java.rep.CachingRepresentation  - StmtDelete(102) StmtAppend(693,612) at variant169 fails to compile

1031212 [main] INFO clegoues.genprog4java.fitness.Fitness  - 	 gen: 3 0.0 StmtDelete(102) StmtAppend(693,612) (stored at: variant169)
1031859 [main] INFO clegoues.genprog4java.fitness.Fitness  - 	 gen: 3 0.0 StmtDelete(548) StmtAppend(688,649) StmtDelete(280) StmtAppend(730,641) (stored at: variant170)
1031887 [main] ERROR clegoues.genprog4java.rep.JavaRepresentation  - org/jsoup/parser/Tag.java:184: error: missing return statement
    }
    ^
1 error

1031887 [main] INFO clegoues.genprog4java.rep.CachingRepresentation  - StmtDelete(618) StmtDelete(598) at variant171 fails to compile

1031887 [main] INFO clegoues.genprog4java.fitness.Fitness  - 	 gen: 3 0.0 StmtDelete(618) StmtDelete(598) (stored at: variant171)
1032536 [main] INFO clegoues.genprog4java.fitness.Fitness  - 	 gen: 3 0.0 StmtDelete(730) StmtDelete(695) StmtReplace(597,671) StmtReplace(581,672) (stored at: variant172)
1032564 [main] ERROR clegoues.genprog4java.rep.JavaRepresentation  - org/jsoup/parser/Tag.java:232: error: non-static variable preserveWhitespace cannot be referenced from a static context
        preserveWhitespace = true;
        ^
1 error

1032565 [main] INFO clegoues.genprog4java.rep.CachingRepresentation  - StmtReplace(709,678) StmtDelete(144) StmtDelete(133) StmtReplace(626,711) at variant173 fails to compile

1032565 [main] INFO clegoues.genprog4java.fitness.Fitness  - 	 gen: 3 0.0 StmtReplace(709,678) StmtDelete(144) StmtDelete(133) StmtReplace(626,711) (stored at: variant173)
1033208 [main] INFO clegoues.genprog4java.fitness.Fitness  - 	 gen: 3 1.0 StmtDelete(477) StmtDelete(216) StmtAppend(670,684) (stored at: variant174)
1033853 [main] INFO clegoues.genprog4java.fitness.Fitness  - 	 gen: 3 0.0 StmtDelete(102) StmtDelete(482) (stored at: variant175)
1033879 [main] ERROR clegoues.genprog4java.rep.JavaRepresentation  - org/jsoup/parser/Parser.java:202: error: incompatible types: Parser cannot be converted to Attribute
            return this;
                   ^
1 error

1033880 [main] INFO clegoues.genprog4java.rep.CachingRepresentation  - StmtDelete(274) StmtDelete(639) StmtReplace(444,89) at variant176 fails to compile

1033880 [main] INFO clegoues.genprog4java.fitness.Fitness  - 	 gen: 3 0.0 StmtDelete(274) StmtDelete(639) StmtReplace(444,89) (stored at: variant176)
1034514 [main] INFO clegoues.genprog4java.fitness.Fitness  - 	 gen: 3 1.0 StmtReplace(709,678) StmtDelete(144) StmtDelete(133) StmtAppend(668,667) (stored at: variant177)
1034568 [main] ERROR clegoues.genprog4java.rep.JavaRepresentation  - org/jsoup/nodes/Element.java:197: error: call to this must be first statement in constructor
			this(tag, baseUri, new Attributes());
			    ^
org/jsoup/nodes/Element.java:656: error: incompatible types: int cannot be converted to String
					return 0;
					       ^
org/jsoup/nodes/Element.java:657: error: cannot find symbol
                sb.append(elementData);
                          ^
  symbol:   variable elementData
  location: class Element
3 errors

1034568 [main] INFO clegoues.genprog4java.rep.CachingRepresentation  - StmtAppend(43,4) StmtReplace(230,133) at variant178 fails to compile

1034568 [main] INFO clegoues.genprog4java.fitness.Fitness  - 	 gen: 3 0.0 StmtAppend(43,4) StmtReplace(230,133) (stored at: variant178)
1034601 [main] ERROR clegoues.genprog4java.rep.JavaRepresentation  - org/jsoup/nodes/Element.java:225: error: call to this must be first statement in constructor
			this(tag, baseUri, new Attributes());
			    ^
org/jsoup/nodes/Element.java:833: error: incompatible types: String cannot be converted to boolean
			return tag.getName();
			                  ^
2 errors

1034601 [main] INFO clegoues.genprog4java.rep.CachingRepresentation  - StmtDelete(195) StmtDelete(326) StmtAppend(53,4) StmtReplace(304,8) at variant179 fails to compile

1034601 [main] INFO clegoues.genprog4java.fitness.Fitness  - 	 gen: 3 0.0 StmtDelete(195) StmtDelete(326) StmtAppend(53,4) StmtReplace(304,8) (stored at: variant179)
1034634 [main] ERROR clegoues.genprog4java.rep.JavaRepresentation  - org/jsoup/nodes/Element.java:637: error: incompatible types: Element cannot be converted to boolean
					return this;
					       ^
1 error

1034634 [main] INFO clegoues.genprog4java.rep.CachingRepresentation  - StmtDelete(144) StmtReplace(217,43) StmtDelete(91) at variant180 fails to compile

1034634 [main] INFO clegoues.genprog4java.fitness.Fitness  - 	 gen: 3 0.0 StmtDelete(144) StmtReplace(217,43) StmtDelete(91) (stored at: variant180)
1034662 [main] ERROR clegoues.genprog4java.rep.JavaRepresentation  - org/jsoup/parser/Tag.java:177: error: cannot find symbol
        if (canContainBlock != tag.canContainBlock) return false;
                               ^
  symbol:   variable tag
  location: class Tag
org/jsoup/parser/Tag.java:178: error: cannot find symbol
        if (canContainInline != tag.canContainInline) return false;
                                ^
  symbol:   variable tag
  location: class Tag
org/jsoup/parser/Tag.java:179: error: cannot find symbol
        if (empty != tag.empty) return false;
                     ^
  symbol:   variable tag
  location: class Tag
org/jsoup/parser/Tag.java:180: error: cannot find symbol
        if (isBlock != tag.isBlock) return false;
                       ^
  symbol:   variable tag
  location: class Tag
org/jsoup/parser/Tag.java:181: error: cannot find symbol
        if (optionalClosing != tag.optionalClosing) return false;
                               ^
  symbol:   variable tag
  location: class Tag
org/jsoup/parser/Tag.java:182: error: cannot find symbol
        if (tagName != null ? !tagName.equals(tag.tagName) : tag.tagName != null) return false;
                                              ^
  symbol:   variable tag
  location: class Tag
org/jsoup/parser/Tag.java:182: error: cannot find symbol
        if (tagName != null ? !tagName.equals(tag.tagName) : tag.tagName != null) return false;
                                                             ^
  symbol:   variable tag
  location: class Tag
org/jsoup/parser/Tag.java:301: error: non-static variable tagName cannot be referenced from a static context
        Validate.notEmpty(tagName);
                          ^
8 errors

1034662 [main] INFO clegoues.genprog4java.rep.CachingRepresentation  - StmtAppend(687,622) StmtReplace(585,519) StmtReplace(677,140) at variant181 fails to compile

1034662 [main] INFO clegoues.genprog4java.fitness.Fitness  - 	 gen: 3 0.0 StmtAppend(687,622) StmtReplace(585,519) StmtReplace(677,140) (stored at: variant181)
1035352 [main] INFO clegoues.genprog4java.fitness.Fitness  - 	 gen: 3 0.0 StmtAppend(630,674) StmtDelete(213) StmtReplace(278,88) (stored at: variant182)
1035379 [main] ERROR clegoues.genprog4java.rep.JavaRepresentation  - org/jsoup/parser/Parser.java:239: error: cannot find symbol
					if (last().tag().canContain(tag))
					                            ^
  symbol:   variable tag
  location: class Parser
1 error

1035379 [main] INFO clegoues.genprog4java.rep.CachingRepresentation  - StmtDelete(548) StmtAppend(688,649) StmtDelete(280) StmtReplace(469,486) at variant183 fails to compile

1035379 [main] INFO clegoues.genprog4java.fitness.Fitness  - 	 gen: 3 0.0 StmtDelete(548) StmtAppend(688,649) StmtDelete(280) StmtReplace(469,486) (stored at: variant183)
1035406 [main] ERROR clegoues.genprog4java.rep.JavaRepresentation  - org/jsoup/parser/Parser.java:98: error: cannot find symbol
        if (data.endsWith("-")) // i.e. was -->
            ^
  symbol:   variable data
  location: class Parser
org/jsoup/parser/Parser.java:99: error: cannot find symbol
            data = data.substring(0, data.length()-1);
            ^
  symbol:   variable data
  location: class Parser
org/jsoup/parser/Parser.java:99: error: cannot find symbol
            data = data.substring(0, data.length()-1);
                                     ^
  symbol:   variable data
  location: class Parser
org/jsoup/parser/Parser.java:99: error: cannot find symbol
            data = data.substring(0, data.length()-1);
                   ^
  symbol:   variable data
  location: class Parser
org/jsoup/parser/Parser.java:100: error: cannot find symbol
        Comment comment = new Comment(data, baseUri);
                                      ^
  symbol:   variable data
  location: class Parser
5 errors

1035406 [main] INFO clegoues.genprog4java.rep.CachingRepresentation  - StmtDelete(477) StmtDelete(216) StmtDelete(359) at variant184 fails to compile

1035406 [main] INFO clegoues.genprog4java.fitness.Fitness  - 	 gen: 3 0.0 StmtDelete(477) StmtDelete(216) StmtDelete(359) (stored at: variant184)
1035438 [main] ERROR clegoues.genprog4java.rep.JavaRepresentation  - org/jsoup/nodes/Element.java:130: error: cannot find symbol
				TextNode node = new TextNode(text, baseUri());
				                             ^
  symbol:   variable text
  location: class Element
org/jsoup/nodes/Element.java:130: error: non-static method baseUri() cannot be referenced from a static context
				TextNode node = new TextNode(text, baseUri());
				                                   ^
org/jsoup/nodes/Element.java:131: error: non-static method prependChild(Node) cannot be referenced from a static context
				prependChild(node);
				^
org/jsoup/nodes/Element.java:132: error: incompatible types: unexpected return value
				return this;
				       ^
4 errors

1035438 [main] INFO clegoues.genprog4java.rep.CachingRepresentation  - StmtDelete(648) StmtAppend(28,65) at variant185 fails to compile

1035438 [main] INFO clegoues.genprog4java.fitness.Fitness  - 	 gen: 3 0.0 StmtDelete(648) StmtAppend(28,65) (stored at: variant185)
1036165 [main] INFO clegoues.genprog4java.fitness.Fitness  - 	 gen: 3 1.0 StmtDelete(102) StmtReplace(343,341) (stored at: variant186)
1037053 [main] INFO clegoues.genprog4java.fitness.Fitness  - 	 gen: 3 1.0 StmtDelete(102) StmtDelete(660) (stored at: variant187)
1037086 [main] ERROR clegoues.genprog4java.rep.JavaRepresentation  - org/jsoup/nodes/Element.java:156: error: cannot find symbol
            if (canContainBlock != tag.canContainBlock)
                ^
  symbol:   variable canContainBlock
  location: class Element
org/jsoup/nodes/Element.java:156: error: canContainBlock has private access in Tag
            if (canContainBlock != tag.canContainBlock)
                                      ^
org/jsoup/nodes/Element.java:157: error: incompatible types: boolean cannot be converted to Elements
				return false;
				       ^
3 errors

1037087 [main] INFO clegoues.genprog4java.rep.CachingRepresentation  - StmtReplace(709,678) StmtDelete(144) StmtReplace(462,491) StmtReplace(38,586) at variant188 fails to compile

1037087 [main] INFO clegoues.genprog4java.fitness.Fitness  - 	 gen: 3 0.0 StmtReplace(709,678) StmtDelete(144) StmtReplace(462,491) StmtReplace(38,586) (stored at: variant188)
1037119 [main] ERROR clegoues.genprog4java.rep.JavaRepresentation  - org/jsoup/parser/Parser.java:232: error: cannot find symbol
                implicit.appendChild(head);
                                     ^
  symbol:   variable head
  location: class Parser
1 error

1037119 [main] INFO clegoues.genprog4java.rep.CachingRepresentation  - StmtDelete(730) StmtDelete(695) StmtReplace(597,671) StmtDelete(464) at variant189 fails to compile

1037119 [main] INFO clegoues.genprog4java.fitness.Fitness  - 	 gen: 3 0.0 StmtDelete(730) StmtDelete(695) StmtReplace(597,671) StmtDelete(464) (stored at: variant189)
1037156 [main] ERROR clegoues.genprog4java.rep.JavaRepresentation  - org/jsoup/nodes/Element.java:598: error: cannot find symbol
				empty = true;
				^
  symbol:   variable empty
  location: class Element
1 error

1037156 [main] INFO clegoues.genprog4java.rep.CachingRepresentation  - StmtDelete(274) StmtDelete(639) StmtAppend(191,716) at variant190 fails to compile

1037156 [main] INFO clegoues.genprog4java.fitness.Fitness  - 	 gen: 3 0.0 StmtDelete(274) StmtDelete(639) StmtAppend(191,716) (stored at: variant190)
1037817 [main] INFO clegoues.genprog4java.fitness.Fitness  - 	 gen: 3 0.0 StmtReplace(709,678) StmtDelete(144) StmtDelete(133) StmtAppend(350,503) (stored at: variant191)
1038467 [main] INFO clegoues.genprog4java.fitness.Fitness  - 	 gen: 3 0.0 StmtAppend(644,644) StmtDelete(647) StmtDelete(555) (stored at: variant192)
1038496 [main] ERROR clegoues.genprog4java.rep.JavaRepresentation  - org/jsoup/nodes/Element.java:579: error: cannot find symbol
					text = TextNode.normaliseWhitespace(text);
					^
  symbol:   variable text
  location: class Element
org/jsoup/nodes/Element.java:579: error: cannot find symbol
					text = TextNode.normaliseWhitespace(text);
					                                    ^
  symbol:   variable text
  location: class Element
org/jsoup/nodes/Element.java:581: error: cannot find symbol
						text = TextNode.stripLeadingWhitespace(text);
						^
  symbol:   variable text
  location: class Element
org/jsoup/nodes/Element.java:581: error: cannot find symbol
						text = TextNode.stripLeadingWhitespace(text);
						                                       ^
  symbol:   variable text
  location: class Element
org/jsoup/nodes/Element.java:583: error: cannot find symbol
                String text = textNode.getWholeText();
                              ^
  symbol:   variable textNode
  location: class Element
5 errors

1038496 [main] INFO clegoues.genprog4java.rep.CachingRepresentation  - StmtDelete(102) StmtReplace(183,186) at variant193 fails to compile

1038496 [main] INFO clegoues.genprog4java.fitness.Fitness  - 	 gen: 3 0.0 StmtDelete(102) StmtReplace(183,186) (stored at: variant193)
1038526 [main] ERROR clegoues.genprog4java.rep.JavaRepresentation  - org/jsoup/parser/Parser.java:154: error: cannot find symbol
        addChildToParent(child, isEmptyElement);
                         ^
  symbol:   variable child
  location: class Parser
org/jsoup/parser/Parser.java:167: error: cannot find symbol
            child.appendChild(dataNode);   
            ^
  symbol:   variable child
  location: class Parser
org/jsoup/parser/Parser.java:171: error: cannot find symbol
        if (child.tagName().equals("base")) {
            ^
  symbol:   variable child
  location: class Parser
org/jsoup/parser/Parser.java:172: error: cannot find symbol
            String href = child.absUrl("href");
                          ^
  symbol:   variable child
  location: class Parser
org/jsoup/nodes/Element.java:757: error: cannot find symbol
			Element el = (Element) child;
			                       ^
  symbol:   variable child
  location: class Element
org/jsoup/nodes/Element.java:759: error: incompatible types: boolean cannot be converted to String
				return true;
				       ^
6 errors

1038526 [main] INFO clegoues.genprog4java.rep.CachingRepresentation  - StmtDelete(195) StmtDelete(326) StmtAppend(394,385) StmtReplace(270,214) at variant194 fails to compile

1038526 [main] INFO clegoues.genprog4java.fitness.Fitness  - 	 gen: 3 0.0 StmtDelete(195) StmtDelete(326) StmtAppend(394,385) StmtReplace(270,214) (stored at: variant194)
1038553 [main] ERROR clegoues.genprog4java.rep.JavaRepresentation  - org/jsoup/parser/Parser.java:146: error: Tag(String) has private access in Tag
			tag = new Tag(tagName);
			      ^
1 error

1038553 [main] INFO clegoues.genprog4java.rep.CachingRepresentation  - StmtDelete(618) StmtReplace(397,532) at variant195 fails to compile

1038553 [main] INFO clegoues.genprog4java.fitness.Fitness  - 	 gen: 3 0.0 StmtDelete(618) StmtReplace(397,532) (stored at: variant195)
1038607 [main] ERROR clegoues.genprog4java.rep.JavaRepresentation  - org/jsoup/parser/Parser.java:188: error: cannot find symbol
                value = tq.chompTo(SQ);
                ^
  symbol:   variable value
  location: class Parser
org/jsoup/parser/Parser.java:190: error: cannot find symbol
                value = tq.chompTo(DQ);
                ^
  symbol:   variable value
  location: class Parser
org/jsoup/parser/Parser.java:197: error: cannot find symbol
                value = valueAccum.toString();
                ^
  symbol:   variable value
  location: class Parser
org/jsoup/parser/Parser.java:202: error: cannot find symbol
            return Attribute.createFromEncoded(key, value);
                                                    ^
  symbol:   variable value
  location: class Parser
4 errors

1038607 [main] INFO clegoues.genprog4java.rep.CachingRepresentation  - StmtDelete(274) StmtDelete(639) StmtAppend(422,355) at variant196 fails to compile

1038607 [main] INFO clegoues.genprog4java.fitness.Fitness  - 	 gen: 3 0.0 StmtDelete(274) StmtDelete(639) StmtAppend(422,355) (stored at: variant196)
1038636 [main] ERROR clegoues.genprog4java.rep.JavaRepresentation  - org/jsoup/parser/Parser.java:182: error: cannot find symbol
				if (this.equals(tag))
				                ^
  symbol:   variable tag
  location: class Parser
org/jsoup/parser/Parser.java:183: error: incompatible types: boolean cannot be converted to Attribute
					return true;
					       ^
org/jsoup/parser/Parser.java:191: error: cannot find symbol
                value = tq.chompTo(SQ);
                ^
  symbol:   variable value
  location: class Parser
org/jsoup/parser/Parser.java:193: error: cannot find symbol
                value = tq.chompTo(DQ);
                ^
  symbol:   variable value
  location: class Parser
org/jsoup/parser/Parser.java:200: error: cannot find symbol
                value = valueAccum.toString();
                ^
  symbol:   variable value
  location: class Parser
org/jsoup/parser/Parser.java:205: error: cannot find symbol
            return Attribute.createFromEncoded(key, value);
                                                    ^
  symbol:   variable value
  location: class Parser
6 errors

1038636 [main] INFO clegoues.genprog4java.rep.CachingRepresentation  - StmtReplace(709,678) StmtDelete(144) StmtDelete(133) StmtAppend(422,576) at variant197 fails to compile

1038636 [main] INFO clegoues.genprog4java.fitness.Fitness  - 	 gen: 3 0.0 StmtReplace(709,678) StmtDelete(144) StmtDelete(133) StmtAppend(422,576) (stored at: variant197)
1038665 [main] ERROR clegoues.genprog4java.rep.JavaRepresentation  - org/jsoup/parser/Parser.java:224: error: cannot find symbol
        if (!validAncestor) {
             ^
  symbol:   variable validAncestor
  location: class Parser
1 error

1038665 [main] INFO clegoues.genprog4java.rep.CachingRepresentation  - StmtDelete(477) StmtDelete(216) StmtReplace(457,365) at variant198 fails to compile

1038666 [main] INFO clegoues.genprog4java.fitness.Fitness  - 	 gen: 3 0.0 StmtDelete(477) StmtDelete(216) StmtReplace(457,365) (stored at: variant198)
1039298 [main] INFO clegoues.genprog4java.fitness.Fitness  - 	 gen: 3 1.0 StmtDelete(548) StmtAppend(688,649) StmtDelete(280) StmtAppend(651,624) (stored at: variant199)
1039326 [main] ERROR clegoues.genprog4java.rep.JavaRepresentation  - org/jsoup/parser/Tag.java:45: error: cannot find symbol
        empty();
        ^
  symbol:   method empty()
  location: class Tag
1 error

1039326 [main] INFO clegoues.genprog4java.rep.CachingRepresentation  - StmtAppend(644,644) StmtReplace(524,297) StmtAppend(643,684) at variant200 fails to compile

1039326 [main] INFO clegoues.genprog4java.fitness.Fitness  - 	 gen: 3 0.0 StmtAppend(644,644) StmtReplace(524,297) StmtAppend(643,684) (stored at: variant200)
1040008 [main] INFO clegoues.genprog4java.fitness.Fitness  - 	 gen: 3 1.0 StmtDelete(618) StmtDelete(431) (stored at: variant201)
1040620 [main] INFO clegoues.genprog4java.fitness.Fitness  - 	 gen: 3 0.0 StmtReplace(709,678) StmtAppend(732,647) (stored at: variant202)
1040649 [main] ERROR clegoues.genprog4java.rep.JavaRepresentation  - org/jsoup/nodes/Element.java:326: error: incompatible types: boolean cannot be converted to Element
            return false;
                   ^
1 error

1040649 [main] INFO clegoues.genprog4java.rep.CachingRepresentation  - StmtAppend(630,674) StmtDelete(133) StmtReplace(102,597) at variant203 fails to compile

1040649 [main] INFO clegoues.genprog4java.fitness.Fitness  - 	 gen: 3 0.0 StmtAppend(630,674) StmtDelete(133) StmtReplace(102,597) (stored at: variant203)
1041350 [main] INFO clegoues.genprog4java.fitness.Fitness  - 	 gen: 3 0.0 StmtDelete(280) StmtDelete(375) (stored at: variant204)
1041380 [main] ERROR clegoues.genprog4java.rep.JavaRepresentation  - org/jsoup/nodes/Element.java:220: error: incompatible types: boolean cannot be converted to Element
			return true;
			       ^
org/jsoup/nodes/Element.java:221: error: cannot find symbol
        appendChild(child);
                    ^
  symbol:   variable child
  location: class Element
org/jsoup/nodes/Element.java:222: error: cannot find symbol
        return child;
               ^
  symbol:   variable child
  location: class Element
3 errors

1041380 [main] INFO clegoues.genprog4java.rep.CachingRepresentation  - StmtDelete(548) StmtDelete(213) StmtReplace(54,577) at variant205 fails to compile

1041380 [main] INFO clegoues.genprog4java.fitness.Fitness  - 	 gen: 3 0.0 StmtDelete(548) StmtDelete(213) StmtReplace(54,577) (stored at: variant205)
1042002 [main] INFO clegoues.genprog4java.fitness.Fitness  - 	 gen: 3 1.0 StmtReplace(615,645) (stored at: variant206)
1042029 [main] ERROR clegoues.genprog4java.rep.JavaRepresentation  - org/jsoup/nodes/Element.java:444: error: missing return statement
    }
    ^
1 error

1042029 [main] INFO clegoues.genprog4java.rep.CachingRepresentation  - StmtDelete(477) StmtDelete(148) at variant207 fails to compile

1042029 [main] INFO clegoues.genprog4java.fitness.Fitness  - 	 gen: 3 0.0 StmtDelete(477) StmtDelete(148) (stored at: variant207)
1042053 [main] ERROR clegoues.genprog4java.rep.JavaRepresentation  - org/jsoup/parser/Parser.java:289: error: unreachable statement
					elToClose = el;
					^
1 error

1042053 [main] INFO clegoues.genprog4java.rep.CachingRepresentation  - StmtAppend(507,506) at variant208 fails to compile

1042053 [main] INFO clegoues.genprog4java.fitness.Fitness  - 	 gen: 3 0.0 StmtAppend(507,506) (stored at: variant208)
1042083 [main] ERROR clegoues.genprog4java.rep.JavaRepresentation  - org/jsoup/nodes/Element.java:293: error: cannot find symbol
				if (wrap == null)
				    ^
  symbol:   variable wrap
  location: class Element
1 error

1042083 [main] INFO clegoues.genprog4java.rep.CachingRepresentation  - StmtAppend(688,649) StmtDelete(280) StmtAppend(84,95) at variant209 fails to compile

1042083 [main] INFO clegoues.genprog4java.fitness.Fitness  - 	 gen: 3 0.0 StmtAppend(688,649) StmtDelete(280) StmtAppend(84,95) (stored at: variant209)
1042112 [main] ERROR clegoues.genprog4java.rep.JavaRepresentation  - org/jsoup/parser/Tag.java:95: error: incompatible types: Tag cannot be converted to boolean
				return register(inline);
				               ^
1 error

1042112 [main] INFO clegoues.genprog4java.rep.CachingRepresentation  - StmtAppend(547,693) at variant210 fails to compile

1042112 [main] INFO clegoues.genprog4java.fitness.Fitness  - 	 gen: 3 0.0 StmtAppend(547,693) (stored at: variant210)
1042735 [main] INFO clegoues.genprog4java.fitness.Fitness  - 	 gen: 3 1.0 StmtReplace(477,405) StmtDelete(623) StmtReplace(508,365) (stored at: variant211)
1042914 [main] INFO clegoues.genprog4java.fitness.Fitness  - 	 gen: 3 1.0 StmtDelete(389) (stored at: variant212)
1043655 [main] INFO clegoues.genprog4java.fitness.Fitness  - 	 gen: 3 0.0 StmtDelete(730) StmtDelete(695) StmtDelete(586) (stored at: variant213)
1044296 [main] INFO clegoues.genprog4java.fitness.Fitness  - 	 gen: 3 0.0 StmtDelete(133) StmtAppend(350,341) (stored at: variant214)
1044329 [main] ERROR clegoues.genprog4java.rep.JavaRepresentation  - org/jsoup/nodes/Element.java:257: error: cannot find symbol
        Validate.notNull(html);
                         ^
  symbol:   variable html
  location: class Element
1 error

1044329 [main] INFO clegoues.genprog4java.rep.CachingRepresentation  - StmtReplace(709,678) StmtReplace(67,318) at variant215 fails to compile

1044329 [main] INFO clegoues.genprog4java.fitness.Fitness  - 	 gen: 3 0.0 StmtReplace(709,678) StmtReplace(67,318) (stored at: variant215)
1044362 [main] ERROR clegoues.genprog4java.rep.JavaRepresentation  - org/jsoup/nodes/Element.java:378: error: cannot find symbol
        Validate.notNull(index);
                         ^
  symbol:   variable index
  location: class Element
org/jsoup/nodes/Element.java:379: error: cannot find symbol
        if (index > 0)
            ^
  symbol:   variable index
  location: class Element
org/jsoup/nodes/Element.java:380: error: cannot find symbol
            return siblings.get(index-1);
                                ^
  symbol:   variable index
  location: class Element
3 errors

1044362 [main] INFO clegoues.genprog4java.rep.CachingRepresentation  - StmtDelete(647) StmtDelete(124) at variant216 fails to compile

1044362 [main] INFO clegoues.genprog4java.fitness.Fitness  - 	 gen: 3 0.0 StmtDelete(647) StmtDelete(124) (stored at: variant216)
1045007 [main] INFO clegoues.genprog4java.fitness.Fitness  - 	 gen: 3 1.0 StmtDelete(695) StmtReplace(597,671) StmtReplace(671,635) (stored at: variant217)
1141431 [main] INFO clegoues.genprog4java.fitness.Fitness  - 	 gen: 3 1.0 StmtDelete(133) StmtDelete(347) (stored at: variant218)
1141459 [main] ERROR clegoues.genprog4java.rep.JavaRepresentation  - org/jsoup/parser/Parser.java:175: error: cannot find symbol
				if (child.tagName.equals("base") || child.tagName.equals("script") || child.tagName.equals("noscript")
				         ^
  symbol:   variable tagName
  location: variable child of type Element
org/jsoup/parser/Parser.java:175: error: cannot find symbol
				if (child.tagName.equals("base") || child.tagName.equals("script") || child.tagName.equals("noscript")
				                                         ^
  symbol:   variable tagName
  location: variable child of type Element
org/jsoup/parser/Parser.java:175: error: cannot find symbol
				if (child.tagName.equals("base") || child.tagName.equals("script") || child.tagName.equals("noscript")
				                                                                           ^
  symbol:   variable tagName
  location: variable child of type Element
org/jsoup/parser/Parser.java:176: error: cannot find symbol
						|| child.tagName.equals("link") || child.tagName.equals("meta") || child.tagName.equals("title")
						        ^
  symbol:   variable tagName
  location: variable child of type Element
org/jsoup/parser/Parser.java:176: error: cannot find symbol
						|| child.tagName.equals("link") || child.tagName.equals("meta") || child.tagName.equals("title")
						                                        ^
  symbol:   variable tagName
  location: variable child of type Element
org/jsoup/parser/Parser.java:176: error: cannot find symbol
						|| child.tagName.equals("link") || child.tagName.equals("meta") || child.tagName.equals("title")
						                                                                        ^
  symbol:   variable tagName
  location: variable child of type Element
org/jsoup/parser/Parser.java:177: error: cannot find symbol
						|| child.tagName.equals("style") || child.tagName.equals("object")) {
						        ^
  symbol:   variable tagName
  location: variable child of type Element
org/jsoup/parser/Parser.java:177: error: cannot find symbol
						|| child.tagName.equals("style") || child.tagName.equals("object")) {
						                                         ^
  symbol:   variable tagName
  location: variable child of type Element
org/jsoup/parser/Parser.java:178: error: incompatible types: unexpected return value
					return true;
					       ^
org/jsoup/parser/Parser.java:180: error: incompatible types: unexpected return value
				return false;
				       ^
10 errors

1141459 [main] INFO clegoues.genprog4java.rep.CachingRepresentation  - StmtReplace(709,678) StmtDelete(144) StmtDelete(133) StmtAppend(412,548) at variant219 fails to compile

1141459 [main] INFO clegoues.genprog4java.fitness.Fitness  - 	 gen: 3 0.0 StmtReplace(709,678) StmtDelete(144) StmtDelete(133) StmtAppend(412,548) (stored at: variant219)
1141485 [main] ERROR clegoues.genprog4java.rep.JavaRepresentation  - org/jsoup/parser/Parser.java:170: error: cannot find symbol
                if (child.tagName.equals("base") || child.tagName.equals("script") || child.tagName.equals("noscript")
                         ^
  symbol:   variable tagName
  location: variable child of type Element
org/jsoup/parser/Parser.java:170: error: cannot find symbol
                if (child.tagName.equals("base") || child.tagName.equals("script") || child.tagName.equals("noscript")
                                                         ^
  symbol:   variable tagName
  location: variable child of type Element
org/jsoup/parser/Parser.java:170: error: cannot find symbol
                if (child.tagName.equals("base") || child.tagName.equals("script") || child.tagName.equals("noscript")
                                                                                           ^
  symbol:   variable tagName
  location: variable child of type Element
org/jsoup/parser/Parser.java:171: error: cannot find symbol
						|| child.tagName.equals("link") || child.tagName.equals("meta") || child.tagName.equals("title")
						        ^
  symbol:   variable tagName
  location: variable child of type Element
org/jsoup/parser/Parser.java:171: error: cannot find symbol
						|| child.tagName.equals("link") || child.tagName.equals("meta") || child.tagName.equals("title")
						                                        ^
  symbol:   variable tagName
  location: variable child of type Element
org/jsoup/parser/Parser.java:171: error: cannot find symbol
						|| child.tagName.equals("link") || child.tagName.equals("meta") || child.tagName.equals("title")
						                                                                        ^
  symbol:   variable tagName
  location: variable child of type Element
org/jsoup/parser/Parser.java:172: error: cannot find symbol
						|| child.tagName.equals("style") || child.tagName.equals("object")) {
						        ^
  symbol:   variable tagName
  location: variable child of type Element
org/jsoup/parser/Parser.java:172: error: cannot find symbol
						|| child.tagName.equals("style") || child.tagName.equals("object")) {
						                                         ^
  symbol:   variable tagName
  location: variable child of type Element
org/jsoup/parser/Parser.java:173: error: incompatible types: unexpected return value
					return true;
					       ^
9 errors

1141485 [main] INFO clegoues.genprog4java.rep.CachingRepresentation  - StmtDelete(216) StmtReplace(417,549) at variant220 fails to compile

1141485 [main] INFO clegoues.genprog4java.fitness.Fitness  - 	 gen: 3 0.0 StmtDelete(216) StmtReplace(417,549) (stored at: variant220)
1141510 [main] ERROR clegoues.genprog4java.rep.JavaRepresentation  - org/jsoup/parser/Parser.java:259: error: cannot find symbol
            if (parent2.isValidParent(childTag)) {
                ^
  symbol:   variable parent2
  location: class Parser
1 error

1141511 [main] INFO clegoues.genprog4java.rep.CachingRepresentation  - StmtDelete(481) at variant221 fails to compile

1141511 [main] INFO clegoues.genprog4java.fitness.Fitness  - 	 gen: 3 0.0 StmtDelete(481) (stored at: variant221)
1142415 [main] INFO clegoues.genprog4java.fitness.Fitness  - 	 gen: 3 1.0 StmtDelete(195) StmtAppend(626,643) (stored at: variant222)
1142427 [main] ERROR clegoues.genprog4java.rep.JavaRepresentation  - org/jsoup/parser/Parser.java:124: error: ';' expected
    private void parseStartTag() tq.consumeWhitespace();
                                ^
1 error

1142427 [main] INFO clegoues.genprog4java.rep.CachingRepresentation  - StmtDelete(548) StmtAppend(688,649) StmtAppend(53,4) StmtReplace(379,420) at variant223 fails to compile

1142427 [main] INFO clegoues.genprog4java.fitness.Fitness  - 	 gen: 3 0.0 StmtDelete(548) StmtAppend(688,649) StmtAppend(53,4) StmtReplace(379,420) (stored at: variant223)
1142455 [main] ERROR clegoues.genprog4java.rep.JavaRepresentation  - org/jsoup/parser/Tag.java:45: error: cannot find symbol
        empty();
        ^
  symbol:   method empty()
  location: class Tag
1 error

1142455 [main] INFO clegoues.genprog4java.rep.CachingRepresentation  - StmtReplace(524,297) StmtReplace(644,635) at variant224 fails to compile

1142455 [main] INFO clegoues.genprog4java.fitness.Fitness  - 	 gen: 3 0.0 StmtReplace(524,297) StmtReplace(644,635) (stored at: variant224)
1142489 [main] ERROR clegoues.genprog4java.rep.JavaRepresentation  - org/jsoup/nodes/Element.java:635: error: incompatible types: Element cannot be converted to boolean
					return this;
					       ^
1 error

1142489 [main] INFO clegoues.genprog4java.rep.CachingRepresentation  - StmtReplace(217,43) StmtAppend(297,2) at variant225 fails to compile

1142489 [main] INFO clegoues.genprog4java.fitness.Fitness  - 	 gen: 3 0.0 StmtReplace(217,43) StmtAppend(297,2) (stored at: variant225)
1142489 [main] INFO clegoues.genprog4java.Search.Search  - search: generation4
1144416 [main] INFO clegoues.genprog4java.fitness.Fitness  - 	 gen: 4 1.0 StmtDelete(102) StmtDelete(660) StmtAppend(354,322) (stored at: variant226)
1144442 [main] ERROR clegoues.genprog4java.rep.JavaRepresentation  - org/jsoup/parser/Parser.java:162: error: variable dataNode might not have been initialized
            child.appendChild(dataNode);   
                              ^
1 error

1144443 [main] INFO clegoues.genprog4java.rep.CachingRepresentation  - StmtDelete(695) StmtReplace(597,671) StmtReplace(671,635) StmtDelete(409) at variant227 fails to compile

1144443 [main] INFO clegoues.genprog4java.fitness.Fitness  - 	 gen: 4 0.0 StmtDelete(695) StmtReplace(597,671) StmtReplace(671,635) StmtDelete(409) (stored at: variant227)
1144468 [main] ERROR clegoues.genprog4java.rep.JavaRepresentation  - org/jsoup/parser/Parser.java:105: error: incompatible types: unexpected return value
			return true;
			       ^
1 error

1144468 [main] INFO clegoues.genprog4java.rep.CachingRepresentation  - StmtDelete(102) StmtReplace(343,341) StmtReplace(365,550) at variant228 fails to compile

1144468 [main] INFO clegoues.genprog4java.fitness.Fitness  - 	 gen: 4 0.0 StmtDelete(102) StmtReplace(343,341) StmtReplace(365,550) (stored at: variant228)
1144499 [main] ERROR clegoues.genprog4java.rep.JavaRepresentation  - org/jsoup/nodes/Element.java:591: error: cannot find symbol
                if (accum.length() > 0 && element.isBlock() && !TextNode.lastCharIsWhitespace(accum))
                                          ^
  symbol:   variable element
  location: class Element
org/jsoup/nodes/Element.java:593: error: cannot find symbol
                element.text(accum);
                ^
  symbol:   variable element
  location: class Element
2 errors

1144499 [main] INFO clegoues.genprog4java.rep.CachingRepresentation  - StmtDelete(102) StmtDelete(482) StmtDelete(193) at variant229 fails to compile

1144499 [main] INFO clegoues.genprog4java.fitness.Fitness  - 	 gen: 4 0.0 StmtDelete(102) StmtDelete(482) StmtDelete(193) (stored at: variant229)
1336757 [main] INFO clegoues.genprog4java.fitness.Fitness  - 	 gen: 4 1.0 StmtDelete(389) StmtDelete(85) (stored at: variant230)
1336793 [main] ERROR clegoues.genprog4java.rep.JavaRepresentation  - org/jsoup/nodes/Element.java:576: error: cannot find symbol
				Element el = (Element) child;
				                       ^
  symbol:   variable child
  location: class Element
org/jsoup/nodes/Element.java:578: error: incompatible types: boolean cannot be converted to String
					return true;
					       ^
org/jsoup/nodes/Element.java:581: error: cannot find symbol
        text(sb);
             ^
  symbol:   variable sb
  location: class Element
org/jsoup/nodes/Element.java:582: error: cannot find symbol
        return sb.toString().trim();
               ^
  symbol:   variable sb
  location: class Element
4 errors

1336793 [main] INFO clegoues.genprog4java.rep.CachingRepresentation  - StmtReplace(477,405) StmtDelete(623) StmtReplace(508,365) StmtAppend(175,214) at variant231 fails to compile

1336793 [main] INFO clegoues.genprog4java.fitness.Fitness  - 	 gen: 4 0.0 StmtReplace(477,405) StmtDelete(623) StmtReplace(508,365) StmtAppend(175,214) (stored at: variant231)
1336818 [main] ERROR clegoues.genprog4java.rep.JavaRepresentation  - org/jsoup/parser/Parser.java:256: error: cannot find symbol
            Validate.notNull(tag);
                             ^
  symbol:   variable tag
  location: class Parser
org/jsoup/parser/Parser.java:257: error: cannot find symbol
            Tag parent2 = el.tag();
                          ^
  symbol:   variable el
  location: class Parser
2 errors

1336818 [main] INFO clegoues.genprog4java.rep.CachingRepresentation  - StmtDelete(618) StmtDelete(621) StmtReplace(480,2) at variant232 fails to compile

1336818 [main] INFO clegoues.genprog4java.fitness.Fitness  - 	 gen: 4 0.0 StmtDelete(618) StmtDelete(621) StmtReplace(480,2) (stored at: variant232)
1337528 [main] INFO clegoues.genprog4java.fitness.Fitness  - 	 gen: 4 1.0 StmtDelete(195) StmtAppend(626,643) StmtDelete(624) (stored at: variant233)
1433986 [main] INFO clegoues.genprog4java.fitness.Fitness  - 	 gen: 4 0.0 StmtDelete(133) StmtDelete(347) StmtDelete(420) (stored at: variant234)
1434011 [main] ERROR clegoues.genprog4java.rep.JavaRepresentation  - org/jsoup/parser/Parser.java:192: error: incompatible types: Parser cannot be converted to Attribute
                    return this;
                           ^
1 error

1434011 [main] INFO clegoues.genprog4java.rep.CachingRepresentation  - StmtDelete(102) StmtReplace(343,341) StmtReplace(437,52) at variant235 fails to compile

1434011 [main] INFO clegoues.genprog4java.fitness.Fitness  - 	 gen: 4 0.0 StmtDelete(102) StmtReplace(343,341) StmtReplace(437,52) (stored at: variant235)
1434546 [main] INFO clegoues.genprog4java.fitness.Fitness  - 	 gen: 4 1.0 StmtReplace(477,405) StmtDelete(623) StmtReplace(508,365) StmtDelete(519) (stored at: variant236)
1434576 [main] ERROR clegoues.genprog4java.rep.JavaRepresentation  - org/jsoup/nodes/Element.java:284: error: cannot find symbol
    public Element prepend(String html) {{Validate.notNull(html);Element fragment=Parser.parseBodyFragment(html,baseUri).body();List<Node> nodes=fragment.childNodes();for (int i=nodes.size() - 1;i >= 0;i--){Node node=nodes.get(i);node.parentNode=null;prependChild(node);}return this;}Validate.notNull(className);}
                                                                                                                                                                                                                                                                                                             ^
  symbol:   variable className
  location: class Element
1 error

1434576 [main] INFO clegoues.genprog4java.rep.CachingRepresentation  - StmtReplace(477,405) StmtDelete(623) StmtReplace(508,365) StmtAppend(77,248) at variant237 fails to compile

1434576 [main] INFO clegoues.genprog4java.fitness.Fitness  - 	 gen: 4 0.0 StmtReplace(477,405) StmtDelete(623) StmtReplace(508,365) StmtAppend(77,248) (stored at: variant237)
1435211 [main] INFO clegoues.genprog4java.fitness.Fitness  - 	 gen: 4 1.0 StmtDelete(102) StmtReplace(343,341) StmtAppend(643,659) (stored at: variant238)
1435841 [main] INFO clegoues.genprog4java.fitness.Fitness  - 	 gen: 4 1.0 StmtDelete(102) StmtReplace(343,341) StmtAppend(190,236) (stored at: variant239)
1436486 [main] INFO clegoues.genprog4java.fitness.Fitness  - 	 gen: 4 0.0 StmtDelete(133) StmtAppend(350,341) StmtDelete(484) (stored at: variant240)
1436516 [main] ERROR clegoues.genprog4java.rep.JavaRepresentation  - org/jsoup/parser/Parser.java:291: error: incompatible types: Parser cannot be converted to Element
					return this;
					       ^
1 error

1436516 [main] INFO clegoues.genprog4java.rep.CachingRepresentation  - StmtDelete(102) StmtDelete(445) StmtAppend(512,252) at variant241 fails to compile

1436516 [main] INFO clegoues.genprog4java.fitness.Fitness  - 	 gen: 4 0.0 StmtDelete(102) StmtDelete(445) StmtAppend(512,252) (stored at: variant241)
1436553 [main] ERROR clegoues.genprog4java.rep.JavaRepresentation  - org/jsoup/parser/Parser.java:154: error: cannot find symbol
        addChildToParent(child, isEmptyElement);
                         ^
  symbol:   variable child
  location: class Parser
org/jsoup/parser/Parser.java:167: error: cannot find symbol
            child.appendChild(dataNode);   
            ^
  symbol:   variable child
  location: class Parser
org/jsoup/parser/Parser.java:171: error: cannot find symbol
        if (child.tagName().equals("base")) {
            ^
  symbol:   variable child
  location: class Parser
org/jsoup/parser/Parser.java:172: error: cannot find symbol
            String href = child.absUrl("href");
                          ^
  symbol:   variable child
  location: class Parser
org/jsoup/nodes/Element.java:757: error: cannot find symbol
			Element el = (Element) child;
			                       ^
  symbol:   variable child
  location: class Element
org/jsoup/nodes/Element.java:759: error: incompatible types: boolean cannot be converted to String
				return true;
				       ^
6 errors

1436553 [main] INFO clegoues.genprog4java.rep.CachingRepresentation  - StmtDelete(195) StmtDelete(326) StmtAppend(394,385) StmtReplace(270,214) StmtAppend(577,539) at variant242 fails to compile

1436553 [main] INFO clegoues.genprog4java.fitness.Fitness  - 	 gen: 4 0.0 StmtDelete(195) StmtDelete(326) StmtAppend(394,385) StmtReplace(270,214) StmtAppend(577,539) (stored at: variant242)
1436589 [main] ERROR clegoues.genprog4java.rep.JavaRepresentation  - org/jsoup/nodes/Element.java:406: error: cannot find symbol
        {List<Element> siblings=parent().children();childNodes.add(child);}
                                                                   ^
  symbol:   variable child
  location: class Element
org/jsoup/nodes/Element.java:407: error: cannot find symbol
        return siblings.size() > 1 ? siblings.get(siblings.size() - 1) : null;
               ^
  symbol:   variable siblings
  location: class Element
org/jsoup/nodes/Element.java:407: error: cannot find symbol
        return siblings.size() > 1 ? siblings.get(siblings.size() - 1) : null;
                                                  ^
  symbol:   variable siblings
  location: class Element
org/jsoup/nodes/Element.java:407: error: cannot find symbol
        return siblings.size() > 1 ? siblings.get(siblings.size() - 1) : null;
                                     ^
  symbol:   variable siblings
  location: class Element
4 errors

1436589 [main] INFO clegoues.genprog4java.rep.CachingRepresentation  - StmtDelete(102) StmtReplace(343,341) StmtAppend(137,46) at variant243 fails to compile

1436589 [main] INFO clegoues.genprog4java.fitness.Fitness  - 	 gen: 4 0.0 StmtDelete(102) StmtReplace(343,341) StmtAppend(137,46) (stored at: variant243)
1436622 [main] ERROR clegoues.genprog4java.rep.JavaRepresentation  - org/jsoup/parser/Tag.java:184: error: missing return statement
    }
    ^
1 error

1436622 [main] INFO clegoues.genprog4java.rep.CachingRepresentation  - StmtReplace(477,405) StmtDelete(623) StmtReplace(508,365) StmtDelete(598) at variant244 fails to compile

1436622 [main] INFO clegoues.genprog4java.fitness.Fitness  - 	 gen: 4 0.0 StmtReplace(477,405) StmtDelete(623) StmtReplace(508,365) StmtDelete(598) (stored at: variant244)
1436632 [main] ERROR clegoues.genprog4java.rep.JavaRepresentation  - org/jsoup/nodes/Element.java:284: error: ';' expected
    public Element prepend(String html) Validate.notNull(tagName);
                                       ^
1 error

1436632 [main] INFO clegoues.genprog4java.rep.CachingRepresentation  - StmtDelete(102) StmtReplace(343,341) StmtReplace(77,524) at variant245 fails to compile

1436632 [main] INFO clegoues.genprog4java.fitness.Fitness  - 	 gen: 4 0.0 StmtDelete(102) StmtReplace(343,341) StmtReplace(77,524) (stored at: variant245)
1436664 [main] ERROR clegoues.genprog4java.rep.JavaRepresentation  - org/jsoup/nodes/Element.java:366: error: missing return statement
    }
    ^
1 error

1436664 [main] INFO clegoues.genprog4java.rep.CachingRepresentation  - StmtDelete(389) StmtDelete(120) at variant246 fails to compile

1436664 [main] INFO clegoues.genprog4java.fitness.Fitness  - 	 gen: 4 0.0 StmtDelete(389) StmtDelete(120) (stored at: variant246)
1436722 [main] ERROR clegoues.genprog4java.rep.JavaRepresentation  - org/jsoup/nodes/Element.java:580: error: cannot find symbol
            this.tagName = tagName.toLowerCase();
                ^
  symbol: variable tagName
org/jsoup/nodes/Element.java:580: error: cannot find symbol
            this.tagName = tagName.toLowerCase();
                           ^
  symbol:   variable tagName
  location: class Element
2 errors

1436722 [main] INFO clegoues.genprog4java.rep.CachingRepresentation  - StmtReplace(477,405) StmtDelete(623) StmtReplace(508,365) StmtReplace(181,520) at variant247 fails to compile

1436723 [main] INFO clegoues.genprog4java.fitness.Fitness  - 	 gen: 4 0.0 StmtReplace(477,405) StmtDelete(623) StmtReplace(508,365) StmtReplace(181,520) (stored at: variant247)
1436751 [main] ERROR clegoues.genprog4java.rep.JavaRepresentation  - org/jsoup/nodes/Element.java:339: error: incompatible types: boolean cannot be converted to Element
			return true;
			       ^
1 error

1436751 [main] INFO clegoues.genprog4java.rep.CachingRepresentation  - StmtDelete(102) StmtDelete(660) StmtAppend(110,598) at variant248 fails to compile

1436751 [main] INFO clegoues.genprog4java.fitness.Fitness  - 	 gen: 4 0.0 StmtDelete(102) StmtDelete(660) StmtAppend(110,598) (stored at: variant248)
1437412 [main] INFO clegoues.genprog4java.fitness.Fitness  - 	 gen: 4 0.0 StmtDelete(102) StmtDelete(660) StmtDelete(448) (stored at: variant249)
1725456 [main] INFO clegoues.genprog4java.fitness.Fitness  - 	 gen: 4 0.0 StmtDelete(389) StmtAppend(658,676) (stored at: variant250)
1726364 [main] INFO clegoues.genprog4java.fitness.Fitness  - 	 gen: 4 0.0 StmtDelete(618) StmtDelete(431) StmtAppend(297,297) (stored at: variant251)
2014410 [main] INFO clegoues.genprog4java.fitness.Fitness  - 	 gen: 4 0.0 StmtDelete(195) StmtAppend(626,643) StmtDelete(354) (stored at: variant252)
2015057 [main] INFO clegoues.genprog4java.fitness.Fitness  - 	 gen: 4 0.0 StmtDelete(195) StmtAppend(626,643) StmtReplace(544,649) (stored at: variant253)
2015089 [main] ERROR clegoues.genprog4java.rep.JavaRepresentation  - org/jsoup/parser/Parser.java:98: error: cannot find symbol
        if (data.endsWith("-")) // i.e. was -->
            ^
  symbol:   variable data
  location: class Parser
org/jsoup/parser/Parser.java:99: error: cannot find symbol
            data = data.substring(0, data.length()-1);
            ^
  symbol:   variable data
  location: class Parser
org/jsoup/parser/Parser.java:99: error: cannot find symbol
            data = data.substring(0, data.length()-1);
                                     ^
  symbol:   variable data
  location: class Parser
org/jsoup/parser/Parser.java:99: error: cannot find symbol
            data = data.substring(0, data.length()-1);
                   ^
  symbol:   variable data
  location: class Parser
org/jsoup/parser/Parser.java:100: error: cannot find symbol
        Comment comment = new Comment(data, baseUri);
                                      ^
  symbol:   variable data
  location: class Parser
org/jsoup/nodes/Element.java:579: error: cannot find symbol
        {for (Node child:childNodes){if (child instanceof TextNode){TextNode textNode=(TextNode)child;String text=textNode.getWholeText();if (!preserveWhitespace()){text=TextNode.normaliseWhitespace(text);if (TextNode.lastCharIsWhitespace(accum))text=TextNode.stripLeadingWhitespace(text);}accum.append(text);} else if (child instanceof Element){Element element=(Element)child;if (accum.length() > 0 && element.isBlock() && !TextNode.lastCharIsWhitespace(accum))accum.append(" ");element.text(accum);}}{TextNode textNode=(TextNode)child;if (!textNode.isBlank())return true;}}
                                                                                                                                                                                                                                                                                                                                                                                                                                                                                                                                                   ^
  symbol:   variable child
  location: class Element
org/jsoup/nodes/Element.java:579: error: incompatible types: unexpected return value
        {for (Node child:childNodes){if (child instanceof TextNode){TextNode textNode=(TextNode)child;String text=textNode.getWholeText();if (!preserveWhitespace()){text=TextNode.normaliseWhitespace(text);if (TextNode.lastCharIsWhitespace(accum))text=TextNode.stripLeadingWhitespace(text);}accum.append(text);} else if (child instanceof Element){Element element=(Element)child;if (accum.length() > 0 && element.isBlock() && !TextNode.lastCharIsWhitespace(accum))accum.append(" ");element.text(accum);}}{TextNode textNode=(TextNode)child;if (!textNode.isBlank())return true;}}
                                                                                                                                                                                                                                                                                                                                                                                                                                                                                                                                                                                        ^
7 errors

2015089 [main] INFO clegoues.genprog4java.rep.CachingRepresentation  - StmtDelete(477) StmtDelete(216) StmtDelete(359) StmtAppend(179,209) at variant254 fails to compile

2015089 [main] INFO clegoues.genprog4java.fitness.Fitness  - 	 gen: 4 0.0 StmtDelete(477) StmtDelete(216) StmtDelete(359) StmtAppend(179,209) (stored at: variant254)
2015992 [main] INFO clegoues.genprog4java.fitness.Fitness  - 	 gen: 4 1.0 StmtDelete(195) StmtAppend(626,643) StmtDelete(459) (stored at: variant255)
2016697 [main] INFO clegoues.genprog4java.fitness.Fitness  - 	 gen: 4 1.0 StmtDelete(102) StmtReplace(343,341) StmtAppend(280,236) (stored at: variant256)
2016730 [main] ERROR clegoues.genprog4java.rep.JavaRepresentation  - org/jsoup/parser/Parser.java:112: error: cannot find symbol
		Validate.notNull(tag);
		                 ^
  symbol:   variable tag
  location: class Parser
1 error

2016730 [main] INFO clegoues.genprog4java.rep.CachingRepresentation  - StmtDelete(195) StmtAppend(626,643) StmtAppend(364,2) at variant257 fails to compile

2016730 [main] INFO clegoues.genprog4java.fitness.Fitness  - 	 gen: 4 0.0 StmtDelete(195) StmtAppend(626,643) StmtAppend(364,2) (stored at: variant257)
2016761 [main] ERROR clegoues.genprog4java.rep.JavaRepresentation  - org/jsoup/nodes/Element.java:328: error: cannot find symbol
                remainder.parentNode.removeChild(remainder);
                                                 ^
  symbol:   variable remainder
  location: class Element
org/jsoup/nodes/Element.java:328: error: package remainder does not exist
                remainder.parentNode.removeChild(remainder);
                         ^
org/jsoup/nodes/Element.java:329: error: cannot find symbol
                wrap.appendChild(remainder);
                                 ^
  symbol:   variable remainder
  location: class Element
3 errors

2016761 [main] INFO clegoues.genprog4java.rep.CachingRepresentation  - StmtDelete(618) StmtDelete(431) StmtAppend(104,237) at variant258 fails to compile

2016761 [main] INFO clegoues.genprog4java.fitness.Fitness  - 	 gen: 4 0.0 StmtDelete(618) StmtDelete(431) StmtAppend(104,237) (stored at: variant258)
2304810 [main] INFO clegoues.genprog4java.fitness.Fitness  - 	 gen: 4 0.0 StmtDelete(389) StmtAppend(351,400) (stored at: variant259)
2304878 [main] ERROR clegoues.genprog4java.rep.JavaRepresentation  - org/jsoup/nodes/Element.java:120: error: cannot find symbol
				TextNode node = new TextNode(text, baseUri());
				                             ^
  symbol:   variable text
  location: class Element
org/jsoup/nodes/Element.java:122: error: incompatible types: Element cannot be converted to Elements
				return this;
				       ^
org/jsoup/nodes/Element.java:125: error: cannot find symbol
        accumulateParents(this, parents);
                                ^
  symbol:   variable parents
  location: class Element
org/jsoup/nodes/Element.java:126: error: cannot find symbol
        return parents;
               ^
  symbol:   variable parents
  location: class Element
4 errors

2304878 [main] INFO clegoues.genprog4java.rep.CachingRepresentation  - StmtDelete(618) StmtDelete(431) StmtAppend(23,65) at variant260 fails to compile

2304878 [main] INFO clegoues.genprog4java.fitness.Fitness  - 	 gen: 4 0.0 StmtDelete(618) StmtDelete(431) StmtAppend(23,65) (stored at: variant260)
2305553 [main] INFO clegoues.genprog4java.fitness.Fitness  - 	 gen: 4 1.0 StmtDelete(102) StmtReplace(343,341) StmtDelete(278) (stored at: variant261)
2497735 [main] INFO clegoues.genprog4java.fitness.Fitness  - 	 gen: 4 1.0 StmtDelete(389) StmtAppend(426,400) (stored at: variant262)
2497761 [main] ERROR clegoues.genprog4java.rep.JavaRepresentation  - org/jsoup/parser/Parser.java:202: error: incompatible types: Document cannot be converted to Attribute
            return doc.normalise();
                                ^
1 error

2497761 [main] INFO clegoues.genprog4java.rep.CachingRepresentation  - StmtDelete(618) StmtDelete(621) StmtReplace(444,356) at variant263 fails to compile

2497761 [main] INFO clegoues.genprog4java.fitness.Fitness  - 	 gen: 4 0.0 StmtDelete(618) StmtDelete(621) StmtReplace(444,356) (stored at: variant263)
2497775 [main] ERROR clegoues.genprog4java.rep.JavaRepresentation  - org/jsoup/parser/Tag.java:139: error: ';' expected
    public boolean isEmpty() createInline("DD").setAncestor("DL").setOptionalClosing();
                            ^
1 error

2497775 [main] INFO clegoues.genprog4java.rep.CachingRepresentation  - StmtReplace(615,645) StmtReplace(566,679) at variant264 fails to compile

2497775 [main] INFO clegoues.genprog4java.fitness.Fitness  - 	 gen: 4 0.0 StmtReplace(615,645) StmtReplace(566,679) (stored at: variant264)
2497807 [main] ERROR clegoues.genprog4java.rep.JavaRepresentation  - org/jsoup/parser/Tag.java:293: error: non-static variable tagName cannot be referenced from a static context
			Validate.notEmpty(tagName);
			                  ^
1 error

2497808 [main] INFO clegoues.genprog4java.rep.CachingRepresentation  - StmtDelete(389) StmtAppend(672,140) at variant265 fails to compile

2497808 [main] INFO clegoues.genprog4java.fitness.Fitness  - 	 gen: 4 0.0 StmtDelete(389) StmtAppend(672,140) (stored at: variant265)
2497817 [main] ERROR clegoues.genprog4java.rep.JavaRepresentation  - org/jsoup/parser/Parser.java:176: error: ';' expected
    private Attribute parseAttribute() tq.consumeWhitespace();
                                      ^
1 error

2497818 [main] INFO clegoues.genprog4java.rep.CachingRepresentation  - StmtDelete(695) StmtReplace(419,423) at variant266 fails to compile

2497818 [main] INFO clegoues.genprog4java.fitness.Fitness  - 	 gen: 4 0.0 StmtDelete(695) StmtReplace(419,423) (stored at: variant266)
2497850 [main] ERROR clegoues.genprog4java.rep.JavaRepresentation  - org/jsoup/parser/Tag.java:190: error: cannot find symbol
        result = 31 * result + (isBlock ? 1 : 0);
        ^
  symbol:   variable result
  location: class Tag
org/jsoup/parser/Tag.java:190: error: cannot find symbol
        result = 31 * result + (isBlock ? 1 : 0);
                      ^
  symbol:   variable result
  location: class Tag
org/jsoup/parser/Tag.java:191: error: cannot find symbol
        result = 31 * result + (canContainBlock ? 1 : 0);
        ^
  symbol:   variable result
  location: class Tag
org/jsoup/parser/Tag.java:191: error: cannot find symbol
        result = 31 * result + (canContainBlock ? 1 : 0);
                      ^
  symbol:   variable result
  location: class Tag
org/jsoup/parser/Tag.java:192: error: cannot find symbol
        result = 31 * result + (canContainInline ? 1 : 0);
        ^
  symbol:   variable result
  location: class Tag
org/jsoup/parser/Tag.java:192: error: cannot find symbol
        result = 31 * result + (canContainInline ? 1 : 0);
                      ^
  symbol:   variable result
  location: class Tag
org/jsoup/parser/Tag.java:193: error: cannot find symbol
        result = 31 * result + (optionalClosing ? 1 : 0);
        ^
  symbol:   variable result
  location: class Tag
org/jsoup/parser/Tag.java:193: error: cannot find symbol
        result = 31 * result + (optionalClosing ? 1 : 0);
                      ^
  symbol:   variable result
  location: class Tag
org/jsoup/parser/Tag.java:194: error: cannot find symbol
        result = 31 * result + (empty ? 1 : 0);
        ^
  symbol:   variable result
  location: class Tag
org/jsoup/parser/Tag.java:194: error: cannot find symbol
        result = 31 * result + (empty ? 1 : 0);
                      ^
  symbol:   variable result
  location: class Tag
org/jsoup/parser/Tag.java:195: error: cannot find symbol
        return result;
               ^
  symbol:   variable result
  location: class Tag
11 errors

2497850 [main] INFO clegoues.genprog4java.rep.CachingRepresentation  - StmtReplace(477,405) StmtDelete(623) StmtReplace(671,635) StmtReplace(600,726) at variant267 fails to compile

2497850 [main] INFO clegoues.genprog4java.fitness.Fitness  - 	 gen: 4 0.0 StmtReplace(477,405) StmtDelete(623) StmtReplace(671,635) StmtReplace(600,726) (stored at: variant267)
2498499 [main] INFO clegoues.genprog4java.fitness.Fitness  - 	 gen: 4 1.0 StmtDelete(431) StmtDelete(200) (stored at: variant268)
2499170 [main] INFO clegoues.genprog4java.fitness.Fitness  - 	 gen: 4 1.0 StmtDelete(623) StmtReplace(508,365) StmtDelete(200) (stored at: variant269)
2499211 [main] ERROR clegoues.genprog4java.rep.JavaRepresentation  - org/jsoup/parser/Parser.java:185: error: incompatible types: unexpected return value
						return root;
						       ^
org/jsoup/parser/Parser.java:190: error: incompatible types: unexpected return value
					return parent;
					       ^
2 errors

2499212 [main] INFO clegoues.genprog4java.rep.CachingRepresentation  - StmtDelete(618) StmtReplace(417,454) at variant270 fails to compile

2499212 [main] INFO clegoues.genprog4java.fitness.Fitness  - 	 gen: 4 0.0 StmtDelete(618) StmtReplace(417,454) (stored at: variant270)
2499804 [main] INFO clegoues.genprog4java.fitness.Fitness  - 	 gen: 4 0.0 StmtDelete(195) StmtReplace(352,372) (stored at: variant271)
2499832 [main] ERROR clegoues.genprog4java.rep.JavaRepresentation  - org/jsoup/parser/Parser.java:98: error: cannot find symbol
        if (data.endsWith("-")) // i.e. was -->
            ^
  symbol:   variable data
  location: class Parser
org/jsoup/parser/Parser.java:99: error: cannot find symbol
            data = data.substring(0, data.length()-1);
            ^
  symbol:   variable data
  location: class Parser
org/jsoup/parser/Parser.java:99: error: cannot find symbol
            data = data.substring(0, data.length()-1);
                                     ^
  symbol:   variable data
  location: class Parser
org/jsoup/parser/Parser.java:99: error: cannot find symbol
            data = data.substring(0, data.length()-1);
                   ^
  symbol:   variable data
  location: class Parser
org/jsoup/parser/Parser.java:100: error: cannot find symbol
        Comment comment = new Comment(data, baseUri);
                                      ^
  symbol:   variable data
  location: class Parser
5 errors

2499832 [main] INFO clegoues.genprog4java.rep.CachingRepresentation  - StmtDelete(133) StmtDelete(216) StmtDelete(359) StmtDelete(541) at variant272 fails to compile

2499833 [main] INFO clegoues.genprog4java.fitness.Fitness  - 	 gen: 4 0.0 StmtDelete(133) StmtDelete(216) StmtDelete(359) StmtDelete(541) (stored at: variant272)
2499865 [main] ERROR clegoues.genprog4java.rep.JavaRepresentation  - org/jsoup/nodes/Element.java:232: error: cannot find symbol
		return canContainBlock;
		       ^
  symbol:   variable canContainBlock
  location: class Element
1 error

2499865 [main] INFO clegoues.genprog4java.rep.CachingRepresentation  - StmtReplace(57,560) at variant273 fails to compile

2499865 [main] INFO clegoues.genprog4java.fitness.Fitness  - 	 gen: 4 0.0 StmtReplace(57,560) (stored at: variant273)
2500493 [main] INFO clegoues.genprog4java.fitness.Fitness  - 	 gen: 4 1.0 StmtReplace(655,632) (stored at: variant274)
2501127 [main] INFO clegoues.genprog4java.fitness.Fitness  - 	 gen: 4 1.0 StmtDelete(195) StmtReplace(343,341) StmtReplace(127,32) (stored at: variant275)
2501191 [main] ERROR clegoues.genprog4java.rep.JavaRepresentation  - org/jsoup/nodes/Element.java:828: error: cannot find symbol
			return tagName;
			       ^
  symbol:   variable tagName
  location: class Element
1 error

2501191 [main] INFO clegoues.genprog4java.rep.CachingRepresentation  - StmtReplace(477,405) StmtReplace(343,341) StmtReplace(303,521) at variant276 fails to compile

2501191 [main] INFO clegoues.genprog4java.fitness.Fitness  - 	 gen: 4 0.0 StmtReplace(477,405) StmtReplace(343,341) StmtReplace(303,521) (stored at: variant276)
2501829 [main] INFO clegoues.genprog4java.fitness.Fitness  - 	 gen: 4 0.0 StmtReplace(508,365) StmtDelete(468) (stored at: variant277)
2502472 [main] INFO clegoues.genprog4java.fitness.Fitness  - 	 gen: 4 0.0 StmtReplace(477,405) StmtReplace(470,443) (stored at: variant278)
2503177 [main] INFO clegoues.genprog4java.fitness.Fitness  - 	 gen: 4 0.0 StmtDelete(195) StmtReplace(508,365) StmtReplace(581,667) (stored at: variant279)
2503799 [main] INFO clegoues.genprog4java.fitness.Fitness  - 	 gen: 4 1.0 StmtDelete(102) StmtAppend(176,322) (stored at: variant280)
2503824 [main] ERROR clegoues.genprog4java.rep.JavaRepresentation  - org/jsoup/parser/Tag.java:184: error: missing return statement
    }
    ^
1 error

2503824 [main] INFO clegoues.genprog4java.rep.CachingRepresentation  - StmtDelete(598) at variant281 fails to compile

2503824 [main] INFO clegoues.genprog4java.fitness.Fitness  - 	 gen: 4 0.0 StmtDelete(598) (stored at: variant281)
2503865 [main] ERROR clegoues.genprog4java.rep.JavaRepresentation  - org/jsoup/nodes/Element.java:208: error: cannot find symbol
			accumulateParents(this, parents);
			                        ^
  symbol:   variable parents
  location: class Element
1 error

2503865 [main] INFO clegoues.genprog4java.rep.CachingRepresentation  - StmtDelete(133) StmtAppend(50,24) at variant282 fails to compile

2503865 [main] INFO clegoues.genprog4java.fitness.Fitness  - 	 gen: 4 0.0 StmtDelete(133) StmtAppend(50,24) (stored at: variant282)
2503901 [main] ERROR clegoues.genprog4java.rep.JavaRepresentation  - org/jsoup/parser/Tag.java:46: error: non-static variable ancestors cannot be referenced from a static context
			ancestors = Collections.emptyList();
			^
1 error

2503901 [main] INFO clegoues.genprog4java.rep.CachingRepresentation  - StmtDelete(618) StmtReplace(524,726) at variant283 fails to compile

2503901 [main] INFO clegoues.genprog4java.fitness.Fitness  - 	 gen: 4 0.0 StmtDelete(618) StmtReplace(524,726) (stored at: variant283)
2503926 [main] ERROR clegoues.genprog4java.rep.JavaRepresentation  - org/jsoup/parser/Parser.java:216: error: incompatible types: unexpected return value
			return true;
			       ^
org/jsoup/parser/Parser.java:218: error: cannot find symbol
        last().appendChild(textNode);
                           ^
  symbol:   variable textNode
  location: class Parser
2 errors

2503926 [main] INFO clegoues.genprog4java.rep.CachingRepresentation  - StmtReplace(452,483) at variant284 fails to compile

2503926 [main] INFO clegoues.genprog4java.fitness.Fitness  - 	 gen: 4 0.0 StmtReplace(452,483) (stored at: variant284)
2503956 [main] ERROR clegoues.genprog4java.rep.JavaRepresentation  - org/jsoup/parser/Parser.java:154: error: cannot find symbol
        addChildToParent(child, isEmptyElement);
                         ^
  symbol:   variable child
  location: class Parser
org/jsoup/parser/Parser.java:167: error: cannot find symbol
            child.appendChild(dataNode);   
            ^
  symbol:   variable child
  location: class Parser
org/jsoup/parser/Parser.java:171: error: cannot find symbol
        if (child.tagName().equals("base")) {
            ^
  symbol:   variable child
  location: class Parser
org/jsoup/parser/Parser.java:172: error: cannot find symbol
            String href = child.absUrl("href");
                          ^
  symbol:   variable child
  location: class Parser
org/jsoup/nodes/Element.java:751: error: cannot find symbol
			Element el = (Element) child;
			                       ^
  symbol:   variable child
  location: class Element
org/jsoup/nodes/Element.java:753: error: incompatible types: boolean cannot be converted to String
				return true;
				       ^
6 errors

2503956 [main] INFO clegoues.genprog4java.rep.CachingRepresentation  - StmtDelete(326) StmtAppend(394,385) StmtReplace(270,214) StmtDelete(100) at variant285 fails to compile

2503956 [main] INFO clegoues.genprog4java.fitness.Fitness  - 	 gen: 4 0.0 StmtDelete(326) StmtAppend(394,385) StmtReplace(270,214) StmtDelete(100) (stored at: variant285)
2504566 [main] INFO clegoues.genprog4java.fitness.Fitness  - 	 gen: 4 1.0 StmtReplace(477,405) StmtReplace(681,649) (stored at: variant286)
2505192 [main] INFO clegoues.genprog4java.fitness.Fitness  - 	 gen: 4 1.0 StmtReplace(508,365) StmtAppend(626,643) (stored at: variant287)
2505220 [main] ERROR clegoues.genprog4java.rep.JavaRepresentation  - org/jsoup/nodes/Element.java:755: error: cannot find symbol
			if (this.tagName.equals("dd") && child.tagName.equals("dt"))
			        ^
  symbol: variable tagName
org/jsoup/nodes/Element.java:755: error: package child does not exist
			if (this.tagName.equals("dd") && child.tagName.equals("dt"))
			                                      ^
org/jsoup/nodes/Element.java:756: error: incompatible types: boolean cannot be converted to String
				return false;
				       ^
3 errors

2505220 [main] INFO clegoues.genprog4java.rep.CachingRepresentation  - StmtReplace(269,555) at variant288 fails to compile

2505220 [main] INFO clegoues.genprog4java.fitness.Fitness  - 	 gen: 4 0.0 StmtReplace(269,555) (stored at: variant288)
2505869 [main] INFO clegoues.genprog4java.fitness.Fitness  - 	 gen: 4 1.0 StmtReplace(343,341) StmtDelete(512) (stored at: variant289)
2505869 [main] INFO clegoues.genprog4java.Search.Search  - search: generation5
2506887 [main] ERROR clegoues.genprog4java.rep.JavaRepresentation  - org/jsoup/nodes/Element.java:443: error: missing return statement
    }
    ^
1 error

2506887 [main] INFO clegoues.genprog4java.rep.CachingRepresentation  - StmtDelete(389) StmtDelete(85) StmtDelete(146) at variant290 fails to compile

2506887 [main] INFO clegoues.genprog4java.fitness.Fitness  - 	 gen: 5 0.0 StmtDelete(389) StmtDelete(85) StmtDelete(146) (stored at: variant290)
2507481 [main] INFO clegoues.genprog4java.fitness.Fitness  - 	 gen: 5 0.0 StmtDelete(195) StmtAppend(626,643) StmtDelete(624) StmtDelete(46) (stored at: variant291)
2507496 [main] ERROR clegoues.genprog4java.rep.JavaRepresentation  - org/jsoup/parser/Tag.java:186: error: ';' expected
    public int hashCode() createInline("PARAM").setAncestor("OBJECT").setEmpty();
                         ^
1 error

2507496 [main] INFO clegoues.genprog4java.rep.CachingRepresentation  - StmtDelete(102) StmtReplace(343,341) StmtDelete(278) StmtReplace(599,674) at variant292 fails to compile

2507496 [main] INFO clegoues.genprog4java.fitness.Fitness  - 	 gen: 5 0.0 StmtDelete(102) StmtReplace(343,341) StmtDelete(278) StmtReplace(599,674) (stored at: variant292)
2508152 [main] INFO clegoues.genprog4java.fitness.Fitness  - 	 gen: 5 1.0 StmtDelete(431) StmtDelete(200) StmtReplace(426,427) (stored at: variant293)
2508176 [main] ERROR clegoues.genprog4java.rep.JavaRepresentation  - org/jsoup/parser/Parser.java:75: error: missing return statement
	}
	^
1 error

2508176 [main] INFO clegoues.genprog4java.rep.CachingRepresentation  - StmtDelete(431) StmtDelete(200) StmtDelete(336) at variant294 fails to compile

2508176 [main] INFO clegoues.genprog4java.fitness.Fitness  - 	 gen: 5 0.0 StmtDelete(431) StmtDelete(200) StmtDelete(336) (stored at: variant294)
2508785 [main] INFO clegoues.genprog4java.fitness.Fitness  - 	 gen: 5 1.0 StmtDelete(623) StmtReplace(508,365) StmtDelete(200) StmtDelete(632) (stored at: variant295)
2509348 [main] INFO clegoues.genprog4java.fitness.Fitness  - 	 gen: 5 0.0 StmtReplace(477,405) StmtDelete(623) StmtReplace(508,365) StmtDelete(519) StmtReplace(584,623) (stored at: variant296)
2509375 [main] ERROR clegoues.genprog4java.rep.JavaRepresentation  - org/jsoup/nodes/Element.java:130: error: cannot find symbol
		accumulateParents(parent, parents);
		                  ^
  symbol:   variable parent
  location: class Element
1 error

2509375 [main] INFO clegoues.genprog4java.rep.CachingRepresentation  - StmtDelete(623) StmtReplace(508,365) StmtDelete(200) StmtAppend(26,31) at variant297 fails to compile

2509375 [main] INFO clegoues.genprog4java.fitness.Fitness  - 	 gen: 5 0.0 StmtDelete(623) StmtReplace(508,365) StmtDelete(200) StmtAppend(26,31) (stored at: variant297)
2509404 [main] ERROR clegoues.genprog4java.rep.JavaRepresentation  - org/jsoup/nodes/Element.java:645: error: cannot find symbol
                sb.append(data.getWholeData());
                          ^
  symbol:   variable data
  location: class Element
1 error

2509404 [main] INFO clegoues.genprog4java.rep.CachingRepresentation  - StmtDelete(102) StmtDelete(660) StmtDelete(448) StmtReplace(225,507) at variant298 fails to compile

2509404 [main] INFO clegoues.genprog4java.fitness.Fitness  - 	 gen: 5 0.0 StmtDelete(102) StmtDelete(660) StmtDelete(448) StmtReplace(225,507) (stored at: variant298)
2510035 [main] INFO clegoues.genprog4java.fitness.Fitness  - 	 gen: 5 1.0 StmtDelete(102) StmtReplace(343,341) StmtDelete(278) StmtReplace(306,2) (stored at: variant299)
2510711 [main] INFO clegoues.genprog4java.fitness.Fitness  - 	 gen: 5 1.0 StmtDelete(195) StmtAppend(626,643) StmtDelete(624) StmtDelete(705) (stored at: variant300)
2510738 [main] ERROR clegoues.genprog4java.rep.JavaRepresentation  - org/jsoup/nodes/Element.java:219: error: missing return statement
	}
	^
1 error

2510738 [main] INFO clegoues.genprog4java.rep.CachingRepresentation  - StmtReplace(477,405) StmtReplace(681,649) StmtDelete(53) at variant301 fails to compile

2510738 [main] INFO clegoues.genprog4java.fitness.Fitness  - 	 gen: 5 0.0 StmtReplace(477,405) StmtReplace(681,649) StmtDelete(53) (stored at: variant301)
2511364 [main] INFO clegoues.genprog4java.fitness.Fitness  - 	 gen: 5 1.0 StmtDelete(623) StmtReplace(508,365) StmtDelete(200) StmtDelete(209) (stored at: variant302)
2512056 [main] INFO clegoues.genprog4java.fitness.Fitness  - 	 gen: 5 0.0 StmtReplace(508,365) StmtAppend(626,643) StmtDelete(459) (stored at: variant303)
2512964 [main] INFO clegoues.genprog4java.fitness.Fitness  - 	 gen: 5 1.0 StmtDelete(195) StmtAppend(626,643) StmtReplace(544,649) StmtReplace(588,636) (stored at: variant304)
2513643 [main] INFO clegoues.genprog4java.fitness.Fitness  - 	 gen: 5 0.0 StmtDelete(102) StmtReplace(343,341) StmtAppend(280,236) StmtDelete(478) (stored at: variant305)
2513669 [main] ERROR clegoues.genprog4java.rep.JavaRepresentation  - org/jsoup/parser/Parser.java:218: error: cannot find symbol
        TextNode textNode = TextNode.createFromEncoded(text, baseUri);
                                                       ^
  symbol:   variable text
  location: class Parser
1 error

2513669 [main] INFO clegoues.genprog4java.rep.CachingRepresentation  - StmtDelete(195) StmtAppend(626,643) StmtDelete(459) StmtAppend(446,357) at variant306 fails to compile

2513669 [main] INFO clegoues.genprog4java.fitness.Fitness  - 	 gen: 5 0.0 StmtDelete(195) StmtAppend(626,643) StmtDelete(459) StmtAppend(446,357) (stored at: variant306)
2514346 [main] INFO clegoues.genprog4java.fitness.Fitness  - 	 gen: 5 0.0 StmtDelete(195) StmtAppend(626,643) StmtDelete(624) StmtReplace(438,374) (stored at: variant307)
2514375 [main] ERROR clegoues.genprog4java.rep.JavaRepresentation  - org/jsoup/nodes/Element.java:109: error: missing return statement
	}
	^
1 error

2514375 [main] INFO clegoues.genprog4java.rep.CachingRepresentation  - StmtDelete(102) StmtReplace(343,341) StmtAppend(280,236) StmtDelete(20) at variant308 fails to compile

2514375 [main] INFO clegoues.genprog4java.fitness.Fitness  - 	 gen: 5 0.0 StmtDelete(102) StmtReplace(343,341) StmtAppend(280,236) StmtDelete(20) (stored at: variant308)
2514406 [main] ERROR clegoues.genprog4java.rep.JavaRepresentation  - org/jsoup/nodes/Element.java:209: error: cannot find symbol
				return canContainBlock;
				       ^
  symbol:   variable canContainBlock
  location: class Element
1 error

2514406 [main] INFO clegoues.genprog4java.rep.CachingRepresentation  - StmtDelete(102) StmtReplace(343,341) StmtDelete(278) StmtAppend(50,560) at variant309 fails to compile

2514406 [main] INFO clegoues.genprog4java.fitness.Fitness  - 	 gen: 5 0.0 StmtDelete(102) StmtReplace(343,341) StmtDelete(278) StmtAppend(50,560) (stored at: variant309)
2515032 [main] INFO clegoues.genprog4java.fitness.Fitness  - 	 gen: 5 1.0 StmtReplace(508,365) StmtAppend(626,643) StmtDelete(250) (stored at: variant310)
2515061 [main] ERROR clegoues.genprog4java.rep.JavaRepresentation  - org/jsoup/nodes/Element.java:650: error: package child does not exist
					if (child.tagName.equals("base") || child.tagName.equals("script")
					         ^
org/jsoup/nodes/Element.java:650: error: package child does not exist
					if (child.tagName.equals("base") || child.tagName.equals("script")
					                                         ^
org/jsoup/nodes/Element.java:651: error: package child does not exist
							|| child.tagName.equals("noscript") || child.tagName.equals("link")
							        ^
org/jsoup/nodes/Element.java:651: error: package child does not exist
							|| child.tagName.equals("noscript") || child.tagName.equals("link")
							                                            ^
org/jsoup/nodes/Element.java:652: error: package child does not exist
							|| child.tagName.equals("meta") || child.tagName.equals("title")
							        ^
org/jsoup/nodes/Element.java:652: error: package child does not exist
							|| child.tagName.equals("meta") || child.tagName.equals("title")
							                                        ^
org/jsoup/nodes/Element.java:653: error: package child does not exist
							|| child.tagName.equals("style") || child.tagName.equals("object")) {
							        ^
org/jsoup/nodes/Element.java:653: error: package child does not exist
							|| child.tagName.equals("style") || child.tagName.equals("object")) {
							                                         ^
org/jsoup/nodes/Element.java:654: error: incompatible types: boolean cannot be converted to String
						return true;
						       ^
org/jsoup/nodes/Element.java:657: error: cannot find symbol
                sb.append(elementData);
                          ^
  symbol:   variable elementData
  location: class Element
10 errors

2515061 [main] INFO clegoues.genprog4java.rep.CachingRepresentation  - StmtDelete(102) StmtReplace(343,341) StmtAppend(643,659) StmtAppend(230,549) at variant311 fails to compile

2515061 [main] INFO clegoues.genprog4java.fitness.Fitness  - 	 gen: 5 0.0 StmtDelete(102) StmtReplace(343,341) StmtAppend(643,659) StmtAppend(230,549) (stored at: variant311)
2515748 [main] INFO clegoues.genprog4java.fitness.Fitness  - 	 gen: 5 0.0 StmtReplace(508,365) StmtAppend(626,643) StmtDelete(487) (stored at: variant312)
2516429 [main] INFO clegoues.genprog4java.fitness.Fitness  - 	 gen: 5 0.0 StmtDelete(195) StmtAppend(626,643) StmtDelete(459) StmtReplace(534,641) (stored at: variant313)
2516459 [main] ERROR clegoues.genprog4java.rep.JavaRepresentation  - org/jsoup/nodes/Element.java:637: error: missing return statement
    }
    ^
1 error

2516459 [main] INFO clegoues.genprog4java.rep.CachingRepresentation  - StmtDelete(195) StmtAppend(626,643) StmtDelete(459) StmtDelete(218) at variant314 fails to compile

2516459 [main] INFO clegoues.genprog4java.fitness.Fitness  - 	 gen: 5 0.0 StmtDelete(195) StmtAppend(626,643) StmtDelete(459) StmtDelete(218) (stored at: variant314)
2517116 [main] INFO clegoues.genprog4java.fitness.Fitness  - 	 gen: 5 1.0 StmtDelete(102) StmtAppend(176,322) StmtDelete(315) (stored at: variant315)
2517144 [main] ERROR clegoues.genprog4java.rep.JavaRepresentation  - org/jsoup/nodes/Element.java:593: error: incompatible types: unexpected return value
							return true;
							       ^
1 error

2517144 [main] INFO clegoues.genprog4java.rep.CachingRepresentation  - StmtDelete(102) StmtAppend(176,322) StmtAppend(186,214) at variant316 fails to compile

2517144 [main] INFO clegoues.genprog4java.fitness.Fitness  - 	 gen: 5 0.0 StmtDelete(102) StmtAppend(176,322) StmtAppend(186,214) (stored at: variant316)
2517177 [main] ERROR clegoues.genprog4java.rep.JavaRepresentation  - org/jsoup/nodes/Element.java:401: error: cannot find symbol
		Validate.notNull(child);
		                 ^
  symbol:   variable child
  location: class Element
org/jsoup/nodes/Element.java:402: error: cannot find symbol
		child.setParentNode(this);
		^
  symbol:   variable child
  location: class Element
org/jsoup/nodes/Element.java:403: error: cannot find symbol
		childNodes.add(child);
		               ^
  symbol:   variable child
  location: class Element
org/jsoup/nodes/Element.java:404: error: incompatible types: Element cannot be converted to Integer
		return this;
		       ^
4 errors

2517178 [main] INFO clegoues.genprog4java.rep.CachingRepresentation  - StmtDelete(195) StmtAppend(626,643) StmtDelete(459) StmtReplace(134,43) at variant317 fails to compile

2517178 [main] INFO clegoues.genprog4java.fitness.Fitness  - 	 gen: 5 0.0 StmtDelete(195) StmtAppend(626,643) StmtDelete(459) StmtReplace(134,43) (stored at: variant317)
2517205 [main] ERROR clegoues.genprog4java.rep.JavaRepresentation  - org/jsoup/parser/Tag.java:170: error: break outside switch or loop
		break;
		^
1 error

2517205 [main] INFO clegoues.genprog4java.rep.CachingRepresentation  - StmtReplace(655,632) StmtReplace(580,502) at variant318 fails to compile

2517205 [main] INFO clegoues.genprog4java.fitness.Fitness  - 	 gen: 5 0.0 StmtReplace(655,632) StmtReplace(580,502) (stored at: variant318)
2517236 [main] ERROR clegoues.genprog4java.rep.JavaRepresentation  - org/jsoup/parser/Parser.java:138: error: cannot find symbol
					} else if (elTag.equals(tag)) {
					                        ^
  symbol:   variable tag
  location: class Parser
org/jsoup/parser/Parser.java:148: error: incompatible types: unexpected return value
				return elToClose;
				       ^
2 errors

2517236 [main] INFO clegoues.genprog4java.rep.CachingRepresentation  - StmtReplace(477,405) StmtDelete(623) StmtReplace(508,365) StmtDelete(519) StmtReplace(384,493) at variant319 fails to compile

2517236 [main] INFO clegoues.genprog4java.fitness.Fitness  - 	 gen: 5 0.0 StmtReplace(477,405) StmtDelete(623) StmtReplace(508,365) StmtDelete(519) StmtReplace(384,493) (stored at: variant319)
2517278 [main] ERROR clegoues.genprog4java.rep.JavaRepresentation  - org/jsoup/nodes/Element.java:737: error: cannot find symbol
        if (classes.contains(className))
            ^
  symbol:   variable classes
  location: class Element
org/jsoup/nodes/Element.java:738: error: cannot find symbol
            classes.remove(className);
            ^
  symbol:   variable classes
  location: class Element
org/jsoup/nodes/Element.java:740: error: cannot find symbol
            classes.add(className);
            ^
  symbol:   variable classes
  location: class Element
org/jsoup/nodes/Element.java:741: error: cannot find symbol
        classNames(classes);
                   ^
  symbol:   variable classes
  location: class Element
4 errors

2517278 [main] INFO clegoues.genprog4java.rep.CachingRepresentation  - StmtDelete(102) StmtReplace(343,341) StmtDelete(278) StmtAppend(261,254) at variant320 fails to compile

2517278 [main] INFO clegoues.genprog4java.fitness.Fitness  - 	 gen: 5 0.0 StmtDelete(102) StmtReplace(343,341) StmtDelete(278) StmtAppend(261,254) (stored at: variant320)
2517313 [main] ERROR clegoues.genprog4java.rep.JavaRepresentation  - org/jsoup/nodes/Element.java:268: error: cannot find symbol
		TextNode textNode = (TextNode) child;
		                               ^
  symbol:   variable child
  location: class Element
org/jsoup/nodes/Element.java:270: error: incompatible types: boolean cannot be converted to Element
			return true;
			       ^
2 errors

2517313 [main] INFO clegoues.genprog4java.rep.CachingRepresentation  - StmtDelete(102) StmtReplace(343,341) StmtAppend(643,659) StmtReplace(69,209) at variant321 fails to compile

2517313 [main] INFO clegoues.genprog4java.fitness.Fitness  - 	 gen: 5 0.0 StmtDelete(102) StmtReplace(343,341) StmtAppend(643,659) StmtReplace(69,209) (stored at: variant321)
2518070 [main] INFO clegoues.genprog4java.fitness.Fitness  - 	 gen: 5 0.0 StmtReplace(477,405) StmtReplace(681,649) StmtAppend(509,340) (stored at: variant322)
2518103 [main] ERROR clegoues.genprog4java.rep.JavaRepresentation  - org/jsoup/parser/Parser.java:274: error: incompatible types: boolean cannot be converted to Element
				return true;
				       ^
1 error

2518103 [main] INFO clegoues.genprog4java.rep.CachingRepresentation  - StmtDelete(102) StmtAppend(176,322) StmtAppend(488,550) at variant323 fails to compile

2518103 [main] INFO clegoues.genprog4java.fitness.Fitness  - 	 gen: 5 0.0 StmtDelete(102) StmtAppend(176,322) StmtAppend(488,550) (stored at: variant323)
2518135 [main] ERROR clegoues.genprog4java.rep.JavaRepresentation  - org/jsoup/nodes/Element.java:574: error: cannot find symbol
        Validate.notEmpty(className);
                          ^
  symbol:   variable className
  location: class Element
1 error

2518135 [main] INFO clegoues.genprog4java.rep.CachingRepresentation  - StmtReplace(477,405) StmtDelete(623) StmtReplace(508,365) StmtDelete(519) StmtReplace(176,150) at variant324 fails to compile

2518135 [main] INFO clegoues.genprog4java.fitness.Fitness  - 	 gen: 5 0.0 StmtReplace(477,405) StmtDelete(623) StmtReplace(508,365) StmtDelete(519) StmtReplace(176,150) (stored at: variant324)
2518713 [main] INFO clegoues.genprog4java.fitness.Fitness  - 	 gen: 5 0.0 StmtReplace(477,405) StmtDelete(623) StmtReplace(508,365) StmtDelete(519) StmtAppend(658,518) (stored at: variant325)
2518779 [main] ERROR clegoues.genprog4java.rep.JavaRepresentation  - org/jsoup/parser/Tag.java:317: error: non-static variable canContainBlock cannot be referenced from a static context
			canContainBlock = false;
			^
1 error

2518779 [main] INFO clegoues.genprog4java.rep.CachingRepresentation  - StmtDelete(431) StmtDelete(200) StmtAppend(690,709) at variant326 fails to compile

2518779 [main] INFO clegoues.genprog4java.fitness.Fitness  - 	 gen: 5 0.0 StmtDelete(431) StmtDelete(200) StmtAppend(690,709) (stored at: variant326)
2519477 [main] INFO clegoues.genprog4java.fitness.Fitness  - 	 gen: 5 1.0 StmtDelete(102) StmtReplace(343,341) StmtAppend(643,659) StmtReplace(587,647) (stored at: variant327)
2519502 [main] ERROR clegoues.genprog4java.rep.JavaRepresentation  - org/jsoup/parser/Tag.java:323: error: missing return statement
	}
	^
1 error

2519502 [main] INFO clegoues.genprog4java.rep.CachingRepresentation  - StmtDelete(133) StmtDelete(347) StmtDelete(420) StmtDelete(693) at variant328 fails to compile

2519502 [main] INFO clegoues.genprog4java.fitness.Fitness  - 	 gen: 5 0.0 StmtDelete(133) StmtDelete(347) StmtDelete(420) StmtDelete(693) (stored at: variant328)
2519528 [main] ERROR clegoues.genprog4java.rep.JavaRepresentation  - org/jsoup/parser/Parser.java:85: error: incompatible types: boolean cannot be converted to Document
					return false;
					       ^
1 error

2519528 [main] INFO clegoues.genprog4java.rep.CachingRepresentation  - StmtDelete(102) StmtReplace(343,341) StmtAppend(280,236) StmtAppend(350,546) at variant329 fails to compile

2519528 [main] INFO clegoues.genprog4java.fitness.Fitness  - 	 gen: 5 0.0 StmtDelete(102) StmtReplace(343,341) StmtAppend(280,236) StmtAppend(350,546) (stored at: variant329)
2519552 [main] ERROR clegoues.genprog4java.rep.JavaRepresentation  - org/jsoup/parser/Parser.java:210: error: cannot find symbol
        popStackToClose(tag);
                        ^
  symbol:   variable tag
  location: class Parser
1 error

2519552 [main] INFO clegoues.genprog4java.rep.CachingRepresentation  - StmtDelete(389) StmtAppend(626,643) StmtReplace(450,378) at variant330 fails to compile

2519552 [main] INFO clegoues.genprog4java.fitness.Fitness  - 	 gen: 5 0.0 StmtDelete(389) StmtAppend(626,643) StmtReplace(450,378) (stored at: variant330)
2519576 [main] ERROR clegoues.genprog4java.rep.JavaRepresentation  - org/jsoup/parser/Parser.java:223: error: cannot find symbol
        boolean validAncestor = stackHasValidParent(childTag);
                                                    ^
  symbol:   variable childTag
  location: class Parser
org/jsoup/parser/Parser.java:227: error: cannot find symbol
            Tag parentTag = childTag.getImplicitParent();
                            ^
  symbol:   variable childTag
  location: class Parser
2 errors

2519576 [main] INFO clegoues.genprog4java.rep.CachingRepresentation  - StmtDelete(456) at variant331 fails to compile

2519576 [main] INFO clegoues.genprog4java.fitness.Fitness  - 	 gen: 5 0.0 StmtDelete(456) (stored at: variant331)
2520231 [main] INFO clegoues.genprog4java.fitness.Fitness  - 	 gen: 5 1.0 StmtDelete(195) StmtAppend(643,659) StmtAppend(678,630) (stored at: variant332)
2520869 [main] INFO clegoues.genprog4java.fitness.Fitness  - 	 gen: 5 0.0 StmtDelete(102) StmtDelete(624) StmtDelete(425) (stored at: variant333)
2521502 [main] INFO clegoues.genprog4java.fitness.Fitness  - 	 gen: 5 1.0 StmtDelete(102) StmtAppend(626,643) StmtDelete(284) (stored at: variant334)
2522115 [main] INFO clegoues.genprog4java.fitness.Fitness  - 	 gen: 5 1.0 StmtDelete(278) StmtReplace(264,237) (stored at: variant335)
2522750 [main] INFO clegoues.genprog4java.fitness.Fitness  - 	 gen: 5 1.0 StmtAppend(626,643) StmtDelete(459) StmtReplace(590,303) (stored at: variant336)
2523388 [main] INFO clegoues.genprog4java.fitness.Fitness  - 	 gen: 5 1.0 StmtDelete(200) StmtReplace(443,342) (stored at: variant337)
2523415 [main] ERROR clegoues.genprog4java.rep.JavaRepresentation  - org/jsoup/nodes/Element.java:312: error: missing return statement
	}
	^
1 error

2523415 [main] INFO clegoues.genprog4java.rep.CachingRepresentation  - StmtDelete(623) StmtReplace(508,365) StmtAppend(176,322) StmtDelete(90) at variant338 fails to compile

2523415 [main] INFO clegoues.genprog4java.fitness.Fitness  - 	 gen: 5 0.0 StmtDelete(623) StmtReplace(508,365) StmtAppend(176,322) StmtDelete(90) (stored at: variant338)
2523439 [main] ERROR clegoues.genprog4java.rep.JavaRepresentation  - org/jsoup/parser/Parser.java:280: error: cannot find symbol
            counter++;
            ^
  symbol:   variable counter
  location: class Parser
org/jsoup/parser/Parser.java:291: error: cannot find symbol
            for (int i = 0; i < counter; i++) {
                                ^
  symbol:   variable counter
  location: class Parser
2 errors

2523439 [main] INFO clegoues.genprog4java.rep.CachingRepresentation  - StmtDelete(494) at variant339 fails to compile

2523439 [main] INFO clegoues.genprog4java.fitness.Fitness  - 	 gen: 5 0.0 StmtDelete(494) (stored at: variant339)
2524189 [main] INFO clegoues.genprog4java.fitness.Fitness  - 	 gen: 5 1.0 StmtDelete(282) (stored at: variant340)
2524765 [main] INFO clegoues.genprog4java.fitness.Fitness  - 	 gen: 5 0.0 StmtDelete(102) StmtDelete(623) StmtReplace(508,365) StmtDelete(519) StmtReplace(352,340) (stored at: variant341)
2524792 [main] ERROR clegoues.genprog4java.rep.JavaRepresentation  - org/jsoup/nodes/Element.java:272: error: cannot find symbol
        for (Node node : fragment.childNodes()) {
                         ^
  symbol:   variable fragment
  location: class Element
1 error

2524792 [main] INFO clegoues.genprog4java.rep.CachingRepresentation  - StmtDelete(102) StmtDelete(71) at variant342 fails to compile

2524792 [main] INFO clegoues.genprog4java.fitness.Fitness  - 	 gen: 5 0.0 StmtDelete(102) StmtDelete(71) (stored at: variant342)
2525464 [main] INFO clegoues.genprog4java.fitness.Fitness  - 	 gen: 5 0.0 StmtDelete(448) StmtReplace(647,688) (stored at: variant343)
2525494 [main] ERROR clegoues.genprog4java.rep.JavaRepresentation  - org/jsoup/nodes/Element.java:598: error: cannot find symbol
						text = TextNode.stripLeadingWhitespace(text);
						^
  symbol:   variable text
  location: class Element
org/jsoup/nodes/Element.java:598: error: cannot find symbol
						text = TextNode.stripLeadingWhitespace(text);
						                                       ^
  symbol:   variable text
  location: class Element
2 errors

2525494 [main] INFO clegoues.genprog4java.rep.CachingRepresentation  - StmtDelete(195) StmtAppend(626,643) StmtReplace(343,341) StmtDelete(278) StmtAppend(196,188) at variant344 fails to compile

2525494 [main] INFO clegoues.genprog4java.fitness.Fitness  - 	 gen: 5 0.0 StmtDelete(195) StmtAppend(626,643) StmtReplace(343,341) StmtDelete(278) StmtAppend(196,188) (stored at: variant344)
2525517 [main] ERROR clegoues.genprog4java.rep.JavaRepresentation  - org/jsoup/parser/Parser.java:284: error: cannot find symbol
            if (elTag.equals(bodyTag) || elTag.equals(htmlTag)) { // once in body, don't close past body
                ^
  symbol:   variable elTag
  location: class Parser
org/jsoup/parser/Parser.java:284: error: cannot find symbol
            if (elTag.equals(bodyTag) || elTag.equals(htmlTag)) { // once in body, don't close past body
                                         ^
  symbol:   variable elTag
  location: class Parser
org/jsoup/parser/Parser.java:286: error: cannot find symbol
            } else if (elTag.equals(tag)) {
                       ^
  symbol:   variable elTag
  location: class Parser
3 errors

2525517 [main] INFO clegoues.genprog4java.rep.CachingRepresentation  - StmtDelete(500) at variant345 fails to compile

2525517 [main] INFO clegoues.genprog4java.fitness.Fitness  - 	 gen: 5 0.0 StmtDelete(500) (stored at: variant345)
2525553 [main] ERROR clegoues.genprog4java.rep.JavaRepresentation  - org/jsoup/nodes/Element.java:649: error: cannot find symbol
                sb.append(data.getWholeData());
                          ^
  symbol:   variable data
  location: class Element
1 error

2525553 [main] INFO clegoues.genprog4java.rep.CachingRepresentation  - StmtDelete(225) at variant346 fails to compile

2525553 [main] INFO clegoues.genprog4java.fitness.Fitness  - 	 gen: 5 0.0 StmtDelete(225) (stored at: variant346)
2526222 [main] INFO clegoues.genprog4java.fitness.Fitness  - 	 gen: 5 0.0 StmtReplace(477,405) StmtReplace(508,365) StmtDelete(200) StmtReplace(547,543) (stored at: variant347)
2526251 [main] ERROR clegoues.genprog4java.rep.JavaRepresentation  - org/jsoup/nodes/Element.java:635: error: cannot find symbol
					parent.appendChild(child);
					^
  symbol:   variable parent
  location: class Element
1 error

2526251 [main] INFO clegoues.genprog4java.rep.CachingRepresentation  - StmtDelete(195) StmtAppend(626,643) StmtDelete(200) StmtAppend(216,471) at variant348 fails to compile

2526251 [main] INFO clegoues.genprog4java.fitness.Fitness  - 	 gen: 5 0.0 StmtDelete(195) StmtAppend(626,643) StmtDelete(200) StmtAppend(216,471) (stored at: variant348)
2526278 [main] ERROR clegoues.genprog4java.rep.JavaRepresentation  - org/jsoup/parser/Tag.java:89: error: incompatible types: Tag cannot be converted to boolean
            return this;
                   ^
1 error

2526278 [main] INFO clegoues.genprog4java.rep.CachingRepresentation  - StmtReplace(552,204) at variant349 fails to compile

2526278 [main] INFO clegoues.genprog4java.fitness.Fitness  - 	 gen: 5 0.0 StmtReplace(552,204) (stored at: variant349)
2527159 [main] INFO clegoues.genprog4java.fitness.Fitness  - 	 gen: 5 1.0 StmtDelete(195) StmtAppend(626,643) StmtReplace(343,341) StmtAppend(643,659) StmtAppend(453,358) (stored at: variant350)
2527194 [main] ERROR clegoues.genprog4java.rep.JavaRepresentation  - org/jsoup/nodes/Element.java:378: error: cannot find symbol
			Validate.notEmpty(html);
			                  ^
  symbol:   variable html
  location: class Element
org/jsoup/nodes/Element.java:380: error: cannot find symbol
        Validate.notNull(index);
                         ^
  symbol:   variable index
  location: class Element
org/jsoup/nodes/Element.java:381: error: cannot find symbol
        if (index > 0)
            ^
  symbol:   variable index
  location: class Element
org/jsoup/nodes/Element.java:382: error: cannot find symbol
            return siblings.get(index-1);
                                ^
  symbol:   variable index
  location: class Element
4 errors

2527194 [main] INFO clegoues.genprog4java.rep.CachingRepresentation  - StmtAppend(124,91) at variant351 fails to compile

2527194 [main] INFO clegoues.genprog4java.fitness.Fitness  - 	 gen: 5 0.0 StmtAppend(124,91) (stored at: variant351)
2527856 [main] INFO clegoues.genprog4java.fitness.Fitness  - 	 gen: 5 0.0 StmtDelete(420) StmtReplace(349,491) (stored at: variant352)
2528530 [main] INFO clegoues.genprog4java.fitness.Fitness  - 	 gen: 5 0.0 StmtDelete(133) StmtReplace(343,341) StmtAppend(280,236) StmtDelete(365) (stored at: variant353)
2528530 [main] INFO clegoues.genprog4java.Search.Search  - search: generation6
2529396 [main] ERROR clegoues.genprog4java.rep.JavaRepresentation  - org/jsoup/nodes/Element.java:646: error: cannot find symbol
                sb.append(data.getWholeData());
                          ^
  symbol:   variable data
  location: class Element
1 error

2529396 [main] INFO clegoues.genprog4java.rep.CachingRepresentation  - StmtDelete(102) StmtDelete(660) StmtDelete(448) StmtReplace(225,507) StmtDelete(85) at variant354 fails to compile

2529396 [main] INFO clegoues.genprog4java.fitness.Fitness  - 	 gen: 6 0.0 StmtDelete(102) StmtDelete(660) StmtDelete(448) StmtReplace(225,507) StmtDelete(85) (stored at: variant354)
2529993 [main] INFO clegoues.genprog4java.fitness.Fitness  - 	 gen: 6 0.0 StmtDelete(623) StmtReplace(508,365) StmtDelete(200) StmtDelete(632) StmtDelete(72) (stored at: variant355)
2530019 [main] ERROR clegoues.genprog4java.rep.JavaRepresentation  - org/jsoup/parser/Parser.java:64: error: cannot find symbol
        return parser.parse();
               ^
  symbol:   variable parser
  location: class Parser
1 error

2530019 [main] INFO clegoues.genprog4java.rep.CachingRepresentation  - StmtDelete(102) StmtReplace(343,341) StmtAppend(643,659) StmtReplace(587,647) StmtDelete(334) at variant356 fails to compile

2530019 [main] INFO clegoues.genprog4java.fitness.Fitness  - 	 gen: 6 0.0 StmtDelete(102) StmtReplace(343,341) StmtAppend(643,659) StmtReplace(587,647) StmtDelete(334) (stored at: variant356)
2530046 [main] ERROR clegoues.genprog4java.rep.JavaRepresentation  - org/jsoup/parser/Tag.java:30: error: incompatible types: unexpected return value
		return canContainBlock;
		       ^
1 error

2530046 [main] INFO clegoues.genprog4java.rep.CachingRepresentation  - StmtDelete(623) StmtReplace(508,365) StmtDelete(200) StmtDelete(209) StmtReplace(519,560) at variant357 fails to compile

2530046 [main] INFO clegoues.genprog4java.fitness.Fitness  - 	 gen: 6 0.0 StmtDelete(623) StmtReplace(508,365) StmtDelete(200) StmtDelete(209) StmtReplace(519,560) (stored at: variant357)
2530070 [main] ERROR clegoues.genprog4java.rep.JavaRepresentation  - org/jsoup/parser/Parser.java:205: error: incompatible types: Document cannot be converted to Attribute
					return doc.normalise();
					                    ^
org/jsoup/parser/Parser.java:209: error: cannot find symbol
                    valueAccum.append(tq.consume());
                    ^
  symbol:   variable valueAccum
  location: class Parser
org/jsoup/parser/Parser.java:211: error: cannot find symbol
                value = valueAccum.toString();
                        ^
  symbol:   variable valueAccum
  location: class Parser
3 errors

2530070 [main] INFO clegoues.genprog4java.rep.CachingRepresentation  - StmtDelete(282) StmtReplace(434,336) at variant358 fails to compile

2530070 [main] INFO clegoues.genprog4java.fitness.Fitness  - 	 gen: 6 0.0 StmtDelete(282) StmtReplace(434,336) (stored at: variant358)
2530978 [main] INFO clegoues.genprog4java.fitness.Fitness  - 	 gen: 6 1.0 StmtDelete(102) StmtAppend(176,322) StmtDelete(315) StmtDelete(551) (stored at: variant359)
2531009 [main] ERROR clegoues.genprog4java.rep.JavaRepresentation  - org/jsoup/nodes/Element.java:244: error: missing return statement
	}
	^
1 error

2531009 [main] INFO clegoues.genprog4java.rep.CachingRepresentation  - StmtDelete(431) StmtDelete(200) StmtReplace(426,427) StmtDelete(61) at variant360 fails to compile

2531009 [main] INFO clegoues.genprog4java.fitness.Fitness  - 	 gen: 6 0.0 StmtDelete(431) StmtDelete(200) StmtReplace(426,427) StmtDelete(61) (stored at: variant360)
2531035 [main] ERROR clegoues.genprog4java.rep.JavaRepresentation  - org/jsoup/parser/Parser.java:225: error: cannot find symbol
        if (!validAncestor) {
             ^
  symbol:   variable validAncestor
  location: class Parser
1 error

2531035 [main] INFO clegoues.genprog4java.rep.CachingRepresentation  - StmtReplace(508,365) StmtAppend(626,643) StmtDelete(250) StmtDelete(457) at variant361 fails to compile

2531035 [main] INFO clegoues.genprog4java.fitness.Fitness  - 	 gen: 6 0.0 StmtReplace(508,365) StmtAppend(626,643) StmtDelete(250) StmtDelete(457) (stored at: variant361)
2531063 [main] ERROR clegoues.genprog4java.rep.JavaRepresentation  - org/jsoup/parser/Tag.java:332: error: unreachable statement
		createInline("CODE");
		^
org/jsoup/parser/Tag.java:333: error: missing return statement
	}
	^
2 errors

2531063 [main] INFO clegoues.genprog4java.rep.CachingRepresentation  - StmtDelete(195) StmtAppend(626,643) StmtReplace(544,649) StmtReplace(588,636) StmtAppend(693,633) at variant362 fails to compile

2531063 [main] INFO clegoues.genprog4java.fitness.Fitness  - 	 gen: 6 0.0 StmtDelete(195) StmtAppend(626,643) StmtReplace(544,649) StmtReplace(588,636) StmtAppend(693,633) (stored at: variant362)
2531270 [main] INFO clegoues.genprog4java.fitness.Fitness  - 	 gen: 6 0.0 StmtDelete(623) StmtReplace(508,365) StmtDelete(200) StmtDelete(209) StmtAppend(510,420) (stored at: variant363)
2531300 [main] ERROR clegoues.genprog4java.rep.JavaRepresentation  - org/jsoup/nodes/Element.java:596: error: cannot find symbol
					canContainBlock = false;
					^
  symbol:   variable canContainBlock
  location: class Element
1 error

2531300 [main] INFO clegoues.genprog4java.rep.CachingRepresentation  - StmtDelete(195) StmtAppend(626,643) StmtReplace(343,341) StmtAppend(643,659) StmtAppend(453,358) StmtAppend(194,709) at variant364 fails to compile

2531300 [main] INFO clegoues.genprog4java.fitness.Fitness  - 	 gen: 6 0.0 StmtDelete(195) StmtAppend(626,643) StmtReplace(343,341) StmtAppend(643,659) StmtAppend(453,358) StmtAppend(194,709) (stored at: variant364)
2531329 [main] ERROR clegoues.genprog4java.rep.JavaRepresentation  - org/jsoup/parser/Tag.java:167: error: missing return statement
    }
    ^
1 error

2531329 [main] INFO clegoues.genprog4java.rep.CachingRepresentation  - StmtDelete(278) StmtReplace(264,237) StmtDelete(579) at variant365 fails to compile

2531329 [main] INFO clegoues.genprog4java.fitness.Fitness  - 	 gen: 6 0.0 StmtDelete(278) StmtReplace(264,237) StmtDelete(579) (stored at: variant365)
2531358 [main] ERROR clegoues.genprog4java.rep.JavaRepresentation  - org/jsoup/parser/Tag.java:350: error: cannot find symbol
			empty();
			^
  symbol:   method empty()
  location: class Tag
1 error

2531358 [main] INFO clegoues.genprog4java.rep.CachingRepresentation  - StmtDelete(623) StmtReplace(508,365) StmtDelete(200) StmtDelete(632) StmtAppend(711,297) at variant366 fails to compile

2531358 [main] INFO clegoues.genprog4java.fitness.Fitness  - 	 gen: 6 0.0 StmtDelete(623) StmtReplace(508,365) StmtDelete(200) StmtDelete(632) StmtAppend(711,297) (stored at: variant366)
2531991 [main] INFO clegoues.genprog4java.fitness.Fitness  - 	 gen: 6 1.0 StmtDelete(102) StmtReplace(343,341) StmtDelete(278) StmtReplace(306,2) StmtDelete(657) (stored at: variant367)
2532020 [main] ERROR clegoues.genprog4java.rep.JavaRepresentation  - org/jsoup/nodes/Element.java:221: error: cannot find symbol
        appendChild(child);
                    ^
  symbol:   variable child
  location: class Element
org/jsoup/nodes/Element.java:222: error: cannot find symbol
        return child;
               ^
  symbol:   variable child
  location: class Element
2 errors

2532020 [main] INFO clegoues.genprog4java.rep.CachingRepresentation  - StmtAppend(626,643) StmtDelete(459) StmtReplace(590,303) StmtDelete(54) at variant368 fails to compile

2532020 [main] INFO clegoues.genprog4java.fitness.Fitness  - 	 gen: 6 0.0 StmtAppend(626,643) StmtDelete(459) StmtReplace(590,303) StmtDelete(54) (stored at: variant368)
2532049 [main] ERROR clegoues.genprog4java.rep.JavaRepresentation  - org/jsoup/nodes/Element.java:443: error: cannot find symbol
			append(html);
			       ^
  symbol:   variable html
  location: class Element
1 error

2532049 [main] INFO clegoues.genprog4java.rep.CachingRepresentation  - StmtDelete(200) StmtReplace(443,342) StmtReplace(148,298) at variant369 fails to compile

2532049 [main] INFO clegoues.genprog4java.fitness.Fitness  - 	 gen: 6 0.0 StmtDelete(200) StmtReplace(443,342) StmtReplace(148,298) (stored at: variant369)
2532081 [main] ERROR clegoues.genprog4java.rep.JavaRepresentation  - org/jsoup/nodes/Element.java:49: error: no suitable constructor found for Node(no arguments)
    public Element(Tag tag, String baseUri) {
                                            ^
    constructor Node.Node(String,Attributes) is not applicable
      (actual and formal argument lists differ in length)
    constructor Node.Node(String) is not applicable
      (actual and formal argument lists differ in length)
1 error

2532081 [main] INFO clegoues.genprog4java.rep.CachingRepresentation  - StmtReplace(508,365) StmtAppend(626,643) StmtDelete(250) StmtDelete(4) at variant370 fails to compile

2532081 [main] INFO clegoues.genprog4java.fitness.Fitness  - 	 gen: 6 0.0 StmtReplace(508,365) StmtAppend(626,643) StmtDelete(250) StmtDelete(4) (stored at: variant370)
2532109 [main] ERROR clegoues.genprog4java.rep.JavaRepresentation  - org/jsoup/parser/Parser.java:85: error: incompatible types: boolean cannot be converted to Document
					return false;
					       ^
1 error

2532109 [main] INFO clegoues.genprog4java.rep.CachingRepresentation  - StmtDelete(102) StmtReplace(343,341) StmtAppend(280,236) StmtAppend(350,546) StmtDelete(478) at variant371 fails to compile

2532109 [main] INFO clegoues.genprog4java.fitness.Fitness  - 	 gen: 6 0.0 StmtDelete(102) StmtReplace(343,341) StmtAppend(280,236) StmtAppend(350,546) StmtDelete(478) (stored at: variant371)
2532139 [main] ERROR clegoues.genprog4java.rep.JavaRepresentation  - org/jsoup/nodes/Element.java:326: error: cannot find symbol
			parent.appendChild(child);
			                   ^
  symbol:   variable child
  location: class Element
org/jsoup/nodes/Element.java:326: error: cannot find symbol
			parent.appendChild(child);
			^
  symbol:   variable parent
  location: class Element
2 errors

2532139 [main] INFO clegoues.genprog4java.rep.CachingRepresentation  - StmtDelete(623) StmtReplace(508,365) StmtDelete(200) StmtDelete(632) StmtReplace(101,471) at variant372 fails to compile

2532139 [main] INFO clegoues.genprog4java.fitness.Fitness  - 	 gen: 6 0.0 StmtDelete(623) StmtReplace(508,365) StmtDelete(200) StmtDelete(632) StmtReplace(101,471) (stored at: variant372)
2532816 [main] INFO clegoues.genprog4java.fitness.Fitness  - 	 gen: 6 0.0 StmtAppend(626,643) StmtDelete(459) StmtReplace(590,303) StmtReplace(615,664) (stored at: variant373)
2533463 [main] INFO clegoues.genprog4java.fitness.Fitness  - 	 gen: 6 1.0 StmtDelete(102) StmtReplace(343,341) StmtDelete(278) StmtReplace(306,2) StmtAppend(675,629) (stored at: variant374)
2534097 [main] INFO clegoues.genprog4java.fitness.Fitness  - 	 gen: 6 1.0 StmtDelete(200) StmtReplace(443,342) StmtAppend(214,51) (stored at: variant375)
2534767 [main] INFO clegoues.genprog4java.fitness.Fitness  - 	 gen: 6 0.0 StmtDelete(195) StmtAppend(626,643) StmtReplace(544,649) StmtReplace(588,636) StmtAppend(604,667) (stored at: variant376)
2535649 [main] INFO clegoues.genprog4java.fitness.Fitness  - 	 gen: 6 1.0 StmtDelete(195) StmtAppend(643,659) StmtAppend(678,630) StmtDelete(545) (stored at: variant377)
2535679 [main] ERROR clegoues.genprog4java.rep.JavaRepresentation  - org/jsoup/parser/Tag.java:119: error: unreachable statement
		createBlock("TFOOT").setAncestor("TABLE").setOptionalClosing();
		^
org/jsoup/parser/Tag.java:120: error: missing return statement
	}
	^
2 errors

2535679 [main] INFO clegoues.genprog4java.rep.CachingRepresentation  - StmtDelete(195) StmtAppend(626,643) StmtDelete(624) StmtDelete(705) StmtAppend(560,684) at variant378 fails to compile

2535679 [main] INFO clegoues.genprog4java.fitness.Fitness  - 	 gen: 6 0.0 StmtDelete(195) StmtAppend(626,643) StmtDelete(624) StmtDelete(705) StmtAppend(560,684) (stored at: variant378)
2535711 [main] ERROR clegoues.genprog4java.rep.JavaRepresentation  - org/jsoup/nodes/Element.java:219: error: missing return statement
	}
	^
1 error

2535712 [main] INFO clegoues.genprog4java.rep.CachingRepresentation  - StmtDelete(623) StmtReplace(508,365) StmtDelete(200) StmtDelete(209) StmtDelete(53) at variant379 fails to compile

2535712 [main] INFO clegoues.genprog4java.fitness.Fitness  - 	 gen: 6 0.0 StmtDelete(623) StmtReplace(508,365) StmtDelete(200) StmtDelete(209) StmtDelete(53) (stored at: variant379)
2536444 [main] INFO clegoues.genprog4java.fitness.Fitness  - 	 gen: 6 1.0 StmtDelete(102) StmtAppend(176,322) StmtDelete(315) StmtDelete(524) (stored at: variant380)
2537081 [main] INFO clegoues.genprog4java.fitness.Fitness  - 	 gen: 6 1.0 StmtDelete(195) StmtAppend(626,643) StmtReplace(544,649) StmtReplace(588,636) StmtAppend(364,511) (stored at: variant381)
2537113 [main] ERROR clegoues.genprog4java.rep.JavaRepresentation  - org/jsoup/nodes/Element.java:325: error: cannot find symbol
			Validate.notNull(child);
			                 ^
  symbol:   variable child
  location: class Element
org/jsoup/nodes/Element.java:326: error: cannot find symbol
			child.setParentNode(this);
			^
  symbol:   variable child
  location: class Element
org/jsoup/nodes/Element.java:327: error: cannot find symbol
			childNodes.add(child);
			               ^
  symbol:   variable child
  location: class Element
3 errors

2537113 [main] INFO clegoues.genprog4java.rep.CachingRepresentation  - StmtAppend(626,643) StmtDelete(459) StmtReplace(590,303) StmtReplace(100,43) at variant382 fails to compile

2537113 [main] INFO clegoues.genprog4java.fitness.Fitness  - 	 gen: 6 0.0 StmtAppend(626,643) StmtDelete(459) StmtReplace(590,303) StmtReplace(100,43) (stored at: variant382)
2537143 [main] ERROR clegoues.genprog4java.rep.JavaRepresentation  - org/jsoup/nodes/Element.java:316: error: cannot find symbol
        Elements wrapChildren = wrapBody.children();
                                ^
  symbol:   variable wrapBody
  location: class Element
1 error

2537143 [main] INFO clegoues.genprog4java.rep.CachingRepresentation  - StmtDelete(102) StmtAppend(626,643) StmtDelete(284) StmtDelete(92) at variant383 fails to compile

2537143 [main] INFO clegoues.genprog4java.fitness.Fitness  - 	 gen: 6 0.0 StmtDelete(102) StmtAppend(626,643) StmtDelete(284) StmtDelete(92) (stored at: variant383)
2537171 [main] ERROR clegoues.genprog4java.rep.JavaRepresentation  - org/jsoup/parser/Parser.java:147: error: cannot find symbol
            isEmptyElement = true;
            ^
  symbol:   variable isEmptyElement
  location: class Parser
org/jsoup/parser/Parser.java:151: error: cannot find symbol
        addChildToParent(child, isEmptyElement);
                                ^
  symbol:   variable isEmptyElement
  location: class Parser
2 errors

2537171 [main] INFO clegoues.genprog4java.rep.CachingRepresentation  - StmtDelete(102) StmtReplace(343,341) StmtDelete(278) StmtReplace(306,2) StmtDelete(395) at variant384 fails to compile

2537171 [main] INFO clegoues.genprog4java.fitness.Fitness  - 	 gen: 6 0.0 StmtDelete(102) StmtReplace(343,341) StmtDelete(278) StmtReplace(306,2) StmtDelete(395) (stored at: variant384)
2537860 [main] INFO clegoues.genprog4java.fitness.Fitness  - 	 gen: 6 0.0 StmtDelete(623) StmtReplace(508,365) StmtDelete(200) StmtDelete(632) StmtDelete(59) (stored at: variant385)
2538524 [main] INFO clegoues.genprog4java.fitness.Fitness  - 	 gen: 6 1.0 StmtDelete(102) StmtAppend(176,322) StmtDelete(315) StmtDelete(593) (stored at: variant386)
2539201 [main] INFO clegoues.genprog4java.fitness.Fitness  - 	 gen: 6 1.0 StmtDelete(195) StmtAppend(626,643) StmtReplace(343,341) StmtAppend(643,659) StmtAppend(453,358) StmtReplace(619,681) (stored at: variant387)
2539846 [main] INFO clegoues.genprog4java.fitness.Fitness  - 	 gen: 6 0.0 StmtDelete(623) StmtReplace(508,365) StmtDelete(200) StmtDelete(632) StmtDelete(31) (stored at: variant388)
2539874 [main] ERROR clegoues.genprog4java.rep.JavaRepresentation  - org/jsoup/nodes/Element.java:49: error: no suitable constructor found for Node(no arguments)
    public Element(Tag tag, String baseUri) {
                                            ^
    constructor Node.Node(String,Attributes) is not applicable
      (actual and formal argument lists differ in length)
    constructor Node.Node(String) is not applicable
      (actual and formal argument lists differ in length)
1 error

2539875 [main] INFO clegoues.genprog4java.rep.CachingRepresentation  - StmtDelete(623) StmtReplace(508,365) StmtDelete(200) StmtDelete(632) StmtDelete(4) at variant389 fails to compile

2539875 [main] INFO clegoues.genprog4java.fitness.Fitness  - 	 gen: 6 0.0 StmtDelete(623) StmtReplace(508,365) StmtDelete(200) StmtDelete(632) StmtDelete(4) (stored at: variant389)
2539910 [main] ERROR clegoues.genprog4java.rep.JavaRepresentation  - org/jsoup/parser/Parser.java:234: error: call to this must be first statement in constructor
					this(tag, baseUri, new Attributes());
					    ^
1 error

2539910 [main] INFO clegoues.genprog4java.rep.CachingRepresentation  - StmtDelete(623) StmtReplace(508,365) StmtDelete(200) StmtDelete(632) StmtAppend(462,4) at variant390 fails to compile

2539910 [main] INFO clegoues.genprog4java.fitness.Fitness  - 	 gen: 6 0.0 StmtDelete(623) StmtReplace(508,365) StmtDelete(200) StmtDelete(632) StmtAppend(462,4) (stored at: variant390)
2539946 [main] ERROR clegoues.genprog4java.rep.JavaRepresentation  - org/jsoup/parser/Parser.java:122: error: cannot find symbol
        last().appendChild(decl);
                           ^
  symbol:   variable decl
  location: class Parser
1 error

2539946 [main] INFO clegoues.genprog4java.rep.CachingRepresentation  - StmtDelete(102) StmtDelete(624) StmtDelete(425) StmtReplace(369,339) at variant391 fails to compile

2539947 [main] INFO clegoues.genprog4java.fitness.Fitness  - 	 gen: 6 0.0 StmtDelete(102) StmtDelete(624) StmtDelete(425) StmtReplace(369,339) (stored at: variant391)
2540636 [main] INFO clegoues.genprog4java.fitness.Fitness  - 	 gen: 6 0.0 StmtAppend(626,643) StmtDelete(459) StmtReplace(590,303) StmtAppend(680,626) (stored at: variant392)
2541263 [main] INFO clegoues.genprog4java.fitness.Fitness  - 	 gen: 6 0.0 StmtDelete(623) StmtReplace(508,365) StmtDelete(200) StmtDelete(209) StmtDelete(687) (stored at: variant393)
2541291 [main] ERROR clegoues.genprog4java.rep.JavaRepresentation  - org/jsoup/nodes/Element.java:332: error: cannot find symbol
        accumulateParents(this, parents);
                                ^
  symbol:   variable parents
  location: class Element
1 error

2541291 [main] INFO clegoues.genprog4java.rep.CachingRepresentation  - StmtDelete(623) StmtReplace(508,365) StmtReplace(107,24) at variant394 fails to compile

2541291 [main] INFO clegoues.genprog4java.fitness.Fitness  - 	 gen: 6 0.0 StmtDelete(623) StmtReplace(508,365) StmtReplace(107,24) (stored at: variant394)
2541996 [main] INFO clegoues.genprog4java.fitness.Fitness  - 	 gen: 6 0.0 StmtDelete(195) StmtAppend(643,659) StmtDelete(209) StmtDelete(192) (stored at: variant395)
2542702 [main] INFO clegoues.genprog4java.fitness.Fitness  - 	 gen: 6 1.0 StmtReplace(459,339) (stored at: variant396)
2542728 [main] ERROR clegoues.genprog4java.rep.JavaRepresentation  - org/jsoup/parser/Parser.java:110: error: cannot find symbol
        XmlDeclaration decl = new XmlDeclaration(data, baseUri, procInstr);
                                                 ^
  symbol:   variable data
  location: class Parser
1 error

2542728 [main] INFO clegoues.genprog4java.rep.CachingRepresentation  - StmtDelete(195) StmtAppend(626,643) StmtDelete(624) StmtDelete(368) at variant397 fails to compile

2542728 [main] INFO clegoues.genprog4java.fitness.Fitness  - 	 gen: 6 0.0 StmtDelete(195) StmtAppend(626,643) StmtDelete(624) StmtDelete(368) (stored at: variant397)
2542760 [main] ERROR clegoues.genprog4java.rep.JavaRepresentation  - org/jsoup/nodes/Element.java:127: error: cannot find symbol
				Validate.notEmpty(html);
				                  ^
  symbol:   variable html
  location: class Element
org/jsoup/nodes/Element.java:128: error: cannot find symbol
				Element wrapBody = Parser.parseBodyFragment(html, baseUri).body();
				                                            ^
  symbol:   variable html
  location: class Element
org/jsoup/nodes/Element.java:128: error: non-static variable baseUri cannot be referenced from a static context
				Element wrapBody = Parser.parseBodyFragment(html, baseUri).body();
				                                                  ^
org/jsoup/nodes/Element.java:132: error: incompatible types: unexpected return value
					return null;
					       ^
org/jsoup/nodes/Element.java:133: error: non-static method getDeepChild(Element) cannot be referenced from a static context
				Element deepest = getDeepChild(wrap);
				                  ^
org/jsoup/nodes/Element.java:134: error: non-static variable this cannot be referenced from a static context
				parentNode.replaceChild(this, wrap);
				                        ^
org/jsoup/nodes/Element.java:134: error: non-static variable parentNode cannot be referenced from a static context
				parentNode.replaceChild(this, wrap);
				^
org/jsoup/nodes/Element.java:135: error: non-static variable this cannot be referenced from a static context
				deepest.addChild(this);
				                 ^
org/jsoup/nodes/Element.java:143: error: incompatible types: unexpected return value
				return this;
				       ^
9 errors

2542760 [main] INFO clegoues.genprog4java.rep.CachingRepresentation  - StmtDelete(102) StmtAppend(176,322) StmtDelete(209) StmtReplace(31,90) at variant398 fails to compile

2542760 [main] INFO clegoues.genprog4java.fitness.Fitness  - 	 gen: 6 0.0 StmtDelete(102) StmtAppend(176,322) StmtDelete(209) StmtReplace(31,90) (stored at: variant398)
2543432 [main] INFO clegoues.genprog4java.fitness.Fitness  - 	 gen: 6 0.0 StmtDelete(623) StmtReplace(508,365) StmtDelete(81) (stored at: variant399)
2544114 [main] INFO clegoues.genprog4java.fitness.Fitness  - 	 gen: 6 1.0 StmtDelete(195) StmtAppend(626,643) StmtReplace(544,649) StmtDelete(648) (stored at: variant400)
2544138 [main] ERROR clegoues.genprog4java.rep.JavaRepresentation  - org/jsoup/parser/Parser.java:112: error: cannot find symbol
        XmlDeclaration decl = new XmlDeclaration(data, baseUri, procInstr);
                                                 ^
  symbol:   variable data
  location: class Parser
1 error

2544138 [main] INFO clegoues.genprog4java.rep.CachingRepresentation  - StmtAppend(626,643) StmtDelete(459) StmtAppend(368,405) at variant401 fails to compile

2544138 [main] INFO clegoues.genprog4java.fitness.Fitness  - 	 gen: 6 0.0 StmtAppend(626,643) StmtDelete(459) StmtAppend(368,405) (stored at: variant401)
2544746 [main] INFO clegoues.genprog4java.fitness.Fitness  - 	 gen: 6 1.0 StmtDelete(623) StmtDelete(100) (stored at: variant402)
2545392 [main] INFO clegoues.genprog4java.fitness.Fitness  - 	 gen: 6 1.0 StmtDelete(102) StmtAppend(176,322) StmtDelete(200) StmtDelete(632) StmtReplace(340,357) (stored at: variant403)
2546045 [main] INFO clegoues.genprog4java.fitness.Fitness  - 	 gen: 6 1.0 StmtDelete(200) StmtDelete(632) StmtDelete(382) (stored at: variant404)
2546070 [main] ERROR clegoues.genprog4java.rep.JavaRepresentation  - org/jsoup/parser/Parser.java:38: error: variable stack might not have been initialized
            stack.add(doc.body());
            ^
org/jsoup/parser/Parser.java:41: error: variable stack might not have been initialized
            stack.add(doc);
            ^
2 errors

2546070 [main] INFO clegoues.genprog4java.rep.CachingRepresentation  - StmtDelete(623) StmtReplace(508,365) StmtDelete(320) at variant405 fails to compile

2546070 [main] INFO clegoues.genprog4java.fitness.Fitness  - 	 gen: 6 0.0 StmtDelete(623) StmtReplace(508,365) StmtDelete(320) (stored at: variant405)
2546742 [main] INFO clegoues.genprog4java.fitness.Fitness  - 	 gen: 6 1.0 StmtReplace(590,303) StmtReplace(575,656) (stored at: variant406)
3447710 [main] INFO clegoues.genprog4java.fitness.Fitness  - 	 gen: 6 0.0 StmtAppend(626,643) StmtReplace(508,365) StmtDelete(200) StmtDelete(632) StmtDelete(380) (stored at: variant407)
3447710 [main] INFO clegoues.genprog4java.Search.Search  - search: generation7
3448713 [main] ERROR clegoues.genprog4java.rep.JavaRepresentation  - org/jsoup/parser/Tag.java:51: error: missing return statement
    }
    ^
1 error

3448713 [main] INFO clegoues.genprog4java.rep.CachingRepresentation  - StmtDelete(102) StmtReplace(343,341) StmtDelete(278) StmtReplace(306,2) StmtDelete(657) StmtDelete(527) at variant408 fails to compile

3448713 [main] INFO clegoues.genprog4java.fitness.Fitness  - 	 gen: 7 0.0 StmtDelete(102) StmtReplace(343,341) StmtDelete(278) StmtReplace(306,2) StmtDelete(657) StmtDelete(527) (stored at: variant408)
3448747 [main] ERROR clegoues.genprog4java.rep.JavaRepresentation  - org/jsoup/parser/Parser.java:250: error: cannot find symbol
        popStackToClose(tag);
                        ^
  symbol:   variable tag
  location: class Parser
1 error

3448747 [main] INFO clegoues.genprog4java.rep.CachingRepresentation  - StmtDelete(195) StmtAppend(643,659) StmtAppend(678,630) StmtDelete(545) StmtReplace(476,406) at variant409 fails to compile

3448747 [main] INFO clegoues.genprog4java.fitness.Fitness  - 	 gen: 7 0.0 StmtDelete(195) StmtAppend(643,659) StmtAppend(678,630) StmtDelete(545) StmtReplace(476,406) (stored at: variant409)
3449413 [main] INFO clegoues.genprog4java.fitness.Fitness  - 	 gen: 7 1.0 StmtDelete(200) StmtReplace(443,342) StmtAppend(214,51) StmtReplace(543,653) (stored at: variant410)
3449445 [main] ERROR clegoues.genprog4java.rep.JavaRepresentation  - org/jsoup/parser/Parser.java:297: error: incompatible types: boolean cannot be converted to Element
                return true;
                       ^
1 error

3449445 [main] INFO clegoues.genprog4java.rep.CachingRepresentation  - StmtDelete(102) StmtAppend(176,322) StmtDelete(200) StmtDelete(632) StmtReplace(340,357) StmtReplace(512,217) at variant411 fails to compile

3449445 [main] INFO clegoues.genprog4java.fitness.Fitness  - 	 gen: 7 0.0 StmtDelete(102) StmtAppend(176,322) StmtDelete(200) StmtDelete(632) StmtReplace(340,357) StmtReplace(512,217) (stored at: variant411)
3450123 [main] INFO clegoues.genprog4java.fitness.Fitness  - 	 gen: 7 1.0 StmtDelete(623) StmtDelete(100) StmtReplace(392,420) (stored at: variant412)
3450787 [main] INFO clegoues.genprog4java.fitness.Fitness  - 	 gen: 7 1.0 StmtDelete(102) StmtAppend(176,322) StmtDelete(315) StmtDelete(551) StmtDelete(291) (stored at: variant413)
3451489 [main] INFO clegoues.genprog4java.fitness.Fitness  - 	 gen: 7 0.0 StmtDelete(200) StmtDelete(632) StmtDelete(382) StmtDelete(640) (stored at: variant414)
3451521 [main] ERROR clegoues.genprog4java.rep.JavaRepresentation  - org/jsoup/nodes/Element.java:272: error: cannot find symbol
            if (tagName != null ? !tagName.equals(tag.tagName) : tag.tagName != null)
                ^
  symbol:   variable tagName
  location: class Element
org/jsoup/nodes/Element.java:272: error: tagName has private access in Tag
            if (tagName != null ? !tagName.equals(tag.tagName) : tag.tagName != null)
                                                     ^
org/jsoup/nodes/Element.java:272: error: cannot find symbol
            if (tagName != null ? !tagName.equals(tag.tagName) : tag.tagName != null)
                                   ^
  symbol:   variable tagName
  location: class Element
org/jsoup/nodes/Element.java:272: error: tagName has private access in Tag
            if (tagName != null ? !tagName.equals(tag.tagName) : tag.tagName != null)
                                                                    ^
org/jsoup/nodes/Element.java:273: error: incompatible types: boolean cannot be converted to Element
				return false;
				       ^
5 errors

3451522 [main] INFO clegoues.genprog4java.rep.CachingRepresentation  - StmtDelete(195) StmtAppend(643,659) StmtAppend(678,630) StmtDelete(545) StmtReplace(74,596) at variant415 fails to compile

3451522 [main] INFO clegoues.genprog4java.fitness.Fitness  - 	 gen: 7 0.0 StmtDelete(195) StmtAppend(643,659) StmtAppend(678,630) StmtDelete(545) StmtReplace(74,596) (stored at: variant415)
3452151 [main] INFO clegoues.genprog4java.fitness.Fitness  - 	 gen: 7 1.0 StmtReplace(590,303) StmtReplace(575,656) StmtDelete(665) (stored at: variant416)
3452162 [main] ERROR clegoues.genprog4java.rep.JavaRepresentation  - org/jsoup/nodes/Element.java:82: error: ';' expected
    public boolean isBlock() childNodes.add(child);
                            ^
1 error

3452162 [main] INFO clegoues.genprog4java.rep.CachingRepresentation  - StmtDelete(195) StmtAppend(643,659) StmtAppend(678,630) StmtDelete(545) StmtReplace(12,46) at variant417 fails to compile

3452162 [main] INFO clegoues.genprog4java.fitness.Fitness  - 	 gen: 7 0.0 StmtDelete(195) StmtAppend(643,659) StmtAppend(678,630) StmtDelete(545) StmtReplace(12,46) (stored at: variant417)
3452172 [main] ERROR clegoues.genprog4java.rep.JavaRepresentation  - org/jsoup/nodes/Element.java:179: error: ';' expected
    public Elements select(String query) empty();
                                        ^
1 error

3452172 [main] INFO clegoues.genprog4java.rep.CachingRepresentation  - StmtDelete(200) StmtDelete(632) StmtDelete(382) StmtReplace(41,201) at variant418 fails to compile

3452172 [main] INFO clegoues.genprog4java.fitness.Fitness  - 	 gen: 7 0.0 StmtDelete(200) StmtDelete(632) StmtDelete(382) StmtReplace(41,201) (stored at: variant418)
3452868 [main] INFO clegoues.genprog4java.fitness.Fitness  - 	 gen: 7 0.0 StmtDelete(195) StmtAppend(626,643) StmtReplace(544,649) StmtDelete(648) StmtReplace(601,688) (stored at: variant419)
3452900 [main] ERROR clegoues.genprog4java.rep.JavaRepresentation  - org/jsoup/nodes/Element.java:293: error: cannot find symbol
					return tagName;
					       ^
  symbol:   variable tagName
  location: class Element
org/jsoup/nodes/Element.java:296: error: cannot find symbol
            node.parentNode = null;
            ^
  symbol:   variable node
  location: class Element
org/jsoup/nodes/Element.java:297: error: cannot find symbol
            prependChild(node);
                         ^
  symbol:   variable node
  location: class Element
3 errors

3452900 [main] INFO clegoues.genprog4java.rep.CachingRepresentation  - StmtDelete(102) StmtReplace(343,341) StmtDelete(278) StmtReplace(306,2) StmtAppend(675,629) StmtAppend(83,521) at variant420 fails to compile

3452900 [main] INFO clegoues.genprog4java.fitness.Fitness  - 	 gen: 7 0.0 StmtDelete(102) StmtReplace(343,341) StmtDelete(278) StmtReplace(306,2) StmtAppend(675,629) StmtAppend(83,521) (stored at: variant420)
3452936 [main] ERROR clegoues.genprog4java.rep.JavaRepresentation  - org/jsoup/nodes/Element.java:160: error: cannot find symbol
			Validate.notEmpty(id);
			                  ^
  symbol:   variable id
  location: class Element
1 error

3452936 [main] INFO clegoues.genprog4java.rep.CachingRepresentation  - StmtDelete(200) StmtReplace(443,342) StmtAppend(214,51) StmtAppend(37,144) at variant421 fails to compile

3452936 [main] INFO clegoues.genprog4java.fitness.Fitness  - 	 gen: 7 0.0 StmtDelete(200) StmtReplace(443,342) StmtAppend(214,51) StmtAppend(37,144) (stored at: variant421)
3452972 [main] ERROR clegoues.genprog4java.rep.JavaRepresentation  - org/jsoup/nodes/Element.java:49: error: no suitable constructor found for Node(no arguments)
    public Element(Tag tag, String baseUri) {
                                            ^
    constructor Node.Node(String,Attributes) is not applicable
      (actual and formal argument lists differ in length)
    constructor Node.Node(String) is not applicable
      (actual and formal argument lists differ in length)
org/jsoup/nodes/Element.java:50: error: cannot find symbol
        if (wrap == null)
            ^
  symbol:   variable wrap
  location: class Element
org/jsoup/nodes/Element.java:51: error: incompatible types: unexpected return value
			return null;
			       ^
3 errors

3452972 [main] INFO clegoues.genprog4java.rep.CachingRepresentation  - StmtDelete(200) StmtDelete(632) StmtDelete(382) StmtReplace(5,95) at variant422 fails to compile

3452972 [main] INFO clegoues.genprog4java.fitness.Fitness  - 	 gen: 7 0.0 StmtDelete(200) StmtDelete(632) StmtDelete(382) StmtReplace(5,95) (stored at: variant422)
3453018 [main] ERROR clegoues.genprog4java.rep.JavaRepresentation  - org/jsoup/nodes/Element.java:592: error: cannot find symbol
						text = TextNode.normaliseWhitespace(text);
						^
  symbol:   variable text
  location: class Element
org/jsoup/nodes/Element.java:592: error: cannot find symbol
						text = TextNode.normaliseWhitespace(text);
						                                    ^
  symbol:   variable text
  location: class Element
org/jsoup/nodes/Element.java:594: error: cannot find symbol
							text = TextNode.stripLeadingWhitespace(text);
							^
  symbol:   variable text
  location: class Element
org/jsoup/nodes/Element.java:594: error: cannot find symbol
							text = TextNode.stripLeadingWhitespace(text);
							                                       ^
  symbol:   variable text
  location: class Element
org/jsoup/nodes/Element.java:597: error: cannot find symbol
                if (accum.length() > 0 && element.isBlock() && !TextNode.lastCharIsWhitespace(accum))
                                          ^
  symbol:   variable element
  location: class Element
org/jsoup/nodes/Element.java:599: error: cannot find symbol
                element.text(accum);
                ^
  symbol:   variable element
  location: class Element
6 errors

3453018 [main] INFO clegoues.genprog4java.rep.CachingRepresentation  - StmtDelete(102) StmtReplace(343,341) StmtDelete(278) StmtReplace(306,2) StmtDelete(657) StmtAppend(193,186) at variant423 fails to compile

3453018 [main] INFO clegoues.genprog4java.fitness.Fitness  - 	 gen: 7 0.0 StmtDelete(102) StmtReplace(343,341) StmtDelete(278) StmtReplace(306,2) StmtDelete(657) StmtAppend(193,186) (stored at: variant423)
3453714 [main] INFO clegoues.genprog4java.fitness.Fitness  - 	 gen: 7 1.0 StmtDelete(102) StmtAppend(176,322) StmtDelete(315) StmtDelete(524) StmtAppend(411,538) (stored at: variant424)
3454517 [main] INFO clegoues.genprog4java.fitness.Fitness  - 	 gen: 7 0.0 StmtDelete(195) StmtAppend(626,643) StmtReplace(544,649) StmtReplace(588,636) StmtAppend(364,511) StmtReplace(482,217) (stored at: variant425)
3455239 [main] INFO clegoues.genprog4java.fitness.Fitness  - 	 gen: 7 1.0 StmtDelete(623) StmtDelete(100) StmtDelete(140) (stored at: variant426)
3455268 [main] ERROR clegoues.genprog4java.rep.JavaRepresentation  - org/jsoup/parser/Tag.java:61: error: non-static variable canContainBlock cannot be referenced from a static context
				canContainBlock = false;
				^
org/jsoup/parser/Tag.java:62: error: non-static variable canContainInline cannot be referenced from a static context
				canContainInline = true;
				^
org/jsoup/parser/Tag.java:63: error: non-static variable this cannot be referenced from a static context
				return this;
				       ^
3 errors

3455268 [main] INFO clegoues.genprog4java.rep.CachingRepresentation  - StmtDelete(102) StmtReplace(343,341) StmtDelete(278) StmtReplace(306,2) StmtDelete(657) StmtAppend(527,704) at variant427 fails to compile

3455268 [main] INFO clegoues.genprog4java.fitness.Fitness  - 	 gen: 7 0.0 StmtDelete(102) StmtReplace(343,341) StmtDelete(278) StmtReplace(306,2) StmtDelete(657) StmtAppend(527,704) (stored at: variant427)
3455297 [main] ERROR clegoues.genprog4java.rep.JavaRepresentation  - org/jsoup/nodes/Element.java:583: error: cannot find symbol
                Tag tag = Tag.valueOf(tagName);
                                      ^
  symbol:   variable tagName
  location: class Element
1 error

3455297 [main] INFO clegoues.genprog4java.rep.CachingRepresentation  - StmtDelete(623) StmtDelete(100) StmtReplace(190,377) at variant428 fails to compile

3455297 [main] INFO clegoues.genprog4java.fitness.Fitness  - 	 gen: 7 0.0 StmtDelete(623) StmtDelete(100) StmtReplace(190,377) (stored at: variant428)
3455322 [main] ERROR clegoues.genprog4java.rep.JavaRepresentation  - org/jsoup/parser/Parser.java:107: error: cannot find symbol
        boolean procInstr = firstChar.toString().equals("!");
                            ^
  symbol:   variable firstChar
  location: class Parser
1 error

3455323 [main] INFO clegoues.genprog4java.rep.CachingRepresentation  - StmtDelete(195) StmtAppend(643,659) StmtAppend(678,630) StmtDelete(545) StmtDelete(366) at variant429 fails to compile

3455323 [main] INFO clegoues.genprog4java.fitness.Fitness  - 	 gen: 7 0.0 StmtDelete(195) StmtAppend(643,659) StmtAppend(678,630) StmtDelete(545) StmtDelete(366) (stored at: variant429)
3455352 [main] ERROR clegoues.genprog4java.rep.JavaRepresentation  - org/jsoup/parser/Tag.java:214: error: return outside method
				return !isBlock;
				^
1 error

3455352 [main] INFO clegoues.genprog4java.rep.CachingRepresentation  - StmtDelete(102) StmtAppend(176,322) StmtDelete(200) StmtDelete(632) StmtReplace(340,357) StmtAppend(613,562) at variant430 fails to compile

3455352 [main] INFO clegoues.genprog4java.fitness.Fitness  - 	 gen: 7 0.0 StmtDelete(102) StmtAppend(176,322) StmtDelete(200) StmtDelete(632) StmtReplace(340,357) StmtAppend(613,562) (stored at: variant430)
3455383 [main] ERROR clegoues.genprog4java.rep.JavaRepresentation  - org/jsoup/parser/Parser.java:41: error: variable doc might not have been initialized
            stack.add(doc);
                      ^
1 error

3455383 [main] INFO clegoues.genprog4java.rep.CachingRepresentation  - StmtDelete(195) StmtAppend(643,659) StmtAppend(678,630) StmtDelete(545) StmtDelete(328) at variant431 fails to compile

3455383 [main] INFO clegoues.genprog4java.fitness.Fitness  - 	 gen: 7 0.0 StmtDelete(195) StmtAppend(643,659) StmtAppend(678,630) StmtDelete(545) StmtDelete(328) (stored at: variant431)
3456022 [main] INFO clegoues.genprog4java.fitness.Fitness  - 	 gen: 7 0.0 StmtDelete(195) StmtAppend(626,643) StmtReplace(343,341) StmtAppend(643,659) StmtAppend(453,358) StmtReplace(619,681) StmtReplace(506,349) (stored at: variant432)
3456694 [main] INFO clegoues.genprog4java.fitness.Fitness  - 	 gen: 7 1.0 StmtDelete(102) StmtReplace(343,341) StmtDelete(278) StmtReplace(306,2) StmtDelete(657) StmtAppend(576,658) (stored at: variant433)
3456731 [main] ERROR clegoues.genprog4java.rep.JavaRepresentation  - org/jsoup/nodes/Element.java:127: error: cannot find symbol
				Validate.notNull(text);
				                 ^
  symbol:   variable text
  location: class Element
1 error

3456731 [main] INFO clegoues.genprog4java.rep.CachingRepresentation  - StmtDelete(195) StmtAppend(626,643) StmtReplace(544,649) StmtReplace(588,636) StmtAppend(364,511) StmtAppend(30,200) at variant434 fails to compile

3456731 [main] INFO clegoues.genprog4java.fitness.Fitness  - 	 gen: 7 0.0 StmtDelete(195) StmtAppend(626,643) StmtReplace(544,649) StmtReplace(588,636) StmtAppend(364,511) StmtAppend(30,200) (stored at: variant434)
3457646 [main] INFO clegoues.genprog4java.fitness.Fitness  - 	 gen: 7 1.0 StmtDelete(102) StmtReplace(343,341) StmtDelete(278) StmtReplace(306,2) StmtAppend(675,629) StmtAppend(102,394) (stored at: variant435)
3457679 [main] ERROR clegoues.genprog4java.rep.JavaRepresentation  - org/jsoup/nodes/Element.java:219: error: missing return statement
	}
	^
1 error

3457679 [main] INFO clegoues.genprog4java.rep.CachingRepresentation  - StmtReplace(459,339) StmtDelete(53) at variant436 fails to compile

3457679 [main] INFO clegoues.genprog4java.fitness.Fitness  - 	 gen: 7 0.0 StmtReplace(459,339) StmtDelete(53) (stored at: variant436)
3457716 [main] ERROR clegoues.genprog4java.rep.JavaRepresentation  - org/jsoup/nodes/Element.java:316: error: cannot find symbol
        Elements wrapChildren = wrapBody.children();
                                ^
  symbol:   variable wrapBody
  location: class Element
1 error

3457716 [main] INFO clegoues.genprog4java.rep.CachingRepresentation  - StmtDelete(102) StmtAppend(626,643) StmtDelete(284) StmtDelete(92) StmtDelete(645) at variant437 fails to compile

3457716 [main] INFO clegoues.genprog4java.fitness.Fitness  - 	 gen: 7 0.0 StmtDelete(102) StmtAppend(626,643) StmtDelete(284) StmtDelete(92) StmtDelete(645) (stored at: variant437)
3458425 [main] INFO clegoues.genprog4java.fitness.Fitness  - 	 gen: 7 1.0 StmtDelete(102) StmtReplace(343,341) StmtDelete(278) StmtReplace(306,2) StmtAppend(675,629) StmtDelete(411) (stored at: variant438)
3458459 [main] ERROR clegoues.genprog4java.rep.JavaRepresentation  - org/jsoup/parser/Tag.java:93: error: cannot find symbol
			empty();
			^
  symbol:   method empty()
  location: class Tag
1 error

3458459 [main] INFO clegoues.genprog4java.rep.CachingRepresentation  - StmtDelete(102) StmtReplace(343,341) StmtDelete(278) StmtReplace(306,2) StmtDelete(657) StmtAppend(548,201) at variant439 fails to compile

3458459 [main] INFO clegoues.genprog4java.fitness.Fitness  - 	 gen: 7 0.0 StmtDelete(102) StmtReplace(343,341) StmtDelete(278) StmtReplace(306,2) StmtDelete(657) StmtAppend(548,201) (stored at: variant439)
3459102 [main] INFO clegoues.genprog4java.fitness.Fitness  - 	 gen: 7 1.0 StmtDelete(623) StmtDelete(100) StmtDelete(298) (stored at: variant440)
3459997 [main] INFO clegoues.genprog4java.fitness.Fitness  - 	 gen: 7 0.0 StmtDelete(200) StmtReplace(443,342) StmtAppend(214,51) StmtDelete(412) (stored at: variant441)
3460660 [main] INFO clegoues.genprog4java.fitness.Fitness  - 	 gen: 7 1.0 StmtDelete(200) StmtReplace(443,342) StmtAppend(214,51) StmtReplace(663,635) (stored at: variant442)
3460688 [main] ERROR clegoues.genprog4java.rep.JavaRepresentation  - org/jsoup/nodes/Element.java:786: error: cannot find symbol
				parents.add(parent);
				            ^
  symbol:   variable parent
  location: class Element
org/jsoup/nodes/Element.java:786: error: cannot find symbol
				parents.add(parent);
				^
  symbol:   variable parents
  location: class Element
org/jsoup/nodes/Element.java:787: error: cannot find symbol
				accumulateParents(parent, parents);
				                  ^
  symbol:   variable parent
  location: class Element
org/jsoup/nodes/Element.java:787: error: cannot find symbol
				accumulateParents(parent, parents);
				                          ^
  symbol:   variable parents
  location: class Element
4 errors

3460689 [main] INFO clegoues.genprog4java.rep.CachingRepresentation  - StmtReplace(459,339) StmtReplace(285,29) at variant443 fails to compile

3460689 [main] INFO clegoues.genprog4java.fitness.Fitness  - 	 gen: 7 0.0 StmtReplace(459,339) StmtReplace(285,29) (stored at: variant443)
3461356 [main] INFO clegoues.genprog4java.fitness.Fitness  - 	 gen: 7 1.0 StmtDelete(195) StmtAppend(626,643) StmtReplace(343,341) StmtAppend(643,659) StmtAppend(453,358) StmtReplace(619,681) StmtReplace(540,656) (stored at: variant444)
3462000 [main] INFO clegoues.genprog4java.fitness.Fitness  - 	 gen: 7 1.0 StmtDelete(102) StmtAppend(176,322) StmtDelete(315) StmtDelete(524) StmtDelete(101) (stored at: variant445)
3462639 [main] INFO clegoues.genprog4java.fitness.Fitness  - 	 gen: 7 1.0 StmtDelete(200) StmtDelete(632) StmtDelete(382) StmtReplace(629,673) (stored at: variant446)
3463337 [main] INFO clegoues.genprog4java.fitness.Fitness  - 	 gen: 7 1.0 StmtDelete(102) StmtAppend(176,322) StmtDelete(200) StmtDelete(632) StmtReplace(340,357) StmtReplace(715,635) (stored at: variant447)
3464019 [main] INFO clegoues.genprog4java.fitness.Fitness  - 	 gen: 7 1.0 StmtDelete(102) StmtReplace(343,341) StmtReplace(402,445) (stored at: variant448)
3464665 [main] INFO clegoues.genprog4java.fitness.Fitness  - 	 gen: 7 0.0 StmtDelete(623) StmtReplace(306,2) StmtDelete(657) StmtReplace(430,429) (stored at: variant449)
3464695 [main] ERROR clegoues.genprog4java.rep.JavaRepresentation  - org/jsoup/parser/Parser.java:43: error: variable doc might not have been initialized
    }
    ^
1 error

3464695 [main] INFO clegoues.genprog4java.rep.CachingRepresentation  - StmtReplace(323,364) at variant450 fails to compile

3464695 [main] INFO clegoues.genprog4java.fitness.Fitness  - 	 gen: 7 0.0 StmtReplace(323,364) (stored at: variant450)
3464730 [main] ERROR clegoues.genprog4java.rep.JavaRepresentation  - org/jsoup/parser/Tag.java:157: error: missing return statement
	}
	^
1 error

3464730 [main] INFO clegoues.genprog4java.rep.CachingRepresentation  - StmtDelete(195) StmtAppend(643,659) StmtAppend(678,630) StmtAppend(643,659) StmtAppend(678,630) StmtDelete(545) StmtDelete(572) at variant451 fails to compile

3464730 [main] INFO clegoues.genprog4java.fitness.Fitness  - 	 gen: 7 0.0 StmtDelete(195) StmtAppend(643,659) StmtAppend(678,630) StmtAppend(643,659) StmtAppend(678,630) StmtDelete(545) StmtDelete(572) (stored at: variant451)
3464773 [main] ERROR clegoues.genprog4java.rep.JavaRepresentation  - org/jsoup/nodes/Element.java:757: error: missing return statement
    }
    ^
1 error

3464773 [main] INFO clegoues.genprog4java.rep.CachingRepresentation  - StmtDelete(200) StmtDelete(268) at variant452 fails to compile

3464773 [main] INFO clegoues.genprog4java.fitness.Fitness  - 	 gen: 7 0.0 StmtDelete(200) StmtDelete(268) (stored at: variant452)
