0 [main] DEBUG clegoues.genprog4java.fitness.Fitness  - parsing granularity, value: class
28 [main] DEBUG clegoues.genprog4java.fitness.Fitness  - parsing granularity, value: class
#Tue Mar 02 18:40:26 CST 2021
negativeTestWeight=2.0
classSourceFolder=/home/rtx/repair/d4j/Jsoup/3b/target/classes
model=default
sampleStrategy=variant
srcClassPath=/home/rtx/repair/d4j/Jsoup/3b/target/classes\:/home/rtx/repair/defects4j/framework/projects/Jsoup/lib/commons-lang/commons-lang/2.4/commons-lang-2.4.jar
sourceVersion=1.8
popsize=40
regenPaths=false
posCoverageFile=coverage.path.pos
continue=false
edits=APPEND;DELETE;REPLACE
negCoverageFile=coverage.path.neg
workingDir=/home/rtx/repair/d4j/Jsoup/3b/
clearTestCache=false
skipFailedSanity=false
sample=0.1 
oracleGenome=
testGranularity=class
justTestingFaultLoc=false
faultLocStrategy=standardPathFile
crossp=0.5
pMutation=1
generations=10
positiveTests=/home/rtx/repair/d4j/Jsoup/3b/pos.tests
javaVM=/home/rtx/java/jdk1.8.0_271/jre/bin/java
seed=4
negativePathWeight=0.35
compileCommand=
fixStrategy=classScope
allowCoverageFail=false
targetClassName=/home/rtx/repair/d4j/Jsoup/3b/bugfiles.txt
javaRuntime=java.lang.Runtime@6576fe71
classTestFolder=
modelPath=OVERALLModel.txt
sanity=yes
positivePathWeight=0.65
jacocoPath=/home/rtx/eclipse-workspace/genprog4java/lib/jacocoagent.jar
negativeTests=/home/rtx/repair/d4j/Jsoup/3b/neg.tests
pathToFileHumanInjectedFaultLoc=fileHumanInjectedFaultLoc.txt
outputDir=/home/rtx/repair/d4j/Jsoup/3b/genprog4java/variantSeed4/
testClassPath=/home/rtx/repair/defects4j/framework/projects/Jsoup/lib/junit/junit/4.5/junit-4.5.jar\:/home/rtx/repair/defects4j/framework/projects/Jsoup/lib/commons-lang/commons-lang/2.4/commons-lang-2.4.jar\:/home/rtx/repair/d4j/Jsoup/3b/target/classes\:/home/rtx/repair/d4j/Jsoup/3b/target/test-classes\:/home/rtx/repair/defects4j/framework/projects/lib/junit-4.11.jar\:/home/rtx/repair/defects4j/framework/projects/Jsoup/lib/com/google/code/gson/gson/2.7/gson-2.7.jar\:/home/rtx/repair/defects4j/framework/projects/Jsoup/lib/javax/servlet/javax.servlet-api/3.1.0/javax.servlet-api-3.1.0.jar\:/home/rtx/repair/defects4j/framework/projects/Jsoup/lib/junit/junit/4.12/junit-4.12.jar\:/home/rtx/repair/defects4j/framework/projects/Jsoup/lib/lib/com/google/code/gson/gson/2.7/gson-2.7.jar\:/home/rtx/repair/defects4j/framework/projects/Jsoup/lib/lib/commons-lang/commons-lang/2.4/commons-lang-2.4.jar\:/home/rtx/repair/defects4j/framework/projects/Jsoup/lib/lib/javax/servlet/javax.servlet-api/3.1.0/javax.servlet-api-3.1.0.jar\:/home/rtx/repair/defects4j/framework/projects/Jsoup/lib/lib/junit/junit/4.12/junit-4.12.jar\:/home/rtx/repair/defects4j/framework/projects/Jsoup/lib/lib/junit/junit/4.5/junit-4.5.jar\:/home/rtx/repair/defects4j/framework/projects/Jsoup/lib/lib/org/eclipse/jetty/jetty-http/9.2.22.v20170606/jetty-http-9.2.22.v20170606.jar\:/home/rtx/repair/defects4j/framework/projects/Jsoup/lib/lib/org/eclipse/jetty/jetty-http/9.2.26.v20180806/jetty-http-9.2.26.v20180806.jar\:/home/rtx/repair/defects4j/framework/projects/Jsoup/lib/lib/org/eclipse/jetty/jetty-http/9.2.28.v20190418/jetty-http-9.2.28.v20190418.jar\:/home/rtx/repair/defects4j/framework/projects/Jsoup/lib/lib/org/eclipse/jetty/jetty-io/9.2.22.v20170606/jetty-io-9.2.22.v20170606.jar\:/home/rtx/repair/defects4j/framework/projects/Jsoup/lib/lib/org/eclipse/jetty/jetty-io/9.2.26.v20180806/jetty-io-9.2.26.v20180806.jar\:/home/rtx/repair/defects4j/framework/projects/Jsoup/lib/lib/org/eclipse/jetty/jetty-io/9.2.28.v20190418/jetty-io-9.2.28.v20190418.jar\:/home/rtx/repair/defects4j/framework/projects/Jsoup/lib/lib/org/eclipse/jetty/jetty-security/9.2.22.v20170606/jetty-security-9.2.22.v20170606.jar\:/home/rtx/repair/defects4j/framework/projects/Jsoup/lib/lib/org/eclipse/jetty/jetty-security/9.2.26.v20180806/jetty-security-9.2.26.v20180806.jar\:/home/rtx/repair/defects4j/framework/projects/Jsoup/lib/lib/org/eclipse/jetty/jetty-security/9.2.28.v20190418/jetty-security-9.2.28.v20190418.jar\:/home/rtx/repair/defects4j/framework/projects/Jsoup/lib/lib/org/eclipse/jetty/jetty-server/9.2.22.v20170606/jetty-server-9.2.22.v20170606.jar\:/home/rtx/repair/defects4j/framework/projects/Jsoup/lib/lib/org/eclipse/jetty/jetty-server/9.2.26.v20180806/jetty-server-9.2.26.v20180806.jar\:/home/rtx/repair/defects4j/framework/projects/Jsoup/lib/lib/org/eclipse/jetty/jetty-server/9.2.28.v20190418/jetty-server-9.2.28.v20190418.jar\:/home/rtx/repair/defects4j/framework/projects/Jsoup/lib/lib/org/eclipse/jetty/jetty-servlet/9.2.22.v20170606/jetty-servlet-9.2.22.v20170606.jar\:/home/rtx/repair/defects4j/framework/projects/Jsoup/lib/lib/org/eclipse/jetty/jetty-servlet/9.2.26.v20180806/jetty-servlet-9.2.26.v20180806.jar\:/home/rtx/repair/defects4j/framework/projects/Jsoup/lib/lib/org/eclipse/jetty/jetty-servlet/9.2.28.v20190418/jetty-servlet-9.2.28.v20190418.jar\:/home/rtx/repair/defects4j/framework/projects/Jsoup/lib/lib/org/eclipse/jetty/jetty-util/9.2.22.v20170606/jetty-util-9.2.22.v20170606.jar\:/home/rtx/repair/defects4j/framework/projects/Jsoup/lib/lib/org/eclipse/jetty/jetty-util/9.2.26.v20180806/jetty-util-9.2.26.v20180806.jar\:/home/rtx/repair/defects4j/framework/projects/Jsoup/lib/lib/org/eclipse/jetty/jetty-util/9.2.28.v20190418/jetty-util-9.2.28.v20190418.jar\:/home/rtx/repair/defects4j/framework/projects/Jsoup/lib/lib/org/hamcrest/hamcrest-core/1.3/hamcrest-core-1.3.jar\:/home/rtx/repair/defects4j/framework/projects/Jsoup/lib/org/eclipse/jetty/jetty-http/9.2.22.v20170606/jetty-http-9.2.22.v20170606.jar\:/home/rtx/repair/defects4j/framework/projects/Jsoup/lib/org/eclipse/jetty/jetty-http/9.2.26.v20180806/jetty-http-9.2.26.v20180806.jar\:/home/rtx/repair/defects4j/framework/projects/Jsoup/lib/org/eclipse/jetty/jetty-http/9.2.28.v20190418/jetty-http-9.2.28.v20190418.jar\:/home/rtx/repair/defects4j/framework/projects/Jsoup/lib/org/eclipse/jetty/jetty-io/9.2.22.v20170606/jetty-io-9.2.22.v20170606.jar\:/home/rtx/repair/defects4j/framework/projects/Jsoup/lib/org/eclipse/jetty/jetty-io/9.2.26.v20180806/jetty-io-9.2.26.v20180806.jar\:/home/rtx/repair/defects4j/framework/projects/Jsoup/lib/org/eclipse/jetty/jetty-io/9.2.28.v20190418/jetty-io-9.2.28.v20190418.jar\:/home/rtx/repair/defects4j/framework/projects/Jsoup/lib/org/eclipse/jetty/jetty-security/9.2.22.v20170606/jetty-security-9.2.22.v20170606.jar\:/home/rtx/repair/defects4j/framework/projects/Jsoup/lib/org/eclipse/jetty/jetty-security/9.2.26.v20180806/jetty-security-9.2.26.v20180806.jar\:/home/rtx/repair/defects4j/framework/projects/Jsoup/lib/org/eclipse/jetty/jetty-security/9.2.28.v20190418/jetty-security-9.2.28.v20190418.jar\:/home/rtx/repair/defects4j/framework/projects/Jsoup/lib/org/eclipse/jetty/jetty-server/9.2.22.v20170606/jetty-server-9.2.22.v20170606.jar\:/home/rtx/repair/defects4j/framework/projects/Jsoup/lib/org/eclipse/jetty/jetty-server/9.2.26.v20180806/jetty-server-9.2.26.v20180806.jar\:/home/rtx/repair/defects4j/framework/projects/Jsoup/lib/org/eclipse/jetty/jetty-server/9.2.28.v20190418/jetty-server-9.2.28.v20190418.jar\:/home/rtx/repair/defects4j/framework/projects/Jsoup/lib/org/eclipse/jetty/jetty-servlet/9.2.22.v20170606/jetty-servlet-9.2.22.v20170606.jar\:/home/rtx/repair/defects4j/framework/projects/Jsoup/lib/org/eclipse/jetty/jetty-servlet/9.2.26.v20180806/jetty-servlet-9.2.26.v20180806.jar\:/home/rtx/repair/defects4j/framework/projects/Jsoup/lib/org/eclipse/jetty/jetty-servlet/9.2.28.v20190418/jetty-servlet-9.2.28.v20190418.jar\:/home/rtx/repair/defects4j/framework/projects/Jsoup/lib/org/eclipse/jetty/jetty-util/9.2.22.v20170606/jetty-util-9.2.22.v20170606.jar\:/home/rtx/repair/defects4j/framework/projects/Jsoup/lib/org/eclipse/jetty/jetty-util/9.2.26.v20180806/jetty-util-9.2.26.v20180806.jar\:/home/rtx/repair/defects4j/framework/projects/Jsoup/lib/org/eclipse/jetty/jetty-util/9.2.28.v20190418/jetty-util-9.2.28.v20190418.jar\:/home/rtx/repair/defects4j/framework/projects/Jsoup/lib/org/hamcrest/hamcrest-core/1.3/hamcrest-core-1.3.jar
faultStrategy=classScope
sourceDir=src/main/java
checkSpace=false
search=gp
globalExtension=.java
faultSpaceSubSet=1/5
maxVariants=50
libs=/home/rtx/eclipse-workspace/genprog4java/lib/junittestrunner.jar\:/home/rtx/eclipse-workspace/genprog4java/lib/commons-cli-20040117.000000.jar\:/home/rtx/eclipse-workspace/genprog4java/lib/junit-4.12.jar\:/home/rtx/eclipse-workspace/genprog4java/lib/hamcrest-core-1.3.jar\:/home/rtx/eclipse-workspace/genprog4java/lib/log4j-1.2.17.jar\:/home/rtx/repair/defects4j/framework/projects/Jsoup/lib/junit/junit/4.5/junit-4.5.jar\:/home/rtx/repair/defects4j/framework/projects/Jsoup/lib/commons-lang/commons-lang/2.4/commons-lang-2.4.jar\:/home/rtx/repair/d4j/Jsoup/3b/target/classes\:/home/rtx/repair/d4j/Jsoup/3b/target/test-classes\:/home/rtx/repair/defects4j/framework/projects/lib/junit-4.11.jar\:/home/rtx/repair/defects4j/framework/projects/Jsoup/lib/com/google/code/gson/gson/2.7/gson-2.7.jar\:/home/rtx/repair/defects4j/framework/projects/Jsoup/lib/javax/servlet/javax.servlet-api/3.1.0/javax.servlet-api-3.1.0.jar\:/home/rtx/repair/defects4j/framework/projects/Jsoup/lib/junit/junit/4.12/junit-4.12.jar\:/home/rtx/repair/defects4j/framework/projects/Jsoup/lib/lib/com/google/code/gson/gson/2.7/gson-2.7.jar\:/home/rtx/repair/defects4j/framework/projects/Jsoup/lib/lib/commons-lang/commons-lang/2.4/commons-lang-2.4.jar\:/home/rtx/repair/defects4j/framework/projects/Jsoup/lib/lib/javax/servlet/javax.servlet-api/3.1.0/javax.servlet-api-3.1.0.jar\:/home/rtx/repair/defects4j/framework/projects/Jsoup/lib/lib/junit/junit/4.12/junit-4.12.jar\:/home/rtx/repair/defects4j/framework/projects/Jsoup/lib/lib/junit/junit/4.5/junit-4.5.jar\:/home/rtx/repair/defects4j/framework/projects/Jsoup/lib/lib/org/eclipse/jetty/jetty-http/9.2.22.v20170606/jetty-http-9.2.22.v20170606.jar\:/home/rtx/repair/defects4j/framework/projects/Jsoup/lib/lib/org/eclipse/jetty/jetty-http/9.2.26.v20180806/jetty-http-9.2.26.v20180806.jar\:/home/rtx/repair/defects4j/framework/projects/Jsoup/lib/lib/org/eclipse/jetty/jetty-http/9.2.28.v20190418/jetty-http-9.2.28.v20190418.jar\:/home/rtx/repair/defects4j/framework/projects/Jsoup/lib/lib/org/eclipse/jetty/jetty-io/9.2.22.v20170606/jetty-io-9.2.22.v20170606.jar\:/home/rtx/repair/defects4j/framework/projects/Jsoup/lib/lib/org/eclipse/jetty/jetty-io/9.2.26.v20180806/jetty-io-9.2.26.v20180806.jar\:/home/rtx/repair/defects4j/framework/projects/Jsoup/lib/lib/org/eclipse/jetty/jetty-io/9.2.28.v20190418/jetty-io-9.2.28.v20190418.jar\:/home/rtx/repair/defects4j/framework/projects/Jsoup/lib/lib/org/eclipse/jetty/jetty-security/9.2.22.v20170606/jetty-security-9.2.22.v20170606.jar\:/home/rtx/repair/defects4j/framework/projects/Jsoup/lib/lib/org/eclipse/jetty/jetty-security/9.2.26.v20180806/jetty-security-9.2.26.v20180806.jar\:/home/rtx/repair/defects4j/framework/projects/Jsoup/lib/lib/org/eclipse/jetty/jetty-security/9.2.28.v20190418/jetty-security-9.2.28.v20190418.jar\:/home/rtx/repair/defects4j/framework/projects/Jsoup/lib/lib/org/eclipse/jetty/jetty-server/9.2.22.v20170606/jetty-server-9.2.22.v20170606.jar\:/home/rtx/repair/defects4j/framework/projects/Jsoup/lib/lib/org/eclipse/jetty/jetty-server/9.2.26.v20180806/jetty-server-9.2.26.v20180806.jar\:/home/rtx/repair/defects4j/framework/projects/Jsoup/lib/lib/org/eclipse/jetty/jetty-server/9.2.28.v20190418/jetty-server-9.2.28.v20190418.jar\:/home/rtx/repair/defects4j/framework/projects/Jsoup/lib/lib/org/eclipse/jetty/jetty-servlet/9.2.22.v20170606/jetty-servlet-9.2.22.v20170606.jar\:/home/rtx/repair/defects4j/framework/projects/Jsoup/lib/lib/org/eclipse/jetty/jetty-servlet/9.2.26.v20180806/jetty-servlet-9.2.26.v20180806.jar\:/home/rtx/repair/defects4j/framework/projects/Jsoup/lib/lib/org/eclipse/jetty/jetty-servlet/9.2.28.v20190418/jetty-servlet-9.2.28.v20190418.jar\:/home/rtx/repair/defects4j/framework/projects/Jsoup/lib/lib/org/eclipse/jetty/jetty-util/9.2.22.v20170606/jetty-util-9.2.22.v20170606.jar\:/home/rtx/repair/defects4j/framework/projects/Jsoup/lib/lib/org/eclipse/jetty/jetty-util/9.2.26.v20180806/jetty-util-9.2.26.v20180806.jar\:/home/rtx/repair/defects4j/framework/projects/Jsoup/lib/lib/org/eclipse/jetty/jetty-util/9.2.28.v20190418/jetty-util-9.2.28.v20190418.jar\:/home/rtx/repair/defects4j/framework/projects/Jsoup/lib/lib/org/hamcrest/hamcrest-core/1.3/hamcrest-core-1.3.jar\:/home/rtx/repair/defects4j/framework/projects/Jsoup/lib/org/eclipse/jetty/jetty-http/9.2.22.v20170606/jetty-http-9.2.22.v20170606.jar\:/home/rtx/repair/defects4j/framework/projects/Jsoup/lib/org/eclipse/jetty/jetty-http/9.2.26.v20180806/jetty-http-9.2.26.v20180806.jar\:/home/rtx/repair/defects4j/framework/projects/Jsoup/lib/org/eclipse/jetty/jetty-http/9.2.28.v20190418/jetty-http-9.2.28.v20190418.jar\:/home/rtx/repair/defects4j/framework/projects/Jsoup/lib/org/eclipse/jetty/jetty-io/9.2.22.v20170606/jetty-io-9.2.22.v20170606.jar\:/home/rtx/repair/defects4j/framework/projects/Jsoup/lib/org/eclipse/jetty/jetty-io/9.2.26.v20180806/jetty-io-9.2.26.v20180806.jar\:/home/rtx/repair/defects4j/framework/projects/Jsoup/lib/org/eclipse/jetty/jetty-io/9.2.28.v20190418/jetty-io-9.2.28.v20190418.jar\:/home/rtx/repair/defects4j/framework/projects/Jsoup/lib/org/eclipse/jetty/jetty-security/9.2.22.v20170606/jetty-security-9.2.22.v20170606.jar\:/home/rtx/repair/defects4j/framework/projects/Jsoup/lib/org/eclipse/jetty/jetty-security/9.2.26.v20180806/jetty-security-9.2.26.v20180806.jar\:/home/rtx/repair/defects4j/framework/projects/Jsoup/lib/org/eclipse/jetty/jetty-security/9.2.28.v20190418/jetty-security-9.2.28.v20190418.jar\:/home/rtx/repair/defects4j/framework/projects/Jsoup/lib/org/eclipse/jetty/jetty-server/9.2.22.v20170606/jetty-server-9.2.22.v20170606.jar\:/home/rtx/repair/defects4j/framework/projects/Jsoup/lib/org/eclipse/jetty/jetty-server/9.2.26.v20180806/jetty-server-9.2.26.v20180806.jar\:/home/rtx/repair/defects4j/framework/projects/Jsoup/lib/org/eclipse/jetty/jetty-server/9.2.28.v20190418/jetty-server-9.2.28.v20190418.jar\:/home/rtx/repair/defects4j/framework/projects/Jsoup/lib/org/eclipse/jetty/jetty-servlet/9.2.22.v20170606/jetty-servlet-9.2.22.v20170606.jar\:/home/rtx/repair/defects4j/framework/projects/Jsoup/lib/org/eclipse/jetty/jetty-servlet/9.2.26.v20180806/jetty-servlet-9.2.26.v20180806.jar\:/home/rtx/repair/defects4j/framework/projects/Jsoup/lib/org/eclipse/jetty/jetty-servlet/9.2.28.v20190418/jetty-servlet-9.2.28.v20190418.jar\:/home/rtx/repair/defects4j/framework/projects/Jsoup/lib/org/eclipse/jetty/jetty-util/9.2.22.v20170606/jetty-util-9.2.22.v20170606.jar\:/home/rtx/repair/defects4j/framework/projects/Jsoup/lib/org/eclipse/jetty/jetty-util/9.2.26.v20180806/jetty-util-9.2.26.v20180806.jar\:/home/rtx/repair/defects4j/framework/projects/Jsoup/lib/org/eclipse/jetty/jetty-util/9.2.28.v20190418/jetty-util-9.2.28.v20190418.jar\:/home/rtx/repair/defects4j/framework/projects/Jsoup/lib/org/hamcrest/hamcrest-core/1.3/hamcrest-core-1.3.jar\:/home/rtx/repair/d4j/Jsoup/3b/target/classes\:/home/rtx/repair/defects4j/framework/projects/Jsoup/lib/commons-lang/commons-lang/2.4/commons-lang-2.4.jar
crossover=onepoint
102 [main] INFO clegoues.genprog4java.main.Main  - Configuration file loaded
Deserialized fitnessCache HashMap
3899 [main] INFO clegoues.genprog4java.rep.CachingRepresentation  - loaded from source clegoues.genprog4java.java.ClassInfo@7ab3a5fd
7816 [main] INFO clegoues.genprog4java.rep.CachingRepresentation  - loaded from source clegoues.genprog4java.java.ClassInfo@c9216760
9304 [main] INFO clegoues.genprog4java.rep.CachingRepresentation  - loaded from source clegoues.genprog4java.java.ClassInfo@3b12869b
9304 [main] INFO clegoues.genprog4java.rep.CachingRepresentation  - sanity checking begins
10044 [main] INFO clegoues.genprog4java.rep.CachingRepresentation  - Checking test number 1 out of 10
10519 [main] INFO clegoues.genprog4java.rep.CachingRepresentation  - true (1)

10519 [main] INFO clegoues.genprog4java.rep.CachingRepresentation  - Checking test number 2 out of 10
10669 [main] INFO clegoues.genprog4java.rep.CachingRepresentation  - true (1)

10669 [main] INFO clegoues.genprog4java.rep.CachingRepresentation  - Checking test number 3 out of 10
10842 [main] INFO clegoues.genprog4java.rep.CachingRepresentation  - true (1)

10842 [main] INFO clegoues.genprog4java.rep.CachingRepresentation  - Checking test number 4 out of 10
11016 [main] INFO clegoues.genprog4java.rep.CachingRepresentation  - true (1)

11016 [main] INFO clegoues.genprog4java.rep.CachingRepresentation  - Checking test number 5 out of 10
11205 [main] INFO clegoues.genprog4java.rep.CachingRepresentation  - true (1)

11205 [main] INFO clegoues.genprog4java.rep.CachingRepresentation  - Checking test number 6 out of 10
11371 [main] INFO clegoues.genprog4java.rep.CachingRepresentation  - true (1)

11371 [main] INFO clegoues.genprog4java.rep.CachingRepresentation  - Checking test number 7 out of 10
11521 [main] INFO clegoues.genprog4java.rep.CachingRepresentation  - true (1)

11521 [main] INFO clegoues.genprog4java.rep.CachingRepresentation  - Checking test number 8 out of 10
11725 [main] INFO clegoues.genprog4java.rep.CachingRepresentation  - true (1)

11725 [main] INFO clegoues.genprog4java.rep.CachingRepresentation  - Checking test number 9 out of 10
11921 [main] INFO clegoues.genprog4java.rep.CachingRepresentation  - true (1)

11921 [main] INFO clegoues.genprog4java.rep.CachingRepresentation  - Checking test number 10 out of 10
12138 [main] INFO clegoues.genprog4java.rep.CachingRepresentation  - true (1)

12139 [main] INFO clegoues.genprog4java.rep.CachingRepresentation  - 	n1: 
12333 [main] INFO clegoues.genprog4java.rep.CachingRepresentation  - false (0)

12333 [main] INFO clegoues.genprog4java.rep.CachingRepresentation  - 	n2: 
12528 [main] INFO clegoues.genprog4java.rep.CachingRepresentation  - false (0)

12529 [main] INFO clegoues.genprog4java.rep.CachingRepresentation  - 	n3: 
12728 [main] INFO clegoues.genprog4java.rep.CachingRepresentation  - false (0)

12728 [main] INFO clegoues.genprog4java.rep.CachingRepresentation  - sanity checking completed (time taken = 3424)
12728 [main] INFO clegoues.genprog4java.localization.DefaultLocalization  - Start Fault Localization
12769 [main] INFO clegoues.genprog4java.localization.DefaultLocalization  - Finish Fault Localization
12769 [main] INFO clegoues.genprog4java.Search.Search  - search: genetic algorithm begins

13663 [main] INFO clegoues.genprog4java.fitness.Fitness  - 	 gen: 0 1.0 original (stored at: variant0)
14524 [main] INFO clegoues.genprog4java.fitness.Fitness  - 	 gen: 0 1.0 StmtReplace(548,683) (stored at: variant1)
15282 [main] INFO clegoues.genprog4java.fitness.Fitness  - 	 gen: 0 1.0 StmtAppend(511,319) (stored at: variant2)
16024 [main] INFO clegoues.genprog4java.fitness.Fitness  - 	 gen: 0 0.0 StmtReplace(526,621) (stored at: variant3)
16123 [main] ERROR clegoues.genprog4java.rep.JavaRepresentation  - org/jsoup/parser/Tag.java:299: error: non-static variable tagName cannot be referenced from a static context
        Validate.notEmpty(tagName);
                          ^
1 error

16123 [main] INFO clegoues.genprog4java.rep.CachingRepresentation  - StmtReplace(677,140) at variant4 fails to compile

16123 [main] INFO clegoues.genprog4java.fitness.Fitness  - 	 gen: 0 0.0 StmtReplace(677,140) (stored at: variant4)
17054 [main] INFO clegoues.genprog4java.fitness.Fitness  - 	 gen: 0 1.0 StmtReplace(551,642) (stored at: variant5)
17169 [main] ERROR clegoues.genprog4java.rep.JavaRepresentation  - org/jsoup/nodes/Element.java:410: error: cannot find symbol
        return siblings.size() > 1 ? siblings.get(siblings.size() - 1) : null;
               ^
  symbol:   variable siblings
  location: class Element
org/jsoup/nodes/Element.java:410: error: cannot find symbol
        return siblings.size() > 1 ? siblings.get(siblings.size() - 1) : null;
                                                  ^
  symbol:   variable siblings
  location: class Element
org/jsoup/nodes/Element.java:410: error: cannot find symbol
        return siblings.size() > 1 ? siblings.get(siblings.size() - 1) : null;
                                     ^
  symbol:   variable siblings
  location: class Element
3 errors

17169 [main] INFO clegoues.genprog4java.rep.CachingRepresentation  - StmtAppend(137,236) at variant6 fails to compile

17169 [main] INFO clegoues.genprog4java.fitness.Fitness  - 	 gen: 0 0.0 StmtAppend(137,236) (stored at: variant6)
17949 [main] INFO clegoues.genprog4java.fitness.Fitness  - 	 gen: 0 1.0 StmtAppend(216,503) (stored at: variant7)
18015 [main] ERROR clegoues.genprog4java.rep.JavaRepresentation  - org/jsoup/parser/Tag.java:175: error: unreachable statement
        Tag tag = (Tag) o;
            ^
1 error

18016 [main] INFO clegoues.genprog4java.rep.CachingRepresentation  - StmtReplace(583,483) at variant8 fails to compile

18016 [main] INFO clegoues.genprog4java.fitness.Fitness  - 	 gen: 0 0.0 StmtReplace(583,483) (stored at: variant8)
18712 [main] INFO clegoues.genprog4java.fitness.Fitness  - 	 gen: 0 1.0 StmtDelete(36) (stored at: variant9)
19396 [main] INFO clegoues.genprog4java.fitness.Fitness  - 	 gen: 0 1.0 StmtDelete(665) (stored at: variant10)
20347 [main] INFO clegoues.genprog4java.fitness.Fitness  - 	 gen: 0 1.0 StmtReplace(437,364) (stored at: variant11)
20474 [main] ERROR clegoues.genprog4java.rep.JavaRepresentation  - org/jsoup/nodes/Element.java:726: error: unreachable statement
        classNames(classes);
        ^
1 error

20475 [main] INFO clegoues.genprog4java.rep.CachingRepresentation  - StmtAppend(256,115) at variant12 fails to compile

20475 [main] INFO clegoues.genprog4java.fitness.Fitness  - 	 gen: 0 0.0 StmtAppend(256,115) (stored at: variant12)
21415 [main] INFO clegoues.genprog4java.fitness.Fitness  - 	 gen: 0 1.0 StmtDelete(685) (stored at: variant13)
22453 [main] INFO clegoues.genprog4java.fitness.Fitness  - 	 gen: 0 1.0 StmtDelete(604) (stored at: variant14)
23390 [main] INFO clegoues.genprog4java.fitness.Fitness  - 	 gen: 0 0.0 StmtReplace(469,326) (stored at: variant15)
311467 [main] INFO clegoues.genprog4java.fitness.Fitness  - 	 gen: 0 0.0 StmtDelete(355) (stored at: variant16)
311482 [main] ERROR clegoues.genprog4java.rep.JavaRepresentation  - org/jsoup/parser/Tag.java:29: error: ';' expected
    private Tag(String tagName) tagName = tagName.toLowerCase().trim();
                               ^
1 error

311482 [main] INFO clegoues.genprog4java.rep.CachingRepresentation  - StmtReplace(519,141) at variant17 fails to compile

311482 [main] INFO clegoues.genprog4java.fitness.Fitness  - 	 gen: 0 0.0 StmtReplace(519,141) (stored at: variant17)
599574 [main] INFO clegoues.genprog4java.fitness.Fitness  - 	 gen: 0 0.0 StmtReplace(389,439) (stored at: variant18)
600209 [main] INFO clegoues.genprog4java.fitness.Fitness  - 	 gen: 0 1.0 StmtAppend(345,351) (stored at: variant19)
600910 [main] INFO clegoues.genprog4java.fitness.Fitness  - 	 gen: 0 1.0 StmtDelete(305) (stored at: variant20)
600953 [main] ERROR clegoues.genprog4java.rep.JavaRepresentation  - org/jsoup/nodes/Element.java:180: error: cannot find symbol
		return empty;
		       ^
  symbol:   variable empty
  location: class Element
1 error

600953 [main] INFO clegoues.genprog4java.rep.CachingRepresentation  - StmtReplace(41,566) at variant21 fails to compile

600953 [main] INFO clegoues.genprog4java.fitness.Fitness  - 	 gen: 0 0.0 StmtReplace(41,566) (stored at: variant21)
601636 [main] INFO clegoues.genprog4java.fitness.Fitness  - 	 gen: 0 1.0 StmtAppend(400,351) (stored at: variant22)
602283 [main] INFO clegoues.genprog4java.fitness.Fitness  - 	 gen: 0 1.0 StmtDelete(538) (stored at: variant23)
602912 [main] INFO clegoues.genprog4java.fitness.Fitness  - 	 gen: 0 1.0 StmtReplace(552,635) (stored at: variant24)
603600 [main] INFO clegoues.genprog4java.fitness.Fitness  - 	 gen: 0 1.0 StmtDelete(18) (stored at: variant25)
603663 [main] ERROR clegoues.genprog4java.rep.JavaRepresentation  - org/jsoup/nodes/Element.java:598: error: cannot find symbol
				Validate.notEmpty(tagName);
				                  ^
  symbol:   variable tagName
  location: class Element
1 error

603663 [main] INFO clegoues.genprog4java.rep.CachingRepresentation  - StmtAppend(191,140) at variant26 fails to compile

603663 [main] INFO clegoues.genprog4java.fitness.Fitness  - 	 gen: 0 0.0 StmtAppend(191,140) (stored at: variant26)
603730 [main] ERROR clegoues.genprog4java.rep.JavaRepresentation  - org/jsoup/parser/Tag.java:178: error: cannot find symbol
        if (canContainBlock != tag.canContainBlock) return false;
                               ^
  symbol:   variable tag
  location: class Tag
org/jsoup/parser/Tag.java:179: error: cannot find symbol
        if (canContainInline != tag.canContainInline) return false;
                                ^
  symbol:   variable tag
  location: class Tag
org/jsoup/parser/Tag.java:180: error: cannot find symbol
        if (empty != tag.empty) return false;
                     ^
  symbol:   variable tag
  location: class Tag
org/jsoup/parser/Tag.java:181: error: cannot find symbol
        if (isBlock != tag.isBlock) return false;
                       ^
  symbol:   variable tag
  location: class Tag
org/jsoup/parser/Tag.java:182: error: cannot find symbol
        if (optionalClosing != tag.optionalClosing) return false;
                               ^
  symbol:   variable tag
  location: class Tag
org/jsoup/parser/Tag.java:183: error: cannot find symbol
        if (tagName != null ? !tagName.equals(tag.tagName) : tag.tagName != null) return false;
                                              ^
  symbol:   variable tag
  location: class Tag
org/jsoup/parser/Tag.java:183: error: cannot find symbol
        if (tagName != null ? !tagName.equals(tag.tagName) : tag.tagName != null) return false;
                                                             ^
  symbol:   variable tag
  location: class Tag
7 errors

603730 [main] INFO clegoues.genprog4java.rep.CachingRepresentation  - StmtAppend(585,716) at variant27 fails to compile

603730 [main] INFO clegoues.genprog4java.fitness.Fitness  - 	 gen: 0 0.0 StmtAppend(585,716) (stored at: variant27)
604448 [main] INFO clegoues.genprog4java.fitness.Fitness  - 	 gen: 0 1.0 StmtDelete(508) (stored at: variant28)
604483 [main] ERROR clegoues.genprog4java.rep.JavaRepresentation  - org/jsoup/parser/Parser.java:259: error: cannot find symbol
            if (parent2.isValidParent(childTag)) {
                ^
  symbol:   variable parent2
  location: class Parser
1 error

604483 [main] INFO clegoues.genprog4java.rep.CachingRepresentation  - StmtDelete(481) at variant29 fails to compile

604483 [main] INFO clegoues.genprog4java.fitness.Fitness  - 	 gen: 0 0.0 StmtDelete(481) (stored at: variant29)
605153 [main] INFO clegoues.genprog4java.fitness.Fitness  - 	 gen: 0 1.0 StmtAppend(519,524) (stored at: variant30)
605191 [main] ERROR clegoues.genprog4java.rep.JavaRepresentation  - org/jsoup/parser/Parser.java:283: error: cannot find symbol
            if (elTag.equals(bodyTag) || elTag.equals(htmlTag)) { // once in body, don't close past body
                ^
  symbol:   variable elTag
  location: class Parser
org/jsoup/parser/Parser.java:283: error: cannot find symbol
            if (elTag.equals(bodyTag) || elTag.equals(htmlTag)) { // once in body, don't close past body
                                         ^
  symbol:   variable elTag
  location: class Parser
org/jsoup/parser/Parser.java:285: error: cannot find symbol
            } else if (elTag.equals(tag)) {
                       ^
  symbol:   variable elTag
  location: class Parser
3 errors

605191 [main] INFO clegoues.genprog4java.rep.CachingRepresentation  - StmtReplace(500,341) at variant31 fails to compile

605191 [main] INFO clegoues.genprog4java.fitness.Fitness  - 	 gen: 0 0.0 StmtReplace(500,341) (stored at: variant31)
605861 [main] INFO clegoues.genprog4java.fitness.Fitness  - 	 gen: 0 0.0 StmtDelete(507) (stored at: variant32)
606484 [main] INFO clegoues.genprog4java.fitness.Fitness  - 	 gen: 0 1.0 StmtReplace(645,641) (stored at: variant33)
607199 [main] INFO clegoues.genprog4java.fitness.Fitness  - 	 gen: 0 0.0 StmtReplace(472,413) (stored at: variant34)
799389 [main] INFO clegoues.genprog4java.fitness.Fitness  - 	 gen: 0 1.0 StmtDelete(342) (stored at: variant35)
799963 [main] INFO clegoues.genprog4java.fitness.Fitness  - 	 gen: 0 1.0 StmtReplace(682,650) (stored at: variant36)
799994 [main] ERROR clegoues.genprog4java.rep.JavaRepresentation  - org/jsoup/parser/Parser.java:170: error: variable dataNode might not have been initialized
            child.appendChild(dataNode);   
                              ^
1 error

799994 [main] INFO clegoues.genprog4java.rep.CachingRepresentation  - StmtReplace(408,342) at variant37 fails to compile

799994 [main] INFO clegoues.genprog4java.fitness.Fitness  - 	 gen: 0 0.0 StmtReplace(408,342) (stored at: variant37)
800027 [main] ERROR clegoues.genprog4java.rep.JavaRepresentation  - org/jsoup/parser/Tag.java:285: error: non-static variable tagName cannot be referenced from a static context
        Validate.notEmpty(tagName);
                          ^
1 error

800027 [main] INFO clegoues.genprog4java.rep.CachingRepresentation  - StmtReplace(666,140) at variant38 fails to compile

800027 [main] INFO clegoues.genprog4java.fitness.Fitness  - 	 gen: 0 0.0 StmtReplace(666,140) (stored at: variant38)
800061 [main] ERROR clegoues.genprog4java.rep.JavaRepresentation  - org/jsoup/parser/Tag.java:313: error: non-static variable tagName cannot be referenced from a static context
			tagName = tagName.trim().toLowerCase();
			^
org/jsoup/parser/Tag.java:313: error: non-static variable tagName cannot be referenced from a static context
			tagName = tagName.trim().toLowerCase();
			          ^
2 errors

800061 [main] INFO clegoues.genprog4java.rep.CachingRepresentation  - StmtAppend(686,525) at variant39 fails to compile

800061 [main] INFO clegoues.genprog4java.fitness.Fitness  - 	 gen: 0 0.0 StmtAppend(686,525) (stored at: variant39)
800061 [main] INFO clegoues.genprog4java.Search.Search  - search: generation1
800895 [main] ERROR clegoues.genprog4java.rep.JavaRepresentation  - org/jsoup/parser/Tag.java:323: error: missing return statement
	}
	^
1 error

800895 [main] INFO clegoues.genprog4java.rep.CachingRepresentation  - StmtReplace(645,641) StmtDelete(693) at variant40 fails to compile

800895 [main] INFO clegoues.genprog4java.fitness.Fitness  - 	 gen: 1 0.0 StmtReplace(645,641) StmtDelete(693) (stored at: variant40)
993105 [main] INFO clegoues.genprog4java.fitness.Fitness  - 	 gen: 1 1.0 StmtReplace(645,641) StmtDelete(348) (stored at: variant41)
993162 [main] ERROR clegoues.genprog4java.rep.JavaRepresentation  - org/jsoup/nodes/Element.java:596: error: cannot find symbol
                if (accum.length() > 0 && element.isBlock() && !TextNode.lastCharIsWhitespace(accum))
                                          ^
  symbol:   variable element
  location: class Element
org/jsoup/nodes/Element.java:598: error: cannot find symbol
                element.text(accum);
                ^
  symbol:   variable element
  location: class Element
2 errors

993162 [main] INFO clegoues.genprog4java.rep.CachingRepresentation  - StmtReplace(548,683) StmtAppend(193,387) at variant42 fails to compile

993162 [main] INFO clegoues.genprog4java.fitness.Fitness  - 	 gen: 1 0.0 StmtReplace(548,683) StmtAppend(193,387) (stored at: variant42)
993221 [main] ERROR clegoues.genprog4java.rep.JavaRepresentation  - org/jsoup/nodes/Element.java:366: error: missing return statement
    }
    ^
1 error

993221 [main] INFO clegoues.genprog4java.rep.CachingRepresentation  - StmtAppend(400,351) StmtDelete(120) at variant43 fails to compile

993221 [main] INFO clegoues.genprog4java.fitness.Fitness  - 	 gen: 1 0.0 StmtAppend(400,351) StmtDelete(120) (stored at: variant43)
994209 [main] INFO clegoues.genprog4java.fitness.Fitness  - 	 gen: 1 1.0 StmtReplace(72,394) (stored at: variant44)
994271 [main] ERROR clegoues.genprog4java.rep.JavaRepresentation  - org/jsoup/nodes/Element.java:340: error: cannot find symbol
			Validate.notEmpty(tagName);
			                  ^
  symbol:   variable tagName
  location: class Element
1 error

994271 [main] INFO clegoues.genprog4java.rep.CachingRepresentation  - StmtReplace(552,635) StmtReplace(112,526) at variant45 fails to compile

994272 [main] INFO clegoues.genprog4java.fitness.Fitness  - 	 gen: 1 0.0 StmtReplace(552,635) StmtReplace(112,526) (stored at: variant45)
995428 [main] INFO clegoues.genprog4java.fitness.Fitness  - 	 gen: 1 1.0 StmtAppend(216,503) StmtReplace(418,350) (stored at: variant46)
996787 [main] INFO clegoues.genprog4java.fitness.Fitness  - 	 gen: 1 1.0 StmtReplace(548,683) StmtAppend(604,624) (stored at: variant47)
996834 [main] ERROR clegoues.genprog4java.rep.JavaRepresentation  - org/jsoup/parser/Parser.java:232: error: cannot find symbol
                implicit.appendChild(head);
                ^
  symbol:   variable implicit
  location: class Parser
org/jsoup/parser/Parser.java:234: error: cannot find symbol
            implicit.appendChild(child);
            ^
  symbol:   variable implicit
  location: class Parser
org/jsoup/parser/Parser.java:237: error: cannot find symbol
            Element root = addChildToParent(implicit, false);
                                            ^
  symbol:   variable implicit
  location: class Parser
3 errors

996834 [main] INFO clegoues.genprog4java.rep.CachingRepresentation  - StmtAppend(216,503) StmtDelete(461) at variant48 fails to compile

996834 [main] INFO clegoues.genprog4java.fitness.Fitness  - 	 gen: 1 0.0 StmtAppend(216,503) StmtDelete(461) (stored at: variant48)
996901 [main] ERROR clegoues.genprog4java.rep.JavaRepresentation  - org/jsoup/nodes/Element.java:631: error: incompatible types: Element cannot be converted to boolean
                return this;
                       ^
1 error

996902 [main] INFO clegoues.genprog4java.rep.CachingRepresentation  - StmtDelete(685) StmtReplace(216,244) at variant49 fails to compile

996902 [main] INFO clegoues.genprog4java.fitness.Fitness  - 	 gen: 1 0.0 StmtDelete(685) StmtReplace(216,244) (stored at: variant49)
997867 [main] INFO clegoues.genprog4java.fitness.Fitness  - 	 gen: 1 0.0 StmtDelete(685) StmtReplace(511,352) (stored at: variant50)
997922 [main] ERROR clegoues.genprog4java.rep.JavaRepresentation  - org/jsoup/nodes/Element.java:123: error: cannot find symbol
        Validate.notNull(child);
                         ^
  symbol:   variable child
  location: class Element
org/jsoup/nodes/Element.java:124: error: cannot find symbol
        if (parent != null && !parent.tagName().equals("#root")) {
            ^
  symbol:   variable parent
  location: class Element
org/jsoup/nodes/Element.java:124: error: cannot find symbol
        if (parent != null && !parent.tagName().equals("#root")) {
                               ^
  symbol:   variable parent
  location: class Element
org/jsoup/nodes/Element.java:125: error: cannot find symbol
            parents.add(parent);
                        ^
  symbol:   variable parent
  location: class Element
org/jsoup/nodes/Element.java:126: error: cannot find symbol
            accumulateParents(parent, parents);
                              ^
  symbol:   variable parent
  location: class Element
5 errors

997922 [main] INFO clegoues.genprog4java.rep.CachingRepresentation  - StmtDelete(508) StmtReplace(27,49) at variant51 fails to compile

997922 [main] INFO clegoues.genprog4java.fitness.Fitness  - 	 gen: 1 0.0 StmtDelete(508) StmtReplace(27,49) (stored at: variant51)
997942 [main] ERROR clegoues.genprog4java.rep.JavaRepresentation  - org/jsoup/parser/Tag.java:29: error: ';' expected
    private Tag(String tagName) createInline("DD").setAncestor("DL").setOptionalClosing();
                               ^
1 error

997942 [main] INFO clegoues.genprog4java.rep.CachingRepresentation  - StmtDelete(36) StmtReplace(519,679) at variant52 fails to compile

997942 [main] INFO clegoues.genprog4java.fitness.Fitness  - 	 gen: 1 0.0 StmtDelete(36) StmtReplace(519,679) (stored at: variant52)
998832 [main] INFO clegoues.genprog4java.fitness.Fitness  - 	 gen: 1 1.0 StmtDelete(604) StmtReplace(628,639) (stored at: variant53)
998880 [main] ERROR clegoues.genprog4java.rep.JavaRepresentation  - org/jsoup/nodes/Element.java:292: error: cannot find symbol
            child.setParentNode(this);
            ^
  symbol:   variable child
  location: class Element
1 error

998880 [main] INFO clegoues.genprog4java.rep.CachingRepresentation  - StmtReplace(682,650) StmtReplace(85,45) at variant54 fails to compile

998880 [main] INFO clegoues.genprog4java.fitness.Fitness  - 	 gen: 1 0.0 StmtReplace(682,650) StmtReplace(85,45) (stored at: variant54)
999900 [main] INFO clegoues.genprog4java.fitness.Fitness  - 	 gen: 1 1.0 StmtDelete(305) StmtAppend(317,400) (stored at: variant55)
1288035 [main] INFO clegoues.genprog4java.fitness.Fitness  - 	 gen: 1 0.0 StmtDelete(342) StmtAppend(194,294) (stored at: variant56)
1288266 [main] ERROR clegoues.genprog4java.rep.JavaRepresentation  - org/jsoup/nodes/Element.java:34: error: no suitable constructor found for Node(no arguments)
    public Element(Tag tag, String baseUri, Attributes attributes) {
                                                                   ^
    constructor Node.Node(String,Attributes) is not applicable
      (actual and formal argument lists differ in length)
    constructor Node.Node(String) is not applicable
      (actual and formal argument lists differ in length)
org/jsoup/nodes/Element.java:36: error: incompatible types: unexpected return value
			return true;
			       ^
2 errors

1288267 [main] INFO clegoues.genprog4java.rep.CachingRepresentation  - StmtReplace(437,364) StmtReplace(1,483) at variant57 fails to compile

1288267 [main] INFO clegoues.genprog4java.fitness.Fitness  - 	 gen: 1 0.0 StmtReplace(437,364) StmtReplace(1,483) (stored at: variant57)
1289149 [main] INFO clegoues.genprog4java.fitness.Fitness  - 	 gen: 1 0.0 StmtAppend(345,351) StmtAppend(31,387) (stored at: variant58)
1289374 [main] ERROR clegoues.genprog4java.rep.JavaRepresentation  - org/jsoup/nodes/Element.java:840: error: cannot find symbol
        Validate.notNull(child);
                         ^
  symbol:   variable child
  location: class Element
org/jsoup/nodes/Element.java:841: error: cannot find symbol
        result = 31 * result + (tag != null ? tag.hashCode() : 0);
        ^
  symbol:   variable result
  location: class Element
org/jsoup/nodes/Element.java:841: error: cannot find symbol
        result = 31 * result + (tag != null ? tag.hashCode() : 0);
                      ^
  symbol:   variable result
  location: class Element
org/jsoup/nodes/Element.java:842: error: cannot find symbol
        return result;
               ^
  symbol:   variable result
  location: class Element
4 errors

1289375 [main] INFO clegoues.genprog4java.rep.CachingRepresentation  - StmtDelete(342) StmtReplace(314,44) at variant59 fails to compile

1289375 [main] INFO clegoues.genprog4java.fitness.Fitness  - 	 gen: 1 0.0 StmtDelete(342) StmtReplace(314,44) (stored at: variant59)
1289418 [main] ERROR clegoues.genprog4java.rep.JavaRepresentation  - org/jsoup/nodes/Element.java:347: error: ';' expected
    public Elements siblingElements() child.setParentNode(this);
                                     ^
1 error

1289418 [main] INFO clegoues.genprog4java.rep.CachingRepresentation  - StmtDelete(508) StmtReplace(113,50) at variant60 fails to compile

1289418 [main] INFO clegoues.genprog4java.fitness.Fitness  - 	 gen: 1 0.0 StmtDelete(508) StmtReplace(113,50) (stored at: variant60)
1290312 [main] INFO clegoues.genprog4java.fitness.Fitness  - 	 gen: 1 1.0 StmtReplace(548,683) StmtReplace(134,133) (stored at: variant61)
1291067 [main] INFO clegoues.genprog4java.fitness.Fitness  - 	 gen: 1 0.0 StmtDelete(36) StmtAppend(471,339) (stored at: variant62)
1579209 [main] INFO clegoues.genprog4java.fitness.Fitness  - 	 gen: 1 0.0 StmtDelete(342) StmtDelete(51) (stored at: variant63)
1579948 [main] INFO clegoues.genprog4java.fitness.Fitness  - 	 gen: 1 1.0 StmtDelete(305) StmtReplace(711,640) (stored at: variant64)
1580720 [main] INFO clegoues.genprog4java.fitness.Fitness  - 	 gen: 1 0.0 StmtDelete(665) StmtAppend(448,340) (stored at: variant65)
1581485 [main] INFO clegoues.genprog4java.fitness.Fitness  - 	 gen: 1 1.0 StmtReplace(645,641) StmtAppend(674,619) (stored at: variant66)
1582121 [main] INFO clegoues.genprog4java.fitness.Fitness  - 	 gen: 1 1.0 StmtReplace(551,642) StmtReplace(681,677) (stored at: variant67)
1582225 [main] ERROR clegoues.genprog4java.rep.JavaRepresentation  - org/jsoup/nodes/Element.java:271: error: call to this must be first statement in constructor
        {for (Node node:fragment.childNodes()){node.parentNode=null;appendChild(node);}{this(tag,baseUri,new Attributes());}}
                                                                                            ^
1 error

1582225 [main] INFO clegoues.genprog4java.rep.CachingRepresentation  - StmtReplace(682,650) StmtAppend(72,4) at variant68 fails to compile

1582226 [main] INFO clegoues.genprog4java.fitness.Fitness  - 	 gen: 1 0.0 StmtReplace(682,650) StmtAppend(72,4) (stored at: variant68)
1582266 [main] ERROR clegoues.genprog4java.rep.JavaRepresentation  - org/jsoup/parser/Tag.java:86: error: unreachable statement
                    child.tagName.equals("meta") || child.tagName.equals("title") || child.tagName.equals("style") || child.tagName.equals("object")){{return true;}for (Tag tag:child.ancestors){if (this.equals(tag))return true;}}
                                                                                                                                                                    ^
1 error

1582267 [main] INFO clegoues.genprog4java.rep.CachingRepresentation  - StmtReplace(645,641) StmtAppend(550,575) at variant69 fails to compile

1582267 [main] INFO clegoues.genprog4java.fitness.Fitness  - 	 gen: 1 0.0 StmtReplace(645,641) StmtAppend(550,575) (stored at: variant69)
1583181 [main] INFO clegoues.genprog4java.fitness.Fitness  - 	 gen: 1 0.0 StmtAppend(345,351) StmtDelete(39) (stored at: variant70)
1583225 [main] ERROR clegoues.genprog4java.rep.JavaRepresentation  - org/jsoup/nodes/Element.java:832: error: cannot find symbol
				preserveWhitespace = true;
				^
  symbol:   variable preserveWhitespace
  location: class Element
org/jsoup/nodes/Element.java:833: error: incompatible types: Element cannot be converted to boolean
				return this;
				       ^
2 errors

1583226 [main] INFO clegoues.genprog4java.rep.CachingRepresentation  - StmtAppend(400,351) StmtAppend(305,721) at variant71 fails to compile

1583226 [main] INFO clegoues.genprog4java.fitness.Fitness  - 	 gen: 1 0.0 StmtAppend(400,351) StmtAppend(305,721) (stored at: variant71)
1583884 [main] INFO clegoues.genprog4java.fitness.Fitness  - 	 gen: 1 1.0 StmtDelete(36) StmtReplace(196,46) (stored at: variant72)
1583947 [main] ERROR clegoues.genprog4java.rep.JavaRepresentation  - org/jsoup/parser/Parser.java:297: error: unreachable statement
				tq.consume("<![CDATA[");
				^
1 error

1583947 [main] INFO clegoues.genprog4java.rep.CachingRepresentation  - StmtAppend(345,351) StmtAppend(505,450) at variant73 fails to compile

1583947 [main] INFO clegoues.genprog4java.fitness.Fitness  - 	 gen: 1 0.0 StmtAppend(345,351) StmtAppend(505,450) (stored at: variant73)
1584011 [main] ERROR clegoues.genprog4java.rep.JavaRepresentation  - org/jsoup/nodes/Element.java:326: error: cannot find symbol
			if (this.tagName.equals("dt") && child.tagName.equals("dd"))
			        ^
  symbol: variable tagName
org/jsoup/nodes/Element.java:326: error: package child does not exist
			if (this.tagName.equals("dt") && child.tagName.equals("dd"))
			                                      ^
org/jsoup/nodes/Element.java:327: error: incompatible types: boolean cannot be converted to Element
				return false;
				       ^
3 errors

1584012 [main] INFO clegoues.genprog4java.rep.CachingRepresentation  - StmtAppend(519,524) StmtReplace(101,553) at variant74 fails to compile

1584012 [main] INFO clegoues.genprog4java.fitness.Fitness  - 	 gen: 1 0.0 StmtAppend(519,524) StmtReplace(101,553) (stored at: variant74)
1584077 [main] ERROR clegoues.genprog4java.rep.JavaRepresentation  - org/jsoup/nodes/Element.java:67: error: cannot find symbol
		canContainBlock = false;
		^
  symbol:   variable canContainBlock
  location: class Element
1 error

1584077 [main] INFO clegoues.genprog4java.rep.CachingRepresentation  - StmtReplace(682,650) StmtAppend(8,709) at variant75 fails to compile

1584077 [main] INFO clegoues.genprog4java.fitness.Fitness  - 	 gen: 1 0.0 StmtReplace(682,650) StmtAppend(8,709) (stored at: variant75)
1584157 [main] ERROR clegoues.genprog4java.rep.JavaRepresentation  - org/jsoup/parser/Parser.java:262: error: unreachable statement
				tq.consumeWhitespace();
				^
1 error

1584157 [main] INFO clegoues.genprog4java.rep.CachingRepresentation  - StmtDelete(665) StmtAppend(483,420) at variant76 fails to compile

1584157 [main] INFO clegoues.genprog4java.fitness.Fitness  - 	 gen: 1 0.0 StmtDelete(665) StmtAppend(483,420) (stored at: variant76)
1584193 [main] ERROR clegoues.genprog4java.rep.JavaRepresentation  - org/jsoup/parser/Parser.java:245: error: cannot find symbol
        parent.appendChild(child);
        ^
  symbol:   variable parent
  location: class Parser
org/jsoup/parser/Parser.java:249: error: cannot find symbol
        return parent;
               ^
  symbol:   variable parent
  location: class Parser
2 errors

1584193 [main] INFO clegoues.genprog4java.rep.CachingRepresentation  - StmtReplace(682,650) StmtAppend(455,405) at variant77 fails to compile

1584193 [main] INFO clegoues.genprog4java.fitness.Fitness  - 	 gen: 1 0.0 StmtReplace(682,650) StmtAppend(455,405) (stored at: variant77)
1584247 [main] ERROR clegoues.genprog4java.rep.JavaRepresentation  - org/jsoup/parser/Parser.java:267: error: incompatible types: boolean cannot be converted to Element
            return false;
                   ^
1 error

1584247 [main] INFO clegoues.genprog4java.rep.CachingRepresentation  - StmtReplace(552,635) StmtReplace(489,540) at variant78 fails to compile

1584247 [main] INFO clegoues.genprog4java.fitness.Fitness  - 	 gen: 1 0.0 StmtReplace(552,635) StmtReplace(489,540) (stored at: variant78)
1585010 [main] INFO clegoues.genprog4java.fitness.Fitness  - 	 gen: 1 0.0 StmtReplace(552,635) StmtReplace(402,365) (stored at: variant79)
1585670 [main] INFO clegoues.genprog4java.fitness.Fitness  - 	 gen: 1 1.0 StmtAppend(200,2) (stored at: variant80)
1586324 [main] INFO clegoues.genprog4java.fitness.Fitness  - 	 gen: 1 1.0 StmtAppend(672,644) (stored at: variant81)
1586364 [main] ERROR clegoues.genprog4java.rep.JavaRepresentation  - org/jsoup/nodes/Element.java:579: error: cannot find symbol
        appendChild(child);
                    ^
  symbol:   variable child
  location: class Element
1 error

1586364 [main] INFO clegoues.genprog4java.rep.CachingRepresentation  - StmtReplace(179,55) at variant82 fails to compile

1586364 [main] INFO clegoues.genprog4java.fitness.Fitness  - 	 gen: 1 0.0 StmtReplace(179,55) (stored at: variant82)
1586604 [main] INFO clegoues.genprog4java.fitness.Fitness  - 	 gen: 1 0.0 StmtDelete(507) (stored at: variant83)
1586617 [main] ERROR clegoues.genprog4java.rep.JavaRepresentation  - org/jsoup/parser/Tag.java:169: error: ';' expected
    public boolean equals(Object o) if (o == null || getClass() != o.getClass())
                                   ^
1 error

1586617 [main] INFO clegoues.genprog4java.rep.CachingRepresentation  - StmtReplace(580,583) at variant84 fails to compile

1586617 [main] INFO clegoues.genprog4java.fitness.Fitness  - 	 gen: 1 0.0 StmtReplace(580,583) (stored at: variant84)
1586652 [main] ERROR clegoues.genprog4java.rep.JavaRepresentation  - org/jsoup/parser/Parser.java:283: error: cannot find symbol
            Tag elTag = el.tag();
                        ^
  symbol:   variable el
  location: class Parser
org/jsoup/parser/Parser.java:287: error: cannot find symbol
                elToClose = el;
                            ^
  symbol:   variable el
  location: class Parser
2 errors

1586653 [main] INFO clegoues.genprog4java.rep.CachingRepresentation  - StmtDelete(499) at variant85 fails to compile

1586653 [main] INFO clegoues.genprog4java.fitness.Fitness  - 	 gen: 1 0.0 StmtDelete(499) (stored at: variant85)
1587338 [main] INFO clegoues.genprog4java.fitness.Fitness  - 	 gen: 1 1.0 StmtReplace(542,616) (stored at: variant86)
1587370 [main] ERROR clegoues.genprog4java.rep.JavaRepresentation  - org/jsoup/nodes/Element.java:788: error: cannot find symbol
				text = TextNode.normaliseWhitespace(text);
				^
  symbol:   variable text
  location: class Element
org/jsoup/nodes/Element.java:788: error: cannot find symbol
				text = TextNode.normaliseWhitespace(text);
				                                    ^
  symbol:   variable text
  location: class Element
org/jsoup/nodes/Element.java:790: error: cannot find symbol
					text = TextNode.stripLeadingWhitespace(text);
					^
  symbol:   variable text
  location: class Element
org/jsoup/nodes/Element.java:790: error: cannot find symbol
					text = TextNode.stripLeadingWhitespace(text);
					                                       ^
  symbol:   variable text
  location: class Element
4 errors

1587370 [main] INFO clegoues.genprog4java.rep.CachingRepresentation  - StmtReplace(288,186) at variant87 fails to compile

1587370 [main] INFO clegoues.genprog4java.fitness.Fitness  - 	 gen: 1 0.0 StmtReplace(288,186) (stored at: variant87)
1588087 [main] INFO clegoues.genprog4java.fitness.Fitness  - 	 gen: 1 0.0 StmtDelete(297) (stored at: variant88)
1588101 [main] ERROR clegoues.genprog4java.rep.JavaRepresentation  - org/jsoup/nodes/Element.java:805: error: variable declaration not allowed here
        for (Node node : childNodes) Elements parents = new Elements();
                                              ^
1 error

1588101 [main] INFO clegoues.genprog4java.rep.CachingRepresentation  - StmtReplace(295,23) at variant89 fails to compile

1588101 [main] INFO clegoues.genprog4java.fitness.Fitness  - 	 gen: 1 0.0 StmtReplace(295,23) (stored at: variant89)
1588706 [main] INFO clegoues.genprog4java.fitness.Fitness  - 	 gen: 1 0.0 StmtAppend(319,343) (stored at: variant90)
1589108 [main] ERROR clegoues.genprog4java.rep.JavaRepresentation  - org/jsoup/parser/Tag.java:159: error: break outside switch or loop
			break;
			^
1 error

1589108 [main] INFO clegoues.genprog4java.rep.CachingRepresentation  - StmtReplace(573,502) at variant91 fails to compile

1589108 [main] INFO clegoues.genprog4java.fitness.Fitness  - 	 gen: 1 0.0 StmtReplace(573,502) (stored at: variant91)
1589141 [main] ERROR clegoues.genprog4java.rep.JavaRepresentation  - org/jsoup/nodes/Element.java:441: error: incompatible types: boolean cannot be converted to Element
			return tag.isBlock();
			                  ^
1 error

1589142 [main] INFO clegoues.genprog4java.rep.CachingRepresentation  - StmtReplace(146,12) at variant92 fails to compile

1589142 [main] INFO clegoues.genprog4java.fitness.Fitness  - 	 gen: 1 0.0 StmtReplace(146,12) (stored at: variant92)
1590120 [main] INFO clegoues.genprog4java.fitness.Fitness  - 	 gen: 1 0.0 StmtDelete(59) (stored at: variant93)
1590832 [main] INFO clegoues.genprog4java.fitness.Fitness  - 	 gen: 1 1.0 StmtReplace(365,491) (stored at: variant94)
1590859 [main] ERROR clegoues.genprog4java.rep.JavaRepresentation  - org/jsoup/parser/Parser.java:37: error: variable doc might not have been initialized
            stack.add(doc.body());
                      ^
1 error

1590859 [main] INFO clegoues.genprog4java.rep.CachingRepresentation  - StmtReplace(325,70) at variant95 fails to compile

1590859 [main] INFO clegoues.genprog4java.fitness.Fitness  - 	 gen: 1 0.0 StmtReplace(325,70) (stored at: variant95)
1590894 [main] ERROR clegoues.genprog4java.rep.JavaRepresentation  - org/jsoup/nodes/Element.java:401: error: cannot find symbol
		tagName = tagName.toLowerCase().trim();
		^
  symbol:   variable tagName
  location: class Element
org/jsoup/nodes/Element.java:401: error: cannot find symbol
		tagName = tagName.toLowerCase().trim();
		          ^
  symbol:   variable tagName
  location: class Element
2 errors

1590894 [main] INFO clegoues.genprog4java.rep.CachingRepresentation  - StmtReplace(134,141) at variant96 fails to compile

1590894 [main] INFO clegoues.genprog4java.fitness.Fitness  - 	 gen: 1 0.0 StmtReplace(134,141) (stored at: variant96)
1590930 [main] ERROR clegoues.genprog4java.rep.JavaRepresentation  - org/jsoup/parser/Parser.java:234: error: cannot find symbol
					} else if (elTag.equals(tag)) {
					                        ^
  symbol:   variable tag
  location: class Parser
org/jsoup/parser/Parser.java:246: error: cannot find symbol
            Element implicit = new Element(parentTag, baseUri);
                                           ^
  symbol:   variable parentTag
  location: class Parser
2 errors

1590931 [main] INFO clegoues.genprog4java.rep.CachingRepresentation  - StmtReplace(460,493) at variant97 fails to compile

1590931 [main] INFO clegoues.genprog4java.fitness.Fitness  - 	 gen: 1 0.0 StmtReplace(460,493) (stored at: variant97)
1590931 [main] INFO clegoues.genprog4java.Search.Search  - search: generation2
1591994 [main] ERROR clegoues.genprog4java.rep.JavaRepresentation  - org/jsoup/parser/Tag.java:211: error: non-static variable preserveWhitespace cannot be referenced from a static context
        preserveWhitespace = true;
        ^
1 error

1591994 [main] INFO clegoues.genprog4java.rep.CachingRepresentation  - StmtReplace(365,491) StmtReplace(613,722) at variant98 fails to compile

1591994 [main] INFO clegoues.genprog4java.fitness.Fitness  - 	 gen: 2 0.0 StmtReplace(365,491) StmtReplace(613,722) (stored at: variant98)
1880053 [main] INFO clegoues.genprog4java.fitness.Fitness  - 	 gen: 2 0.0 StmtReplace(645,641) StmtDelete(348) StmtReplace(591,673) (stored at: variant99)
1880708 [main] INFO clegoues.genprog4java.fitness.Fitness  - 	 gen: 2 1.0 StmtDelete(305) StmtReplace(711,640) StmtDelete(581) (stored at: variant100)
1880742 [main] ERROR clegoues.genprog4java.rep.JavaRepresentation  - org/jsoup/nodes/Element.java:596: error: incompatible types: unexpected return value
					return true;
					       ^
1 error

1880742 [main] INFO clegoues.genprog4java.rep.CachingRepresentation  - StmtReplace(72,394) StmtAppend(191,577) at variant101 fails to compile

1880742 [main] INFO clegoues.genprog4java.fitness.Fitness  - 	 gen: 2 0.0 StmtReplace(72,394) StmtAppend(191,577) (stored at: variant101)
1880758 [main] ERROR clegoues.genprog4java.rep.JavaRepresentation  - org/jsoup/nodes/Element.java:651: error: variable declaration not allowed here
            } else if (childNode instanceof Element)Tag tag = Tag.valueOf(tagName);
                                                        ^
1 error

1880758 [main] INFO clegoues.genprog4java.rep.CachingRepresentation  - StmtReplace(548,683) StmtReplace(134,133) StmtReplace(228,377) at variant102 fails to compile

1880758 [main] INFO clegoues.genprog4java.fitness.Fitness  - 	 gen: 2 0.0 StmtReplace(548,683) StmtReplace(134,133) StmtReplace(228,377) (stored at: variant102)
1880799 [main] ERROR clegoues.genprog4java.rep.JavaRepresentation  - org/jsoup/nodes/Element.java:284: error: cannot find symbol
    public Element prepend(String html) {{Validate.notNull(html);Element fragment=Parser.parseBodyFragment(html,baseUri).body();List<Node> nodes=fragment.childNodes();for (int i=nodes.size() - 1;i >= 0;i--){Node node=nodes.get(i);node.parentNode=null;prependChild(node);}return this;}{this.tagName=tagName.toLowerCase();}}
                                                                                                                                                                                                                                                                                                 ^
  symbol: variable tagName
org/jsoup/nodes/Element.java:284: error: cannot find symbol
    public Element prepend(String html) {{Validate.notNull(html);Element fragment=Parser.parseBodyFragment(html,baseUri).body();List<Node> nodes=fragment.childNodes();for (int i=nodes.size() - 1;i >= 0;i--){Node node=nodes.get(i);node.parentNode=null;prependChild(node);}return this;}{this.tagName=tagName.toLowerCase();}}
                                                                                                                                                                                                                                                                                                          ^
  symbol:   variable tagName
  location: class Element
2 errors

1880799 [main] INFO clegoues.genprog4java.rep.CachingRepresentation  - StmtReplace(551,642) StmtReplace(681,677) StmtAppend(77,519) at variant103 fails to compile

1880799 [main] INFO clegoues.genprog4java.fitness.Fitness  - 	 gen: 2 0.0 StmtReplace(551,642) StmtReplace(681,677) StmtAppend(77,519) (stored at: variant103)
1880829 [main] ERROR clegoues.genprog4java.rep.JavaRepresentation  - org/jsoup/parser/Parser.java:259: error: missing return statement
    }
    ^
1 error

1880829 [main] INFO clegoues.genprog4java.rep.CachingRepresentation  - StmtDelete(305) StmtAppend(317,400) StmtDelete(492) at variant104 fails to compile

1880829 [main] INFO clegoues.genprog4java.fitness.Fitness  - 	 gen: 2 0.0 StmtDelete(305) StmtAppend(317,400) StmtDelete(492) (stored at: variant104)
1880863 [main] ERROR clegoues.genprog4java.rep.JavaRepresentation  - org/jsoup/parser/Parser.java:184: error: incompatible types: unexpected return value
					return Attribute.createFromEncoded(key, value);
					                                  ^
org/jsoup/parser/Parser.java:187: error: incompatible types: unexpected return value
					return null;
					       ^
2 errors

1880863 [main] INFO clegoues.genprog4java.rep.CachingRepresentation  - StmtReplace(548,683) StmtAppend(604,624) StmtReplace(411,419) at variant105 fails to compile

1880864 [main] INFO clegoues.genprog4java.fitness.Fitness  - 	 gen: 2 0.0 StmtReplace(548,683) StmtAppend(604,624) StmtReplace(411,419) (stored at: variant105)
1880875 [main] ERROR clegoues.genprog4java.rep.JavaRepresentation  - org/jsoup/parser/Tag.java:29: error: ';' expected
    private Tag(String tagName) createInline("DD").setAncestor("DL").setOptionalClosing();
                               ^
1 error

1880875 [main] INFO clegoues.genprog4java.rep.CachingRepresentation  - StmtDelete(36) StmtReplace(519,679) StmtReplace(422,353) at variant106 fails to compile

1880876 [main] INFO clegoues.genprog4java.fitness.Fitness  - 	 gen: 2 0.0 StmtDelete(36) StmtReplace(519,679) StmtReplace(422,353) (stored at: variant106)
1881511 [main] INFO clegoues.genprog4java.fitness.Fitness  - 	 gen: 2 1.0 StmtReplace(551,642) StmtReplace(681,677) StmtAppend(618,658) (stored at: variant107)
1882127 [main] INFO clegoues.genprog4java.fitness.Fitness  - 	 gen: 2 0.0 StmtAppend(672,644) StmtReplace(732,660) (stored at: variant108)
2170175 [main] INFO clegoues.genprog4java.fitness.Fitness  - 	 gen: 2 0.0 StmtReplace(645,641) StmtDelete(348) StmtReplace(590,669) (stored at: variant109)
2170200 [main] ERROR clegoues.genprog4java.rep.JavaRepresentation  - org/jsoup/nodes/Element.java:379: error: cannot find symbol
			Validate.notEmpty(id);
			                  ^
  symbol:   variable id
  location: class Element
1 error

2170201 [main] INFO clegoues.genprog4java.rep.CachingRepresentation  - StmtReplace(645,641) StmtAppend(674,619) StmtAppend(125,144) at variant110 fails to compile

2170201 [main] INFO clegoues.genprog4java.fitness.Fitness  - 	 gen: 2 0.0 StmtReplace(645,641) StmtAppend(674,619) StmtAppend(125,144) (stored at: variant110)
2170228 [main] ERROR clegoues.genprog4java.rep.JavaRepresentation  - org/jsoup/nodes/Element.java:156: error: cannot find symbol
			canContainBlock = false;
			^
  symbol:   variable canContainBlock
  location: class Element
1 error

2170228 [main] INFO clegoues.genprog4java.rep.CachingRepresentation  - StmtDelete(604) StmtReplace(628,639) StmtReplace(37,705) at variant111 fails to compile

2170228 [main] INFO clegoues.genprog4java.fitness.Fitness  - 	 gen: 2 0.0 StmtDelete(604) StmtReplace(628,639) StmtReplace(37,705) (stored at: variant111)
2170452 [main] INFO clegoues.genprog4java.fitness.Fitness  - 	 gen: 2 1.0 StmtReplace(548,683) StmtReplace(134,133) StmtReplace(243,243) (stored at: variant112)
2170478 [main] ERROR clegoues.genprog4java.rep.JavaRepresentation  - org/jsoup/parser/Tag.java:325: error: non-static variable preserveWhitespace cannot be referenced from a static context
        preserveWhitespace = true;
        ^
1 error

2170478 [main] INFO clegoues.genprog4java.rep.CachingRepresentation  - StmtDelete(305) StmtAppend(317,400) StmtReplace(696,711) at variant113 fails to compile

2170478 [main] INFO clegoues.genprog4java.fitness.Fitness  - 	 gen: 2 0.0 StmtDelete(305) StmtAppend(317,400) StmtReplace(696,711) (stored at: variant113)
2171126 [main] INFO clegoues.genprog4java.fitness.Fitness  - 	 gen: 2 0.0 StmtReplace(365,491) StmtReplace(388,423) (stored at: variant114)
2171151 [main] ERROR clegoues.genprog4java.rep.JavaRepresentation  - org/jsoup/parser/Parser.java:178: error: call to this must be first statement in constructor
			this(tag, baseUri, new Attributes());
			    ^
1 error

2171151 [main] INFO clegoues.genprog4java.rep.CachingRepresentation  - StmtAppend(200,2) StmtReplace(420,4) at variant115 fails to compile

2171151 [main] INFO clegoues.genprog4java.fitness.Fitness  - 	 gen: 2 0.0 StmtAppend(200,2) StmtReplace(420,4) (stored at: variant115)
2171181 [main] ERROR clegoues.genprog4java.rep.JavaRepresentation  - org/jsoup/nodes/Element.java:593: error: incompatible types: unexpected return value
					return empty;
					       ^
1 error

2171181 [main] INFO clegoues.genprog4java.rep.CachingRepresentation  - StmtReplace(72,394) StmtReplace(196,566) at variant116 fails to compile

2171181 [main] INFO clegoues.genprog4java.fitness.Fitness  - 	 gen: 2 0.0 StmtReplace(72,394) StmtReplace(196,566) (stored at: variant116)
2171818 [main] INFO clegoues.genprog4java.fitness.Fitness  - 	 gen: 2 1.0 StmtReplace(548,683) StmtAppend(604,624) StmtAppend(105,243) (stored at: variant117)
2171828 [main] ERROR clegoues.genprog4java.rep.JavaRepresentation  - org/jsoup/parser/Tag.java:322: error: ';' expected
    private static Tag createInline(String tagName) createBlock("UL");
                                                   ^
1 error

2171828 [main] INFO clegoues.genprog4java.rep.CachingRepresentation  - StmtDelete(305) StmtReplace(711,640) StmtReplace(693,656) at variant118 fails to compile

2171828 [main] INFO clegoues.genprog4java.fitness.Fitness  - 	 gen: 2 0.0 StmtDelete(305) StmtReplace(711,640) StmtReplace(693,656) (stored at: variant118)
2171871 [main] ERROR clegoues.genprog4java.rep.JavaRepresentation  - org/jsoup/nodes/Element.java:586: error: cannot find symbol
                    text = TextNode.normaliseWhitespace(text);
                    ^
  symbol:   variable text
  location: class Element
org/jsoup/nodes/Element.java:586: error: cannot find symbol
                    text = TextNode.normaliseWhitespace(text);
                                                        ^
  symbol:   variable text
  location: class Element
org/jsoup/nodes/Element.java:588: error: cannot find symbol
                        text = TextNode.stripLeadingWhitespace(text);
                        ^
  symbol:   variable text
  location: class Element
org/jsoup/nodes/Element.java:588: error: cannot find symbol
                        text = TextNode.stripLeadingWhitespace(text);
                                                               ^
  symbol:   variable text
  location: class Element
org/jsoup/nodes/Element.java:590: error: cannot find symbol
                accum.append(text);
                             ^
  symbol:   variable text
  location: class Element
5 errors

2171871 [main] INFO clegoues.genprog4java.rep.CachingRepresentation  - StmtAppend(200,2) StmtDelete(184) at variant119 fails to compile

2171871 [main] INFO clegoues.genprog4java.fitness.Fitness  - 	 gen: 2 0.0 StmtAppend(200,2) StmtDelete(184) (stored at: variant119)
2171898 [main] ERROR clegoues.genprog4java.rep.JavaRepresentation  - org/jsoup/parser/Parser.java:205: error: missing return statement
    }
    ^
org/jsoup/nodes/Element.java:401: error: cannot find symbol
		tagName = tagName.toLowerCase().trim();
		^
  symbol:   variable tagName
  location: class Element
org/jsoup/nodes/Element.java:401: error: cannot find symbol
		tagName = tagName.toLowerCase().trim();
		          ^
  symbol:   variable tagName
  location: class Element
3 errors

2171898 [main] INFO clegoues.genprog4java.rep.CachingRepresentation  - StmtReplace(134,141) StmtDelete(444) at variant120 fails to compile

2171898 [main] INFO clegoues.genprog4java.fitness.Fitness  - 	 gen: 2 0.0 StmtReplace(134,141) StmtDelete(444) (stored at: variant120)
2172495 [main] INFO clegoues.genprog4java.fitness.Fitness  - 	 gen: 2 1.0 StmtDelete(305) StmtReplace(711,640) StmtAppend(435,357) (stored at: variant121)
2173349 [main] INFO clegoues.genprog4java.fitness.Fitness  - 	 gen: 2 1.0 StmtReplace(548,683) StmtAppend(604,624) StmtDelete(719) (stored at: variant122)
2173379 [main] ERROR clegoues.genprog4java.rep.JavaRepresentation  - org/jsoup/parser/Tag.java:37: error: unreachable statement
		createBlock("DIV");
		^
org/jsoup/parser/Tag.java:38: error: missing return statement
	}
	^
2 errors

2173380 [main] INFO clegoues.genprog4java.rep.CachingRepresentation  - StmtReplace(645,641) StmtAppend(674,619) StmtAppend(521,659) at variant123 fails to compile

2173380 [main] INFO clegoues.genprog4java.fitness.Fitness  - 	 gen: 2 0.0 StmtReplace(645,641) StmtAppend(674,619) StmtAppend(521,659) (stored at: variant123)
2173415 [main] ERROR clegoues.genprog4java.rep.JavaRepresentation  - org/jsoup/nodes/Element.java:588: error: incompatible types: unexpected return value
							return parent().children();
							                        ^
1 error

2173415 [main] INFO clegoues.genprog4java.rep.CachingRepresentation  - StmtAppend(216,503) StmtReplace(418,350) StmtAppend(187,113) at variant124 fails to compile

2173415 [main] INFO clegoues.genprog4java.fitness.Fitness  - 	 gen: 2 0.0 StmtAppend(216,503) StmtReplace(418,350) StmtAppend(187,113) (stored at: variant124)
2269859 [main] INFO clegoues.genprog4java.fitness.Fitness  - 	 gen: 2 1.0 StmtReplace(551,642) StmtReplace(681,677) StmtDelete(343) (stored at: variant125)
2270456 [main] INFO clegoues.genprog4java.fitness.Fitness  - 	 gen: 2 1.0 StmtAppend(200,2) StmtDelete(540) (stored at: variant126)
2270484 [main] ERROR clegoues.genprog4java.rep.JavaRepresentation  - org/jsoup/nodes/Element.java:320: error: cannot find symbol
			tagName = tagName.toLowerCase().trim();
			^
  symbol:   variable tagName
  location: class Element
org/jsoup/nodes/Element.java:320: error: cannot find symbol
			tagName = tagName.toLowerCase().trim();
			          ^
  symbol:   variable tagName
  location: class Element
2 errors

2270484 [main] INFO clegoues.genprog4java.rep.CachingRepresentation  - StmtReplace(72,394) StmtAppend(98,141) at variant127 fails to compile

2270484 [main] INFO clegoues.genprog4java.fitness.Fitness  - 	 gen: 2 0.0 StmtReplace(72,394) StmtAppend(98,141) (stored at: variant127)
2270521 [main] ERROR clegoues.genprog4java.rep.JavaRepresentation  - org/jsoup/nodes/Element.java:742: error: cannot find symbol
			if (child.isBlock && !this.canContainBlock)
			    ^
  symbol:   variable child
  location: class Element
org/jsoup/nodes/Element.java:742: error: cannot find symbol
			if (child.isBlock && !this.canContainBlock)
			                          ^
  symbol: variable canContainBlock
org/jsoup/nodes/Element.java:743: error: incompatible types: boolean cannot be converted to Element
				return false;
				       ^
3 errors

2270521 [main] INFO clegoues.genprog4java.rep.CachingRepresentation  - StmtReplace(551,642) StmtReplace(681,677) StmtAppend(263,539) at variant128 fails to compile

2270521 [main] INFO clegoues.genprog4java.fitness.Fitness  - 	 gen: 2 0.0 StmtReplace(551,642) StmtReplace(681,677) StmtAppend(263,539) (stored at: variant128)
2270564 [main] ERROR clegoues.genprog4java.rep.JavaRepresentation  - org/jsoup/nodes/Element.java:593: error: incompatible types: unexpected return value
                if (accum.length() > 0 && element.isBlock() && !TextNode.lastCharIsWhitespace(accum)){accum.append(" ");{List<Element> siblings=parent().children();Integer index=indexInList(this,siblings);Validate.notNull(index);if (siblings.size() > index + 1)return siblings.get(index + 1); else return null;}}
                                                                                                                                                                                                                                                                                        ^
org/jsoup/nodes/Element.java:593: error: incompatible types: unexpected return value
                if (accum.length() > 0 && element.isBlock() && !TextNode.lastCharIsWhitespace(accum)){accum.append(" ");{List<Element> siblings=parent().children();Integer index=indexInList(this,siblings);Validate.notNull(index);if (siblings.size() > index + 1)return siblings.get(index + 1); else return null;}}
                                                                                                                                                                                                                                                                                                                 ^
2 errors

2270564 [main] INFO clegoues.genprog4java.rep.CachingRepresentation  - StmtReplace(548,683) StmtAppend(604,624) StmtAppend(195,115) at variant129 fails to compile

2270564 [main] INFO clegoues.genprog4java.fitness.Fitness  - 	 gen: 2 0.0 StmtReplace(548,683) StmtAppend(604,624) StmtAppend(195,115) (stored at: variant129)
2270599 [main] ERROR clegoues.genprog4java.rep.JavaRepresentation  - org/jsoup/parser/Parser.java:210: error: cannot find symbol
        TextNode textNode = new TextNode(rawText, baseUri); // constructor does not escape
                                         ^
  symbol:   variable rawText
  location: class Parser
1 error

2270599 [main] INFO clegoues.genprog4java.rep.CachingRepresentation  - StmtReplace(645,641) StmtDelete(348) StmtReplace(451,443) at variant130 fails to compile

2270599 [main] INFO clegoues.genprog4java.fitness.Fitness  - 	 gen: 2 0.0 StmtReplace(645,641) StmtDelete(348) StmtReplace(451,443) (stored at: variant130)
2270639 [main] ERROR clegoues.genprog4java.rep.JavaRepresentation  - org/jsoup/nodes/Element.java:401: error: cannot find symbol
		tagName = tagName.toLowerCase().trim();
		^
  symbol:   variable tagName
  location: class Element
org/jsoup/nodes/Element.java:401: error: cannot find symbol
		tagName = tagName.toLowerCase().trim();
		          ^
  symbol:   variable tagName
  location: class Element
2 errors

2270639 [main] INFO clegoues.genprog4java.rep.CachingRepresentation  - StmtReplace(134,141) StmtReplace(635,645) at variant131 fails to compile

2270639 [main] INFO clegoues.genprog4java.fitness.Fitness  - 	 gen: 2 0.0 StmtReplace(134,141) StmtReplace(635,645) (stored at: variant131)
2270675 [main] ERROR clegoues.genprog4java.rep.JavaRepresentation  - org/jsoup/nodes/Element.java:441: error: incompatible types: boolean cannot be converted to Element
			return tag.isBlock();
			                  ^
1 error

2270675 [main] INFO clegoues.genprog4java.rep.CachingRepresentation  - StmtReplace(146,12) StmtDelete(699) at variant132 fails to compile

2270675 [main] INFO clegoues.genprog4java.fitness.Fitness  - 	 gen: 2 0.0 StmtReplace(146,12) StmtDelete(699) (stored at: variant132)
2271310 [main] INFO clegoues.genprog4java.fitness.Fitness  - 	 gen: 2 1.0 StmtAppend(216,503) StmtReplace(418,350) StmtDelete(282) (stored at: variant133)
2271973 [main] INFO clegoues.genprog4java.fitness.Fitness  - 	 gen: 2 1.0 StmtDelete(604) StmtReplace(628,639) StmtDelete(636) (stored at: variant134)
2272595 [main] INFO clegoues.genprog4java.fitness.Fitness  - 	 gen: 2 1.0 StmtAppend(200,2) StmtReplace(435,405) (stored at: variant135)
2273248 [main] INFO clegoues.genprog4java.fitness.Fitness  - 	 gen: 2 0.0 StmtReplace(72,394) StmtReplace(524,619) (stored at: variant136)
2273874 [main] INFO clegoues.genprog4java.fitness.Fitness  - 	 gen: 2 1.0 StmtReplace(548,683) StmtAppend(604,624) StmtDelete(260) (stored at: variant137)
2273901 [main] ERROR clegoues.genprog4java.rep.JavaRepresentation  - org/jsoup/nodes/Element.java:842: error: cannot find symbol
        result = 31 * result + (tag != null ? tag.hashCode() : 0);
        ^
  symbol:   variable result
  location: class Element
org/jsoup/nodes/Element.java:842: error: cannot find symbol
        result = 31 * result + (tag != null ? tag.hashCode() : 0);
                      ^
  symbol:   variable result
  location: class Element
org/jsoup/nodes/Element.java:843: error: cannot find symbol
        return result;
               ^
  symbol:   variable result
  location: class Element
3 errors

2273901 [main] INFO clegoues.genprog4java.rep.CachingRepresentation  - StmtDelete(314) at variant138 fails to compile

2273902 [main] INFO clegoues.genprog4java.fitness.Fitness  - 	 gen: 2 0.0 StmtDelete(314) (stored at: variant138)
2274502 [main] INFO clegoues.genprog4java.fitness.Fitness  - 	 gen: 2 1.0 StmtDelete(305) StmtDelete(588) (stored at: variant139)
2274527 [main] ERROR clegoues.genprog4java.rep.JavaRepresentation  - org/jsoup/parser/Parser.java:216: error: cannot find symbol
        TextNode textNode = new TextNode(rawText, baseUri); // constructor does not escape
                                         ^
  symbol:   variable rawText
  location: class Parser
1 error

2274527 [main] INFO clegoues.genprog4java.rep.CachingRepresentation  - StmtDelete(451) at variant140 fails to compile

2274527 [main] INFO clegoues.genprog4java.fitness.Fitness  - 	 gen: 2 0.0 StmtDelete(451) (stored at: variant140)
2275370 [main] INFO clegoues.genprog4java.fitness.Fitness  - 	 gen: 2 0.0 StmtDelete(305) StmtDelete(400) (stored at: variant141)
2275399 [main] ERROR clegoues.genprog4java.rep.JavaRepresentation  - org/jsoup/parser/Tag.java:58: error: non-static variable this cannot be referenced from a static context
					return this;
					       ^
1 error

2275399 [main] INFO clegoues.genprog4java.rep.CachingRepresentation  - StmtReplace(548,683) StmtAppend(535,244) at variant142 fails to compile

2275399 [main] INFO clegoues.genprog4java.fitness.Fitness  - 	 gen: 2 0.0 StmtReplace(548,683) StmtAppend(535,244) (stored at: variant142)
2276029 [main] INFO clegoues.genprog4java.fitness.Fitness  - 	 gen: 2 1.0 StmtReplace(548,683) StmtDelete(226) (stored at: variant143)
2276634 [main] INFO clegoues.genprog4java.fitness.Fitness  - 	 gen: 2 0.0 StmtAppend(355,353) (stored at: variant144)
2276642 [main] ERROR clegoues.genprog4java.rep.JavaRepresentation  - org/jsoup/parser/Tag.java:29: error: ';' expected
    private Tag(String tagName) createInline("DD").setAncestor("DL").setOptionalClosing();
                               ^
1 error

2276642 [main] INFO clegoues.genprog4java.rep.CachingRepresentation  - StmtReplace(519,679) StmtDelete(256) at variant145 fails to compile

2276642 [main] INFO clegoues.genprog4java.fitness.Fitness  - 	 gen: 2 0.0 StmtReplace(519,679) StmtDelete(256) (stored at: variant145)
2276650 [main] ERROR clegoues.genprog4java.rep.JavaRepresentation  - org/jsoup/parser/Tag.java:107: error: ';' expected
    public boolean isBlock() createBlock("NOFRAMES").setAncestor("FRAMESET").setContainDataOnly();
                            ^
1 error

2276650 [main] INFO clegoues.genprog4java.rep.CachingRepresentation  - StmtReplace(558,623) at variant146 fails to compile

2276650 [main] INFO clegoues.genprog4java.fitness.Fitness  - 	 gen: 2 0.0 StmtReplace(558,623) (stored at: variant146)
2277291 [main] INFO clegoues.genprog4java.fitness.Fitness  - 	 gen: 2 1.0 StmtReplace(681,677) StmtAppend(553,615) (stored at: variant147)
2277317 [main] ERROR clegoues.genprog4java.rep.JavaRepresentation  - org/jsoup/parser/Parser.java:140: error: incompatible types: unexpected return value
					return elToClose;
					       ^
org/jsoup/parser/Parser.java:143: error: cannot find symbol
            popStackToClose(tag);
                            ^
  symbol:   variable tag
  location: class Parser
2 errors

2277317 [main] INFO clegoues.genprog4java.rep.CachingRepresentation  - StmtAppend(377,493) at variant148 fails to compile

2277317 [main] INFO clegoues.genprog4java.fitness.Fitness  - 	 gen: 2 0.0 StmtAppend(377,493) (stored at: variant148)
2277982 [main] INFO clegoues.genprog4java.fitness.Fitness  - 	 gen: 2 1.0 StmtReplace(551,642) StmtDelete(363) (stored at: variant149)
2278824 [main] INFO clegoues.genprog4java.fitness.Fitness  - 	 gen: 2 1.0 StmtDelete(277) (stored at: variant150)
2279436 [main] INFO clegoues.genprog4java.fitness.Fitness  - 	 gen: 2 1.0 StmtAppend(349,336) (stored at: variant151)
2279436 [main] INFO clegoues.genprog4java.Search.Search  - search: generation3
2280236 [main] ERROR clegoues.genprog4java.rep.JavaRepresentation  - org/jsoup/nodes/Element.java:49: error: no suitable constructor found for Node(no arguments)
    public Element(Tag tag, String baseUri) {
                                            ^
    constructor Node.Node(String,Attributes) is not applicable
      (actual and formal argument lists differ in length)
    constructor Node.Node(String) is not applicable
      (actual and formal argument lists differ in length)
org/jsoup/nodes/Element.java:51: error: call to this must be first statement in constructor
			this(tag, baseUri, new Attributes());
			    ^
2 errors

2280236 [main] INFO clegoues.genprog4java.rep.CachingRepresentation  - StmtDelete(305) StmtReplace(711,640) StmtAppend(435,357) StmtAppend(4,243) at variant152 fails to compile

2280236 [main] INFO clegoues.genprog4java.fitness.Fitness  - 	 gen: 3 0.0 StmtDelete(305) StmtReplace(711,640) StmtAppend(435,357) StmtAppend(4,243) (stored at: variant152)
2398488 [main] INFO clegoues.genprog4java.fitness.Fitness  - 	 gen: 3 0.0 StmtDelete(305) StmtDelete(588) StmtReplace(490,326) (stored at: variant153)
2399080 [main] INFO clegoues.genprog4java.fitness.Fitness  - 	 gen: 3 1.0 StmtReplace(548,683) StmtAppend(604,624) StmtDelete(719) StmtReplace(573,665) (stored at: variant154)
2399656 [main] INFO clegoues.genprog4java.fitness.Fitness  - 	 gen: 3 1.0 StmtReplace(548,683) StmtAppend(604,624) StmtDelete(719) StmtDelete(50) (stored at: variant155)
2399683 [main] ERROR clegoues.genprog4java.rep.JavaRepresentation  - org/jsoup/parser/Tag.java:337: error: non-static variable tagName cannot be referenced from a static context
			tagName = tagName.toLowerCase().trim();
			^
org/jsoup/parser/Tag.java:337: error: non-static variable tagName cannot be referenced from a static context
			tagName = tagName.toLowerCase().trim();
			          ^
2 errors

2399683 [main] INFO clegoues.genprog4java.rep.CachingRepresentation  - StmtDelete(604) StmtReplace(628,639) StmtDelete(636) StmtAppend(701,141) at variant156 fails to compile

2399683 [main] INFO clegoues.genprog4java.fitness.Fitness  - 	 gen: 3 0.0 StmtDelete(604) StmtReplace(628,639) StmtDelete(636) StmtAppend(701,141) (stored at: variant156)
2399716 [main] ERROR clegoues.genprog4java.rep.JavaRepresentation  - org/jsoup/nodes/Element.java:788: error: cannot find symbol
				this.tagName = tagName.toLowerCase();
				    ^
  symbol: variable tagName
org/jsoup/nodes/Element.java:788: error: cannot find symbol
				this.tagName = tagName.toLowerCase();
				               ^
  symbol:   variable tagName
  location: class Element
2 errors

2399716 [main] INFO clegoues.genprog4java.rep.CachingRepresentation  - StmtDelete(305) StmtReplace(711,640) StmtDelete(581) StmtReplace(288,519) at variant157 fails to compile

2399716 [main] INFO clegoues.genprog4java.fitness.Fitness  - 	 gen: 3 0.0 StmtDelete(305) StmtReplace(711,640) StmtDelete(581) StmtReplace(288,519) (stored at: variant157)
2496132 [main] INFO clegoues.genprog4java.fitness.Fitness  - 	 gen: 3 1.0 StmtReplace(551,642) StmtReplace(681,677) StmtDelete(343) StmtAppend(675,689) (stored at: variant158)
2496161 [main] ERROR clegoues.genprog4java.rep.JavaRepresentation  - org/jsoup/nodes/Element.java:653: error: cannot find symbol
				Element el = (Element) child;
				                       ^
  symbol:   variable child
  location: class Element
org/jsoup/nodes/Element.java:655: error: incompatible types: boolean cannot be converted to String
					return true;
					       ^
2 errors

2496161 [main] INFO clegoues.genprog4java.rep.CachingRepresentation  - StmtAppend(200,2) StmtReplace(435,405) StmtReplace(228,214) at variant159 fails to compile

2496161 [main] INFO clegoues.genprog4java.fitness.Fitness  - 	 gen: 3 0.0 StmtAppend(200,2) StmtReplace(435,405) StmtReplace(228,214) (stored at: variant159)
2496185 [main] ERROR clegoues.genprog4java.rep.JavaRepresentation  - org/jsoup/parser/Parser.java:64: error: cannot find symbol
        return parser.parse();
               ^
  symbol:   variable parser
  location: class Parser
1 error

2496185 [main] INFO clegoues.genprog4java.rep.CachingRepresentation  - StmtAppend(200,2) StmtReplace(435,405) StmtDelete(334) at variant160 fails to compile

2496185 [main] INFO clegoues.genprog4java.fitness.Fitness  - 	 gen: 3 0.0 StmtAppend(200,2) StmtReplace(435,405) StmtDelete(334) (stored at: variant160)
2496210 [main] ERROR clegoues.genprog4java.rep.JavaRepresentation  - org/jsoup/parser/Parser.java:210: error: cannot find symbol
        TextNode textNode = new TextNode(rawText, baseUri); // constructor does not escape
                                         ^
  symbol:   variable rawText
  location: class Parser
1 error

2496210 [main] INFO clegoues.genprog4java.rep.CachingRepresentation  - StmtReplace(645,641) StmtDelete(348) StmtReplace(451,443) StmtDelete(288) at variant161 fails to compile

2496210 [main] INFO clegoues.genprog4java.fitness.Fitness  - 	 gen: 3 0.0 StmtReplace(645,641) StmtDelete(348) StmtReplace(451,443) StmtDelete(288) (stored at: variant161)
2496818 [main] INFO clegoues.genprog4java.fitness.Fitness  - 	 gen: 3 0.0 StmtAppend(200,2) StmtReplace(435,405) StmtDelete(605) (stored at: variant162)
2497416 [main] INFO clegoues.genprog4java.fitness.Fitness  - 	 gen: 3 1.0 StmtReplace(548,683) StmtReplace(134,133) StmtReplace(243,243) StmtDelete(243) (stored at: variant163)
2498047 [main] INFO clegoues.genprog4java.fitness.Fitness  - 	 gen: 3 1.0 StmtReplace(548,683) StmtAppend(604,624) StmtAppend(105,243) StmtAppend(620,665) (stored at: variant164)
2498630 [main] INFO clegoues.genprog4java.fitness.Fitness  - 	 gen: 3 1.0 StmtDelete(305) StmtDelete(588) StmtReplace(594,677) (stored at: variant165)
2499521 [main] INFO clegoues.genprog4java.fitness.Fitness  - 	 gen: 3 1.0 StmtReplace(548,683) StmtAppend(604,624) StmtAppend(105,243) StmtDelete(49) (stored at: variant166)
2500162 [main] INFO clegoues.genprog4java.fitness.Fitness  - 	 gen: 3 1.0 StmtAppend(200,2) StmtDelete(540) StmtDelete(189) (stored at: variant167)
2500800 [main] INFO clegoues.genprog4java.fitness.Fitness  - 	 gen: 3 0.0 StmtDelete(305) StmtReplace(711,640) StmtDelete(581) StmtAppend(429,429) (stored at: variant168)
2501418 [main] INFO clegoues.genprog4java.fitness.Fitness  - 	 gen: 3 1.0 StmtReplace(681,677) StmtAppend(553,615) StmtAppend(586,654) (stored at: variant169)
2502028 [main] INFO clegoues.genprog4java.fitness.Fitness  - 	 gen: 3 1.0 StmtDelete(277) StmtDelete(236) (stored at: variant170)
2502053 [main] ERROR clegoues.genprog4java.rep.JavaRepresentation  - org/jsoup/parser/Parser.java:41: error: variable doc might not have been initialized
    }
    ^
1 error

2502053 [main] INFO clegoues.genprog4java.rep.CachingRepresentation  - StmtReplace(548,683) StmtAppend(604,624) StmtDelete(719) StmtReplace(324,340) at variant171 fails to compile

2502053 [main] INFO clegoues.genprog4java.fitness.Fitness  - 	 gen: 3 0.0 StmtReplace(548,683) StmtAppend(604,624) StmtDelete(719) StmtReplace(324,340) (stored at: variant171)
2502081 [main] ERROR clegoues.genprog4java.rep.JavaRepresentation  - org/jsoup/nodes/Element.java:155: error: cannot find symbol
        {for (Node node:childNodes){if (node instanceof Element)elements.add((Element)node);}child.setParentNode(this);}
                                                                                             ^
  symbol:   variable child
  location: class Element
1 error

2502082 [main] INFO clegoues.genprog4java.rep.CachingRepresentation  - StmtDelete(277) StmtAppend(36,50) at variant172 fails to compile

2502082 [main] INFO clegoues.genprog4java.fitness.Fitness  - 	 gen: 3 0.0 StmtDelete(277) StmtAppend(36,50) (stored at: variant172)
2502695 [main] INFO clegoues.genprog4java.fitness.Fitness  - 	 gen: 3 1.0 StmtReplace(548,683) StmtAppend(604,624) StmtDelete(719) StmtDelete(297) (stored at: variant173)
2503319 [main] INFO clegoues.genprog4java.fitness.Fitness  - 	 gen: 3 1.0 StmtReplace(681,677) StmtAppend(553,615) StmtAppend(192,49) (stored at: variant174)
2503346 [main] ERROR clegoues.genprog4java.rep.JavaRepresentation  - org/jsoup/parser/Parser.java:284: error: cannot find symbol
            if (parent2.isValidParent(childTag)) {
                ^
  symbol:   variable parent2
  location: class Parser
1 error

2503346 [main] INFO clegoues.genprog4java.rep.CachingRepresentation  - StmtDelete(305) StmtReplace(711,640) StmtAppend(435,357) StmtAppend(481,338) at variant175 fails to compile

2503346 [main] INFO clegoues.genprog4java.fitness.Fitness  - 	 gen: 3 0.0 StmtDelete(305) StmtReplace(711,640) StmtAppend(435,357) StmtAppend(481,338) (stored at: variant175)
2503918 [main] INFO clegoues.genprog4java.fitness.Fitness  - 	 gen: 3 1.0 StmtReplace(548,683) StmtReplace(134,133) StmtReplace(243,243) StmtDelete(462) (stored at: variant176)
2504523 [main] INFO clegoues.genprog4java.fitness.Fitness  - 	 gen: 3 1.0 StmtDelete(305) StmtReplace(711,640) StmtAppend(435,357) StmtDelete(398) (stored at: variant177)
2504557 [main] ERROR clegoues.genprog4java.rep.JavaRepresentation  - org/jsoup/nodes/Element.java:342: error: cannot find symbol
			text = TextNode.stripLeadingWhitespace(text);
			^
  symbol:   variable text
  location: class Element
org/jsoup/nodes/Element.java:342: error: cannot find symbol
			text = TextNode.stripLeadingWhitespace(text);
			                                       ^
  symbol:   variable text
  location: class Element
2 errors

2504557 [main] INFO clegoues.genprog4java.rep.CachingRepresentation  - StmtReplace(548,683) StmtDelete(226) StmtAppend(110,189) at variant178 fails to compile

2504557 [main] INFO clegoues.genprog4java.fitness.Fitness  - 	 gen: 3 0.0 StmtReplace(548,683) StmtDelete(226) StmtAppend(110,189) (stored at: variant178)
2505151 [main] INFO clegoues.genprog4java.fitness.Fitness  - 	 gen: 3 1.0 StmtReplace(548,683) StmtAppend(604,624) StmtDelete(719) StmtAppend(710,627) (stored at: variant179)
2505201 [main] ERROR clegoues.genprog4java.rep.JavaRepresentation  - org/jsoup/parser/Parser.java:154: error: call to this must be first statement in constructor
			this(tag, baseUri, new Attributes());
			    ^
1 error

2505201 [main] INFO clegoues.genprog4java.rep.CachingRepresentation  - StmtReplace(551,642) StmtDelete(363) StmtReplace(402,4) at variant180 fails to compile

2505201 [main] INFO clegoues.genprog4java.fitness.Fitness  - 	 gen: 3 0.0 StmtReplace(551,642) StmtDelete(363) StmtReplace(402,4) (stored at: variant180)
2505240 [main] ERROR clegoues.genprog4java.rep.JavaRepresentation  - org/jsoup/nodes/Element.java:156: error: cannot find symbol
			this.tagName = tagName.toLowerCase();
			    ^
  symbol: variable tagName
org/jsoup/nodes/Element.java:156: error: cannot find symbol
			this.tagName = tagName.toLowerCase();
			               ^
  symbol:   variable tagName
  location: class Element
2 errors

2505241 [main] INFO clegoues.genprog4java.rep.CachingRepresentation  - StmtDelete(277) StmtReplace(37,520) at variant181 fails to compile

2505241 [main] INFO clegoues.genprog4java.fitness.Fitness  - 	 gen: 3 0.0 StmtDelete(277) StmtReplace(37,520) (stored at: variant181)
2505278 [main] ERROR clegoues.genprog4java.rep.JavaRepresentation  - org/jsoup/parser/Parser.java:121: error: cannot find symbol
        last().appendChild(comment);
                           ^
  symbol:   variable comment
  location: class Parser
1 error

2505278 [main] INFO clegoues.genprog4java.rep.CachingRepresentation  - StmtAppend(349,336) StmtDelete(362) at variant182 fails to compile

2505278 [main] INFO clegoues.genprog4java.fitness.Fitness  - 	 gen: 3 0.0 StmtAppend(349,336) StmtDelete(362) (stored at: variant182)
2506120 [main] INFO clegoues.genprog4java.fitness.Fitness  - 	 gen: 3 1.0 StmtDelete(277) StmtReplace(649,682) (stored at: variant183)
2506150 [main] ERROR clegoues.genprog4java.rep.JavaRepresentation  - org/jsoup/parser/Parser.java:313: error: cannot find symbol
            Tag elTag = el.tag();
                        ^
  symbol:   variable el
  location: class Parser
org/jsoup/parser/Parser.java:317: error: cannot find symbol
                elToClose = el;
                            ^
  symbol:   variable el
  location: class Parser
2 errors

2506150 [main] INFO clegoues.genprog4java.rep.CachingRepresentation  - StmtAppend(349,336) StmtAppend(499,345) at variant184 fails to compile

2506150 [main] INFO clegoues.genprog4java.fitness.Fitness  - 	 gen: 3 0.0 StmtAppend(349,336) StmtAppend(499,345) (stored at: variant184)
2506182 [main] ERROR clegoues.genprog4java.rep.JavaRepresentation  - org/jsoup/nodes/Element.java:55: error: missing return statement
	}
	^
1 error

2506182 [main] INFO clegoues.genprog4java.rep.CachingRepresentation  - StmtDelete(305) StmtReplace(711,640) StmtDelete(581) StmtDelete(6) at variant185 fails to compile

2506182 [main] INFO clegoues.genprog4java.fitness.Fitness  - 	 gen: 3 0.0 StmtDelete(305) StmtReplace(711,640) StmtDelete(581) StmtDelete(6) (stored at: variant185)
2506213 [main] ERROR clegoues.genprog4java.rep.JavaRepresentation  - org/jsoup/nodes/Element.java:156: error: incompatible types: boolean cannot be converted to Elements
            return true;
                   ^
1 error

2506213 [main] INFO clegoues.genprog4java.rep.CachingRepresentation  - StmtReplace(681,677) StmtAppend(553,615) StmtReplace(38,217) at variant186 fails to compile

2506213 [main] INFO clegoues.genprog4java.fitness.Fitness  - 	 gen: 3 0.0 StmtReplace(681,677) StmtAppend(553,615) StmtReplace(38,217) (stored at: variant186)
2506830 [main] INFO clegoues.genprog4java.fitness.Fitness  - 	 gen: 3 0.0 StmtReplace(548,683) StmtReplace(134,133) StmtReplace(243,243) StmtReplace(530,648) (stored at: variant187)
2506859 [main] ERROR clegoues.genprog4java.rep.JavaRepresentation  - org/jsoup/nodes/Element.java:677: error: cannot find symbol
        {if (classNames == null){String[] names=className().split("\\s+");classNames=new LinkedHashSet<String>(Arrays.asList(names));}{Element child=new Element(Tag.valueOf(tagName),baseUri());prependChild(child);return child;}}
                                                                                                                                                                             ^
  symbol:   variable tagName
  location: class Element
org/jsoup/nodes/Element.java:677: error: incompatible types: Element cannot be converted to Set<String>
        {if (classNames == null){String[] names=className().split("\\s+");classNames=new LinkedHashSet<String>(Arrays.asList(names));}{Element child=new Element(Tag.valueOf(tagName),baseUri());prependChild(child);return child;}}
                                                                                                                                                                                                                            ^
2 errors

2506859 [main] INFO clegoues.genprog4java.rep.CachingRepresentation  - StmtAppend(200,2) StmtDelete(540) StmtAppend(236,57) at variant188 fails to compile

2506859 [main] INFO clegoues.genprog4java.fitness.Fitness  - 	 gen: 3 0.0 StmtAppend(200,2) StmtDelete(540) StmtAppend(236,57) (stored at: variant188)
2506884 [main] ERROR clegoues.genprog4java.rep.JavaRepresentation  - org/jsoup/parser/Parser.java:104: error: cannot find symbol
        if (data.endsWith("-")) // i.e. was -->
            ^
  symbol:   variable data
  location: class Parser
org/jsoup/parser/Parser.java:105: error: cannot find symbol
            data = data.substring(0, data.length()-1);
            ^
  symbol:   variable data
  location: class Parser
org/jsoup/parser/Parser.java:105: error: cannot find symbol
            data = data.substring(0, data.length()-1);
                                     ^
  symbol:   variable data
  location: class Parser
org/jsoup/parser/Parser.java:105: error: cannot find symbol
            data = data.substring(0, data.length()-1);
                   ^
  symbol:   variable data
  location: class Parser
org/jsoup/parser/Parser.java:106: error: cannot find symbol
        Comment comment = new Comment(data, baseUri);
                                      ^
  symbol:   variable data
  location: class Parser
5 errors

2506884 [main] INFO clegoues.genprog4java.rep.CachingRepresentation  - StmtAppend(200,2) StmtDelete(540) StmtAppend(359,445) at variant189 fails to compile

2506884 [main] INFO clegoues.genprog4java.fitness.Fitness  - 	 gen: 3 0.0 StmtAppend(200,2) StmtDelete(540) StmtAppend(359,445) (stored at: variant189)
2507488 [main] INFO clegoues.genprog4java.fitness.Fitness  - 	 gen: 3 1.0 StmtDelete(277) StmtDelete(581) (stored at: variant190)
2507517 [main] ERROR clegoues.genprog4java.rep.JavaRepresentation  - org/jsoup/nodes/Element.java:473: error: cannot find symbol
        {Validate.notNull(html);Element fragment=Parser.parseBodyFragment(html,baseUri).body();for (Node node:fragment.childNodes()){node.parentNode=null;appendChild(node);}return this;}
                          ^
  symbol:   variable html
  location: class Element
org/jsoup/nodes/Element.java:473: error: cannot find symbol
        {Validate.notNull(html);Element fragment=Parser.parseBodyFragment(html,baseUri).body();for (Node node:fragment.childNodes()){node.parentNode=null;appendChild(node);}return this;}
                                                                          ^
  symbol:   variable html
  location: class Element
org/jsoup/nodes/Element.java:473: error: incompatible types: Element cannot be converted to Elements
        {Validate.notNull(html);Element fragment=Parser.parseBodyFragment(html,baseUri).body();for (Node node:fragment.childNodes()){node.parentNode=null;appendChild(node);}return this;}
                                                                                                                                                                                    ^
3 errors

2507517 [main] INFO clegoues.genprog4java.rep.CachingRepresentation  - StmtReplace(548,683) StmtAppend(604,624) StmtAppend(105,243) StmtReplace(153,69) at variant191 fails to compile

2507517 [main] INFO clegoues.genprog4java.fitness.Fitness  - 	 gen: 3 0.0 StmtReplace(548,683) StmtAppend(604,624) StmtAppend(105,243) StmtReplace(153,69) (stored at: variant191)
2508112 [main] INFO clegoues.genprog4java.fitness.Fitness  - 	 gen: 3 0.0 StmtReplace(548,683) StmtAppend(604,624) StmtReplace(557,597) (stored at: variant192)
2508137 [main] ERROR clegoues.genprog4java.rep.JavaRepresentation  - org/jsoup/parser/Tag.java:247: error: non-static variable canContainBlock cannot be referenced from a static context
			canContainBlock = false;
			^
1 error

2508137 [main] INFO clegoues.genprog4java.rep.CachingRepresentation  - StmtReplace(681,677) StmtAppend(637,709) at variant193 fails to compile

2508137 [main] INFO clegoues.genprog4java.fitness.Fitness  - 	 gen: 3 0.0 StmtReplace(681,677) StmtAppend(637,709) (stored at: variant193)
2508969 [main] INFO clegoues.genprog4java.fitness.Fitness  - 	 gen: 3 1.0 StmtReplace(134,133) StmtReplace(243,243) StmtAppend(662,686) (stored at: variant194)
2508998 [main] ERROR clegoues.genprog4java.rep.JavaRepresentation  - org/jsoup/parser/Parser.java:232: error: cannot find symbol
                implicit.appendChild(head);
                                     ^
  symbol:   variable head
  location: class Parser
1 error

2508998 [main] INFO clegoues.genprog4java.rep.CachingRepresentation  - StmtReplace(628,639) StmtDelete(636) StmtDelete(464) at variant195 fails to compile

2508998 [main] INFO clegoues.genprog4java.fitness.Fitness  - 	 gen: 3 0.0 StmtReplace(628,639) StmtDelete(636) StmtDelete(464) (stored at: variant195)
2509034 [main] ERROR clegoues.genprog4java.rep.JavaRepresentation  - org/jsoup/nodes/Element.java:206: error: cannot find symbol
			Validate.notNull(className);
			                 ^
  symbol:   variable className
  location: class Element
1 error

2509034 [main] INFO clegoues.genprog4java.rep.CachingRepresentation  - StmtAppend(49,248) at variant196 fails to compile

2509034 [main] INFO clegoues.genprog4java.fitness.Fitness  - 	 gen: 3 0.0 StmtAppend(49,248) (stored at: variant196)
2509063 [main] ERROR clegoues.genprog4java.rep.JavaRepresentation  - org/jsoup/parser/Tag.java:167: error: missing return statement
    }
    ^
1 error

2509063 [main] INFO clegoues.genprog4java.rep.CachingRepresentation  - StmtDelete(305) StmtReplace(711,640) StmtReplace(711,640) StmtDelete(581) StmtDelete(579) at variant197 fails to compile

2509063 [main] INFO clegoues.genprog4java.fitness.Fitness  - 	 gen: 3 0.0 StmtDelete(305) StmtReplace(711,640) StmtReplace(711,640) StmtDelete(581) StmtDelete(579) (stored at: variant197)
2509098 [main] ERROR clegoues.genprog4java.rep.JavaRepresentation  - org/jsoup/parser/Tag.java:218: error: non-static variable tagName cannot be referenced from a static context
			tagName = tagName.trim().toLowerCase();
			^
org/jsoup/parser/Tag.java:218: error: non-static variable tagName cannot be referenced from a static context
			tagName = tagName.trim().toLowerCase();
			          ^
2 errors

2509098 [main] INFO clegoues.genprog4java.rep.CachingRepresentation  - StmtReplace(551,642) StmtReplace(681,677) StmtDelete(226) StmtAppend(615,525) at variant198 fails to compile

2509098 [main] INFO clegoues.genprog4java.fitness.Fitness  - 	 gen: 3 0.0 StmtReplace(551,642) StmtReplace(681,677) StmtDelete(226) StmtAppend(615,525) (stored at: variant198)
2509441 [main] ERROR clegoues.genprog4java.rep.JavaRepresentation  - org/jsoup/nodes/Element.java:599: error: incompatible types: unexpected return value
					return true;
					       ^
1 error

2509441 [main] INFO clegoues.genprog4java.rep.CachingRepresentation  - StmtAppend(180,576) at variant199 fails to compile

2509441 [main] INFO clegoues.genprog4java.fitness.Fitness  - 	 gen: 3 0.0 StmtAppend(180,576) (stored at: variant199)
2510367 [main] INFO clegoues.genprog4java.fitness.Fitness  - 	 gen: 3 1.0 StmtAppend(200,2) StmtDelete(363) StmtDelete(542) (stored at: variant200)
2510951 [main] INFO clegoues.genprog4java.fitness.Fitness  - 	 gen: 3 1.0 StmtDelete(725) (stored at: variant201)
2510980 [main] ERROR clegoues.genprog4java.rep.JavaRepresentation  - org/jsoup/nodes/Element.java:653: error: cannot find symbol
					if (empty != tag.empty)
					    ^
  symbol:   variable empty
  location: class Element
org/jsoup/nodes/Element.java:653: error: empty has private access in Tag
					if (empty != tag.empty)
					                ^
org/jsoup/nodes/Element.java:654: error: incompatible types: boolean cannot be converted to String
						return false;
						       ^
org/jsoup/nodes/Element.java:656: error: cannot find symbol
                sb.append(elementData);
                          ^
  symbol:   variable elementData
  location: class Element
4 errors

2510981 [main] INFO clegoues.genprog4java.rep.CachingRepresentation  - StmtReplace(645,641) StmtAppend(230,590) at variant202 fails to compile

2510981 [main] INFO clegoues.genprog4java.fitness.Fitness  - 	 gen: 3 0.0 StmtReplace(645,641) StmtAppend(230,590) (stored at: variant202)
2511006 [main] ERROR clegoues.genprog4java.rep.JavaRepresentation  - org/jsoup/parser/Parser.java:215: error: cannot find symbol
        TextNode textNode = new TextNode(rawText, baseUri); // constructor does not escape
                                         ^
  symbol:   variable rawText
  location: class Parser
org/jsoup/nodes/Element.java:591: error: incompatible types: unexpected return value
						return tagName;
						       ^
2 errors

2511006 [main] INFO clegoues.genprog4java.rep.CachingRepresentation  - StmtReplace(451,443) StmtAppend(185,521) at variant203 fails to compile

2511006 [main] INFO clegoues.genprog4java.fitness.Fitness  - 	 gen: 3 0.0 StmtReplace(451,443) StmtAppend(185,521) (stored at: variant203)
2511614 [main] INFO clegoues.genprog4java.fitness.Fitness  - 	 gen: 3 0.0 StmtReplace(423,342) (stored at: variant204)
2512220 [main] INFO clegoues.genprog4java.fitness.Fitness  - 	 gen: 3 1.0 StmtReplace(435,405) StmtAppend(671,629) (stored at: variant205)
2513092 [main] INFO clegoues.genprog4java.fitness.Fitness  - 	 gen: 3 1.0 StmtReplace(548,683) StmtAppend(604,624) StmtDelete(627) (stored at: variant206)
2513718 [main] INFO clegoues.genprog4java.fitness.Fitness  - 	 gen: 3 1.0 StmtDelete(616) (stored at: variant207)
2513745 [main] ERROR clegoues.genprog4java.rep.JavaRepresentation  - org/jsoup/parser/Parser.java:290: error: unreachable statement
				tq.consumeWhitespace();
				^
1 error

2513745 [main] INFO clegoues.genprog4java.rep.CachingRepresentation  - StmtDelete(305) StmtReplace(711,640) StmtDelete(581) StmtAppend(505,420) at variant208 fails to compile

2513745 [main] INFO clegoues.genprog4java.fitness.Fitness  - 	 gen: 3 0.0 StmtDelete(305) StmtReplace(711,640) StmtDelete(581) StmtAppend(505,420) (stored at: variant208)
2513770 [main] ERROR clegoues.genprog4java.rep.JavaRepresentation  - org/jsoup/parser/Parser.java:223: error: cannot find symbol
        boolean validAncestor = stackHasValidParent(childTag);
                                                    ^
  symbol:   variable childTag
  location: class Parser
org/jsoup/parser/Parser.java:227: error: cannot find symbol
            Tag parentTag = childTag.getImplicitParent();
                            ^
  symbol:   variable childTag
  location: class Parser
2 errors

2513770 [main] INFO clegoues.genprog4java.rep.CachingRepresentation  - StmtDelete(456) at variant209 fails to compile

2513770 [main] INFO clegoues.genprog4java.fitness.Fitness  - 	 gen: 3 0.0 StmtDelete(456) (stored at: variant209)
2514320 [main] INFO clegoues.genprog4java.fitness.Fitness  - 	 gen: 3 0.0 StmtAppend(553,615) StmtReplace(338,380) (stored at: variant210)
2514349 [main] ERROR clegoues.genprog4java.rep.JavaRepresentation  - org/jsoup/nodes/Element.java:320: error: cannot find symbol
        Validate.notEmpty(className);
                          ^
  symbol:   variable className
  location: class Element
org/jsoup/nodes/Element.java:322: error: cannot find symbol
        deepest.addChild(this);
        ^
  symbol:   variable deepest
  location: class Element
2 errors

2514349 [main] INFO clegoues.genprog4java.rep.CachingRepresentation  - StmtAppend(604,624) StmtAppend(105,243) StmtReplace(97,150) at variant211 fails to compile

2514349 [main] INFO clegoues.genprog4java.fitness.Fitness  - 	 gen: 3 0.0 StmtAppend(604,624) StmtAppend(105,243) StmtReplace(97,150) (stored at: variant211)
2514376 [main] ERROR clegoues.genprog4java.rep.JavaRepresentation  - org/jsoup/nodes/Element.java:631: error: cannot find symbol
					empty = true;
					^
  symbol:   variable empty
  location: class Element
1 error

2514376 [main] INFO clegoues.genprog4java.rep.CachingRepresentation  - StmtAppend(200,2) StmtReplace(243,243) StmtReplace(212,716) at variant212 fails to compile

2514376 [main] INFO clegoues.genprog4java.fitness.Fitness  - 	 gen: 3 0.0 StmtAppend(200,2) StmtReplace(243,243) StmtReplace(212,716) (stored at: variant212)
2514989 [main] INFO clegoues.genprog4java.fitness.Fitness  - 	 gen: 3 1.0 StmtReplace(548,683) StmtDelete(671) (stored at: variant213)
2514989 [main] INFO clegoues.genprog4java.Search.Search  - search: generation4
2803817 [main] INFO clegoues.genprog4java.fitness.Fitness  - 	 gen: 4 0.0 StmtReplace(548,683) StmtReplace(134,133) StmtReplace(243,243) StmtDelete(462) StmtDelete(355) (stored at: variant214)
2803842 [main] ERROR clegoues.genprog4java.rep.JavaRepresentation  - org/jsoup/parser/Parser.java:167: error: variable dataNode might not have been initialized
            child.appendChild(dataNode);   
                              ^
1 error

2803842 [main] INFO clegoues.genprog4java.rep.CachingRepresentation  - StmtReplace(548,683) StmtAppend(604,624) StmtDelete(627) StmtReplace(409,351) at variant215 fails to compile

2803842 [main] INFO clegoues.genprog4java.fitness.Fitness  - 	 gen: 4 0.0 StmtReplace(548,683) StmtAppend(604,624) StmtDelete(627) StmtReplace(409,351) (stored at: variant215)
2804447 [main] INFO clegoues.genprog4java.fitness.Fitness  - 	 gen: 4 1.0 StmtReplace(548,683) StmtAppend(604,624) StmtDelete(719) StmtDelete(50) StmtAppend(320,70) (stored at: variant216)
2804478 [main] ERROR clegoues.genprog4java.rep.JavaRepresentation  - org/jsoup/nodes/Element.java:125: error: incompatible types: unexpected return value
			return !isBlock;
			       ^
org/jsoup/nodes/Element.java:125: error: cannot find symbol
			return !isBlock;
			        ^
  symbol:   variable isBlock
  location: class Element
2 errors

2804478 [main] INFO clegoues.genprog4java.rep.CachingRepresentation  - StmtReplace(134,133) StmtReplace(243,243) StmtAppend(662,686) StmtReplace(29,562) at variant217 fails to compile

2804478 [main] INFO clegoues.genprog4java.fitness.Fitness  - 	 gen: 4 0.0 StmtReplace(134,133) StmtReplace(243,243) StmtAppend(662,686) StmtReplace(29,562) (stored at: variant217)
2804515 [main] ERROR clegoues.genprog4java.rep.JavaRepresentation  - org/jsoup/nodes/Element.java:129: error: cannot find symbol
			if (children.size() > 0)
			    ^
  symbol:   variable children
  location: class Element
org/jsoup/nodes/Element.java:130: error: incompatible types: unexpected return value
				return getDeepChild(children.get(0));
				                   ^
org/jsoup/nodes/Element.java:130: error: cannot find symbol
				return getDeepChild(children.get(0));
				                    ^
  symbol:   variable children
  location: class Element
org/jsoup/nodes/Element.java:132: error: incompatible types: unexpected return value
				return el;
				       ^
4 errors

2804515 [main] INFO clegoues.genprog4java.rep.CachingRepresentation  - StmtReplace(548,683) StmtAppend(604,624) StmtDelete(719) StmtDelete(297) StmtAppend(28,110) at variant218 fails to compile

2804515 [main] INFO clegoues.genprog4java.fitness.Fitness  - 	 gen: 4 0.0 StmtReplace(548,683) StmtAppend(604,624) StmtDelete(719) StmtDelete(297) StmtAppend(28,110) (stored at: variant218)
2804552 [main] ERROR clegoues.genprog4java.rep.JavaRepresentation  - org/jsoup/parser/Tag.java:52: error: cannot find symbol
            if (tag == null) {
                ^
  symbol:   variable tag
  location: class Tag
org/jsoup/parser/Tag.java:54: error: cannot find symbol
                tag = new Tag(tagName);
                ^
  symbol:   variable tag
  location: class Tag
org/jsoup/parser/Tag.java:55: error: cannot find symbol
                tag.setAncestor(defaultAncestor.tagName);
                ^
  symbol:   variable tag
  location: class Tag
org/jsoup/parser/Tag.java:56: error: cannot find symbol
                tag.isBlock = false;
                ^
  symbol:   variable tag
  location: class Tag
org/jsoup/parser/Tag.java:57: error: cannot find symbol
                tag.canContainBlock = true;
                ^
  symbol:   variable tag
  location: class Tag
org/jsoup/parser/Tag.java:59: error: cannot find symbol
            return tag;
                   ^
  symbol:   variable tag
  location: class Tag
6 errors

2804552 [main] INFO clegoues.genprog4java.rep.CachingRepresentation  - StmtReplace(134,133) StmtReplace(243,243) StmtAppend(662,686) StmtDelete(529) at variant219 fails to compile

2804552 [main] INFO clegoues.genprog4java.fitness.Fitness  - 	 gen: 4 0.0 StmtReplace(134,133) StmtReplace(243,243) StmtAppend(662,686) StmtDelete(529) (stored at: variant219)
2804587 [main] ERROR clegoues.genprog4java.rep.JavaRepresentation  - org/jsoup/parser/Tag.java:275: error: break outside switch or loop
				break;
				^
1 error

2804588 [main] INFO clegoues.genprog4java.rep.CachingRepresentation  - StmtReplace(548,683) StmtAppend(604,624) StmtDelete(719) StmtDelete(297) StmtAppend(658,502) at variant220 fails to compile

2804588 [main] INFO clegoues.genprog4java.fitness.Fitness  - 	 gen: 4 0.0 StmtReplace(548,683) StmtAppend(604,624) StmtDelete(719) StmtDelete(297) StmtAppend(658,502) (stored at: variant220)
2805179 [main] INFO clegoues.genprog4java.fitness.Fitness  - 	 gen: 4 1.0 StmtDelete(725) StmtReplace(705,140) (stored at: variant221)
2805208 [main] ERROR clegoues.genprog4java.rep.JavaRepresentation  - org/jsoup/parser/Tag.java:362: error: break outside switch or loop
			break;
			^
1 error

2805208 [main] INFO clegoues.genprog4java.rep.CachingRepresentation  - StmtReplace(548,683) StmtAppend(604,624) StmtAppend(105,243) StmtDelete(49) StmtReplace(722,502) at variant222 fails to compile

2805208 [main] INFO clegoues.genprog4java.fitness.Fitness  - 	 gen: 4 0.0 StmtReplace(548,683) StmtAppend(604,624) StmtAppend(105,243) StmtDelete(49) StmtReplace(722,502) (stored at: variant222)
2805838 [main] INFO clegoues.genprog4java.fitness.Fitness  - 	 gen: 4 0.0 StmtReplace(435,405) StmtAppend(671,629) StmtDelete(553) (stored at: variant223)
2806468 [main] INFO clegoues.genprog4java.fitness.Fitness  - 	 gen: 4 0.0 StmtDelete(277) StmtDelete(236) StmtDelete(501) (stored at: variant224)
2807078 [main] INFO clegoues.genprog4java.fitness.Fitness  - 	 gen: 4 1.0 StmtReplace(548,683) StmtAppend(604,624) StmtDelete(719) StmtAppend(710,627) StmtReplace(547,661) (stored at: variant225)
2807660 [main] INFO clegoues.genprog4java.fitness.Fitness  - 	 gen: 4 1.0 StmtAppend(200,2) StmtDelete(540) StmtDelete(189) StmtDelete(200) (stored at: variant226)
2808241 [main] INFO clegoues.genprog4java.fitness.Fitness  - 	 gen: 4 1.0 StmtReplace(548,683) StmtReplace(134,133) StmtReplace(243,243) StmtDelete(243) StmtDelete(612) (stored at: variant227)
2808925 [main] INFO clegoues.genprog4java.fitness.Fitness  - 	 gen: 4 0.0 StmtReplace(548,683) StmtAppend(604,624) StmtDelete(719) StmtDelete(297) StmtReplace(385,338) (stored at: variant228)
2809575 [main] INFO clegoues.genprog4java.fitness.Fitness  - 	 gen: 4 1.0 StmtAppend(200,2) StmtDelete(540) StmtDelete(189) StmtDelete(503) (stored at: variant229)
2809610 [main] ERROR clegoues.genprog4java.rep.JavaRepresentation  - org/jsoup/nodes/Element.java:632: error: cannot find symbol
            } else if (child.tagName.equals("base") || child.tagName.equals("script") || child.tagName.equals("noscript")
                            ^
  symbol:   variable tagName
  location: variable child of type Node
org/jsoup/nodes/Element.java:632: error: cannot find symbol
            } else if (child.tagName.equals("base") || child.tagName.equals("script") || child.tagName.equals("noscript")
                                                            ^
  symbol:   variable tagName
  location: variable child of type Node
org/jsoup/nodes/Element.java:632: error: cannot find symbol
            } else if (child.tagName.equals("base") || child.tagName.equals("script") || child.tagName.equals("noscript")
                                                                                              ^
  symbol:   variable tagName
  location: variable child of type Node
org/jsoup/nodes/Element.java:633: error: cannot find symbol
					|| child.tagName.equals("link") || child.tagName.equals("meta") || child.tagName.equals("title")
					        ^
  symbol:   variable tagName
  location: variable child of type Node
org/jsoup/nodes/Element.java:633: error: cannot find symbol
					|| child.tagName.equals("link") || child.tagName.equals("meta") || child.tagName.equals("title")
					                                        ^
  symbol:   variable tagName
  location: variable child of type Node
org/jsoup/nodes/Element.java:633: error: cannot find symbol
					|| child.tagName.equals("link") || child.tagName.equals("meta") || child.tagName.equals("title")
					                                                                        ^
  symbol:   variable tagName
  location: variable child of type Node
org/jsoup/nodes/Element.java:634: error: cannot find symbol
					|| child.tagName.equals("style") || child.tagName.equals("object")) {
					        ^
  symbol:   variable tagName
  location: variable child of type Node
org/jsoup/nodes/Element.java:634: error: cannot find symbol
					|| child.tagName.equals("style") || child.tagName.equals("object")) {
					                                         ^
  symbol:   variable tagName
  location: variable child of type Node
8 errors

2809610 [main] INFO clegoues.genprog4java.rep.CachingRepresentation  - StmtAppend(200,2) StmtDelete(540) StmtDelete(189) StmtReplace(213,549) at variant230 fails to compile

2809610 [main] INFO clegoues.genprog4java.fitness.Fitness  - 	 gen: 4 0.0 StmtAppend(200,2) StmtDelete(540) StmtDelete(189) StmtReplace(213,549) (stored at: variant230)
2809642 [main] ERROR clegoues.genprog4java.rep.JavaRepresentation  - org/jsoup/nodes/Element.java:129: error: cannot find symbol
			if (children.size() > 0)
			    ^
  symbol:   variable children
  location: class Element
org/jsoup/nodes/Element.java:130: error: incompatible types: unexpected return value
				return getDeepChild(children.get(0));
				                   ^
org/jsoup/nodes/Element.java:130: error: cannot find symbol
				return getDeepChild(children.get(0));
				                    ^
  symbol:   variable children
  location: class Element
org/jsoup/nodes/Element.java:132: error: incompatible types: unexpected return value
				return el;
				       ^
4 errors

2809642 [main] INFO clegoues.genprog4java.rep.CachingRepresentation  - StmtReplace(134,133) StmtReplace(243,243) StmtAppend(662,686) StmtAppend(28,110) at variant231 fails to compile

2809642 [main] INFO clegoues.genprog4java.fitness.Fitness  - 	 gen: 4 0.0 StmtReplace(134,133) StmtReplace(243,243) StmtAppend(662,686) StmtAppend(28,110) (stored at: variant231)
2809655 [main] ERROR clegoues.genprog4java.rep.JavaRepresentation  - org/jsoup/nodes/Element.java:244: error: ';' expected
    public Element appendText(String text) Validate.notNull(html);
                                          ^
1 error

2809655 [main] INFO clegoues.genprog4java.rep.CachingRepresentation  - StmtReplace(548,683) StmtAppend(604,624) StmtDelete(719) StmtDelete(50) StmtReplace(61,70) at variant232 fails to compile

2809655 [main] INFO clegoues.genprog4java.fitness.Fitness  - 	 gen: 4 0.0 StmtReplace(548,683) StmtAppend(604,624) StmtDelete(719) StmtDelete(50) StmtReplace(61,70) (stored at: variant232)
2810293 [main] INFO clegoues.genprog4java.fitness.Fitness  - 	 gen: 4 0.0 StmtReplace(548,683) StmtAppend(604,624) StmtDelete(719) StmtDelete(50) StmtReplace(578,623) (stored at: variant233)
2810320 [main] ERROR clegoues.genprog4java.rep.JavaRepresentation  - org/jsoup/nodes/Element.java:470: error: cannot find symbol
        parent.appendChild(child);
                           ^
  symbol:   variable child
  location: class Element
org/jsoup/nodes/Element.java:470: error: cannot find symbol
        parent.appendChild(child);
        ^
  symbol:   variable parent
  location: class Element
2 errors

2810320 [main] INFO clegoues.genprog4java.rep.CachingRepresentation  - StmtAppend(200,2) StmtReplace(435,405) StmtDelete(605) StmtReplace(153,471) at variant234 fails to compile

2810320 [main] INFO clegoues.genprog4java.fitness.Fitness  - 	 gen: 4 0.0 StmtAppend(200,2) StmtReplace(435,405) StmtDelete(605) StmtReplace(153,471) (stored at: variant234)
2810939 [main] INFO clegoues.genprog4java.fitness.Fitness  - 	 gen: 4 0.0 StmtDelete(305) StmtReplace(711,640) StmtAppend(435,357) StmtDelete(398) StmtDelete(415) (stored at: variant235)
2811542 [main] INFO clegoues.genprog4java.fitness.Fitness  - 	 gen: 4 1.0 StmtDelete(277) StmtDelete(581) StmtDelete(653) (stored at: variant236)
2812373 [main] INFO clegoues.genprog4java.fitness.Fitness  - 	 gen: 4 1.0 StmtReplace(548,683) StmtReplace(134,133) StmtReplace(243,243) StmtDelete(243) StmtAppend(726,634) (stored at: variant237)
2812408 [main] ERROR clegoues.genprog4java.rep.JavaRepresentation  - org/jsoup/nodes/Element.java:244: error: missing return statement
	}
	^
1 error

2812408 [main] INFO clegoues.genprog4java.rep.CachingRepresentation  - StmtReplace(551,642) StmtReplace(681,677) StmtDelete(343) StmtAppend(675,689) StmtDelete(61) at variant238 fails to compile

2812408 [main] INFO clegoues.genprog4java.fitness.Fitness  - 	 gen: 4 0.0 StmtReplace(551,642) StmtReplace(681,677) StmtDelete(343) StmtAppend(675,689) StmtDelete(61) (stored at: variant238)
2909110 [main] INFO clegoues.genprog4java.fitness.Fitness  - 	 gen: 4 1.0 StmtReplace(551,642) StmtReplace(681,677) StmtDelete(343) StmtAppend(675,689) StmtAppend(643,629) (stored at: variant239)
2909141 [main] ERROR clegoues.genprog4java.rep.JavaRepresentation  - org/jsoup/parser/Tag.java:370: error: incompatible types: boolean cannot be converted to Tag
            {for (String name:tagNames){ancestors.add(Tag.valueOf(name));}return false;}
                                                                                 ^
1 error

2909141 [main] INFO clegoues.genprog4java.rep.CachingRepresentation  - StmtReplace(548,683) StmtAppend(604,624) StmtDelete(719) StmtReplace(573,665) StmtAppend(730,485) at variant240 fails to compile

2909141 [main] INFO clegoues.genprog4java.fitness.Fitness  - 	 gen: 4 0.0 StmtReplace(548,683) StmtAppend(604,624) StmtDelete(719) StmtReplace(573,665) StmtAppend(730,485) (stored at: variant240)
2909170 [main] ERROR clegoues.genprog4java.rep.JavaRepresentation  - org/jsoup/parser/Parser.java:226: error: cannot find symbol
            Element implicit = new Element(parentTag, baseUri);
                                           ^
  symbol:   variable parentTag
  location: class Parser
1 error

2909170 [main] INFO clegoues.genprog4java.rep.CachingRepresentation  - StmtReplace(548,683) StmtDelete(671) StmtReplace(460,405) at variant241 fails to compile

2909170 [main] INFO clegoues.genprog4java.fitness.Fitness  - 	 gen: 4 0.0 StmtReplace(548,683) StmtDelete(671) StmtReplace(460,405) (stored at: variant241)
2909773 [main] INFO clegoues.genprog4java.fitness.Fitness  - 	 gen: 4 0.0 StmtReplace(134,133) StmtReplace(243,243) StmtAppend(662,686) StmtReplace(732,684) (stored at: variant242)
2909802 [main] ERROR clegoues.genprog4java.rep.JavaRepresentation  - org/jsoup/nodes/Element.java:117: error: missing return statement
	}
	^
1 error

2909802 [main] INFO clegoues.genprog4java.rep.CachingRepresentation  - StmtReplace(548,683) StmtAppend(604,624) StmtAppend(105,243) StmtDelete(49) StmtDelete(22) at variant243 fails to compile

2909802 [main] INFO clegoues.genprog4java.fitness.Fitness  - 	 gen: 4 0.0 StmtReplace(548,683) StmtAppend(604,624) StmtAppend(105,243) StmtDelete(49) StmtDelete(22) (stored at: variant243)
2910472 [main] INFO clegoues.genprog4java.fitness.Fitness  - 	 gen: 4 0.0 StmtDelete(305) StmtReplace(711,640) StmtAppend(435,357) StmtDelete(398) StmtDelete(533) (stored at: variant244)
2910502 [main] ERROR clegoues.genprog4java.rep.JavaRepresentation  - org/jsoup/nodes/Element.java:318: error: package child does not exist
			if (child.tagName.equals("base") || child.tagName.equals("script") || child.tagName.equals("noscript")
			         ^
org/jsoup/nodes/Element.java:318: error: package child does not exist
			if (child.tagName.equals("base") || child.tagName.equals("script") || child.tagName.equals("noscript")
			                                         ^
org/jsoup/nodes/Element.java:318: error: package child does not exist
			if (child.tagName.equals("base") || child.tagName.equals("script") || child.tagName.equals("noscript")
			                                                                           ^
org/jsoup/nodes/Element.java:319: error: package child does not exist
					|| child.tagName.equals("link") || child.tagName.equals("meta") || child.tagName.equals("title")
					        ^
org/jsoup/nodes/Element.java:319: error: package child does not exist
					|| child.tagName.equals("link") || child.tagName.equals("meta") || child.tagName.equals("title")
					                                        ^
org/jsoup/nodes/Element.java:319: error: package child does not exist
					|| child.tagName.equals("link") || child.tagName.equals("meta") || child.tagName.equals("title")
					                                                                        ^
org/jsoup/nodes/Element.java:320: error: package child does not exist
					|| child.tagName.equals("style") || child.tagName.equals("object")) {
					        ^
org/jsoup/nodes/Element.java:320: error: package child does not exist
					|| child.tagName.equals("style") || child.tagName.equals("object")) {
					                                         ^
org/jsoup/nodes/Element.java:321: error: incompatible types: boolean cannot be converted to Element
				return true;
				       ^
org/jsoup/nodes/Element.java:323: error: incompatible types: boolean cannot be converted to Element
			return false;
			       ^
10 errors

2910502 [main] INFO clegoues.genprog4java.rep.CachingRepresentation  - StmtReplace(548,683) StmtDelete(671) StmtReplace(95,548) at variant245 fails to compile

2910502 [main] INFO clegoues.genprog4java.fitness.Fitness  - 	 gen: 4 0.0 StmtReplace(548,683) StmtDelete(671) StmtReplace(95,548) (stored at: variant245)
2910512 [main] ERROR clegoues.genprog4java.rep.JavaRepresentation  - org/jsoup/nodes/Element.java:34: error: ';' expected
    public Element(Tag tag, String baseUri, Attributes attributes) preserveWhitespace = true;
                                                                  ^
1 error

2910513 [main] INFO clegoues.genprog4java.rep.CachingRepresentation  - StmtReplace(548,683) StmtAppend(604,624) StmtDelete(627) StmtReplace(0,722) at variant246 fails to compile

2910513 [main] INFO clegoues.genprog4java.fitness.Fitness  - 	 gen: 4 0.0 StmtReplace(548,683) StmtAppend(604,624) StmtDelete(627) StmtReplace(0,722) (stored at: variant246)
2911147 [main] INFO clegoues.genprog4java.fitness.Fitness  - 	 gen: 4 1.0 StmtReplace(681,677) StmtAppend(553,615) StmtAppend(586,654) StmtDelete(78) (stored at: variant247)
2911173 [main] ERROR clegoues.genprog4java.rep.JavaRepresentation  - org/jsoup/parser/Parser.java:35: error: cannot find symbol
			popStackToClose(tag);
			                ^
  symbol:   variable tag
  location: class Parser
1 error

2911173 [main] INFO clegoues.genprog4java.rep.CachingRepresentation  - StmtReplace(681,677) StmtAppend(553,615) StmtAppend(192,49) StmtAppend(322,406) at variant248 fails to compile

2911173 [main] INFO clegoues.genprog4java.fitness.Fitness  - 	 gen: 4 0.0 StmtReplace(681,677) StmtAppend(553,615) StmtAppend(192,49) StmtAppend(322,406) (stored at: variant248)
2911801 [main] INFO clegoues.genprog4java.fitness.Fitness  - 	 gen: 4 1.0 StmtDelete(277) StmtReplace(649,682) StmtDelete(428) (stored at: variant249)
2912436 [main] INFO clegoues.genprog4java.fitness.Fitness  - 	 gen: 4 1.0 StmtReplace(548,683) StmtReplace(134,133) StmtReplace(243,243) StmtDelete(462) StmtDelete(716) (stored at: variant250)
2912461 [main] ERROR clegoues.genprog4java.rep.JavaRepresentation  - org/jsoup/parser/Tag.java:111: error: unreachable statement
		createBlock("H2").setContainInlineOnly();
		^
org/jsoup/parser/Tag.java:112: error: missing return statement
	}
	^
2 errors

2912461 [main] INFO clegoues.genprog4java.rep.CachingRepresentation  - StmtDelete(616) StmtAppend(558,651) at variant251 fails to compile

2912461 [main] INFO clegoues.genprog4java.fitness.Fitness  - 	 gen: 4 0.0 StmtDelete(616) StmtAppend(558,651) (stored at: variant251)
2912486 [main] ERROR clegoues.genprog4java.rep.JavaRepresentation  - org/jsoup/parser/Parser.java:38: error: incompatible types: unexpected return value
				return true;
				       ^
1 error

2912486 [main] INFO clegoues.genprog4java.rep.CachingRepresentation  - StmtReplace(548,683) StmtReplace(134,133) StmtReplace(243,243) StmtDelete(243) StmtReplace(326,550) at variant252 fails to compile

2912486 [main] INFO clegoues.genprog4java.fitness.Fitness  - 	 gen: 4 0.0 StmtReplace(548,683) StmtReplace(134,133) StmtReplace(243,243) StmtDelete(243) StmtReplace(326,550) (stored at: variant252)
2913033 [main] INFO clegoues.genprog4java.fitness.Fitness  - 	 gen: 4 0.0 StmtReplace(548,683) StmtReplace(134,133) StmtReplace(243,243) StmtDelete(462) StmtDelete(530) (stored at: variant253)
2913638 [main] INFO clegoues.genprog4java.fitness.Fitness  - 	 gen: 4 1.0 StmtDelete(413) (stored at: variant254)
2914261 [main] INFO clegoues.genprog4java.fitness.Fitness  - 	 gen: 4 1.0 StmtAppend(200,2) StmtReplace(435,405) StmtReplace(134,133) StmtReplace(243,243) StmtDelete(462) StmtReplace(583,646) (stored at: variant255)
2914291 [main] ERROR clegoues.genprog4java.rep.JavaRepresentation  - org/jsoup/nodes/Element.java:425: error: incompatible types: boolean cannot be converted to Elements
				return true;
				       ^
1 error

2914291 [main] INFO clegoues.genprog4java.rep.CachingRepresentation  - StmtReplace(548,683) StmtReplace(711,640) StmtAppend(435,357) StmtDelete(398) StmtAppend(141,483) at variant256 fails to compile

2914292 [main] INFO clegoues.genprog4java.fitness.Fitness  - 	 gen: 4 0.0 StmtReplace(548,683) StmtReplace(711,640) StmtAppend(435,357) StmtDelete(398) StmtAppend(141,483) (stored at: variant256)
2914997 [main] INFO clegoues.genprog4java.fitness.Fitness  - 	 gen: 4 1.0 StmtDelete(627) StmtAppend(305,303) (stored at: variant257)
2915015 [main] ERROR clegoues.genprog4java.rep.JavaRepresentation  - org/jsoup/parser/Parser.java:274: error: ';' expected
    private Element popStackToClose(Tag tag) tq.consume("<");
                                            ^
1 error

2915015 [main] INFO clegoues.genprog4java.rep.CachingRepresentation  - StmtReplace(548,683) StmtAppend(604,624) StmtReplace(681,677) StmtDelete(343) StmtAppend(675,689) StmtReplace(493,380) at variant258 fails to compile

2915015 [main] INFO clegoues.genprog4java.fitness.Fitness  - 	 gen: 4 0.0 StmtReplace(548,683) StmtAppend(604,624) StmtReplace(681,677) StmtDelete(343) StmtAppend(675,689) StmtReplace(493,380) (stored at: variant258)
2915797 [main] INFO clegoues.genprog4java.fitness.Fitness  - 	 gen: 4 1.0 StmtDelete(297) StmtReplace(722,525) (stored at: variant259)
2915825 [main] ERROR clegoues.genprog4java.rep.JavaRepresentation  - org/jsoup/parser/Parser.java:165: error: cannot find symbol
                dataNode = TextNode.createFromEncoded(data, baseUri);
                                                      ^
  symbol:   variable data
  location: class Parser
org/jsoup/parser/Parser.java:167: error: cannot find symbol
                dataNode = new DataNode(data, baseUri); // data not encoded but raw (for " in script)
                                        ^
  symbol:   variable data
  location: class Parser
2 errors

2915825 [main] INFO clegoues.genprog4java.rep.CachingRepresentation  - StmtReplace(134,133) StmtReplace(681,677) StmtDelete(343) StmtAppend(675,689) StmtReplace(404,413) at variant260 fails to compile

2915825 [main] INFO clegoues.genprog4java.fitness.Fitness  - 	 gen: 4 0.0 StmtReplace(134,133) StmtReplace(681,677) StmtDelete(343) StmtAppend(675,689) StmtReplace(404,413) (stored at: variant260)
2916461 [main] INFO clegoues.genprog4java.fitness.Fitness  - 	 gen: 4 0.0 StmtAppend(662,686) StmtDelete(487) (stored at: variant261)
2917117 [main] INFO clegoues.genprog4java.fitness.Fitness  - 	 gen: 4 0.0 StmtDelete(719) StmtReplace(573,665) StmtDelete(643) (stored at: variant262)
2917148 [main] ERROR clegoues.genprog4java.rep.JavaRepresentation  - org/jsoup/nodes/Element.java:126: error: cannot find symbol
				TextNode node = new TextNode(text, baseUri());
				                             ^
  symbol:   variable text
  location: class Element
org/jsoup/nodes/Element.java:126: error: non-static method baseUri() cannot be referenced from a static context
				TextNode node = new TextNode(text, baseUri());
				                                   ^
org/jsoup/nodes/Element.java:127: error: non-static method prependChild(Node) cannot be referenced from a static context
				prependChild(node);
				^
org/jsoup/nodes/Element.java:128: error: incompatible types: unexpected return value
				return this;
				       ^
org/jsoup/nodes/Element.java:131: error: cannot find symbol
        if (parent != null && !parent.tagName().equals("#root")) {
            ^
  symbol:   variable parent
  location: class Element
org/jsoup/nodes/Element.java:131: error: cannot find symbol
        if (parent != null && !parent.tagName().equals("#root")) {
                               ^
  symbol:   variable parent
  location: class Element
org/jsoup/nodes/Element.java:132: error: cannot find symbol
            parents.add(parent);
                        ^
  symbol:   variable parent
  location: class Element
org/jsoup/nodes/Element.java:133: error: cannot find symbol
            accumulateParents(parent, parents);
                              ^
  symbol:   variable parent
  location: class Element
8 errors

2917148 [main] INFO clegoues.genprog4java.rep.CachingRepresentation  - StmtReplace(548,683) StmtAppend(604,624) StmtDelete(719) StmtDelete(297) StmtAppend(27,65) at variant263 fails to compile

2917148 [main] INFO clegoues.genprog4java.fitness.Fitness  - 	 gen: 4 0.0 StmtReplace(548,683) StmtAppend(604,624) StmtDelete(719) StmtDelete(297) StmtAppend(27,65) (stored at: variant263)
2917203 [main] ERROR clegoues.genprog4java.rep.JavaRepresentation  - org/jsoup/nodes/Element.java:322: error: cannot find symbol
        deepest.addChild(this);
        ^
  symbol:   variable deepest
  location: class Element
1 error

2917203 [main] INFO clegoues.genprog4java.rep.CachingRepresentation  - StmtDelete(277) StmtReplace(711,640) StmtAppend(435,357) StmtDelete(398) StmtReplace(97,115) at variant264 fails to compile

2917203 [main] INFO clegoues.genprog4java.fitness.Fitness  - 	 gen: 4 0.0 StmtDelete(277) StmtReplace(711,640) StmtAppend(435,357) StmtDelete(398) StmtReplace(97,115) (stored at: variant264)
2917230 [main] ERROR clegoues.genprog4java.rep.JavaRepresentation  - org/jsoup/nodes/Element.java:802: error: cannot find symbol
				return isBlock;
				       ^
  symbol:   variable isBlock
  location: class Element
org/jsoup/nodes/Element.java:805: error: cannot find symbol
        html(accum); 
             ^
  symbol:   variable accum
  location: class Element
org/jsoup/nodes/Element.java:806: error: cannot find symbol
        return accum.toString().trim();
               ^
  symbol:   variable accum
  location: class Element
3 errors

2917230 [main] INFO clegoues.genprog4java.rep.CachingRepresentation  - StmtAppend(290,558) at variant265 fails to compile

2917230 [main] INFO clegoues.genprog4java.fitness.Fitness  - 	 gen: 4 0.0 StmtAppend(290,558) (stored at: variant265)
2917265 [main] ERROR clegoues.genprog4java.rep.JavaRepresentation  - org/jsoup/nodes/Element.java:382: error: missing return statement
    }
    ^
1 error

2917265 [main] INFO clegoues.genprog4java.rep.CachingRepresentation  - StmtAppend(604,624) StmtDelete(627) StmtDelete(128) at variant266 fails to compile

2917265 [main] INFO clegoues.genprog4java.fitness.Fitness  - 	 gen: 4 0.0 StmtAppend(604,624) StmtDelete(627) StmtDelete(128) (stored at: variant266)
2917298 [main] ERROR clegoues.genprog4java.rep.JavaRepresentation  - org/jsoup/nodes/Element.java:411: error: cannot find symbol
        return siblings.size() > 1 ? siblings.get(siblings.size() - 1) : null;
               ^
  symbol:   variable siblings
  location: class Element
org/jsoup/nodes/Element.java:411: error: cannot find symbol
        return siblings.size() > 1 ? siblings.get(siblings.size() - 1) : null;
                                                  ^
  symbol:   variable siblings
  location: class Element
org/jsoup/nodes/Element.java:411: error: cannot find symbol
        return siblings.size() > 1 ? siblings.get(siblings.size() - 1) : null;
                                     ^
  symbol:   variable siblings
  location: class Element
3 errors

2917298 [main] INFO clegoues.genprog4java.rep.CachingRepresentation  - StmtDelete(540) StmtDelete(189) StmtDelete(137) at variant267 fails to compile

2917298 [main] INFO clegoues.genprog4java.fitness.Fitness  - 	 gen: 4 0.0 StmtDelete(540) StmtDelete(189) StmtDelete(137) (stored at: variant267)
2917914 [main] INFO clegoues.genprog4java.fitness.Fitness  - 	 gen: 4 1.0 StmtAppend(192,49) StmtReplace(218,551) (stored at: variant268)
2917939 [main] ERROR clegoues.genprog4java.rep.JavaRepresentation  - org/jsoup/parser/Parser.java:259: error: call to this must be first statement in constructor
				this(tag, baseUri, new Attributes());
				    ^
1 error

2917939 [main] INFO clegoues.genprog4java.rep.CachingRepresentation  - StmtReplace(681,677) StmtAppend(604,624) StmtDelete(719) StmtDelete(297) StmtReplace(483,4) at variant269 fails to compile

2917939 [main] INFO clegoues.genprog4java.fitness.Fitness  - 	 gen: 4 0.0 StmtReplace(681,677) StmtAppend(604,624) StmtDelete(719) StmtDelete(297) StmtReplace(483,4) (stored at: variant269)
2917965 [main] ERROR clegoues.genprog4java.rep.JavaRepresentation  - org/jsoup/parser/Tag.java:248: error: non-static variable tagName cannot be referenced from a static context
				Tag tag = tags.get(tagName);
				                   ^
org/jsoup/parser/Tag.java:250: error: non-static variable tagName cannot be referenced from a static context
					tag = new Tag(tagName);
					              ^
org/jsoup/parser/Tag.java:255: error: return outside method
				return tag;
				^
3 errors

2917965 [main] INFO clegoues.genprog4java.rep.CachingRepresentation  - StmtReplace(649,682) StmtAppend(637,527) at variant270 fails to compile

2917965 [main] INFO clegoues.genprog4java.fitness.Fitness  - 	 gen: 4 0.0 StmtReplace(649,682) StmtAppend(637,527) (stored at: variant270)
2918599 [main] INFO clegoues.genprog4java.fitness.Fitness  - 	 gen: 4 0.0 StmtDelete(540) StmtDelete(189) StmtAppend(655,618) (stored at: variant271)
2919235 [main] INFO clegoues.genprog4java.fitness.Fitness  - 	 gen: 4 1.0 StmtDelete(462) StmtReplace(639,660) (stored at: variant272)
2919265 [main] ERROR clegoues.genprog4java.rep.JavaRepresentation  - org/jsoup/nodes/Element.java:124: error: non-static variable this cannot be referenced from a static context
        if (this.tagName.equals("head")) {
            ^
org/jsoup/nodes/Element.java:124: error: cannot find symbol
        if (this.tagName.equals("head")) {
                ^
  symbol: variable tagName
org/jsoup/nodes/Element.java:125: error: package child does not exist
			if (child.tagName.equals("base") || child.tagName.equals("script") || child.tagName.equals("noscript")
			         ^
org/jsoup/nodes/Element.java:125: error: package child does not exist
			if (child.tagName.equals("base") || child.tagName.equals("script") || child.tagName.equals("noscript")
			                                         ^
org/jsoup/nodes/Element.java:125: error: package child does not exist
			if (child.tagName.equals("base") || child.tagName.equals("script") || child.tagName.equals("noscript")
			                                                                           ^
org/jsoup/nodes/Element.java:126: error: package child does not exist
					|| child.tagName.equals("link") || child.tagName.equals("meta") || child.tagName.equals("title")
					        ^
org/jsoup/nodes/Element.java:126: error: package child does not exist
					|| child.tagName.equals("link") || child.tagName.equals("meta") || child.tagName.equals("title")
					                                        ^
org/jsoup/nodes/Element.java:126: error: package child does not exist
					|| child.tagName.equals("link") || child.tagName.equals("meta") || child.tagName.equals("title")
					                                                                        ^
org/jsoup/nodes/Element.java:127: error: package child does not exist
					|| child.tagName.equals("style") || child.tagName.equals("object")) {
					        ^
org/jsoup/nodes/Element.java:127: error: package child does not exist
					|| child.tagName.equals("style") || child.tagName.equals("object")) {
					                                         ^
org/jsoup/nodes/Element.java:128: error: incompatible types: unexpected return value
				return true;
				       ^
org/jsoup/nodes/Element.java:130: error: incompatible types: unexpected return value
			return false;
			       ^
12 errors

2919265 [main] INFO clegoues.genprog4java.rep.CachingRepresentation  - StmtReplace(548,683) StmtReplace(134,133) StmtDelete(540) StmtDelete(189) StmtReplace(28,547) at variant273 fails to compile

2919266 [main] INFO clegoues.genprog4java.fitness.Fitness  - 	 gen: 4 0.0 StmtReplace(548,683) StmtReplace(134,133) StmtDelete(540) StmtDelete(189) StmtReplace(28,547) (stored at: variant273)
2919266 [main] INFO clegoues.genprog4java.Search.Search  - search: generation5
2920269 [main] ERROR clegoues.genprog4java.rep.JavaRepresentation  - org/jsoup/parser/Tag.java:217: error: non-static variable canContainInline cannot be referenced from a static context
        canContainInline = false;
        ^
1 error

2920269 [main] INFO clegoues.genprog4java.rep.CachingRepresentation  - StmtDelete(627) StmtAppend(305,303) StmtReplace(616,710) at variant274 fails to compile

2920269 [main] INFO clegoues.genprog4java.fitness.Fitness  - 	 gen: 5 0.0 StmtDelete(627) StmtAppend(305,303) StmtReplace(616,710) (stored at: variant274)
2920293 [main] ERROR clegoues.genprog4java.rep.JavaRepresentation  - org/jsoup/parser/Parser.java:127: error: cannot find symbol
        if (last().tag().canContain(tag))
                                    ^
  symbol:   variable tag
  location: class Parser
org/jsoup/parser/Parser.java:128: error: incompatible types: unexpected return value
			return last();
			           ^
2 errors

2920293 [main] INFO clegoues.genprog4java.rep.CachingRepresentation  - StmtReplace(551,642) StmtReplace(681,677) StmtDelete(343) StmtAppend(675,689) StmtAppend(643,629) StmtReplace(382,489) at variant275 fails to compile

2920293 [main] INFO clegoues.genprog4java.fitness.Fitness  - 	 gen: 5 0.0 StmtReplace(551,642) StmtReplace(681,677) StmtDelete(343) StmtAppend(675,689) StmtAppend(643,629) StmtReplace(382,489) (stored at: variant275)
2920317 [main] ERROR clegoues.genprog4java.rep.JavaRepresentation  - org/jsoup/parser/Parser.java:266: error: missing return statement
	}
	^
1 error

2920317 [main] INFO clegoues.genprog4java.rep.CachingRepresentation  - StmtDelete(277) StmtDelete(581) StmtDelete(653) StmtDelete(486) at variant276 fails to compile

2920317 [main] INFO clegoues.genprog4java.fitness.Fitness  - 	 gen: 5 0.0 StmtDelete(277) StmtDelete(581) StmtDelete(653) StmtDelete(486) (stored at: variant276)
2920872 [main] INFO clegoues.genprog4java.fitness.Fitness  - 	 gen: 5 0.0 StmtDelete(725) StmtReplace(705,140) StmtDelete(438) (stored at: variant277)
2920899 [main] ERROR clegoues.genprog4java.rep.JavaRepresentation  - org/jsoup/nodes/Element.java:360: error: missing return statement
	}
	^
1 error

2920899 [main] INFO clegoues.genprog4java.rep.CachingRepresentation  - StmtAppend(200,2) StmtDelete(540) StmtDelete(189) StmtDelete(200) StmtDelete(115) at variant278 fails to compile

2920899 [main] INFO clegoues.genprog4java.fitness.Fitness  - 	 gen: 5 0.0 StmtAppend(200,2) StmtDelete(540) StmtDelete(189) StmtDelete(200) StmtDelete(115) (stored at: variant278)
2921579 [main] INFO clegoues.genprog4java.fitness.Fitness  - 	 gen: 5 0.0 StmtDelete(462) StmtReplace(639,660) StmtAppend(432,340) (stored at: variant279)
3017985 [main] INFO clegoues.genprog4java.fitness.Fitness  - 	 gen: 5 1.0 StmtReplace(551,642) StmtReplace(681,677) StmtDelete(343) StmtAppend(675,689) StmtAppend(643,629) StmtReplace(576,620) (stored at: variant280)
3018011 [main] ERROR clegoues.genprog4java.rep.JavaRepresentation  - org/jsoup/nodes/Element.java:122: error: cannot find symbol
		Validate.notEmpty(className);
		                  ^
  symbol:   variable className
  location: class Element
1 error

3018012 [main] INFO clegoues.genprog4java.rep.CachingRepresentation  - StmtDelete(462) StmtReplace(639,660) StmtAppend(22,150) at variant281 fails to compile

3018012 [main] INFO clegoues.genprog4java.fitness.Fitness  - 	 gen: 5 0.0 StmtDelete(462) StmtReplace(639,660) StmtAppend(22,150) (stored at: variant281)
3018173 [main] INFO clegoues.genprog4java.fitness.Fitness  - 	 gen: 5 1.0 StmtDelete(413) StmtDelete(413) (stored at: variant282)
3018200 [main] ERROR clegoues.genprog4java.rep.JavaRepresentation  - org/jsoup/nodes/Element.java:379: error: cannot find symbol
			tagName = tagName.toLowerCase().trim();
			^
  symbol:   variable tagName
  location: class Element
org/jsoup/nodes/Element.java:379: error: cannot find symbol
			tagName = tagName.toLowerCase().trim();
			          ^
  symbol:   variable tagName
  location: class Element
2 errors

3018200 [main] INFO clegoues.genprog4java.rep.CachingRepresentation  - StmtDelete(627) StmtAppend(305,303) StmtAppend(125,141) at variant283 fails to compile

3018201 [main] INFO clegoues.genprog4java.fitness.Fitness  - 	 gen: 5 0.0 StmtDelete(627) StmtAppend(305,303) StmtAppend(125,141) (stored at: variant283)
3018772 [main] INFO clegoues.genprog4java.fitness.Fitness  - 	 gen: 5 1.0 StmtReplace(548,683) StmtReplace(134,133) StmtReplace(243,243) StmtDelete(243) StmtDelete(612) StmtDelete(624) (stored at: variant284)
3018797 [main] ERROR clegoues.genprog4java.rep.JavaRepresentation  - org/jsoup/parser/Tag.java:264: error: non-static variable canContainBlock cannot be referenced from a static context
        canContainBlock = false;
        ^
1 error

3018798 [main] INFO clegoues.genprog4java.rep.CachingRepresentation  - StmtReplace(548,683) StmtAppend(604,624) StmtDelete(719) StmtAppend(710,627) StmtReplace(547,661) StmtReplace(653,709) at variant285 fails to compile

3018798 [main] INFO clegoues.genprog4java.fitness.Fitness  - 	 gen: 5 0.0 StmtReplace(548,683) StmtAppend(604,624) StmtDelete(719) StmtAppend(710,627) StmtReplace(547,661) StmtReplace(653,709) (stored at: variant285)
3019386 [main] INFO clegoues.genprog4java.fitness.Fitness  - 	 gen: 5 0.0 StmtDelete(277) StmtReplace(649,682) StmtDelete(428) StmtAppend(406,473) (stored at: variant286)
3019412 [main] ERROR clegoues.genprog4java.rep.JavaRepresentation  - org/jsoup/nodes/Element.java:246: error: cannot find symbol
        appendChild(node);
                    ^
  symbol:   variable node
  location: class Element
1 error

3019412 [main] INFO clegoues.genprog4java.rep.CachingRepresentation  - StmtDelete(277) StmtDelete(581) StmtDelete(653) StmtDelete(62) at variant287 fails to compile

3019412 [main] INFO clegoues.genprog4java.fitness.Fitness  - 	 gen: 5 0.0 StmtDelete(277) StmtDelete(581) StmtDelete(653) StmtDelete(62) (stored at: variant287)
3115820 [main] INFO clegoues.genprog4java.fitness.Fitness  - 	 gen: 5 1.0 StmtReplace(551,642) StmtReplace(681,677) StmtDelete(343) StmtAppend(675,689) StmtAppend(643,629) StmtAppend(88,23) (stored at: variant288)
3116458 [main] INFO clegoues.genprog4java.fitness.Fitness  - 	 gen: 5 1.0 StmtDelete(413) StmtAppend(538,653) (stored at: variant289)
3117089 [main] INFO clegoues.genprog4java.fitness.Fitness  - 	 gen: 5 0.0 StmtDelete(297) StmtReplace(722,525) StmtDelete(322) (stored at: variant290)
3117979 [main] INFO clegoues.genprog4java.fitness.Fitness  - 	 gen: 5 1.0 StmtAppend(200,2) StmtDelete(540) StmtDelete(189) StmtDelete(200) StmtAppend(647,627) (stored at: variant291)
3118014 [main] ERROR clegoues.genprog4java.rep.JavaRepresentation  - org/jsoup/nodes/Element.java:445: error: missing return statement
    }
    ^
1 error

3118014 [main] INFO clegoues.genprog4java.rep.CachingRepresentation  - StmtReplace(548,683) StmtReplace(134,133) StmtReplace(243,243) StmtDelete(243) StmtDelete(612) StmtDelete(147) at variant292 fails to compile

3118014 [main] INFO clegoues.genprog4java.fitness.Fitness  - 	 gen: 5 0.0 StmtReplace(548,683) StmtReplace(134,133) StmtReplace(243,243) StmtDelete(243) StmtDelete(612) StmtDelete(147) (stored at: variant292)
3118655 [main] INFO clegoues.genprog4java.fitness.Fitness  - 	 gen: 5 1.0 StmtReplace(681,677) StmtAppend(553,615) StmtAppend(586,654) StmtDelete(78) StmtAppend(677,611) (stored at: variant293)
3119254 [main] INFO clegoues.genprog4java.fitness.Fitness  - 	 gen: 5 1.0 StmtAppend(192,49) StmtReplace(218,551) StmtReplace(417,49) (stored at: variant294)
3120144 [main] INFO clegoues.genprog4java.fitness.Fitness  - 	 gen: 5 0.0 StmtAppend(200,2) StmtReplace(435,405) StmtReplace(134,133) StmtReplace(243,243) StmtDelete(462) StmtReplace(583,646) StmtDelete(287) (stored at: variant295)
3120798 [main] INFO clegoues.genprog4java.fitness.Fitness  - 	 gen: 5 1.0 StmtReplace(548,683) StmtReplace(134,133) StmtReplace(243,243) StmtDelete(243) StmtAppend(726,634) StmtDelete(439) (stored at: variant296)
3121623 [main] INFO clegoues.genprog4java.fitness.Fitness  - 	 gen: 5 1.0 StmtAppend(192,49) StmtReplace(218,551) StmtDelete(546) (stored at: variant297)
3121651 [main] ERROR clegoues.genprog4java.rep.JavaRepresentation  - org/jsoup/nodes/Element.java:377: error: cannot find symbol
        Integer index = indexInList(this, siblings);
                                          ^
  symbol:   variable siblings
  location: class Element
org/jsoup/nodes/Element.java:380: error: cannot find symbol
            return siblings.get(index-1);
                   ^
  symbol:   variable siblings
  location: class Element
2 errors

3121651 [main] INFO clegoues.genprog4java.rep.CachingRepresentation  - StmtDelete(725) StmtReplace(705,140) StmtDelete(123) at variant298 fails to compile

3121651 [main] INFO clegoues.genprog4java.fitness.Fitness  - 	 gen: 5 0.0 StmtDelete(725) StmtReplace(705,140) StmtDelete(123) (stored at: variant298)
3122260 [main] INFO clegoues.genprog4java.fitness.Fitness  - 	 gen: 5 1.0 StmtDelete(627) StmtAppend(305,303) StmtDelete(651) (stored at: variant299)
3122292 [main] ERROR clegoues.genprog4java.rep.JavaRepresentation  - org/jsoup/nodes/Element.java:258: error: cannot find symbol
			Validate.notEmpty(html);
			                  ^
  symbol:   variable html
  location: class Element
org/jsoup/nodes/Element.java:259: error: cannot find symbol
			Element wrapBody = Parser.parseBodyFragment(html, baseUri).body();
			                                            ^
  symbol:   variable html
  location: class Element
2 errors

3122292 [main] INFO clegoues.genprog4java.rep.CachingRepresentation  - StmtAppend(192,49) StmtReplace(218,551) StmtReplace(67,90) at variant300 fails to compile

3122292 [main] INFO clegoues.genprog4java.fitness.Fitness  - 	 gen: 5 0.0 StmtAppend(192,49) StmtReplace(218,551) StmtReplace(67,90) (stored at: variant300)
3123182 [main] INFO clegoues.genprog4java.fitness.Fitness  - 	 gen: 5 0.0 StmtDelete(277) StmtDelete(581) StmtDelete(653) StmtDelete(190) (stored at: variant301)
3123213 [main] ERROR clegoues.genprog4java.rep.JavaRepresentation  - org/jsoup/nodes/Element.java:690: error: cannot find symbol
        Validate.notNull(html);
                         ^
  symbol:   variable html
  location: class Element
1 error

3123213 [main] INFO clegoues.genprog4java.rep.CachingRepresentation  - StmtAppend(192,49) StmtReplace(218,551) StmtReplace(242,78) at variant302 fails to compile

3123213 [main] INFO clegoues.genprog4java.fitness.Fitness  - 	 gen: 5 0.0 StmtAppend(192,49) StmtReplace(218,551) StmtReplace(242,78) (stored at: variant302)
3123245 [main] ERROR clegoues.genprog4java.rep.JavaRepresentation  - org/jsoup/nodes/Element.java:34: error: no suitable constructor found for Node(no arguments)
    public Element(Tag tag, String baseUri, Attributes attributes) {
                                                                   ^
    constructor Node.Node(String,Attributes) is not applicable
      (actual and formal argument lists differ in length)
    constructor Node.Node(String) is not applicable
      (actual and formal argument lists differ in length)
org/jsoup/nodes/Element.java:36: error: call to super must be first statement in constructor
			super(baseUri, attributes);
			     ^
org/jsoup/nodes/Element.java:37: error: cannot find symbol
			Validate.notNull(html);
			                 ^
  symbol:   variable html
  location: class Element
3 errors

3123245 [main] INFO clegoues.genprog4java.rep.CachingRepresentation  - StmtDelete(277) StmtReplace(649,682) StmtDelete(428) StmtAppend(1,70) at variant303 fails to compile

3123245 [main] INFO clegoues.genprog4java.fitness.Fitness  - 	 gen: 5 0.0 StmtDelete(277) StmtReplace(649,682) StmtDelete(428) StmtAppend(1,70) (stored at: variant303)
3123906 [main] INFO clegoues.genprog4java.fitness.Fitness  - 	 gen: 5 1.0 StmtReplace(548,683) StmtReplace(134,133) StmtReplace(243,243) StmtDelete(462) StmtDelete(716) StmtAppend(214,214) (stored at: variant304)
3124179 [main] INFO clegoues.genprog4java.fitness.Fitness  - 	 gen: 5 0.0 StmtDelete(277) StmtReplace(649,682) StmtDelete(428) StmtAppend(278,521) (stored at: variant305)
3124208 [main] ERROR clegoues.genprog4java.rep.JavaRepresentation  - org/jsoup/parser/Tag.java:299: error: non-static variable tagName cannot be referenced from a static context
        tagName = tagName.trim().toLowerCase();
        ^
org/jsoup/parser/Tag.java:299: error: non-static variable tagName cannot be referenced from a static context
        tagName = tagName.trim().toLowerCase();
                  ^
2 errors

3124208 [main] INFO clegoues.genprog4java.rep.CachingRepresentation  - StmtReplace(551,642) StmtReplace(681,677) StmtDelete(343) StmtAppend(675,689) StmtAppend(643,629) StmtReplace(675,525) at variant306 fails to compile

3124208 [main] INFO clegoues.genprog4java.fitness.Fitness  - 	 gen: 5 0.0 StmtReplace(551,642) StmtReplace(681,677) StmtDelete(343) StmtAppend(675,689) StmtAppend(643,629) StmtReplace(675,525) (stored at: variant306)
3124236 [main] ERROR clegoues.genprog4java.rep.JavaRepresentation  - org/jsoup/nodes/Element.java:787: error: cannot find symbol
				child.setParentNode(this);
				^
  symbol:   variable child
  location: class Element
1 error

3124236 [main] INFO clegoues.genprog4java.rep.CachingRepresentation  - StmtDelete(277) StmtDelete(581) StmtDelete(653) StmtAppend(285,45) at variant307 fails to compile

3124236 [main] INFO clegoues.genprog4java.fitness.Fitness  - 	 gen: 5 0.0 StmtDelete(277) StmtDelete(581) StmtDelete(653) StmtAppend(285,45) (stored at: variant307)
3124264 [main] ERROR clegoues.genprog4java.rep.JavaRepresentation  - org/jsoup/parser/Parser.java:264: error: missing return statement
    }
    ^
1 error

3124265 [main] INFO clegoues.genprog4java.rep.CachingRepresentation  - StmtReplace(548,683) StmtAppend(604,624) StmtDelete(719) StmtAppend(710,627) StmtReplace(547,661) StmtDelete(485) at variant308 fails to compile

3124265 [main] INFO clegoues.genprog4java.fitness.Fitness  - 	 gen: 5 0.0 StmtReplace(548,683) StmtAppend(604,624) StmtDelete(719) StmtAppend(710,627) StmtReplace(547,661) StmtDelete(485) (stored at: variant308)
3124905 [main] INFO clegoues.genprog4java.fitness.Fitness  - 	 gen: 5 0.0 StmtDelete(725) StmtReplace(705,140) StmtReplace(555,664) (stored at: variant309)
3124937 [main] ERROR clegoues.genprog4java.rep.JavaRepresentation  - org/jsoup/nodes/Element.java:246: error: cannot find symbol
        appendChild(node);
                    ^
  symbol:   variable node
  location: class Element
1 error

3124937 [main] INFO clegoues.genprog4java.rep.CachingRepresentation  - StmtReplace(548,683) StmtAppend(604,624) StmtDelete(719) StmtAppend(710,627) StmtReplace(547,661) StmtDelete(62) at variant310 fails to compile

3124938 [main] INFO clegoues.genprog4java.fitness.Fitness  - 	 gen: 5 0.0 StmtReplace(548,683) StmtAppend(604,624) StmtDelete(719) StmtAppend(710,627) StmtReplace(547,661) StmtDelete(62) (stored at: variant310)
3125640 [main] INFO clegoues.genprog4java.fitness.Fitness  - 	 gen: 5 1.0 StmtAppend(200,2) StmtReplace(435,405) StmtReplace(134,133) StmtReplace(243,243) StmtDelete(462) StmtReplace(583,646) StmtAppend(209,213) (stored at: variant311)
3126351 [main] INFO clegoues.genprog4java.fitness.Fitness  - 	 gen: 5 1.0 StmtReplace(548,683) StmtReplace(134,133) StmtReplace(243,243) StmtDelete(243) StmtAppend(726,634) StmtDelete(443) (stored at: variant312)
3126623 [main] INFO clegoues.genprog4java.fitness.Fitness  - 	 gen: 5 1.0 StmtDelete(297) StmtReplace(722,525) StmtReplace(201,201) (stored at: variant313)
3127398 [main] INFO clegoues.genprog4java.fitness.Fitness  - 	 gen: 5 1.0 StmtDelete(207) (stored at: variant314)
3128057 [main] INFO clegoues.genprog4java.fitness.Fitness  - 	 gen: 5 1.0 StmtAppend(192,49) StmtAppend(305,303) StmtReplace(574,654) (stored at: variant315)
3128087 [main] ERROR clegoues.genprog4java.rep.JavaRepresentation  - org/jsoup/nodes/Element.java:327: error: cannot find symbol
                Validate.notEmpty(id);
                                  ^
  symbol:   variable id
  location: class Element
org/jsoup/nodes/Element.java:328: error: cannot find symbol
                remainder.parentNode.removeChild(remainder);
                                                 ^
  symbol:   variable remainder
  location: class Element
org/jsoup/nodes/Element.java:328: error: package remainder does not exist
                remainder.parentNode.removeChild(remainder);
                         ^
org/jsoup/nodes/Element.java:329: error: cannot find symbol
                wrap.appendChild(remainder);
                                 ^
  symbol:   variable remainder
  location: class Element
4 errors

3128087 [main] INFO clegoues.genprog4java.rep.CachingRepresentation  - StmtReplace(551,642) StmtReplace(681,677) StmtReplace(435,405) StmtReplace(134,133) StmtReplace(243,243) StmtDelete(462) StmtReplace(583,646) StmtReplace(104,144) at variant316 fails to compile

3128087 [main] INFO clegoues.genprog4java.fitness.Fitness  - 	 gen: 5 0.0 StmtReplace(551,642) StmtReplace(681,677) StmtReplace(435,405) StmtReplace(134,133) StmtReplace(243,243) StmtDelete(462) StmtReplace(583,646) StmtReplace(104,144) (stored at: variant316)
3128995 [main] INFO clegoues.genprog4java.fitness.Fitness  - 	 gen: 5 1.0 StmtAppend(675,689) StmtAppend(643,629) StmtDelete(719) (stored at: variant317)
3129623 [main] INFO clegoues.genprog4java.fitness.Fitness  - 	 gen: 5 0.0 StmtReplace(243,243) StmtDelete(243) StmtAppend(726,634) StmtReplace(612,662) (stored at: variant318)
3130235 [main] INFO clegoues.genprog4java.fitness.Fitness  - 	 gen: 5 1.0 StmtReplace(548,683) StmtDelete(581) StmtDelete(653) StmtReplace(657,688) (stored at: variant319)
3130261 [main] ERROR clegoues.genprog4java.rep.JavaRepresentation  - org/jsoup/parser/Parser.java:94: error: incompatible types: missing return value
				return;
				^
1 error

3130261 [main] INFO clegoues.genprog4java.rep.CachingRepresentation  - StmtReplace(218,551) StmtAppend(337,383) at variant320 fails to compile

3130261 [main] INFO clegoues.genprog4java.fitness.Fitness  - 	 gen: 5 0.0 StmtReplace(218,551) StmtAppend(337,383) (stored at: variant320)
3130296 [main] ERROR clegoues.genprog4java.rep.JavaRepresentation  - org/jsoup/nodes/Element.java:597: error: cannot find symbol
					if (child.isBlock && !this.canContainBlock)
					         ^
  symbol:   variable isBlock
  location: variable child of type Node
org/jsoup/nodes/Element.java:597: error: cannot find symbol
					if (child.isBlock && !this.canContainBlock)
					                          ^
  symbol: variable canContainBlock
org/jsoup/nodes/Element.java:598: error: incompatible types: unexpected return value
						return false;
						       ^
3 errors

3130296 [main] INFO clegoues.genprog4java.rep.CachingRepresentation  - StmtReplace(705,140) StmtAppend(196,539) at variant321 fails to compile

3130296 [main] INFO clegoues.genprog4java.fitness.Fitness  - 	 gen: 5 0.0 StmtReplace(705,140) StmtAppend(196,539) (stored at: variant321)
3130339 [main] ERROR clegoues.genprog4java.rep.JavaRepresentation  - org/jsoup/nodes/Element.java:316: error: cannot find symbol
        canContainBlock = false;
        ^
  symbol:   variable canContainBlock
  location: class Element
org/jsoup/nodes/Element.java:317: error: cannot find symbol
        if (wrap == null) // nothing to wrap with; noop
            ^
  symbol:   variable wrap
  location: class Element
org/jsoup/nodes/Element.java:320: error: cannot find symbol
        Element deepest = getDeepChild(wrap);
                                       ^
  symbol:   variable wrap
  location: class Element
org/jsoup/nodes/Element.java:321: error: cannot find symbol
        parentNode.replaceChild(this, wrap);
                                      ^
  symbol:   variable wrap
  location: class Element
org/jsoup/nodes/Element.java:329: error: cannot find symbol
                wrap.appendChild(remainder);
                ^
  symbol:   variable wrap
  location: class Element
5 errors

3130339 [main] INFO clegoues.genprog4java.rep.CachingRepresentation  - StmtAppend(200,2) StmtDelete(540) StmtDelete(189) StmtReplace(94,709) at variant322 fails to compile

3130339 [main] INFO clegoues.genprog4java.fitness.Fitness  - 	 gen: 5 0.0 StmtAppend(200,2) StmtDelete(540) StmtDelete(189) StmtReplace(94,709) (stored at: variant322)
3130373 [main] ERROR clegoues.genprog4java.rep.JavaRepresentation  - org/jsoup/nodes/Element.java:331: error: cannot find symbol
					preserveWhitespace = true;
					^
  symbol:   variable preserveWhitespace
  location: class Element
1 error

3130373 [main] INFO clegoues.genprog4java.rep.CachingRepresentation  - StmtDelete(725) StmtAppend(106,722) at variant323 fails to compile

3130373 [main] INFO clegoues.genprog4java.fitness.Fitness  - 	 gen: 5 0.0 StmtDelete(725) StmtAppend(106,722) (stored at: variant323)
3130991 [main] INFO clegoues.genprog4java.fitness.Fitness  - 	 gen: 5 1.0 StmtAppend(305,303) StmtAppend(581,689) (stored at: variant324)
3131617 [main] INFO clegoues.genprog4java.fitness.Fitness  - 	 gen: 5 1.0 StmtReplace(639,660) StmtReplace(680,661) (stored at: variant325)
3131640 [main] ERROR clegoues.genprog4java.rep.JavaRepresentation  - org/jsoup/parser/Parser.java:194: error: incompatible types: boolean cannot be converted to Attribute
                return false;
                       ^
1 error

3131640 [main] INFO clegoues.genprog4java.rep.CachingRepresentation  - StmtReplace(438,540) at variant326 fails to compile

3131640 [main] INFO clegoues.genprog4java.fitness.Fitness  - 	 gen: 5 0.0 StmtReplace(438,540) (stored at: variant326)
3131669 [main] ERROR clegoues.genprog4java.rep.JavaRepresentation  - org/jsoup/nodes/Element.java:341: error: missing return statement
    }
    ^
1 error

3131669 [main] INFO clegoues.genprog4java.rep.CachingRepresentation  - StmtDelete(277) StmtReplace(649,682) StmtAppend(305,303) StmtDelete(112) at variant327 fails to compile

3131669 [main] INFO clegoues.genprog4java.fitness.Fitness  - 	 gen: 5 0.0 StmtDelete(277) StmtReplace(649,682) StmtAppend(305,303) StmtDelete(112) (stored at: variant327)
3132287 [main] INFO clegoues.genprog4java.fitness.Fitness  - 	 gen: 5 1.0 StmtReplace(548,683) StmtAppend(604,624) StmtDelete(428) StmtReplace(583,518) (stored at: variant328)
3132315 [main] ERROR clegoues.genprog4java.rep.JavaRepresentation  - org/jsoup/nodes/Element.java:304: error: cannot find symbol
			parentNode.replaceChild(this, wrap);
			                              ^
  symbol:   variable wrap
  location: class Element
1 error

3132315 [main] INFO clegoues.genprog4java.rep.CachingRepresentation  - StmtDelete(277) StmtAppend(710,627) StmtReplace(547,661) StmtAppend(88,98) at variant329 fails to compile

3132315 [main] INFO clegoues.genprog4java.fitness.Fitness  - 	 gen: 5 0.0 StmtDelete(277) StmtAppend(710,627) StmtReplace(547,661) StmtAppend(88,98) (stored at: variant329)
3132345 [main] ERROR clegoues.genprog4java.rep.JavaRepresentation  - org/jsoup/nodes/Element.java:710: error: cannot find symbol
        Validate.notEmpty(id);
                          ^
  symbol:   variable id
  location: class Element
1 error

3132345 [main] INFO clegoues.genprog4java.rep.CachingRepresentation  - StmtDelete(277) StmtDelete(653) StmtReplace(250,144) at variant330 fails to compile

3132345 [main] INFO clegoues.genprog4java.fitness.Fitness  - 	 gen: 5 0.0 StmtDelete(277) StmtDelete(653) StmtReplace(250,144) (stored at: variant330)
3133008 [main] INFO clegoues.genprog4java.fitness.Fitness  - 	 gen: 5 1.0 StmtDelete(277) StmtDelete(653) StmtDelete(611) (stored at: variant331)
3133656 [main] INFO clegoues.genprog4java.fitness.Fitness  - 	 gen: 5 1.0 StmtReplace(664,660) (stored at: variant332)
3133681 [main] ERROR clegoues.genprog4java.rep.JavaRepresentation  - org/jsoup/nodes/Element.java:754: error: incompatible types: int cannot be converted to String
        return 0;
               ^
1 error

3133681 [main] INFO clegoues.genprog4java.rep.CachingRepresentation  - StmtDelete(725) StmtReplace(268,134) at variant333 fails to compile

3133681 [main] INFO clegoues.genprog4java.fitness.Fitness  - 	 gen: 5 0.0 StmtDelete(725) StmtReplace(268,134) (stored at: variant333)
3134343 [main] INFO clegoues.genprog4java.fitness.Fitness  - 	 gen: 5 1.0 StmtDelete(297) StmtDelete(719) StmtAppend(710,627) StmtReplace(547,661) StmtDelete(589) (stored at: variant334)
3135279 [main] INFO clegoues.genprog4java.fitness.Fitness  - 	 gen: 5 1.0 StmtReplace(548,683) StmtDelete(676) (stored at: variant335)
3135986 [main] INFO clegoues.genprog4java.fitness.Fitness  - 	 gen: 5 0.0 StmtReplace(435,405) StmtReplace(134,133) StmtReplace(243,243) StmtDelete(462) StmtReplace(583,646) StmtReplace(628,614) (stored at: variant336)
3136021 [main] ERROR clegoues.genprog4java.rep.JavaRepresentation  - org/jsoup/nodes/Element.java:575: error: cannot find symbol
        text(sb);
             ^
  symbol:   variable sb
  location: class Element
org/jsoup/nodes/Element.java:576: error: cannot find symbol
        return sb.toString().trim();
               ^
  symbol:   variable sb
  location: class Element
2 errors

3136021 [main] INFO clegoues.genprog4java.rep.CachingRepresentation  - StmtDelete(540) StmtDelete(189) StmtDelete(200) StmtDelete(175) at variant337 fails to compile

3136021 [main] INFO clegoues.genprog4java.fitness.Fitness  - 	 gen: 5 0.0 StmtDelete(540) StmtDelete(189) StmtDelete(200) StmtDelete(175) (stored at: variant337)
3136057 [main] ERROR clegoues.genprog4java.rep.JavaRepresentation  - org/jsoup/nodes/Element.java:40: error: cannot find symbol
			Validate.notNull(child);
			                 ^
  symbol:   variable child
  location: class Element
1 error

3136057 [main] INFO clegoues.genprog4java.rep.CachingRepresentation  - StmtReplace(681,677) StmtReplace(722,525) StmtAppend(3,49) at variant338 fails to compile

3136057 [main] INFO clegoues.genprog4java.fitness.Fitness  - 	 gen: 5 0.0 StmtReplace(681,677) StmtReplace(722,525) StmtAppend(3,49) (stored at: variant338)
3136664 [main] INFO clegoues.genprog4java.fitness.Fitness  - 	 gen: 5 0.0 StmtAppend(586,654) StmtDelete(78) StmtReplace(484,364) (stored at: variant339)
3136664 [main] INFO clegoues.genprog4java.Search.Search  - search: generation6
3136690 [main] ERROR clegoues.genprog4java.rep.JavaRepresentation  - org/jsoup/parser/Parser.java:127: error: cannot find symbol
        if (last().tag().canContain(tag))
                                    ^
  symbol:   variable tag
  location: class Parser
org/jsoup/parser/Parser.java:128: error: incompatible types: unexpected return value
			return last();
			           ^
2 errors

3136716 [main] ERROR clegoues.genprog4java.rep.JavaRepresentation  - org/jsoup/parser/Parser.java:127: error: cannot find symbol
        if (last().tag().canContain(tag))
                                    ^
  symbol:   variable tag
  location: class Parser
org/jsoup/parser/Parser.java:128: error: incompatible types: unexpected return value
			return last();
			           ^
2 errors

3136742 [main] ERROR clegoues.genprog4java.rep.JavaRepresentation  - org/jsoup/parser/Parser.java:127: error: cannot find symbol
        if (last().tag().canContain(tag))
                                    ^
  symbol:   variable tag
  location: class Parser
org/jsoup/parser/Parser.java:128: error: incompatible types: unexpected return value
			return last();
			           ^
2 errors

3136768 [main] ERROR clegoues.genprog4java.rep.JavaRepresentation  - org/jsoup/parser/Parser.java:127: error: cannot find symbol
        if (last().tag().canContain(tag))
                                    ^
  symbol:   variable tag
  location: class Parser
org/jsoup/parser/Parser.java:128: error: incompatible types: unexpected return value
			return last();
			           ^
2 errors

3136829 [main] ERROR clegoues.genprog4java.rep.JavaRepresentation  - org/jsoup/parser/Parser.java:127: error: cannot find symbol
        if (last().tag().canContain(tag))
                                    ^
  symbol:   variable tag
  location: class Parser
org/jsoup/parser/Parser.java:128: error: incompatible types: unexpected return value
			return last();
			           ^
2 errors

3136855 [main] ERROR clegoues.genprog4java.rep.JavaRepresentation  - org/jsoup/parser/Parser.java:127: error: cannot find symbol
        if (last().tag().canContain(tag))
                                    ^
  symbol:   variable tag
  location: class Parser
org/jsoup/parser/Parser.java:128: error: incompatible types: unexpected return value
			return last();
			           ^
2 errors

3136881 [main] ERROR clegoues.genprog4java.rep.JavaRepresentation  - org/jsoup/parser/Parser.java:127: error: cannot find symbol
        if (last().tag().canContain(tag))
                                    ^
  symbol:   variable tag
  location: class Parser
org/jsoup/parser/Parser.java:128: error: incompatible types: unexpected return value
			return last();
			           ^
2 errors

3136908 [main] ERROR clegoues.genprog4java.rep.JavaRepresentation  - org/jsoup/parser/Parser.java:127: error: cannot find symbol
        if (last().tag().canContain(tag))
                                    ^
  symbol:   variable tag
  location: class Parser
org/jsoup/parser/Parser.java:128: error: incompatible types: unexpected return value
			return last();
			           ^
2 errors

3136938 [main] ERROR clegoues.genprog4java.rep.JavaRepresentation  - org/jsoup/parser/Parser.java:127: error: cannot find symbol
        if (last().tag().canContain(tag))
                                    ^
  symbol:   variable tag
  location: class Parser
org/jsoup/parser/Parser.java:128: error: incompatible types: unexpected return value
			return last();
			           ^
2 errors

3136972 [main] ERROR clegoues.genprog4java.rep.JavaRepresentation  - org/jsoup/parser/Parser.java:127: error: cannot find symbol
        if (last().tag().canContain(tag))
                                    ^
  symbol:   variable tag
  location: class Parser
org/jsoup/parser/Parser.java:128: error: incompatible types: unexpected return value
			return last();
			           ^
2 errors

3136999 [main] ERROR clegoues.genprog4java.rep.JavaRepresentation  - org/jsoup/parser/Parser.java:127: error: cannot find symbol
        if (last().tag().canContain(tag))
                                    ^
  symbol:   variable tag
  location: class Parser
org/jsoup/parser/Parser.java:128: error: incompatible types: unexpected return value
			return last();
			           ^
2 errors

3137026 [main] ERROR clegoues.genprog4java.rep.JavaRepresentation  - org/jsoup/parser/Parser.java:127: error: cannot find symbol
        if (last().tag().canContain(tag))
                                    ^
  symbol:   variable tag
  location: class Parser
org/jsoup/parser/Parser.java:128: error: incompatible types: unexpected return value
			return last();
			           ^
2 errors

3137054 [main] ERROR clegoues.genprog4java.rep.JavaRepresentation  - org/jsoup/parser/Parser.java:127: error: cannot find symbol
        if (last().tag().canContain(tag))
                                    ^
  symbol:   variable tag
  location: class Parser
org/jsoup/parser/Parser.java:128: error: incompatible types: unexpected return value
			return last();
			           ^
2 errors

3137079 [main] ERROR clegoues.genprog4java.rep.JavaRepresentation  - org/jsoup/parser/Parser.java:127: error: cannot find symbol
        if (last().tag().canContain(tag))
                                    ^
  symbol:   variable tag
  location: class Parser
org/jsoup/parser/Parser.java:128: error: incompatible types: unexpected return value
			return last();
			           ^
2 errors

3137106 [main] ERROR clegoues.genprog4java.rep.JavaRepresentation  - org/jsoup/parser/Parser.java:127: error: cannot find symbol
        if (last().tag().canContain(tag))
                                    ^
  symbol:   variable tag
  location: class Parser
org/jsoup/parser/Parser.java:128: error: incompatible types: unexpected return value
			return last();
			           ^
2 errors

3137132 [main] ERROR clegoues.genprog4java.rep.JavaRepresentation  - org/jsoup/parser/Parser.java:127: error: cannot find symbol
        if (last().tag().canContain(tag))
                                    ^
  symbol:   variable tag
  location: class Parser
org/jsoup/parser/Parser.java:128: error: incompatible types: unexpected return value
			return last();
			           ^
2 errors

3137159 [main] ERROR clegoues.genprog4java.rep.JavaRepresentation  - org/jsoup/parser/Parser.java:127: error: cannot find symbol
        if (last().tag().canContain(tag))
                                    ^
  symbol:   variable tag
  location: class Parser
org/jsoup/parser/Parser.java:128: error: incompatible types: unexpected return value
			return last();
			           ^
2 errors

3137186 [main] ERROR clegoues.genprog4java.rep.JavaRepresentation  - org/jsoup/parser/Parser.java:127: error: cannot find symbol
        if (last().tag().canContain(tag))
                                    ^
  symbol:   variable tag
  location: class Parser
org/jsoup/parser/Parser.java:128: error: incompatible types: unexpected return value
			return last();
			           ^
2 errors

3137212 [main] ERROR clegoues.genprog4java.rep.JavaRepresentation  - org/jsoup/parser/Parser.java:127: error: cannot find symbol
        if (last().tag().canContain(tag))
                                    ^
  symbol:   variable tag
  location: class Parser
org/jsoup/parser/Parser.java:128: error: incompatible types: unexpected return value
			return last();
			           ^
2 errors

3137240 [main] ERROR clegoues.genprog4java.rep.JavaRepresentation  - org/jsoup/parser/Parser.java:127: error: cannot find symbol
        if (last().tag().canContain(tag))
                                    ^
  symbol:   variable tag
  location: class Parser
org/jsoup/parser/Parser.java:128: error: incompatible types: unexpected return value
			return last();
			           ^
2 errors

3137269 [main] ERROR clegoues.genprog4java.rep.JavaRepresentation  - org/jsoup/parser/Parser.java:127: error: cannot find symbol
        if (last().tag().canContain(tag))
                                    ^
  symbol:   variable tag
  location: class Parser
org/jsoup/parser/Parser.java:128: error: incompatible types: unexpected return value
			return last();
			           ^
2 errors

3137457 [main] ERROR clegoues.genprog4java.rep.JavaRepresentation  - org/jsoup/nodes/Element.java:774: error: variable declaration not allowed here
        if (isBlock() || (parent() != null && parent().tag().canContainBlock() && siblingIndex() == 0))Tag tag = Tag.valueOf(tagName);
                                                                                                           ^
1 error

3137457 [main] INFO clegoues.genprog4java.rep.CachingRepresentation  - StmtReplace(548,683) StmtDelete(676) StmtReplace(278,377) at variant340 fails to compile

3137457 [main] INFO clegoues.genprog4java.fitness.Fitness  - 	 gen: 6 0.0 StmtReplace(548,683) StmtDelete(676) StmtReplace(278,377) (stored at: variant340)
3138093 [main] INFO clegoues.genprog4java.fitness.Fitness  - 	 gen: 6 1.0 StmtReplace(548,683) StmtDelete(581) StmtDelete(653) StmtReplace(657,688) StmtAppend(575,661) (stored at: variant341)
3138778 [main] INFO clegoues.genprog4java.fitness.Fitness  - 	 gen: 6 1.0 StmtReplace(664,660) StmtDelete(631) (stored at: variant342)
3139416 [main] INFO clegoues.genprog4java.fitness.Fitness  - 	 gen: 6 1.0 StmtReplace(548,683) StmtReplace(134,133) StmtReplace(243,243) StmtDelete(243) StmtAppend(726,634) StmtDelete(439) StmtDelete(453) (stored at: variant343)
3139444 [main] ERROR clegoues.genprog4java.rep.JavaRepresentation  - org/jsoup/nodes/Element.java:401: error: cannot find symbol
		Element child = new Element(Tag.valueOf(tagName), baseUri());
		                                        ^
  symbol:   variable tagName
  location: class Element
org/jsoup/nodes/Element.java:403: error: incompatible types: Element cannot be converted to Integer
		return child;
		       ^
2 errors

3139444 [main] INFO clegoues.genprog4java.rep.CachingRepresentation  - StmtAppend(675,689) StmtAppend(643,629) StmtDelete(719) StmtReplace(134,57) at variant344 fails to compile

3139444 [main] INFO clegoues.genprog4java.fitness.Fitness  - 	 gen: 6 0.0 StmtAppend(675,689) StmtAppend(643,629) StmtDelete(719) StmtReplace(134,57) (stored at: variant344)
3139469 [main] ERROR clegoues.genprog4java.rep.JavaRepresentation  - org/jsoup/parser/Parser.java:188: error: cannot find symbol
                    valueAccum.append(tq.consume());
                    ^
  symbol:   variable valueAccum
  location: class Parser
org/jsoup/parser/Parser.java:190: error: cannot find symbol
                value = valueAccum.toString();
                        ^
  symbol:   variable valueAccum
  location: class Parser
2 errors

3139469 [main] INFO clegoues.genprog4java.rep.CachingRepresentation  - StmtDelete(413) StmtAppend(538,653) StmtDelete(434) at variant345 fails to compile

3139469 [main] INFO clegoues.genprog4java.fitness.Fitness  - 	 gen: 6 0.0 StmtDelete(413) StmtAppend(538,653) StmtDelete(434) (stored at: variant345)
3139503 [main] ERROR clegoues.genprog4java.rep.JavaRepresentation  - org/jsoup/parser/Tag.java:330: error: missing return statement
	}
	^
1 error

3139503 [main] INFO clegoues.genprog4java.rep.CachingRepresentation  - StmtAppend(192,49) StmtAppend(305,303) StmtReplace(574,654) StmtDelete(698) at variant346 fails to compile

3139503 [main] INFO clegoues.genprog4java.fitness.Fitness  - 	 gen: 6 0.0 StmtAppend(192,49) StmtAppend(305,303) StmtReplace(574,654) StmtDelete(698) (stored at: variant346)
3140172 [main] INFO clegoues.genprog4java.fitness.Fitness  - 	 gen: 6 0.0 StmtAppend(675,689) StmtAppend(643,629) StmtDelete(719) StmtReplace(497,355) (stored at: variant347)
3140201 [main] ERROR clegoues.genprog4java.rep.JavaRepresentation  - org/jsoup/nodes/Element.java:830: error: package child does not exist
			if (child.tagName.equals("base") || child.tagName.equals("script") || child.tagName.equals("noscript")
			         ^
org/jsoup/nodes/Element.java:830: error: package child does not exist
			if (child.tagName.equals("base") || child.tagName.equals("script") || child.tagName.equals("noscript")
			                                         ^
org/jsoup/nodes/Element.java:830: error: package child does not exist
			if (child.tagName.equals("base") || child.tagName.equals("script") || child.tagName.equals("noscript")
			                                                                           ^
org/jsoup/nodes/Element.java:831: error: package child does not exist
					|| child.tagName.equals("link") || child.tagName.equals("meta") || child.tagName.equals("title")
					        ^
org/jsoup/nodes/Element.java:831: error: package child does not exist
					|| child.tagName.equals("link") || child.tagName.equals("meta") || child.tagName.equals("title")
					                                        ^
org/jsoup/nodes/Element.java:831: error: package child does not exist
					|| child.tagName.equals("link") || child.tagName.equals("meta") || child.tagName.equals("title")
					                                                                        ^
org/jsoup/nodes/Element.java:832: error: package child does not exist
					|| child.tagName.equals("style") || child.tagName.equals("object")) {
					        ^
org/jsoup/nodes/Element.java:832: error: package child does not exist
					|| child.tagName.equals("style") || child.tagName.equals("object")) {
					                                         ^
8 errors

3140201 [main] INFO clegoues.genprog4java.rep.CachingRepresentation  - StmtAppend(675,689) StmtAppend(643,629) StmtDelete(719) StmtReplace(308,548) at variant348 fails to compile

3140201 [main] INFO clegoues.genprog4java.fitness.Fitness  - 	 gen: 6 0.0 StmtAppend(675,689) StmtAppend(643,629) StmtDelete(719) StmtReplace(308,548) (stored at: variant348)
3140851 [main] INFO clegoues.genprog4java.fitness.Fitness  - 	 gen: 6 0.0 StmtReplace(548,683) StmtReplace(134,133) StmtReplace(243,243) StmtDelete(462) StmtDelete(716) StmtAppend(214,214) StmtAppend(731,653) (stored at: variant349)
3141463 [main] INFO clegoues.genprog4java.fitness.Fitness  - 	 gen: 6 1.0 StmtDelete(297) StmtReplace(722,525) StmtReplace(201,201) StmtAppend(497,341) (stored at: variant350)
3141488 [main] ERROR clegoues.genprog4java.rep.JavaRepresentation  - org/jsoup/parser/Parser.java:162: error: cannot find symbol
                dataNode = TextNode.createFromEncoded(data, baseUri);
                ^
  symbol:   variable dataNode
  location: class Parser
org/jsoup/parser/Parser.java:164: error: cannot find symbol
                dataNode = new DataNode(data, baseUri); // data not encoded but raw (for " in script)
                ^
  symbol:   variable dataNode
  location: class Parser
org/jsoup/parser/Parser.java:165: error: cannot find symbol
            child.appendChild(dataNode);   
                              ^
  symbol:   variable dataNode
  location: class Parser
3 errors

3141489 [main] INFO clegoues.genprog4java.rep.CachingRepresentation  - StmtDelete(297) StmtReplace(722,525) StmtReplace(201,201) StmtReplace(407,343) at variant351 fails to compile

3141489 [main] INFO clegoues.genprog4java.fitness.Fitness  - 	 gen: 6 0.0 StmtDelete(297) StmtReplace(722,525) StmtReplace(201,201) StmtReplace(407,343) (stored at: variant351)
3141518 [main] ERROR clegoues.genprog4java.rep.JavaRepresentation  - org/jsoup/parser/Tag.java:198: error: non-static variable tagName cannot be referenced from a static context
		Tag tag = tags.get(tagName);
		                   ^
org/jsoup/parser/Tag.java:200: error: non-static variable tagName cannot be referenced from a static context
			tag = new Tag(tagName);
			              ^
org/jsoup/parser/Tag.java:205: error: return outside method
		return tag;
		^
3 errors

3141518 [main] INFO clegoues.genprog4java.rep.CachingRepresentation  - StmtReplace(548,683) StmtReplace(134,133) StmtReplace(243,243) StmtDelete(243) StmtDelete(612) StmtDelete(624) StmtReplace(609,528) at variant352 fails to compile

3141518 [main] INFO clegoues.genprog4java.fitness.Fitness  - 	 gen: 6 0.0 StmtReplace(548,683) StmtReplace(134,133) StmtReplace(243,243) StmtDelete(243) StmtDelete(612) StmtDelete(624) StmtReplace(609,528) (stored at: variant352)
3141532 [main] ERROR clegoues.genprog4java.rep.JavaRepresentation  - org/jsoup/nodes/Element.java:155: error: variable declaration not allowed here
        for (Node node : childNodes) Element child = new Element(Tag.valueOf(tagName), baseUri());
                                             ^
1 error

3141532 [main] INFO clegoues.genprog4java.rep.CachingRepresentation  - StmtReplace(551,642) StmtReplace(681,677) StmtDelete(343) StmtAppend(675,689) StmtAppend(643,629) StmtReplace(576,620) StmtReplace(37,54) at variant353 fails to compile

3141532 [main] INFO clegoues.genprog4java.fitness.Fitness  - 	 gen: 6 0.0 StmtReplace(551,642) StmtReplace(681,677) StmtDelete(343) StmtAppend(675,689) StmtAppend(643,629) StmtReplace(576,620) StmtReplace(37,54) (stored at: variant353)
3141560 [main] ERROR clegoues.genprog4java.rep.JavaRepresentation  - org/jsoup/parser/Tag.java:103: error: unreachable statement
		createBlock("ADDRESS").setContainInlineOnly();
		^
org/jsoup/parser/Tag.java:104: error: missing return statement
	}
	^
2 errors

3141560 [main] INFO clegoues.genprog4java.rep.CachingRepresentation  - StmtDelete(297) StmtDelete(719) StmtAppend(710,627) StmtReplace(547,661) StmtDelete(589) StmtAppend(558,662) at variant354 fails to compile

3141560 [main] INFO clegoues.genprog4java.fitness.Fitness  - 	 gen: 6 0.0 StmtDelete(297) StmtDelete(719) StmtAppend(710,627) StmtReplace(547,661) StmtDelete(589) StmtAppend(558,662) (stored at: variant354)
3141594 [main] ERROR clegoues.genprog4java.rep.JavaRepresentation  - org/jsoup/nodes/Element.java:421: error: cannot find symbol
        Validate.notEmpty(id);
                          ^
  symbol:   variable id
  location: class Element
1 error

3141594 [main] INFO clegoues.genprog4java.rep.CachingRepresentation  - StmtDelete(627) StmtAppend(305,303) StmtDelete(651) StmtReplace(140,144) at variant355 fails to compile

3141594 [main] INFO clegoues.genprog4java.fitness.Fitness  - 	 gen: 6 0.0 StmtDelete(627) StmtAppend(305,303) StmtDelete(651) StmtReplace(140,144) (stored at: variant355)
3141629 [main] ERROR clegoues.genprog4java.rep.JavaRepresentation  - org/jsoup/parser/Tag.java:101: error: missing return statement
    }
    ^
1 error

3141629 [main] INFO clegoues.genprog4java.rep.CachingRepresentation  - StmtAppend(192,49) StmtReplace(218,551) StmtReplace(417,49) StmtReplace(557,627) at variant356 fails to compile

3141629 [main] INFO clegoues.genprog4java.fitness.Fitness  - 	 gen: 6 0.0 StmtAppend(192,49) StmtReplace(218,551) StmtReplace(417,49) StmtReplace(557,627) (stored at: variant356)
3141666 [main] ERROR clegoues.genprog4java.rep.JavaRepresentation  - org/jsoup/parser/Parser.java:262: error: unreachable statement
				tq.consumeWhitespace();
				^
1 error

3141666 [main] INFO clegoues.genprog4java.rep.CachingRepresentation  - StmtAppend(200,2) StmtDelete(540) StmtDelete(189) StmtDelete(200) StmtAppend(647,627) StmtAppend(483,423) at variant357 fails to compile

3141666 [main] INFO clegoues.genprog4java.fitness.Fitness  - 	 gen: 6 0.0 StmtAppend(200,2) StmtDelete(540) StmtDelete(189) StmtDelete(200) StmtAppend(647,627) StmtAppend(483,423) (stored at: variant357)
3141698 [main] ERROR clegoues.genprog4java.rep.JavaRepresentation  - org/jsoup/nodes/Element.java:818: error: cannot find symbol
        childNodes.add(child);
                       ^
  symbol:   variable child
  location: class Element
1 error

3141699 [main] INFO clegoues.genprog4java.rep.CachingRepresentation  - StmtAppend(200,2) StmtDelete(540) StmtDelete(189) StmtDelete(200) StmtAppend(647,627) StmtReplace(298,46) at variant358 fails to compile

3141699 [main] INFO clegoues.genprog4java.fitness.Fitness  - 	 gen: 6 0.0 StmtAppend(200,2) StmtDelete(540) StmtDelete(189) StmtDelete(200) StmtAppend(647,627) StmtReplace(298,46) (stored at: variant358)
3141724 [main] ERROR clegoues.genprog4java.rep.JavaRepresentation  - org/jsoup/parser/Parser.java:104: error: call to this must be first statement in constructor
		this(tag, baseUri, new Attributes());
		    ^
1 error

3141724 [main] INFO clegoues.genprog4java.rep.CachingRepresentation  - StmtReplace(639,660) StmtReplace(680,661) StmtReplace(364,4) at variant359 fails to compile

3141724 [main] INFO clegoues.genprog4java.fitness.Fitness  - 	 gen: 6 0.0 StmtReplace(639,660) StmtReplace(680,661) StmtReplace(364,4) (stored at: variant359)
3142367 [main] INFO clegoues.genprog4java.fitness.Fitness  - 	 gen: 6 0.0 StmtReplace(639,660) StmtReplace(680,661) StmtReplace(396,344) (stored at: variant360)
3142397 [main] ERROR clegoues.genprog4java.rep.JavaRepresentation  - org/jsoup/nodes/Element.java:318: error: cannot find symbol
			Validate.notNull(child);
			                 ^
  symbol:   variable child
  location: class Element
org/jsoup/nodes/Element.java:319: error: cannot find symbol
			child.setParentNode(this);
			^
  symbol:   variable child
  location: class Element
org/jsoup/nodes/Element.java:320: error: cannot find symbol
			childNodes.add(child);
			               ^
  symbol:   variable child
  location: class Element
org/jsoup/nodes/Element.java:323: error: cannot find symbol
        if (wrap == null) // nothing to wrap with; noop
            ^
  symbol:   variable wrap
  location: class Element
org/jsoup/nodes/Element.java:326: error: cannot find symbol
        Element deepest = getDeepChild(wrap);
                                       ^
  symbol:   variable wrap
  location: class Element
org/jsoup/nodes/Element.java:327: error: cannot find symbol
        parentNode.replaceChild(this, wrap);
                                      ^
  symbol:   variable wrap
  location: class Element
org/jsoup/nodes/Element.java:335: error: cannot find symbol
                wrap.appendChild(remainder);
                ^
  symbol:   variable wrap
  location: class Element
7 errors

3142397 [main] INFO clegoues.genprog4java.rep.CachingRepresentation  - StmtReplace(681,677) StmtAppend(553,615) StmtAppend(586,654) StmtDelete(78) StmtAppend(677,611) StmtReplace(94,43) at variant361 fails to compile

3142397 [main] INFO clegoues.genprog4java.fitness.Fitness  - 	 gen: 6 0.0 StmtReplace(681,677) StmtAppend(553,615) StmtAppend(586,654) StmtDelete(78) StmtAppend(677,611) StmtReplace(94,43) (stored at: variant361)
3142426 [main] ERROR clegoues.genprog4java.rep.JavaRepresentation  - org/jsoup/nodes/Element.java:224: error: unreachable statement
		Validate.notEmpty(tagName);
		^
org/jsoup/nodes/Element.java:225: error: missing return statement
	}
	^
2 errors

3142427 [main] INFO clegoues.genprog4java.rep.CachingRepresentation  - StmtReplace(681,677) StmtAppend(553,615) StmtAppend(586,654) StmtDelete(78) StmtAppend(677,611) StmtAppend(53,526) at variant362 fails to compile

3142427 [main] INFO clegoues.genprog4java.fitness.Fitness  - 	 gen: 6 0.0 StmtReplace(681,677) StmtAppend(553,615) StmtAppend(586,654) StmtDelete(78) StmtAppend(677,611) StmtAppend(53,526) (stored at: variant362)
3143349 [main] INFO clegoues.genprog4java.fitness.Fitness  - 	 gen: 6 1.0 StmtAppend(305,303) StmtAppend(581,689) StmtReplace(542,615) (stored at: variant363)
3144285 [main] INFO clegoues.genprog4java.fitness.Fitness  - 	 gen: 6 1.0 StmtReplace(664,660) StmtDelete(282) (stored at: variant364)
3145242 [main] INFO clegoues.genprog4java.fitness.Fitness  - 	 gen: 6 1.0 StmtReplace(681,677) StmtAppend(553,615) StmtAppend(586,654) StmtDelete(78) StmtAppend(677,611) StmtReplace(645,654) (stored at: variant365)
3146432 [main] INFO clegoues.genprog4java.fitness.Fitness  - 	 gen: 6 0.0 StmtDelete(297) StmtReplace(722,525) StmtReplace(201,201) StmtReplace(505,507) (stored at: variant366)
3146463 [main] ERROR clegoues.genprog4java.rep.JavaRepresentation  - org/jsoup/nodes/Element.java:332: error: cannot find symbol
			TextNode textNode = (TextNode) child;
			                               ^
  symbol:   variable child
  location: class Element
org/jsoup/nodes/Element.java:334: error: incompatible types: boolean cannot be converted to Element
				return true;
				       ^
2 errors

3146463 [main] INFO clegoues.genprog4java.rep.CachingRepresentation  - StmtReplace(639,660) StmtReplace(680,661) StmtAppend(90,209) at variant367 fails to compile

3146463 [main] INFO clegoues.genprog4java.fitness.Fitness  - 	 gen: 6 0.0 StmtReplace(639,660) StmtReplace(680,661) StmtAppend(90,209) (stored at: variant367)
3146492 [main] ERROR clegoues.genprog4java.rep.JavaRepresentation  - org/jsoup/parser/Parser.java:79: error: cannot find symbol
				popStackToClose(tag);
				                ^
  symbol:   variable tag
  location: class Parser
1 error

3146492 [main] INFO clegoues.genprog4java.rep.CachingRepresentation  - StmtReplace(681,677) StmtAppend(553,615) StmtAppend(586,654) StmtDelete(78) StmtAppend(677,611) StmtReplace(342,406) at variant368 fails to compile

3146494 [main] INFO clegoues.genprog4java.fitness.Fitness  - 	 gen: 6 0.0 StmtReplace(681,677) StmtAppend(553,615) StmtAppend(586,654) StmtDelete(78) StmtAppend(677,611) StmtReplace(342,406) (stored at: variant368)
3146521 [main] ERROR clegoues.genprog4java.rep.JavaRepresentation  - org/jsoup/parser/Parser.java:76: error: incompatible types: boolean cannot be converted to Document
            return true;
                   ^
1 error

3146521 [main] INFO clegoues.genprog4java.rep.CachingRepresentation  - StmtReplace(548,683) StmtReplace(134,133) StmtReplace(243,243) StmtDelete(243) StmtAppend(726,634) StmtDelete(443) StmtReplace(339,578) at variant369 fails to compile

3146521 [main] INFO clegoues.genprog4java.fitness.Fitness  - 	 gen: 6 0.0 StmtReplace(548,683) StmtReplace(134,133) StmtReplace(243,243) StmtDelete(243) StmtAppend(726,634) StmtDelete(443) StmtReplace(339,578) (stored at: variant369)
3146547 [main] ERROR clegoues.genprog4java.rep.JavaRepresentation  - org/jsoup/parser/Parser.java:286: error: cannot find symbol
                elToClose = el;
                ^
  symbol:   variable elToClose
  location: class Parser
org/jsoup/parser/Parser.java:290: error: cannot find symbol
        if (elToClose != null) {
            ^
  symbol:   variable elToClose
  location: class Parser
org/jsoup/parser/Parser.java:295: error: cannot find symbol
        return elToClose;
               ^
  symbol:   variable elToClose
  location: class Parser
3 errors

3146547 [main] INFO clegoues.genprog4java.rep.CachingRepresentation  - StmtReplace(548,683) StmtDelete(581) StmtDelete(653) StmtReplace(657,688) StmtReplace(495,353) at variant370 fails to compile

3146547 [main] INFO clegoues.genprog4java.fitness.Fitness  - 	 gen: 6 0.0 StmtReplace(548,683) StmtDelete(581) StmtDelete(653) StmtReplace(657,688) StmtReplace(495,353) (stored at: variant370)
3146574 [main] ERROR clegoues.genprog4java.rep.JavaRepresentation  - org/jsoup/parser/Parser.java:189: error: incompatible types: Document cannot be converted to Attribute
					return doc.normalise();
					                    ^
1 error

3146574 [main] INFO clegoues.genprog4java.rep.CachingRepresentation  - StmtDelete(207) StmtAppend(432,356) at variant371 fails to compile

3146574 [main] INFO clegoues.genprog4java.fitness.Fitness  - 	 gen: 6 0.0 StmtDelete(207) StmtAppend(432,356) (stored at: variant371)
3146605 [main] ERROR clegoues.genprog4java.rep.JavaRepresentation  - org/jsoup/nodes/Element.java:258: error: canContainBlock has private access in Tag
			tag.canContainBlock = true;
			   ^
org/jsoup/nodes/Element.java:260: error: cannot find symbol
        prependChild(node);
                     ^
  symbol:   variable node
  location: class Element
2 errors

3146605 [main] INFO clegoues.genprog4java.rep.CachingRepresentation  - StmtReplace(548,683) StmtReplace(134,133) StmtReplace(243,243) StmtDelete(243) StmtDelete(612) StmtDelete(624) StmtAppend(66,535) at variant372 fails to compile

3146605 [main] INFO clegoues.genprog4java.fitness.Fitness  - 	 gen: 6 0.0 StmtReplace(548,683) StmtReplace(134,133) StmtReplace(243,243) StmtDelete(243) StmtDelete(612) StmtDelete(624) StmtAppend(66,535) (stored at: variant372)
3147202 [main] INFO clegoues.genprog4java.fitness.Fitness  - 	 gen: 6 1.0 StmtReplace(548,683) StmtDelete(676) StmtDelete(702) (stored at: variant373)
3147211 [main] ERROR clegoues.genprog4java.rep.JavaRepresentation  - org/jsoup/parser/Tag.java:337: error: ';' expected
    private Tag setContainInlineOnly() tags.put(defaultAncestor.tagName, defaultAncestor);
                                      ^
1 error

3147211 [main] INFO clegoues.genprog4java.rep.CachingRepresentation  - StmtReplace(664,660) StmtReplace(704,518) at variant374 fails to compile

3147211 [main] INFO clegoues.genprog4java.fitness.Fitness  - 	 gen: 6 0.0 StmtReplace(664,660) StmtReplace(704,518) (stored at: variant374)
3147242 [main] ERROR clegoues.genprog4java.rep.JavaRepresentation  - org/jsoup/nodes/Element.java:790: error: cannot find symbol
        {if (childNodes.isEmpty() && tag.isEmpty()){accum.append(" />");} else {accum.append(">");html(accum);if (tag.canContainBlock())indent(accum);accum.append("</").append(tagName()).append(">");}{Validate.notNull(html);Element fragment=Parser.parseBodyFragment(html,baseUri).body();for (Node node:fragment.childNodes()){node.parentNode=null;appendChild(node);}return this;}}
                                                                                                                                                                                                                          ^
  symbol:   variable html
  location: class Element
org/jsoup/nodes/Element.java:790: error: cannot find symbol
        {if (childNodes.isEmpty() && tag.isEmpty()){accum.append(" />");} else {accum.append(">");html(accum);if (tag.canContainBlock())indent(accum);accum.append("</").append(tagName()).append(">");}{Validate.notNull(html);Element fragment=Parser.parseBodyFragment(html,baseUri).body();for (Node node:fragment.childNodes()){node.parentNode=null;appendChild(node);}return this;}}
                                                                                                                                                                                                                                                                          ^
  symbol:   variable html
  location: class Element
org/jsoup/nodes/Element.java:790: error: incompatible types: unexpected return value
        {if (childNodes.isEmpty() && tag.isEmpty()){accum.append(" />");} else {accum.append(">");html(accum);if (tag.canContainBlock())indent(accum);accum.append("</").append(tagName()).append(">");}{Validate.notNull(html);Element fragment=Parser.parseBodyFragment(html,baseUri).body();for (Node node:fragment.childNodes()){node.parentNode=null;appendChild(node);}return this;}}
                                                                                                                                                                                                                                                                                                                                                                                    ^
3 errors

3147243 [main] INFO clegoues.genprog4java.rep.CachingRepresentation  - StmtReplace(548,683) StmtReplace(134,133) StmtReplace(243,243) StmtDelete(462) StmtDelete(716) StmtAppend(214,214) StmtAppend(280,69) at variant375 fails to compile

3147243 [main] INFO clegoues.genprog4java.fitness.Fitness  - 	 gen: 6 0.0 StmtReplace(548,683) StmtReplace(134,133) StmtReplace(243,243) StmtDelete(462) StmtDelete(716) StmtAppend(214,214) StmtAppend(280,69) (stored at: variant375)
3147272 [main] ERROR clegoues.genprog4java.rep.JavaRepresentation  - org/jsoup/nodes/Element.java:260: error: cannot find symbol
				Element child = new Element(Tag.valueOf(tagName), baseUri());
				                                        ^
  symbol:   variable tagName
  location: class Element
1 error

3147272 [main] INFO clegoues.genprog4java.rep.CachingRepresentation  - StmtDelete(207) StmtAppend(67,53) at variant376 fails to compile

3147272 [main] INFO clegoues.genprog4java.fitness.Fitness  - 	 gen: 6 0.0 StmtDelete(207) StmtAppend(67,53) (stored at: variant376)
3147314 [main] ERROR clegoues.genprog4java.rep.JavaRepresentation  - org/jsoup/nodes/Element.java:197: error: incompatible types: boolean cannot be converted to Element
			return true;
			       ^
1 error

3147314 [main] INFO clegoues.genprog4java.rep.CachingRepresentation  - StmtAppend(200,2) StmtReplace(435,405) StmtReplace(134,133) StmtReplace(243,243) StmtDelete(462) StmtReplace(583,646) StmtAppend(209,213) StmtAppend(43,550) at variant377 fails to compile

3147314 [main] INFO clegoues.genprog4java.fitness.Fitness  - 	 gen: 6 0.0 StmtAppend(200,2) StmtReplace(435,405) StmtReplace(134,133) StmtReplace(243,243) StmtDelete(462) StmtReplace(583,646) StmtAppend(209,213) StmtAppend(43,550) (stored at: variant377)
3147967 [main] INFO clegoues.genprog4java.fitness.Fitness  - 	 gen: 6 0.0 StmtAppend(200,2) StmtReplace(435,405) StmtReplace(134,133) StmtReplace(243,243) StmtDelete(462) StmtReplace(583,646) StmtAppend(209,213) StmtAppend(534,662) (stored at: variant378)
3147999 [main] ERROR clegoues.genprog4java.rep.JavaRepresentation  - org/jsoup/parser/Tag.java:119: error: unreachable statement
		createInline("EM");
		^
org/jsoup/parser/Tag.java:120: error: missing return statement
	}
	^
2 errors

3147999 [main] INFO clegoues.genprog4java.rep.CachingRepresentation  - StmtDelete(413) StmtDelete(413) StmtAppend(560,630) at variant379 fails to compile

3147999 [main] INFO clegoues.genprog4java.fitness.Fitness  - 	 gen: 6 0.0 StmtDelete(413) StmtDelete(413) StmtAppend(560,630) (stored at: variant379)
3148628 [main] INFO clegoues.genprog4java.fitness.Fitness  - 	 gen: 6 1.0 StmtReplace(548,683) StmtReplace(556,610) (stored at: variant380)
3149247 [main] INFO clegoues.genprog4java.fitness.Fitness  - 	 gen: 6 1.0 StmtReplace(639,660) StmtReplace(646,647) (stored at: variant381)
3149863 [main] INFO clegoues.genprog4java.fitness.Fitness  - 	 gen: 6 1.0 StmtReplace(548,683) StmtDelete(78) StmtAppend(677,611) StmtAppend(573,635) (stored at: variant382)
3150469 [main] INFO clegoues.genprog4java.fitness.Fitness  - 	 gen: 6 1.0 StmtReplace(681,677) StmtAppend(553,615) StmtDelete(653) StmtReplace(657,688) StmtAppend(264,23) (stored at: variant383)
3150494 [main] ERROR clegoues.genprog4java.rep.JavaRepresentation  - org/jsoup/parser/Parser.java:165: error: cannot find symbol
                dataNode = TextNode.createFromEncoded(data, baseUri);
                ^
  symbol:   variable dataNode
  location: class Parser
org/jsoup/parser/Parser.java:167: error: cannot find symbol
                dataNode = new DataNode(data, baseUri); // data not encoded but raw (for " in script)
                ^
  symbol:   variable dataNode
  location: class Parser
org/jsoup/parser/Parser.java:168: error: cannot find symbol
            child.appendChild(dataNode);   
                              ^
  symbol:   variable dataNode
  location: class Parser
3 errors

3150494 [main] INFO clegoues.genprog4java.rep.CachingRepresentation  - StmtAppend(586,654) StmtDelete(78) StmtAppend(677,611) StmtAppend(407,346) at variant384 fails to compile

3150494 [main] INFO clegoues.genprog4java.fitness.Fitness  - 	 gen: 6 0.0 StmtAppend(586,654) StmtDelete(78) StmtAppend(677,611) StmtAppend(407,346) (stored at: variant384)
3151147 [main] INFO clegoues.genprog4java.fitness.Fitness  - 	 gen: 6 1.0 StmtReplace(681,677) StmtReplace(594,675) (stored at: variant385)
3151173 [main] ERROR clegoues.genprog4java.rep.JavaRepresentation  - org/jsoup/parser/Tag.java:54: error: non-static variable empty cannot be referenced from a static context
                empty = true;
                ^
1 error

3151173 [main] INFO clegoues.genprog4java.rep.CachingRepresentation  - StmtDelete(413) StmtAppend(586,654) StmtDelete(78) StmtAppend(677,611) StmtReplace(533,716) at variant386 fails to compile

3151173 [main] INFO clegoues.genprog4java.fitness.Fitness  - 	 gen: 6 0.0 StmtDelete(413) StmtAppend(586,654) StmtDelete(78) StmtAppend(677,611) StmtReplace(533,716) (stored at: variant386)
3151204 [main] ERROR clegoues.genprog4java.rep.JavaRepresentation  - org/jsoup/parser/Parser.java:196: error: incompatible types: boolean cannot be converted to Attribute
						return true;
						       ^
1 error

3151204 [main] INFO clegoues.genprog4java.rep.CachingRepresentation  - StmtReplace(681,677) StmtAppend(436,550) at variant387 fails to compile

3151204 [main] INFO clegoues.genprog4java.fitness.Fitness  - 	 gen: 6 0.0 StmtReplace(681,677) StmtAppend(436,550) (stored at: variant387)
3151834 [main] INFO clegoues.genprog4java.fitness.Fitness  - 	 gen: 6 1.0 StmtReplace(680,661) StmtDelete(670) (stored at: variant388)
3151862 [main] ERROR clegoues.genprog4java.rep.JavaRepresentation  - org/jsoup/nodes/Element.java:724: error: incompatible types: String cannot be converted to Element
        {Set<String> classes=classNames();{return tag.getName();}}
                                                             ^
org/jsoup/nodes/Element.java:725: error: cannot find symbol
        classes.remove(className);
        ^
  symbol:   variable classes
  location: class Element
org/jsoup/nodes/Element.java:726: error: cannot find symbol
        classNames(classes);
                   ^
  symbol:   variable classes
  location: class Element
3 errors

3151862 [main] INFO clegoues.genprog4java.rep.CachingRepresentation  - StmtAppend(643,629) StmtDelete(719) StmtAppend(255,8) at variant389 fails to compile

3151862 [main] INFO clegoues.genprog4java.fitness.Fitness  - 	 gen: 6 0.0 StmtAppend(643,629) StmtDelete(719) StmtAppend(255,8) (stored at: variant389)
3151894 [main] ERROR clegoues.genprog4java.rep.JavaRepresentation  - org/jsoup/nodes/Element.java:625: error: cannot find symbol
        {for (Node child:childNodes){if (child instanceof TextNode){TextNode textNode=(TextNode)child;if (!textNode.isBlank())return true;} else if (child instanceof Element){Element el=(Element)child;if (el.hasText())return true;}}child.setParentNode(this);}
                                                                                                                                                                                                                                        ^
  symbol:   variable child
  location: class Element
1 error

3151894 [main] INFO clegoues.genprog4java.rep.CachingRepresentation  - StmtAppend(675,689) StmtAppend(643,629) StmtAppend(553,615) StmtAppend(586,654) StmtDelete(78) StmtAppend(677,611) StmtAppend(206,50) at variant390 fails to compile

3151894 [main] INFO clegoues.genprog4java.fitness.Fitness  - 	 gen: 6 0.0 StmtAppend(675,689) StmtAppend(643,629) StmtAppend(553,615) StmtAppend(586,654) StmtDelete(78) StmtAppend(677,611) StmtAppend(206,50) (stored at: variant390)
3152553 [main] INFO clegoues.genprog4java.fitness.Fitness  - 	 gen: 6 0.0 StmtDelete(433) (stored at: variant391)
3153158 [main] INFO clegoues.genprog4java.fitness.Fitness  - 	 gen: 6 0.0 StmtDelete(297) StmtDelete(337) (stored at: variant392)
3153185 [main] ERROR clegoues.genprog4java.rep.JavaRepresentation  - org/jsoup/nodes/Element.java:38: error: cannot find symbol
        appendChild(child);
                    ^
  symbol:   variable child
  location: class Element
1 error

3153185 [main] INFO clegoues.genprog4java.rep.CachingRepresentation  - StmtReplace(201,201) StmtReplace(3,55) at variant393 fails to compile

3153185 [main] INFO clegoues.genprog4java.fitness.Fitness  - 	 gen: 6 0.0 StmtReplace(201,201) StmtReplace(3,55) (stored at: variant393)
3153213 [main] ERROR clegoues.genprog4java.rep.JavaRepresentation  - org/jsoup/parser/Parser.java:289: error: unreachable statement
				{
				^
1 error

3153213 [main] INFO clegoues.genprog4java.rep.CachingRepresentation  - StmtReplace(551,642) StmtReplace(681,677) StmtDelete(343) StmtAppend(675,689) StmtAppend(505,336) at variant394 fails to compile

3153213 [main] INFO clegoues.genprog4java.fitness.Fitness  - 	 gen: 6 0.0 StmtReplace(551,642) StmtReplace(681,677) StmtDelete(343) StmtAppend(675,689) StmtAppend(505,336) (stored at: variant394)
3153249 [main] ERROR clegoues.genprog4java.rep.JavaRepresentation  - org/jsoup/parser/Tag.java:305: error: non-static variable canContainInline cannot be referenced from a static context
			canContainInline = true;
			^
1 error

3153250 [main] INFO clegoues.genprog4java.rep.CachingRepresentation  - StmtReplace(548,683) StmtReplace(576,620) StmtAppend(685,706) at variant395 fails to compile

3153250 [main] INFO clegoues.genprog4java.fitness.Fitness  - 	 gen: 6 0.0 StmtReplace(548,683) StmtReplace(576,620) StmtAppend(685,706) (stored at: variant395)
3153277 [main] ERROR clegoues.genprog4java.rep.JavaRepresentation  - org/jsoup/parser/Parser.java:160: error: cannot find symbol
                dataNode = TextNode.createFromEncoded(data, baseUri);
                                                      ^
  symbol:   variable data
  location: class Parser
org/jsoup/parser/Parser.java:162: error: cannot find symbol
                dataNode = new DataNode(data, baseUri); // data not encoded but raw (for " in script)
                                        ^
  symbol:   variable data
  location: class Parser
2 errors

3153277 [main] INFO clegoues.genprog4java.rep.CachingRepresentation  - StmtDelete(627) StmtDelete(462) StmtDelete(716) StmtAppend(214,214) StmtReplace(404,398) at variant396 fails to compile

3153277 [main] INFO clegoues.genprog4java.fitness.Fitness  - 	 gen: 6 0.0 StmtDelete(627) StmtDelete(462) StmtDelete(716) StmtAppend(214,214) StmtReplace(404,398) (stored at: variant396)
3153906 [main] INFO clegoues.genprog4java.fitness.Fitness  - 	 gen: 6 1.0 StmtReplace(548,683) StmtReplace(134,133) StmtDelete(651) StmtDelete(709) (stored at: variant397)
3154539 [main] INFO clegoues.genprog4java.fitness.Fitness  - 	 gen: 6 1.0 StmtAppend(192,49) StmtReplace(218,551) StmtDelete(483) (stored at: variant398)
3155184 [main] INFO clegoues.genprog4java.fitness.Fitness  - 	 gen: 6 1.0 StmtReplace(649,621) (stored at: variant399)
3155802 [main] INFO clegoues.genprog4java.fitness.Fitness  - 	 gen: 6 1.0 StmtAppend(200,2) StmtAppend(209,213) StmtDelete(2) (stored at: variant400)
3155843 [main] ERROR clegoues.genprog4java.rep.JavaRepresentation  - org/jsoup/nodes/Element.java:120: error: cannot find symbol
				return !isBlock;
				        ^
  symbol:   variable isBlock
  location: class Element
org/jsoup/nodes/Element.java:123: error: cannot find symbol
        accumulateParents(this, parents);
                                ^
  symbol:   variable parents
  location: class Element
org/jsoup/nodes/Element.java:124: error: cannot find symbol
        return parents;
               ^
  symbol:   variable parents
  location: class Element
3 errors

3155843 [main] INFO clegoues.genprog4java.rep.CachingRepresentation  - StmtAppend(200,2) StmtReplace(435,405) StmtReplace(134,133) StmtReplace(243,243) StmtDelete(462) StmtDelete(189) StmtDelete(200) StmtAppend(647,627) StmtAppend(23,562) at variant401 fails to compile

3155843 [main] INFO clegoues.genprog4java.fitness.Fitness  - 	 gen: 6 0.0 StmtAppend(200,2) StmtReplace(435,405) StmtReplace(134,133) StmtReplace(243,243) StmtDelete(462) StmtDelete(189) StmtDelete(200) StmtAppend(647,627) StmtAppend(23,562) (stored at: variant401)
3156437 [main] INFO clegoues.genprog4java.fitness.Fitness  - 	 gen: 6 1.0 StmtReplace(639,660) StmtAppend(668,632) (stored at: variant402)
3156463 [main] ERROR clegoues.genprog4java.rep.JavaRepresentation  - org/jsoup/nodes/Element.java:156: error: cannot find symbol
			return empty;
			       ^
  symbol:   variable empty
  location: class Element
1 error

3156463 [main] INFO clegoues.genprog4java.rep.CachingRepresentation  - StmtDelete(413) StmtReplace(37,566) at variant403 fails to compile

3156463 [main] INFO clegoues.genprog4java.fitness.Fitness  - 	 gen: 6 0.0 StmtDelete(413) StmtReplace(37,566) (stored at: variant403)
3156463 [main] INFO clegoues.genprog4java.Search.Search  - search: generation7
3157273 [main] ERROR clegoues.genprog4java.rep.JavaRepresentation  - org/jsoup/parser/Parser.java:160: error: cannot find symbol
                dataNode = TextNode.createFromEncoded(data, baseUri);
                                                      ^
  symbol:   variable data
  location: class Parser
org/jsoup/parser/Parser.java:162: error: cannot find symbol
                dataNode = new DataNode(data, baseUri); // data not encoded but raw (for " in script)
                                        ^
  symbol:   variable data
  location: class Parser
org/jsoup/parser/Tag.java:324: error: cannot find symbol
        empty();
        ^
  symbol:   method empty()
  location: class Tag
org/jsoup/parser/Tag.java:325: error: cannot find symbol
        inline.isBlock = false;
        ^
  symbol:   variable inline
  location: class Tag
org/jsoup/parser/Tag.java:326: error: cannot find symbol
        inline.canContainBlock = false;
        ^
  symbol:   variable inline
  location: class Tag
org/jsoup/parser/Tag.java:327: error: cannot find symbol
        return register(inline);
                        ^
  symbol:   variable inline
  location: class Tag
6 errors

3157273 [main] INFO clegoues.genprog4java.rep.CachingRepresentation  - StmtDelete(627) StmtDelete(462) StmtDelete(716) StmtAppend(214,214) StmtReplace(404,398) StmtReplace(694,297) at variant404 fails to compile

3157273 [main] INFO clegoues.genprog4java.fitness.Fitness  - 	 gen: 7 0.0 StmtDelete(627) StmtDelete(462) StmtDelete(716) StmtAppend(214,214) StmtReplace(404,398) StmtReplace(694,297) (stored at: variant404)
3157866 [main] INFO clegoues.genprog4java.fitness.Fitness  - 	 gen: 7 1.0 StmtReplace(680,661) StmtDelete(670) StmtDelete(226) (stored at: variant405)
3157894 [main] ERROR clegoues.genprog4java.rep.JavaRepresentation  - org/jsoup/parser/Parser.java:63: error: non-static variable tq cannot be referenced from a static context
			if (tq.matches("<!--")) {
			    ^
org/jsoup/parser/Parser.java:64: error: non-static method parseComment() cannot be referenced from a static context
				parseComment();
				^
org/jsoup/parser/Parser.java:65: error: non-static variable tq cannot be referenced from a static context
			} else if (tq.matches("<![CDATA[")) {
			           ^
org/jsoup/parser/Parser.java:66: error: non-static method parseCdata() cannot be referenced from a static context
				parseCdata();
				^
org/jsoup/parser/Parser.java:67: error: non-static variable tq cannot be referenced from a static context
			} else if (tq.matches("<?") || tq.matches("<!")) {
			           ^
org/jsoup/parser/Parser.java:67: error: non-static variable tq cannot be referenced from a static context
			} else if (tq.matches("<?") || tq.matches("<!")) {
			                               ^
org/jsoup/parser/Parser.java:68: error: non-static method parseXmlDecl() cannot be referenced from a static context
				parseXmlDecl();
				^
org/jsoup/parser/Parser.java:69: error: non-static variable tq cannot be referenced from a static context
			} else if (tq.matches("</")) {
			           ^
org/jsoup/parser/Parser.java:70: error: non-static method parseEndTag() cannot be referenced from a static context
				parseEndTag();
				^
org/jsoup/parser/Parser.java:71: error: non-static variable tq cannot be referenced from a static context
			} else if (tq.matches("<")) {
			           ^
org/jsoup/parser/Parser.java:72: error: non-static method parseStartTag() cannot be referenced from a static context
				parseStartTag();
				^
org/jsoup/parser/Parser.java:74: error: non-static method parseTextNode() cannot be referenced from a static context
				parseTextNode();
				^
org/jsoup/parser/Parser.java:77: error: cannot find symbol
        return parser.parse();
               ^
  symbol:   variable parser
  location: class Parser
13 errors

3157894 [main] INFO clegoues.genprog4java.rep.CachingRepresentation  - StmtDelete(297) StmtReplace(722,525) StmtReplace(201,201) StmtAppend(497,341) StmtReplace(334,338) at variant406 fails to compile

3157894 [main] INFO clegoues.genprog4java.fitness.Fitness  - 	 gen: 7 0.0 StmtDelete(297) StmtReplace(722,525) StmtReplace(201,201) StmtAppend(497,341) StmtReplace(334,338) (stored at: variant406)
3157921 [main] ERROR clegoues.genprog4java.rep.JavaRepresentation  - org/jsoup/parser/Parser.java:119: error: cannot find symbol
        boolean procInstr = firstChar.toString().equals("!");
                            ^
  symbol:   variable firstChar
  location: class Parser
1 error

3157921 [main] INFO clegoues.genprog4java.rep.CachingRepresentation  - StmtDelete(297) StmtReplace(722,525) StmtReplace(201,201) StmtAppend(497,341) StmtAppend(366,342) at variant407 fails to compile

3157921 [main] INFO clegoues.genprog4java.fitness.Fitness  - 	 gen: 7 0.0 StmtDelete(297) StmtReplace(722,525) StmtReplace(201,201) StmtAppend(497,341) StmtAppend(366,342) (stored at: variant407)
3158578 [main] INFO clegoues.genprog4java.fitness.Fitness  - 	 gen: 7 0.0 StmtReplace(681,677) StmtReplace(594,675) StmtReplace(392,524) (stored at: variant408)
3159151 [main] INFO clegoues.genprog4java.fitness.Fitness  - 	 gen: 7 0.0 StmtReplace(548,683) StmtReplace(556,610) StmtAppend(322,344) (stored at: variant409)
3159764 [main] INFO clegoues.genprog4java.fitness.Fitness  - 	 gen: 7 1.0 StmtReplace(680,661) StmtDelete(670) StmtDelete(669) (stored at: variant410)
3159794 [main] ERROR clegoues.genprog4java.rep.JavaRepresentation  - org/jsoup/nodes/Element.java:598: error: cannot find symbol
				if (this.tagName.equals("head")) {
				        ^
  symbol: variable tagName
org/jsoup/nodes/Element.java:599: error: cannot find symbol
					if (child.tagName.equals("base") || child.tagName.equals("script")
					         ^
  symbol:   variable tagName
  location: variable child of type Node
org/jsoup/nodes/Element.java:599: error: cannot find symbol
					if (child.tagName.equals("base") || child.tagName.equals("script")
					                                         ^
  symbol:   variable tagName
  location: variable child of type Node
org/jsoup/nodes/Element.java:600: error: cannot find symbol
							|| child.tagName.equals("noscript") || child.tagName.equals("link")
							        ^
  symbol:   variable tagName
  location: variable child of type Node
org/jsoup/nodes/Element.java:600: error: cannot find symbol
							|| child.tagName.equals("noscript") || child.tagName.equals("link")
							                                            ^
  symbol:   variable tagName
  location: variable child of type Node
org/jsoup/nodes/Element.java:601: error: cannot find symbol
							|| child.tagName.equals("meta") || child.tagName.equals("title")
							        ^
  symbol:   variable tagName
  location: variable child of type Node
org/jsoup/nodes/Element.java:601: error: cannot find symbol
							|| child.tagName.equals("meta") || child.tagName.equals("title")
							                                        ^
  symbol:   variable tagName
  location: variable child of type Node
org/jsoup/nodes/Element.java:602: error: cannot find symbol
							|| child.tagName.equals("style") || child.tagName.equals("object")) {
							        ^
  symbol:   variable tagName
  location: variable child of type Node
org/jsoup/nodes/Element.java:602: error: cannot find symbol
							|| child.tagName.equals("style") || child.tagName.equals("object")) {
							                                         ^
  symbol:   variable tagName
  location: variable child of type Node
org/jsoup/nodes/Element.java:603: error: incompatible types: unexpected return value
						return true;
						       ^
org/jsoup/nodes/Element.java:605: error: incompatible types: unexpected return value
					return false;
					       ^
11 errors

3159794 [main] INFO clegoues.genprog4java.rep.CachingRepresentation  - StmtReplace(548,683) StmtDelete(676) StmtDelete(702) StmtAppend(191,547) at variant411 fails to compile

3159794 [main] INFO clegoues.genprog4java.fitness.Fitness  - 	 gen: 7 0.0 StmtReplace(548,683) StmtDelete(676) StmtDelete(702) StmtAppend(191,547) (stored at: variant411)
3352050 [main] INFO clegoues.genprog4java.fitness.Fitness  - 	 gen: 7 1.0 StmtReplace(681,677) StmtReplace(594,675) StmtDelete(340) (stored at: variant412)
3352085 [main] ERROR clegoues.genprog4java.rep.JavaRepresentation  - org/jsoup/parser/Tag.java:271: error: return outside method
				return tagName;
				^
1 error

3352085 [main] INFO clegoues.genprog4java.rep.CachingRepresentation  - StmtDelete(297) StmtReplace(722,525) StmtReplace(201,201) StmtAppend(497,341) StmtAppend(652,521) at variant413 fails to compile

3352085 [main] INFO clegoues.genprog4java.fitness.Fitness  - 	 gen: 7 0.0 StmtDelete(297) StmtReplace(722,525) StmtReplace(201,201) StmtAppend(497,341) StmtAppend(652,521) (stored at: variant413)
3352116 [main] ERROR clegoues.genprog4java.rep.JavaRepresentation  - org/jsoup/nodes/Element.java:376: error: incompatible types: boolean cannot be converted to Element
			return true;
			       ^
org/jsoup/nodes/Element.java:378: error: cannot find symbol
        Integer index = indexInList(this, siblings);
                                          ^
  symbol:   variable siblings
  location: class Element
org/jsoup/nodes/Element.java:381: error: cannot find symbol
            return siblings.get(index-1);
                   ^
  symbol:   variable siblings
  location: class Element
3 errors

3352116 [main] INFO clegoues.genprog4java.rep.CachingRepresentation  - StmtReplace(649,621) StmtReplace(123,550) at variant414 fails to compile

3352116 [main] INFO clegoues.genprog4java.fitness.Fitness  - 	 gen: 7 0.0 StmtReplace(649,621) StmtReplace(123,550) (stored at: variant414)
3352756 [main] INFO clegoues.genprog4java.fitness.Fitness  - 	 gen: 7 1.0 StmtReplace(664,660) StmtDelete(282) StmtDelete(667) (stored at: variant415)
3352789 [main] ERROR clegoues.genprog4java.rep.JavaRepresentation  - org/jsoup/nodes/Element.java:728: error: cannot find symbol
			if (parent != null && !parent.tagName().equals("#root")) {
			    ^
  symbol:   variable parent
  location: class Element
org/jsoup/nodes/Element.java:728: error: cannot find symbol
			if (parent != null && !parent.tagName().equals("#root")) {
			                       ^
  symbol:   variable parent
  location: class Element
org/jsoup/nodes/Element.java:729: error: cannot find symbol
				parents.add(parent);
				            ^
  symbol:   variable parent
  location: class Element
org/jsoup/nodes/Element.java:729: error: cannot find symbol
				parents.add(parent);
				^
  symbol:   variable parents
  location: class Element
org/jsoup/nodes/Element.java:730: error: cannot find symbol
				accumulateParents(parent, parents);
				                  ^
  symbol:   variable parent
  location: class Element
org/jsoup/nodes/Element.java:730: error: cannot find symbol
				accumulateParents(parent, parents);
				                          ^
  symbol:   variable parents
  location: class Element
6 errors

3352789 [main] INFO clegoues.genprog4java.rep.CachingRepresentation  - StmtReplace(548,683) StmtDelete(676) StmtDelete(702) StmtAppend(257,28) at variant416 fails to compile

3352789 [main] INFO clegoues.genprog4java.fitness.Fitness  - 	 gen: 7 0.0 StmtReplace(548,683) StmtDelete(676) StmtDelete(702) StmtAppend(257,28) (stored at: variant416)
3352823 [main] ERROR clegoues.genprog4java.rep.JavaRepresentation  - org/jsoup/parser/Parser.java:87: error: cannot find symbol
					if (this.equals(tag))
					                ^
  symbol:   variable tag
  location: class Parser
org/jsoup/parser/Parser.java:88: error: incompatible types: boolean cannot be converted to Document
						return true;
						       ^
2 errors

3352823 [main] INFO clegoues.genprog4java.rep.CachingRepresentation  - StmtAppend(305,303) StmtAppend(581,689) StmtReplace(542,615) StmtAppend(349,576) at variant417 fails to compile

3352823 [main] INFO clegoues.genprog4java.fitness.Fitness  - 	 gen: 7 0.0 StmtAppend(305,303) StmtAppend(581,689) StmtReplace(542,615) StmtAppend(349,576) (stored at: variant417)
3352858 [main] ERROR clegoues.genprog4java.rep.JavaRepresentation  - org/jsoup/parser/Parser.java:294: error: incompatible types: Parser cannot be converted to Element
					return this;
					       ^
1 error

3352858 [main] INFO clegoues.genprog4java.rep.CachingRepresentation  - StmtReplace(681,677) StmtAppend(553,615) StmtDelete(653) StmtReplace(657,688) StmtAppend(264,23) StmtAppend(512,707) at variant418 fails to compile

3352858 [main] INFO clegoues.genprog4java.fitness.Fitness  - 	 gen: 7 0.0 StmtReplace(681,677) StmtAppend(553,615) StmtDelete(653) StmtReplace(657,688) StmtAppend(264,23) StmtAppend(512,707) (stored at: variant418)
3352902 [main] ERROR clegoues.genprog4java.rep.JavaRepresentation  - org/jsoup/parser/Parser.java:290: error: cannot find symbol
				counter++;
				^
  symbol:   variable counter
  location: class Parser
org/jsoup/parser/Parser.java:303: error: cannot find symbol
            for (int i = 0; i < counter; i++) {
                                ^
  symbol:   variable counter
  location: class Parser
2 errors

3352902 [main] INFO clegoues.genprog4java.rep.CachingRepresentation  - StmtDelete(297) StmtReplace(722,525) StmtReplace(201,201) StmtAppend(497,341) StmtAppend(494,357) at variant419 fails to compile

3352902 [main] INFO clegoues.genprog4java.fitness.Fitness  - 	 gen: 7 0.0 StmtDelete(297) StmtReplace(722,525) StmtReplace(201,201) StmtAppend(497,341) StmtAppend(494,357) (stored at: variant419)
3353814 [main] INFO clegoues.genprog4java.fitness.Fitness  - 	 gen: 7 1.0 StmtReplace(664,660) StmtDelete(282) StmtReplace(674,615) (stored at: variant420)
3353841 [main] ERROR clegoues.genprog4java.rep.JavaRepresentation  - org/jsoup/parser/Parser.java:275: error: cannot find symbol
            if (parent2.isValidParent(childTag)) {
                ^
  symbol:   variable parent2
  location: class Parser
1 error

3353841 [main] INFO clegoues.genprog4java.rep.CachingRepresentation  - StmtReplace(664,660) StmtDelete(282) StmtAppend(481,338) at variant421 fails to compile

3353841 [main] INFO clegoues.genprog4java.fitness.Fitness  - 	 gen: 7 0.0 StmtReplace(664,660) StmtDelete(282) StmtAppend(481,338) (stored at: variant421)
3353870 [main] ERROR clegoues.genprog4java.rep.JavaRepresentation  - org/jsoup/parser/Tag.java:119: error: unreachable statement
		createBlock("STYLE").setAncestor("HEAD", "BODY").setContainDataOnly();
		^
org/jsoup/parser/Tag.java:120: error: missing return statement
	}
	^
2 errors

3353871 [main] INFO clegoues.genprog4java.rep.CachingRepresentation  - StmtReplace(639,660) StmtAppend(668,632) StmtAppend(560,616) at variant422 fails to compile

3353871 [main] INFO clegoues.genprog4java.fitness.Fitness  - 	 gen: 7 0.0 StmtReplace(639,660) StmtAppend(668,632) StmtAppend(560,616) (stored at: variant422)
3353900 [main] ERROR clegoues.genprog4java.rep.JavaRepresentation  - org/jsoup/parser/Parser.java:204: error: cannot find symbol
		popStackToClose(tag);
		                ^
  symbol:   variable tag
  location: class Parser
1 error

3353900 [main] INFO clegoues.genprog4java.rep.CachingRepresentation  - StmtReplace(639,660) StmtAppend(668,632) StmtAppend(419,406) at variant423 fails to compile

3353900 [main] INFO clegoues.genprog4java.fitness.Fitness  - 	 gen: 7 0.0 StmtReplace(639,660) StmtAppend(668,632) StmtAppend(419,406) (stored at: variant423)
3353937 [main] ERROR clegoues.genprog4java.rep.JavaRepresentation  - org/jsoup/nodes/Element.java:274: error: cannot find symbol
				if (isBlock != tag.isBlock)
				    ^
  symbol:   variable isBlock
  location: class Element
org/jsoup/nodes/Element.java:274: error: isBlock has private access in Tag
				if (isBlock != tag.isBlock)
				                  ^
org/jsoup/nodes/Element.java:275: error: incompatible types: boolean cannot be converted to Element
					return false;
					       ^
3 errors

3353937 [main] INFO clegoues.genprog4java.rep.CachingRepresentation  - StmtReplace(639,660) StmtAppend(668,632) StmtAppend(74,592) at variant424 fails to compile

3353937 [main] INFO clegoues.genprog4java.fitness.Fitness  - 	 gen: 7 0.0 StmtReplace(639,660) StmtAppend(668,632) StmtAppend(74,592) (stored at: variant424)
3353946 [main] ERROR clegoues.genprog4java.rep.JavaRepresentation  - org/jsoup/parser/Tag.java:123: error: ';' expected
    public boolean isInline() createBlock("DEL");
                             ^
1 error

3353946 [main] INFO clegoues.genprog4java.rep.CachingRepresentation  - StmtReplace(681,677) StmtReplace(594,675) StmtReplace(562,676) at variant425 fails to compile

3353946 [main] INFO clegoues.genprog4java.fitness.Fitness  - 	 gen: 7 0.0 StmtReplace(681,677) StmtReplace(594,675) StmtReplace(562,676) (stored at: variant425)
3353983 [main] ERROR clegoues.genprog4java.rep.JavaRepresentation  - org/jsoup/parser/Parser.java:231: error: cannot find symbol
						if (last().tag().canContain(tag))
						                            ^
  symbol:   variable tag
  location: class Parser
org/jsoup/parser/Parser.java:242: error: cannot find symbol
                implicit.appendChild(head);
                ^
  symbol:   variable implicit
  location: class Parser
org/jsoup/parser/Parser.java:244: error: cannot find symbol
            implicit.appendChild(child);
            ^
  symbol:   variable implicit
  location: class Parser
org/jsoup/parser/Parser.java:247: error: cannot find symbol
            Element root = addChildToParent(implicit, false);
                                            ^
  symbol:   variable implicit
  location: class Parser
4 errors

3353983 [main] INFO clegoues.genprog4java.rep.CachingRepresentation  - StmtReplace(681,677) StmtAppend(553,615) StmtAppend(586,654) StmtDelete(78) StmtAppend(677,611) StmtReplace(645,654) StmtAppend(461,486) at variant426 fails to compile

3353983 [main] INFO clegoues.genprog4java.fitness.Fitness  - 	 gen: 7 0.0 StmtReplace(681,677) StmtAppend(553,615) StmtAppend(586,654) StmtDelete(78) StmtAppend(677,611) StmtReplace(645,654) StmtAppend(461,486) (stored at: variant426)
3354692 [main] INFO clegoues.genprog4java.fitness.Fitness  - 	 gen: 7 1.0 StmtAppend(305,303) StmtAppend(581,689) StmtReplace(542,615) StmtAppend(576,562) (stored at: variant427)
3355285 [main] INFO clegoues.genprog4java.fitness.Fitness  - 	 gen: 7 1.0 StmtReplace(548,683) StmtDelete(676) StmtDelete(702) StmtDelete(576) (stored at: variant428)
3355971 [main] INFO clegoues.genprog4java.fitness.Fitness  - 	 gen: 7 0.0 StmtReplace(548,683) StmtDelete(676) StmtDelete(702) StmtAppend(533,679) (stored at: variant429)
3356630 [main] INFO clegoues.genprog4java.fitness.Fitness  - 	 gen: 7 1.0 StmtDelete(297) StmtReplace(722,525) StmtReplace(201,201) StmtAppend(497,341) StmtAppend(207,201) (stored at: variant430)
3356672 [main] ERROR clegoues.genprog4java.rep.JavaRepresentation  - org/jsoup/parser/Tag.java:340: error: missing return statement
	}
	^
1 error

3356672 [main] INFO clegoues.genprog4java.rep.CachingRepresentation  - StmtReplace(681,677) StmtAppend(553,615) StmtDelete(653) StmtReplace(657,688) StmtAppend(264,23) StmtDelete(704) at variant431 fails to compile

3356672 [main] INFO clegoues.genprog4java.fitness.Fitness  - 	 gen: 7 0.0 StmtReplace(681,677) StmtAppend(553,615) StmtDelete(653) StmtReplace(657,688) StmtAppend(264,23) StmtDelete(704) (stored at: variant431)
3357266 [main] INFO clegoues.genprog4java.fitness.Fitness  - 	 gen: 7 1.0 StmtReplace(548,683) StmtReplace(134,133) StmtDelete(651) StmtDelete(709) StmtReplace(471,439) (stored at: variant432)
3357301 [main] ERROR clegoues.genprog4java.rep.JavaRepresentation  - org/jsoup/nodes/Element.java:221: error: cannot find symbol
        appendChild(child);
                    ^
  symbol:   variable child
  location: class Element
org/jsoup/nodes/Element.java:222: error: cannot find symbol
        return child;
               ^
  symbol:   variable child
  location: class Element
2 errors

3357302 [main] INFO clegoues.genprog4java.rep.CachingRepresentation  - StmtReplace(681,677) StmtAppend(553,615) StmtAppend(586,654) StmtDelete(78) StmtAppend(677,611) StmtReplace(645,654) StmtDelete(54) at variant433 fails to compile

3357302 [main] INFO clegoues.genprog4java.fitness.Fitness  - 	 gen: 7 0.0 StmtReplace(681,677) StmtAppend(553,615) StmtAppend(586,654) StmtDelete(78) StmtAppend(677,611) StmtReplace(645,654) StmtDelete(54) (stored at: variant433)
3357335 [main] ERROR clegoues.genprog4java.rep.JavaRepresentation  - org/jsoup/parser/Parser.java:234: error: cannot find symbol
                implicit.appendChild(head);
                ^
  symbol:   variable implicit
  location: class Parser
org/jsoup/parser/Parser.java:236: error: cannot find symbol
            implicit.appendChild(child);
            ^
  symbol:   variable implicit
  location: class Parser
org/jsoup/parser/Parser.java:239: error: cannot find symbol
            Element root = addChildToParent(implicit, false);
                                            ^
  symbol:   variable implicit
  location: class Parser
3 errors

3357335 [main] INFO clegoues.genprog4java.rep.CachingRepresentation  - StmtReplace(548,683) StmtReplace(134,133) StmtDelete(651) StmtDelete(709) StmtAppend(461,469) at variant434 fails to compile

3357335 [main] INFO clegoues.genprog4java.fitness.Fitness  - 	 gen: 7 0.0 StmtReplace(548,683) StmtReplace(134,133) StmtDelete(651) StmtDelete(709) StmtAppend(461,469) (stored at: variant434)
3357411 [main] ERROR clegoues.genprog4java.rep.JavaRepresentation  - org/jsoup/nodes/Element.java:401: error: incompatible types: boolean cannot be converted to Integer
       for (Node child:childNodes){if (child instanceof TextNode){TextNode textNode=(TextNode)child;if (!textNode.isBlank())return true;} else if (child instanceof Element){Element el=(Element)child;if (el.hasText())return true;}} 
                                                                                                                                   ^
org/jsoup/nodes/Element.java:401: error: incompatible types: boolean cannot be converted to Integer
       for (Node child:childNodes){if (child instanceof TextNode){TextNode textNode=(TextNode)child;if (!textNode.isBlank())return true;} else if (child instanceof Element){Element el=(Element)child;if (el.hasText())return true;}} 
                                                                                                                                                                                                                               ^
2 errors

3357411 [main] INFO clegoues.genprog4java.rep.CachingRepresentation  - StmtReplace(681,677) StmtAppend(553,615) StmtDelete(653) StmtReplace(657,688) StmtAppend(264,23) StmtReplace(135,206) at variant435 fails to compile

3357411 [main] INFO clegoues.genprog4java.fitness.Fitness  - 	 gen: 7 0.0 StmtReplace(681,677) StmtAppend(553,615) StmtDelete(653) StmtReplace(657,688) StmtAppend(264,23) StmtReplace(135,206) (stored at: variant435)
3357449 [main] ERROR clegoues.genprog4java.rep.JavaRepresentation  - org/jsoup/parser/Tag.java:187: error: cannot find symbol
        result = 31 * result + (isBlock ? 1 : 0);
        ^
  symbol:   variable result
  location: class Tag
org/jsoup/parser/Tag.java:187: error: cannot find symbol
        result = 31 * result + (isBlock ? 1 : 0);
                      ^
  symbol:   variable result
  location: class Tag
org/jsoup/parser/Tag.java:188: error: cannot find symbol
        result = 31 * result + (canContainBlock ? 1 : 0);
        ^
  symbol:   variable result
  location: class Tag
org/jsoup/parser/Tag.java:188: error: cannot find symbol
        result = 31 * result + (canContainBlock ? 1 : 0);
                      ^
  symbol:   variable result
  location: class Tag
org/jsoup/parser/Tag.java:189: error: cannot find symbol
        result = 31 * result + (canContainInline ? 1 : 0);
        ^
  symbol:   variable result
  location: class Tag
org/jsoup/parser/Tag.java:189: error: cannot find symbol
        result = 31 * result + (canContainInline ? 1 : 0);
                      ^
  symbol:   variable result
  location: class Tag
org/jsoup/parser/Tag.java:190: error: cannot find symbol
        result = 31 * result + (optionalClosing ? 1 : 0);
        ^
  symbol:   variable result
  location: class Tag
org/jsoup/parser/Tag.java:190: error: cannot find symbol
        result = 31 * result + (optionalClosing ? 1 : 0);
                      ^
  symbol:   variable result
  location: class Tag
org/jsoup/parser/Tag.java:191: error: cannot find symbol
        result = 31 * result + (empty ? 1 : 0);
        ^
  symbol:   variable result
  location: class Tag
org/jsoup/parser/Tag.java:191: error: cannot find symbol
        result = 31 * result + (empty ? 1 : 0);
                      ^
  symbol:   variable result
  location: class Tag
org/jsoup/parser/Tag.java:192: error: cannot find symbol
        return result;
               ^
  symbol:   variable result
  location: class Tag
11 errors

3357449 [main] INFO clegoues.genprog4java.rep.CachingRepresentation  - StmtReplace(548,683) StmtDelete(78) StmtAppend(677,611) StmtAppend(573,635) StmtDelete(600) at variant436 fails to compile

3357449 [main] INFO clegoues.genprog4java.fitness.Fitness  - 	 gen: 7 0.0 StmtReplace(548,683) StmtDelete(78) StmtAppend(677,611) StmtAppend(573,635) StmtDelete(600) (stored at: variant436)
3358123 [main] INFO clegoues.genprog4java.fitness.Fitness  - 	 gen: 7 0.0 StmtReplace(548,683) StmtDelete(676) StmtDelete(702) StmtAppend(428,385) (stored at: variant437)
3358155 [main] ERROR clegoues.genprog4java.rep.JavaRepresentation  - org/jsoup/parser/Parser.java:156: error: Tag(String) has private access in Tag
            tag = new Tag(tagName);
                  ^
1 error

3358155 [main] INFO clegoues.genprog4java.rep.CachingRepresentation  - StmtAppend(192,49) StmtReplace(218,551) StmtDelete(483) StmtReplace(406,532) at variant438 fails to compile

3358155 [main] INFO clegoues.genprog4java.fitness.Fitness  - 	 gen: 7 0.0 StmtAppend(192,49) StmtReplace(218,551) StmtDelete(483) StmtReplace(406,532) (stored at: variant438)
3358185 [main] ERROR clegoues.genprog4java.rep.JavaRepresentation  - org/jsoup/parser/Parser.java:217: error: cannot find symbol
        last().appendChild(textNode);
                           ^
  symbol:   variable textNode
  location: class Parser
1 error

3358185 [main] INFO clegoues.genprog4java.rep.CachingRepresentation  - StmtDelete(297) StmtReplace(722,525) StmtReplace(201,201) StmtAppend(497,341) StmtDelete(452) at variant439 fails to compile

3358186 [main] INFO clegoues.genprog4java.fitness.Fitness  - 	 gen: 7 0.0 StmtDelete(297) StmtReplace(722,525) StmtReplace(201,201) StmtAppend(497,341) StmtDelete(452) (stored at: variant439)
3358831 [main] INFO clegoues.genprog4java.fitness.Fitness  - 	 gen: 7 1.0 StmtDelete(297) StmtReplace(722,525) StmtReplace(201,201) StmtAppend(497,341) StmtReplace(462,400) (stored at: variant440)
3358856 [main] ERROR clegoues.genprog4java.rep.JavaRepresentation  - org/jsoup/parser/Parser.java:145: error: incompatible types: unexpected return value
				return tagName;
				       ^
org/jsoup/parser/Parser.java:155: error: cannot find symbol
        addChildToParent(child, isEmptyElement);
                         ^
  symbol:   variable child
  location: class Parser
org/jsoup/parser/Parser.java:168: error: cannot find symbol
            child.appendChild(dataNode);   
            ^
  symbol:   variable child
  location: class Parser
org/jsoup/parser/Parser.java:172: error: cannot find symbol
        if (child.tagName().equals("base")) {
            ^
  symbol:   variable child
  location: class Parser
org/jsoup/parser/Parser.java:173: error: cannot find symbol
            String href = child.absUrl("href");
                          ^
  symbol:   variable child
  location: class Parser
5 errors

3358856 [main] INFO clegoues.genprog4java.rep.CachingRepresentation  - StmtReplace(548,683) StmtDelete(581) StmtDelete(653) StmtReplace(657,688) StmtAppend(575,661) StmtAppend(394,607) at variant441 fails to compile

3358856 [main] INFO clegoues.genprog4java.fitness.Fitness  - 	 gen: 7 0.0 StmtReplace(548,683) StmtDelete(581) StmtDelete(653) StmtReplace(657,688) StmtAppend(575,661) StmtAppend(394,607) (stored at: variant441)
3359457 [main] INFO clegoues.genprog4java.fitness.Fitness  - 	 gen: 7 1.0 StmtReplace(639,660) StmtAppend(668,632) StmtDelete(667) (stored at: variant442)
3359484 [main] ERROR clegoues.genprog4java.rep.JavaRepresentation  - org/jsoup/nodes/Element.java:83: error: missing return statement
	}
	^
1 error

3359485 [main] INFO clegoues.genprog4java.rep.CachingRepresentation  - StmtReplace(639,660) StmtReplace(646,647) StmtDelete(12) at variant443 fails to compile

3359485 [main] INFO clegoues.genprog4java.fitness.Fitness  - 	 gen: 7 0.0 StmtReplace(639,660) StmtReplace(646,647) StmtDelete(12) (stored at: variant443)
3359518 [main] ERROR clegoues.genprog4java.rep.JavaRepresentation  - org/jsoup/nodes/Element.java:576: error: cannot find symbol
        text(sb);
             ^
  symbol:   variable sb
  location: class Element
org/jsoup/nodes/Element.java:577: error: cannot find symbol
        return sb.toString().trim();
               ^
  symbol:   variable sb
  location: class Element
2 errors

3359518 [main] INFO clegoues.genprog4java.rep.CachingRepresentation  - StmtDelete(297) StmtReplace(722,525) StmtAppend(553,615) StmtAppend(586,654) StmtDelete(78) StmtAppend(677,611) StmtReplace(645,654) StmtDelete(175) at variant444 fails to compile

3359518 [main] INFO clegoues.genprog4java.fitness.Fitness  - 	 gen: 7 0.0 StmtDelete(297) StmtReplace(722,525) StmtAppend(553,615) StmtAppend(586,654) StmtDelete(78) StmtAppend(677,611) StmtReplace(645,654) StmtDelete(175) (stored at: variant444)
3456068 [main] INFO clegoues.genprog4java.fitness.Fitness  - 	 gen: 7 0.0 StmtAppend(497,341) StmtDelete(344) (stored at: variant445)
3456709 [main] INFO clegoues.genprog4java.fitness.Fitness  - 	 gen: 7 1.0 StmtDelete(297) StmtReplace(719,644) (stored at: variant446)
3456742 [main] ERROR clegoues.genprog4java.rep.JavaRepresentation  - org/jsoup/parser/Parser.java:118: error: cannot find symbol
        last().appendChild(decl);
                           ^
  symbol:   variable decl
  location: class Parser
1 error

3456742 [main] INFO clegoues.genprog4java.rep.CachingRepresentation  - StmtAppend(305,303) StmtAppend(581,689) StmtReplace(201,201) StmtAppend(497,341) StmtReplace(369,345) at variant447 fails to compile

3456742 [main] INFO clegoues.genprog4java.fitness.Fitness  - 	 gen: 7 0.0 StmtAppend(305,303) StmtAppend(581,689) StmtReplace(201,201) StmtAppend(497,341) StmtReplace(369,345) (stored at: variant447)
3457396 [main] INFO clegoues.genprog4java.fitness.Fitness  - 	 gen: 7 1.0 StmtReplace(548,683) StmtAppend(462,329) (stored at: variant448)
3457425 [main] ERROR clegoues.genprog4java.rep.JavaRepresentation  - org/jsoup/nodes/Element.java:156: error: cannot find symbol
            if (child.isBlock && !this.canContainBlock)
                ^
  symbol:   variable child
  location: class Element
org/jsoup/nodes/Element.java:156: error: cannot find symbol
            if (child.isBlock && !this.canContainBlock)
                                      ^
  symbol: variable canContainBlock
org/jsoup/nodes/Element.java:157: error: incompatible types: boolean cannot be converted to Elements
				return false;
				       ^
3 errors

3457425 [main] INFO clegoues.genprog4java.rep.CachingRepresentation  - StmtReplace(548,683) StmtDelete(676) StmtReplace(38,539) at variant449 fails to compile

3457425 [main] INFO clegoues.genprog4java.fitness.Fitness  - 	 gen: 7 0.0 StmtReplace(548,683) StmtDelete(676) StmtReplace(38,539) (stored at: variant449)
3457465 [main] ERROR clegoues.genprog4java.rep.JavaRepresentation  - org/jsoup/nodes/Element.java:342: error: cannot assign a value to final variable tag
			tag = new Tag(tagName);
			^
org/jsoup/nodes/Element.java:342: error: cannot find symbol
			tag = new Tag(tagName);
			              ^
  symbol:   variable tagName
  location: class Element
2 errors

3457465 [main] INFO clegoues.genprog4java.rep.CachingRepresentation  - StmtReplace(548,683) StmtAppend(553,615) StmtDelete(653) StmtReplace(657,688) StmtAppend(264,23) StmtAppend(110,532) at variant450 fails to compile

3457465 [main] INFO clegoues.genprog4java.fitness.Fitness  - 	 gen: 7 0.0 StmtReplace(548,683) StmtAppend(553,615) StmtDelete(653) StmtReplace(657,688) StmtAppend(264,23) StmtAppend(110,532) (stored at: variant450)
3458072 [main] INFO clegoues.genprog4java.fitness.Fitness  - 	 gen: 7 0.0 StmtDelete(702) StmtDelete(396) (stored at: variant451)
3458101 [main] ERROR clegoues.genprog4java.rep.JavaRepresentation  - org/jsoup/nodes/Element.java:644: error: cannot find symbol
			TextNode node = new TextNode(text, baseUri());
			                             ^
  symbol:   variable text
  location: class Element
org/jsoup/nodes/Element.java:646: error: incompatible types: Element cannot be converted to String
			return this;
			       ^
org/jsoup/nodes/Element.java:652: error: cannot find symbol
                sb.append(data.getWholeData());
                ^
  symbol:   variable sb
  location: class Element
org/jsoup/nodes/Element.java:656: error: cannot find symbol
                sb.append(elementData);
                ^
  symbol:   variable sb
  location: class Element
org/jsoup/nodes/Element.java:659: error: cannot find symbol
        return sb.toString();
               ^
  symbol:   variable sb
  location: class Element
5 errors

3458101 [main] INFO clegoues.genprog4java.rep.CachingRepresentation  - StmtReplace(681,677) StmtDelete(709) StmtReplace(220,61) at variant452 fails to compile

3458101 [main] INFO clegoues.genprog4java.fitness.Fitness  - 	 gen: 7 0.0 StmtReplace(681,677) StmtDelete(709) StmtReplace(220,61) (stored at: variant452)
