0 [main] DEBUG clegoues.genprog4java.fitness.Fitness  - parsing granularity, value: class
24 [main] DEBUG clegoues.genprog4java.fitness.Fitness  - parsing granularity, value: class
#Tue Mar 09 01:59:43 CST 2021
negativeTestWeight=2.0
classSourceFolder=/home/rtx/repair/d4j/Math/8b/target/classes
model=default
sampleStrategy=variant
srcClassPath=/home/rtx/repair/d4j/Math/8b/target/classes
sourceVersion=1.8
popsize=40
regenPaths=false
posCoverageFile=coverage.path.pos
continue=false
edits=APPEND;DELETE;REPLACE
negCoverageFile=coverage.path.neg
workingDir=/home/rtx/repair/d4j/Math/8b/
clearTestCache=false
skipFailedSanity=false
sample=0.1 
oracleGenome=
testGranularity=class
justTestingFaultLoc=false
faultLocStrategy=standardPathFile
crossp=0.5
pMutation=1
generations=10
positiveTests=/home/rtx/repair/d4j/Math/8b/pos.tests
javaVM=/home/rtx/java/jdk1.8.0_271/jre/bin/java
seed=1
negativePathWeight=0.35
compileCommand=
fixStrategy=classScope
allowCoverageFail=false
targetClassName=/home/rtx/repair/d4j/Math/8b/bugfiles.txt
javaRuntime=java.lang.Runtime@6576fe71
classTestFolder=
modelPath=OVERALLModel.txt
sanity=yes
positivePathWeight=0.65
jacocoPath=/home/rtx/eclipse-workspace/genprog4java/lib/jacocoagent.jar
negativeTests=/home/rtx/repair/d4j/Math/8b/neg.tests
pathToFileHumanInjectedFaultLoc=fileHumanInjectedFaultLoc.txt
outputDir=/home/rtx/repair/d4j/Math/8b/genprog4java/variantSeed1/
testClassPath=/home/rtx/repair/d4j/Math/8b/target/classes\:/home/rtx/repair/d4j/Math/8b/target/test-classes\:/home/rtx/repair/defects4j/framework/projects/lib/junit-4.11.jar\:/home/rtx/repair/d4j/Math/8b/lib/junit-4.8.2.jar
faultStrategy=classScope
sourceDir=src/main/java
checkSpace=false
search=gp
globalExtension=.java
faultSpaceSubSet=1/5
maxVariants=50
libs=/home/rtx/eclipse-workspace/genprog4java/lib/junittestrunner.jar\:/home/rtx/eclipse-workspace/genprog4java/lib/commons-cli-20040117.000000.jar\:/home/rtx/eclipse-workspace/genprog4java/lib/junit-4.12.jar\:/home/rtx/eclipse-workspace/genprog4java/lib/hamcrest-core-1.3.jar\:/home/rtx/eclipse-workspace/genprog4java/lib/log4j-1.2.17.jar\:/home/rtx/repair/d4j/Math/8b/target/classes\:/home/rtx/repair/d4j/Math/8b/target/test-classes\:/home/rtx/repair/defects4j/framework/projects/lib/junit-4.11.jar\:/home/rtx/repair/d4j/Math/8b/lib/junit-4.8.2.jar\:/home/rtx/repair/d4j/Math/8b/target/classes
crossover=onepoint
110 [main] INFO clegoues.genprog4java.main.Main  - Configuration file loaded
Deserialized fitnessCache HashMap
10375 [main] INFO clegoues.genprog4java.rep.CachingRepresentation  - loaded from source clegoues.genprog4java.java.ClassInfo@bb9e1fbf
10376 [main] INFO clegoues.genprog4java.rep.CachingRepresentation  - sanity checking begins
10834 [main] INFO clegoues.genprog4java.rep.CachingRepresentation  - Checking test number 1 out of 1
11097 [main] INFO clegoues.genprog4java.rep.CachingRepresentation  - true (1)

11098 [main] INFO clegoues.genprog4java.rep.CachingRepresentation  - 	n1: 
11357 [main] INFO clegoues.genprog4java.rep.CachingRepresentation  - false (0)

11357 [main] INFO clegoues.genprog4java.rep.CachingRepresentation  - sanity checking completed (time taken = 981)
11357 [main] INFO clegoues.genprog4java.localization.DefaultLocalization  - Start Fault Localization
11369 [main] INFO clegoues.genprog4java.localization.DefaultLocalization  - Finish Fault Localization
11369 [main] INFO clegoues.genprog4java.Search.Search  - search: genetic algorithm begins

11394 [main] INFO clegoues.genprog4java.fitness.Fitness  - 	 gen: 0 0.0 original (stored at: )
11488 [main] INFO clegoues.genprog4java.fitness.Fitness  - 	 gen: 0 0.0 StmtDelete(32) (stored at: )
11805 [main] INFO clegoues.genprog4java.fitness.Fitness  - 	 gen: 0 0.0 StmtReplace(13,11) (stored at: variant0)
11869 [main] ERROR clegoues.genprog4java.rep.JavaRepresentation  - org/apache/commons/math3/distribution/DiscreteDistribution.java:192: error: cannot find symbol
            out[i] = sample();
            ^
  symbol:   variable out
  location: class DiscreteDistribution<T>
  where T is a type-variable:
    T extends Object declared in class DiscreteDistribution
org/apache/commons/math3/distribution/DiscreteDistribution.java:195: error: cannot find symbol
        return out;
               ^
  symbol:   variable out
  location: class DiscreteDistribution<T>
  where T is a type-variable:
    T extends Object declared in class DiscreteDistribution
2 errors

11869 [main] INFO clegoues.genprog4java.rep.CachingRepresentation  - StmtReplace(45,43) at variant1 fails to compile

11869 [main] INFO clegoues.genprog4java.fitness.Fitness  - 	 gen: 0 0.0 StmtReplace(45,43) (stored at: variant1)
12259 [main] INFO clegoues.genprog4java.fitness.Fitness  - 	 gen: 0 0.0 StmtDelete(42) (stored at: variant2)
12588 [main] INFO clegoues.genprog4java.fitness.Fitness  - 	 gen: 0 0.0 StmtReplace(12,18) (stored at: variant3)
12874 [main] INFO clegoues.genprog4java.fitness.Fitness  - 	 gen: 0 0.0 StmtDelete(34) (stored at: variant4)
12918 [main] ERROR clegoues.genprog4java.rep.JavaRepresentation  - org/apache/commons/math3/distribution/DiscreteDistribution.java:126: error: cannot find symbol
				throw new NotPositiveException(sample.getValue());
				                               ^
  symbol:   variable sample
  location: class DiscreteDistribution<T>
  where T is a type-variable:
    T extends Object declared in class DiscreteDistribution
org/apache/commons/math3/distribution/DiscreteDistribution.java:133: error: cannot find symbol
                probability += probabilities[i];
                ^
  symbol:   variable probability
  location: class DiscreteDistribution<T>
  where T is a type-variable:
    T extends Object declared in class DiscreteDistribution
org/apache/commons/math3/distribution/DiscreteDistribution.java:137: error: cannot find symbol
        return probability;
               ^
  symbol:   variable probability
  location: class DiscreteDistribution<T>
  where T is a type-variable:
    T extends Object declared in class DiscreteDistribution
Note: org/apache/commons/math3/distribution/DiscreteDistribution.java uses unchecked or unsafe operations.
Note: Recompile with -Xlint:unchecked for details.
3 errors

12918 [main] INFO clegoues.genprog4java.rep.CachingRepresentation  - StmtAppend(18,11) at variant5 fails to compile

12918 [main] INFO clegoues.genprog4java.fitness.Fitness  - 	 gen: 0 0.0 StmtAppend(18,11) (stored at: variant5)
12971 [main] ERROR clegoues.genprog4java.rep.JavaRepresentation  - org/apache/commons/math3/distribution/DiscreteDistribution.java:167: error: cannot find symbol
			singletons.add(sample.getKey());
			               ^
  symbol:   variable sample
  location: class DiscreteDistribution<T>
  where T is a type-variable:
    T extends Object declared in class DiscreteDistribution
Note: org/apache/commons/math3/distribution/DiscreteDistribution.java uses unchecked or unsafe operations.
Note: Recompile with -Xlint:unchecked for details.
1 error

12971 [main] INFO clegoues.genprog4java.rep.CachingRepresentation  - StmtAppend(35,9) at variant6 fails to compile

12972 [main] INFO clegoues.genprog4java.fitness.Fitness  - 	 gen: 0 0.0 StmtAppend(35,9) (stored at: variant6)
13029 [main] ERROR clegoues.genprog4java.rep.JavaRepresentation  - org/apache/commons/math3/distribution/DiscreteDistribution.java:164: error: cannot find symbol
            sum += probabilities[i];
            ^
  symbol:   variable sum
  location: class DiscreteDistribution<T>
  where T is a type-variable:
    T extends Object declared in class DiscreteDistribution
org/apache/commons/math3/distribution/DiscreteDistribution.java:165: error: cannot find symbol
            if (randomValue < sum) {
                              ^
  symbol:   variable sum
  location: class DiscreteDistribution<T>
  where T is a type-variable:
    T extends Object declared in class DiscreteDistribution
Note: org/apache/commons/math3/distribution/DiscreteDistribution.java uses unchecked or unsafe operations.
Note: Recompile with -Xlint:unchecked for details.
2 errors

13029 [main] INFO clegoues.genprog4java.rep.CachingRepresentation  - StmtAppend(33,18) at variant7 fails to compile

13029 [main] INFO clegoues.genprog4java.fitness.Fitness  - 	 gen: 0 0.0 StmtAppend(33,18) (stored at: variant7)
13084 [main] ERROR clegoues.genprog4java.rep.JavaRepresentation  - org/apache/commons/math3/distribution/DiscreteDistribution.java:142: error: cannot find symbol
        {final List<Pair<T, Double>> samples=new ArrayList<Pair<T, Double>>(probabilities.length);if (sample.getValue() < 0){throw new NotPositiveException(sample.getValue());}}
                                                                                                      ^
  symbol:   variable sample
  location: class DiscreteDistribution<T>
  where T is a type-variable:
    T extends Object declared in class DiscreteDistribution
org/apache/commons/math3/distribution/DiscreteDistribution.java:142: error: cannot find symbol
        {final List<Pair<T, Double>> samples=new ArrayList<Pair<T, Double>>(probabilities.length);if (sample.getValue() < 0){throw new NotPositiveException(sample.getValue());}}
                                                                                                                                                            ^
  symbol:   variable sample
  location: class DiscreteDistribution<T>
  where T is a type-variable:
    T extends Object declared in class DiscreteDistribution
org/apache/commons/math3/distribution/DiscreteDistribution.java:145: error: cannot find symbol
            samples.add(new Pair<T, Double>(singletons.get(i), probabilities[i]));
            ^
  symbol:   variable samples
  location: class DiscreteDistribution<T>
  where T is a type-variable:
    T extends Object declared in class DiscreteDistribution
org/apache/commons/math3/distribution/DiscreteDistribution.java:148: error: cannot find symbol
        return samples;
               ^
  symbol:   variable samples
  location: class DiscreteDistribution<T>
  where T is a type-variable:
    T extends Object declared in class DiscreteDistribution
Note: org/apache/commons/math3/distribution/DiscreteDistribution.java uses unchecked or unsafe operations.
Note: Recompile with -Xlint:unchecked for details.
4 errors

13085 [main] INFO clegoues.genprog4java.rep.CachingRepresentation  - StmtAppend(26,10) at variant8 fails to compile

13085 [main] INFO clegoues.genprog4java.fitness.Fitness  - 	 gen: 0 0.0 StmtAppend(26,10) (stored at: variant8)
13131 [main] ERROR clegoues.genprog4java.rep.JavaRepresentation  - org/apache/commons/math3/distribution/DiscreteDistribution.java:94: error: cannot find symbol
            singletons.add(sample.getKey());
                           ^
  symbol:   variable sample
  location: class DiscreteDistribution<T>
  where T is a type-variable:
    T extends Object declared in class DiscreteDistribution
org/apache/commons/math3/distribution/DiscreteDistribution.java:95: error: cannot find symbol
            if (sample.getValue() < 0) {
                ^
  symbol:   variable sample
  location: class DiscreteDistribution<T>
  where T is a type-variable:
    T extends Object declared in class DiscreteDistribution
org/apache/commons/math3/distribution/DiscreteDistribution.java:96: error: cannot find symbol
                throw new NotPositiveException(sample.getValue());
                                               ^
  symbol:   variable sample
  location: class DiscreteDistribution<T>
  where T is a type-variable:
    T extends Object declared in class DiscreteDistribution
org/apache/commons/math3/distribution/DiscreteDistribution.java:98: error: cannot find symbol
            probs[i] = sample.getValue();
                       ^
  symbol:   variable sample
  location: class DiscreteDistribution<T>
  where T is a type-variable:
    T extends Object declared in class DiscreteDistribution
Note: org/apache/commons/math3/distribution/DiscreteDistribution.java uses unchecked or unsafe operations.
Note: Recompile with -Xlint:unchecked for details.
4 errors

13131 [main] INFO clegoues.genprog4java.rep.CachingRepresentation  - StmtAppend(8,11) at variant9 fails to compile

13131 [main] INFO clegoues.genprog4java.fitness.Fitness  - 	 gen: 0 0.0 StmtAppend(8,11) (stored at: variant9)
13136 [main] INFO clegoues.genprog4java.fitness.Fitness  - 	 gen: 0 0.0 StmtDelete(7) (stored at: )
13476 [main] INFO clegoues.genprog4java.fitness.Fitness  - 	 gen: 0 0.0 StmtDelete(10) (stored at: variant10)
13784 [main] INFO clegoues.genprog4java.fitness.Fitness  - 	 gen: 0 0.0 StmtAppend(20,23) (stored at: variant11)
13787 [main] INFO clegoues.genprog4java.fitness.Fitness  - 	 gen: 0 0.0 StmtDelete(2) (stored at: )
13789 [main] INFO clegoues.genprog4java.fitness.Fitness  - 	 gen: 0 0.0 StmtDelete(5) (stored at: )
13825 [main] ERROR clegoues.genprog4java.rep.JavaRepresentation  - org/apache/commons/math3/distribution/DiscreteDistribution.java:95: error: cannot find symbol
            singletons.add(sample.getKey());
                           ^
  symbol:   variable sample
  location: class DiscreteDistribution<T>
  where T is a type-variable:
    T extends Object declared in class DiscreteDistribution
org/apache/commons/math3/distribution/DiscreteDistribution.java:96: error: cannot find symbol
            if (sample.getValue() < 0) {
                ^
  symbol:   variable sample
  location: class DiscreteDistribution<T>
  where T is a type-variable:
    T extends Object declared in class DiscreteDistribution
org/apache/commons/math3/distribution/DiscreteDistribution.java:97: error: cannot find symbol
                throw new NotPositiveException(sample.getValue());
                                               ^
  symbol:   variable sample
  location: class DiscreteDistribution<T>
  where T is a type-variable:
    T extends Object declared in class DiscreteDistribution
org/apache/commons/math3/distribution/DiscreteDistribution.java:99: error: cannot find symbol
            probs[i] = sample.getValue();
                       ^
  symbol:   variable sample
  location: class DiscreteDistribution<T>
  where T is a type-variable:
    T extends Object declared in class DiscreteDistribution
Note: org/apache/commons/math3/distribution/DiscreteDistribution.java uses unchecked or unsafe operations.
Note: Recompile with -Xlint:unchecked for details.
4 errors

13826 [main] INFO clegoues.genprog4java.rep.CachingRepresentation  - StmtDelete(8) at variant12 fails to compile

13826 [main] INFO clegoues.genprog4java.fitness.Fitness  - 	 gen: 0 0.0 StmtDelete(8) (stored at: variant12)
14113 [main] INFO clegoues.genprog4java.fitness.Fitness  - 	 gen: 0 0.0 StmtDelete(13) (stored at: variant13)
14682 [main] INFO clegoues.genprog4java.fitness.Fitness  - 	 gen: 0 3.0 StmtDelete(47) (stored at: variant14)
14682 [main] INFO clegoues.genprog4java.Search.Search  - 
Repair Found: StmtDelete(47) (in variant14)

14692 [main] INFO clegoues.genprog4java.fitness.Fitness  - Serialized test cache to file testcache.ser
14692 [main] INFO clegoues.genprog4java.main.Main  - 
Total elapsed time: 14

