0 [main] DEBUG clegoues.genprog4java.fitness.Fitness  - parsing granularity, value: class
25 [main] DEBUG clegoues.genprog4java.fitness.Fitness  - parsing granularity, value: class
#Thu Mar 04 00:09:06 CST 2021
negativeTestWeight=2.0
classSourceFolder=/home/rtx/repair/d4j/Jsoup/21b/target/classes
model=default
sampleStrategy=variant
srcClassPath=/home/rtx/repair/d4j/Jsoup/21b/target/classes
sourceVersion=1.8
popsize=40
regenPaths=false
posCoverageFile=coverage.path.pos
continue=false
edits=APPEND;DELETE;REPLACE
negCoverageFile=coverage.path.neg
workingDir=/home/rtx/repair/d4j/Jsoup/21b/
clearTestCache=false
skipFailedSanity=false
sample=0.1 
oracleGenome=
testGranularity=class
justTestingFaultLoc=false
faultLocStrategy=standardPathFile
crossp=0.5
pMutation=1
generations=10
positiveTests=/home/rtx/repair/d4j/Jsoup/21b/pos.tests
javaVM=/home/rtx/java/jdk1.8.0_271/jre/bin/java
seed=0
negativePathWeight=0.35
compileCommand=
fixStrategy=classScope
allowCoverageFail=false
targetClassName=/home/rtx/repair/d4j/Jsoup/21b/bugfiles.txt
javaRuntime=java.lang.Runtime@6576fe71
classTestFolder=
modelPath=OVERALLModel.txt
sanity=yes
positivePathWeight=0.65
jacocoPath=/home/rtx/eclipse-workspace/genprog4java/lib/jacocoagent.jar
negativeTests=/home/rtx/repair/d4j/Jsoup/21b/neg.tests
pathToFileHumanInjectedFaultLoc=fileHumanInjectedFaultLoc.txt
outputDir=/home/rtx/repair/d4j/Jsoup/21b/genprog4java/variantSeed0/
testClassPath=/home/rtx/repair/defects4j/framework/projects/Jsoup/lib/junit/junit/4.5/junit-4.5.jar\:/home/rtx/repair/d4j/Jsoup/21b/target/classes\:/home/rtx/repair/d4j/Jsoup/21b/target/test-classes\:/home/rtx/repair/defects4j/framework/projects/lib/junit-4.11.jar\:/home/rtx/repair/defects4j/framework/projects/Jsoup/lib/com/google/code/gson/gson/2.7/gson-2.7.jar\:/home/rtx/repair/defects4j/framework/projects/Jsoup/lib/commons-lang/commons-lang/2.4/commons-lang-2.4.jar\:/home/rtx/repair/defects4j/framework/projects/Jsoup/lib/javax/servlet/javax.servlet-api/3.1.0/javax.servlet-api-3.1.0.jar\:/home/rtx/repair/defects4j/framework/projects/Jsoup/lib/junit/junit/4.12/junit-4.12.jar\:/home/rtx/repair/defects4j/framework/projects/Jsoup/lib/lib/com/google/code/gson/gson/2.7/gson-2.7.jar\:/home/rtx/repair/defects4j/framework/projects/Jsoup/lib/lib/commons-lang/commons-lang/2.4/commons-lang-2.4.jar\:/home/rtx/repair/defects4j/framework/projects/Jsoup/lib/lib/javax/servlet/javax.servlet-api/3.1.0/javax.servlet-api-3.1.0.jar\:/home/rtx/repair/defects4j/framework/projects/Jsoup/lib/lib/junit/junit/4.12/junit-4.12.jar\:/home/rtx/repair/defects4j/framework/projects/Jsoup/lib/lib/junit/junit/4.5/junit-4.5.jar\:/home/rtx/repair/defects4j/framework/projects/Jsoup/lib/lib/org/eclipse/jetty/jetty-http/9.2.22.v20170606/jetty-http-9.2.22.v20170606.jar\:/home/rtx/repair/defects4j/framework/projects/Jsoup/lib/lib/org/eclipse/jetty/jetty-http/9.2.26.v20180806/jetty-http-9.2.26.v20180806.jar\:/home/rtx/repair/defects4j/framework/projects/Jsoup/lib/lib/org/eclipse/jetty/jetty-http/9.2.28.v20190418/jetty-http-9.2.28.v20190418.jar\:/home/rtx/repair/defects4j/framework/projects/Jsoup/lib/lib/org/eclipse/jetty/jetty-io/9.2.22.v20170606/jetty-io-9.2.22.v20170606.jar\:/home/rtx/repair/defects4j/framework/projects/Jsoup/lib/lib/org/eclipse/jetty/jetty-io/9.2.26.v20180806/jetty-io-9.2.26.v20180806.jar\:/home/rtx/repair/defects4j/framework/projects/Jsoup/lib/lib/org/eclipse/jetty/jetty-io/9.2.28.v20190418/jetty-io-9.2.28.v20190418.jar\:/home/rtx/repair/defects4j/framework/projects/Jsoup/lib/lib/org/eclipse/jetty/jetty-security/9.2.22.v20170606/jetty-security-9.2.22.v20170606.jar\:/home/rtx/repair/defects4j/framework/projects/Jsoup/lib/lib/org/eclipse/jetty/jetty-security/9.2.26.v20180806/jetty-security-9.2.26.v20180806.jar\:/home/rtx/repair/defects4j/framework/projects/Jsoup/lib/lib/org/eclipse/jetty/jetty-security/9.2.28.v20190418/jetty-security-9.2.28.v20190418.jar\:/home/rtx/repair/defects4j/framework/projects/Jsoup/lib/lib/org/eclipse/jetty/jetty-server/9.2.22.v20170606/jetty-server-9.2.22.v20170606.jar\:/home/rtx/repair/defects4j/framework/projects/Jsoup/lib/lib/org/eclipse/jetty/jetty-server/9.2.26.v20180806/jetty-server-9.2.26.v20180806.jar\:/home/rtx/repair/defects4j/framework/projects/Jsoup/lib/lib/org/eclipse/jetty/jetty-server/9.2.28.v20190418/jetty-server-9.2.28.v20190418.jar\:/home/rtx/repair/defects4j/framework/projects/Jsoup/lib/lib/org/eclipse/jetty/jetty-servlet/9.2.22.v20170606/jetty-servlet-9.2.22.v20170606.jar\:/home/rtx/repair/defects4j/framework/projects/Jsoup/lib/lib/org/eclipse/jetty/jetty-servlet/9.2.26.v20180806/jetty-servlet-9.2.26.v20180806.jar\:/home/rtx/repair/defects4j/framework/projects/Jsoup/lib/lib/org/eclipse/jetty/jetty-servlet/9.2.28.v20190418/jetty-servlet-9.2.28.v20190418.jar\:/home/rtx/repair/defects4j/framework/projects/Jsoup/lib/lib/org/eclipse/jetty/jetty-util/9.2.22.v20170606/jetty-util-9.2.22.v20170606.jar\:/home/rtx/repair/defects4j/framework/projects/Jsoup/lib/lib/org/eclipse/jetty/jetty-util/9.2.26.v20180806/jetty-util-9.2.26.v20180806.jar\:/home/rtx/repair/defects4j/framework/projects/Jsoup/lib/lib/org/eclipse/jetty/jetty-util/9.2.28.v20190418/jetty-util-9.2.28.v20190418.jar\:/home/rtx/repair/defects4j/framework/projects/Jsoup/lib/lib/org/hamcrest/hamcrest-core/1.3/hamcrest-core-1.3.jar\:/home/rtx/repair/defects4j/framework/projects/Jsoup/lib/org/eclipse/jetty/jetty-http/9.2.22.v20170606/jetty-http-9.2.22.v20170606.jar\:/home/rtx/repair/defects4j/framework/projects/Jsoup/lib/org/eclipse/jetty/jetty-http/9.2.26.v20180806/jetty-http-9.2.26.v20180806.jar\:/home/rtx/repair/defects4j/framework/projects/Jsoup/lib/org/eclipse/jetty/jetty-http/9.2.28.v20190418/jetty-http-9.2.28.v20190418.jar\:/home/rtx/repair/defects4j/framework/projects/Jsoup/lib/org/eclipse/jetty/jetty-io/9.2.22.v20170606/jetty-io-9.2.22.v20170606.jar\:/home/rtx/repair/defects4j/framework/projects/Jsoup/lib/org/eclipse/jetty/jetty-io/9.2.26.v20180806/jetty-io-9.2.26.v20180806.jar\:/home/rtx/repair/defects4j/framework/projects/Jsoup/lib/org/eclipse/jetty/jetty-io/9.2.28.v20190418/jetty-io-9.2.28.v20190418.jar\:/home/rtx/repair/defects4j/framework/projects/Jsoup/lib/org/eclipse/jetty/jetty-security/9.2.22.v20170606/jetty-security-9.2.22.v20170606.jar\:/home/rtx/repair/defects4j/framework/projects/Jsoup/lib/org/eclipse/jetty/jetty-security/9.2.26.v20180806/jetty-security-9.2.26.v20180806.jar\:/home/rtx/repair/defects4j/framework/projects/Jsoup/lib/org/eclipse/jetty/jetty-security/9.2.28.v20190418/jetty-security-9.2.28.v20190418.jar\:/home/rtx/repair/defects4j/framework/projects/Jsoup/lib/org/eclipse/jetty/jetty-server/9.2.22.v20170606/jetty-server-9.2.22.v20170606.jar\:/home/rtx/repair/defects4j/framework/projects/Jsoup/lib/org/eclipse/jetty/jetty-server/9.2.26.v20180806/jetty-server-9.2.26.v20180806.jar\:/home/rtx/repair/defects4j/framework/projects/Jsoup/lib/org/eclipse/jetty/jetty-server/9.2.28.v20190418/jetty-server-9.2.28.v20190418.jar\:/home/rtx/repair/defects4j/framework/projects/Jsoup/lib/org/eclipse/jetty/jetty-servlet/9.2.22.v20170606/jetty-servlet-9.2.22.v20170606.jar\:/home/rtx/repair/defects4j/framework/projects/Jsoup/lib/org/eclipse/jetty/jetty-servlet/9.2.26.v20180806/jetty-servlet-9.2.26.v20180806.jar\:/home/rtx/repair/defects4j/framework/projects/Jsoup/lib/org/eclipse/jetty/jetty-servlet/9.2.28.v20190418/jetty-servlet-9.2.28.v20190418.jar\:/home/rtx/repair/defects4j/framework/projects/Jsoup/lib/org/eclipse/jetty/jetty-util/9.2.22.v20170606/jetty-util-9.2.22.v20170606.jar\:/home/rtx/repair/defects4j/framework/projects/Jsoup/lib/org/eclipse/jetty/jetty-util/9.2.26.v20180806/jetty-util-9.2.26.v20180806.jar\:/home/rtx/repair/defects4j/framework/projects/Jsoup/lib/org/eclipse/jetty/jetty-util/9.2.28.v20190418/jetty-util-9.2.28.v20190418.jar\:/home/rtx/repair/defects4j/framework/projects/Jsoup/lib/org/hamcrest/hamcrest-core/1.3/hamcrest-core-1.3.jar
faultStrategy=classScope
sourceDir=src/main/java
checkSpace=false
search=gp
globalExtension=.java
faultSpaceSubSet=1/5
maxVariants=50
libs=/home/rtx/eclipse-workspace/genprog4java/lib/junittestrunner.jar\:/home/rtx/eclipse-workspace/genprog4java/lib/commons-cli-20040117.000000.jar\:/home/rtx/eclipse-workspace/genprog4java/lib/junit-4.12.jar\:/home/rtx/eclipse-workspace/genprog4java/lib/hamcrest-core-1.3.jar\:/home/rtx/eclipse-workspace/genprog4java/lib/log4j-1.2.17.jar\:/home/rtx/repair/defects4j/framework/projects/Jsoup/lib/junit/junit/4.5/junit-4.5.jar\:/home/rtx/repair/d4j/Jsoup/21b/target/classes\:/home/rtx/repair/d4j/Jsoup/21b/target/test-classes\:/home/rtx/repair/defects4j/framework/projects/lib/junit-4.11.jar\:/home/rtx/repair/defects4j/framework/projects/Jsoup/lib/com/google/code/gson/gson/2.7/gson-2.7.jar\:/home/rtx/repair/defects4j/framework/projects/Jsoup/lib/commons-lang/commons-lang/2.4/commons-lang-2.4.jar\:/home/rtx/repair/defects4j/framework/projects/Jsoup/lib/javax/servlet/javax.servlet-api/3.1.0/javax.servlet-api-3.1.0.jar\:/home/rtx/repair/defects4j/framework/projects/Jsoup/lib/junit/junit/4.12/junit-4.12.jar\:/home/rtx/repair/defects4j/framework/projects/Jsoup/lib/lib/com/google/code/gson/gson/2.7/gson-2.7.jar\:/home/rtx/repair/defects4j/framework/projects/Jsoup/lib/lib/commons-lang/commons-lang/2.4/commons-lang-2.4.jar\:/home/rtx/repair/defects4j/framework/projects/Jsoup/lib/lib/javax/servlet/javax.servlet-api/3.1.0/javax.servlet-api-3.1.0.jar\:/home/rtx/repair/defects4j/framework/projects/Jsoup/lib/lib/junit/junit/4.12/junit-4.12.jar\:/home/rtx/repair/defects4j/framework/projects/Jsoup/lib/lib/junit/junit/4.5/junit-4.5.jar\:/home/rtx/repair/defects4j/framework/projects/Jsoup/lib/lib/org/eclipse/jetty/jetty-http/9.2.22.v20170606/jetty-http-9.2.22.v20170606.jar\:/home/rtx/repair/defects4j/framework/projects/Jsoup/lib/lib/org/eclipse/jetty/jetty-http/9.2.26.v20180806/jetty-http-9.2.26.v20180806.jar\:/home/rtx/repair/defects4j/framework/projects/Jsoup/lib/lib/org/eclipse/jetty/jetty-http/9.2.28.v20190418/jetty-http-9.2.28.v20190418.jar\:/home/rtx/repair/defects4j/framework/projects/Jsoup/lib/lib/org/eclipse/jetty/jetty-io/9.2.22.v20170606/jetty-io-9.2.22.v20170606.jar\:/home/rtx/repair/defects4j/framework/projects/Jsoup/lib/lib/org/eclipse/jetty/jetty-io/9.2.26.v20180806/jetty-io-9.2.26.v20180806.jar\:/home/rtx/repair/defects4j/framework/projects/Jsoup/lib/lib/org/eclipse/jetty/jetty-io/9.2.28.v20190418/jetty-io-9.2.28.v20190418.jar\:/home/rtx/repair/defects4j/framework/projects/Jsoup/lib/lib/org/eclipse/jetty/jetty-security/9.2.22.v20170606/jetty-security-9.2.22.v20170606.jar\:/home/rtx/repair/defects4j/framework/projects/Jsoup/lib/lib/org/eclipse/jetty/jetty-security/9.2.26.v20180806/jetty-security-9.2.26.v20180806.jar\:/home/rtx/repair/defects4j/framework/projects/Jsoup/lib/lib/org/eclipse/jetty/jetty-security/9.2.28.v20190418/jetty-security-9.2.28.v20190418.jar\:/home/rtx/repair/defects4j/framework/projects/Jsoup/lib/lib/org/eclipse/jetty/jetty-server/9.2.22.v20170606/jetty-server-9.2.22.v20170606.jar\:/home/rtx/repair/defects4j/framework/projects/Jsoup/lib/lib/org/eclipse/jetty/jetty-server/9.2.26.v20180806/jetty-server-9.2.26.v20180806.jar\:/home/rtx/repair/defects4j/framework/projects/Jsoup/lib/lib/org/eclipse/jetty/jetty-server/9.2.28.v20190418/jetty-server-9.2.28.v20190418.jar\:/home/rtx/repair/defects4j/framework/projects/Jsoup/lib/lib/org/eclipse/jetty/jetty-servlet/9.2.22.v20170606/jetty-servlet-9.2.22.v20170606.jar\:/home/rtx/repair/defects4j/framework/projects/Jsoup/lib/lib/org/eclipse/jetty/jetty-servlet/9.2.26.v20180806/jetty-servlet-9.2.26.v20180806.jar\:/home/rtx/repair/defects4j/framework/projects/Jsoup/lib/lib/org/eclipse/jetty/jetty-servlet/9.2.28.v20190418/jetty-servlet-9.2.28.v20190418.jar\:/home/rtx/repair/defects4j/framework/projects/Jsoup/lib/lib/org/eclipse/jetty/jetty-util/9.2.22.v20170606/jetty-util-9.2.22.v20170606.jar\:/home/rtx/repair/defects4j/framework/projects/Jsoup/lib/lib/org/eclipse/jetty/jetty-util/9.2.26.v20180806/jetty-util-9.2.26.v20180806.jar\:/home/rtx/repair/defects4j/framework/projects/Jsoup/lib/lib/org/eclipse/jetty/jetty-util/9.2.28.v20190418/jetty-util-9.2.28.v20190418.jar\:/home/rtx/repair/defects4j/framework/projects/Jsoup/lib/lib/org/hamcrest/hamcrest-core/1.3/hamcrest-core-1.3.jar\:/home/rtx/repair/defects4j/framework/projects/Jsoup/lib/org/eclipse/jetty/jetty-http/9.2.22.v20170606/jetty-http-9.2.22.v20170606.jar\:/home/rtx/repair/defects4j/framework/projects/Jsoup/lib/org/eclipse/jetty/jetty-http/9.2.26.v20180806/jetty-http-9.2.26.v20180806.jar\:/home/rtx/repair/defects4j/framework/projects/Jsoup/lib/org/eclipse/jetty/jetty-http/9.2.28.v20190418/jetty-http-9.2.28.v20190418.jar\:/home/rtx/repair/defects4j/framework/projects/Jsoup/lib/org/eclipse/jetty/jetty-io/9.2.22.v20170606/jetty-io-9.2.22.v20170606.jar\:/home/rtx/repair/defects4j/framework/projects/Jsoup/lib/org/eclipse/jetty/jetty-io/9.2.26.v20180806/jetty-io-9.2.26.v20180806.jar\:/home/rtx/repair/defects4j/framework/projects/Jsoup/lib/org/eclipse/jetty/jetty-io/9.2.28.v20190418/jetty-io-9.2.28.v20190418.jar\:/home/rtx/repair/defects4j/framework/projects/Jsoup/lib/org/eclipse/jetty/jetty-security/9.2.22.v20170606/jetty-security-9.2.22.v20170606.jar\:/home/rtx/repair/defects4j/framework/projects/Jsoup/lib/org/eclipse/jetty/jetty-security/9.2.26.v20180806/jetty-security-9.2.26.v20180806.jar\:/home/rtx/repair/defects4j/framework/projects/Jsoup/lib/org/eclipse/jetty/jetty-security/9.2.28.v20190418/jetty-security-9.2.28.v20190418.jar\:/home/rtx/repair/defects4j/framework/projects/Jsoup/lib/org/eclipse/jetty/jetty-server/9.2.22.v20170606/jetty-server-9.2.22.v20170606.jar\:/home/rtx/repair/defects4j/framework/projects/Jsoup/lib/org/eclipse/jetty/jetty-server/9.2.26.v20180806/jetty-server-9.2.26.v20180806.jar\:/home/rtx/repair/defects4j/framework/projects/Jsoup/lib/org/eclipse/jetty/jetty-server/9.2.28.v20190418/jetty-server-9.2.28.v20190418.jar\:/home/rtx/repair/defects4j/framework/projects/Jsoup/lib/org/eclipse/jetty/jetty-servlet/9.2.22.v20170606/jetty-servlet-9.2.22.v20170606.jar\:/home/rtx/repair/defects4j/framework/projects/Jsoup/lib/org/eclipse/jetty/jetty-servlet/9.2.26.v20180806/jetty-servlet-9.2.26.v20180806.jar\:/home/rtx/repair/defects4j/framework/projects/Jsoup/lib/org/eclipse/jetty/jetty-servlet/9.2.28.v20190418/jetty-servlet-9.2.28.v20190418.jar\:/home/rtx/repair/defects4j/framework/projects/Jsoup/lib/org/eclipse/jetty/jetty-util/9.2.22.v20170606/jetty-util-9.2.22.v20170606.jar\:/home/rtx/repair/defects4j/framework/projects/Jsoup/lib/org/eclipse/jetty/jetty-util/9.2.26.v20180806/jetty-util-9.2.26.v20180806.jar\:/home/rtx/repair/defects4j/framework/projects/Jsoup/lib/org/eclipse/jetty/jetty-util/9.2.28.v20190418/jetty-util-9.2.28.v20190418.jar\:/home/rtx/repair/defects4j/framework/projects/Jsoup/lib/org/hamcrest/hamcrest-core/1.3/hamcrest-core-1.3.jar\:/home/rtx/repair/d4j/Jsoup/21b/target/classes
crossover=onepoint
110 [main] INFO clegoues.genprog4java.main.Main  - Configuration file loaded
9370 [main] INFO clegoues.genprog4java.rep.CachingRepresentation  - loaded from source clegoues.genprog4java.java.ClassInfo@b797885
17258 [main] INFO clegoues.genprog4java.rep.CachingRepresentation  - loaded from source clegoues.genprog4java.java.ClassInfo@124969f9
17258 [main] INFO clegoues.genprog4java.rep.CachingRepresentation  - sanity checking begins
17980 [main] INFO clegoues.genprog4java.rep.CachingRepresentation  - Checking test number 1 out of 9
18763 [main] INFO clegoues.genprog4java.rep.CachingRepresentation  - true (1)

18763 [main] INFO clegoues.genprog4java.rep.CachingRepresentation  - Checking test number 2 out of 9
19026 [main] INFO clegoues.genprog4java.rep.CachingRepresentation  - true (1)

19027 [main] INFO clegoues.genprog4java.rep.CachingRepresentation  - Checking test number 3 out of 9
19302 [main] INFO clegoues.genprog4java.rep.CachingRepresentation  - true (1)

19302 [main] INFO clegoues.genprog4java.rep.CachingRepresentation  - Checking test number 4 out of 9
19550 [main] INFO clegoues.genprog4java.rep.CachingRepresentation  - true (1)

19550 [main] INFO clegoues.genprog4java.rep.CachingRepresentation  - Checking test number 5 out of 9
19788 [main] INFO clegoues.genprog4java.rep.CachingRepresentation  - true (1)

19788 [main] INFO clegoues.genprog4java.rep.CachingRepresentation  - Checking test number 6 out of 9
20009 [main] INFO clegoues.genprog4java.rep.CachingRepresentation  - true (1)

20009 [main] INFO clegoues.genprog4java.rep.CachingRepresentation  - Checking test number 7 out of 9
20311 [main] INFO clegoues.genprog4java.rep.CachingRepresentation  - true (1)

20311 [main] INFO clegoues.genprog4java.rep.CachingRepresentation  - Checking test number 8 out of 9
20543 [main] INFO clegoues.genprog4java.rep.CachingRepresentation  - true (1)

20543 [main] INFO clegoues.genprog4java.rep.CachingRepresentation  - Checking test number 9 out of 9
20805 [main] INFO clegoues.genprog4java.rep.CachingRepresentation  - true (1)

20805 [main] INFO clegoues.genprog4java.rep.CachingRepresentation  - 	n1: 
21100 [main] INFO clegoues.genprog4java.rep.CachingRepresentation  - false (0)

21100 [main] INFO clegoues.genprog4java.rep.CachingRepresentation  - 	n2: 
21386 [main] INFO clegoues.genprog4java.rep.CachingRepresentation  - false (0)

21386 [main] INFO clegoues.genprog4java.rep.CachingRepresentation  - sanity checking completed (time taken = 4128)
21386 [main] INFO clegoues.genprog4java.localization.DefaultLocalization  - Start Fault Localization
21593 [main] INFO clegoues.genprog4java.localization.DefaultLocalization  - org.jsoup.integration.ParseTest
22626 [main] INFO clegoues.genprog4java.localization.DefaultLocalization  - org.jsoup.nodes.DocumentTest
23362 [main] INFO clegoues.genprog4java.localization.DefaultLocalization  - org.jsoup.nodes.ElementTest
24204 [main] INFO clegoues.genprog4java.localization.DefaultLocalization  - org.jsoup.nodes.NodeTest
24891 [main] INFO clegoues.genprog4java.localization.DefaultLocalization  - org.jsoup.nodes.TextNodeTest
25530 [main] INFO clegoues.genprog4java.localization.DefaultLocalization  - org.jsoup.parser.AttributeParseTest
26149 [main] INFO clegoues.genprog4java.localization.DefaultLocalization  - org.jsoup.parser.HtmlParserTest
26978 [main] INFO clegoues.genprog4java.localization.DefaultLocalization  - org.jsoup.parser.XmlTreeBuilderTest
27666 [main] INFO clegoues.genprog4java.localization.DefaultLocalization  - org.jsoup.select.ElementsTest
28416 [main] INFO clegoues.genprog4java.localization.DefaultLocalization  - org.jsoup.select.SelectorTest
29235 [main] INFO clegoues.genprog4java.localization.DefaultLocalization  - org.jsoup.select.SelectorTest
30024 [main] INFO clegoues.genprog4java.localization.DefaultLocalization  - Finish Fault Localization
30024 [main] INFO clegoues.genprog4java.Search.Search  - search: genetic algorithm begins

30925 [main] INFO clegoues.genprog4java.fitness.Fitness  - 	 gen: 0 1.0 original (stored at: variant0)
31852 [main] INFO clegoues.genprog4java.fitness.Fitness  - 	 gen: 0 1.0 StmtAppend(142,101) (stored at: variant1)
223970 [main] INFO clegoues.genprog4java.fitness.Fitness  - 	 gen: 0 0.0 StmtDelete(107) (stored at: variant2)
224044 [main] ERROR clegoues.genprog4java.rep.JavaRepresentation  - org/jsoup/select/QueryParser.java:94: error: cannot find symbol
            evals.add(new CombiningEvaluator.And(f, new StructuralEvaluator.ImmediateParent(e)));
                                                 ^
  symbol:   variable f
  location: class QueryParser
org/jsoup/select/QueryParser.java:96: error: cannot find symbol
            evals.add(new CombiningEvaluator.And(f, new StructuralEvaluator.Parent(e)));
                                                 ^
  symbol:   variable f
  location: class QueryParser
org/jsoup/select/QueryParser.java:98: error: cannot find symbol
            evals.add(new CombiningEvaluator.And(f, new StructuralEvaluator.ImmediatePreviousSibling(e)));
                                                 ^
  symbol:   variable f
  location: class QueryParser
org/jsoup/select/QueryParser.java:100: error: cannot find symbol
            evals.add(new CombiningEvaluator.And(f, new StructuralEvaluator.PreviousSibling(e)));
                                                 ^
  symbol:   variable f
  location: class QueryParser
4 errors

224044 [main] INFO clegoues.genprog4java.rep.CachingRepresentation  - StmtReplace(78,124) at variant3 fails to compile

224045 [main] INFO clegoues.genprog4java.fitness.Fitness  - 	 gen: 0 0.0 StmtReplace(78,124) (stored at: variant3)
224769 [main] INFO clegoues.genprog4java.fitness.Fitness  - 	 gen: 0 1.0 StmtAppend(188,61) (stored at: variant4)
225404 [main] INFO clegoues.genprog4java.fitness.Fitness  - 	 gen: 0 1.0 StmtDelete(5) (stored at: variant5)
225997 [main] INFO clegoues.genprog4java.fitness.Fitness  - 	 gen: 0 1.0 StmtReplace(29,97) (stored at: variant6)
226647 [main] INFO clegoues.genprog4java.fitness.Fitness  - 	 gen: 0 1.0 StmtReplace(150,47) (stored at: variant7)
226696 [main] ERROR clegoues.genprog4java.rep.JavaRepresentation  - org/jsoup/select/QueryParser.java:179: error: cannot find symbol
        String key = cq.consumeToAny("=", "!=", "^=", "$=", "*=", "~="); // eq, not, start, end, contain, match, (no val)
                     ^
  symbol:   variable cq
  location: class QueryParser
org/jsoup/select/QueryParser.java:181: error: cannot find symbol
        cq.consumeWhitespace();
        ^
  symbol:   variable cq
  location: class QueryParser
org/jsoup/select/QueryParser.java:183: error: cannot find symbol
        if (cq.isEmpty()) {
            ^
  symbol:   variable cq
  location: class QueryParser
org/jsoup/select/QueryParser.java:189: error: cannot find symbol
            if (cq.matchChomp("="))
                ^
  symbol:   variable cq
  location: class QueryParser
org/jsoup/select/QueryParser.java:190: error: cannot find symbol
                evals.add(new Evaluator.AttributeWithValue(key, cq.remainder()));
                                                                ^
  symbol:   variable cq
  location: class QueryParser
org/jsoup/select/QueryParser.java:192: error: cannot find symbol
            else if (cq.matchChomp("!="))
                     ^
  symbol:   variable cq
  location: class QueryParser
org/jsoup/select/QueryParser.java:193: error: cannot find symbol
                evals.add(new Evaluator.AttributeWithValueNot(key, cq.remainder()));
                                                                   ^
  symbol:   variable cq
  location: class QueryParser
org/jsoup/select/QueryParser.java:195: error: cannot find symbol
            else if (cq.matchChomp("^="))
                     ^
  symbol:   variable cq
  location: class QueryParser
org/jsoup/select/QueryParser.java:196: error: cannot find symbol
                evals.add(new Evaluator.AttributeWithValueStarting(key, cq.remainder()));
                                                                        ^
  symbol:   variable cq
  location: class QueryParser
org/jsoup/select/QueryParser.java:198: error: cannot find symbol
            else if (cq.matchChomp("$="))
                     ^
  symbol:   variable cq
  location: class QueryParser
org/jsoup/select/QueryParser.java:199: error: cannot find symbol
                evals.add(new Evaluator.AttributeWithValueEnding(key, cq.remainder()));
                                                                      ^
  symbol:   variable cq
  location: class QueryParser
org/jsoup/select/QueryParser.java:201: error: cannot find symbol
            else if (cq.matchChomp("*="))
                     ^
  symbol:   variable cq
  location: class QueryParser
org/jsoup/select/QueryParser.java:202: error: cannot find symbol
                evals.add(new Evaluator.AttributeWithValueContaining(key, cq.remainder()));
                                                                          ^
  symbol:   variable cq
  location: class QueryParser
org/jsoup/select/QueryParser.java:204: error: cannot find symbol
            else if (cq.matchChomp("~="))
                     ^
  symbol:   variable cq
  location: class QueryParser
org/jsoup/select/QueryParser.java:205: error: cannot find symbol
                evals.add(new Evaluator.AttributeWithValueMatching(key, Pattern.compile(cq.remainder())));
                                                                                        ^
  symbol:   variable cq
  location: class QueryParser
org/jsoup/select/QueryParser.java:207: error: cannot find symbol
                throw new Selector.SelectorParseException("Could not parse attribute query '%s': unexpected token at '%s'", query, cq.remainder());
                                                                                                                                   ^
  symbol:   variable cq
  location: class QueryParser
16 errors

226697 [main] INFO clegoues.genprog4java.rep.CachingRepresentation  - StmtReplace(145,118) at variant8 fails to compile

226697 [main] INFO clegoues.genprog4java.fitness.Fitness  - 	 gen: 0 0.0 StmtReplace(145,118) (stored at: variant8)
227604 [main] INFO clegoues.genprog4java.fitness.Fitness  - 	 gen: 0 0.0 StmtDelete(161) (stored at: variant9)
228300 [main] INFO clegoues.genprog4java.fitness.Fitness  - 	 gen: 0 0.0 StmtAppend(35,181) (stored at: variant10)
228985 [main] INFO clegoues.genprog4java.fitness.Fitness  - 	 gen: 0 0.0 StmtReplace(140,63) (stored at: variant11)
229543 [main] INFO clegoues.genprog4java.fitness.Fitness  - 	 gen: 0 1.0 StmtAppend(92,46) (stored at: variant12)
229584 [main] ERROR clegoues.genprog4java.rep.JavaRepresentation  - org/jsoup/select/QueryParser.java:92: error: cannot find symbol
        Evaluator f = parse(subQuery);
                            ^
  symbol:   variable subQuery
  location: class QueryParser
1 error

229585 [main] INFO clegoues.genprog4java.rep.CachingRepresentation  - StmtDelete(72) at variant13 fails to compile

229585 [main] INFO clegoues.genprog4java.fitness.Fitness  - 	 gen: 0 0.0 StmtDelete(72) (stored at: variant13)
230442 [main] INFO clegoues.genprog4java.fitness.Fitness  - 	 gen: 0 1.0 StmtReplace(195,101) (stored at: variant14)
231100 [main] INFO clegoues.genprog4java.fitness.Fitness  - 	 gen: 0 1.0 StmtAppend(44,120) (stored at: variant15)
231143 [main] ERROR clegoues.genprog4java.rep.JavaRepresentation  - org/jsoup/select/CombiningEvaluator.java:19: error: variable evaluators might not have been initialized
        this.evaluators.add(new And(evaluators));
            ^
1 error

231143 [main] INFO clegoues.genprog4java.rep.CachingRepresentation  - StmtReplace(2,21) at variant16 fails to compile

231143 [main] INFO clegoues.genprog4java.fitness.Fitness  - 	 gen: 0 0.0 StmtReplace(2,21) (stored at: variant16)
231181 [main] ERROR clegoues.genprog4java.rep.JavaRepresentation  - org/jsoup/select/QueryParser.java:171: error: cannot find symbol
        Validate.notEmpty(tagName);
                          ^
  symbol:   variable tagName
  location: class QueryParser
org/jsoup/select/QueryParser.java:174: error: cannot find symbol
        if (tagName.contains("|"))
            ^
  symbol:   variable tagName
  location: class QueryParser
org/jsoup/select/QueryParser.java:175: error: cannot find symbol
            tagName = tagName.replace("|", ":");
            ^
  symbol:   variable tagName
  location: class QueryParser
org/jsoup/select/QueryParser.java:175: error: cannot find symbol
            tagName = tagName.replace("|", ":");
                      ^
  symbol:   variable tagName
  location: class QueryParser
org/jsoup/select/QueryParser.java:177: error: cannot find symbol
        evals.add(new Evaluator.Tag(tagName.trim().toLowerCase()));
                                    ^
  symbol:   variable tagName
  location: class QueryParser
5 errors

231182 [main] INFO clegoues.genprog4java.rep.CachingRepresentation  - StmtAppend(139,114) at variant17 fails to compile

231182 [main] INFO clegoues.genprog4java.fitness.Fitness  - 	 gen: 0 0.0 StmtAppend(139,114) (stored at: variant17)
231881 [main] INFO clegoues.genprog4java.fitness.Fitness  - 	 gen: 0 1.0 StmtAppend(189,191) (stored at: variant18)
232502 [main] INFO clegoues.genprog4java.fitness.Fitness  - 	 gen: 0 1.0 StmtReplace(164,200) (stored at: variant19)
233055 [main] INFO clegoues.genprog4java.fitness.Fitness  - 	 gen: 0 1.0 StmtAppend(175,173) (stored at: variant20)
233859 [main] INFO clegoues.genprog4java.fitness.Fitness  - 	 gen: 0 0.0 StmtReplace(141,117) (stored at: variant21)
233893 [main] ERROR clegoues.genprog4java.rep.JavaRepresentation  - org/jsoup/select/QueryParser.java:110: error: cannot find symbol
                sq.append("(").append(tq.chompBalanced('(', ')')).append(")");
                ^
  symbol:   variable sq
  location: class QueryParser
org/jsoup/select/QueryParser.java:112: error: cannot find symbol
                sq.append("[").append(tq.chompBalanced('[', ']')).append("]");
                ^
  symbol:   variable sq
  location: class QueryParser
org/jsoup/select/QueryParser.java:116: error: cannot find symbol
                sq.append(tq.consume());
                ^
  symbol:   variable sq
  location: class QueryParser
org/jsoup/select/QueryParser.java:118: error: cannot find symbol
        return sq.toString();
               ^
  symbol:   variable sq
  location: class QueryParser
4 errors

233893 [main] INFO clegoues.genprog4java.rep.CachingRepresentation  - StmtDelete(89) at variant22 fails to compile

233893 [main] INFO clegoues.genprog4java.fitness.Fitness  - 	 gen: 0 0.0 StmtDelete(89) (stored at: variant22)
233944 [main] ERROR clegoues.genprog4java.rep.JavaRepresentation  - org/jsoup/select/QueryParser.java:283: error: cannot find symbol
        Validate.notEmpty(subQuery, ":not(selector) subselect must not be empty");
                          ^
  symbol:   variable subQuery
  location: class QueryParser
org/jsoup/select/QueryParser.java:285: error: cannot find symbol
        evals.add(new StructuralEvaluator.Not(parse(subQuery)));
                                                    ^
  symbol:   variable subQuery
  location: class QueryParser
2 errors

233944 [main] INFO clegoues.genprog4java.rep.CachingRepresentation  - StmtReplace(201,117) at variant23 fails to compile

233944 [main] INFO clegoues.genprog4java.fitness.Fitness  - 	 gen: 0 0.0 StmtReplace(201,117) (stored at: variant23)
234895 [main] INFO clegoues.genprog4java.fitness.Fitness  - 	 gen: 0 1.0 StmtAppend(22,5) (stored at: variant24)
235643 [main] INFO clegoues.genprog4java.fitness.Fitness  - 	 gen: 0 1.0 StmtReplace(195,116) (stored at: variant25)
236282 [main] INFO clegoues.genprog4java.fitness.Fitness  - 	 gen: 0 1.0 StmtAppend(56,121) (stored at: variant26)
236324 [main] ERROR clegoues.genprog4java.rep.JavaRepresentation  - org/jsoup/select/CombiningEvaluator.java:58: error: call to super must be first statement in constructor
				super();
				     ^
1 error

236325 [main] INFO clegoues.genprog4java.rep.CachingRepresentation  - StmtAppend(18,21) at variant27 fails to compile

236325 [main] INFO clegoues.genprog4java.fitness.Fitness  - 	 gen: 0 0.0 StmtAppend(18,21) (stored at: variant27)
236929 [main] INFO clegoues.genprog4java.fitness.Fitness  - 	 gen: 0 1.0 StmtReplace(24,5) (stored at: variant28)
237764 [main] INFO clegoues.genprog4java.fitness.Fitness  - 	 gen: 0 0.0 StmtDelete(64) (stored at: variant29)
334223 [main] INFO clegoues.genprog4java.fitness.Fitness  - 	 gen: 0 1.0 StmtReplace(59,71) (stored at: variant30)
334308 [main] ERROR clegoues.genprog4java.rep.JavaRepresentation  - org/jsoup/select/QueryParser.java:241: error: cannot find symbol
        Validate.notEmpty(subQuery, ":has(el) subselect must not be empty");
                          ^
  symbol:   variable subQuery
  location: class QueryParser
org/jsoup/select/QueryParser.java:242: error: cannot find symbol
        evals.add(new StructuralEvaluator.Has(parse(subQuery)));
                                                    ^
  symbol:   variable subQuery
  location: class QueryParser
2 errors

334309 [main] INFO clegoues.genprog4java.rep.CachingRepresentation  - StmtAppend(182,102) at variant31 fails to compile

334309 [main] INFO clegoues.genprog4java.fitness.Fitness  - 	 gen: 0 0.0 StmtAppend(182,102) (stored at: variant31)
430643 [main] INFO clegoues.genprog4java.fitness.Fitness  - 	 gen: 0 1.0 StmtDelete(98) (stored at: variant32)
430669 [main] ERROR clegoues.genprog4java.rep.JavaRepresentation  - org/jsoup/select/QueryParser.java:93: error: variable e might not have been initialized
            evals.add(new CombiningEvaluator.And(f, new StructuralEvaluator.ImmediateParent(e)));
                                                                                            ^
org/jsoup/select/QueryParser.java:95: error: variable e might not have been initialized
            evals.add(new CombiningEvaluator.And(f, new StructuralEvaluator.Parent(e)));
                                                                                   ^
org/jsoup/select/QueryParser.java:97: error: variable e might not have been initialized
            evals.add(new CombiningEvaluator.And(f, new StructuralEvaluator.ImmediatePreviousSibling(e)));
                                                                                                     ^
org/jsoup/select/QueryParser.java:99: error: variable e might not have been initialized
            evals.add(new CombiningEvaluator.And(f, new StructuralEvaluator.PreviousSibling(e)));
                                                                                            ^
4 errors

430669 [main] INFO clegoues.genprog4java.rep.CachingRepresentation  - StmtDelete(75) at variant33 fails to compile

430669 [main] INFO clegoues.genprog4java.fitness.Fitness  - 	 gen: 0 0.0 StmtDelete(75) (stored at: variant33)
431213 [main] INFO clegoues.genprog4java.fitness.Fitness  - 	 gen: 0 0.0 StmtAppend(67,107) (stored at: variant34)
431239 [main] ERROR clegoues.genprog4java.rep.JavaRepresentation  - org/jsoup/select/QueryParser.java:180: error: cannot find symbol
        String key = cq.consumeToAny("=", "!=", "^=", "$=", "*=", "~="); // eq, not, start, end, contain, match, (no val)
                     ^
  symbol:   variable cq
  location: class QueryParser
org/jsoup/select/QueryParser.java:182: error: cannot find symbol
        cq.consumeWhitespace();
        ^
  symbol:   variable cq
  location: class QueryParser
org/jsoup/select/QueryParser.java:184: error: cannot find symbol
        if (cq.isEmpty()) {
            ^
  symbol:   variable cq
  location: class QueryParser
org/jsoup/select/QueryParser.java:190: error: cannot find symbol
            if (cq.matchChomp("="))
                ^
  symbol:   variable cq
  location: class QueryParser
org/jsoup/select/QueryParser.java:191: error: cannot find symbol
                evals.add(new Evaluator.AttributeWithValue(key, cq.remainder()));
                                                                ^
  symbol:   variable cq
  location: class QueryParser
org/jsoup/select/QueryParser.java:193: error: cannot find symbol
            else if (cq.matchChomp("!="))
                     ^
  symbol:   variable cq
  location: class QueryParser
org/jsoup/select/QueryParser.java:194: error: cannot find symbol
                evals.add(new Evaluator.AttributeWithValueNot(key, cq.remainder()));
                                                                   ^
  symbol:   variable cq
  location: class QueryParser
org/jsoup/select/QueryParser.java:196: error: cannot find symbol
            else if (cq.matchChomp("^="))
                     ^
  symbol:   variable cq
  location: class QueryParser
org/jsoup/select/QueryParser.java:197: error: cannot find symbol
                evals.add(new Evaluator.AttributeWithValueStarting(key, cq.remainder()));
                                                                        ^
  symbol:   variable cq
  location: class QueryParser
org/jsoup/select/QueryParser.java:199: error: cannot find symbol
            else if (cq.matchChomp("$="))
                     ^
  symbol:   variable cq
  location: class QueryParser
org/jsoup/select/QueryParser.java:200: error: cannot find symbol
                evals.add(new Evaluator.AttributeWithValueEnding(key, cq.remainder()));
                                                                      ^
  symbol:   variable cq
  location: class QueryParser
org/jsoup/select/QueryParser.java:202: error: cannot find symbol
            else if (cq.matchChomp("*="))
                     ^
  symbol:   variable cq
  location: class QueryParser
org/jsoup/select/QueryParser.java:203: error: cannot find symbol
                evals.add(new Evaluator.AttributeWithValueContaining(key, cq.remainder()));
                                                                          ^
  symbol:   variable cq
  location: class QueryParser
org/jsoup/select/QueryParser.java:205: error: cannot find symbol
            else if (cq.matchChomp("~="))
                     ^
  symbol:   variable cq
  location: class QueryParser
org/jsoup/select/QueryParser.java:206: error: cannot find symbol
                evals.add(new Evaluator.AttributeWithValueMatching(key, Pattern.compile(cq.remainder())));
                                                                                        ^
  symbol:   variable cq
  location: class QueryParser
org/jsoup/select/QueryParser.java:208: error: cannot find symbol
                throw new Selector.SelectorParseException("Could not parse attribute query '%s': unexpected token at '%s'", query, cq.remainder());
                                                                                                                                   ^
  symbol:   variable cq
  location: class QueryParser
16 errors

431239 [main] INFO clegoues.genprog4java.rep.CachingRepresentation  - StmtDelete(145) at variant35 fails to compile

431239 [main] INFO clegoues.genprog4java.fitness.Fitness  - 	 gen: 0 0.0 StmtDelete(145) (stored at: variant35)
431264 [main] ERROR clegoues.genprog4java.rep.JavaRepresentation  - org/jsoup/select/QueryParser.java:94: error: cannot find symbol
            evals.add(new CombiningEvaluator.And(f, new StructuralEvaluator.ImmediateParent(e)));
                                                 ^
  symbol:   variable f
  location: class QueryParser
org/jsoup/select/QueryParser.java:96: error: cannot find symbol
            evals.add(new CombiningEvaluator.And(f, new StructuralEvaluator.Parent(e)));
                                                 ^
  symbol:   variable f
  location: class QueryParser
org/jsoup/select/QueryParser.java:98: error: cannot find symbol
            evals.add(new CombiningEvaluator.And(f, new StructuralEvaluator.ImmediatePreviousSibling(e)));
                                                 ^
  symbol:   variable f
  location: class QueryParser
org/jsoup/select/QueryParser.java:100: error: cannot find symbol
            evals.add(new CombiningEvaluator.And(f, new StructuralEvaluator.PreviousSibling(e)));
                                                 ^
  symbol:   variable f
  location: class QueryParser
4 errors

431264 [main] INFO clegoues.genprog4java.rep.CachingRepresentation  - StmtReplace(78,75) at variant36 fails to compile

431264 [main] INFO clegoues.genprog4java.fitness.Fitness  - 	 gen: 0 0.0 StmtReplace(78,75) (stored at: variant36)
431304 [main] ERROR clegoues.genprog4java.rep.JavaRepresentation  - org/jsoup/select/CombiningEvaluator.java:19: error: call to super must be first statement in constructor
			super();
			     ^
org/jsoup/select/CombiningEvaluator.java:20: error: method matches in class Evaluator cannot be applied to given types;
			matches(false);
			^
  required: Element,Element
  found: boolean
  reason: actual and formal argument lists differ in length
2 errors

431304 [main] INFO clegoues.genprog4java.rep.CachingRepresentation  - StmtAppend(1,124) at variant37 fails to compile

431304 [main] INFO clegoues.genprog4java.fitness.Fitness  - 	 gen: 0 0.0 StmtAppend(1,124) (stored at: variant37)
527552 [main] INFO clegoues.genprog4java.fitness.Fitness  - 	 gen: 0 1.0 StmtDelete(62) (stored at: variant38)
528044 [main] INFO clegoues.genprog4java.fitness.Fitness  - 	 gen: 0 1.0 StmtDelete(81) (stored at: variant39)
528044 [main] INFO clegoues.genprog4java.Search.Search  - search: generation1
624727 [main] INFO clegoues.genprog4java.fitness.Fitness  - 	 gen: 1 1.0 StmtDelete(98) StmtDelete(186) (stored at: variant40)
624753 [main] ERROR clegoues.genprog4java.rep.JavaRepresentation  - org/jsoup/select/CombiningEvaluator.java:63: error: call to super must be first statement in constructor
					super(evaluators);
					     ^
1 error

624753 [main] INFO clegoues.genprog4java.rep.CachingRepresentation  - StmtAppend(22,5) StmtAppend(22,6) at variant41 fails to compile

624753 [main] INFO clegoues.genprog4java.fitness.Fitness  - 	 gen: 1 0.0 StmtAppend(22,5) StmtAppend(22,6) (stored at: variant41)
624778 [main] ERROR clegoues.genprog4java.rep.JavaRepresentation  - org/jsoup/select/QueryParser.java:268: error: cannot find symbol
        Validate.notEmpty(searchText, ":contains(text) query must not be empty");
                          ^
  symbol:   variable searchText
  location: class QueryParser
org/jsoup/select/QueryParser.java:270: error: cannot find symbol
            evals.add(new Evaluator.ContainsOwnText(searchText));
                                                    ^
  symbol:   variable searchText
  location: class QueryParser
org/jsoup/select/QueryParser.java:272: error: cannot find symbol
            evals.add(new Evaluator.ContainsText(searchText));
                                                 ^
  symbol:   variable searchText
  location: class QueryParser
3 errors

624778 [main] INFO clegoues.genprog4java.rep.CachingRepresentation  - StmtAppend(175,173) StmtAppend(187,115) at variant42 fails to compile

624778 [main] INFO clegoues.genprog4java.fitness.Fitness  - 	 gen: 1 0.0 StmtAppend(175,173) StmtAppend(187,115) (stored at: variant42)
721040 [main] INFO clegoues.genprog4java.fitness.Fitness  - 	 gen: 1 1.0 StmtDelete(81) StmtDelete(111) (stored at: variant43)
721595 [main] INFO clegoues.genprog4java.fitness.Fitness  - 	 gen: 1 1.0 StmtReplace(164,200) StmtAppend(149,61) (stored at: variant44)
721623 [main] ERROR clegoues.genprog4java.rep.JavaRepresentation  - org/jsoup/select/QueryParser.java:124: error: cannot find symbol
            evals.add(new CombiningEvaluator.And(f, new StructuralEvaluator.ImmediateParent(e)));
                                                 ^
  symbol:   variable f
  location: class QueryParser
org/jsoup/select/QueryParser.java:126: error: cannot find symbol
            evals.add(new CombiningEvaluator.And(f, new StructuralEvaluator.Parent(e)));
                                                 ^
  symbol:   variable f
  location: class QueryParser
org/jsoup/select/QueryParser.java:128: error: cannot find symbol
            evals.add(new CombiningEvaluator.And(f, new StructuralEvaluator.ImmediatePreviousSibling(e)));
                                                 ^
  symbol:   variable f
  location: class QueryParser
org/jsoup/select/QueryParser.java:130: error: cannot find symbol
            evals.add(new CombiningEvaluator.And(f, new StructuralEvaluator.PreviousSibling(e)));
                                                 ^
  symbol:   variable f
  location: class QueryParser
4 errors

721623 [main] INFO clegoues.genprog4java.rep.CachingRepresentation  - StmtReplace(195,101) StmtReplace(78,101) at variant45 fails to compile

721624 [main] INFO clegoues.genprog4java.fitness.Fitness  - 	 gen: 1 0.0 StmtReplace(195,101) StmtReplace(78,101) (stored at: variant45)
722093 [main] INFO clegoues.genprog4java.fitness.Fitness  - 	 gen: 1 1.0 StmtReplace(150,47) StmtDelete(54) (stored at: variant46)
838776 [main] INFO clegoues.genprog4java.fitness.Fitness  - 	 gen: 1 1.0 StmtAppend(189,191) StmtAppend(61,33) (stored at: variant47)
840574 [main] INFO clegoues.genprog4java.fitness.Fitness  - 	 gen: 1 1.0 StmtAppend(92,46) StmtAppend(113,123) (stored at: variant48)
936923 [main] INFO clegoues.genprog4java.fitness.Fitness  - 	 gen: 1 1.0 StmtDelete(5) StmtDelete(98) (stored at: variant49)
937390 [main] INFO clegoues.genprog4java.fitness.Fitness  - 	 gen: 1 1.0 StmtAppend(92,46) StmtReplace(113,119) (stored at: variant50)
937868 [main] INFO clegoues.genprog4java.fitness.Fitness  - 	 gen: 1 1.0 StmtAppend(22,5) StmtAppend(20,22) (stored at: variant51)
1079075 [main] INFO clegoues.genprog4java.fitness.Fitness  - 	 gen: 1 1.0 StmtReplace(24,5) StmtReplace(124,169) (stored at: variant52)
1079644 [main] INFO clegoues.genprog4java.fitness.Fitness  - 	 gen: 1 0.0 StmtReplace(29,97) StmtDelete(189) (stored at: variant53)
1079671 [main] ERROR clegoues.genprog4java.rep.JavaRepresentation  - org/jsoup/select/CombiningEvaluator.java:30: error: call to super must be first statement in constructor
				super(evaluators);
				     ^
org/jsoup/select/CombiningEvaluator.java:33: error: call to super must be first statement in constructor
				super(evaluators);
				     ^
2 errors

1079671 [main] INFO clegoues.genprog4java.rep.CachingRepresentation  - StmtAppend(142,101) StmtAppend(6,6) at variant54 fails to compile

1079671 [main] INFO clegoues.genprog4java.fitness.Fitness  - 	 gen: 1 0.0 StmtAppend(142,101) StmtAppend(6,6) (stored at: variant54)
1271722 [main] INFO clegoues.genprog4java.fitness.Fitness  - 	 gen: 1 0.0 StmtReplace(59,71) StmtReplace(188,77) (stored at: variant55)
1272191 [main] INFO clegoues.genprog4java.fitness.Fitness  - 	 gen: 1 1.0 StmtReplace(195,101) StmtAppend(190,102) (stored at: variant56)
1272687 [main] INFO clegoues.genprog4java.fitness.Fitness  - 	 gen: 1 1.0 StmtAppend(22,5) StmtReplace(120,118) (stored at: variant57)
1368908 [main] INFO clegoues.genprog4java.fitness.Fitness  - 	 gen: 1 1.0 StmtDelete(62) StmtReplace(111,104) (stored at: variant58)
1560968 [main] INFO clegoues.genprog4java.fitness.Fitness  - 	 gen: 1 0.0 StmtReplace(59,71) StmtDelete(80) (stored at: variant59)
1562607 [main] INFO clegoues.genprog4java.fitness.Fitness  - 	 gen: 1 0.0 StmtAppend(175,173) StmtReplace(51,109) (stored at: variant60)
1564428 [main] INFO clegoues.genprog4java.fitness.Fitness  - 	 gen: 1 1.0 StmtReplace(195,116) StmtAppend(159,123) (stored at: variant61)
1756629 [main] INFO clegoues.genprog4java.fitness.Fitness  - 	 gen: 1 0.0 StmtAppend(189,191) StmtDelete(106) (stored at: variant62)
1756684 [main] ERROR clegoues.genprog4java.rep.JavaRepresentation  - org/jsoup/select/QueryParser.java:65: error: cannot find symbol
                    or.add(parse(subQuery));
                                 ^
  symbol:   variable subQuery
  location: class QueryParser
1 error

1756684 [main] INFO clegoues.genprog4java.rep.CachingRepresentation  - StmtAppend(22,5) StmtDelete(57) at variant63 fails to compile

1756684 [main] INFO clegoues.genprog4java.fitness.Fitness  - 	 gen: 1 0.0 StmtAppend(22,5) StmtDelete(57) (stored at: variant63)
1758308 [main] INFO clegoues.genprog4java.fitness.Fitness  - 	 gen: 1 0.0 StmtReplace(29,97) StmtReplace(164,119) (stored at: variant64)
1758403 [main] ERROR clegoues.genprog4java.rep.JavaRepresentation  - org/jsoup/select/QueryParser.java:109: error: cannot find symbol
                sq.append("(").append(tq.chompBalanced('(', ')')).append(")");
                ^
  symbol:   variable sq
  location: class QueryParser
org/jsoup/select/QueryParser.java:111: error: cannot find symbol
                sq.append("[").append(tq.chompBalanced('[', ']')).append("]");
                ^
  symbol:   variable sq
  location: class QueryParser
org/jsoup/select/QueryParser.java:115: error: cannot find symbol
                sq.append(tq.consume());
                ^
  symbol:   variable sq
  location: class QueryParser
org/jsoup/select/QueryParser.java:117: error: cannot find symbol
        return sq.toString();
               ^
  symbol:   variable sq
  location: class QueryParser
4 errors

1758403 [main] INFO clegoues.genprog4java.rep.CachingRepresentation  - StmtReplace(195,116) StmtReplace(89,173) at variant65 fails to compile

1758403 [main] INFO clegoues.genprog4java.fitness.Fitness  - 	 gen: 1 0.0 StmtReplace(195,116) StmtReplace(89,173) (stored at: variant65)
1854785 [main] INFO clegoues.genprog4java.fitness.Fitness  - 	 gen: 1 1.0 StmtAppend(142,101) StmtReplace(97,40) (stored at: variant66)
1855369 [main] INFO clegoues.genprog4java.fitness.Fitness  - 	 gen: 1 1.0 StmtReplace(150,47) StmtAppend(83,109) (stored at: variant67)
1855393 [main] ERROR clegoues.genprog4java.rep.JavaRepresentation  - org/jsoup/select/QueryParser.java:159: error: cannot find symbol
        Validate.notEmpty(className);
                          ^
  symbol:   variable className
  location: class QueryParser
org/jsoup/select/QueryParser.java:160: error: cannot find symbol
        evals.add(new Evaluator.Class(className.trim().toLowerCase()));
                                      ^
  symbol:   variable className
  location: class QueryParser
2 errors

1855394 [main] INFO clegoues.genprog4java.rep.CachingRepresentation  - StmtDelete(81) StmtAppend(135,112) at variant68 fails to compile

1855394 [main] INFO clegoues.genprog4java.fitness.Fitness  - 	 gen: 1 0.0 StmtDelete(81) StmtAppend(135,112) (stored at: variant68)
1856183 [main] INFO clegoues.genprog4java.fitness.Fitness  - 	 gen: 1 0.0 StmtDelete(98) StmtReplace(91,108) (stored at: variant69)
1856822 [main] INFO clegoues.genprog4java.fitness.Fitness  - 	 gen: 1 0.0 StmtReplace(29,97) StmtReplace(51,104) (stored at: variant70)
1856853 [main] ERROR clegoues.genprog4java.rep.JavaRepresentation  - org/jsoup/select/QueryParser.java:154: error: incompatible types: unexpected return value
				return evals.get(0);
				                ^
1 error

1856854 [main] INFO clegoues.genprog4java.rep.CachingRepresentation  - StmtReplace(164,200) StmtAppend(117,67) at variant71 fails to compile

1856854 [main] INFO clegoues.genprog4java.fitness.Fitness  - 	 gen: 1 0.0 StmtReplace(164,200) StmtAppend(117,67) (stored at: variant71)
2048969 [main] INFO clegoues.genprog4java.fitness.Fitness  - 	 gen: 1 0.0 StmtDelete(62) StmtAppend(160,118) (stored at: variant72)
2241139 [main] INFO clegoues.genprog4java.fitness.Fitness  - 	 gen: 1 0.0 StmtAppend(44,120) StmtDelete(107) (stored at: variant73)
2433349 [main] INFO clegoues.genprog4java.fitness.Fitness  - 	 gen: 1 0.0 StmtDelete(62) StmtDelete(196) (stored at: variant74)
2433379 [main] ERROR clegoues.genprog4java.rep.JavaRepresentation  - org/jsoup/select/CombiningEvaluator.java:59: error: call to super must be first statement in constructor
				super();
				     ^
1 error

2433379 [main] INFO clegoues.genprog4java.rep.CachingRepresentation  - StmtDelete(5) StmtAppend(18,22) at variant75 fails to compile

2433380 [main] INFO clegoues.genprog4java.fitness.Fitness  - 	 gen: 1 0.0 StmtDelete(5) StmtAppend(18,22) (stored at: variant75)
2433948 [main] INFO clegoues.genprog4java.fitness.Fitness  - 	 gen: 1 1.0 StmtDelete(26) (stored at: variant76)
2434537 [main] INFO clegoues.genprog4java.fitness.Fitness  - 	 gen: 1 1.0 StmtAppend(142,101) StmtReplace(41,48) (stored at: variant77)
2435134 [main] INFO clegoues.genprog4java.fitness.Fitness  - 	 gen: 1 0.0 StmtReplace(164,200) StmtDelete(102) (stored at: variant78)
2435711 [main] INFO clegoues.genprog4java.fitness.Fitness  - 	 gen: 1 1.0 StmtAppend(22,5) StmtAppend(86,110) (stored at: variant79)
2436057 [main] INFO clegoues.genprog4java.fitness.Fitness  - 	 gen: 1 1.0 StmtReplace(40,71) (stored at: variant80)
2436894 [main] INFO clegoues.genprog4java.fitness.Fitness  - 	 gen: 1 1.0 StmtDelete(193) (stored at: variant81)
2436923 [main] ERROR clegoues.genprog4java.rep.JavaRepresentation  - org/jsoup/select/QueryParser.java:112: error: cannot find symbol
                sq.append("(").append(tq.chompBalanced('(', ')')).append(")");
                ^
  symbol:   variable sq
  location: class QueryParser
org/jsoup/select/QueryParser.java:114: error: cannot find symbol
                sq.append("[").append(tq.chompBalanced('[', ']')).append("]");
                ^
  symbol:   variable sq
  location: class QueryParser
org/jsoup/select/QueryParser.java:118: error: cannot find symbol
                sq.append(tq.consume());
                ^
  symbol:   variable sq
  location: class QueryParser
org/jsoup/select/QueryParser.java:120: error: cannot find symbol
        return sq.toString();
               ^
  symbol:   variable sq
  location: class QueryParser
4 errors

2436923 [main] INFO clegoues.genprog4java.rep.CachingRepresentation  - StmtAppend(89,106) at variant82 fails to compile

2436923 [main] INFO clegoues.genprog4java.fitness.Fitness  - 	 gen: 1 0.0 StmtAppend(89,106) (stored at: variant82)
2436962 [main] ERROR clegoues.genprog4java.rep.JavaRepresentation  - org/jsoup/select/CombiningEvaluator.java:61: error: call to super must be first statement in constructor
					super(evaluators);
					     ^
1 error

2436962 [main] INFO clegoues.genprog4java.rep.CachingRepresentation  - StmtAppend(21,6) at variant83 fails to compile

2436962 [main] INFO clegoues.genprog4java.fitness.Fitness  - 	 gen: 1 0.0 StmtAppend(21,6) (stored at: variant83)
2533261 [main] INFO clegoues.genprog4java.fitness.Fitness  - 	 gen: 1 1.0 StmtDelete(111) (stored at: variant84)
2533288 [main] ERROR clegoues.genprog4java.rep.JavaRepresentation  - org/jsoup/select/QueryParser.java:68: error: cannot find symbol
            } else if (seenWhite) {
                       ^
  symbol:   variable seenWhite
  location: class QueryParser
org/jsoup/select/QueryParser.java:68: error: illegal start of type
            } else if (seenWhite) {
                      ^
2 errors

2533288 [main] INFO clegoues.genprog4java.rep.CachingRepresentation  - StmtDelete(49) at variant85 fails to compile

2533289 [main] INFO clegoues.genprog4java.fitness.Fitness  - 	 gen: 1 0.0 StmtDelete(49) (stored at: variant85)
2533315 [main] ERROR clegoues.genprog4java.rep.JavaRepresentation  - org/jsoup/select/QueryParser.java:64: error: cannot find symbol
                    or.add(parse(subQuery));
                                 ^
  symbol:   variable subQuery
  location: class QueryParser
1 error

2533315 [main] INFO clegoues.genprog4java.rep.CachingRepresentation  - StmtReplace(57,46) at variant86 fails to compile

2533315 [main] INFO clegoues.genprog4java.fitness.Fitness  - 	 gen: 1 0.0 StmtReplace(57,46) (stored at: variant86)
2533941 [main] INFO clegoues.genprog4java.fitness.Fitness  - 	 gen: 1 1.0 StmtAppend(111,64) (stored at: variant87)
2534589 [main] INFO clegoues.genprog4java.fitness.Fitness  - 	 gen: 1 1.0 StmtAppend(196,48) (stored at: variant88)
2535478 [main] INFO clegoues.genprog4java.fitness.Fitness  - 	 gen: 1 0.0 StmtReplace(133,105) (stored at: variant89)
2657906 [main] INFO clegoues.genprog4java.fitness.Fitness  - 	 gen: 1 0.0 StmtAppend(156,35) (stored at: variant90)
2658382 [main] INFO clegoues.genprog4java.fitness.Fitness  - 	 gen: 1 1.0 StmtAppend(43,103) (stored at: variant91)
2658920 [main] INFO clegoues.genprog4java.fitness.Fitness  - 	 gen: 1 1.0 StmtDelete(71) (stored at: variant92)
2659404 [main] INFO clegoues.genprog4java.fitness.Fitness  - 	 gen: 1 1.0 StmtAppend(110,43) (stored at: variant93)
2659425 [main] ERROR clegoues.genprog4java.rep.JavaRepresentation  - org/jsoup/select/QueryParser.java:94: error: variable e might not have been initialized
            evals.add(new CombiningEvaluator.And(f, new StructuralEvaluator.ImmediateParent(e)));
                                                                                            ^
org/jsoup/select/QueryParser.java:96: error: variable e might not have been initialized
            evals.add(new CombiningEvaluator.And(f, new StructuralEvaluator.Parent(e)));
                                                                                   ^
org/jsoup/select/QueryParser.java:98: error: variable e might not have been initialized
            evals.add(new CombiningEvaluator.And(f, new StructuralEvaluator.ImmediatePreviousSibling(e)));
                                                                                                     ^
org/jsoup/select/QueryParser.java:100: error: variable e might not have been initialized
            evals.add(new CombiningEvaluator.And(f, new StructuralEvaluator.PreviousSibling(e)));
                                                                                            ^
4 errors

2659425 [main] INFO clegoues.genprog4java.rep.CachingRepresentation  - StmtDelete(76) at variant94 fails to compile

2659425 [main] INFO clegoues.genprog4java.fitness.Fitness  - 	 gen: 1 0.0 StmtDelete(76) (stored at: variant94)
2659436 [main] ERROR clegoues.genprog4java.rep.JavaRepresentation  - org/jsoup/select/CombiningEvaluator.java:28: error: ';' expected
        And(Collection<Evaluator> evaluators) if (evaluators.size() > 1)
                                             ^
org/jsoup/select/CombiningEvaluator.java:30: error: illegal start of type
		else
		^
org/jsoup/select/CombiningEvaluator.java:30: error: ';' expected
		else
		    ^
org/jsoup/select/CombiningEvaluator.java:31: error: illegal start of type
			this.evaluators.addAll(evaluators);
			    ^
org/jsoup/select/CombiningEvaluator.java:31: error: ';' expected
			this.evaluators.addAll(evaluators);
			               ^
org/jsoup/select/CombiningEvaluator.java:31: error: invalid method declaration; return type required
			this.evaluators.addAll(evaluators);
			                ^
org/jsoup/select/CombiningEvaluator.java:31: error: <identifier> expected
			this.evaluators.addAll(evaluators);
			                                 ^
7 errors

2659437 [main] INFO clegoues.genprog4java.rep.CachingRepresentation  - StmtReplace(6,20) at variant95 fails to compile

2659437 [main] INFO clegoues.genprog4java.fitness.Fitness  - 	 gen: 1 0.0 StmtReplace(6,20) (stored at: variant95)
2659971 [main] INFO clegoues.genprog4java.fitness.Fitness  - 	 gen: 1 1.0 StmtReplace(153,156) (stored at: variant96)
2659979 [main] ERROR clegoues.genprog4java.rep.JavaRepresentation  - org/jsoup/select/CombiningEvaluator.java:65: error: ';' expected
        public void add(Evaluator e) if (evaluators.size() > 1)
                                    ^
org/jsoup/select/CombiningEvaluator.java:67: error: illegal start of type
		else
		^
org/jsoup/select/CombiningEvaluator.java:67: error: ';' expected
		else
		    ^
org/jsoup/select/CombiningEvaluator.java:68: error: illegal start of type
			this.evaluators.addAll(evaluators);
			    ^
org/jsoup/select/CombiningEvaluator.java:68: error: ';' expected
			this.evaluators.addAll(evaluators);
			               ^
org/jsoup/select/CombiningEvaluator.java:68: error: invalid method declaration; return type required
			this.evaluators.addAll(evaluators);
			                ^
org/jsoup/select/CombiningEvaluator.java:68: error: <identifier> expected
			this.evaluators.addAll(evaluators);
			                                 ^
7 errors

2659979 [main] INFO clegoues.genprog4java.rep.CachingRepresentation  - StmtReplace(23,20) at variant97 fails to compile

2659979 [main] INFO clegoues.genprog4java.fitness.Fitness  - 	 gen: 1 0.0 StmtReplace(23,20) (stored at: variant97)
2660471 [main] INFO clegoues.genprog4java.fitness.Fitness  - 	 gen: 1 1.0 StmtDelete(175) (stored at: variant98)
2661008 [main] INFO clegoues.genprog4java.fitness.Fitness  - 	 gen: 1 1.0 StmtReplace(183,181) (stored at: variant99)
2661027 [main] ERROR clegoues.genprog4java.rep.JavaRepresentation  - org/jsoup/select/QueryParser.java:64: error: cannot find symbol
                    or.add(parse(subQuery));
                                 ^
  symbol:   variable subQuery
  location: class QueryParser
1 error

2661027 [main] INFO clegoues.genprog4java.rep.CachingRepresentation  - StmtReplace(57,64) at variant100 fails to compile

2661027 [main] INFO clegoues.genprog4java.fitness.Fitness  - 	 gen: 1 0.0 StmtReplace(57,64) (stored at: variant100)
2661061 [main] ERROR clegoues.genprog4java.rep.JavaRepresentation  - org/jsoup/select/CombiningEvaluator.java:30: error: call to super must be first statement in constructor
				super(evaluators);
				     ^
1 error

2661061 [main] INFO clegoues.genprog4java.rep.CachingRepresentation  - StmtAppend(6,22) at variant101 fails to compile

2661062 [main] INFO clegoues.genprog4java.fitness.Fitness  - 	 gen: 1 0.0 StmtAppend(6,22) (stored at: variant101)
2661558 [main] INFO clegoues.genprog4java.fitness.Fitness  - 	 gen: 1 1.0 StmtAppend(173,169) (stored at: variant102)
2662091 [main] INFO clegoues.genprog4java.fitness.Fitness  - 	 gen: 1 1.0 StmtAppend(181,118) (stored at: variant103)
2662698 [main] INFO clegoues.genprog4java.fitness.Fitness  - 	 gen: 1 1.0 StmtAppend(95,105) (stored at: variant104)
2758955 [main] INFO clegoues.genprog4java.fitness.Fitness  - 	 gen: 1 1.0 StmtDelete(126) (stored at: variant105)
2758955 [main] INFO clegoues.genprog4java.Search.Search  - search: generation2
2855657 [main] INFO clegoues.genprog4java.fitness.Fitness  - 	 gen: 2 1.0 StmtDelete(111) StmtAppend(163,125) (stored at: variant106)
2951881 [main] INFO clegoues.genprog4java.fitness.Fitness  - 	 gen: 2 1.0 StmtDelete(126) StmtAppend(43,105) (stored at: variant107)
2951914 [main] ERROR clegoues.genprog4java.rep.JavaRepresentation  - org/jsoup/select/QueryParser.java:38: error: non-static method matches(boolean) cannot be referenced from a static context
			matches(true);
			^
org/jsoup/select/QueryParser.java:40: error: cannot find symbol
        return p.parse();
               ^
  symbol:   variable p
  location: class QueryParser
2 errors

2951914 [main] INFO clegoues.genprog4java.rep.CachingRepresentation  - StmtAppend(22,5) StmtReplace(120,118) StmtAppend(37,126) at variant108 fails to compile

2951914 [main] INFO clegoues.genprog4java.fitness.Fitness  - 	 gen: 2 0.0 StmtAppend(22,5) StmtReplace(120,118) StmtAppend(37,126) (stored at: variant108)
2952469 [main] INFO clegoues.genprog4java.fitness.Fitness  - 	 gen: 2 1.0 StmtAppend(110,43) StmtReplace(90,116) (stored at: variant109)
2953026 [main] INFO clegoues.genprog4java.fitness.Fitness  - 	 gen: 2 0.0 StmtAppend(22,5) StmtAppend(20,22) StmtDelete(147) (stored at: variant110)
2953582 [main] INFO clegoues.genprog4java.fitness.Fitness  - 	 gen: 2 1.0 StmtAppend(95,105) StmtAppend(71,43) (stored at: variant111)
2954113 [main] INFO clegoues.genprog4java.fitness.Fitness  - 	 gen: 2 1.0 StmtDelete(193) StmtAppend(64,34) (stored at: variant112)
2954690 [main] INFO clegoues.genprog4java.fitness.Fitness  - 	 gen: 2 0.0 StmtReplace(195,101) StmtAppend(190,102) StmtAppend(33,46) (stored at: variant113)
2954715 [main] ERROR clegoues.genprog4java.rep.JavaRepresentation  - org/jsoup/select/CombiningEvaluator.java:18: error: variable evaluators might not have been initialized
        this.evaluators.addAll(evaluators);
            ^
1 error

2954715 [main] INFO clegoues.genprog4java.rep.CachingRepresentation  - StmtDelete(111) StmtReplace(1,5) at variant114 fails to compile

2954715 [main] INFO clegoues.genprog4java.fitness.Fitness  - 	 gen: 2 0.0 StmtDelete(111) StmtReplace(1,5) (stored at: variant114)
2955293 [main] INFO clegoues.genprog4java.fitness.Fitness  - 	 gen: 2 1.0 StmtReplace(164,200) StmtAppend(149,61) StmtAppend(2,5) (stored at: variant115)
3147326 [main] INFO clegoues.genprog4java.fitness.Fitness  - 	 gen: 2 0.0 StmtAppend(181,118) StmtDelete(106) (stored at: variant116)
3243361 [main] INFO clegoues.genprog4java.fitness.Fitness  - 	 gen: 2 0.0 StmtDelete(111) StmtAppend(119,44) (stored at: variant117)
3243403 [main] ERROR clegoues.genprog4java.rep.JavaRepresentation  - org/jsoup/select/QueryParser.java:226: error: cannot find symbol
        Validate.isTrue(StringUtil.isNumeric(indexS), "Index must be numeric");
                                             ^
  symbol:   variable indexS
  location: class QueryParser
org/jsoup/select/QueryParser.java:227: error: cannot find symbol
        return Integer.parseInt(indexS);
                                ^
  symbol:   variable indexS
  location: class QueryParser
2 errors

3243403 [main] INFO clegoues.genprog4java.rep.CachingRepresentation  - StmtDelete(62) StmtReplace(111,104) StmtAppend(177,117) at variant118 fails to compile

3243403 [main] INFO clegoues.genprog4java.fitness.Fitness  - 	 gen: 2 0.0 StmtDelete(62) StmtReplace(111,104) StmtAppend(177,117) (stored at: variant118)
3340028 [main] INFO clegoues.genprog4java.fitness.Fitness  - 	 gen: 2 1.0 StmtDelete(126) StmtDelete(202) (stored at: variant119)
3340059 [main] ERROR clegoues.genprog4java.rep.JavaRepresentation  - org/jsoup/select/QueryParser.java:69: error: cannot find symbol
            } else if (seenWhite) {
                       ^
  symbol:   variable seenWhite
  location: class QueryParser
org/jsoup/select/QueryParser.java:69: error: illegal start of type
            } else if (seenWhite) {
                      ^
2 errors

3340060 [main] INFO clegoues.genprog4java.rep.CachingRepresentation  - StmtDelete(193) StmtReplace(49,60) at variant120 fails to compile

3340060 [main] INFO clegoues.genprog4java.fitness.Fitness  - 	 gen: 2 0.0 StmtDelete(193) StmtReplace(49,60) (stored at: variant120)
3340714 [main] INFO clegoues.genprog4java.fitness.Fitness  - 	 gen: 2 1.0 StmtAppend(142,101) StmtReplace(41,48) StmtAppend(190,110) (stored at: variant121)
3341427 [main] INFO clegoues.genprog4java.fitness.Fitness  - 	 gen: 2 1.0 StmtDelete(71) StmtAppend(160,161) (stored at: variant122)
3341477 [main] ERROR clegoues.genprog4java.rep.JavaRepresentation  - org/jsoup/select/CombiningEvaluator.java:64: error: call to super must be first statement in constructor
					super(evaluators);
					     ^
1 error

3341477 [main] INFO clegoues.genprog4java.rep.CachingRepresentation  - StmtAppend(189,191) StmtAppend(61,33) StmtAppend(20,6) at variant123 fails to compile

3341478 [main] INFO clegoues.genprog4java.fitness.Fitness  - 	 gen: 2 0.0 StmtAppend(189,191) StmtAppend(61,33) StmtAppend(20,6) (stored at: variant123)
3342155 [main] INFO clegoues.genprog4java.fitness.Fitness  - 	 gen: 2 1.0 StmtAppend(95,105) StmtAppend(115,200) (stored at: variant124)
3342181 [main] ERROR clegoues.genprog4java.rep.JavaRepresentation  - org/jsoup/select/QueryParser.java:109: error: cannot find symbol
                sq.append("(").append(tq.chompBalanced('(', ')')).append(")");
                ^
  symbol:   variable sq
  location: class QueryParser
org/jsoup/select/QueryParser.java:111: error: cannot find symbol
                sq.append("[").append(tq.chompBalanced('[', ']')).append("]");
                ^
  symbol:   variable sq
  location: class QueryParser
org/jsoup/select/QueryParser.java:115: error: cannot find symbol
                sq.append(tq.consume());
                ^
  symbol:   variable sq
  location: class QueryParser
org/jsoup/select/QueryParser.java:117: error: cannot find symbol
        return sq.toString();
               ^
  symbol:   variable sq
  location: class QueryParser
4 errors

3342181 [main] INFO clegoues.genprog4java.rep.CachingRepresentation  - StmtReplace(40,71) StmtReplace(89,46) at variant125 fails to compile

3342181 [main] INFO clegoues.genprog4java.fitness.Fitness  - 	 gen: 2 0.0 StmtReplace(40,71) StmtReplace(89,46) (stored at: variant125)
3342926 [main] INFO clegoues.genprog4java.fitness.Fitness  - 	 gen: 2 1.0 StmtDelete(193) StmtReplace(175,114) (stored at: variant126)
3343577 [main] INFO clegoues.genprog4java.fitness.Fitness  - 	 gen: 2 1.0 StmtReplace(164,200) StmtAppend(149,61) StmtReplace(59,173) (stored at: variant127)
3344319 [main] INFO clegoues.genprog4java.fitness.Fitness  - 	 gen: 2 0.0 StmtDelete(81) StmtDelete(111) StmtReplace(35,46) (stored at: variant128)
3345005 [main] INFO clegoues.genprog4java.fitness.Fitness  - 	 gen: 2 1.0 StmtAppend(111,64) StmtReplace(66,123) (stored at: variant129)
3345626 [main] INFO clegoues.genprog4java.fitness.Fitness  - 	 gen: 2 1.0 StmtAppend(92,46) StmtReplace(113,119) StmtDelete(90) (stored at: variant130)
3345649 [main] ERROR clegoues.genprog4java.rep.JavaRepresentation  - org/jsoup/select/QueryParser.java:193: error: cannot find symbol
        Validate.notEmpty(className);
                          ^
  symbol:   variable className
  location: class QueryParser
org/jsoup/select/QueryParser.java:194: error: cannot find symbol
        evals.add(new Evaluator.Class(className.trim().toLowerCase()));
                                      ^
  symbol:   variable className
  location: class QueryParser
2 errors

3345649 [main] INFO clegoues.genprog4java.rep.CachingRepresentation  - StmtReplace(183,181) StmtAppend(135,103) at variant131 fails to compile

3345650 [main] INFO clegoues.genprog4java.fitness.Fitness  - 	 gen: 2 0.0 StmtReplace(183,181) StmtAppend(135,103) (stored at: variant131)
3346595 [main] INFO clegoues.genprog4java.fitness.Fitness  - 	 gen: 2 0.0 StmtAppend(111,64) StmtAppend(47,34) (stored at: variant132)
3452951 [main] INFO clegoues.genprog4java.fitness.Fitness  - 	 gen: 2 1.0 StmtAppend(189,191) StmtAppend(61,33) StmtDelete(165) (stored at: variant133)
3453476 [main] INFO clegoues.genprog4java.fitness.Fitness  - 	 gen: 2 1.0 StmtAppend(95,105) StmtAppend(157,41) (stored at: variant134)
3454026 [main] INFO clegoues.genprog4java.fitness.Fitness  - 	 gen: 2 1.0 StmtDelete(71) StmtAppend(188,186) (stored at: variant135)
