0 [main] DEBUG clegoues.genprog4java.fitness.Fitness  - parsing granularity, value: class
15 [main] DEBUG clegoues.genprog4java.fitness.Fitness  - parsing granularity, value: class
#Thu Mar 04 03:09:07 CST 2021
negativeTestWeight=2.0
classSourceFolder=/home/rtx/repair/d4j/Jsoup/21b/target/classes
model=default
sampleStrategy=variant
srcClassPath=/home/rtx/repair/d4j/Jsoup/21b/target/classes
sourceVersion=1.8
popsize=40
regenPaths=false
posCoverageFile=coverage.path.pos
continue=false
edits=APPEND;DELETE;REPLACE
negCoverageFile=coverage.path.neg
workingDir=/home/rtx/repair/d4j/Jsoup/21b/
clearTestCache=false
skipFailedSanity=false
sample=0.1 
oracleGenome=
testGranularity=class
justTestingFaultLoc=false
faultLocStrategy=standardPathFile
crossp=0.5
pMutation=1
generations=10
positiveTests=/home/rtx/repair/d4j/Jsoup/21b/pos.tests
javaVM=/home/rtx/java/jdk1.8.0_271/jre/bin/java
seed=3
negativePathWeight=0.35
compileCommand=
fixStrategy=classScope
allowCoverageFail=false
targetClassName=/home/rtx/repair/d4j/Jsoup/21b/bugfiles.txt
javaRuntime=java.lang.Runtime@6576fe71
classTestFolder=
modelPath=OVERALLModel.txt
sanity=yes
positivePathWeight=0.65
jacocoPath=/home/rtx/eclipse-workspace/genprog4java/lib/jacocoagent.jar
negativeTests=/home/rtx/repair/d4j/Jsoup/21b/neg.tests
pathToFileHumanInjectedFaultLoc=fileHumanInjectedFaultLoc.txt
outputDir=/home/rtx/repair/d4j/Jsoup/21b/genprog4java/variantSeed3/
testClassPath=/home/rtx/repair/defects4j/framework/projects/Jsoup/lib/junit/junit/4.5/junit-4.5.jar\:/home/rtx/repair/d4j/Jsoup/21b/target/classes\:/home/rtx/repair/d4j/Jsoup/21b/target/test-classes\:/home/rtx/repair/defects4j/framework/projects/lib/junit-4.11.jar\:/home/rtx/repair/defects4j/framework/projects/Jsoup/lib/com/google/code/gson/gson/2.7/gson-2.7.jar\:/home/rtx/repair/defects4j/framework/projects/Jsoup/lib/commons-lang/commons-lang/2.4/commons-lang-2.4.jar\:/home/rtx/repair/defects4j/framework/projects/Jsoup/lib/javax/servlet/javax.servlet-api/3.1.0/javax.servlet-api-3.1.0.jar\:/home/rtx/repair/defects4j/framework/projects/Jsoup/lib/junit/junit/4.12/junit-4.12.jar\:/home/rtx/repair/defects4j/framework/projects/Jsoup/lib/lib/com/google/code/gson/gson/2.7/gson-2.7.jar\:/home/rtx/repair/defects4j/framework/projects/Jsoup/lib/lib/commons-lang/commons-lang/2.4/commons-lang-2.4.jar\:/home/rtx/repair/defects4j/framework/projects/Jsoup/lib/lib/javax/servlet/javax.servlet-api/3.1.0/javax.servlet-api-3.1.0.jar\:/home/rtx/repair/defects4j/framework/projects/Jsoup/lib/lib/junit/junit/4.12/junit-4.12.jar\:/home/rtx/repair/defects4j/framework/projects/Jsoup/lib/lib/junit/junit/4.5/junit-4.5.jar\:/home/rtx/repair/defects4j/framework/projects/Jsoup/lib/lib/org/eclipse/jetty/jetty-http/9.2.22.v20170606/jetty-http-9.2.22.v20170606.jar\:/home/rtx/repair/defects4j/framework/projects/Jsoup/lib/lib/org/eclipse/jetty/jetty-http/9.2.26.v20180806/jetty-http-9.2.26.v20180806.jar\:/home/rtx/repair/defects4j/framework/projects/Jsoup/lib/lib/org/eclipse/jetty/jetty-http/9.2.28.v20190418/jetty-http-9.2.28.v20190418.jar\:/home/rtx/repair/defects4j/framework/projects/Jsoup/lib/lib/org/eclipse/jetty/jetty-io/9.2.22.v20170606/jetty-io-9.2.22.v20170606.jar\:/home/rtx/repair/defects4j/framework/projects/Jsoup/lib/lib/org/eclipse/jetty/jetty-io/9.2.26.v20180806/jetty-io-9.2.26.v20180806.jar\:/home/rtx/repair/defects4j/framework/projects/Jsoup/lib/lib/org/eclipse/jetty/jetty-io/9.2.28.v20190418/jetty-io-9.2.28.v20190418.jar\:/home/rtx/repair/defects4j/framework/projects/Jsoup/lib/lib/org/eclipse/jetty/jetty-security/9.2.22.v20170606/jetty-security-9.2.22.v20170606.jar\:/home/rtx/repair/defects4j/framework/projects/Jsoup/lib/lib/org/eclipse/jetty/jetty-security/9.2.26.v20180806/jetty-security-9.2.26.v20180806.jar\:/home/rtx/repair/defects4j/framework/projects/Jsoup/lib/lib/org/eclipse/jetty/jetty-security/9.2.28.v20190418/jetty-security-9.2.28.v20190418.jar\:/home/rtx/repair/defects4j/framework/projects/Jsoup/lib/lib/org/eclipse/jetty/jetty-server/9.2.22.v20170606/jetty-server-9.2.22.v20170606.jar\:/home/rtx/repair/defects4j/framework/projects/Jsoup/lib/lib/org/eclipse/jetty/jetty-server/9.2.26.v20180806/jetty-server-9.2.26.v20180806.jar\:/home/rtx/repair/defects4j/framework/projects/Jsoup/lib/lib/org/eclipse/jetty/jetty-server/9.2.28.v20190418/jetty-server-9.2.28.v20190418.jar\:/home/rtx/repair/defects4j/framework/projects/Jsoup/lib/lib/org/eclipse/jetty/jetty-servlet/9.2.22.v20170606/jetty-servlet-9.2.22.v20170606.jar\:/home/rtx/repair/defects4j/framework/projects/Jsoup/lib/lib/org/eclipse/jetty/jetty-servlet/9.2.26.v20180806/jetty-servlet-9.2.26.v20180806.jar\:/home/rtx/repair/defects4j/framework/projects/Jsoup/lib/lib/org/eclipse/jetty/jetty-servlet/9.2.28.v20190418/jetty-servlet-9.2.28.v20190418.jar\:/home/rtx/repair/defects4j/framework/projects/Jsoup/lib/lib/org/eclipse/jetty/jetty-util/9.2.22.v20170606/jetty-util-9.2.22.v20170606.jar\:/home/rtx/repair/defects4j/framework/projects/Jsoup/lib/lib/org/eclipse/jetty/jetty-util/9.2.26.v20180806/jetty-util-9.2.26.v20180806.jar\:/home/rtx/repair/defects4j/framework/projects/Jsoup/lib/lib/org/eclipse/jetty/jetty-util/9.2.28.v20190418/jetty-util-9.2.28.v20190418.jar\:/home/rtx/repair/defects4j/framework/projects/Jsoup/lib/lib/org/hamcrest/hamcrest-core/1.3/hamcrest-core-1.3.jar\:/home/rtx/repair/defects4j/framework/projects/Jsoup/lib/org/eclipse/jetty/jetty-http/9.2.22.v20170606/jetty-http-9.2.22.v20170606.jar\:/home/rtx/repair/defects4j/framework/projects/Jsoup/lib/org/eclipse/jetty/jetty-http/9.2.26.v20180806/jetty-http-9.2.26.v20180806.jar\:/home/rtx/repair/defects4j/framework/projects/Jsoup/lib/org/eclipse/jetty/jetty-http/9.2.28.v20190418/jetty-http-9.2.28.v20190418.jar\:/home/rtx/repair/defects4j/framework/projects/Jsoup/lib/org/eclipse/jetty/jetty-io/9.2.22.v20170606/jetty-io-9.2.22.v20170606.jar\:/home/rtx/repair/defects4j/framework/projects/Jsoup/lib/org/eclipse/jetty/jetty-io/9.2.26.v20180806/jetty-io-9.2.26.v20180806.jar\:/home/rtx/repair/defects4j/framework/projects/Jsoup/lib/org/eclipse/jetty/jetty-io/9.2.28.v20190418/jetty-io-9.2.28.v20190418.jar\:/home/rtx/repair/defects4j/framework/projects/Jsoup/lib/org/eclipse/jetty/jetty-security/9.2.22.v20170606/jetty-security-9.2.22.v20170606.jar\:/home/rtx/repair/defects4j/framework/projects/Jsoup/lib/org/eclipse/jetty/jetty-security/9.2.26.v20180806/jetty-security-9.2.26.v20180806.jar\:/home/rtx/repair/defects4j/framework/projects/Jsoup/lib/org/eclipse/jetty/jetty-security/9.2.28.v20190418/jetty-security-9.2.28.v20190418.jar\:/home/rtx/repair/defects4j/framework/projects/Jsoup/lib/org/eclipse/jetty/jetty-server/9.2.22.v20170606/jetty-server-9.2.22.v20170606.jar\:/home/rtx/repair/defects4j/framework/projects/Jsoup/lib/org/eclipse/jetty/jetty-server/9.2.26.v20180806/jetty-server-9.2.26.v20180806.jar\:/home/rtx/repair/defects4j/framework/projects/Jsoup/lib/org/eclipse/jetty/jetty-server/9.2.28.v20190418/jetty-server-9.2.28.v20190418.jar\:/home/rtx/repair/defects4j/framework/projects/Jsoup/lib/org/eclipse/jetty/jetty-servlet/9.2.22.v20170606/jetty-servlet-9.2.22.v20170606.jar\:/home/rtx/repair/defects4j/framework/projects/Jsoup/lib/org/eclipse/jetty/jetty-servlet/9.2.26.v20180806/jetty-servlet-9.2.26.v20180806.jar\:/home/rtx/repair/defects4j/framework/projects/Jsoup/lib/org/eclipse/jetty/jetty-servlet/9.2.28.v20190418/jetty-servlet-9.2.28.v20190418.jar\:/home/rtx/repair/defects4j/framework/projects/Jsoup/lib/org/eclipse/jetty/jetty-util/9.2.22.v20170606/jetty-util-9.2.22.v20170606.jar\:/home/rtx/repair/defects4j/framework/projects/Jsoup/lib/org/eclipse/jetty/jetty-util/9.2.26.v20180806/jetty-util-9.2.26.v20180806.jar\:/home/rtx/repair/defects4j/framework/projects/Jsoup/lib/org/eclipse/jetty/jetty-util/9.2.28.v20190418/jetty-util-9.2.28.v20190418.jar\:/home/rtx/repair/defects4j/framework/projects/Jsoup/lib/org/hamcrest/hamcrest-core/1.3/hamcrest-core-1.3.jar
faultStrategy=classScope
sourceDir=src/main/java
checkSpace=false
search=gp
globalExtension=.java
faultSpaceSubSet=1/5
maxVariants=50
libs=/home/rtx/eclipse-workspace/genprog4java/lib/junittestrunner.jar\:/home/rtx/eclipse-workspace/genprog4java/lib/commons-cli-20040117.000000.jar\:/home/rtx/eclipse-workspace/genprog4java/lib/junit-4.12.jar\:/home/rtx/eclipse-workspace/genprog4java/lib/hamcrest-core-1.3.jar\:/home/rtx/eclipse-workspace/genprog4java/lib/log4j-1.2.17.jar\:/home/rtx/repair/defects4j/framework/projects/Jsoup/lib/junit/junit/4.5/junit-4.5.jar\:/home/rtx/repair/d4j/Jsoup/21b/target/classes\:/home/rtx/repair/d4j/Jsoup/21b/target/test-classes\:/home/rtx/repair/defects4j/framework/projects/lib/junit-4.11.jar\:/home/rtx/repair/defects4j/framework/projects/Jsoup/lib/com/google/code/gson/gson/2.7/gson-2.7.jar\:/home/rtx/repair/defects4j/framework/projects/Jsoup/lib/commons-lang/commons-lang/2.4/commons-lang-2.4.jar\:/home/rtx/repair/defects4j/framework/projects/Jsoup/lib/javax/servlet/javax.servlet-api/3.1.0/javax.servlet-api-3.1.0.jar\:/home/rtx/repair/defects4j/framework/projects/Jsoup/lib/junit/junit/4.12/junit-4.12.jar\:/home/rtx/repair/defects4j/framework/projects/Jsoup/lib/lib/com/google/code/gson/gson/2.7/gson-2.7.jar\:/home/rtx/repair/defects4j/framework/projects/Jsoup/lib/lib/commons-lang/commons-lang/2.4/commons-lang-2.4.jar\:/home/rtx/repair/defects4j/framework/projects/Jsoup/lib/lib/javax/servlet/javax.servlet-api/3.1.0/javax.servlet-api-3.1.0.jar\:/home/rtx/repair/defects4j/framework/projects/Jsoup/lib/lib/junit/junit/4.12/junit-4.12.jar\:/home/rtx/repair/defects4j/framework/projects/Jsoup/lib/lib/junit/junit/4.5/junit-4.5.jar\:/home/rtx/repair/defects4j/framework/projects/Jsoup/lib/lib/org/eclipse/jetty/jetty-http/9.2.22.v20170606/jetty-http-9.2.22.v20170606.jar\:/home/rtx/repair/defects4j/framework/projects/Jsoup/lib/lib/org/eclipse/jetty/jetty-http/9.2.26.v20180806/jetty-http-9.2.26.v20180806.jar\:/home/rtx/repair/defects4j/framework/projects/Jsoup/lib/lib/org/eclipse/jetty/jetty-http/9.2.28.v20190418/jetty-http-9.2.28.v20190418.jar\:/home/rtx/repair/defects4j/framework/projects/Jsoup/lib/lib/org/eclipse/jetty/jetty-io/9.2.22.v20170606/jetty-io-9.2.22.v20170606.jar\:/home/rtx/repair/defects4j/framework/projects/Jsoup/lib/lib/org/eclipse/jetty/jetty-io/9.2.26.v20180806/jetty-io-9.2.26.v20180806.jar\:/home/rtx/repair/defects4j/framework/projects/Jsoup/lib/lib/org/eclipse/jetty/jetty-io/9.2.28.v20190418/jetty-io-9.2.28.v20190418.jar\:/home/rtx/repair/defects4j/framework/projects/Jsoup/lib/lib/org/eclipse/jetty/jetty-security/9.2.22.v20170606/jetty-security-9.2.22.v20170606.jar\:/home/rtx/repair/defects4j/framework/projects/Jsoup/lib/lib/org/eclipse/jetty/jetty-security/9.2.26.v20180806/jetty-security-9.2.26.v20180806.jar\:/home/rtx/repair/defects4j/framework/projects/Jsoup/lib/lib/org/eclipse/jetty/jetty-security/9.2.28.v20190418/jetty-security-9.2.28.v20190418.jar\:/home/rtx/repair/defects4j/framework/projects/Jsoup/lib/lib/org/eclipse/jetty/jetty-server/9.2.22.v20170606/jetty-server-9.2.22.v20170606.jar\:/home/rtx/repair/defects4j/framework/projects/Jsoup/lib/lib/org/eclipse/jetty/jetty-server/9.2.26.v20180806/jetty-server-9.2.26.v20180806.jar\:/home/rtx/repair/defects4j/framework/projects/Jsoup/lib/lib/org/eclipse/jetty/jetty-server/9.2.28.v20190418/jetty-server-9.2.28.v20190418.jar\:/home/rtx/repair/defects4j/framework/projects/Jsoup/lib/lib/org/eclipse/jetty/jetty-servlet/9.2.22.v20170606/jetty-servlet-9.2.22.v20170606.jar\:/home/rtx/repair/defects4j/framework/projects/Jsoup/lib/lib/org/eclipse/jetty/jetty-servlet/9.2.26.v20180806/jetty-servlet-9.2.26.v20180806.jar\:/home/rtx/repair/defects4j/framework/projects/Jsoup/lib/lib/org/eclipse/jetty/jetty-servlet/9.2.28.v20190418/jetty-servlet-9.2.28.v20190418.jar\:/home/rtx/repair/defects4j/framework/projects/Jsoup/lib/lib/org/eclipse/jetty/jetty-util/9.2.22.v20170606/jetty-util-9.2.22.v20170606.jar\:/home/rtx/repair/defects4j/framework/projects/Jsoup/lib/lib/org/eclipse/jetty/jetty-util/9.2.26.v20180806/jetty-util-9.2.26.v20180806.jar\:/home/rtx/repair/defects4j/framework/projects/Jsoup/lib/lib/org/eclipse/jetty/jetty-util/9.2.28.v20190418/jetty-util-9.2.28.v20190418.jar\:/home/rtx/repair/defects4j/framework/projects/Jsoup/lib/lib/org/hamcrest/hamcrest-core/1.3/hamcrest-core-1.3.jar\:/home/rtx/repair/defects4j/framework/projects/Jsoup/lib/org/eclipse/jetty/jetty-http/9.2.22.v20170606/jetty-http-9.2.22.v20170606.jar\:/home/rtx/repair/defects4j/framework/projects/Jsoup/lib/org/eclipse/jetty/jetty-http/9.2.26.v20180806/jetty-http-9.2.26.v20180806.jar\:/home/rtx/repair/defects4j/framework/projects/Jsoup/lib/org/eclipse/jetty/jetty-http/9.2.28.v20190418/jetty-http-9.2.28.v20190418.jar\:/home/rtx/repair/defects4j/framework/projects/Jsoup/lib/org/eclipse/jetty/jetty-io/9.2.22.v20170606/jetty-io-9.2.22.v20170606.jar\:/home/rtx/repair/defects4j/framework/projects/Jsoup/lib/org/eclipse/jetty/jetty-io/9.2.26.v20180806/jetty-io-9.2.26.v20180806.jar\:/home/rtx/repair/defects4j/framework/projects/Jsoup/lib/org/eclipse/jetty/jetty-io/9.2.28.v20190418/jetty-io-9.2.28.v20190418.jar\:/home/rtx/repair/defects4j/framework/projects/Jsoup/lib/org/eclipse/jetty/jetty-security/9.2.22.v20170606/jetty-security-9.2.22.v20170606.jar\:/home/rtx/repair/defects4j/framework/projects/Jsoup/lib/org/eclipse/jetty/jetty-security/9.2.26.v20180806/jetty-security-9.2.26.v20180806.jar\:/home/rtx/repair/defects4j/framework/projects/Jsoup/lib/org/eclipse/jetty/jetty-security/9.2.28.v20190418/jetty-security-9.2.28.v20190418.jar\:/home/rtx/repair/defects4j/framework/projects/Jsoup/lib/org/eclipse/jetty/jetty-server/9.2.22.v20170606/jetty-server-9.2.22.v20170606.jar\:/home/rtx/repair/defects4j/framework/projects/Jsoup/lib/org/eclipse/jetty/jetty-server/9.2.26.v20180806/jetty-server-9.2.26.v20180806.jar\:/home/rtx/repair/defects4j/framework/projects/Jsoup/lib/org/eclipse/jetty/jetty-server/9.2.28.v20190418/jetty-server-9.2.28.v20190418.jar\:/home/rtx/repair/defects4j/framework/projects/Jsoup/lib/org/eclipse/jetty/jetty-servlet/9.2.22.v20170606/jetty-servlet-9.2.22.v20170606.jar\:/home/rtx/repair/defects4j/framework/projects/Jsoup/lib/org/eclipse/jetty/jetty-servlet/9.2.26.v20180806/jetty-servlet-9.2.26.v20180806.jar\:/home/rtx/repair/defects4j/framework/projects/Jsoup/lib/org/eclipse/jetty/jetty-servlet/9.2.28.v20190418/jetty-servlet-9.2.28.v20190418.jar\:/home/rtx/repair/defects4j/framework/projects/Jsoup/lib/org/eclipse/jetty/jetty-util/9.2.22.v20170606/jetty-util-9.2.22.v20170606.jar\:/home/rtx/repair/defects4j/framework/projects/Jsoup/lib/org/eclipse/jetty/jetty-util/9.2.26.v20180806/jetty-util-9.2.26.v20180806.jar\:/home/rtx/repair/defects4j/framework/projects/Jsoup/lib/org/eclipse/jetty/jetty-util/9.2.28.v20190418/jetty-util-9.2.28.v20190418.jar\:/home/rtx/repair/defects4j/framework/projects/Jsoup/lib/org/hamcrest/hamcrest-core/1.3/hamcrest-core-1.3.jar\:/home/rtx/repair/d4j/Jsoup/21b/target/classes
crossover=onepoint
64 [main] INFO clegoues.genprog4java.main.Main  - Configuration file loaded
6969 [main] INFO clegoues.genprog4java.rep.CachingRepresentation  - loaded from source clegoues.genprog4java.java.ClassInfo@b797885
12802 [main] INFO clegoues.genprog4java.rep.CachingRepresentation  - loaded from source clegoues.genprog4java.java.ClassInfo@124969f9
12802 [main] INFO clegoues.genprog4java.rep.CachingRepresentation  - sanity checking begins
13271 [main] INFO clegoues.genprog4java.rep.CachingRepresentation  - Checking test number 1 out of 9
13762 [main] INFO clegoues.genprog4java.rep.CachingRepresentation  - true (1)

13762 [main] INFO clegoues.genprog4java.rep.CachingRepresentation  - Checking test number 2 out of 9
13986 [main] INFO clegoues.genprog4java.rep.CachingRepresentation  - true (1)

13986 [main] INFO clegoues.genprog4java.rep.CachingRepresentation  - Checking test number 3 out of 9
14209 [main] INFO clegoues.genprog4java.rep.CachingRepresentation  - true (1)

14210 [main] INFO clegoues.genprog4java.rep.CachingRepresentation  - Checking test number 4 out of 9
14409 [main] INFO clegoues.genprog4java.rep.CachingRepresentation  - true (1)

14410 [main] INFO clegoues.genprog4java.rep.CachingRepresentation  - Checking test number 5 out of 9
14585 [main] INFO clegoues.genprog4java.rep.CachingRepresentation  - true (1)

14586 [main] INFO clegoues.genprog4java.rep.CachingRepresentation  - Checking test number 6 out of 9
14763 [main] INFO clegoues.genprog4java.rep.CachingRepresentation  - true (1)

14763 [main] INFO clegoues.genprog4java.rep.CachingRepresentation  - Checking test number 7 out of 9
14983 [main] INFO clegoues.genprog4java.rep.CachingRepresentation  - true (1)

14983 [main] INFO clegoues.genprog4java.rep.CachingRepresentation  - Checking test number 8 out of 9
15172 [main] INFO clegoues.genprog4java.rep.CachingRepresentation  - true (1)

15173 [main] INFO clegoues.genprog4java.rep.CachingRepresentation  - Checking test number 9 out of 9
15372 [main] INFO clegoues.genprog4java.rep.CachingRepresentation  - true (1)

15372 [main] INFO clegoues.genprog4java.rep.CachingRepresentation  - 	n1: 
15612 [main] INFO clegoues.genprog4java.rep.CachingRepresentation  - false (0)

15613 [main] INFO clegoues.genprog4java.rep.CachingRepresentation  - 	n2: 
15854 [main] INFO clegoues.genprog4java.rep.CachingRepresentation  - false (0)

15854 [main] INFO clegoues.genprog4java.rep.CachingRepresentation  - sanity checking completed (time taken = 3052)
15854 [main] INFO clegoues.genprog4java.localization.DefaultLocalization  - Start Fault Localization
15872 [main] INFO clegoues.genprog4java.localization.DefaultLocalization  - Finish Fault Localization
15872 [main] INFO clegoues.genprog4java.Search.Search  - search: genetic algorithm begins

16591 [main] INFO clegoues.genprog4java.fitness.Fitness  - 	 gen: 0 1.0 original (stored at: variant0)
17171 [main] INFO clegoues.genprog4java.fitness.Fitness  - 	 gen: 0 1.0 StmtAppend(142,46) (stored at: variant1)
17932 [main] INFO clegoues.genprog4java.fitness.Fitness  - 	 gen: 0 1.0 StmtAppend(148,110) (stored at: variant2)
18541 [main] INFO clegoues.genprog4java.fitness.Fitness  - 	 gen: 0 1.0 StmtAppend(155,128) (stored at: variant3)
19044 [main] INFO clegoues.genprog4java.fitness.Fitness  - 	 gen: 0 1.0 StmtAppend(189,171) (stored at: variant4)
19670 [main] INFO clegoues.genprog4java.fitness.Fitness  - 	 gen: 0 1.0 StmtDelete(203) (stored at: variant5)
20194 [main] INFO clegoues.genprog4java.fitness.Fitness  - 	 gen: 0 1.0 StmtDelete(40) (stored at: variant6)
20255 [main] ERROR clegoues.genprog4java.rep.JavaRepresentation  - org/jsoup/select/QueryParser.java:110: error: cannot find symbol
                sq.append("(").append(tq.chompBalanced('(', ')')).append(")");
                ^
  symbol:   variable sq
  location: class QueryParser
org/jsoup/select/QueryParser.java:112: error: cannot find symbol
                sq.append("[").append(tq.chompBalanced('[', ']')).append("]");
                ^
  symbol:   variable sq
  location: class QueryParser
org/jsoup/select/QueryParser.java:116: error: cannot find symbol
                sq.append(tq.consume());
                ^
  symbol:   variable sq
  location: class QueryParser
org/jsoup/select/QueryParser.java:118: error: cannot find symbol
        return sq.toString();
               ^
  symbol:   variable sq
  location: class QueryParser
4 errors

20255 [main] INFO clegoues.genprog4java.rep.CachingRepresentation  - StmtDelete(89) at variant7 fails to compile

20255 [main] INFO clegoues.genprog4java.fitness.Fitness  - 	 gen: 0 0.0 StmtDelete(89) (stored at: variant7)
20940 [main] INFO clegoues.genprog4java.fitness.Fitness  - 	 gen: 0 1.0 StmtDelete(42) (stored at: variant8)
21488 [main] INFO clegoues.genprog4java.fitness.Fitness  - 	 gen: 0 1.0 StmtDelete(178) (stored at: variant9)
22080 [main] INFO clegoues.genprog4java.fitness.Fitness  - 	 gen: 0 1.0 StmtReplace(56,173) (stored at: variant10)
22143 [main] ERROR clegoues.genprog4java.rep.JavaRepresentation  - org/jsoup/select/QueryParser.java:80: error: missing return statement
    }
    ^
1 error

22143 [main] INFO clegoues.genprog4java.rep.CachingRepresentation  - StmtDelete(69) at variant11 fails to compile

22144 [main] INFO clegoues.genprog4java.fitness.Fitness  - 	 gen: 0 0.0 StmtDelete(69) (stored at: variant11)
22727 [main] INFO clegoues.genprog4java.fitness.Fitness  - 	 gen: 0 0.0 StmtReplace(34,42) (stored at: variant12)
22733 [main] INFO clegoues.genprog4java.fitness.Fitness  - 	 gen: 0 1.0 StmtDelete(42) (stored at: )
118939 [main] INFO clegoues.genprog4java.fitness.Fitness  - 	 gen: 0 1.0 StmtDelete(98) (stored at: variant13)
118972 [main] ERROR clegoues.genprog4java.rep.JavaRepresentation  - org/jsoup/select/QueryParser.java:80: error: missing return statement
    }
    ^
1 error

118972 [main] INFO clegoues.genprog4java.rep.CachingRepresentation  - StmtDelete(69) at variant14 fails to compile

118972 [main] INFO clegoues.genprog4java.fitness.Fitness  - 	 gen: 0 0.0 StmtDelete(69) (stored at: variant14)
118987 [main] ERROR clegoues.genprog4java.rep.JavaRepresentation  - org/jsoup/select/CombiningEvaluator.java:56: error: ';' expected
        Or(Collection<Evaluator> evaluators) this.evaluators.add(new And(evaluators));
                                            ^
1 error

118987 [main] INFO clegoues.genprog4java.rep.CachingRepresentation  - StmtReplace(18,21) at variant15 fails to compile

118987 [main] INFO clegoues.genprog4java.fitness.Fitness  - 	 gen: 0 0.0 StmtReplace(18,21) (stored at: variant15)
119430 [main] INFO clegoues.genprog4java.fitness.Fitness  - 	 gen: 0 1.0 StmtAppend(108,41) (stored at: variant16)
120119 [main] INFO clegoues.genprog4java.fitness.Fitness  - 	 gen: 0 0.0 StmtDelete(27) (stored at: variant17)
324366 [main] INFO clegoues.genprog4java.fitness.Fitness  - 	 gen: 0 1.0 StmtReplace(60,169) (stored at: variant18)
324907 [main] INFO clegoues.genprog4java.fitness.Fitness  - 	 gen: 0 1.0 StmtAppend(23,24) (stored at: variant19)
325392 [main] INFO clegoues.genprog4java.fitness.Fitness  - 	 gen: 0 1.0 StmtAppend(98,94) (stored at: variant20)
325850 [main] INFO clegoues.genprog4java.fitness.Fitness  - 	 gen: 0 1.0 StmtReplace(123,111) (stored at: variant21)
326069 [main] INFO clegoues.genprog4java.fitness.Fitness  - 	 gen: 0 1.0 StmtDelete(40) (stored at: variant22)
326109 [main] ERROR clegoues.genprog4java.rep.JavaRepresentation  - org/jsoup/select/CombiningEvaluator.java:19: error: method matches in class Evaluator cannot be applied to given types;
        matches(false);
        ^
  required: Element,Element
  found: boolean
  reason: actual and formal argument lists differ in length
1 error

326109 [main] INFO clegoues.genprog4java.rep.CachingRepresentation  - StmtReplace(2,124) at variant23 fails to compile

326109 [main] INFO clegoues.genprog4java.fitness.Fitness  - 	 gen: 0 0.0 StmtReplace(2,124) (stored at: variant23)
326642 [main] INFO clegoues.genprog4java.fitness.Fitness  - 	 gen: 0 1.0 StmtReplace(60,173) (stored at: variant24)
327153 [main] INFO clegoues.genprog4java.fitness.Fitness  - 	 gen: 0 1.0 StmtReplace(43,120) (stored at: variant25)
327668 [main] INFO clegoues.genprog4java.fitness.Fitness  - 	 gen: 0 1.0 StmtDelete(169) (stored at: variant26)
327693 [main] ERROR clegoues.genprog4java.rep.JavaRepresentation  - org/jsoup/select/QueryParser.java:38: error: non-static variable tq cannot be referenced from a static context
			tq.consumeWhitespace();
			^
org/jsoup/select/QueryParser.java:40: error: cannot find symbol
        return p.parse();
               ^
  symbol:   variable p
  location: class QueryParser
2 errors

327694 [main] INFO clegoues.genprog4java.rep.CachingRepresentation  - StmtAppend(37,40) at variant27 fails to compile

327694 [main] INFO clegoues.genprog4java.fitness.Fitness  - 	 gen: 0 0.0 StmtAppend(37,40) (stored at: variant27)
328216 [main] INFO clegoues.genprog4java.fitness.Fitness  - 	 gen: 0 0.0 StmtAppend(47,41) (stored at: variant28)
328259 [main] ERROR clegoues.genprog4java.rep.JavaRepresentation  - org/jsoup/select/QueryParser.java:94: error: cannot find symbol
        Evaluator f = parse(subQuery);
                            ^
  symbol:   variable subQuery
  location: class QueryParser
1 error

328260 [main] INFO clegoues.genprog4java.rep.CachingRepresentation  - StmtAppend(72,35) at variant29 fails to compile

328260 [main] INFO clegoues.genprog4java.fitness.Fitness  - 	 gen: 0 0.0 StmtAppend(72,35) (stored at: variant29)
328846 [main] INFO clegoues.genprog4java.fitness.Fitness  - 	 gen: 0 0.0 StmtReplace(34,108) (stored at: variant30)
329284 [main] INFO clegoues.genprog4java.fitness.Fitness  - 	 gen: 0 1.0 StmtAppend(94,181) (stored at: variant31)
329843 [main] INFO clegoues.genprog4java.fitness.Fitness  - 	 gen: 0 1.0 StmtReplace(188,42) (stored at: variant32)
330303 [main] INFO clegoues.genprog4java.fitness.Fitness  - 	 gen: 0 1.0 StmtReplace(132,116) (stored at: variant33)
330325 [main] ERROR clegoues.genprog4java.rep.JavaRepresentation  - org/jsoup/select/QueryParser.java:156: error: cannot find symbol
        Validate.notEmpty(id);
                          ^
  symbol:   variable id
  location: class QueryParser
org/jsoup/select/QueryParser.java:157: error: cannot find symbol
        evals.add(new Evaluator.Id(id));
                                   ^
  symbol:   variable id
  location: class QueryParser
2 errors

330325 [main] INFO clegoues.genprog4java.rep.CachingRepresentation  - StmtReplace(131,77) at variant34 fails to compile

330325 [main] INFO clegoues.genprog4java.fitness.Fitness  - 	 gen: 0 0.0 StmtReplace(131,77) (stored at: variant34)
330370 [main] ERROR clegoues.genprog4java.rep.JavaRepresentation  - org/jsoup/select/QueryParser.java:93: error: missing return statement
    }
    ^
1 error

330370 [main] INFO clegoues.genprog4java.rep.CachingRepresentation  - StmtReplace(69,117) at variant35 fails to compile

330370 [main] INFO clegoues.genprog4java.fitness.Fitness  - 	 gen: 0 0.0 StmtReplace(69,117) (stored at: variant35)
330823 [main] INFO clegoues.genprog4java.fitness.Fitness  - 	 gen: 0 1.0 StmtAppend(90,105) (stored at: variant36)
331260 [main] INFO clegoues.genprog4java.fitness.Fitness  - 	 gen: 0 1.0 StmtReplace(122,61) (stored at: variant37)
331801 [main] INFO clegoues.genprog4java.fitness.Fitness  - 	 gen: 0 1.0 StmtDelete(202) (stored at: variant38)
331801 [main] INFO clegoues.genprog4java.Search.Search  - search: generation1
332136 [main] ERROR clegoues.genprog4java.rep.JavaRepresentation  - org/jsoup/select/QueryParser.java:97: error: cannot find symbol
        Evaluator f = parse(subQuery);
                            ^
  symbol:   variable subQuery
  location: class QueryParser
1 error

332136 [main] INFO clegoues.genprog4java.rep.CachingRepresentation  - StmtReplace(43,120) StmtReplace(72,125) at variant39 fails to compile

332136 [main] INFO clegoues.genprog4java.fitness.Fitness  - 	 gen: 1 0.0 StmtReplace(43,120) StmtReplace(72,125) (stored at: variant39)
332663 [main] INFO clegoues.genprog4java.fitness.Fitness  - 	 gen: 1 1.0 StmtReplace(122,61) StmtDelete(64) (stored at: variant40)
333126 [main] INFO clegoues.genprog4java.fitness.Fitness  - 	 gen: 1 1.0 StmtAppend(23,24) StmtAppend(81,200) (stored at: variant41)
525170 [main] INFO clegoues.genprog4java.fitness.Fitness  - 	 gen: 1 0.0 StmtDelete(98) StmtDelete(110) (stored at: variant42)
717214 [main] INFO clegoues.genprog4java.fitness.Fitness  - 	 gen: 1 0.0 StmtReplace(122,61) StmtDelete(59) (stored at: variant43)
717704 [main] INFO clegoues.genprog4java.fitness.Fitness  - 	 gen: 1 1.0 StmtDelete(203) StmtDelete(133) (stored at: variant44)
718187 [main] INFO clegoues.genprog4java.fitness.Fitness  - 	 gen: 1 0.0 StmtDelete(42) StmtAppend(63,118) (stored at: variant45)
718633 [main] INFO clegoues.genprog4java.fitness.Fitness  - 	 gen: 1 1.0 StmtDelete(203) StmtReplace(186,40) (stored at: variant46)
719099 [main] INFO clegoues.genprog4java.fitness.Fitness  - 	 gen: 1 1.0 StmtAppend(148,110) StmtDelete(188) (stored at: variant47)
719636 [main] INFO clegoues.genprog4java.fitness.Fitness  - 	 gen: 1 1.0 StmtDelete(203) StmtAppend(175,51) (stored at: variant48)
719681 [main] ERROR clegoues.genprog4java.rep.JavaRepresentation  - org/jsoup/select/QueryParser.java:180: error: cannot find symbol
        String key = cq.consumeToAny("=", "!=", "^=", "$=", "*=", "~="); // eq, not, start, end, contain, match, (no val)
                     ^
  symbol:   variable cq
  location: class QueryParser
org/jsoup/select/QueryParser.java:182: error: cannot find symbol
        cq.consumeWhitespace();
        ^
  symbol:   variable cq
  location: class QueryParser
org/jsoup/select/QueryParser.java:184: error: cannot find symbol
        if (cq.isEmpty()) {
            ^
  symbol:   variable cq
  location: class QueryParser
org/jsoup/select/QueryParser.java:190: error: cannot find symbol
            if (cq.matchChomp("="))
                ^
  symbol:   variable cq
  location: class QueryParser
org/jsoup/select/QueryParser.java:191: error: cannot find symbol
                evals.add(new Evaluator.AttributeWithValue(key, cq.remainder()));
                                                                ^
  symbol:   variable cq
  location: class QueryParser
org/jsoup/select/QueryParser.java:193: error: cannot find symbol
            else if (cq.matchChomp("!="))
                     ^
  symbol:   variable cq
  location: class QueryParser
org/jsoup/select/QueryParser.java:194: error: cannot find symbol
                evals.add(new Evaluator.AttributeWithValueNot(key, cq.remainder()));
                                                                   ^
  symbol:   variable cq
  location: class QueryParser
org/jsoup/select/QueryParser.java:196: error: cannot find symbol
            else if (cq.matchChomp("^="))
                     ^
  symbol:   variable cq
  location: class QueryParser
org/jsoup/select/QueryParser.java:197: error: cannot find symbol
                evals.add(new Evaluator.AttributeWithValueStarting(key, cq.remainder()));
                                                                        ^
  symbol:   variable cq
  location: class QueryParser
org/jsoup/select/QueryParser.java:199: error: cannot find symbol
            else if (cq.matchChomp("$="))
                     ^
  symbol:   variable cq
  location: class QueryParser
org/jsoup/select/QueryParser.java:200: error: cannot find symbol
                evals.add(new Evaluator.AttributeWithValueEnding(key, cq.remainder()));
                                                                      ^
  symbol:   variable cq
  location: class QueryParser
org/jsoup/select/QueryParser.java:202: error: cannot find symbol
            else if (cq.matchChomp("*="))
                     ^
  symbol:   variable cq
  location: class QueryParser
org/jsoup/select/QueryParser.java:203: error: cannot find symbol
                evals.add(new Evaluator.AttributeWithValueContaining(key, cq.remainder()));
                                                                          ^
  symbol:   variable cq
  location: class QueryParser
org/jsoup/select/QueryParser.java:205: error: cannot find symbol
            else if (cq.matchChomp("~="))
                     ^
  symbol:   variable cq
  location: class QueryParser
org/jsoup/select/QueryParser.java:206: error: cannot find symbol
                evals.add(new Evaluator.AttributeWithValueMatching(key, Pattern.compile(cq.remainder())));
                                                                                        ^
  symbol:   variable cq
  location: class QueryParser
org/jsoup/select/QueryParser.java:208: error: cannot find symbol
                throw new Selector.SelectorParseException("Could not parse attribute query '%s': unexpected token at '%s'", query, cq.remainder());
                                                                                                                                   ^
  symbol:   variable cq
  location: class QueryParser
16 errors

719682 [main] INFO clegoues.genprog4java.rep.CachingRepresentation  - StmtDelete(40) StmtReplace(145,110) at variant49 fails to compile

719682 [main] INFO clegoues.genprog4java.fitness.Fitness  - 	 gen: 1 0.0 StmtDelete(40) StmtReplace(145,110) (stored at: variant49)
719715 [main] ERROR clegoues.genprog4java.rep.JavaRepresentation  - org/jsoup/select/QueryParser.java:92: error: cannot find symbol
        Evaluator f = parse(subQuery);
                            ^
  symbol:   variable subQuery
  location: class QueryParser
1 error

719715 [main] INFO clegoues.genprog4java.rep.CachingRepresentation  - StmtAppend(94,181) StmtDelete(72) at variant50 fails to compile

719715 [main] INFO clegoues.genprog4java.fitness.Fitness  - 	 gen: 1 0.0 StmtAppend(94,181) StmtDelete(72) (stored at: variant50)
815914 [main] INFO clegoues.genprog4java.fitness.Fitness  - 	 gen: 1 1.0 StmtDelete(178) StmtReplace(92,77) (stored at: variant51)
816304 [main] INFO clegoues.genprog4java.fitness.Fitness  - 	 gen: 1 0.0 StmtAppend(108,41) StmtReplace(165,164) (stored at: variant52)
817006 [main] INFO clegoues.genprog4java.fitness.Fitness  - 	 gen: 1 0.0 StmtDelete(42) StmtReplace(47,66) (stored at: variant53)
913239 [main] INFO clegoues.genprog4java.fitness.Fitness  - 	 gen: 1 1.0 StmtAppend(148,110) StmtDelete(107) (stored at: variant54)
913727 [main] INFO clegoues.genprog4java.fitness.Fitness  - 	 gen: 1 1.0 StmtDelete(42) StmtReplace(102,66) (stored at: variant55)
914278 [main] INFO clegoues.genprog4java.fitness.Fitness  - 	 gen: 1 1.0 StmtReplace(188,42) StmtDelete(181) (stored at: variant56)
914734 [main] INFO clegoues.genprog4java.fitness.Fitness  - 	 gen: 1 1.0 StmtDelete(202) StmtDelete(156) (stored at: variant57)
915212 [main] INFO clegoues.genprog4java.fitness.Fitness  - 	 gen: 1 0.0 StmtReplace(56,173) StmtAppend(183,34) (stored at: variant58)
915665 [main] INFO clegoues.genprog4java.fitness.Fitness  - 	 gen: 1 1.0 StmtReplace(43,120) StmtAppend(184,44) (stored at: variant59)
916124 [main] INFO clegoues.genprog4java.fitness.Fitness  - 	 gen: 1 1.0 StmtDelete(202) StmtReplace(114,61) (stored at: variant60)
1091090 [main] INFO clegoues.genprog4java.fitness.Fitness  - 	 gen: 1 1.0 StmtReplace(60,169) StmtDelete(161) (stored at: variant61)
1091663 [main] INFO clegoues.genprog4java.fitness.Fitness  - 	 gen: 1 1.0 StmtDelete(169) StmtReplace(195,64) (stored at: variant62)
1091702 [main] ERROR clegoues.genprog4java.rep.JavaRepresentation  - org/jsoup/select/QueryParser.java:63: error: cannot find symbol
                evals.add(or);
                          ^
  symbol:   variable or
  location: class QueryParser
org/jsoup/select/QueryParser.java:66: error: cannot find symbol
                    or.add(parse(subQuery));
                    ^
  symbol:   variable or
  location: class QueryParser
2 errors

1091702 [main] INFO clegoues.genprog4java.rep.CachingRepresentation  - StmtDelete(40) StmtDelete(52) at variant63 fails to compile

1091703 [main] INFO clegoues.genprog4java.fitness.Fitness  - 	 gen: 1 0.0 StmtDelete(40) StmtDelete(52) (stored at: variant63)
1091731 [main] ERROR clegoues.genprog4java.rep.JavaRepresentation  - org/jsoup/select/QueryParser.java:272: error: cannot find symbol
        Validate.notEmpty(regex, ":matches(regex) query must not be empty");
                          ^
  symbol:   variable regex
  location: class QueryParser
org/jsoup/select/QueryParser.java:275: error: cannot find symbol
            evals.add(new Evaluator.MatchesOwn(Pattern.compile(regex)));
                                                               ^
  symbol:   variable regex
  location: class QueryParser
org/jsoup/select/QueryParser.java:277: error: cannot find symbol
            evals.add(new Evaluator.Matches(Pattern.compile(regex)));
                                                            ^
  symbol:   variable regex
  location: class QueryParser
3 errors

1091731 [main] INFO clegoues.genprog4java.rep.CachingRepresentation  - StmtReplace(56,173) StmtReplace(194,47) at variant64 fails to compile

1091732 [main] INFO clegoues.genprog4java.fitness.Fitness  - 	 gen: 1 0.0 StmtReplace(56,173) StmtReplace(194,47) (stored at: variant64)
1092282 [main] INFO clegoues.genprog4java.fitness.Fitness  - 	 gen: 1 1.0 StmtAppend(94,181) StmtReplace(60,59) (stored at: variant65)
1092977 [main] INFO clegoues.genprog4java.fitness.Fitness  - 	 gen: 1 0.0 StmtReplace(56,173) StmtAppend(159,156) (stored at: variant66)
1093532 [main] INFO clegoues.genprog4java.fitness.Fitness  - 	 gen: 1 0.0 StmtDelete(203) StmtDelete(24) (stored at: variant67)
1285581 [main] INFO clegoues.genprog4java.fitness.Fitness  - 	 gen: 1 0.0 StmtAppend(108,41) StmtDelete(62) (stored at: variant68)
1285970 [main] INFO clegoues.genprog4java.fitness.Fitness  - 	 gen: 1 1.0 StmtReplace(43,120) StmtReplace(42,117) (stored at: variant69)
1286412 [main] INFO clegoues.genprog4java.fitness.Fitness  - 	 gen: 1 1.0 StmtReplace(132,116) StmtAppend(160,124) (stored at: variant70)
1286433 [main] ERROR clegoues.genprog4java.rep.JavaRepresentation  - org/jsoup/select/QueryParser.java:181: error: cannot find symbol
        Validate.notEmpty(key);
                          ^
  symbol:   variable key
  location: class QueryParser
org/jsoup/select/QueryParser.java:185: error: cannot find symbol
            if (key.startsWith("^"))
                ^
  symbol:   variable key
  location: class QueryParser
org/jsoup/select/QueryParser.java:186: error: cannot find symbol
                evals.add(new Evaluator.AttributeStarting(key.substring(1)));
                                                          ^
  symbol:   variable key
  location: class QueryParser
org/jsoup/select/QueryParser.java:188: error: cannot find symbol
                evals.add(new Evaluator.Attribute(key));
                                                  ^
  symbol:   variable key
  location: class QueryParser
org/jsoup/select/QueryParser.java:191: error: cannot find symbol
                evals.add(new Evaluator.AttributeWithValue(key, cq.remainder()));
                                                           ^
  symbol:   variable key
  location: class QueryParser
org/jsoup/select/QueryParser.java:194: error: cannot find symbol
                evals.add(new Evaluator.AttributeWithValueNot(key, cq.remainder()));
                                                              ^
  symbol:   variable key
  location: class QueryParser
org/jsoup/select/QueryParser.java:197: error: cannot find symbol
                evals.add(new Evaluator.AttributeWithValueStarting(key, cq.remainder()));
                                                                   ^
  symbol:   variable key
  location: class QueryParser
org/jsoup/select/QueryParser.java:200: error: cannot find symbol
                evals.add(new Evaluator.AttributeWithValueEnding(key, cq.remainder()));
                                                                 ^
  symbol:   variable key
  location: class QueryParser
org/jsoup/select/QueryParser.java:203: error: cannot find symbol
                evals.add(new Evaluator.AttributeWithValueContaining(key, cq.remainder()));
                                                                     ^
  symbol:   variable key
  location: class QueryParser
org/jsoup/select/QueryParser.java:206: error: cannot find symbol
                evals.add(new Evaluator.AttributeWithValueMatching(key, Pattern.compile(cq.remainder())));
                                                                   ^
  symbol:   variable key
  location: class QueryParser
10 errors

1286433 [main] INFO clegoues.genprog4java.rep.CachingRepresentation  - StmtReplace(132,116) StmtDelete(146) at variant71 fails to compile

1286433 [main] INFO clegoues.genprog4java.fitness.Fitness  - 	 gen: 1 0.0 StmtReplace(132,116) StmtDelete(146) (stored at: variant71)
1286453 [main] ERROR clegoues.genprog4java.rep.JavaRepresentation  - org/jsoup/select/QueryParser.java:181: error: cannot find symbol
        Validate.notEmpty(key);
                          ^
  symbol:   variable key
  location: class QueryParser
org/jsoup/select/QueryParser.java:188: error: cannot find symbol
            if (key.startsWith("^"))
                ^
  symbol:   variable key
  location: class QueryParser
org/jsoup/select/QueryParser.java:189: error: cannot find symbol
                evals.add(new Evaluator.AttributeStarting(key.substring(1)));
                                                          ^
  symbol:   variable key
  location: class QueryParser
org/jsoup/select/QueryParser.java:191: error: cannot find symbol
                evals.add(new Evaluator.Attribute(key));
                                                  ^
  symbol:   variable key
  location: class QueryParser
org/jsoup/select/QueryParser.java:194: error: cannot find symbol
                evals.add(new Evaluator.AttributeWithValue(key, cq.remainder()));
                                                           ^
  symbol:   variable key
  location: class QueryParser
org/jsoup/select/QueryParser.java:197: error: cannot find symbol
                evals.add(new Evaluator.AttributeWithValueNot(key, cq.remainder()));
                                                              ^
  symbol:   variable key
  location: class QueryParser
org/jsoup/select/QueryParser.java:200: error: cannot find symbol
                evals.add(new Evaluator.AttributeWithValueStarting(key, cq.remainder()));
                                                                   ^
  symbol:   variable key
  location: class QueryParser
org/jsoup/select/QueryParser.java:203: error: cannot find symbol
                evals.add(new Evaluator.AttributeWithValueEnding(key, cq.remainder()));
                                                                 ^
  symbol:   variable key
  location: class QueryParser
org/jsoup/select/QueryParser.java:206: error: cannot find symbol
                evals.add(new Evaluator.AttributeWithValueContaining(key, cq.remainder()));
                                                                     ^
  symbol:   variable key
  location: class QueryParser
org/jsoup/select/QueryParser.java:209: error: cannot find symbol
                evals.add(new Evaluator.AttributeWithValueMatching(key, Pattern.compile(cq.remainder())));
                                                                   ^
  symbol:   variable key
  location: class QueryParser
10 errors

1286453 [main] INFO clegoues.genprog4java.rep.CachingRepresentation  - StmtAppend(148,110) StmtDelete(146) at variant72 fails to compile

1286453 [main] INFO clegoues.genprog4java.fitness.Fitness  - 	 gen: 1 0.0 StmtAppend(148,110) StmtDelete(146) (stored at: variant72)
1286472 [main] ERROR clegoues.genprog4java.rep.JavaRepresentation  - org/jsoup/select/QueryParser.java:92: error: variable e might not have been initialized
            evals.add(new CombiningEvaluator.And(f, new StructuralEvaluator.ImmediateParent(e)));
                                                                                            ^
org/jsoup/select/QueryParser.java:94: error: variable e might not have been initialized
            evals.add(new CombiningEvaluator.And(f, new StructuralEvaluator.Parent(e)));
                                                                                   ^
org/jsoup/select/QueryParser.java:96: error: variable e might not have been initialized
            evals.add(new CombiningEvaluator.And(f, new StructuralEvaluator.ImmediatePreviousSibling(e)));
                                                                                                     ^
org/jsoup/select/QueryParser.java:98: error: variable e might not have been initialized
            evals.add(new CombiningEvaluator.And(f, new StructuralEvaluator.PreviousSibling(e)));
                                                                                            ^
4 errors

1286472 [main] INFO clegoues.genprog4java.rep.CachingRepresentation  - StmtReplace(60,173) StmtDelete(74) at variant73 fails to compile

1286473 [main] INFO clegoues.genprog4java.fitness.Fitness  - 	 gen: 1 0.0 StmtReplace(60,173) StmtDelete(74) (stored at: variant73)
1287059 [main] INFO clegoues.genprog4java.fitness.Fitness  - 	 gen: 1 0.0 StmtReplace(56,173) StmtReplace(108,41) (stored at: variant74)
1287090 [main] ERROR clegoues.genprog4java.rep.JavaRepresentation  - org/jsoup/select/QueryParser.java:171: error: cannot find symbol
        Validate.notEmpty(tagName);
                          ^
  symbol:   variable tagName
  location: class QueryParser
org/jsoup/select/QueryParser.java:174: error: cannot find symbol
        if (tagName.contains("|"))
            ^
  symbol:   variable tagName
  location: class QueryParser
org/jsoup/select/QueryParser.java:175: error: cannot find symbol
            tagName = tagName.replace("|", ":");
            ^
  symbol:   variable tagName
  location: class QueryParser
org/jsoup/select/QueryParser.java:175: error: cannot find symbol
            tagName = tagName.replace("|", ":");
                      ^
  symbol:   variable tagName
  location: class QueryParser
org/jsoup/select/QueryParser.java:177: error: cannot find symbol
        evals.add(new Evaluator.Tag(tagName.trim().toLowerCase()));
                                    ^
  symbol:   variable tagName
  location: class QueryParser
5 errors

1287091 [main] INFO clegoues.genprog4java.rep.CachingRepresentation  - StmtReplace(56,173) StmtAppend(139,63) at variant75 fails to compile

1287091 [main] INFO clegoues.genprog4java.fitness.Fitness  - 	 gen: 1 0.0 StmtReplace(56,173) StmtAppend(139,63) (stored at: variant75)
1287517 [main] INFO clegoues.genprog4java.fitness.Fitness  - 	 gen: 1 1.0 StmtAppend(23,24) StmtReplace(90,106) (stored at: variant76)
1287549 [main] ERROR clegoues.genprog4java.rep.JavaRepresentation  - org/jsoup/select/QueryParser.java:252: error: cannot find symbol
        Validate.notEmpty(subQuery, ":has(el) subselect must not be empty");
                          ^
  symbol:   variable subQuery
  location: class QueryParser
org/jsoup/select/QueryParser.java:253: error: cannot find symbol
        evals.add(new StructuralEvaluator.Has(parse(subQuery)));
                                                    ^
  symbol:   variable subQuery
  location: class QueryParser
2 errors

1287549 [main] INFO clegoues.genprog4java.rep.CachingRepresentation  - StmtReplace(123,111) StmtDelete(182) at variant77 fails to compile

1287549 [main] INFO clegoues.genprog4java.fitness.Fitness  - 	 gen: 1 0.0 StmtReplace(123,111) StmtDelete(182) (stored at: variant77)
1287571 [main] ERROR clegoues.genprog4java.rep.JavaRepresentation  - org/jsoup/select/CombiningEvaluator.java:18: error: variable evaluators might not have been initialized
        if (evaluators.size() > 1)
            ^
1 error

1287571 [main] INFO clegoues.genprog4java.rep.CachingRepresentation  - StmtDelete(202) StmtReplace(1,20) at variant78 fails to compile

1287571 [main] INFO clegoues.genprog4java.fitness.Fitness  - 	 gen: 1 0.0 StmtDelete(202) StmtReplace(1,20) (stored at: variant78)
1383761 [main] INFO clegoues.genprog4java.fitness.Fitness  - 	 gen: 1 1.0 StmtDelete(108) (stored at: variant79)
1384206 [main] INFO clegoues.genprog4java.fitness.Fitness  - 	 gen: 1 1.0 StmtDelete(148) (stored at: variant80)
1384676 [main] INFO clegoues.genprog4java.fitness.Fitness  - 	 gen: 1 1.0 StmtReplace(188,53) (stored at: variant81)
1385115 [main] INFO clegoues.genprog4java.fitness.Fitness  - 	 gen: 1 1.0 StmtDelete(81) (stored at: variant82)
1385554 [main] INFO clegoues.genprog4java.fitness.Fitness  - 	 gen: 1 1.0 StmtReplace(165,103) (stored at: variant83)
1386229 [main] INFO clegoues.genprog4java.fitness.Fitness  - 	 gen: 1 0.0 StmtReplace(156,175) (stored at: variant84)
1386252 [main] ERROR clegoues.genprog4java.rep.JavaRepresentation  - org/jsoup/select/CombiningEvaluator.java:79: error: missing return statement
        }
        ^
1 error

1386252 [main] INFO clegoues.genprog4java.rep.CachingRepresentation  - StmtReplace(30,20) at variant85 fails to compile

1386252 [main] INFO clegoues.genprog4java.fitness.Fitness  - 	 gen: 1 0.0 StmtReplace(30,20) (stored at: variant85)
1386717 [main] INFO clegoues.genprog4java.fitness.Fitness  - 	 gen: 1 1.0 StmtReplace(109,104) (stored at: variant86)
1387189 [main] INFO clegoues.genprog4java.fitness.Fitness  - 	 gen: 1 1.0 StmtReplace(26,26) (stored at: variant87)
1387665 [main] INFO clegoues.genprog4java.fitness.Fitness  - 	 gen: 1 1.0 StmtReplace(40,77) (stored at: variant88)
1388141 [main] INFO clegoues.genprog4java.fitness.Fitness  - 	 gen: 1 1.0 StmtAppend(123,109) (stored at: variant89)
1388642 [main] INFO clegoues.genprog4java.fitness.Fitness  - 	 gen: 1 1.0 StmtAppend(63,97) (stored at: variant90)
1389078 [main] INFO clegoues.genprog4java.fitness.Fitness  - 	 gen: 1 1.0 StmtReplace(157,40) (stored at: variant91)
1389528 [main] INFO clegoues.genprog4java.fitness.Fitness  - 	 gen: 1 1.0 StmtAppend(160,115) (stored at: variant92)
1390104 [main] INFO clegoues.genprog4java.fitness.Fitness  - 	 gen: 1 0.0 StmtAppend(96,117) (stored at: variant93)
1390636 [main] INFO clegoues.genprog4java.fitness.Fitness  - 	 gen: 1 1.0 StmtReplace(80,81) (stored at: variant94)
1390671 [main] ERROR clegoues.genprog4java.rep.JavaRepresentation  - org/jsoup/select/QueryParser.java:268: error: cannot find symbol
        Validate.notEmpty(searchText, ":contains(text) query must not be empty");
                          ^
  symbol:   variable searchText
  location: class QueryParser
org/jsoup/select/QueryParser.java:270: error: cannot find symbol
            evals.add(new Evaluator.ContainsOwnText(searchText));
                                                    ^
  symbol:   variable searchText
  location: class QueryParser
org/jsoup/select/QueryParser.java:272: error: cannot find symbol
            evals.add(new Evaluator.ContainsText(searchText));
                                                 ^
  symbol:   variable searchText
  location: class QueryParser
3 errors

1390671 [main] INFO clegoues.genprog4java.rep.CachingRepresentation  - StmtReplace(187,109) at variant95 fails to compile

1390671 [main] INFO clegoues.genprog4java.fitness.Fitness  - 	 gen: 1 0.0 StmtReplace(187,109) (stored at: variant95)
1390692 [main] ERROR clegoues.genprog4java.rep.JavaRepresentation  - org/jsoup/select/QueryParser.java:62: error: cannot find symbol
                evals.add(or);
                          ^
  symbol:   variable or
  location: class QueryParser
org/jsoup/select/QueryParser.java:65: error: cannot find symbol
                    or.add(parse(subQuery));
                    ^
  symbol:   variable or
  location: class QueryParser
2 errors

1390692 [main] INFO clegoues.genprog4java.rep.CachingRepresentation  - StmtDelete(52) at variant96 fails to compile

1390692 [main] INFO clegoues.genprog4java.fitness.Fitness  - 	 gen: 1 0.0 StmtDelete(52) (stored at: variant96)
1390692 [main] INFO clegoues.genprog4java.Search.Search  - search: generation2
1390981 [main] ERROR clegoues.genprog4java.rep.JavaRepresentation  - org/jsoup/select/QueryParser.java:64: error: cannot find symbol
                evals.add(or);
                          ^
  symbol:   variable or
  location: class QueryParser
org/jsoup/select/QueryParser.java:67: error: cannot find symbol
                    or.add(parse(subQuery));
                    ^
  symbol:   variable or
  location: class QueryParser
2 errors

1390982 [main] INFO clegoues.genprog4java.rep.CachingRepresentation  - StmtAppend(160,115) StmtAppend(52,120) at variant97 fails to compile

1390982 [main] INFO clegoues.genprog4java.fitness.Fitness  - 	 gen: 2 0.0 StmtAppend(160,115) StmtAppend(52,120) (stored at: variant97)
1391455 [main] INFO clegoues.genprog4java.fitness.Fitness  - 	 gen: 2 1.0 StmtAppend(123,109) StmtAppend(86,85) (stored at: variant98)
1391928 [main] INFO clegoues.genprog4java.fitness.Fitness  - 	 gen: 2 1.0 StmtAppend(160,115) StmtDelete(140) (stored at: variant99)
1392394 [main] INFO clegoues.genprog4java.fitness.Fitness  - 	 gen: 2 1.0 StmtAppend(94,181) StmtReplace(60,59) StmtReplace(178,66) (stored at: variant100)
1494808 [main] INFO clegoues.genprog4java.fitness.Fitness  - 	 gen: 2 1.0 StmtReplace(132,116) StmtAppend(160,124) StmtAppend(183,35) (stored at: variant101)
1495407 [main] INFO clegoues.genprog4java.fitness.Fitness  - 	 gen: 2 0.0 StmtDelete(169) StmtReplace(195,64) StmtDelete(156) (stored at: variant102)
1495871 [main] INFO clegoues.genprog4java.fitness.Fitness  - 	 gen: 2 1.0 StmtReplace(188,42) StmtDelete(181) StmtAppend(152,112) (stored at: variant103)
1496302 [main] INFO clegoues.genprog4java.fitness.Fitness  - 	 gen: 2 1.0 StmtReplace(26,26) StmtReplace(10,10) (stored at: variant104)
1496731 [main] INFO clegoues.genprog4java.fitness.Fitness  - 	 gen: 2 1.0 StmtReplace(109,104) StmtReplace(18,18) (stored at: variant105)
1497269 [main] INFO clegoues.genprog4java.fitness.Fitness  - 	 gen: 2 1.0 StmtReplace(188,53) StmtReplace(186,105) (stored at: variant106)
1689316 [main] INFO clegoues.genprog4java.fitness.Fitness  - 	 gen: 2 0.0 StmtReplace(109,104) StmtReplace(50,34) (stored at: variant107)
1689336 [main] ERROR clegoues.genprog4java.rep.JavaRepresentation  - org/jsoup/select/QueryParser.java:284: error: cannot find symbol
        Validate.notEmpty(subQuery, ":has(el) subselect must not be empty");
                          ^
  symbol:   variable subQuery
  location: class QueryParser
org/jsoup/select/QueryParser.java:285: error: cannot find symbol
        evals.add(new StructuralEvaluator.Has(parse(subQuery)));
                                                    ^
  symbol:   variable subQuery
  location: class QueryParser
2 errors

1689337 [main] INFO clegoues.genprog4java.rep.CachingRepresentation  - StmtReplace(43,120) StmtReplace(42,117) StmtAppend(182,101) at variant108 fails to compile

1689337 [main] INFO clegoues.genprog4java.fitness.Fitness  - 	 gen: 2 0.0 StmtReplace(43,120) StmtReplace(42,117) StmtAppend(182,101) (stored at: variant108)
1689850 [main] INFO clegoues.genprog4java.fitness.Fitness  - 	 gen: 2 0.0 StmtAppend(23,24) StmtReplace(90,106) StmtAppend(40,41) (stored at: variant109)
1690292 [main] INFO clegoues.genprog4java.fitness.Fitness  - 	 gen: 2 1.0 StmtReplace(188,42) StmtDelete(181) StmtDelete(79) (stored at: variant110)
1690747 [main] INFO clegoues.genprog4java.fitness.Fitness  - 	 gen: 2 0.0 StmtDelete(169) StmtReplace(195,64) StmtAppend(46,43) (stored at: variant111)
1691207 [main] INFO clegoues.genprog4java.fitness.Fitness  - 	 gen: 2 1.0 StmtAppend(23,24) StmtAppend(81,200) StmtReplace(18,18) (stored at: variant112)
1787420 [main] INFO clegoues.genprog4java.fitness.Fitness  - 	 gen: 2 1.0 StmtDelete(178) StmtReplace(92,77) StmtReplace(107,175) (stored at: variant113)
1787829 [main] INFO clegoues.genprog4java.fitness.Fitness  - 	 gen: 2 0.0 StmtDelete(81) StmtReplace(103,102) (stored at: variant114)
1788322 [main] INFO clegoues.genprog4java.fitness.Fitness  - 	 gen: 2 1.0 StmtAppend(148,110) StmtDelete(188) StmtDelete(140) (stored at: variant115)
1980363 [main] INFO clegoues.genprog4java.fitness.Fitness  - 	 gen: 2 0.0 StmtAppend(148,110) StmtDelete(188) StmtDelete(103) (stored at: variant116)
1980871 [main] INFO clegoues.genprog4java.fitness.Fitness  - 	 gen: 2 0.0 StmtReplace(132,116) StmtAppend(160,124) StmtDelete(156) (stored at: variant117)
1981318 [main] INFO clegoues.genprog4java.fitness.Fitness  - 	 gen: 2 0.0 StmtReplace(132,116) StmtAppend(160,124) StmtAppend(67,106) (stored at: variant118)
1981770 [main] INFO clegoues.genprog4java.fitness.Fitness  - 	 gen: 2 1.0 StmtAppend(23,24) StmtAppend(81,200) StmtDelete(80) (stored at: variant119)
1981798 [main] ERROR clegoues.genprog4java.rep.JavaRepresentation  - org/jsoup/select/QueryParser.java:215: error: cannot find symbol
        String key = cq.consumeToAny("=", "!=", "^=", "$=", "*=", "~="); // eq, not, start, end, contain, match, (no val)
                     ^
  symbol:   variable cq
  location: class QueryParser
org/jsoup/select/QueryParser.java:217: error: cannot find symbol
        cq.consumeWhitespace();
        ^
  symbol:   variable cq
  location: class QueryParser
org/jsoup/select/QueryParser.java:219: error: cannot find symbol
        if (cq.isEmpty()) {
            ^
  symbol:   variable cq
  location: class QueryParser
org/jsoup/select/QueryParser.java:225: error: cannot find symbol
            if (cq.matchChomp("="))
                ^
  symbol:   variable cq
  location: class QueryParser
org/jsoup/select/QueryParser.java:226: error: cannot find symbol
                evals.add(new Evaluator.AttributeWithValue(key, cq.remainder()));
                                                                ^
  symbol:   variable cq
  location: class QueryParser
org/jsoup/select/QueryParser.java:228: error: cannot find symbol
            else if (cq.matchChomp("!="))
                     ^
  symbol:   variable cq
  location: class QueryParser
org/jsoup/select/QueryParser.java:229: error: cannot find symbol
                evals.add(new Evaluator.AttributeWithValueNot(key, cq.remainder()));
                                                                   ^
  symbol:   variable cq
  location: class QueryParser
org/jsoup/select/QueryParser.java:231: error: cannot find symbol
            else if (cq.matchChomp("^="))
                     ^
  symbol:   variable cq
  location: class QueryParser
org/jsoup/select/QueryParser.java:232: error: cannot find symbol
                evals.add(new Evaluator.AttributeWithValueStarting(key, cq.remainder()));
                                                                        ^
  symbol:   variable cq
  location: class QueryParser
org/jsoup/select/QueryParser.java:234: error: cannot find symbol
            else if (cq.matchChomp("$="))
                     ^
  symbol:   variable cq
  location: class QueryParser
org/jsoup/select/QueryParser.java:235: error: cannot find symbol
                evals.add(new Evaluator.AttributeWithValueEnding(key, cq.remainder()));
                                                                      ^
  symbol:   variable cq
  location: class QueryParser
org/jsoup/select/QueryParser.java:237: error: cannot find symbol
            else if (cq.matchChomp("*="))
                     ^
  symbol:   variable cq
  location: class QueryParser
org/jsoup/select/QueryParser.java:238: error: cannot find symbol
                evals.add(new Evaluator.AttributeWithValueContaining(key, cq.remainder()));
                                                                          ^
  symbol:   variable cq
  location: class QueryParser
org/jsoup/select/QueryParser.java:240: error: cannot find symbol
            else if (cq.matchChomp("~="))
                     ^
  symbol:   variable cq
  location: class QueryParser
org/jsoup/select/QueryParser.java:241: error: cannot find symbol
                evals.add(new Evaluator.AttributeWithValueMatching(key, Pattern.compile(cq.remainder())));
                                                                                        ^
  symbol:   variable cq
  location: class QueryParser
org/jsoup/select/QueryParser.java:243: error: cannot find symbol
                throw new Selector.SelectorParseException("Could not parse attribute query '%s': unexpected token at '%s'", query, cq.remainder());
                                                                                                                                   ^
  symbol:   variable cq
  location: class QueryParser
16 errors

1981798 [main] INFO clegoues.genprog4java.rep.CachingRepresentation  - StmtAppend(123,109) StmtReplace(145,121) at variant120 fails to compile

1981798 [main] INFO clegoues.genprog4java.fitness.Fitness  - 	 gen: 2 0.0 StmtAppend(123,109) StmtReplace(145,121) (stored at: variant120)
1982271 [main] INFO clegoues.genprog4java.fitness.Fitness  - 	 gen: 2 1.0 StmtReplace(165,103) StmtAppend(50,169) (stored at: variant121)
1982911 [main] INFO clegoues.genprog4java.fitness.Fitness  - 	 gen: 2 1.0 StmtAppend(63,97) StmtAppend(79,82) (stored at: variant122)
1982949 [main] ERROR clegoues.genprog4java.rep.JavaRepresentation  - org/jsoup/select/QueryParser.java:37: error: non-static variable tq cannot be referenced from a static context
			combinator(tq.consume());
			           ^
org/jsoup/select/QueryParser.java:37: error: non-static method combinator(char) cannot be referenced from a static context
			combinator(tq.consume());
			^
org/jsoup/select/QueryParser.java:39: error: cannot find symbol
        return p.parse();
               ^
  symbol:   variable p
  location: class QueryParser
3 errors

1982949 [main] INFO clegoues.genprog4java.rep.CachingRepresentation  - StmtReplace(43,120) StmtAppend(184,44) StmtReplace(37,60) at variant123 fails to compile

1982949 [main] INFO clegoues.genprog4java.fitness.Fitness  - 	 gen: 2 0.0 StmtReplace(43,120) StmtAppend(184,44) StmtReplace(37,60) (stored at: variant123)
1983424 [main] INFO clegoues.genprog4java.fitness.Fitness  - 	 gen: 2 1.0 StmtDelete(169) StmtReplace(195,64) StmtDelete(80) (stored at: variant124)
1983860 [main] INFO clegoues.genprog4java.fitness.Fitness  - 	 gen: 2 0.0 StmtReplace(109,104) StmtAppend(151,63) (stored at: variant125)
1983884 [main] ERROR clegoues.genprog4java.rep.JavaRepresentation  - org/jsoup/select/CombiningEvaluator.java:19: error: call to super must be first statement in constructor
			super();
			     ^
1 error

1983884 [main] INFO clegoues.genprog4java.rep.CachingRepresentation  - StmtAppend(123,109) StmtAppend(1,5) at variant126 fails to compile

1983884 [main] INFO clegoues.genprog4java.fitness.Fitness  - 	 gen: 2 0.0 StmtAppend(123,109) StmtAppend(1,5) (stored at: variant126)
1984416 [main] INFO clegoues.genprog4java.fitness.Fitness  - 	 gen: 2 0.0 StmtReplace(43,120) StmtReplace(42,117) StmtAppend(101,66) (stored at: variant127)
2080647 [main] INFO clegoues.genprog4java.fitness.Fitness  - 	 gen: 2 1.0 StmtDelete(108) StmtAppend(122,119) (stored at: variant128)
2080682 [main] ERROR clegoues.genprog4java.rep.JavaRepresentation  - org/jsoup/select/QueryParser.java:94: error: variable e might not have been initialized
            evals.add(new CombiningEvaluator.And(f, new StructuralEvaluator.ImmediateParent(e)));
                                                                                            ^
org/jsoup/select/QueryParser.java:96: error: variable e might not have been initialized
            evals.add(new CombiningEvaluator.And(f, new StructuralEvaluator.Parent(e)));
                                                                                   ^
org/jsoup/select/QueryParser.java:98: error: variable e might not have been initialized
            evals.add(new CombiningEvaluator.And(f, new StructuralEvaluator.ImmediatePreviousSibling(e)));
                                                                                                     ^
org/jsoup/select/QueryParser.java:100: error: variable e might not have been initialized
            evals.add(new CombiningEvaluator.And(f, new StructuralEvaluator.PreviousSibling(e)));
                                                                                            ^
4 errors

2080682 [main] INFO clegoues.genprog4java.rep.CachingRepresentation  - StmtAppend(148,110) StmtDelete(107) StmtReplace(76,118) at variant129 fails to compile

2080682 [main] INFO clegoues.genprog4java.fitness.Fitness  - 	 gen: 2 0.0 StmtAppend(148,110) StmtDelete(107) StmtReplace(76,118) (stored at: variant129)
2081104 [main] INFO clegoues.genprog4java.fitness.Fitness  - 	 gen: 2 1.0 StmtAppend(63,97) StmtReplace(181,108) (stored at: variant130)
2081606 [main] INFO clegoues.genprog4java.fitness.Fitness  - 	 gen: 2 1.0 StmtAppend(63,97) StmtReplace(56,109) (stored at: variant131)
2082216 [main] INFO clegoues.genprog4java.fitness.Fitness  - 	 gen: 2 0.0 StmtAppend(160,115) StmtAppend(90,116) (stored at: variant132)
2137955 [main] INFO clegoues.genprog4java.fitness.Fitness  - 	 gen: 2 1.0 StmtAppend(148,110) StmtDelete(188) StmtAppend(98,33) (stored at: variant133)
2137973 [main] ERROR clegoues.genprog4java.rep.JavaRepresentation  - org/jsoup/select/CombiningEvaluator.java:77: error: call to super must be first statement in constructor
					super();
					     ^
1 error

2137973 [main] INFO clegoues.genprog4java.rep.CachingRepresentation  - StmtReplace(40,77) StmtAppend(27,18) at variant134 fails to compile

2137973 [main] INFO clegoues.genprog4java.fitness.Fitness  - 	 gen: 2 0.0 StmtReplace(40,77) StmtAppend(27,18) (stored at: variant134)
2234174 [main] INFO clegoues.genprog4java.fitness.Fitness  - 	 gen: 2 1.0 StmtDelete(108) StmtAppend(67,101) (stored at: variant135)
2234749 [main] INFO clegoues.genprog4java.fitness.Fitness  - 	 gen: 2 0.0 StmtReplace(132,116) StmtAppend(160,124) StmtReplace(77,60) (stored at: variant136)
2235216 [main] INFO clegoues.genprog4java.fitness.Fitness  - 	 gen: 2 1.0 StmtAppend(160,124) StmtReplace(64,104) (stored at: variant137)
2331424 [main] INFO clegoues.genprog4java.fitness.Fitness  - 	 gen: 2 1.0 StmtDelete(113) (stored at: variant138)
2331876 [main] INFO clegoues.genprog4java.fitness.Fitness  - 	 gen: 2 1.0 StmtAppend(150,151) (stored at: variant139)
2332356 [main] INFO clegoues.genprog4java.fitness.Fitness  - 	 gen: 2 1.0 StmtAppend(23,24) StmtAppend(161,46) (stored at: variant140)
2332802 [main] INFO clegoues.genprog4java.fitness.Fitness  - 	 gen: 2 1.0 StmtDelete(102) (stored at: variant141)
2333241 [main] INFO clegoues.genprog4java.fitness.Fitness  - 	 gen: 2 1.0 StmtReplace(60,59) StmtReplace(60,111) (stored at: variant142)
2333257 [main] ERROR clegoues.genprog4java.rep.JavaRepresentation  - org/jsoup/select/QueryParser.java:239: error: cannot find symbol
        Validate.notEmpty(subQuery, ":has(el) subselect must not be empty");
                          ^
  symbol:   variable subQuery
  location: class QueryParser
org/jsoup/select/QueryParser.java:240: error: cannot find symbol
        evals.add(new StructuralEvaluator.Has(parse(subQuery)));
                                                    ^
  symbol:   variable subQuery
  location: class QueryParser
2 errors

2333257 [main] INFO clegoues.genprog4java.rep.CachingRepresentation  - StmtDelete(182) at variant143 fails to compile

2333257 [main] INFO clegoues.genprog4java.fitness.Fitness  - 	 gen: 2 0.0 StmtDelete(182) (stored at: variant143)
2333699 [main] INFO clegoues.genprog4java.fitness.Fitness  - 	 gen: 2 1.0 StmtReplace(195,64) StmtReplace(126,181) (stored at: variant144)
2334145 [main] INFO clegoues.genprog4java.fitness.Fitness  - 	 gen: 2 1.0 StmtAppend(184,44) StmtDelete(156) (stored at: variant145)
2334164 [main] ERROR clegoues.genprog4java.rep.JavaRepresentation  - org/jsoup/select/CombiningEvaluator.java:25: error: variable evaluators might not have been initialized
        this.evaluators.addAll(evaluators);
            ^
1 error

2334164 [main] INFO clegoues.genprog4java.rep.CachingRepresentation  - StmtDelete(181) StmtDelete(4) at variant146 fails to compile

2334164 [main] INFO clegoues.genprog4java.fitness.Fitness  - 	 gen: 2 0.0 StmtDelete(181) StmtDelete(4) (stored at: variant146)
2334183 [main] ERROR clegoues.genprog4java.rep.JavaRepresentation  - org/jsoup/select/QueryParser.java:161: error: cannot find symbol
        Validate.notEmpty(id);
                          ^
  symbol:   variable id
  location: class QueryParser
org/jsoup/select/QueryParser.java:162: error: cannot find symbol
        evals.add(new Evaluator.Id(id));
                                   ^
  symbol:   variable id
  location: class QueryParser
2 errors

2334183 [main] INFO clegoues.genprog4java.rep.CachingRepresentation  - StmtReplace(131,41) at variant147 fails to compile

2334183 [main] INFO clegoues.genprog4java.fitness.Fitness  - 	 gen: 2 0.0 StmtReplace(131,41) (stored at: variant147)
2334660 [main] INFO clegoues.genprog4java.fitness.Fitness  - 	 gen: 2 0.0 StmtAppend(156,173) (stored at: variant148)
2335116 [main] INFO clegoues.genprog4java.fitness.Fitness  - 	 gen: 2 1.0 StmtAppend(104,51) (stored at: variant149)
2335133 [main] ERROR clegoues.genprog4java.rep.JavaRepresentation  - org/jsoup/select/QueryParser.java:247: error: incompatible types: unexpected return value
			return evals.get(0);
			                ^
1 error

2335133 [main] INFO clegoues.genprog4java.rep.CachingRepresentation  - StmtReplace(188,67) at variant150 fails to compile

2335133 [main] INFO clegoues.genprog4java.fitness.Fitness  - 	 gen: 2 0.0 StmtReplace(188,67) (stored at: variant150)
2335770 [main] INFO clegoues.genprog4java.fitness.Fitness  - 	 gen: 2 1.0 StmtReplace(48,113) (stored at: variant151)
2336224 [main] INFO clegoues.genprog4java.fitness.Fitness  - 	 gen: 2 1.0 StmtDelete(181) StmtAppend(181,103) (stored at: variant152)
2336643 [main] INFO clegoues.genprog4java.fitness.Fitness  - 	 gen: 2 1.0 StmtDelete(169) StmtReplace(59,41) (stored at: variant153)
2336660 [main] ERROR clegoues.genprog4java.rep.JavaRepresentation  - org/jsoup/select/QueryParser.java:208: error: cannot find symbol
        Validate.notEmpty(key);
                          ^
  symbol:   variable key
  location: class QueryParser
org/jsoup/select/QueryParser.java:212: error: cannot find symbol
            if (key.startsWith("^"))
                ^
  symbol:   variable key
  location: class QueryParser
org/jsoup/select/QueryParser.java:213: error: cannot find symbol
                evals.add(new Evaluator.AttributeStarting(key.substring(1)));
                                                          ^
  symbol:   variable key
  location: class QueryParser
org/jsoup/select/QueryParser.java:215: error: cannot find symbol
                evals.add(new Evaluator.Attribute(key));
                                                  ^
  symbol:   variable key
  location: class QueryParser
org/jsoup/select/QueryParser.java:218: error: cannot find symbol
                evals.add(new Evaluator.AttributeWithValue(key, cq.remainder()));
                                                           ^
  symbol:   variable key
  location: class QueryParser
org/jsoup/select/QueryParser.java:221: error: cannot find symbol
                evals.add(new Evaluator.AttributeWithValueNot(key, cq.remainder()));
                                                              ^
  symbol:   variable key
  location: class QueryParser
org/jsoup/select/QueryParser.java:224: error: cannot find symbol
                evals.add(new Evaluator.AttributeWithValueStarting(key, cq.remainder()));
                                                                   ^
  symbol:   variable key
  location: class QueryParser
org/jsoup/select/QueryParser.java:227: error: cannot find symbol
                evals.add(new Evaluator.AttributeWithValueEnding(key, cq.remainder()));
                                                                 ^
  symbol:   variable key
  location: class QueryParser
org/jsoup/select/QueryParser.java:230: error: cannot find symbol
                evals.add(new Evaluator.AttributeWithValueContaining(key, cq.remainder()));
                                                                     ^
  symbol:   variable key
  location: class QueryParser
org/jsoup/select/QueryParser.java:233: error: cannot find symbol
                evals.add(new Evaluator.AttributeWithValueMatching(key, Pattern.compile(cq.remainder())));
                                                                   ^
  symbol:   variable key
  location: class QueryParser
10 errors

2336661 [main] INFO clegoues.genprog4java.rep.CachingRepresentation  - StmtReplace(146,103) at variant154 fails to compile

2336661 [main] INFO clegoues.genprog4java.fitness.Fitness  - 	 gen: 2 0.0 StmtReplace(146,103) (stored at: variant154)
2337322 [main] INFO clegoues.genprog4java.fitness.Fitness  - 	 gen: 2 1.0 StmtDelete(136) (stored at: variant155)
2337805 [main] INFO clegoues.genprog4java.fitness.Fitness  - 	 gen: 2 1.0 StmtReplace(132,116) StmtDelete(188) StmtAppend(79,117) (stored at: variant156)
2337805 [main] INFO clegoues.genprog4java.Search.Search  - search: generation3
2338629 [main] INFO clegoues.genprog4java.fitness.Fitness  - 	 gen: 3 0.0 StmtAppend(184,44) StmtDelete(156) StmtReplace(77,105) (stored at: variant157)
2338672 [main] ERROR clegoues.genprog4java.rep.JavaRepresentation  - org/jsoup/select/QueryParser.java:91: error: variable e might not have been initialized
            evals.add(new CombiningEvaluator.And(f, new StructuralEvaluator.ImmediateParent(e)));
                                                                                            ^
org/jsoup/select/QueryParser.java:93: error: variable e might not have been initialized
            evals.add(new CombiningEvaluator.And(f, new StructuralEvaluator.Parent(e)));
                                                                                   ^
org/jsoup/select/QueryParser.java:95: error: variable e might not have been initialized
            evals.add(new CombiningEvaluator.And(f, new StructuralEvaluator.ImmediatePreviousSibling(e)));
                                                                                                     ^
org/jsoup/select/QueryParser.java:97: error: variable e might not have been initialized
            evals.add(new CombiningEvaluator.And(f, new StructuralEvaluator.PreviousSibling(e)));
                                                                                            ^
4 errors

2338673 [main] INFO clegoues.genprog4java.rep.CachingRepresentation  - StmtAppend(160,124) StmtReplace(64,104) StmtReplace(74,64) at variant158 fails to compile

2338673 [main] INFO clegoues.genprog4java.fitness.Fitness  - 	 gen: 3 0.0 StmtAppend(160,124) StmtReplace(64,104) StmtReplace(74,64) (stored at: variant158)
2530702 [main] INFO clegoues.genprog4java.fitness.Fitness  - 	 gen: 3 0.0 StmtDelete(102) StmtDelete(106) (stored at: variant159)
2530728 [main] ERROR clegoues.genprog4java.rep.JavaRepresentation  - org/jsoup/select/QueryParser.java:36: error: non-static variable tq cannot be referenced from a static context
        if (tq.matchesAny(combinators)) {
            ^
org/jsoup/select/QueryParser.java:37: error: non-static variable evals cannot be referenced from a static context
			evals.add(new StructuralEvaluator.Root());
			^
org/jsoup/select/QueryParser.java:38: error: non-static variable tq cannot be referenced from a static context
			combinator(tq.consume());
			           ^
org/jsoup/select/QueryParser.java:38: error: non-static method combinator(char) cannot be referenced from a static context
			combinator(tq.consume());
			^
org/jsoup/select/QueryParser.java:40: error: non-static method findElements() cannot be referenced from a static context
			findElements();
			^
org/jsoup/select/QueryParser.java:42: error: cannot find symbol
        return p.parse();
               ^
  symbol:   variable p
  location: class QueryParser
6 errors

2530728 [main] INFO clegoues.genprog4java.rep.CachingRepresentation  - StmtAppend(23,24) StmtAppend(81,200) StmtReplace(18,18) StmtReplace(37,41) at variant160 fails to compile

2530728 [main] INFO clegoues.genprog4java.fitness.Fitness  - 	 gen: 3 0.0 StmtAppend(23,24) StmtAppend(81,200) StmtReplace(18,18) StmtReplace(37,41) (stored at: variant160)
2531226 [main] INFO clegoues.genprog4java.fitness.Fitness  - 	 gen: 3 1.0 StmtDelete(102) StmtAppend(183,61) (stored at: variant161)
2531691 [main] INFO clegoues.genprog4java.fitness.Fitness  - 	 gen: 3 0.0 StmtReplace(195,64) StmtReplace(126,181) StmtAppend(141,48) (stored at: variant162)
2723722 [main] INFO clegoues.genprog4java.fitness.Fitness  - 	 gen: 3 0.0 StmtDelete(108) StmtAppend(122,119) StmtDelete(110) (stored at: variant163)
2724147 [main] INFO clegoues.genprog4java.fitness.Fitness  - 	 gen: 3 1.0 StmtReplace(109,104) StmtReplace(18,18) StmtAppend(75,40) (stored at: variant164)
2724168 [main] ERROR clegoues.genprog4java.rep.JavaRepresentation  - org/jsoup/select/QueryParser.java:80: error: missing return statement
    }
    ^
1 error

2724168 [main] INFO clegoues.genprog4java.rep.CachingRepresentation  - StmtAppend(148,110) StmtDelete(188) StmtAppend(98,33) StmtDelete(69) at variant165 fails to compile

2724168 [main] INFO clegoues.genprog4java.fitness.Fitness  - 	 gen: 3 0.0 StmtAppend(148,110) StmtDelete(188) StmtAppend(98,33) StmtDelete(69) (stored at: variant165)
2724733 [main] INFO clegoues.genprog4java.fitness.Fitness  - 	 gen: 3 1.0 StmtReplace(60,59) StmtReplace(60,111) StmtReplace(123,47) (stored at: variant166)
2820966 [main] INFO clegoues.genprog4java.fitness.Fitness  - 	 gen: 3 0.0 StmtAppend(184,44) StmtDelete(156) StmtDelete(61) (stored at: variant167)
2820992 [main] ERROR clegoues.genprog4java.rep.JavaRepresentation  - org/jsoup/select/CombiningEvaluator.java:69: error: call to super must be first statement in constructor
					super();
					     ^
1 error

2820992 [main] INFO clegoues.genprog4java.rep.CachingRepresentation  - StmtDelete(178) StmtReplace(92,77) StmtReplace(107,175) StmtAppend(24,18) at variant168 fails to compile

2820992 [main] INFO clegoues.genprog4java.fitness.Fitness  - 	 gen: 3 0.0 StmtDelete(178) StmtReplace(92,77) StmtReplace(107,175) StmtAppend(24,18) (stored at: variant168)
2917198 [main] INFO clegoues.genprog4java.fitness.Fitness  - 	 gen: 3 1.0 StmtDelete(113) StmtReplace(85,83) (stored at: variant169)
2917682 [main] INFO clegoues.genprog4java.fitness.Fitness  - 	 gen: 3 1.0 StmtAppend(148,110) StmtDelete(188) StmtDelete(140) StmtDelete(161) (stored at: variant170)
2918104 [main] INFO clegoues.genprog4java.fitness.Fitness  - 	 gen: 3 1.0 StmtAppend(184,44) StmtDelete(156) StmtReplace(40,33) (stored at: variant171)
2918122 [main] ERROR clegoues.genprog4java.rep.JavaRepresentation  - org/jsoup/select/QueryParser.java:243: error: cannot find symbol
        Validate.notEmpty(regex, ":matches(regex) query must not be empty");
                          ^
  symbol:   variable regex
  location: class QueryParser
org/jsoup/select/QueryParser.java:246: error: cannot find symbol
            evals.add(new Evaluator.MatchesOwn(Pattern.compile(regex)));
                                                               ^
  symbol:   variable regex
  location: class QueryParser
org/jsoup/select/QueryParser.java:248: error: cannot find symbol
            evals.add(new Evaluator.Matches(Pattern.compile(regex)));
                                                            ^
  symbol:   variable regex
  location: class QueryParser
3 errors

2918122 [main] INFO clegoues.genprog4java.rep.CachingRepresentation  - StmtReplace(109,104) StmtReplace(18,18) StmtAppend(194,42) at variant172 fails to compile

2918122 [main] INFO clegoues.genprog4java.fitness.Fitness  - 	 gen: 3 0.0 StmtReplace(109,104) StmtReplace(18,18) StmtAppend(194,42) (stored at: variant172)
3014551 [main] INFO clegoues.genprog4java.fitness.Fitness  - 	 gen: 3 0.0 StmtReplace(132,116) StmtDelete(188) StmtAppend(79,117) StmtDelete(128) (stored at: variant173)
3015009 [main] INFO clegoues.genprog4java.fitness.Fitness  - 	 gen: 3 1.0 StmtReplace(195,64) StmtReplace(126,181) StmtReplace(91,98) (stored at: variant174)
3015422 [main] INFO clegoues.genprog4java.fitness.Fitness  - 	 gen: 3 1.0 StmtAppend(104,51) StmtReplace(125,60) (stored at: variant175)
3015848 [main] INFO clegoues.genprog4java.fitness.Fitness  - 	 gen: 3 1.0 StmtReplace(60,59) StmtReplace(60,111) StmtDelete(110) (stored at: variant176)
3016643 [main] INFO clegoues.genprog4java.fitness.Fitness  - 	 gen: 3 0.0 StmtReplace(188,42) StmtDelete(181) StmtDelete(79) StmtReplace(149,53) (stored at: variant177)
3017103 [main] INFO clegoues.genprog4java.fitness.Fitness  - 	 gen: 3 1.0 StmtAppend(104,51) StmtAppend(121,102) (stored at: variant178)
3017557 [main] INFO clegoues.genprog4java.fitness.Fitness  - 	 gen: 3 1.0 StmtAppend(160,124) StmtReplace(64,104) StmtDelete(193) (stored at: variant179)
3018124 [main] INFO clegoues.genprog4java.fitness.Fitness  - 	 gen: 3 0.0 StmtAppend(63,97) StmtReplace(56,109) StmtReplace(18,18) (stored at: variant180)
3018744 [main] INFO clegoues.genprog4java.fitness.Fitness  - 	 gen: 3 0.0 StmtAppend(160,124) StmtReplace(64,104) StmtAppend(105,60) (stored at: variant181)
3018978 [main] INFO clegoues.genprog4java.fitness.Fitness  - 	 gen: 3 1.0 StmtReplace(165,103) StmtAppend(50,169) StmtDelete(58) (stored at: variant182)
3019568 [main] INFO clegoues.genprog4java.fitness.Fitness  - 	 gen: 3 1.0 StmtReplace(109,104) StmtReplace(18,18) StmtReplace(93,63) (stored at: variant183)
3115862 [main] INFO clegoues.genprog4java.fitness.Fitness  - 	 gen: 3 0.0 StmtDelete(108) StmtAppend(122,119) StmtAppend(74,175) (stored at: variant184)
3116318 [main] INFO clegoues.genprog4java.fitness.Fitness  - 	 gen: 3 1.0 StmtAppend(184,44) StmtDelete(156) StmtReplace(96,171) (stored at: variant185)
3116337 [main] ERROR clegoues.genprog4java.rep.JavaRepresentation  - org/jsoup/select/QueryParser.java:36: error: non-static variable tq cannot be referenced from a static context
        if (tq.matchChomp(":lt("))
            ^
org/jsoup/select/QueryParser.java:37: error: non-static method indexLessThan() cannot be referenced from a static context
			indexLessThan();
			^
org/jsoup/select/QueryParser.java:38: error: non-static variable tq cannot be referenced from a static context
		else if (tq.matchChomp(":gt("))
		         ^
org/jsoup/select/QueryParser.java:39: error: non-static method indexGreaterThan() cannot be referenced from a static context
			indexGreaterThan();
			^
org/jsoup/select/QueryParser.java:40: error: non-static variable tq cannot be referenced from a static context
		else if (tq.matchChomp(":eq("))
		         ^
org/jsoup/select/QueryParser.java:41: error: non-static method indexEquals() cannot be referenced from a static context
			indexEquals();
			^
org/jsoup/select/QueryParser.java:42: error: non-static variable tq cannot be referenced from a static context
		else if (tq.matches(":has("))
		         ^
org/jsoup/select/QueryParser.java:43: error: non-static method has() cannot be referenced from a static context
			has();
			^
org/jsoup/select/QueryParser.java:44: error: non-static variable tq cannot be referenced from a static context
		else if (tq.matches(":contains("))
		         ^
org/jsoup/select/QueryParser.java:45: error: non-static method contains(boolean) cannot be referenced from a static context
			contains(false);
			^
org/jsoup/select/QueryParser.java:46: error: non-static variable tq cannot be referenced from a static context
		else if (tq.matches(":containsOwn("))
		         ^
org/jsoup/select/QueryParser.java:47: error: non-static method contains(boolean) cannot be referenced from a static context
			contains(true);
			^
org/jsoup/select/QueryParser.java:48: error: non-static variable tq cannot be referenced from a static context
		else if (tq.matches(":matches("))
		         ^
org/jsoup/select/QueryParser.java:49: error: non-static method matches(boolean) cannot be referenced from a static context
			matches(false);
			^
org/jsoup/select/QueryParser.java:50: error: non-static variable tq cannot be referenced from a static context
		else if (tq.matches(":matchesOwn("))
		         ^
org/jsoup/select/QueryParser.java:51: error: non-static method matches(boolean) cannot be referenced from a static context
			matches(true);
			^
org/jsoup/select/QueryParser.java:52: error: non-static variable tq cannot be referenced from a static context
		else if (tq.matches(":not("))
		         ^
org/jsoup/select/QueryParser.java:53: error: non-static method not() cannot be referenced from a static context
			not();
			^
org/jsoup/select/QueryParser.java:56: error: non-static variable tq cannot be referenced from a static context
					tq.remainder());
					^
org/jsoup/select/QueryParser.java:57: error: cannot find symbol
        return p.parse();
               ^
  symbol:   variable p
  location: class QueryParser
20 errors

3116337 [main] INFO clegoues.genprog4java.rep.CachingRepresentation  - StmtReplace(188,42) StmtDelete(181) StmtAppend(152,112) StmtReplace(37,111) at variant186 fails to compile

3116337 [main] INFO clegoues.genprog4java.fitness.Fitness  - 	 gen: 3 0.0 StmtReplace(188,42) StmtDelete(181) StmtAppend(152,112) StmtReplace(37,111) (stored at: variant186)
3116810 [main] INFO clegoues.genprog4java.fitness.Fitness  - 	 gen: 3 1.0 StmtDelete(169) StmtReplace(195,64) StmtDelete(80) StmtAppend(86,109) (stored at: variant187)
3213038 [main] INFO clegoues.genprog4java.fitness.Fitness  - 	 gen: 3 1.0 StmtDelete(102) StmtDelete(113) (stored at: variant188)
3213477 [main] INFO clegoues.genprog4java.fitness.Fitness  - 	 gen: 3 1.0 StmtAppend(23,24) StmtAppend(161,46) StmtDelete(43) (stored at: variant189)
3213929 [main] INFO clegoues.genprog4java.fitness.Fitness  - 	 gen: 3 0.0 StmtAppend(63,97) StmtAppend(79,82) StmtReplace(143,181) (stored at: variant190)
3214403 [main] INFO clegoues.genprog4java.fitness.Fitness  - 	 gen: 3 1.0 StmtAppend(150,151) StmtAppend(175,119) (stored at: variant191)
3318676 [main] INFO clegoues.genprog4java.fitness.Fitness  - 	 gen: 3 0.0 StmtAppend(23,24) StmtAppend(161,46) StmtReplace(202,33) (stored at: variant192)
3318743 [main] ERROR clegoues.genprog4java.rep.JavaRepresentation  - org/jsoup/select/QueryParser.java:279: error: cannot find symbol
            evals.add(new Evaluator.ContainsOwnText(searchText));
                                                    ^
  symbol:   variable searchText
  location: class QueryParser
org/jsoup/select/QueryParser.java:281: error: cannot find symbol
            evals.add(new Evaluator.ContainsText(searchText));
                                                 ^
  symbol:   variable searchText
  location: class QueryParser
2 errors

3318743 [main] INFO clegoues.genprog4java.rep.CachingRepresentation  - StmtReplace(188,53) StmtReplace(186,105) StmtReplace(187,41) at variant193 fails to compile

3318743 [main] INFO clegoues.genprog4java.fitness.Fitness  - 	 gen: 3 0.0 StmtReplace(188,53) StmtReplace(186,105) StmtReplace(187,41) (stored at: variant193)
3319235 [main] INFO clegoues.genprog4java.fitness.Fitness  - 	 gen: 3 1.0 StmtAppend(150,151) StmtDelete(202) (stored at: variant194)
3415445 [main] INFO clegoues.genprog4java.fitness.Fitness  - 	 gen: 3 1.0 StmtAppend(94,181) StmtReplace(60,59) StmtReplace(178,66) StmtDelete(121) (stored at: variant195)
3415484 [main] ERROR clegoues.genprog4java.rep.JavaRepresentation  - org/jsoup/select/QueryParser.java:110: error: cannot find symbol
                sq.append("(").append(tq.chompBalanced('(', ')')).append(")");
                ^
  symbol:   variable sq
  location: class QueryParser
org/jsoup/select/QueryParser.java:112: error: cannot find symbol
                sq.append("[").append(tq.chompBalanced('[', ']')).append("]");
                ^
  symbol:   variable sq
  location: class QueryParser
org/jsoup/select/QueryParser.java:116: error: cannot find symbol
                sq.append(tq.consume());
                ^
  symbol:   variable sq
  location: class QueryParser
org/jsoup/select/QueryParser.java:118: error: cannot find symbol
        return sq.toString();
               ^
  symbol:   variable sq
  location: class QueryParser
4 errors

3415485 [main] INFO clegoues.genprog4java.rep.CachingRepresentation  - StmtDelete(113) StmtDelete(89) at variant196 fails to compile

3415485 [main] INFO clegoues.genprog4java.fitness.Fitness  - 	 gen: 3 0.0 StmtDelete(113) StmtDelete(89) (stored at: variant196)
3415942 [main] INFO clegoues.genprog4java.fitness.Fitness  - 	 gen: 3 1.0 StmtDelete(181) StmtDelete(79) StmtReplace(181,61) (stored at: variant197)
3416373 [main] INFO clegoues.genprog4java.fitness.Fitness  - 	 gen: 3 1.0 StmtDelete(156) StmtAppend(127,106) (stored at: variant198)
3416398 [main] ERROR clegoues.genprog4java.rep.JavaRepresentation  - org/jsoup/select/QueryParser.java:246: error: cannot find symbol
        Validate.notEmpty(searchText, ":contains(text) query must not be empty");
                          ^
  symbol:   variable searchText
  location: class QueryParser
org/jsoup/select/QueryParser.java:248: error: cannot find symbol
            evals.add(new Evaluator.ContainsOwnText(searchText));
                                                    ^
  symbol:   variable searchText
  location: class QueryParser
org/jsoup/select/QueryParser.java:250: error: cannot find symbol
            evals.add(new Evaluator.ContainsText(searchText));
                                                 ^
  symbol:   variable searchText
  location: class QueryParser
3 errors

3416398 [main] INFO clegoues.genprog4java.rep.CachingRepresentation  - StmtReplace(187,106) at variant199 fails to compile

3416398 [main] INFO clegoues.genprog4java.fitness.Fitness  - 	 gen: 3 0.0 StmtReplace(187,106) (stored at: variant199)
3416898 [main] INFO clegoues.genprog4java.fitness.Fitness  - 	 gen: 3 0.0 StmtAppend(160,124) StmtReplace(51,118) (stored at: variant200)
3417133 [main] INFO clegoues.genprog4java.fitness.Fitness  - 	 gen: 3 1.0 StmtDelete(148) (stored at: variant201)
3417583 [main] INFO clegoues.genprog4java.fitness.Fitness  - 	 gen: 3 1.0 StmtAppend(23,24) StmtDelete(157) (stored at: variant202)
3418034 [main] INFO clegoues.genprog4java.fitness.Fitness  - 	 gen: 3 1.0 StmtAppend(181,60) (stored at: variant203)
3418483 [main] INFO clegoues.genprog4java.fitness.Fitness  - 	 gen: 3 1.0 StmtAppend(63,97) StmtDelete(188) StmtDelete(140) StmtReplace(55,102) (stored at: variant204)
3418925 [main] INFO clegoues.genprog4java.fitness.Fitness  - 	 gen: 3 1.0 StmtAppend(184,44) StmtDelete(149) (stored at: variant205)
3419365 [main] INFO clegoues.genprog4java.fitness.Fitness  - 	 gen: 3 1.0 StmtAppend(44,66) (stored at: variant206)
3419829 [main] INFO clegoues.genprog4java.fitness.Fitness  - 	 gen: 3 1.0 StmtReplace(109,104) StmtAppend(161,46) StmtReplace(159,102) (stored at: variant207)
3420287 [main] INFO clegoues.genprog4java.fitness.Fitness  - 	 gen: 3 0.0 StmtReplace(140,66) (stored at: variant208)
3420709 [main] INFO clegoues.genprog4java.fitness.Fitness  - 	 gen: 3 1.0 StmtReplace(195,64) StmtAppend(54,41) (stored at: variant209)
3421231 [main] INFO clegoues.genprog4java.fitness.Fitness  - 	 gen: 3 1.0 StmtAppend(118,106) (stored at: variant210)
3421231 [main] INFO clegoues.genprog4java.Search.Search  - search: generation4
3421945 [main] INFO clegoues.genprog4java.fitness.Fitness  - 	 gen: 4 1.0 StmtDelete(148) StmtAppend(164,61) (stored at: variant211)
3421962 [main] ERROR clegoues.genprog4java.rep.JavaRepresentation  - org/jsoup/select/QueryParser.java:95: error: cannot find symbol
            evals.add(new CombiningEvaluator.And(f, new StructuralEvaluator.ImmediateParent(e)));
                                                 ^
  symbol:   variable f
  location: class QueryParser
org/jsoup/select/QueryParser.java:97: error: cannot find symbol
            evals.add(new CombiningEvaluator.And(f, new StructuralEvaluator.Parent(e)));
                                                 ^
  symbol:   variable f
  location: class QueryParser
org/jsoup/select/QueryParser.java:99: error: cannot find symbol
            evals.add(new CombiningEvaluator.And(f, new StructuralEvaluator.ImmediatePreviousSibling(e)));
                                                 ^
  symbol:   variable f
  location: class QueryParser
org/jsoup/select/QueryParser.java:101: error: cannot find symbol
            evals.add(new CombiningEvaluator.And(f, new StructuralEvaluator.PreviousSibling(e)));
                                                 ^
  symbol:   variable f
  location: class QueryParser
4 errors

3421962 [main] INFO clegoues.genprog4java.rep.CachingRepresentation  - StmtReplace(195,64) StmtReplace(126,181) StmtReplace(91,98) StmtDelete(78) at variant212 fails to compile

3421962 [main] INFO clegoues.genprog4java.fitness.Fitness  - 	 gen: 4 0.0 StmtReplace(195,64) StmtReplace(126,181) StmtReplace(91,98) StmtDelete(78) (stored at: variant212)
3518164 [main] INFO clegoues.genprog4java.fitness.Fitness  - 	 gen: 4 1.0 StmtAppend(63,97) StmtDelete(188) StmtDelete(140) StmtReplace(55,102) StmtDelete(120) (stored at: variant213)
3518188 [main] ERROR clegoues.genprog4java.rep.JavaRepresentation  - org/jsoup/select/QueryParser.java:87: error: cannot find symbol
			else if (seenWhite) {
			         ^
  symbol:   variable seenWhite
  location: class QueryParser
org/jsoup/select/QueryParser.java:87: error: illegal start of type
			else if (seenWhite) {
			        ^
2 errors

3518188 [main] INFO clegoues.genprog4java.rep.CachingRepresentation  - StmtReplace(60,59) StmtReplace(60,111) StmtReplace(123,47) StmtReplace(49,169) at variant214 fails to compile

3518188 [main] INFO clegoues.genprog4java.fitness.Fitness  - 	 gen: 4 0.0 StmtReplace(60,59) StmtReplace(60,111) StmtReplace(123,47) StmtReplace(49,169) (stored at: variant214)
3518205 [main] ERROR clegoues.genprog4java.rep.JavaRepresentation  - org/jsoup/select/QueryParser.java:193: error: cannot find symbol
        String key = cq.consumeToAny("=", "!=", "^=", "$=", "*=", "~="); // eq, not, start, end, contain, match, (no val)
                     ^
  symbol:   variable cq
  location: class QueryParser
org/jsoup/select/QueryParser.java:195: error: cannot find symbol
        cq.consumeWhitespace();
        ^
  symbol:   variable cq
  location: class QueryParser
org/jsoup/select/QueryParser.java:197: error: cannot find symbol
        if (cq.isEmpty()) {
            ^
  symbol:   variable cq
  location: class QueryParser
org/jsoup/select/QueryParser.java:203: error: cannot find symbol
            if (cq.matchChomp("="))
                ^
  symbol:   variable cq
  location: class QueryParser
org/jsoup/select/QueryParser.java:204: error: cannot find symbol
                evals.add(new Evaluator.AttributeWithValue(key, cq.remainder()));
                                                                ^
  symbol:   variable cq
  location: class QueryParser
org/jsoup/select/QueryParser.java:206: error: cannot find symbol
            else if (cq.matchChomp("!="))
                     ^
  symbol:   variable cq
  location: class QueryParser
org/jsoup/select/QueryParser.java:207: error: cannot find symbol
                evals.add(new Evaluator.AttributeWithValueNot(key, cq.remainder()));
                                                                   ^
  symbol:   variable cq
  location: class QueryParser
org/jsoup/select/QueryParser.java:209: error: cannot find symbol
            else if (cq.matchChomp("^="))
                     ^
  symbol:   variable cq
  location: class QueryParser
org/jsoup/select/QueryParser.java:210: error: cannot find symbol
                evals.add(new Evaluator.AttributeWithValueStarting(key, cq.remainder()));
                                                                        ^
  symbol:   variable cq
  location: class QueryParser
org/jsoup/select/QueryParser.java:212: error: cannot find symbol
            else if (cq.matchChomp("$="))
                     ^
  symbol:   variable cq
  location: class QueryParser
org/jsoup/select/QueryParser.java:213: error: cannot find symbol
                evals.add(new Evaluator.AttributeWithValueEnding(key, cq.remainder()));
                                                                      ^
  symbol:   variable cq
  location: class QueryParser
org/jsoup/select/QueryParser.java:215: error: cannot find symbol
            else if (cq.matchChomp("*="))
                     ^
  symbol:   variable cq
  location: class QueryParser
org/jsoup/select/QueryParser.java:216: error: cannot find symbol
                evals.add(new Evaluator.AttributeWithValueContaining(key, cq.remainder()));
                                                                          ^
  symbol:   variable cq
  location: class QueryParser
org/jsoup/select/QueryParser.java:218: error: cannot find symbol
            else if (cq.matchChomp("~="))
                     ^
  symbol:   variable cq
  location: class QueryParser
org/jsoup/select/QueryParser.java:219: error: cannot find symbol
                evals.add(new Evaluator.AttributeWithValueMatching(key, Pattern.compile(cq.remainder())));
                                                                                        ^
  symbol:   variable cq
  location: class QueryParser
org/jsoup/select/QueryParser.java:221: error: cannot find symbol
                throw new Selector.SelectorParseException("Could not parse attribute query '%s': unexpected token at '%s'", query, cq.remainder());
                                                                                                                                   ^
  symbol:   variable cq
  location: class QueryParser
16 errors

3518205 [main] INFO clegoues.genprog4java.rep.CachingRepresentation  - StmtAppend(104,51) StmtAppend(121,102) StmtDelete(145) at variant215 fails to compile

3518205 [main] INFO clegoues.genprog4java.fitness.Fitness  - 	 gen: 4 0.0 StmtAppend(104,51) StmtAppend(121,102) StmtDelete(145) (stored at: variant215)
3518668 [main] INFO clegoues.genprog4java.fitness.Fitness  - 	 gen: 4 0.0 StmtDelete(102) StmtAppend(183,61) StmtAppend(157,158) (stored at: variant216)
3519137 [main] INFO clegoues.genprog4java.fitness.Fitness  - 	 gen: 4 1.0 StmtAppend(184,44) StmtDelete(156) StmtReplace(96,171) StmtAppend(123,77) (stored at: variant217)
3519602 [main] INFO clegoues.genprog4java.fitness.Fitness  - 	 gen: 4 1.0 StmtAppend(181,60) StmtDelete(191) (stored at: variant218)
3520122 [main] INFO clegoues.genprog4java.fitness.Fitness  - 	 gen: 4 0.0 StmtDelete(181) StmtDelete(79) StmtReplace(181,61) StmtDelete(142) (stored at: variant219)
3520148 [main] ERROR clegoues.genprog4java.rep.JavaRepresentation  - org/jsoup/select/QueryParser.java:192: error: cannot find symbol
        String key = cq.consumeToAny("=", "!=", "^=", "$=", "*=", "~="); // eq, not, start, end, contain, match, (no val)
                     ^
  symbol:   variable cq
  location: class QueryParser
org/jsoup/select/QueryParser.java:194: error: cannot find symbol
        cq.consumeWhitespace();
        ^
  symbol:   variable cq
  location: class QueryParser
org/jsoup/select/QueryParser.java:196: error: cannot find symbol
        if (cq.isEmpty()) {
            ^
  symbol:   variable cq
  location: class QueryParser
org/jsoup/select/QueryParser.java:202: error: cannot find symbol
            if (cq.matchChomp("="))
                ^
  symbol:   variable cq
  location: class QueryParser
org/jsoup/select/QueryParser.java:203: error: cannot find symbol
                evals.add(new Evaluator.AttributeWithValue(key, cq.remainder()));
                                                                ^
  symbol:   variable cq
  location: class QueryParser
org/jsoup/select/QueryParser.java:205: error: cannot find symbol
            else if (cq.matchChomp("!="))
                     ^
  symbol:   variable cq
  location: class QueryParser
org/jsoup/select/QueryParser.java:206: error: cannot find symbol
                evals.add(new Evaluator.AttributeWithValueNot(key, cq.remainder()));
                                                                   ^
  symbol:   variable cq
  location: class QueryParser
7 errors

3520148 [main] INFO clegoues.genprog4java.rep.CachingRepresentation  - StmtReplace(109,104) StmtAppend(161,46) StmtReplace(159,102) StmtAppend(145,101) at variant220 fails to compile

3520148 [main] INFO clegoues.genprog4java.fitness.Fitness  - 	 gen: 4 0.0 StmtReplace(109,104) StmtAppend(161,46) StmtReplace(159,102) StmtAppend(145,101) (stored at: variant220)
3520581 [main] INFO clegoues.genprog4java.fitness.Fitness  - 	 gen: 4 1.0 StmtReplace(60,59) StmtReplace(60,111) StmtDelete(110) StmtReplace(102,101) (stored at: variant221)
3520610 [main] ERROR clegoues.genprog4java.rep.JavaRepresentation  - org/jsoup/select/QueryParser.java:130: error: cannot find symbol
                sq.append("(").append(tq.chompBalanced('(', ')')).append(")");
                ^
  symbol:   variable sq
  location: class QueryParser
org/jsoup/select/QueryParser.java:132: error: cannot find symbol
                sq.append("[").append(tq.chompBalanced('[', ']')).append("]");
                ^
  symbol:   variable sq
  location: class QueryParser
org/jsoup/select/QueryParser.java:136: error: cannot find symbol
                sq.append(tq.consume());
                ^
  symbol:   variable sq
  location: class QueryParser
org/jsoup/select/QueryParser.java:138: error: cannot find symbol
        return sq.toString();
               ^
  symbol:   variable sq
  location: class QueryParser
4 errors

3520610 [main] INFO clegoues.genprog4java.rep.CachingRepresentation  - StmtReplace(60,59) StmtReplace(60,111) StmtReplace(123,47) StmtDelete(89) at variant222 fails to compile

3520610 [main] INFO clegoues.genprog4java.fitness.Fitness  - 	 gen: 4 0.0 StmtReplace(60,59) StmtReplace(60,111) StmtReplace(123,47) StmtDelete(89) (stored at: variant222)
3521063 [main] INFO clegoues.genprog4java.fitness.Fitness  - 	 gen: 4 1.0 StmtReplace(195,64) StmtAppend(54,41) StmtReplace(110,111) (stored at: variant223)
3521080 [main] ERROR clegoues.genprog4java.rep.JavaRepresentation  - org/jsoup/select/QueryParser.java:81: error: missing return statement
    }
    ^
1 error

3521080 [main] INFO clegoues.genprog4java.rep.CachingRepresentation  - StmtAppend(118,106) StmtReplace(69,63) at variant224 fails to compile

3521080 [main] INFO clegoues.genprog4java.fitness.Fitness  - 	 gen: 4 0.0 StmtAppend(118,106) StmtReplace(69,63) (stored at: variant224)
