1 [main] DEBUG clegoues.genprog4java.fitness.Fitness  - parsing granularity, value: class
19 [main] DEBUG clegoues.genprog4java.fitness.Fitness  - parsing granularity, value: class
#Thu Mar 04 09:09:09 CST 2021
negativeTestWeight=2.0
classSourceFolder=/home/rtx/repair/d4j/Jsoup/21b/target/classes
model=default
sampleStrategy=variant
srcClassPath=/home/rtx/repair/d4j/Jsoup/21b/target/classes
sourceVersion=1.8
popsize=40
regenPaths=false
posCoverageFile=coverage.path.pos
continue=false
edits=APPEND;DELETE;REPLACE
negCoverageFile=coverage.path.neg
workingDir=/home/rtx/repair/d4j/Jsoup/21b/
clearTestCache=false
skipFailedSanity=false
sample=0.1 
oracleGenome=
testGranularity=class
justTestingFaultLoc=false
faultLocStrategy=standardPathFile
crossp=0.5
pMutation=1
generations=10
positiveTests=/home/rtx/repair/d4j/Jsoup/21b/pos.tests
javaVM=/home/rtx/java/jdk1.8.0_271/jre/bin/java
seed=9
negativePathWeight=0.35
compileCommand=
fixStrategy=classScope
allowCoverageFail=false
targetClassName=/home/rtx/repair/d4j/Jsoup/21b/bugfiles.txt
javaRuntime=java.lang.Runtime@6576fe71
classTestFolder=
modelPath=OVERALLModel.txt
sanity=yes
positivePathWeight=0.65
jacocoPath=/home/rtx/eclipse-workspace/genprog4java/lib/jacocoagent.jar
negativeTests=/home/rtx/repair/d4j/Jsoup/21b/neg.tests
pathToFileHumanInjectedFaultLoc=fileHumanInjectedFaultLoc.txt
outputDir=/home/rtx/repair/d4j/Jsoup/21b/genprog4java/variantSeed9/
testClassPath=/home/rtx/repair/defects4j/framework/projects/Jsoup/lib/junit/junit/4.5/junit-4.5.jar\:/home/rtx/repair/d4j/Jsoup/21b/target/classes\:/home/rtx/repair/d4j/Jsoup/21b/target/test-classes\:/home/rtx/repair/defects4j/framework/projects/lib/junit-4.11.jar\:/home/rtx/repair/defects4j/framework/projects/Jsoup/lib/com/google/code/gson/gson/2.7/gson-2.7.jar\:/home/rtx/repair/defects4j/framework/projects/Jsoup/lib/commons-lang/commons-lang/2.4/commons-lang-2.4.jar\:/home/rtx/repair/defects4j/framework/projects/Jsoup/lib/javax/servlet/javax.servlet-api/3.1.0/javax.servlet-api-3.1.0.jar\:/home/rtx/repair/defects4j/framework/projects/Jsoup/lib/junit/junit/4.12/junit-4.12.jar\:/home/rtx/repair/defects4j/framework/projects/Jsoup/lib/lib/com/google/code/gson/gson/2.7/gson-2.7.jar\:/home/rtx/repair/defects4j/framework/projects/Jsoup/lib/lib/commons-lang/commons-lang/2.4/commons-lang-2.4.jar\:/home/rtx/repair/defects4j/framework/projects/Jsoup/lib/lib/javax/servlet/javax.servlet-api/3.1.0/javax.servlet-api-3.1.0.jar\:/home/rtx/repair/defects4j/framework/projects/Jsoup/lib/lib/junit/junit/4.12/junit-4.12.jar\:/home/rtx/repair/defects4j/framework/projects/Jsoup/lib/lib/junit/junit/4.5/junit-4.5.jar\:/home/rtx/repair/defects4j/framework/projects/Jsoup/lib/lib/org/eclipse/jetty/jetty-http/9.2.22.v20170606/jetty-http-9.2.22.v20170606.jar\:/home/rtx/repair/defects4j/framework/projects/Jsoup/lib/lib/org/eclipse/jetty/jetty-http/9.2.26.v20180806/jetty-http-9.2.26.v20180806.jar\:/home/rtx/repair/defects4j/framework/projects/Jsoup/lib/lib/org/eclipse/jetty/jetty-http/9.2.28.v20190418/jetty-http-9.2.28.v20190418.jar\:/home/rtx/repair/defects4j/framework/projects/Jsoup/lib/lib/org/eclipse/jetty/jetty-io/9.2.22.v20170606/jetty-io-9.2.22.v20170606.jar\:/home/rtx/repair/defects4j/framework/projects/Jsoup/lib/lib/org/eclipse/jetty/jetty-io/9.2.26.v20180806/jetty-io-9.2.26.v20180806.jar\:/home/rtx/repair/defects4j/framework/projects/Jsoup/lib/lib/org/eclipse/jetty/jetty-io/9.2.28.v20190418/jetty-io-9.2.28.v20190418.jar\:/home/rtx/repair/defects4j/framework/projects/Jsoup/lib/lib/org/eclipse/jetty/jetty-security/9.2.22.v20170606/jetty-security-9.2.22.v20170606.jar\:/home/rtx/repair/defects4j/framework/projects/Jsoup/lib/lib/org/eclipse/jetty/jetty-security/9.2.26.v20180806/jetty-security-9.2.26.v20180806.jar\:/home/rtx/repair/defects4j/framework/projects/Jsoup/lib/lib/org/eclipse/jetty/jetty-security/9.2.28.v20190418/jetty-security-9.2.28.v20190418.jar\:/home/rtx/repair/defects4j/framework/projects/Jsoup/lib/lib/org/eclipse/jetty/jetty-server/9.2.22.v20170606/jetty-server-9.2.22.v20170606.jar\:/home/rtx/repair/defects4j/framework/projects/Jsoup/lib/lib/org/eclipse/jetty/jetty-server/9.2.26.v20180806/jetty-server-9.2.26.v20180806.jar\:/home/rtx/repair/defects4j/framework/projects/Jsoup/lib/lib/org/eclipse/jetty/jetty-server/9.2.28.v20190418/jetty-server-9.2.28.v20190418.jar\:/home/rtx/repair/defects4j/framework/projects/Jsoup/lib/lib/org/eclipse/jetty/jetty-servlet/9.2.22.v20170606/jetty-servlet-9.2.22.v20170606.jar\:/home/rtx/repair/defects4j/framework/projects/Jsoup/lib/lib/org/eclipse/jetty/jetty-servlet/9.2.26.v20180806/jetty-servlet-9.2.26.v20180806.jar\:/home/rtx/repair/defects4j/framework/projects/Jsoup/lib/lib/org/eclipse/jetty/jetty-servlet/9.2.28.v20190418/jetty-servlet-9.2.28.v20190418.jar\:/home/rtx/repair/defects4j/framework/projects/Jsoup/lib/lib/org/eclipse/jetty/jetty-util/9.2.22.v20170606/jetty-util-9.2.22.v20170606.jar\:/home/rtx/repair/defects4j/framework/projects/Jsoup/lib/lib/org/eclipse/jetty/jetty-util/9.2.26.v20180806/jetty-util-9.2.26.v20180806.jar\:/home/rtx/repair/defects4j/framework/projects/Jsoup/lib/lib/org/eclipse/jetty/jetty-util/9.2.28.v20190418/jetty-util-9.2.28.v20190418.jar\:/home/rtx/repair/defects4j/framework/projects/Jsoup/lib/lib/org/hamcrest/hamcrest-core/1.3/hamcrest-core-1.3.jar\:/home/rtx/repair/defects4j/framework/projects/Jsoup/lib/org/eclipse/jetty/jetty-http/9.2.22.v20170606/jetty-http-9.2.22.v20170606.jar\:/home/rtx/repair/defects4j/framework/projects/Jsoup/lib/org/eclipse/jetty/jetty-http/9.2.26.v20180806/jetty-http-9.2.26.v20180806.jar\:/home/rtx/repair/defects4j/framework/projects/Jsoup/lib/org/eclipse/jetty/jetty-http/9.2.28.v20190418/jetty-http-9.2.28.v20190418.jar\:/home/rtx/repair/defects4j/framework/projects/Jsoup/lib/org/eclipse/jetty/jetty-io/9.2.22.v20170606/jetty-io-9.2.22.v20170606.jar\:/home/rtx/repair/defects4j/framework/projects/Jsoup/lib/org/eclipse/jetty/jetty-io/9.2.26.v20180806/jetty-io-9.2.26.v20180806.jar\:/home/rtx/repair/defects4j/framework/projects/Jsoup/lib/org/eclipse/jetty/jetty-io/9.2.28.v20190418/jetty-io-9.2.28.v20190418.jar\:/home/rtx/repair/defects4j/framework/projects/Jsoup/lib/org/eclipse/jetty/jetty-security/9.2.22.v20170606/jetty-security-9.2.22.v20170606.jar\:/home/rtx/repair/defects4j/framework/projects/Jsoup/lib/org/eclipse/jetty/jetty-security/9.2.26.v20180806/jetty-security-9.2.26.v20180806.jar\:/home/rtx/repair/defects4j/framework/projects/Jsoup/lib/org/eclipse/jetty/jetty-security/9.2.28.v20190418/jetty-security-9.2.28.v20190418.jar\:/home/rtx/repair/defects4j/framework/projects/Jsoup/lib/org/eclipse/jetty/jetty-server/9.2.22.v20170606/jetty-server-9.2.22.v20170606.jar\:/home/rtx/repair/defects4j/framework/projects/Jsoup/lib/org/eclipse/jetty/jetty-server/9.2.26.v20180806/jetty-server-9.2.26.v20180806.jar\:/home/rtx/repair/defects4j/framework/projects/Jsoup/lib/org/eclipse/jetty/jetty-server/9.2.28.v20190418/jetty-server-9.2.28.v20190418.jar\:/home/rtx/repair/defects4j/framework/projects/Jsoup/lib/org/eclipse/jetty/jetty-servlet/9.2.22.v20170606/jetty-servlet-9.2.22.v20170606.jar\:/home/rtx/repair/defects4j/framework/projects/Jsoup/lib/org/eclipse/jetty/jetty-servlet/9.2.26.v20180806/jetty-servlet-9.2.26.v20180806.jar\:/home/rtx/repair/defects4j/framework/projects/Jsoup/lib/org/eclipse/jetty/jetty-servlet/9.2.28.v20190418/jetty-servlet-9.2.28.v20190418.jar\:/home/rtx/repair/defects4j/framework/projects/Jsoup/lib/org/eclipse/jetty/jetty-util/9.2.22.v20170606/jetty-util-9.2.22.v20170606.jar\:/home/rtx/repair/defects4j/framework/projects/Jsoup/lib/org/eclipse/jetty/jetty-util/9.2.26.v20180806/jetty-util-9.2.26.v20180806.jar\:/home/rtx/repair/defects4j/framework/projects/Jsoup/lib/org/eclipse/jetty/jetty-util/9.2.28.v20190418/jetty-util-9.2.28.v20190418.jar\:/home/rtx/repair/defects4j/framework/projects/Jsoup/lib/org/hamcrest/hamcrest-core/1.3/hamcrest-core-1.3.jar
faultStrategy=classScope
sourceDir=src/main/java
checkSpace=false
search=gp
globalExtension=.java
faultSpaceSubSet=1/5
maxVariants=50
libs=/home/rtx/eclipse-workspace/genprog4java/lib/junittestrunner.jar\:/home/rtx/eclipse-workspace/genprog4java/lib/commons-cli-20040117.000000.jar\:/home/rtx/eclipse-workspace/genprog4java/lib/junit-4.12.jar\:/home/rtx/eclipse-workspace/genprog4java/lib/hamcrest-core-1.3.jar\:/home/rtx/eclipse-workspace/genprog4java/lib/log4j-1.2.17.jar\:/home/rtx/repair/defects4j/framework/projects/Jsoup/lib/junit/junit/4.5/junit-4.5.jar\:/home/rtx/repair/d4j/Jsoup/21b/target/classes\:/home/rtx/repair/d4j/Jsoup/21b/target/test-classes\:/home/rtx/repair/defects4j/framework/projects/lib/junit-4.11.jar\:/home/rtx/repair/defects4j/framework/projects/Jsoup/lib/com/google/code/gson/gson/2.7/gson-2.7.jar\:/home/rtx/repair/defects4j/framework/projects/Jsoup/lib/commons-lang/commons-lang/2.4/commons-lang-2.4.jar\:/home/rtx/repair/defects4j/framework/projects/Jsoup/lib/javax/servlet/javax.servlet-api/3.1.0/javax.servlet-api-3.1.0.jar\:/home/rtx/repair/defects4j/framework/projects/Jsoup/lib/junit/junit/4.12/junit-4.12.jar\:/home/rtx/repair/defects4j/framework/projects/Jsoup/lib/lib/com/google/code/gson/gson/2.7/gson-2.7.jar\:/home/rtx/repair/defects4j/framework/projects/Jsoup/lib/lib/commons-lang/commons-lang/2.4/commons-lang-2.4.jar\:/home/rtx/repair/defects4j/framework/projects/Jsoup/lib/lib/javax/servlet/javax.servlet-api/3.1.0/javax.servlet-api-3.1.0.jar\:/home/rtx/repair/defects4j/framework/projects/Jsoup/lib/lib/junit/junit/4.12/junit-4.12.jar\:/home/rtx/repair/defects4j/framework/projects/Jsoup/lib/lib/junit/junit/4.5/junit-4.5.jar\:/home/rtx/repair/defects4j/framework/projects/Jsoup/lib/lib/org/eclipse/jetty/jetty-http/9.2.22.v20170606/jetty-http-9.2.22.v20170606.jar\:/home/rtx/repair/defects4j/framework/projects/Jsoup/lib/lib/org/eclipse/jetty/jetty-http/9.2.26.v20180806/jetty-http-9.2.26.v20180806.jar\:/home/rtx/repair/defects4j/framework/projects/Jsoup/lib/lib/org/eclipse/jetty/jetty-http/9.2.28.v20190418/jetty-http-9.2.28.v20190418.jar\:/home/rtx/repair/defects4j/framework/projects/Jsoup/lib/lib/org/eclipse/jetty/jetty-io/9.2.22.v20170606/jetty-io-9.2.22.v20170606.jar\:/home/rtx/repair/defects4j/framework/projects/Jsoup/lib/lib/org/eclipse/jetty/jetty-io/9.2.26.v20180806/jetty-io-9.2.26.v20180806.jar\:/home/rtx/repair/defects4j/framework/projects/Jsoup/lib/lib/org/eclipse/jetty/jetty-io/9.2.28.v20190418/jetty-io-9.2.28.v20190418.jar\:/home/rtx/repair/defects4j/framework/projects/Jsoup/lib/lib/org/eclipse/jetty/jetty-security/9.2.22.v20170606/jetty-security-9.2.22.v20170606.jar\:/home/rtx/repair/defects4j/framework/projects/Jsoup/lib/lib/org/eclipse/jetty/jetty-security/9.2.26.v20180806/jetty-security-9.2.26.v20180806.jar\:/home/rtx/repair/defects4j/framework/projects/Jsoup/lib/lib/org/eclipse/jetty/jetty-security/9.2.28.v20190418/jetty-security-9.2.28.v20190418.jar\:/home/rtx/repair/defects4j/framework/projects/Jsoup/lib/lib/org/eclipse/jetty/jetty-server/9.2.22.v20170606/jetty-server-9.2.22.v20170606.jar\:/home/rtx/repair/defects4j/framework/projects/Jsoup/lib/lib/org/eclipse/jetty/jetty-server/9.2.26.v20180806/jetty-server-9.2.26.v20180806.jar\:/home/rtx/repair/defects4j/framework/projects/Jsoup/lib/lib/org/eclipse/jetty/jetty-server/9.2.28.v20190418/jetty-server-9.2.28.v20190418.jar\:/home/rtx/repair/defects4j/framework/projects/Jsoup/lib/lib/org/eclipse/jetty/jetty-servlet/9.2.22.v20170606/jetty-servlet-9.2.22.v20170606.jar\:/home/rtx/repair/defects4j/framework/projects/Jsoup/lib/lib/org/eclipse/jetty/jetty-servlet/9.2.26.v20180806/jetty-servlet-9.2.26.v20180806.jar\:/home/rtx/repair/defects4j/framework/projects/Jsoup/lib/lib/org/eclipse/jetty/jetty-servlet/9.2.28.v20190418/jetty-servlet-9.2.28.v20190418.jar\:/home/rtx/repair/defects4j/framework/projects/Jsoup/lib/lib/org/eclipse/jetty/jetty-util/9.2.22.v20170606/jetty-util-9.2.22.v20170606.jar\:/home/rtx/repair/defects4j/framework/projects/Jsoup/lib/lib/org/eclipse/jetty/jetty-util/9.2.26.v20180806/jetty-util-9.2.26.v20180806.jar\:/home/rtx/repair/defects4j/framework/projects/Jsoup/lib/lib/org/eclipse/jetty/jetty-util/9.2.28.v20190418/jetty-util-9.2.28.v20190418.jar\:/home/rtx/repair/defects4j/framework/projects/Jsoup/lib/lib/org/hamcrest/hamcrest-core/1.3/hamcrest-core-1.3.jar\:/home/rtx/repair/defects4j/framework/projects/Jsoup/lib/org/eclipse/jetty/jetty-http/9.2.22.v20170606/jetty-http-9.2.22.v20170606.jar\:/home/rtx/repair/defects4j/framework/projects/Jsoup/lib/org/eclipse/jetty/jetty-http/9.2.26.v20180806/jetty-http-9.2.26.v20180806.jar\:/home/rtx/repair/defects4j/framework/projects/Jsoup/lib/org/eclipse/jetty/jetty-http/9.2.28.v20190418/jetty-http-9.2.28.v20190418.jar\:/home/rtx/repair/defects4j/framework/projects/Jsoup/lib/org/eclipse/jetty/jetty-io/9.2.22.v20170606/jetty-io-9.2.22.v20170606.jar\:/home/rtx/repair/defects4j/framework/projects/Jsoup/lib/org/eclipse/jetty/jetty-io/9.2.26.v20180806/jetty-io-9.2.26.v20180806.jar\:/home/rtx/repair/defects4j/framework/projects/Jsoup/lib/org/eclipse/jetty/jetty-io/9.2.28.v20190418/jetty-io-9.2.28.v20190418.jar\:/home/rtx/repair/defects4j/framework/projects/Jsoup/lib/org/eclipse/jetty/jetty-security/9.2.22.v20170606/jetty-security-9.2.22.v20170606.jar\:/home/rtx/repair/defects4j/framework/projects/Jsoup/lib/org/eclipse/jetty/jetty-security/9.2.26.v20180806/jetty-security-9.2.26.v20180806.jar\:/home/rtx/repair/defects4j/framework/projects/Jsoup/lib/org/eclipse/jetty/jetty-security/9.2.28.v20190418/jetty-security-9.2.28.v20190418.jar\:/home/rtx/repair/defects4j/framework/projects/Jsoup/lib/org/eclipse/jetty/jetty-server/9.2.22.v20170606/jetty-server-9.2.22.v20170606.jar\:/home/rtx/repair/defects4j/framework/projects/Jsoup/lib/org/eclipse/jetty/jetty-server/9.2.26.v20180806/jetty-server-9.2.26.v20180806.jar\:/home/rtx/repair/defects4j/framework/projects/Jsoup/lib/org/eclipse/jetty/jetty-server/9.2.28.v20190418/jetty-server-9.2.28.v20190418.jar\:/home/rtx/repair/defects4j/framework/projects/Jsoup/lib/org/eclipse/jetty/jetty-servlet/9.2.22.v20170606/jetty-servlet-9.2.22.v20170606.jar\:/home/rtx/repair/defects4j/framework/projects/Jsoup/lib/org/eclipse/jetty/jetty-servlet/9.2.26.v20180806/jetty-servlet-9.2.26.v20180806.jar\:/home/rtx/repair/defects4j/framework/projects/Jsoup/lib/org/eclipse/jetty/jetty-servlet/9.2.28.v20190418/jetty-servlet-9.2.28.v20190418.jar\:/home/rtx/repair/defects4j/framework/projects/Jsoup/lib/org/eclipse/jetty/jetty-util/9.2.22.v20170606/jetty-util-9.2.22.v20170606.jar\:/home/rtx/repair/defects4j/framework/projects/Jsoup/lib/org/eclipse/jetty/jetty-util/9.2.26.v20180806/jetty-util-9.2.26.v20180806.jar\:/home/rtx/repair/defects4j/framework/projects/Jsoup/lib/org/eclipse/jetty/jetty-util/9.2.28.v20190418/jetty-util-9.2.28.v20190418.jar\:/home/rtx/repair/defects4j/framework/projects/Jsoup/lib/org/hamcrest/hamcrest-core/1.3/hamcrest-core-1.3.jar\:/home/rtx/repair/d4j/Jsoup/21b/target/classes
crossover=onepoint
85 [main] INFO clegoues.genprog4java.main.Main  - Configuration file loaded
8173 [main] INFO clegoues.genprog4java.rep.CachingRepresentation  - loaded from source clegoues.genprog4java.java.ClassInfo@b797885
15070 [main] INFO clegoues.genprog4java.rep.CachingRepresentation  - loaded from source clegoues.genprog4java.java.ClassInfo@124969f9
15071 [main] INFO clegoues.genprog4java.rep.CachingRepresentation  - sanity checking begins
15624 [main] INFO clegoues.genprog4java.rep.CachingRepresentation  - Checking test number 1 out of 9
16097 [main] INFO clegoues.genprog4java.rep.CachingRepresentation  - true (1)

16098 [main] INFO clegoues.genprog4java.rep.CachingRepresentation  - Checking test number 2 out of 9
16338 [main] INFO clegoues.genprog4java.rep.CachingRepresentation  - true (1)

16339 [main] INFO clegoues.genprog4java.rep.CachingRepresentation  - Checking test number 3 out of 9
16587 [main] INFO clegoues.genprog4java.rep.CachingRepresentation  - true (1)

16588 [main] INFO clegoues.genprog4java.rep.CachingRepresentation  - Checking test number 4 out of 9
16820 [main] INFO clegoues.genprog4java.rep.CachingRepresentation  - true (1)

16821 [main] INFO clegoues.genprog4java.rep.CachingRepresentation  - Checking test number 5 out of 9
17025 [main] INFO clegoues.genprog4java.rep.CachingRepresentation  - true (1)

17025 [main] INFO clegoues.genprog4java.rep.CachingRepresentation  - Checking test number 6 out of 9
17231 [main] INFO clegoues.genprog4java.rep.CachingRepresentation  - true (1)

17231 [main] INFO clegoues.genprog4java.rep.CachingRepresentation  - Checking test number 7 out of 9
17521 [main] INFO clegoues.genprog4java.rep.CachingRepresentation  - true (1)

17521 [main] INFO clegoues.genprog4java.rep.CachingRepresentation  - Checking test number 8 out of 9
17738 [main] INFO clegoues.genprog4java.rep.CachingRepresentation  - true (1)

17738 [main] INFO clegoues.genprog4java.rep.CachingRepresentation  - Checking test number 9 out of 9
17975 [main] INFO clegoues.genprog4java.rep.CachingRepresentation  - true (1)

17975 [main] INFO clegoues.genprog4java.rep.CachingRepresentation  - 	n1: 
18250 [main] INFO clegoues.genprog4java.rep.CachingRepresentation  - false (0)

18250 [main] INFO clegoues.genprog4java.rep.CachingRepresentation  - 	n2: 
18513 [main] INFO clegoues.genprog4java.rep.CachingRepresentation  - false (0)

18514 [main] INFO clegoues.genprog4java.rep.CachingRepresentation  - sanity checking completed (time taken = 3443)
18514 [main] INFO clegoues.genprog4java.localization.DefaultLocalization  - Start Fault Localization
18536 [main] INFO clegoues.genprog4java.localization.DefaultLocalization  - Finish Fault Localization
18537 [main] INFO clegoues.genprog4java.Search.Search  - search: genetic algorithm begins

19346 [main] INFO clegoues.genprog4java.fitness.Fitness  - 	 gen: 0 1.0 original (stored at: variant0)
20019 [main] INFO clegoues.genprog4java.fitness.Fitness  - 	 gen: 0 1.0 StmtReplace(142,114) (stored at: variant1)
316928 [main] INFO clegoues.genprog4java.fitness.Fitness  - 	 gen: 0 0.0 StmtReplace(113,169) (stored at: variant2)
509023 [main] INFO clegoues.genprog4java.fitness.Fitness  - 	 gen: 0 0.0 StmtDelete(113) (stored at: variant3)
509084 [main] ERROR clegoues.genprog4java.rep.JavaRepresentation  - org/jsoup/select/QueryParser.java:239: error: cannot find symbol
        Validate.notEmpty(subQuery, ":has(el) subselect must not be empty");
                          ^
  symbol:   variable subQuery
  location: class QueryParser
org/jsoup/select/QueryParser.java:240: error: cannot find symbol
        evals.add(new StructuralEvaluator.Has(parse(subQuery)));
                                                    ^
  symbol:   variable subQuery
  location: class QueryParser
2 errors

509084 [main] INFO clegoues.genprog4java.rep.CachingRepresentation  - StmtDelete(182) at variant4 fails to compile

509085 [main] INFO clegoues.genprog4java.fitness.Fitness  - 	 gen: 0 0.0 StmtDelete(182) (stored at: variant4)
605374 [main] INFO clegoues.genprog4java.fitness.Fitness  - 	 gen: 0 1.0 StmtDelete(94) (stored at: variant5)
840186 [main] INFO clegoues.genprog4java.fitness.Fitness  - 	 gen: 0 0.0 StmtAppend(51,33) (stored at: variant6)
840274 [main] ERROR clegoues.genprog4java.rep.JavaRepresentation  - org/jsoup/select/CombiningEvaluator.java:77: error: missing return statement
        }
        ^
1 error

840274 [main] INFO clegoues.genprog4java.rep.CachingRepresentation  - StmtDelete(30) at variant7 fails to compile

840274 [main] INFO clegoues.genprog4java.fitness.Fitness  - 	 gen: 0 0.0 StmtDelete(30) (stored at: variant7)
840341 [main] ERROR clegoues.genprog4java.rep.JavaRepresentation  - org/jsoup/select/QueryParser.java:94: error: cannot find symbol
        Evaluator f = parse(subQuery);
                            ^
  symbol:   variable subQuery
  location: class QueryParser
1 error

840342 [main] INFO clegoues.genprog4java.rep.CachingRepresentation  - StmtAppend(72,120) at variant8 fails to compile

840342 [main] INFO clegoues.genprog4java.fitness.Fitness  - 	 gen: 0 0.0 StmtAppend(72,120) (stored at: variant8)
840957 [main] INFO clegoues.genprog4java.fitness.Fitness  - 	 gen: 0 1.0 StmtDelete(40) (stored at: variant9)
841002 [main] ERROR clegoues.genprog4java.rep.JavaRepresentation  - org/jsoup/select/QueryParser.java:166: error: incompatible types: unexpected return value
				return evals.get(0);
				                ^
1 error

841002 [main] INFO clegoues.genprog4java.rep.CachingRepresentation  - StmtAppend(137,67) at variant10 fails to compile

841002 [main] INFO clegoues.genprog4java.fitness.Fitness  - 	 gen: 0 0.0 StmtAppend(137,67) (stored at: variant10)
841551 [main] INFO clegoues.genprog4java.fitness.Fitness  - 	 gen: 0 1.0 StmtReplace(150,163) (stored at: variant11)
842330 [main] INFO clegoues.genprog4java.fitness.Fitness  - 	 gen: 0 0.0 StmtReplace(63,118) (stored at: variant12)
842927 [main] INFO clegoues.genprog4java.fitness.Fitness  - 	 gen: 0 1.0 StmtDelete(47) (stored at: variant13)
843808 [main] INFO clegoues.genprog4java.fitness.Fitness  - 	 gen: 0 1.0 StmtAppend(24,20) (stored at: variant14)
843852 [main] ERROR clegoues.genprog4java.rep.JavaRepresentation  - org/jsoup/select/CombiningEvaluator.java:73: error: call to super must be first statement in constructor
					super();
					     ^
1 error

843852 [main] INFO clegoues.genprog4java.rep.CachingRepresentation  - StmtReplace(29,18) at variant15 fails to compile

843853 [main] INFO clegoues.genprog4java.fitness.Fitness  - 	 gen: 0 0.0 StmtReplace(29,18) (stored at: variant15)
844508 [main] INFO clegoues.genprog4java.fitness.Fitness  - 	 gen: 0 1.0 StmtAppend(20,21) (stored at: variant16)
844545 [main] ERROR clegoues.genprog4java.rep.JavaRepresentation  - org/jsoup/select/QueryParser.java:191: error: cannot find symbol
        Validate.notEmpty(className);
                          ^
  symbol:   variable className
  location: class QueryParser
org/jsoup/select/QueryParser.java:192: error: cannot find symbol
        evals.add(new Evaluator.Class(className.trim().toLowerCase()));
                                      ^
  symbol:   variable className
  location: class QueryParser
2 errors

844545 [main] INFO clegoues.genprog4java.rep.CachingRepresentation  - StmtAppend(135,105) at variant17 fails to compile

844545 [main] INFO clegoues.genprog4java.fitness.Fitness  - 	 gen: 0 0.0 StmtAppend(135,105) (stored at: variant17)
844547 [main] INFO clegoues.genprog4java.fitness.Fitness  - 	 gen: 0 0.0 StmtDelete(182) (stored at: )
844598 [main] ERROR clegoues.genprog4java.rep.JavaRepresentation  - org/jsoup/select/QueryParser.java:97: error: cannot find symbol
            evals.add(new CombiningEvaluator.And(f, new StructuralEvaluator.ImmediateParent(e)));
                                                 ^
  symbol:   variable f
  location: class QueryParser
org/jsoup/select/QueryParser.java:99: error: cannot find symbol
            evals.add(new CombiningEvaluator.And(f, new StructuralEvaluator.Parent(e)));
                                                 ^
  symbol:   variable f
  location: class QueryParser
org/jsoup/select/QueryParser.java:101: error: cannot find symbol
            evals.add(new CombiningEvaluator.And(f, new StructuralEvaluator.ImmediatePreviousSibling(e)));
                                                 ^
  symbol:   variable f
  location: class QueryParser
org/jsoup/select/QueryParser.java:103: error: cannot find symbol
            evals.add(new CombiningEvaluator.And(f, new StructuralEvaluator.PreviousSibling(e)));
                                                 ^
  symbol:   variable f
  location: class QueryParser
4 errors

844598 [main] INFO clegoues.genprog4java.rep.CachingRepresentation  - StmtAppend(78,169) at variant18 fails to compile

844598 [main] INFO clegoues.genprog4java.fitness.Fitness  - 	 gen: 0 0.0 StmtAppend(78,169) (stored at: variant18)
845177 [main] INFO clegoues.genprog4java.fitness.Fitness  - 	 gen: 0 1.0 StmtDelete(54) (stored at: variant19)
845820 [main] INFO clegoues.genprog4java.fitness.Fitness  - 	 gen: 0 1.0 StmtReplace(41,40) (stored at: variant20)
845856 [main] ERROR clegoues.genprog4java.rep.JavaRepresentation  - org/jsoup/select/QueryParser.java:62: error: cannot find symbol
                evals.add(or);
                          ^
  symbol:   variable or
  location: class QueryParser
org/jsoup/select/QueryParser.java:65: error: cannot find symbol
                    or.add(parse(subQuery));
                    ^
  symbol:   variable or
  location: class QueryParser
2 errors

845856 [main] INFO clegoues.genprog4java.rep.CachingRepresentation  - StmtDelete(52) at variant21 fails to compile

845856 [main] INFO clegoues.genprog4java.fitness.Fitness  - 	 gen: 0 0.0 StmtDelete(52) (stored at: variant21)
845895 [main] ERROR clegoues.genprog4java.rep.JavaRepresentation  - org/jsoup/select/CombiningEvaluator.java:76: error: missing return statement
        }
        ^
1 error

845896 [main] INFO clegoues.genprog4java.rep.CachingRepresentation  - StmtReplace(30,22) at variant22 fails to compile

845896 [main] INFO clegoues.genprog4java.fitness.Fitness  - 	 gen: 0 0.0 StmtReplace(30,22) (stored at: variant22)
845931 [main] ERROR clegoues.genprog4java.rep.JavaRepresentation  - org/jsoup/select/QueryParser.java:92: error: cannot find symbol
        Evaluator f = parse(subQuery);
                            ^
  symbol:   variable subQuery
  location: class QueryParser
1 error

845932 [main] INFO clegoues.genprog4java.rep.CachingRepresentation  - StmtDelete(72) at variant23 fails to compile

845932 [main] INFO clegoues.genprog4java.fitness.Fitness  - 	 gen: 0 0.0 StmtDelete(72) (stored at: variant23)
846480 [main] INFO clegoues.genprog4java.fitness.Fitness  - 	 gen: 0 0.0 StmtReplace(140,64) (stored at: variant24)
847014 [main] INFO clegoues.genprog4java.fitness.Fitness  - 	 gen: 0 1.0 StmtAppend(22,22) (stored at: variant25)
1039053 [main] INFO clegoues.genprog4java.fitness.Fitness  - 	 gen: 0 0.0 StmtReplace(91,77) (stored at: variant26)
1039386 [main] INFO clegoues.genprog4java.fitness.Fitness  - 	 gen: 0 1.0 StmtReplace(91,53) (stored at: variant27)
1040277 [main] INFO clegoues.genprog4java.fitness.Fitness  - 	 gen: 0 1.0 StmtReplace(157,155) (stored at: variant28)
1040969 [main] INFO clegoues.genprog4java.fitness.Fitness  - 	 gen: 0 1.0 StmtAppend(183,42) (stored at: variant29)
1233021 [main] INFO clegoues.genprog4java.fitness.Fitness  - 	 gen: 0 0.0 StmtDelete(108) (stored at: variant30)
1233727 [main] INFO clegoues.genprog4java.fitness.Fitness  - 	 gen: 0 0.0 StmtAppend(48,117) (stored at: variant31)
1329972 [main] INFO clegoues.genprog4java.fitness.Fitness  - 	 gen: 0 1.0 StmtDelete(115) (stored at: variant32)
1330532 [main] INFO clegoues.genprog4java.fitness.Fitness  - 	 gen: 0 1.0 StmtReplace(136,46) (stored at: variant33)
1331058 [main] INFO clegoues.genprog4java.fitness.Fitness  - 	 gen: 0 1.0 StmtReplace(26,20) (stored at: variant34)
1331069 [main] ERROR clegoues.genprog4java.rep.JavaRepresentation  - org/jsoup/select/CombiningEvaluator.java:28: error: ';' expected
        And(Collection<Evaluator> evaluators) if (evaluators.size() > 1)
                                             ^
org/jsoup/select/CombiningEvaluator.java:30: error: illegal start of type
		else
		^
org/jsoup/select/CombiningEvaluator.java:30: error: ';' expected
		else
		    ^
org/jsoup/select/CombiningEvaluator.java:31: error: illegal start of type
			this.evaluators.addAll(evaluators);
			    ^
org/jsoup/select/CombiningEvaluator.java:31: error: ';' expected
			this.evaluators.addAll(evaluators);
			               ^
org/jsoup/select/CombiningEvaluator.java:31: error: invalid method declaration; return type required
			this.evaluators.addAll(evaluators);
			                ^
org/jsoup/select/CombiningEvaluator.java:31: error: <identifier> expected
			this.evaluators.addAll(evaluators);
			                                 ^
7 errors

1331069 [main] INFO clegoues.genprog4java.rep.CachingRepresentation  - StmtReplace(6,20) at variant35 fails to compile

1331070 [main] INFO clegoues.genprog4java.fitness.Fitness  - 	 gen: 0 0.0 StmtReplace(6,20) (stored at: variant35)
1331100 [main] ERROR clegoues.genprog4java.rep.JavaRepresentation  - org/jsoup/select/CombiningEvaluator.java:71: error: call to super must be first statement in constructor
            {for (Evaluator s:evaluators){if (s.matches(root,node))return true;}{super(evaluators);}}
                                                                                      ^
1 error

1331100 [main] INFO clegoues.genprog4java.rep.CachingRepresentation  - StmtAppend(26,6) at variant36 fails to compile

1331100 [main] INFO clegoues.genprog4java.fitness.Fitness  - 	 gen: 0 0.0 StmtAppend(26,6) (stored at: variant36)
1331656 [main] INFO clegoues.genprog4java.fitness.Fitness  - 	 gen: 0 1.0 StmtAppend(165,119) (stored at: variant37)
1332193 [main] INFO clegoues.genprog4java.fitness.Fitness  - 	 gen: 0 0.0 StmtReplace(68,109) (stored at: variant38)
1332194 [main] INFO clegoues.genprog4java.Search.Search  - search: generation1
1333133 [main] INFO clegoues.genprog4java.fitness.Fitness  - 	 gen: 1 1.0 StmtReplace(157,155) StmtReplace(79,108) (stored at: variant39)
1429369 [main] INFO clegoues.genprog4java.fitness.Fitness  - 	 gen: 1 1.0 StmtDelete(107) (stored at: variant40)
1429874 [main] INFO clegoues.genprog4java.fitness.Fitness  - 	 gen: 1 1.0 StmtReplace(157,155) StmtReplace(54,125) (stored at: variant41)
1430593 [main] INFO clegoues.genprog4java.fitness.Fitness  - 	 gen: 1 0.0 StmtAppend(94,127) (stored at: variant42)
1622641 [main] INFO clegoues.genprog4java.fitness.Fitness  - 	 gen: 1 0.0 StmtReplace(91,53) StmtAppend(108,119) (stored at: variant43)
1622671 [main] ERROR clegoues.genprog4java.rep.JavaRepresentation  - org/jsoup/select/QueryParser.java:96: error: variable e might not have been initialized
            evals.add(new CombiningEvaluator.And(f, new StructuralEvaluator.ImmediateParent(e)));
                                                                                            ^
org/jsoup/select/QueryParser.java:98: error: variable e might not have been initialized
            evals.add(new CombiningEvaluator.And(f, new StructuralEvaluator.Parent(e)));
                                                                                   ^
org/jsoup/select/QueryParser.java:100: error: variable e might not have been initialized
            evals.add(new CombiningEvaluator.And(f, new StructuralEvaluator.ImmediatePreviousSibling(e)));
                                                                                                     ^
org/jsoup/select/QueryParser.java:102: error: variable e might not have been initialized
            evals.add(new CombiningEvaluator.And(f, new StructuralEvaluator.PreviousSibling(e)));
                                                                                            ^
4 errors

1622671 [main] INFO clegoues.genprog4java.rep.CachingRepresentation  - StmtAppend(183,42) StmtReplace(74,41) at variant44 fails to compile

1622671 [main] INFO clegoues.genprog4java.fitness.Fitness  - 	 gen: 1 0.0 StmtAppend(183,42) StmtReplace(74,41) (stored at: variant44)
1622703 [main] ERROR clegoues.genprog4java.rep.JavaRepresentation  - org/jsoup/select/CombiningEvaluator.java:30: error: call to super must be first statement in constructor
				super(evaluators);
				     ^
1 error

1622703 [main] INFO clegoues.genprog4java.rep.CachingRepresentation  - StmtAppend(6,21) at variant45 fails to compile

1622703 [main] INFO clegoues.genprog4java.fitness.Fitness  - 	 gen: 1 0.0 StmtAppend(6,21) (stored at: variant45)
1623248 [main] INFO clegoues.genprog4java.fitness.Fitness  - 	 gen: 1 1.0 StmtDelete(40) StmtReplace(190,48) (stored at: variant46)
1623822 [main] INFO clegoues.genprog4java.fitness.Fitness  - 	 gen: 1 1.0 StmtDelete(47) StmtAppend(151,163) (stored at: variant47)
1623856 [main] ERROR clegoues.genprog4java.rep.JavaRepresentation  - org/jsoup/select/CombiningEvaluator.java:37: error: unreachable statement
        public boolean matches(Element root, Element node) {{for (Evaluator s:evaluators){if (!s.matches(root,node))return false;}return true;}if (evaluators.size() > 1)this.evaluators.add(new And(evaluators)); else this.evaluators.addAll(evaluators);}
                                                                                                                                               ^
org/jsoup/select/CombiningEvaluator.java:37: error: missing return statement
        public boolean matches(Element root, Element node) {{for (Evaluator s:evaluators){if (!s.matches(root,node))return false;}return true;}if (evaluators.size() > 1)this.evaluators.add(new And(evaluators)); else this.evaluators.addAll(evaluators);}
                                                                                                                                                                                                                                                           ^
2 errors

1623856 [main] INFO clegoues.genprog4java.rep.CachingRepresentation  - StmtDelete(115) StmtAppend(10,20) at variant48 fails to compile

1623856 [main] INFO clegoues.genprog4java.fitness.Fitness  - 	 gen: 1 0.0 StmtDelete(115) StmtAppend(10,20) (stored at: variant48)
1624694 [main] INFO clegoues.genprog4java.fitness.Fitness  - 	 gen: 1 0.0 StmtAppend(183,42) StmtReplace(61,97) (stored at: variant49)
1849412 [main] INFO clegoues.genprog4java.fitness.Fitness  - 	 gen: 1 0.0 StmtAppend(22,22) StmtAppend(59,35) (stored at: variant50)
1849979 [main] INFO clegoues.genprog4java.fitness.Fitness  - 	 gen: 1 1.0 StmtReplace(83,44) (stored at: variant51)
1850564 [main] INFO clegoues.genprog4java.fitness.Fitness  - 	 gen: 1 0.0 StmtReplace(91,53) StmtAppend(34,47) (stored at: variant52)
1851126 [main] INFO clegoues.genprog4java.fitness.Fitness  - 	 gen: 1 1.0 StmtReplace(142,114) StmtAppend(119,40) (stored at: variant53)
1851719 [main] INFO clegoues.genprog4java.fitness.Fitness  - 	 gen: 1 1.0 StmtDelete(40) StmtDelete(184) (stored at: variant54)
1947995 [main] INFO clegoues.genprog4java.fitness.Fitness  - 	 gen: 1 1.0 StmtReplace(136,46) StmtDelete(91) (stored at: variant55)
1948030 [main] ERROR clegoues.genprog4java.rep.JavaRepresentation  - org/jsoup/select/QueryParser.java:91: error: variable e might not have been initialized
            evals.add(new CombiningEvaluator.And(f, new StructuralEvaluator.ImmediateParent(e)));
                                                                                            ^
org/jsoup/select/QueryParser.java:93: error: variable e might not have been initialized
            evals.add(new CombiningEvaluator.And(f, new StructuralEvaluator.Parent(e)));
                                                                                   ^
org/jsoup/select/QueryParser.java:95: error: variable e might not have been initialized
            evals.add(new CombiningEvaluator.And(f, new StructuralEvaluator.ImmediatePreviousSibling(e)));
                                                                                                     ^
org/jsoup/select/QueryParser.java:97: error: variable e might not have been initialized
            evals.add(new CombiningEvaluator.And(f, new StructuralEvaluator.PreviousSibling(e)));
                                                                                            ^
4 errors

1948031 [main] INFO clegoues.genprog4java.rep.CachingRepresentation  - StmtReplace(136,46) StmtReplace(74,34) at variant56 fails to compile

1948031 [main] INFO clegoues.genprog4java.fitness.Fitness  - 	 gen: 1 0.0 StmtReplace(136,46) StmtReplace(74,34) (stored at: variant56)
1948691 [main] INFO clegoues.genprog4java.fitness.Fitness  - 	 gen: 1 1.0 StmtReplace(136,46) StmtDelete(169) (stored at: variant57)
1949218 [main] INFO clegoues.genprog4java.fitness.Fitness  - 	 gen: 1 0.0 StmtDelete(47) StmtAppend(103,124) (stored at: variant58)
2141255 [main] INFO clegoues.genprog4java.fitness.Fitness  - 	 gen: 1 0.0 StmtAppend(20,21) StmtDelete(103) (stored at: variant59)
2141934 [main] INFO clegoues.genprog4java.fitness.Fitness  - 	 gen: 1 0.0 StmtAppend(183,42) StmtAppend(75,118) (stored at: variant60)
2141974 [main] ERROR clegoues.genprog4java.rep.JavaRepresentation  - org/jsoup/select/QueryParser.java:36: error: non-static variable tq cannot be referenced from a static context
        if (tq.matches(":containsOwn("))
            ^
org/jsoup/select/QueryParser.java:37: error: non-static method contains(boolean) cannot be referenced from a static context
			contains(true);
			^
org/jsoup/select/QueryParser.java:38: error: non-static variable tq cannot be referenced from a static context
		else if (tq.matches(":matches("))
		         ^
org/jsoup/select/QueryParser.java:39: error: non-static method matches(boolean) cannot be referenced from a static context
			matches(false);
			^
org/jsoup/select/QueryParser.java:40: error: non-static variable tq cannot be referenced from a static context
		else if (tq.matches(":matchesOwn("))
		         ^
org/jsoup/select/QueryParser.java:41: error: non-static method matches(boolean) cannot be referenced from a static context
			matches(true);
			^
org/jsoup/select/QueryParser.java:42: error: non-static variable tq cannot be referenced from a static context
		else if (tq.matches(":not("))
		         ^
org/jsoup/select/QueryParser.java:43: error: non-static method not() cannot be referenced from a static context
			not();
			^
org/jsoup/select/QueryParser.java:46: error: non-static variable tq cannot be referenced from a static context
					tq.remainder());
					^
org/jsoup/select/QueryParser.java:47: error: cannot find symbol
        return p.parse();
               ^
  symbol:   variable p
  location: class QueryParser
10 errors

2141975 [main] INFO clegoues.genprog4java.rep.CachingRepresentation  - StmtAppend(20,21) StmtReplace(37,121) at variant61 fails to compile

2141975 [main] INFO clegoues.genprog4java.fitness.Fitness  - 	 gen: 1 0.0 StmtAppend(20,21) StmtReplace(37,121) (stored at: variant61)
2142032 [main] ERROR clegoues.genprog4java.rep.JavaRepresentation  - org/jsoup/select/QueryParser.java:94: error: variable e might not have been initialized
            evals.add(new CombiningEvaluator.And(f, new StructuralEvaluator.ImmediateParent(e)));
                                                                                            ^
org/jsoup/select/QueryParser.java:96: error: variable e might not have been initialized
            evals.add(new CombiningEvaluator.And(f, new StructuralEvaluator.Parent(e)));
                                                                                   ^
org/jsoup/select/QueryParser.java:98: error: variable e might not have been initialized
            evals.add(new CombiningEvaluator.And(f, new StructuralEvaluator.ImmediatePreviousSibling(e)));
                                                                                                     ^
org/jsoup/select/QueryParser.java:100: error: variable e might not have been initialized
            evals.add(new CombiningEvaluator.And(f, new StructuralEvaluator.PreviousSibling(e)));
                                                                                            ^
4 errors

2142032 [main] INFO clegoues.genprog4java.rep.CachingRepresentation  - StmtAppend(165,119) StmtDelete(76) at variant62 fails to compile

2142033 [main] INFO clegoues.genprog4java.fitness.Fitness  - 	 gen: 1 0.0 StmtAppend(165,119) StmtDelete(76) (stored at: variant62)
2238262 [main] INFO clegoues.genprog4java.fitness.Fitness  - 	 gen: 1 1.0 StmtReplace(91,53) StmtDelete(140) (stored at: variant63)
2238285 [main] ERROR clegoues.genprog4java.rep.JavaRepresentation  - org/jsoup/select/QueryParser.java:80: error: missing return statement
    }
    ^
1 error

2238285 [main] INFO clegoues.genprog4java.rep.CachingRepresentation  - StmtReplace(142,114) StmtDelete(69) at variant64 fails to compile

2238285 [main] INFO clegoues.genprog4java.fitness.Fitness  - 	 gen: 1 0.0 StmtReplace(142,114) StmtDelete(69) (stored at: variant64)
2238805 [main] INFO clegoues.genprog4java.fitness.Fitness  - 	 gen: 1 1.0 StmtDelete(68) (stored at: variant65)
2238829 [main] ERROR clegoues.genprog4java.rep.JavaRepresentation  - org/jsoup/select/CombiningEvaluator.java:72: error: call to super must be first statement in constructor
				super(evaluators);
				     ^
1 error

2238829 [main] INFO clegoues.genprog4java.rep.CachingRepresentation  - StmtReplace(26,6) at variant66 fails to compile

2238829 [main] INFO clegoues.genprog4java.fitness.Fitness  - 	 gen: 1 0.0 StmtReplace(26,6) (stored at: variant66)
2239381 [main] INFO clegoues.genprog4java.fitness.Fitness  - 	 gen: 1 1.0 StmtDelete(40) StmtDelete(23) (stored at: variant67)
2239875 [main] INFO clegoues.genprog4java.fitness.Fitness  - 	 gen: 1 1.0 StmtDelete(202) (stored at: variant68)
2240394 [main] INFO clegoues.genprog4java.fitness.Fitness  - 	 gen: 1 0.0 StmtAppend(20,21) StmtReplace(56,119) (stored at: variant69)
2240932 [main] INFO clegoues.genprog4java.fitness.Fitness  - 	 gen: 1 0.0 StmtReplace(41,40) StmtReplace(137,34) (stored at: variant70)
2241484 [main] INFO clegoues.genprog4java.fitness.Fitness  - 	 gen: 1 1.0 StmtReplace(142,114) StmtAppend(90,66) (stored at: variant71)
2242030 [main] INFO clegoues.genprog4java.fitness.Fitness  - 	 gen: 1 1.0 StmtReplace(41,40) StmtReplace(184,171) (stored at: variant72)
2242061 [main] ERROR clegoues.genprog4java.rep.JavaRepresentation  - org/jsoup/select/QueryParser.java:87: error: cannot find symbol
            } else if (seenWhite) {
                       ^
  symbol:   variable seenWhite
  location: class QueryParser
org/jsoup/select/QueryParser.java:87: error: illegal start of type
            } else if (seenWhite) {
                      ^
2 errors

2242061 [main] INFO clegoues.genprog4java.rep.CachingRepresentation  - StmtAppend(24,20) StmtReplace(49,111) at variant73 fails to compile

2242061 [main] INFO clegoues.genprog4java.fitness.Fitness  - 	 gen: 1 0.0 StmtAppend(24,20) StmtReplace(49,111) (stored at: variant73)
2242645 [main] INFO clegoues.genprog4java.fitness.Fitness  - 	 gen: 1 0.0 StmtAppend(183,42) StmtReplace(150,160) (stored at: variant74)
2243172 [main] INFO clegoues.genprog4java.fitness.Fitness  - 	 gen: 1 1.0 StmtAppend(24,20) StmtAppend(113,120) (stored at: variant75)
2435210 [main] INFO clegoues.genprog4java.fitness.Fitness  - 	 gen: 1 0.0 StmtDelete(115) StmtAppend(75,40) (stored at: variant76)
2435977 [main] INFO clegoues.genprog4java.fitness.Fitness  - 	 gen: 1 0.0 StmtAppend(183,42) StmtAppend(71,121) (stored at: variant77)
2532288 [main] INFO clegoues.genprog4java.fitness.Fitness  - 	 gen: 1 1.0 StmtDelete(115) StmtDelete(169) (stored at: variant78)
2532936 [main] INFO clegoues.genprog4java.fitness.Fitness  - 	 gen: 1 1.0 StmtAppend(124,116) (stored at: variant79)
2533494 [main] INFO clegoues.genprog4java.fitness.Fitness  - 	 gen: 1 1.0 StmtReplace(155,163) (stored at: variant80)
2533522 [main] ERROR clegoues.genprog4java.rep.JavaRepresentation  - org/jsoup/select/QueryParser.java:239: error: cannot find symbol
        Validate.notEmpty(subQuery, ":has(el) subselect must not be empty");
                          ^
  symbol:   variable subQuery
  location: class QueryParser
org/jsoup/select/QueryParser.java:240: error: cannot find symbol
        evals.add(new StructuralEvaluator.Has(parse(subQuery)));
                                                    ^
  symbol:   variable subQuery
  location: class QueryParser
2 errors

2533522 [main] INFO clegoues.genprog4java.rep.CachingRepresentation  - StmtDelete(182) at variant81 fails to compile

2533522 [main] INFO clegoues.genprog4java.fitness.Fitness  - 	 gen: 1 0.0 StmtDelete(182) (stored at: variant81)
2533720 [main] ERROR clegoues.genprog4java.rep.JavaRepresentation  - org/jsoup/select/QueryParser.java:94: error: variable e might not have been initialized
            evals.add(new CombiningEvaluator.And(f, new StructuralEvaluator.ImmediateParent(e)));
                                                                                            ^
org/jsoup/select/QueryParser.java:96: error: variable e might not have been initialized
            evals.add(new CombiningEvaluator.And(f, new StructuralEvaluator.Parent(e)));
                                                                                   ^
org/jsoup/select/QueryParser.java:98: error: variable e might not have been initialized
            evals.add(new CombiningEvaluator.And(f, new StructuralEvaluator.ImmediatePreviousSibling(e)));
                                                                                                     ^
org/jsoup/select/QueryParser.java:100: error: variable e might not have been initialized
            evals.add(new CombiningEvaluator.And(f, new StructuralEvaluator.PreviousSibling(e)));
                                                                                            ^
4 errors

2533720 [main] INFO clegoues.genprog4java.rep.CachingRepresentation  - StmtReplace(74,33) at variant82 fails to compile

2533720 [main] INFO clegoues.genprog4java.fitness.Fitness  - 	 gen: 1 0.0 StmtReplace(74,33) (stored at: variant82)
2533751 [main] ERROR clegoues.genprog4java.rep.JavaRepresentation  - org/jsoup/select/QueryParser.java:176: error: cannot find symbol
        Validate.notEmpty(id);
                          ^
  symbol:   variable id
  location: class QueryParser
org/jsoup/select/QueryParser.java:177: error: cannot find symbol
        evals.add(new Evaluator.Id(id));
                                   ^
  symbol:   variable id
  location: class QueryParser
2 errors

2533751 [main] INFO clegoues.genprog4java.rep.CachingRepresentation  - StmtReplace(131,111) at variant83 fails to compile

2533751 [main] INFO clegoues.genprog4java.fitness.Fitness  - 	 gen: 1 0.0 StmtReplace(131,111) (stored at: variant83)
2534320 [main] INFO clegoues.genprog4java.fitness.Fitness  - 	 gen: 1 1.0 StmtAppend(109,114) (stored at: variant84)
2534913 [main] INFO clegoues.genprog4java.fitness.Fitness  - 	 gen: 1 1.0 StmtReplace(84,119) (stored at: variant85)
2535572 [main] INFO clegoues.genprog4java.fitness.Fitness  - 	 gen: 1 1.0 StmtAppend(196,41) (stored at: variant86)
2631828 [main] INFO clegoues.genprog4java.fitness.Fitness  - 	 gen: 1 1.0 StmtReplace(124,53) (stored at: variant87)
2632730 [main] INFO clegoues.genprog4java.fitness.Fitness  - 	 gen: 1 0.0 StmtAppend(105,48) (stored at: variant88)
2633324 [main] INFO clegoues.genprog4java.fitness.Fitness  - 	 gen: 1 1.0 StmtDelete(184) (stored at: variant89)
2633354 [main] ERROR clegoues.genprog4java.rep.JavaRepresentation  - org/jsoup/select/QueryParser.java:95: error: cannot find symbol
            evals.add(new CombiningEvaluator.And(f, new StructuralEvaluator.ImmediateParent(e)));
                                                 ^
  symbol:   variable f
  location: class QueryParser
org/jsoup/select/QueryParser.java:97: error: cannot find symbol
            evals.add(new CombiningEvaluator.And(f, new StructuralEvaluator.Parent(e)));
                                                 ^
  symbol:   variable f
  location: class QueryParser
org/jsoup/select/QueryParser.java:99: error: cannot find symbol
            evals.add(new CombiningEvaluator.And(f, new StructuralEvaluator.ImmediatePreviousSibling(e)));
                                                 ^
  symbol:   variable f
  location: class QueryParser
org/jsoup/select/QueryParser.java:101: error: cannot find symbol
            evals.add(new CombiningEvaluator.And(f, new StructuralEvaluator.PreviousSibling(e)));
                                                 ^
  symbol:   variable f
  location: class QueryParser
4 errors

2633354 [main] INFO clegoues.genprog4java.rep.CachingRepresentation  - StmtDelete(78) at variant90 fails to compile

2633354 [main] INFO clegoues.genprog4java.fitness.Fitness  - 	 gen: 1 0.0 StmtDelete(78) (stored at: variant90)
2633396 [main] ERROR clegoues.genprog4java.rep.JavaRepresentation  - org/jsoup/select/CombiningEvaluator.java:19: error: call to super must be first statement in constructor
        {evaluators=new ArrayList<Evaluator>();{super();if (evaluators.size() > 1)this.evaluators.add(new And(evaluators)); else this.evaluators.addAll(evaluators);}}
                                                     ^
1 error

2633396 [main] INFO clegoues.genprog4java.rep.CachingRepresentation  - StmtAppend(2,18) at variant91 fails to compile

2633396 [main] INFO clegoues.genprog4java.fitness.Fitness  - 	 gen: 1 0.0 StmtAppend(2,18) (stored at: variant91)
2633968 [main] INFO clegoues.genprog4java.fitness.Fitness  - 	 gen: 1 1.0 StmtDelete(163) (stored at: variant92)
2633993 [main] ERROR clegoues.genprog4java.rep.JavaRepresentation  - org/jsoup/select/QueryParser.java:270: error: cannot find symbol
        Validate.notEmpty(subQuery, ":not(selector) subselect must not be empty");
                          ^
  symbol:   variable subQuery
  location: class QueryParser
org/jsoup/select/QueryParser.java:272: error: cannot find symbol
        evals.add(new StructuralEvaluator.Not(parse(subQuery)));
                                                    ^
  symbol:   variable subQuery
  location: class QueryParser
2 errors

2633993 [main] INFO clegoues.genprog4java.rep.CachingRepresentation  - StmtDelete(201) at variant93 fails to compile

2633993 [main] INFO clegoues.genprog4java.fitness.Fitness  - 	 gen: 1 0.0 StmtDelete(201) (stored at: variant93)
2634017 [main] ERROR clegoues.genprog4java.rep.JavaRepresentation  - org/jsoup/select/QueryParser.java:231: error: cannot find symbol
        Validate.isTrue(StringUtil.isNumeric(indexS), "Index must be numeric");
                                             ^
  symbol:   variable indexS
  location: class QueryParser
org/jsoup/select/QueryParser.java:232: error: cannot find symbol
        return Integer.parseInt(indexS);
                                ^
  symbol:   variable indexS
  location: class QueryParser
2 errors

2634017 [main] INFO clegoues.genprog4java.rep.CachingRepresentation  - StmtDelete(177) at variant94 fails to compile

2634017 [main] INFO clegoues.genprog4java.fitness.Fitness  - 	 gen: 1 0.0 StmtDelete(177) (stored at: variant94)
2634883 [main] INFO clegoues.genprog4java.fitness.Fitness  - 	 gen: 1 0.0 StmtDelete(149) (stored at: variant95)
2634908 [main] ERROR clegoues.genprog4java.rep.JavaRepresentation  - org/jsoup/select/QueryParser.java:168: error: cannot find symbol
        Validate.notEmpty(tagName);
                          ^
  symbol:   variable tagName
  location: class QueryParser
org/jsoup/select/QueryParser.java:171: error: cannot find symbol
        if (tagName.contains("|"))
            ^
  symbol:   variable tagName
  location: class QueryParser
org/jsoup/select/QueryParser.java:172: error: cannot find symbol
            tagName = tagName.replace("|", ":");
            ^
  symbol:   variable tagName
  location: class QueryParser
org/jsoup/select/QueryParser.java:172: error: cannot find symbol
            tagName = tagName.replace("|", ":");
                      ^
  symbol:   variable tagName
  location: class QueryParser
org/jsoup/select/QueryParser.java:174: error: cannot find symbol
        evals.add(new Evaluator.Tag(tagName.trim().toLowerCase()));
                                    ^
  symbol:   variable tagName
  location: class QueryParser
5 errors

2634908 [main] INFO clegoues.genprog4java.rep.CachingRepresentation  - StmtReplace(139,71) at variant96 fails to compile

2634908 [main] INFO clegoues.genprog4java.fitness.Fitness  - 	 gen: 1 0.0 StmtReplace(139,71) (stored at: variant96)
2634937 [main] ERROR clegoues.genprog4java.rep.JavaRepresentation  - org/jsoup/select/QueryParser.java:31: error: incompatible types: unexpected return value
			return evals.get(0);
			                ^
1 error

2634937 [main] INFO clegoues.genprog4java.rep.CachingRepresentation  - StmtAppend(33,67) at variant97 fails to compile

2634937 [main] INFO clegoues.genprog4java.fitness.Fitness  - 	 gen: 1 0.0 StmtAppend(33,67) (stored at: variant97)
2635793 [main] INFO clegoues.genprog4java.fitness.Fitness  - 	 gen: 1 0.0 StmtDelete(104) (stored at: variant98)
2635794 [main] INFO clegoues.genprog4java.fitness.Fitness  - 	 gen: 1 0.0 StmtDelete(78) (stored at: )
2636411 [main] INFO clegoues.genprog4java.fitness.Fitness  - 	 gen: 1 1.0 StmtAppend(153,163) (stored at: variant99)
2636434 [main] ERROR clegoues.genprog4java.rep.JavaRepresentation  - org/jsoup/select/QueryParser.java:154: error: incompatible types: unexpected return value
				return evals.get(0);
				                ^
1 error

2636434 [main] INFO clegoues.genprog4java.rep.CachingRepresentation  - StmtAppend(125,67) at variant100 fails to compile

2636434 [main] INFO clegoues.genprog4java.fitness.Fitness  - 	 gen: 1 0.0 StmtAppend(125,67) (stored at: variant100)
2637006 [main] INFO clegoues.genprog4java.fitness.Fitness  - 	 gen: 1 1.0 StmtReplace(118,118) (stored at: variant101)
2637006 [main] INFO clegoues.genprog4java.Search.Search  - search: generation2
2637040 [main] ERROR clegoues.genprog4java.rep.JavaRepresentation  - org/jsoup/select/QueryParser.java:95: error: cannot find symbol
            evals.add(new CombiningEvaluator.And(f, new StructuralEvaluator.ImmediateParent(e)));
                                                 ^
  symbol:   variable f
  location: class QueryParser
org/jsoup/select/QueryParser.java:97: error: cannot find symbol
            evals.add(new CombiningEvaluator.And(f, new StructuralEvaluator.Parent(e)));
                                                 ^
  symbol:   variable f
  location: class QueryParser
org/jsoup/select/QueryParser.java:99: error: cannot find symbol
            evals.add(new CombiningEvaluator.And(f, new StructuralEvaluator.ImmediatePreviousSibling(e)));
                                                 ^
  symbol:   variable f
  location: class QueryParser
org/jsoup/select/QueryParser.java:101: error: cannot find symbol
            evals.add(new CombiningEvaluator.And(f, new StructuralEvaluator.PreviousSibling(e)));
                                                 ^
  symbol:   variable f
  location: class QueryParser
4 errors

2637640 [main] ERROR clegoues.genprog4java.rep.JavaRepresentation  - org/jsoup/select/QueryParser.java:182: error: cannot find symbol
        evals.add(new Evaluator.Class(className.trim().toLowerCase()));
                                      ^
  symbol:   variable className
  location: class QueryParser
1 error

2637640 [main] INFO clegoues.genprog4java.rep.CachingRepresentation  - StmtReplace(136,46) StmtDelete(91) StmtAppend(135,107) at variant102 fails to compile

2637640 [main] INFO clegoues.genprog4java.fitness.Fitness  - 	 gen: 2 0.0 StmtReplace(136,46) StmtDelete(91) StmtAppend(135,107) (stored at: variant102)
2733923 [main] INFO clegoues.genprog4java.fitness.Fitness  - 	 gen: 2 1.0 StmtReplace(124,53) StmtAppend(133,40) (stored at: variant103)
2733952 [main] ERROR clegoues.genprog4java.rep.JavaRepresentation  - org/jsoup/select/QueryParser.java:251: error: cannot find symbol
        Validate.notEmpty(searchText, ":contains(text) query must not be empty");
                          ^
  symbol:   variable searchText
  location: class QueryParser
org/jsoup/select/QueryParser.java:253: error: cannot find symbol
            evals.add(new Evaluator.ContainsOwnText(searchText));
                                                    ^
  symbol:   variable searchText
  location: class QueryParser
org/jsoup/select/QueryParser.java:255: error: cannot find symbol
            evals.add(new Evaluator.ContainsText(searchText));
                                                 ^
  symbol:   variable searchText
  location: class QueryParser
3 errors

2733952 [main] INFO clegoues.genprog4java.rep.CachingRepresentation  - StmtAppend(109,114) StmtDelete(187) at variant104 fails to compile

2733952 [main] INFO clegoues.genprog4java.fitness.Fitness  - 	 gen: 2 0.0 StmtAppend(109,114) StmtDelete(187) (stored at: variant104)
2734572 [main] INFO clegoues.genprog4java.fitness.Fitness  - 	 gen: 2 0.0 StmtAppend(153,163) StmtAppend(109,53) (stored at: variant105)
2734616 [main] ERROR clegoues.genprog4java.rep.JavaRepresentation  - org/jsoup/select/QueryParser.java:39: error: non-static variable tq cannot be referenced from a static context
				boolean seenWhite = tq.consumeWhitespace();
				                    ^
org/jsoup/select/QueryParser.java:40: error: non-static variable tq cannot be referenced from a static context
				if (tq.matchChomp(",")) {
				    ^
org/jsoup/select/QueryParser.java:41: error: non-static variable evals cannot be referenced from a static context
					CombiningEvaluator.Or or = new CombiningEvaluator.Or(evals);
					                                                     ^
org/jsoup/select/QueryParser.java:42: error: non-static variable evals cannot be referenced from a static context
					evals.clear();
					^
org/jsoup/select/QueryParser.java:43: error: non-static variable evals cannot be referenced from a static context
					evals.add(or);
					^
org/jsoup/select/QueryParser.java:44: error: non-static variable tq cannot be referenced from a static context
					while (!tq.isEmpty()) {
					        ^
org/jsoup/select/QueryParser.java:45: error: non-static variable tq cannot be referenced from a static context
						String subQuery = tq.chompTo(",");
						                  ^
org/jsoup/select/QueryParser.java:48: error: non-static variable tq cannot be referenced from a static context
				} else if (tq.matchesAny(combinators)) {
				           ^
org/jsoup/select/QueryParser.java:49: error: non-static variable tq cannot be referenced from a static context
					combinator(tq.consume());
					           ^
org/jsoup/select/QueryParser.java:49: error: non-static method combinator(char) cannot be referenced from a static context
					combinator(tq.consume());
					^
org/jsoup/select/QueryParser.java:51: error: non-static method combinator(char) cannot be referenced from a static context
					combinator(' ');
					^
org/jsoup/select/QueryParser.java:53: error: non-static method findElements() cannot be referenced from a static context
					findElements();
					^
org/jsoup/select/QueryParser.java:57: error: cannot find symbol
        return p.parse();
               ^
  symbol:   variable p
  location: class QueryParser
13 errors

2734617 [main] INFO clegoues.genprog4java.rep.CachingRepresentation  - StmtReplace(136,46) StmtDelete(169) StmtAppend(37,48) at variant106 fails to compile

2734617 [main] INFO clegoues.genprog4java.fitness.Fitness  - 	 gen: 2 0.0 StmtReplace(136,46) StmtDelete(169) StmtAppend(37,48) (stored at: variant106)
2735231 [main] INFO clegoues.genprog4java.fitness.Fitness  - 	 gen: 2 1.0 StmtAppend(109,114) StmtReplace(20,20) (stored at: variant107)
2735824 [main] INFO clegoues.genprog4java.fitness.Fitness  - 	 gen: 2 1.0 StmtDelete(40) StmtDelete(184) StmtAppend(163,108) (stored at: variant108)
2735847 [main] ERROR clegoues.genprog4java.rep.JavaRepresentation  - org/jsoup/select/QueryParser.java:174: error: incompatible types: unexpected return value
				return evals.get(0);
				                ^
1 error

2735847 [main] INFO clegoues.genprog4java.rep.CachingRepresentation  - StmtReplace(118,118) StmtAppend(141,67) at variant109 fails to compile

2735847 [main] INFO clegoues.genprog4java.fitness.Fitness  - 	 gen: 2 0.0 StmtReplace(118,118) StmtAppend(141,67) (stored at: variant109)
2735878 [main] ERROR clegoues.genprog4java.rep.JavaRepresentation  - org/jsoup/select/CombiningEvaluator.java:19: error: call to super must be first statement in constructor
			super();
			     ^
1 error

2735878 [main] INFO clegoues.genprog4java.rep.CachingRepresentation  - StmtReplace(41,40) StmtReplace(184,171) StmtAppend(1,22) at variant110 fails to compile

2735878 [main] INFO clegoues.genprog4java.fitness.Fitness  - 	 gen: 2 0.0 StmtReplace(41,40) StmtReplace(184,171) StmtAppend(1,22) (stored at: variant110)
2735911 [main] ERROR clegoues.genprog4java.rep.JavaRepresentation  - org/jsoup/select/QueryParser.java:201: error: cannot find symbol
        Validate.notEmpty(tagName);
                          ^
  symbol:   variable tagName
  location: class QueryParser
org/jsoup/select/QueryParser.java:204: error: cannot find symbol
        if (tagName.contains("|"))
            ^
  symbol:   variable tagName
  location: class QueryParser
org/jsoup/select/QueryParser.java:205: error: cannot find symbol
            tagName = tagName.replace("|", ":");
            ^
  symbol:   variable tagName
  location: class QueryParser
org/jsoup/select/QueryParser.java:205: error: cannot find symbol
            tagName = tagName.replace("|", ":");
                      ^
  symbol:   variable tagName
  location: class QueryParser
org/jsoup/select/QueryParser.java:207: error: cannot find symbol
        evals.add(new Evaluator.Tag(tagName.trim().toLowerCase()));
                                    ^
  symbol:   variable tagName
  location: class QueryParser
5 errors

2735911 [main] INFO clegoues.genprog4java.rep.CachingRepresentation  - StmtReplace(136,46) StmtDelete(169) StmtAppend(139,101) at variant111 fails to compile

2735911 [main] INFO clegoues.genprog4java.fitness.Fitness  - 	 gen: 2 0.0 StmtReplace(136,46) StmtDelete(169) StmtAppend(139,101) (stored at: variant111)
2927968 [main] INFO clegoues.genprog4java.fitness.Fitness  - 	 gen: 2 0.0 StmtReplace(157,155) StmtReplace(79,108) StmtDelete(92) (stored at: variant112)
2927988 [main] ERROR clegoues.genprog4java.rep.JavaRepresentation  - org/jsoup/select/QueryParser.java:265: error: cannot find symbol
        Validate.isTrue(StringUtil.isNumeric(indexS), "Index must be numeric");
                                             ^
  symbol:   variable indexS
  location: class QueryParser
org/jsoup/select/QueryParser.java:266: error: cannot find symbol
        return Integer.parseInt(indexS);
                                ^
  symbol:   variable indexS
  location: class QueryParser
2 errors

2927989 [main] INFO clegoues.genprog4java.rep.CachingRepresentation  - StmtReplace(142,114) StmtAppend(119,40) StmtAppend(177,103) at variant113 fails to compile

2927989 [main] INFO clegoues.genprog4java.fitness.Fitness  - 	 gen: 2 0.0 StmtReplace(142,114) StmtAppend(119,40) StmtAppend(177,103) (stored at: variant113)
2928531 [main] INFO clegoues.genprog4java.fitness.Fitness  - 	 gen: 2 0.0 StmtReplace(41,40) StmtReplace(184,171) StmtReplace(92,103) (stored at: variant114)
2929132 [main] INFO clegoues.genprog4java.fitness.Fitness  - 	 gen: 2 1.0 StmtReplace(118,118) StmtDelete(24) (stored at: variant115)
3121225 [main] INFO clegoues.genprog4java.fitness.Fitness  - 	 gen: 2 0.0 StmtDelete(115) StmtDelete(169) StmtDelete(132) (stored at: variant116)
3121766 [main] INFO clegoues.genprog4java.fitness.Fitness  - 	 gen: 2 0.0 StmtAppend(109,114) StmtReplace(54,122) (stored at: variant117)
3218079 [main] INFO clegoues.genprog4java.fitness.Fitness  - 	 gen: 2 1.0 StmtReplace(84,119) StmtDelete(115) (stored at: variant118)
3218101 [main] ERROR clegoues.genprog4java.rep.JavaRepresentation  - org/jsoup/select/CombiningEvaluator.java:38: error: call to super must be first statement in constructor
			super();
			     ^
1 error

3218101 [main] INFO clegoues.genprog4java.rep.CachingRepresentation  - StmtReplace(84,119) StmtReplace(10,18) at variant119 fails to compile

3218101 [main] INFO clegoues.genprog4java.fitness.Fitness  - 	 gen: 2 0.0 StmtReplace(84,119) StmtReplace(10,18) (stored at: variant119)
3218122 [main] ERROR clegoues.genprog4java.rep.JavaRepresentation  - org/jsoup/select/QueryParser.java:94: error: variable e might not have been initialized
            evals.add(new CombiningEvaluator.And(f, new StructuralEvaluator.ImmediateParent(e)));
                                                                                            ^
org/jsoup/select/QueryParser.java:96: error: variable e might not have been initialized
            evals.add(new CombiningEvaluator.And(f, new StructuralEvaluator.Parent(e)));
                                                                                   ^
org/jsoup/select/QueryParser.java:98: error: variable e might not have been initialized
            evals.add(new CombiningEvaluator.And(f, new StructuralEvaluator.ImmediatePreviousSibling(e)));
                                                                                                     ^
org/jsoup/select/QueryParser.java:100: error: variable e might not have been initialized
            evals.add(new CombiningEvaluator.And(f, new StructuralEvaluator.PreviousSibling(e)));
                                                                                            ^
4 errors

3218122 [main] INFO clegoues.genprog4java.rep.CachingRepresentation  - StmtReplace(136,46) StmtDelete(91) StmtReplace(75,53) at variant120 fails to compile

3218122 [main] INFO clegoues.genprog4java.fitness.Fitness  - 	 gen: 2 0.0 StmtReplace(136,46) StmtDelete(91) StmtReplace(75,53) (stored at: variant120)
3218890 [main] INFO clegoues.genprog4java.fitness.Fitness  - 	 gen: 2 0.0 StmtAppend(153,163) StmtDelete(150) (stored at: variant121)
3218912 [main] ERROR clegoues.genprog4java.rep.JavaRepresentation  - org/jsoup/select/QueryParser.java:113: error: cannot find symbol
                sq.append("(").append(tq.chompBalanced('(', ')')).append(")");
                ^
  symbol:   variable sq
  location: class QueryParser
org/jsoup/select/QueryParser.java:115: error: cannot find symbol
                sq.append("[").append(tq.chompBalanced('[', ']')).append("]");
                ^
  symbol:   variable sq
  location: class QueryParser
org/jsoup/select/QueryParser.java:119: error: cannot find symbol
                sq.append(tq.consume());
                ^
  symbol:   variable sq
  location: class QueryParser
org/jsoup/select/QueryParser.java:121: error: cannot find symbol
        return sq.toString();
               ^
  symbol:   variable sq
  location: class QueryParser
4 errors

3218913 [main] INFO clegoues.genprog4java.rep.CachingRepresentation  - StmtDelete(40) StmtDelete(184) StmtAppend(89,116) at variant122 fails to compile

3218913 [main] INFO clegoues.genprog4java.fitness.Fitness  - 	 gen: 2 0.0 StmtDelete(40) StmtDelete(184) StmtAppend(89,116) (stored at: variant122)
3219443 [main] INFO clegoues.genprog4java.fitness.Fitness  - 	 gen: 2 1.0 StmtReplace(157,155) StmtReplace(54,125) StmtReplace(95,46) (stored at: variant123)
3315732 [main] INFO clegoues.genprog4java.fitness.Fitness  - 	 gen: 2 1.0 StmtDelete(40) StmtDelete(23) StmtDelete(66) (stored at: variant124)
3507783 [main] INFO clegoues.genprog4java.fitness.Fitness  - 	 gen: 2 0.0 StmtReplace(142,114) StmtAppend(90,66) StmtDelete(103) (stored at: variant125)
3507859 [main] ERROR clegoues.genprog4java.rep.JavaRepresentation  - org/jsoup/select/CombiningEvaluator.java:37: error: unreachable statement
        public boolean matches(Element root, Element node) {{for (Evaluator s:evaluators){if (!s.matches(root,node))return false;}return true;}if (evaluators.size() > 1)this.evaluators.add(new And(evaluators)); else this.evaluators.addAll(evaluators);}
                                                                                                                                               ^
org/jsoup/select/CombiningEvaluator.java:37: error: missing return statement
        public boolean matches(Element root, Element node) {{for (Evaluator s:evaluators){if (!s.matches(root,node))return false;}return true;}if (evaluators.size() > 1)this.evaluators.add(new And(evaluators)); else this.evaluators.addAll(evaluators);}
                                                                                                                                                                                                                                                           ^
2 errors

3507859 [main] INFO clegoues.genprog4java.rep.CachingRepresentation  - StmtDelete(40) StmtReplace(190,48) StmtAppend(10,20) at variant126 fails to compile

3507859 [main] INFO clegoues.genprog4java.fitness.Fitness  - 	 gen: 2 0.0 StmtDelete(40) StmtReplace(190,48) StmtAppend(10,20) (stored at: variant126)
3508547 [main] INFO clegoues.genprog4java.fitness.Fitness  - 	 gen: 2 1.0 StmtDelete(184) StmtReplace(59,44) (stored at: variant127)
3509202 [main] INFO clegoues.genprog4java.fitness.Fitness  - 	 gen: 2 1.0 StmtAppend(24,20) StmtAppend(113,120) StmtDelete(6) (stored at: variant128)
