0 [main] DEBUG clegoues.genprog4java.fitness.Fitness  - parsing granularity, value: class
50 [main] DEBUG clegoues.genprog4java.fitness.Fitness  - parsing granularity, value: class
#Thu Mar 04 01:09:08 CST 2021
negativeTestWeight=2.0
classSourceFolder=/home/rtx/repair/d4j/Jsoup/21b/target/classes
model=default
sampleStrategy=variant
srcClassPath=/home/rtx/repair/d4j/Jsoup/21b/target/classes
sourceVersion=1.8
popsize=40
regenPaths=false
posCoverageFile=coverage.path.pos
continue=false
edits=APPEND;DELETE;REPLACE
negCoverageFile=coverage.path.neg
workingDir=/home/rtx/repair/d4j/Jsoup/21b/
clearTestCache=false
skipFailedSanity=false
sample=0.1 
oracleGenome=
testGranularity=class
justTestingFaultLoc=false
faultLocStrategy=standardPathFile
crossp=0.5
pMutation=1
generations=10
positiveTests=/home/rtx/repair/d4j/Jsoup/21b/pos.tests
javaVM=/home/rtx/java/jdk1.8.0_271/jre/bin/java
seed=1
negativePathWeight=0.35
compileCommand=
fixStrategy=classScope
allowCoverageFail=false
targetClassName=/home/rtx/repair/d4j/Jsoup/21b/bugfiles.txt
javaRuntime=java.lang.Runtime@6576fe71
classTestFolder=
modelPath=OVERALLModel.txt
sanity=yes
positivePathWeight=0.65
jacocoPath=/home/rtx/eclipse-workspace/genprog4java/lib/jacocoagent.jar
negativeTests=/home/rtx/repair/d4j/Jsoup/21b/neg.tests
pathToFileHumanInjectedFaultLoc=fileHumanInjectedFaultLoc.txt
outputDir=/home/rtx/repair/d4j/Jsoup/21b/genprog4java/variantSeed1/
testClassPath=/home/rtx/repair/defects4j/framework/projects/Jsoup/lib/junit/junit/4.5/junit-4.5.jar\:/home/rtx/repair/d4j/Jsoup/21b/target/classes\:/home/rtx/repair/d4j/Jsoup/21b/target/test-classes\:/home/rtx/repair/defects4j/framework/projects/lib/junit-4.11.jar\:/home/rtx/repair/defects4j/framework/projects/Jsoup/lib/com/google/code/gson/gson/2.7/gson-2.7.jar\:/home/rtx/repair/defects4j/framework/projects/Jsoup/lib/commons-lang/commons-lang/2.4/commons-lang-2.4.jar\:/home/rtx/repair/defects4j/framework/projects/Jsoup/lib/javax/servlet/javax.servlet-api/3.1.0/javax.servlet-api-3.1.0.jar\:/home/rtx/repair/defects4j/framework/projects/Jsoup/lib/junit/junit/4.12/junit-4.12.jar\:/home/rtx/repair/defects4j/framework/projects/Jsoup/lib/lib/com/google/code/gson/gson/2.7/gson-2.7.jar\:/home/rtx/repair/defects4j/framework/projects/Jsoup/lib/lib/commons-lang/commons-lang/2.4/commons-lang-2.4.jar\:/home/rtx/repair/defects4j/framework/projects/Jsoup/lib/lib/javax/servlet/javax.servlet-api/3.1.0/javax.servlet-api-3.1.0.jar\:/home/rtx/repair/defects4j/framework/projects/Jsoup/lib/lib/junit/junit/4.12/junit-4.12.jar\:/home/rtx/repair/defects4j/framework/projects/Jsoup/lib/lib/junit/junit/4.5/junit-4.5.jar\:/home/rtx/repair/defects4j/framework/projects/Jsoup/lib/lib/org/eclipse/jetty/jetty-http/9.2.22.v20170606/jetty-http-9.2.22.v20170606.jar\:/home/rtx/repair/defects4j/framework/projects/Jsoup/lib/lib/org/eclipse/jetty/jetty-http/9.2.26.v20180806/jetty-http-9.2.26.v20180806.jar\:/home/rtx/repair/defects4j/framework/projects/Jsoup/lib/lib/org/eclipse/jetty/jetty-http/9.2.28.v20190418/jetty-http-9.2.28.v20190418.jar\:/home/rtx/repair/defects4j/framework/projects/Jsoup/lib/lib/org/eclipse/jetty/jetty-io/9.2.22.v20170606/jetty-io-9.2.22.v20170606.jar\:/home/rtx/repair/defects4j/framework/projects/Jsoup/lib/lib/org/eclipse/jetty/jetty-io/9.2.26.v20180806/jetty-io-9.2.26.v20180806.jar\:/home/rtx/repair/defects4j/framework/projects/Jsoup/lib/lib/org/eclipse/jetty/jetty-io/9.2.28.v20190418/jetty-io-9.2.28.v20190418.jar\:/home/rtx/repair/defects4j/framework/projects/Jsoup/lib/lib/org/eclipse/jetty/jetty-security/9.2.22.v20170606/jetty-security-9.2.22.v20170606.jar\:/home/rtx/repair/defects4j/framework/projects/Jsoup/lib/lib/org/eclipse/jetty/jetty-security/9.2.26.v20180806/jetty-security-9.2.26.v20180806.jar\:/home/rtx/repair/defects4j/framework/projects/Jsoup/lib/lib/org/eclipse/jetty/jetty-security/9.2.28.v20190418/jetty-security-9.2.28.v20190418.jar\:/home/rtx/repair/defects4j/framework/projects/Jsoup/lib/lib/org/eclipse/jetty/jetty-server/9.2.22.v20170606/jetty-server-9.2.22.v20170606.jar\:/home/rtx/repair/defects4j/framework/projects/Jsoup/lib/lib/org/eclipse/jetty/jetty-server/9.2.26.v20180806/jetty-server-9.2.26.v20180806.jar\:/home/rtx/repair/defects4j/framework/projects/Jsoup/lib/lib/org/eclipse/jetty/jetty-server/9.2.28.v20190418/jetty-server-9.2.28.v20190418.jar\:/home/rtx/repair/defects4j/framework/projects/Jsoup/lib/lib/org/eclipse/jetty/jetty-servlet/9.2.22.v20170606/jetty-servlet-9.2.22.v20170606.jar\:/home/rtx/repair/defects4j/framework/projects/Jsoup/lib/lib/org/eclipse/jetty/jetty-servlet/9.2.26.v20180806/jetty-servlet-9.2.26.v20180806.jar\:/home/rtx/repair/defects4j/framework/projects/Jsoup/lib/lib/org/eclipse/jetty/jetty-servlet/9.2.28.v20190418/jetty-servlet-9.2.28.v20190418.jar\:/home/rtx/repair/defects4j/framework/projects/Jsoup/lib/lib/org/eclipse/jetty/jetty-util/9.2.22.v20170606/jetty-util-9.2.22.v20170606.jar\:/home/rtx/repair/defects4j/framework/projects/Jsoup/lib/lib/org/eclipse/jetty/jetty-util/9.2.26.v20180806/jetty-util-9.2.26.v20180806.jar\:/home/rtx/repair/defects4j/framework/projects/Jsoup/lib/lib/org/eclipse/jetty/jetty-util/9.2.28.v20190418/jetty-util-9.2.28.v20190418.jar\:/home/rtx/repair/defects4j/framework/projects/Jsoup/lib/lib/org/hamcrest/hamcrest-core/1.3/hamcrest-core-1.3.jar\:/home/rtx/repair/defects4j/framework/projects/Jsoup/lib/org/eclipse/jetty/jetty-http/9.2.22.v20170606/jetty-http-9.2.22.v20170606.jar\:/home/rtx/repair/defects4j/framework/projects/Jsoup/lib/org/eclipse/jetty/jetty-http/9.2.26.v20180806/jetty-http-9.2.26.v20180806.jar\:/home/rtx/repair/defects4j/framework/projects/Jsoup/lib/org/eclipse/jetty/jetty-http/9.2.28.v20190418/jetty-http-9.2.28.v20190418.jar\:/home/rtx/repair/defects4j/framework/projects/Jsoup/lib/org/eclipse/jetty/jetty-io/9.2.22.v20170606/jetty-io-9.2.22.v20170606.jar\:/home/rtx/repair/defects4j/framework/projects/Jsoup/lib/org/eclipse/jetty/jetty-io/9.2.26.v20180806/jetty-io-9.2.26.v20180806.jar\:/home/rtx/repair/defects4j/framework/projects/Jsoup/lib/org/eclipse/jetty/jetty-io/9.2.28.v20190418/jetty-io-9.2.28.v20190418.jar\:/home/rtx/repair/defects4j/framework/projects/Jsoup/lib/org/eclipse/jetty/jetty-security/9.2.22.v20170606/jetty-security-9.2.22.v20170606.jar\:/home/rtx/repair/defects4j/framework/projects/Jsoup/lib/org/eclipse/jetty/jetty-security/9.2.26.v20180806/jetty-security-9.2.26.v20180806.jar\:/home/rtx/repair/defects4j/framework/projects/Jsoup/lib/org/eclipse/jetty/jetty-security/9.2.28.v20190418/jetty-security-9.2.28.v20190418.jar\:/home/rtx/repair/defects4j/framework/projects/Jsoup/lib/org/eclipse/jetty/jetty-server/9.2.22.v20170606/jetty-server-9.2.22.v20170606.jar\:/home/rtx/repair/defects4j/framework/projects/Jsoup/lib/org/eclipse/jetty/jetty-server/9.2.26.v20180806/jetty-server-9.2.26.v20180806.jar\:/home/rtx/repair/defects4j/framework/projects/Jsoup/lib/org/eclipse/jetty/jetty-server/9.2.28.v20190418/jetty-server-9.2.28.v20190418.jar\:/home/rtx/repair/defects4j/framework/projects/Jsoup/lib/org/eclipse/jetty/jetty-servlet/9.2.22.v20170606/jetty-servlet-9.2.22.v20170606.jar\:/home/rtx/repair/defects4j/framework/projects/Jsoup/lib/org/eclipse/jetty/jetty-servlet/9.2.26.v20180806/jetty-servlet-9.2.26.v20180806.jar\:/home/rtx/repair/defects4j/framework/projects/Jsoup/lib/org/eclipse/jetty/jetty-servlet/9.2.28.v20190418/jetty-servlet-9.2.28.v20190418.jar\:/home/rtx/repair/defects4j/framework/projects/Jsoup/lib/org/eclipse/jetty/jetty-util/9.2.22.v20170606/jetty-util-9.2.22.v20170606.jar\:/home/rtx/repair/defects4j/framework/projects/Jsoup/lib/org/eclipse/jetty/jetty-util/9.2.26.v20180806/jetty-util-9.2.26.v20180806.jar\:/home/rtx/repair/defects4j/framework/projects/Jsoup/lib/org/eclipse/jetty/jetty-util/9.2.28.v20190418/jetty-util-9.2.28.v20190418.jar\:/home/rtx/repair/defects4j/framework/projects/Jsoup/lib/org/hamcrest/hamcrest-core/1.3/hamcrest-core-1.3.jar
faultStrategy=classScope
sourceDir=src/main/java
checkSpace=false
search=gp
globalExtension=.java
faultSpaceSubSet=1/5
maxVariants=50
libs=/home/rtx/eclipse-workspace/genprog4java/lib/junittestrunner.jar\:/home/rtx/eclipse-workspace/genprog4java/lib/commons-cli-20040117.000000.jar\:/home/rtx/eclipse-workspace/genprog4java/lib/junit-4.12.jar\:/home/rtx/eclipse-workspace/genprog4java/lib/hamcrest-core-1.3.jar\:/home/rtx/eclipse-workspace/genprog4java/lib/log4j-1.2.17.jar\:/home/rtx/repair/defects4j/framework/projects/Jsoup/lib/junit/junit/4.5/junit-4.5.jar\:/home/rtx/repair/d4j/Jsoup/21b/target/classes\:/home/rtx/repair/d4j/Jsoup/21b/target/test-classes\:/home/rtx/repair/defects4j/framework/projects/lib/junit-4.11.jar\:/home/rtx/repair/defects4j/framework/projects/Jsoup/lib/com/google/code/gson/gson/2.7/gson-2.7.jar\:/home/rtx/repair/defects4j/framework/projects/Jsoup/lib/commons-lang/commons-lang/2.4/commons-lang-2.4.jar\:/home/rtx/repair/defects4j/framework/projects/Jsoup/lib/javax/servlet/javax.servlet-api/3.1.0/javax.servlet-api-3.1.0.jar\:/home/rtx/repair/defects4j/framework/projects/Jsoup/lib/junit/junit/4.12/junit-4.12.jar\:/home/rtx/repair/defects4j/framework/projects/Jsoup/lib/lib/com/google/code/gson/gson/2.7/gson-2.7.jar\:/home/rtx/repair/defects4j/framework/projects/Jsoup/lib/lib/commons-lang/commons-lang/2.4/commons-lang-2.4.jar\:/home/rtx/repair/defects4j/framework/projects/Jsoup/lib/lib/javax/servlet/javax.servlet-api/3.1.0/javax.servlet-api-3.1.0.jar\:/home/rtx/repair/defects4j/framework/projects/Jsoup/lib/lib/junit/junit/4.12/junit-4.12.jar\:/home/rtx/repair/defects4j/framework/projects/Jsoup/lib/lib/junit/junit/4.5/junit-4.5.jar\:/home/rtx/repair/defects4j/framework/projects/Jsoup/lib/lib/org/eclipse/jetty/jetty-http/9.2.22.v20170606/jetty-http-9.2.22.v20170606.jar\:/home/rtx/repair/defects4j/framework/projects/Jsoup/lib/lib/org/eclipse/jetty/jetty-http/9.2.26.v20180806/jetty-http-9.2.26.v20180806.jar\:/home/rtx/repair/defects4j/framework/projects/Jsoup/lib/lib/org/eclipse/jetty/jetty-http/9.2.28.v20190418/jetty-http-9.2.28.v20190418.jar\:/home/rtx/repair/defects4j/framework/projects/Jsoup/lib/lib/org/eclipse/jetty/jetty-io/9.2.22.v20170606/jetty-io-9.2.22.v20170606.jar\:/home/rtx/repair/defects4j/framework/projects/Jsoup/lib/lib/org/eclipse/jetty/jetty-io/9.2.26.v20180806/jetty-io-9.2.26.v20180806.jar\:/home/rtx/repair/defects4j/framework/projects/Jsoup/lib/lib/org/eclipse/jetty/jetty-io/9.2.28.v20190418/jetty-io-9.2.28.v20190418.jar\:/home/rtx/repair/defects4j/framework/projects/Jsoup/lib/lib/org/eclipse/jetty/jetty-security/9.2.22.v20170606/jetty-security-9.2.22.v20170606.jar\:/home/rtx/repair/defects4j/framework/projects/Jsoup/lib/lib/org/eclipse/jetty/jetty-security/9.2.26.v20180806/jetty-security-9.2.26.v20180806.jar\:/home/rtx/repair/defects4j/framework/projects/Jsoup/lib/lib/org/eclipse/jetty/jetty-security/9.2.28.v20190418/jetty-security-9.2.28.v20190418.jar\:/home/rtx/repair/defects4j/framework/projects/Jsoup/lib/lib/org/eclipse/jetty/jetty-server/9.2.22.v20170606/jetty-server-9.2.22.v20170606.jar\:/home/rtx/repair/defects4j/framework/projects/Jsoup/lib/lib/org/eclipse/jetty/jetty-server/9.2.26.v20180806/jetty-server-9.2.26.v20180806.jar\:/home/rtx/repair/defects4j/framework/projects/Jsoup/lib/lib/org/eclipse/jetty/jetty-server/9.2.28.v20190418/jetty-server-9.2.28.v20190418.jar\:/home/rtx/repair/defects4j/framework/projects/Jsoup/lib/lib/org/eclipse/jetty/jetty-servlet/9.2.22.v20170606/jetty-servlet-9.2.22.v20170606.jar\:/home/rtx/repair/defects4j/framework/projects/Jsoup/lib/lib/org/eclipse/jetty/jetty-servlet/9.2.26.v20180806/jetty-servlet-9.2.26.v20180806.jar\:/home/rtx/repair/defects4j/framework/projects/Jsoup/lib/lib/org/eclipse/jetty/jetty-servlet/9.2.28.v20190418/jetty-servlet-9.2.28.v20190418.jar\:/home/rtx/repair/defects4j/framework/projects/Jsoup/lib/lib/org/eclipse/jetty/jetty-util/9.2.22.v20170606/jetty-util-9.2.22.v20170606.jar\:/home/rtx/repair/defects4j/framework/projects/Jsoup/lib/lib/org/eclipse/jetty/jetty-util/9.2.26.v20180806/jetty-util-9.2.26.v20180806.jar\:/home/rtx/repair/defects4j/framework/projects/Jsoup/lib/lib/org/eclipse/jetty/jetty-util/9.2.28.v20190418/jetty-util-9.2.28.v20190418.jar\:/home/rtx/repair/defects4j/framework/projects/Jsoup/lib/lib/org/hamcrest/hamcrest-core/1.3/hamcrest-core-1.3.jar\:/home/rtx/repair/defects4j/framework/projects/Jsoup/lib/org/eclipse/jetty/jetty-http/9.2.22.v20170606/jetty-http-9.2.22.v20170606.jar\:/home/rtx/repair/defects4j/framework/projects/Jsoup/lib/org/eclipse/jetty/jetty-http/9.2.26.v20180806/jetty-http-9.2.26.v20180806.jar\:/home/rtx/repair/defects4j/framework/projects/Jsoup/lib/org/eclipse/jetty/jetty-http/9.2.28.v20190418/jetty-http-9.2.28.v20190418.jar\:/home/rtx/repair/defects4j/framework/projects/Jsoup/lib/org/eclipse/jetty/jetty-io/9.2.22.v20170606/jetty-io-9.2.22.v20170606.jar\:/home/rtx/repair/defects4j/framework/projects/Jsoup/lib/org/eclipse/jetty/jetty-io/9.2.26.v20180806/jetty-io-9.2.26.v20180806.jar\:/home/rtx/repair/defects4j/framework/projects/Jsoup/lib/org/eclipse/jetty/jetty-io/9.2.28.v20190418/jetty-io-9.2.28.v20190418.jar\:/home/rtx/repair/defects4j/framework/projects/Jsoup/lib/org/eclipse/jetty/jetty-security/9.2.22.v20170606/jetty-security-9.2.22.v20170606.jar\:/home/rtx/repair/defects4j/framework/projects/Jsoup/lib/org/eclipse/jetty/jetty-security/9.2.26.v20180806/jetty-security-9.2.26.v20180806.jar\:/home/rtx/repair/defects4j/framework/projects/Jsoup/lib/org/eclipse/jetty/jetty-security/9.2.28.v20190418/jetty-security-9.2.28.v20190418.jar\:/home/rtx/repair/defects4j/framework/projects/Jsoup/lib/org/eclipse/jetty/jetty-server/9.2.22.v20170606/jetty-server-9.2.22.v20170606.jar\:/home/rtx/repair/defects4j/framework/projects/Jsoup/lib/org/eclipse/jetty/jetty-server/9.2.26.v20180806/jetty-server-9.2.26.v20180806.jar\:/home/rtx/repair/defects4j/framework/projects/Jsoup/lib/org/eclipse/jetty/jetty-server/9.2.28.v20190418/jetty-server-9.2.28.v20190418.jar\:/home/rtx/repair/defects4j/framework/projects/Jsoup/lib/org/eclipse/jetty/jetty-servlet/9.2.22.v20170606/jetty-servlet-9.2.22.v20170606.jar\:/home/rtx/repair/defects4j/framework/projects/Jsoup/lib/org/eclipse/jetty/jetty-servlet/9.2.26.v20180806/jetty-servlet-9.2.26.v20180806.jar\:/home/rtx/repair/defects4j/framework/projects/Jsoup/lib/org/eclipse/jetty/jetty-servlet/9.2.28.v20190418/jetty-servlet-9.2.28.v20190418.jar\:/home/rtx/repair/defects4j/framework/projects/Jsoup/lib/org/eclipse/jetty/jetty-util/9.2.22.v20170606/jetty-util-9.2.22.v20170606.jar\:/home/rtx/repair/defects4j/framework/projects/Jsoup/lib/org/eclipse/jetty/jetty-util/9.2.26.v20180806/jetty-util-9.2.26.v20180806.jar\:/home/rtx/repair/defects4j/framework/projects/Jsoup/lib/org/eclipse/jetty/jetty-util/9.2.28.v20190418/jetty-util-9.2.28.v20190418.jar\:/home/rtx/repair/defects4j/framework/projects/Jsoup/lib/org/hamcrest/hamcrest-core/1.3/hamcrest-core-1.3.jar\:/home/rtx/repair/d4j/Jsoup/21b/target/classes
crossover=onepoint
328 [main] INFO clegoues.genprog4java.main.Main  - Configuration file loaded
22559 [main] INFO clegoues.genprog4java.rep.CachingRepresentation  - loaded from source clegoues.genprog4java.java.ClassInfo@b797885
35345 [main] INFO clegoues.genprog4java.rep.CachingRepresentation  - loaded from source clegoues.genprog4java.java.ClassInfo@124969f9
35345 [main] INFO clegoues.genprog4java.rep.CachingRepresentation  - sanity checking begins
36482 [main] INFO clegoues.genprog4java.rep.CachingRepresentation  - Checking test number 1 out of 9
38223 [main] INFO clegoues.genprog4java.rep.CachingRepresentation  - true (1)

38223 [main] INFO clegoues.genprog4java.rep.CachingRepresentation  - Checking test number 2 out of 9
38862 [main] INFO clegoues.genprog4java.rep.CachingRepresentation  - true (1)

38863 [main] INFO clegoues.genprog4java.rep.CachingRepresentation  - Checking test number 3 out of 9
39576 [main] INFO clegoues.genprog4java.rep.CachingRepresentation  - true (1)

39576 [main] INFO clegoues.genprog4java.rep.CachingRepresentation  - Checking test number 4 out of 9
40324 [main] INFO clegoues.genprog4java.rep.CachingRepresentation  - true (1)

40324 [main] INFO clegoues.genprog4java.rep.CachingRepresentation  - Checking test number 5 out of 9
40888 [main] INFO clegoues.genprog4java.rep.CachingRepresentation  - true (1)

40889 [main] INFO clegoues.genprog4java.rep.CachingRepresentation  - Checking test number 6 out of 9
41591 [main] INFO clegoues.genprog4java.rep.CachingRepresentation  - true (1)

41592 [main] INFO clegoues.genprog4java.rep.CachingRepresentation  - Checking test number 7 out of 9
42351 [main] INFO clegoues.genprog4java.rep.CachingRepresentation  - true (1)

42352 [main] INFO clegoues.genprog4java.rep.CachingRepresentation  - Checking test number 8 out of 9
42932 [main] INFO clegoues.genprog4java.rep.CachingRepresentation  - true (1)

42932 [main] INFO clegoues.genprog4java.rep.CachingRepresentation  - Checking test number 9 out of 9
43549 [main] INFO clegoues.genprog4java.rep.CachingRepresentation  - true (1)

43549 [main] INFO clegoues.genprog4java.rep.CachingRepresentation  - 	n1: 
44457 [main] INFO clegoues.genprog4java.rep.CachingRepresentation  - false (0)

44457 [main] INFO clegoues.genprog4java.rep.CachingRepresentation  - 	n2: 
45496 [main] INFO clegoues.genprog4java.rep.CachingRepresentation  - false (0)

45496 [main] INFO clegoues.genprog4java.rep.CachingRepresentation  - sanity checking completed (time taken = 10151)
45496 [main] INFO clegoues.genprog4java.localization.DefaultLocalization  - Start Fault Localization
45575 [main] INFO clegoues.genprog4java.localization.DefaultLocalization  - Finish Fault Localization
45575 [main] INFO clegoues.genprog4java.Search.Search  - search: genetic algorithm begins

48733 [main] INFO clegoues.genprog4java.fitness.Fitness  - 	 gen: 0 1.0 original (stored at: variant0)
50590 [main] INFO clegoues.genprog4java.fitness.Fitness  - 	 gen: 0 1.0 StmtDelete(142) (stored at: variant1)
52436 [main] INFO clegoues.genprog4java.fitness.Fitness  - 	 gen: 0 1.0 StmtReplace(68,33) (stored at: variant2)
54201 [main] INFO clegoues.genprog4java.fitness.Fitness  - 	 gen: 0 1.0 StmtReplace(193,173) (stored at: variant3)
54358 [main] ERROR clegoues.genprog4java.rep.JavaRepresentation  - org/jsoup/select/QueryParser.java:247: error: cannot find symbol
        Validate.notEmpty(searchText, ":contains(text) query must not be empty");
                          ^
  symbol:   variable searchText
  location: class QueryParser
org/jsoup/select/QueryParser.java:249: error: cannot find symbol
            evals.add(new Evaluator.ContainsOwnText(searchText));
                                                    ^
  symbol:   variable searchText
  location: class QueryParser
org/jsoup/select/QueryParser.java:251: error: cannot find symbol
            evals.add(new Evaluator.ContainsText(searchText));
                                                 ^
  symbol:   variable searchText
  location: class QueryParser
3 errors

54358 [main] INFO clegoues.genprog4java.rep.CachingRepresentation  - StmtDelete(187) at variant4 fails to compile

54361 [main] INFO clegoues.genprog4java.fitness.Fitness  - 	 gen: 0 0.0 StmtDelete(187) (stored at: variant4)
150783 [main] INFO clegoues.genprog4java.fitness.Fitness  - 	 gen: 0 1.0 StmtDelete(62) (stored at: variant5)
151374 [main] INFO clegoues.genprog4java.fitness.Fitness  - 	 gen: 0 1.0 StmtDelete(149) (stored at: variant6)
151963 [main] INFO clegoues.genprog4java.fitness.Fitness  - 	 gen: 0 1.0 StmtAppend(77,108) (stored at: variant7)
152465 [main] INFO clegoues.genprog4java.fitness.Fitness  - 	 gen: 0 0.0 StmtAppend(155,61) (stored at: variant8)
152516 [main] ERROR clegoues.genprog4java.rep.JavaRepresentation  - org/jsoup/select/QueryParser.java:182: error: cannot find symbol
        String key = cq.consumeToAny("=", "!=", "^=", "$=", "*=", "~="); // eq, not, start, end, contain, match, (no val)
                     ^
  symbol:   variable cq
  location: class QueryParser
org/jsoup/select/QueryParser.java:184: error: cannot find symbol
        cq.consumeWhitespace();
        ^
  symbol:   variable cq
  location: class QueryParser
org/jsoup/select/QueryParser.java:186: error: cannot find symbol
        if (cq.isEmpty()) {
            ^
  symbol:   variable cq
  location: class QueryParser
org/jsoup/select/QueryParser.java:192: error: cannot find symbol
            if (cq.matchChomp("="))
                ^
  symbol:   variable cq
  location: class QueryParser
org/jsoup/select/QueryParser.java:193: error: cannot find symbol
                evals.add(new Evaluator.AttributeWithValue(key, cq.remainder()));
                                                                ^
  symbol:   variable cq
  location: class QueryParser
org/jsoup/select/QueryParser.java:195: error: cannot find symbol
            else if (cq.matchChomp("!="))
                     ^
  symbol:   variable cq
  location: class QueryParser
org/jsoup/select/QueryParser.java:196: error: cannot find symbol
                evals.add(new Evaluator.AttributeWithValueNot(key, cq.remainder()));
                                                                   ^
  symbol:   variable cq
  location: class QueryParser
org/jsoup/select/QueryParser.java:198: error: cannot find symbol
            else if (cq.matchChomp("^="))
                     ^
  symbol:   variable cq
  location: class QueryParser
org/jsoup/select/QueryParser.java:199: error: cannot find symbol
                evals.add(new Evaluator.AttributeWithValueStarting(key, cq.remainder()));
                                                                        ^
  symbol:   variable cq
  location: class QueryParser
org/jsoup/select/QueryParser.java:201: error: cannot find symbol
            else if (cq.matchChomp("$="))
                     ^
  symbol:   variable cq
  location: class QueryParser
org/jsoup/select/QueryParser.java:202: error: cannot find symbol
                evals.add(new Evaluator.AttributeWithValueEnding(key, cq.remainder()));
                                                                      ^
  symbol:   variable cq
  location: class QueryParser
org/jsoup/select/QueryParser.java:204: error: cannot find symbol
            else if (cq.matchChomp("*="))
                     ^
  symbol:   variable cq
  location: class QueryParser
org/jsoup/select/QueryParser.java:205: error: cannot find symbol
                evals.add(new Evaluator.AttributeWithValueContaining(key, cq.remainder()));
                                                                          ^
  symbol:   variable cq
  location: class QueryParser
org/jsoup/select/QueryParser.java:207: error: cannot find symbol
            else if (cq.matchChomp("~="))
                     ^
  symbol:   variable cq
  location: class QueryParser
org/jsoup/select/QueryParser.java:208: error: cannot find symbol
                evals.add(new Evaluator.AttributeWithValueMatching(key, Pattern.compile(cq.remainder())));
                                                                                        ^
  symbol:   variable cq
  location: class QueryParser
org/jsoup/select/QueryParser.java:210: error: cannot find symbol
                throw new Selector.SelectorParseException("Could not parse attribute query '%s': unexpected token at '%s'", query, cq.remainder());
                                                                                                                                   ^
  symbol:   variable cq
  location: class QueryParser
16 errors

152516 [main] INFO clegoues.genprog4java.rep.CachingRepresentation  - StmtAppend(145,43) at variant9 fails to compile

152516 [main] INFO clegoues.genprog4java.fitness.Fitness  - 	 gen: 0 0.0 StmtAppend(145,43) (stored at: variant9)
344599 [main] INFO clegoues.genprog4java.fitness.Fitness  - 	 gen: 0 0.0 StmtDelete(106) (stored at: variant10)
444707 [main] INFO clegoues.genprog4java.fitness.Fitness  - 	 gen: 0 1.0 StmtAppend(118,33) (stored at: variant11)
445307 [main] INFO clegoues.genprog4java.fitness.Fitness  - 	 gen: 0 0.0 StmtAppend(41,53) (stored at: variant12)
445900 [main] INFO clegoues.genprog4java.fitness.Fitness  - 	 gen: 0 1.0 StmtAppend(195,186) (stored at: variant13)
446400 [main] INFO clegoues.genprog4java.fitness.Fitness  - 	 gen: 0 1.0 StmtDelete(51) (stored at: variant14)
446964 [main] INFO clegoues.genprog4java.fitness.Fitness  - 	 gen: 0 1.0 StmtAppend(178,66) (stored at: variant15)
447564 [main] INFO clegoues.genprog4java.fitness.Fitness  - 	 gen: 0 1.0 StmtAppend(125,102) (stored at: variant16)
448094 [main] INFO clegoues.genprog4java.fitness.Fitness  - 	 gen: 0 1.0 StmtAppend(198,169) (stored at: variant17)
544959 [main] INFO clegoues.genprog4java.fitness.Fitness  - 	 gen: 0 1.0 StmtDelete(92) (stored at: variant18)
546841 [main] INFO clegoues.genprog4java.fitness.Fitness  - 	 gen: 0 1.0 StmtDelete(203) (stored at: variant19)
643161 [main] INFO clegoues.genprog4java.fitness.Fitness  - 	 gen: 0 1.0 StmtDelete(97) (stored at: variant20)
643755 [main] INFO clegoues.genprog4java.fitness.Fitness  - 	 gen: 0 0.0 StmtReplace(140,101) (stored at: variant21)
644281 [main] INFO clegoues.genprog4java.fitness.Fitness  - 	 gen: 0 1.0 StmtDelete(42) (stored at: variant22)
644955 [main] INFO clegoues.genprog4java.fitness.Fitness  - 	 gen: 0 1.0 StmtReplace(112,107) (stored at: variant23)
645016 [main] ERROR clegoues.genprog4java.rep.JavaRepresentation  - org/jsoup/select/QueryParser.java:88: error: cannot find symbol
            } else if (seenWhite) {
                       ^
  symbol:   variable seenWhite
  location: class QueryParser
org/jsoup/select/QueryParser.java:88: error: illegal start of type
            } else if (seenWhite) {
                      ^
2 errors

645016 [main] INFO clegoues.genprog4java.rep.CachingRepresentation  - StmtAppend(49,113) at variant24 fails to compile

645016 [main] INFO clegoues.genprog4java.fitness.Fitness  - 	 gen: 0 0.0 StmtAppend(49,113) (stored at: variant24)
645057 [main] ERROR clegoues.genprog4java.rep.JavaRepresentation  - org/jsoup/select/QueryParser.java:61: error: cannot find symbol
                evals.add(or);
                          ^
  symbol:   variable or
  location: class QueryParser
org/jsoup/select/QueryParser.java:64: error: cannot find symbol
                    or.add(parse(subQuery));
                    ^
  symbol:   variable or
  location: class QueryParser
2 errors

645057 [main] INFO clegoues.genprog4java.rep.CachingRepresentation  - StmtReplace(52,116) at variant25 fails to compile

645057 [main] INFO clegoues.genprog4java.fitness.Fitness  - 	 gen: 0 0.0 StmtReplace(52,116) (stored at: variant25)
645660 [main] INFO clegoues.genprog4java.fitness.Fitness  - 	 gen: 0 1.0 StmtAppend(161,107) (stored at: variant26)
645690 [main] ERROR clegoues.genprog4java.rep.JavaRepresentation  - org/jsoup/select/CombiningEvaluator.java:21: error: variable evaluators might not have been initialized
    }
    ^
1 error

645690 [main] INFO clegoues.genprog4java.rep.CachingRepresentation  - StmtDelete(2) at variant27 fails to compile

645690 [main] INFO clegoues.genprog4java.fitness.Fitness  - 	 gen: 0 0.0 StmtDelete(2) (stored at: variant27)
646459 [main] INFO clegoues.genprog4java.fitness.Fitness  - 	 gen: 0 1.0 StmtReplace(173,109) (stored at: variant28)
647370 [main] INFO clegoues.genprog4java.fitness.Fitness  - 	 gen: 0 0.0 StmtReplace(101,64) (stored at: variant29)
647419 [main] ERROR clegoues.genprog4java.rep.JavaRepresentation  - org/jsoup/select/QueryParser.java:170: error: cannot find symbol
        Validate.notEmpty(tagName);
                          ^
  symbol:   variable tagName
  location: class QueryParser
org/jsoup/select/QueryParser.java:173: error: cannot find symbol
        if (tagName.contains("|"))
            ^
  symbol:   variable tagName
  location: class QueryParser
org/jsoup/select/QueryParser.java:174: error: cannot find symbol
            tagName = tagName.replace("|", ":");
            ^
  symbol:   variable tagName
  location: class QueryParser
org/jsoup/select/QueryParser.java:174: error: cannot find symbol
            tagName = tagName.replace("|", ":");
                      ^
  symbol:   variable tagName
  location: class QueryParser
org/jsoup/select/QueryParser.java:176: error: cannot find symbol
        evals.add(new Evaluator.Tag(tagName.trim().toLowerCase()));
                                    ^
  symbol:   variable tagName
  location: class QueryParser
5 errors

647420 [main] INFO clegoues.genprog4java.rep.CachingRepresentation  - StmtReplace(139,60) at variant30 fails to compile

647420 [main] INFO clegoues.genprog4java.fitness.Fitness  - 	 gen: 0 0.0 StmtReplace(139,60) (stored at: variant30)
743691 [main] INFO clegoues.genprog4java.fitness.Fitness  - 	 gen: 0 1.0 StmtDelete(118) (stored at: variant31)
744218 [main] INFO clegoues.genprog4java.fitness.Fitness  - 	 gen: 0 0.0 StmtAppend(118,66) (stored at: variant32)
744707 [main] INFO clegoues.genprog4java.fitness.Fitness  - 	 gen: 0 1.0 StmtAppend(22,20) (stored at: variant33)
840966 [main] INFO clegoues.genprog4java.fitness.Fitness  - 	 gen: 0 1.0 StmtDelete(60) (stored at: variant34)
840991 [main] ERROR clegoues.genprog4java.rep.JavaRepresentation  - org/jsoup/select/QueryParser.java:92: error: cannot find symbol
        Evaluator f = parse(subQuery);
                            ^
  symbol:   variable subQuery
  location: class QueryParser
1 error

840991 [main] INFO clegoues.genprog4java.rep.CachingRepresentation  - StmtDelete(72) at variant35 fails to compile

840991 [main] INFO clegoues.genprog4java.fitness.Fitness  - 	 gen: 0 0.0 StmtDelete(72) (stored at: variant35)
841534 [main] INFO clegoues.genprog4java.fitness.Fitness  - 	 gen: 0 1.0 StmtReplace(171,34) (stored at: variant36)
842036 [main] INFO clegoues.genprog4java.fitness.Fitness  - 	 gen: 0 1.0 StmtAppend(77,111) (stored at: variant37)
842065 [main] ERROR clegoues.genprog4java.rep.JavaRepresentation  - org/jsoup/select/QueryParser.java:238: error: cannot find symbol
        Validate.isTrue(StringUtil.isNumeric(indexS), "Index must be numeric");
                                             ^
  symbol:   variable indexS
  location: class QueryParser
org/jsoup/select/QueryParser.java:239: error: cannot find symbol
        return Integer.parseInt(indexS);
                                ^
  symbol:   variable indexS
  location: class QueryParser
2 errors

842066 [main] INFO clegoues.genprog4java.rep.CachingRepresentation  - StmtAppend(177,41) at variant38 fails to compile

842066 [main] INFO clegoues.genprog4java.fitness.Fitness  - 	 gen: 0 0.0 StmtAppend(177,41) (stored at: variant38)
842629 [main] INFO clegoues.genprog4java.fitness.Fitness  - 	 gen: 0 1.0 StmtReplace(165,47) (stored at: variant39)
842629 [main] INFO clegoues.genprog4java.Search.Search  - search: generation1
939238 [main] INFO clegoues.genprog4java.fitness.Fitness  - 	 gen: 1 1.0 StmtDelete(92) StmtDelete(183) (stored at: variant40)
939757 [main] INFO clegoues.genprog4java.fitness.Fitness  - 	 gen: 1 0.0 StmtReplace(193,173) StmtDelete(35) (stored at: variant41)
1131854 [main] INFO clegoues.genprog4java.fitness.Fitness  - 	 gen: 1 0.0 StmtDelete(92) StmtDelete(82) (stored at: variant42)
1132568 [main] INFO clegoues.genprog4java.fitness.Fitness  - 	 gen: 1 0.0 StmtDelete(42) StmtAppend(41,121) (stored at: variant43)
1132579 [main] ERROR clegoues.genprog4java.rep.JavaRepresentation  - org/jsoup/select/CombiningEvaluator.java:56: error: ';' expected
        Or(Collection<Evaluator> evaluators) this.evaluators.addAll(evaluators);
                                            ^
1 error

1132580 [main] INFO clegoues.genprog4java.rep.CachingRepresentation  - StmtDelete(203) StmtReplace(18,5) at variant44 fails to compile

1132580 [main] INFO clegoues.genprog4java.fitness.Fitness  - 	 gen: 1 0.0 StmtDelete(203) StmtReplace(18,5) (stored at: variant44)
1133127 [main] INFO clegoues.genprog4java.fitness.Fitness  - 	 gen: 1 1.0 StmtDelete(118) StmtAppend(117,47) (stored at: variant45)
1133422 [main] INFO clegoues.genprog4java.fitness.Fitness  - 	 gen: 1 1.0 StmtAppend(161,107) StmtDelete(149) (stored at: variant46)
1133455 [main] ERROR clegoues.genprog4java.rep.JavaRepresentation  - org/jsoup/select/QueryParser.java:93: error: variable e might not have been initialized
            evals.add(new CombiningEvaluator.And(f, new StructuralEvaluator.ImmediateParent(e)));
                                                                                            ^
org/jsoup/select/QueryParser.java:95: error: variable e might not have been initialized
            evals.add(new CombiningEvaluator.And(f, new StructuralEvaluator.Parent(e)));
                                                                                   ^
org/jsoup/select/QueryParser.java:97: error: variable e might not have been initialized
            evals.add(new CombiningEvaluator.And(f, new StructuralEvaluator.ImmediatePreviousSibling(e)));
                                                                                                     ^
org/jsoup/select/QueryParser.java:99: error: variable e might not have been initialized
            evals.add(new CombiningEvaluator.And(f, new StructuralEvaluator.PreviousSibling(e)));
                                                                                            ^
4 errors

1133456 [main] INFO clegoues.genprog4java.rep.CachingRepresentation  - StmtReplace(171,34) StmtDelete(75) at variant47 fails to compile

1133456 [main] INFO clegoues.genprog4java.fitness.Fitness  - 	 gen: 1 0.0 StmtReplace(171,34) StmtDelete(75) (stored at: variant47)
1229724 [main] INFO clegoues.genprog4java.fitness.Fitness  - 	 gen: 1 1.0 StmtDelete(203) StmtDelete(126) (stored at: variant48)
1325971 [main] INFO clegoues.genprog4java.fitness.Fitness  - 	 gen: 1 1.0 StmtDelete(97) StmtDelete(115) (stored at: variant49)
1326845 [main] INFO clegoues.genprog4java.fitness.Fitness  - 	 gen: 1 1.0 StmtReplace(183,169) (stored at: variant50)
1423085 [main] INFO clegoues.genprog4java.fitness.Fitness  - 	 gen: 1 1.0 StmtDelete(118) StmtAppend(42,127) (stored at: variant51)
1423649 [main] INFO clegoues.genprog4java.fitness.Fitness  - 	 gen: 1 1.0 StmtAppend(77,108) StmtReplace(202,119) (stored at: variant52)
1519959 [main] INFO clegoues.genprog4java.fitness.Fitness  - 	 gen: 1 1.0 StmtAppend(195,186) StmtDelete(111) (stored at: variant53)
1520504 [main] INFO clegoues.genprog4java.fitness.Fitness  - 	 gen: 1 0.0 StmtDelete(203) StmtReplace(92,107) (stored at: variant54)
1520568 [main] ERROR clegoues.genprog4java.rep.JavaRepresentation  - org/jsoup/select/QueryParser.java:266: error: cannot find symbol
        Validate.isTrue(StringUtil.isNumeric(indexS), "Index must be numeric");
                                             ^
  symbol:   variable indexS
  location: class QueryParser
org/jsoup/select/QueryParser.java:267: error: cannot find symbol
        return Integer.parseInt(indexS);
                                ^
  symbol:   variable indexS
  location: class QueryParser
2 errors

1520569 [main] INFO clegoues.genprog4java.rep.CachingRepresentation  - StmtReplace(165,47) StmtReplace(177,109) at variant55 fails to compile

1520569 [main] INFO clegoues.genprog4java.fitness.Fitness  - 	 gen: 1 0.0 StmtReplace(165,47) StmtReplace(177,109) (stored at: variant55)
1616791 [main] INFO clegoues.genprog4java.fitness.Fitness  - 	 gen: 1 1.0 StmtDelete(62) StmtReplace(102,111) (stored at: variant56)
1616826 [main] ERROR clegoues.genprog4java.rep.JavaRepresentation  - org/jsoup/select/QueryParser.java:186: error: cannot find symbol
        String key = cq.consumeToAny("=", "!=", "^=", "$=", "*=", "~="); // eq, not, start, end, contain, match, (no val)
                     ^
  symbol:   variable cq
  location: class QueryParser
org/jsoup/select/QueryParser.java:188: error: cannot find symbol
        cq.consumeWhitespace();
        ^
  symbol:   variable cq
  location: class QueryParser
org/jsoup/select/QueryParser.java:190: error: cannot find symbol
        if (cq.isEmpty()) {
            ^
  symbol:   variable cq
  location: class QueryParser
org/jsoup/select/QueryParser.java:196: error: cannot find symbol
            if (cq.matchChomp("="))
                ^
  symbol:   variable cq
  location: class QueryParser
org/jsoup/select/QueryParser.java:197: error: cannot find symbol
                evals.add(new Evaluator.AttributeWithValue(key, cq.remainder()));
                                                                ^
  symbol:   variable cq
  location: class QueryParser
org/jsoup/select/QueryParser.java:199: error: cannot find symbol
            else if (cq.matchChomp("!="))
                     ^
  symbol:   variable cq
  location: class QueryParser
org/jsoup/select/QueryParser.java:200: error: cannot find symbol
                evals.add(new Evaluator.AttributeWithValueNot(key, cq.remainder()));
                                                                   ^
  symbol:   variable cq
  location: class QueryParser
org/jsoup/select/QueryParser.java:202: error: cannot find symbol
            else if (cq.matchChomp("^="))
                     ^
  symbol:   variable cq
  location: class QueryParser
org/jsoup/select/QueryParser.java:203: error: cannot find symbol
                evals.add(new Evaluator.AttributeWithValueStarting(key, cq.remainder()));
                                                                        ^
  symbol:   variable cq
  location: class QueryParser
org/jsoup/select/QueryParser.java:205: error: cannot find symbol
            else if (cq.matchChomp("$="))
                     ^
  symbol:   variable cq
  location: class QueryParser
org/jsoup/select/QueryParser.java:206: error: cannot find symbol
                evals.add(new Evaluator.AttributeWithValueEnding(key, cq.remainder()));
                                                                      ^
  symbol:   variable cq
  location: class QueryParser
org/jsoup/select/QueryParser.java:208: error: cannot find symbol
            else if (cq.matchChomp("*="))
                     ^
  symbol:   variable cq
  location: class QueryParser
org/jsoup/select/QueryParser.java:209: error: cannot find symbol
                evals.add(new Evaluator.AttributeWithValueContaining(key, cq.remainder()));
                                                                          ^
  symbol:   variable cq
  location: class QueryParser
org/jsoup/select/QueryParser.java:211: error: cannot find symbol
            else if (cq.matchChomp("~="))
                     ^
  symbol:   variable cq
  location: class QueryParser
org/jsoup/select/QueryParser.java:212: error: cannot find symbol
                evals.add(new Evaluator.AttributeWithValueMatching(key, Pattern.compile(cq.remainder())));
                                                                                        ^
  symbol:   variable cq
  location: class QueryParser
org/jsoup/select/QueryParser.java:214: error: cannot find symbol
                throw new Selector.SelectorParseException("Could not parse attribute query '%s': unexpected token at '%s'", query, cq.remainder());
                                                                                                                                   ^
  symbol:   variable cq
  location: class QueryParser
16 errors

1616826 [main] INFO clegoues.genprog4java.rep.CachingRepresentation  - StmtDelete(97) StmtReplace(145,51) at variant57 fails to compile

1616826 [main] INFO clegoues.genprog4java.fitness.Fitness  - 	 gen: 1 0.0 StmtDelete(97) StmtReplace(145,51) (stored at: variant57)
1617348 [main] INFO clegoues.genprog4java.fitness.Fitness  - 	 gen: 1 1.0 StmtAppend(77,111) StmtReplace(58,107) (stored at: variant58)
1809382 [main] INFO clegoues.genprog4java.fitness.Fitness  - 	 gen: 1 0.0 StmtDelete(92) StmtDelete(21) (stored at: variant59)
1809803 [main] INFO clegoues.genprog4java.fitness.Fitness  - 	 gen: 1 0.0 StmtReplace(112,107) StmtReplace(104,51) (stored at: variant60)
2001832 [main] INFO clegoues.genprog4java.fitness.Fitness  - 	 gen: 1 0.0 StmtDelete(92) StmtReplace(119,118) (stored at: variant61)
2002277 [main] INFO clegoues.genprog4java.fitness.Fitness  - 	 gen: 1 1.0 StmtReplace(171,34) StmtAppend(186,181) (stored at: variant62)
2002673 [main] INFO clegoues.genprog4java.fitness.Fitness  - 	 gen: 1 1.0 StmtAppend(22,20) StmtAppend(193,46) (stored at: variant63)
2002694 [main] ERROR clegoues.genprog4java.rep.JavaRepresentation  - org/jsoup/select/QueryParser.java:257: error: cannot find symbol
        Validate.notEmpty(regex, ":matches(regex) query must not be empty");
                          ^
  symbol:   variable regex
  location: class QueryParser
org/jsoup/select/QueryParser.java:260: error: cannot find symbol
            evals.add(new Evaluator.MatchesOwn(Pattern.compile(regex)));
                                                               ^
  symbol:   variable regex
  location: class QueryParser
org/jsoup/select/QueryParser.java:262: error: cannot find symbol
            evals.add(new Evaluator.Matches(Pattern.compile(regex)));
                                                            ^
  symbol:   variable regex
  location: class QueryParser
3 errors

2002694 [main] INFO clegoues.genprog4java.rep.CachingRepresentation  - StmtAppend(22,20) StmtReplace(194,114) at variant64 fails to compile

2002694 [main] INFO clegoues.genprog4java.fitness.Fitness  - 	 gen: 1 0.0 StmtAppend(22,20) StmtReplace(194,114) (stored at: variant64)
2003300 [main] INFO clegoues.genprog4java.fitness.Fitness  - 	 gen: 1 0.0 StmtAppend(77,108) StmtDelete(27) (stored at: variant65)
2003855 [main] INFO clegoues.genprog4java.fitness.Fitness  - 	 gen: 1 1.0 StmtReplace(68,33) StmtDelete(150) (stored at: variant66)
2004356 [main] INFO clegoues.genprog4java.fitness.Fitness  - 	 gen: 1 1.0 StmtAppend(178,66) StmtAppend(2,22) (stored at: variant67)
2004384 [main] ERROR clegoues.genprog4java.rep.JavaRepresentation  - org/jsoup/select/QueryParser.java:30: error: incompatible types: unexpected return value
				return evals.get(0);
				                ^
1 error

2004384 [main] INFO clegoues.genprog4java.rep.CachingRepresentation  - StmtDelete(203) StmtAppend(35,67) at variant68 fails to compile

2004384 [main] INFO clegoues.genprog4java.fitness.Fitness  - 	 gen: 1 0.0 StmtDelete(203) StmtAppend(35,67) (stored at: variant68)
2004819 [main] INFO clegoues.genprog4java.fitness.Fitness  - 	 gen: 1 1.0 StmtReplace(173,109) StmtDelete(54) (stored at: variant69)
2005356 [main] INFO clegoues.genprog4java.fitness.Fitness  - 	 gen: 1 0.0 StmtDelete(149) StmtReplace(105,121) (stored at: variant70)
2005816 [main] INFO clegoues.genprog4java.fitness.Fitness  - 	 gen: 1 1.0 StmtAppend(77,108) StmtDelete(26) (stored at: variant71)
2197849 [main] INFO clegoues.genprog4java.fitness.Fitness  - 	 gen: 1 0.0 StmtAppend(198,169) StmtDelete(59) (stored at: variant72)
2198331 [main] INFO clegoues.genprog4java.fitness.Fitness  - 	 gen: 1 1.0 StmtDelete(165) (stored at: variant73)
2390366 [main] INFO clegoues.genprog4java.fitness.Fitness  - 	 gen: 1 0.0 StmtDelete(118) StmtReplace(60,97) (stored at: variant74)
2390415 [main] ERROR clegoues.genprog4java.rep.JavaRepresentation  - org/jsoup/select/QueryParser.java:157: error: incompatible types: unexpected return value
				return evals.get(0);
				                ^
1 error

2390415 [main] INFO clegoues.genprog4java.rep.CachingRepresentation  - StmtAppend(77,108) StmtAppend(113,67) at variant75 fails to compile

2390415 [main] INFO clegoues.genprog4java.fitness.Fitness  - 	 gen: 1 0.0 StmtAppend(77,108) StmtAppend(113,67) (stored at: variant75)
2390675 [main] INFO clegoues.genprog4java.fitness.Fitness  - 	 gen: 1 1.0 StmtDelete(92) StmtReplace(96,43) (stored at: variant76)
2391109 [main] INFO clegoues.genprog4java.fitness.Fitness  - 	 gen: 1 1.0 StmtAppend(198,169) StmtReplace(148,60) (stored at: variant77)
2391138 [main] ERROR clegoues.genprog4java.rep.JavaRepresentation  - org/jsoup/select/QueryParser.java:112: error: cannot find symbol
                sq.append("(").append(tq.chompBalanced('(', ')')).append(")");
                ^
  symbol:   variable sq
  location: class QueryParser
org/jsoup/select/QueryParser.java:114: error: cannot find symbol
                sq.append("[").append(tq.chompBalanced('[', ']')).append("]");
                ^
  symbol:   variable sq
  location: class QueryParser
org/jsoup/select/QueryParser.java:118: error: cannot find symbol
                sq.append(tq.consume());
                ^
  symbol:   variable sq
  location: class QueryParser
org/jsoup/select/QueryParser.java:120: error: cannot find symbol
        return sq.toString();
               ^
  symbol:   variable sq
  location: class QueryParser
4 errors

2391138 [main] INFO clegoues.genprog4java.rep.CachingRepresentation  - StmtReplace(165,47) StmtAppend(89,173) at variant78 fails to compile

2391138 [main] INFO clegoues.genprog4java.fitness.Fitness  - 	 gen: 1 0.0 StmtReplace(165,47) StmtAppend(89,173) (stored at: variant78)
2391169 [main] ERROR clegoues.genprog4java.rep.JavaRepresentation  - org/jsoup/select/CombiningEvaluator.java:60: error: no suitable method found for matches(boolean)
				matches(false);
				^
    method Evaluator.matches(Element,Element) is not applicable
      (actual and formal argument lists differ in length)
    method Or.matches(Element,Element) is not applicable
      (actual and formal argument lists differ in length)
1 error

2391169 [main] INFO clegoues.genprog4java.rep.CachingRepresentation  - StmtDelete(92) StmtAppend(21,124) at variant79 fails to compile

2391169 [main] INFO clegoues.genprog4java.fitness.Fitness  - 	 gen: 1 0.0 StmtDelete(92) StmtAppend(21,124) (stored at: variant79)
2487205 [main] INFO clegoues.genprog4java.fitness.Fitness  - 	 gen: 1 0.0 StmtDelete(118) (stored at: variant80)
2679238 [main] INFO clegoues.genprog4java.fitness.Fitness  - 	 gen: 1 0.0 StmtDelete(48) (stored at: variant81)
2679666 [main] INFO clegoues.genprog4java.fitness.Fitness  - 	 gen: 1 0.0 StmtAppend(60,53) (stored at: variant82)
2680076 [main] INFO clegoues.genprog4java.fitness.Fitness  - 	 gen: 1 1.0 StmtAppend(84,119) (stored at: variant83)
2680097 [main] ERROR clegoues.genprog4java.rep.JavaRepresentation  - org/jsoup/select/CombiningEvaluator.java:18: error: variable evaluators might not have been initialized
        if (evaluators.size() > 1)
            ^
1 error

2680097 [main] INFO clegoues.genprog4java.rep.CachingRepresentation  - StmtReplace(1,20) at variant84 fails to compile

2680097 [main] INFO clegoues.genprog4java.fitness.Fitness  - 	 gen: 1 0.0 StmtReplace(1,20) (stored at: variant84)
2680489 [main] INFO clegoues.genprog4java.fitness.Fitness  - 	 gen: 1 1.0 StmtAppend(191,71) (stored at: variant85)
2680508 [main] ERROR clegoues.genprog4java.rep.JavaRepresentation  - org/jsoup/select/QueryParser.java:27: error: incompatible types: unexpected return value
			return evals.get(0);
			                ^
1 error

2680508 [main] INFO clegoues.genprog4java.rep.CachingRepresentation  - StmtReplace(34,67) at variant86 fails to compile

2680508 [main] INFO clegoues.genprog4java.fitness.Fitness  - 	 gen: 1 0.0 StmtReplace(34,67) (stored at: variant86)
2680938 [main] INFO clegoues.genprog4java.fitness.Fitness  - 	 gen: 1 0.0 StmtReplace(68,77) (stored at: variant87)
2680965 [main] ERROR clegoues.genprog4java.rep.JavaRepresentation  - org/jsoup/select/QueryParser.java:81: error: cannot find symbol
                    or.add(parse(subQuery));
                                 ^
  symbol:   variable subQuery
  location: class QueryParser
1 error

2680965 [main] INFO clegoues.genprog4java.rep.CachingRepresentation  - StmtAppend(57,117) at variant88 fails to compile

2680965 [main] INFO clegoues.genprog4java.fitness.Fitness  - 	 gen: 1 0.0 StmtAppend(57,117) (stored at: variant88)
2681408 [main] INFO clegoues.genprog4java.fitness.Fitness  - 	 gen: 1 1.0 StmtAppend(147,42) (stored at: variant89)
2681906 [main] INFO clegoues.genprog4java.fitness.Fitness  - 	 gen: 1 1.0 StmtDelete(84) (stored at: variant90)
2682423 [main] INFO clegoues.genprog4java.fitness.Fitness  - 	 gen: 1 0.0 StmtDelete(5) (stored at: variant91)
2682455 [main] ERROR clegoues.genprog4java.rep.JavaRepresentation  - org/jsoup/select/QueryParser.java:101: error: cannot find symbol
            evals.add(new CombiningEvaluator.And(f, new StructuralEvaluator.ImmediateParent(e)));
                                                 ^
  symbol:   variable f
  location: class QueryParser
org/jsoup/select/QueryParser.java:103: error: cannot find symbol
            evals.add(new CombiningEvaluator.And(f, new StructuralEvaluator.Parent(e)));
                                                 ^
  symbol:   variable f
  location: class QueryParser
org/jsoup/select/QueryParser.java:105: error: cannot find symbol
            evals.add(new CombiningEvaluator.And(f, new StructuralEvaluator.ImmediatePreviousSibling(e)));
                                                 ^
  symbol:   variable f
  location: class QueryParser
org/jsoup/select/QueryParser.java:107: error: cannot find symbol
            evals.add(new CombiningEvaluator.And(f, new StructuralEvaluator.PreviousSibling(e)));
                                                 ^
  symbol:   variable f
  location: class QueryParser
4 errors

2682455 [main] INFO clegoues.genprog4java.rep.CachingRepresentation  - StmtAppend(78,127) at variant92 fails to compile

2682455 [main] INFO clegoues.genprog4java.fitness.Fitness  - 	 gen: 1 0.0 StmtAppend(78,127) (stored at: variant92)
2682475 [main] ERROR clegoues.genprog4java.rep.JavaRepresentation  - org/jsoup/select/CombiningEvaluator.java:66: error: call to super must be first statement in constructor
			super();
			     ^
1 error

2682475 [main] INFO clegoues.genprog4java.rep.CachingRepresentation  - StmtReplace(23,18) at variant93 fails to compile

2682476 [main] INFO clegoues.genprog4java.fitness.Fitness  - 	 gen: 1 0.0 StmtReplace(23,18) (stored at: variant93)
2682476 [main] INFO clegoues.genprog4java.Search.Search  - search: generation2
2682826 [main] ERROR clegoues.genprog4java.rep.JavaRepresentation  - org/jsoup/select/QueryParser.java:113: error: cannot find symbol
                sq.append("(").append(tq.chompBalanced('(', ')')).append(")");
                ^
  symbol:   variable sq
  location: class QueryParser
org/jsoup/select/QueryParser.java:115: error: cannot find symbol
                sq.append("[").append(tq.chompBalanced('[', ']')).append("]");
                ^
  symbol:   variable sq
  location: class QueryParser
org/jsoup/select/QueryParser.java:119: error: cannot find symbol
                sq.append(tq.consume());
                ^
  symbol:   variable sq
  location: class QueryParser
org/jsoup/select/QueryParser.java:121: error: cannot find symbol
        return sq.toString();
               ^
  symbol:   variable sq
  location: class QueryParser
4 errors

2682826 [main] INFO clegoues.genprog4java.rep.CachingRepresentation  - StmtAppend(77,108) StmtDelete(26) StmtDelete(89) at variant94 fails to compile

2682826 [main] INFO clegoues.genprog4java.fitness.Fitness  - 	 gen: 2 0.0 StmtAppend(77,108) StmtDelete(26) StmtDelete(89) (stored at: variant94)
2779085 [main] INFO clegoues.genprog4java.fitness.Fitness  - 	 gen: 2 1.0 StmtReplace(68,33) StmtDelete(150) StmtAppend(123,33) (stored at: variant95)
2875317 [main] INFO clegoues.genprog4java.fitness.Fitness  - 	 gen: 2 1.0 StmtDelete(203) StmtDelete(126) StmtAppend(137,71) (stored at: variant96)
2875336 [main] ERROR clegoues.genprog4java.rep.JavaRepresentation  - org/jsoup/select/CombiningEvaluator.java:28: error: ';' expected
        And(Collection<Evaluator> evaluators) matches(false);
                                             ^
1 error

2875336 [main] INFO clegoues.genprog4java.rep.CachingRepresentation  - StmtAppend(198,169) StmtReplace(148,60) StmtReplace(6,124) at variant97 fails to compile

2875336 [main] INFO clegoues.genprog4java.fitness.Fitness  - 	 gen: 2 0.0 StmtAppend(198,169) StmtReplace(148,60) StmtReplace(6,124) (stored at: variant97)
2875359 [main] ERROR clegoues.genprog4java.rep.JavaRepresentation  - org/jsoup/select/QueryParser.java:184: error: cannot find symbol
        Validate.notEmpty(key);
                          ^
  symbol:   variable key
  location: class QueryParser
org/jsoup/select/QueryParser.java:188: error: cannot find symbol
            if (key.startsWith("^"))
                ^
  symbol:   variable key
  location: class QueryParser
org/jsoup/select/QueryParser.java:189: error: cannot find symbol
                evals.add(new Evaluator.AttributeStarting(key.substring(1)));
                                                          ^
  symbol:   variable key
  location: class QueryParser
org/jsoup/select/QueryParser.java:191: error: cannot find symbol
                evals.add(new Evaluator.Attribute(key));
                                                  ^
  symbol:   variable key
  location: class QueryParser
org/jsoup/select/QueryParser.java:194: error: cannot find symbol
                evals.add(new Evaluator.AttributeWithValue(key, cq.remainder()));
                                                           ^
  symbol:   variable key
  location: class QueryParser
org/jsoup/select/QueryParser.java:197: error: cannot find symbol
                evals.add(new Evaluator.AttributeWithValueNot(key, cq.remainder()));
                                                              ^
  symbol:   variable key
  location: class QueryParser
org/jsoup/select/QueryParser.java:200: error: cannot find symbol
                evals.add(new Evaluator.AttributeWithValueStarting(key, cq.remainder()));
                                                                   ^
  symbol:   variable key
  location: class QueryParser
org/jsoup/select/QueryParser.java:203: error: cannot find symbol
                evals.add(new Evaluator.AttributeWithValueEnding(key, cq.remainder()));
                                                                 ^
  symbol:   variable key
  location: class QueryParser
org/jsoup/select/QueryParser.java:206: error: cannot find symbol
                evals.add(new Evaluator.AttributeWithValueContaining(key, cq.remainder()));
                                                                     ^
  symbol:   variable key
  location: class QueryParser
org/jsoup/select/QueryParser.java:209: error: cannot find symbol
                evals.add(new Evaluator.AttributeWithValueMatching(key, Pattern.compile(cq.remainder())));
                                                                   ^
  symbol:   variable key
  location: class QueryParser
10 errors

2875359 [main] INFO clegoues.genprog4java.rep.CachingRepresentation  - StmtAppend(77,108) StmtReplace(202,119) StmtDelete(146) at variant98 fails to compile

2875359 [main] INFO clegoues.genprog4java.fitness.Fitness  - 	 gen: 2 0.0 StmtAppend(77,108) StmtReplace(202,119) StmtDelete(146) (stored at: variant98)
2875848 [main] INFO clegoues.genprog4java.fitness.Fitness  - 	 gen: 2 1.0 StmtReplace(183,169) StmtReplace(92,111) (stored at: variant99)
3067879 [main] INFO clegoues.genprog4java.fitness.Fitness  - 	 gen: 2 0.0 StmtAppend(161,107) StmtDelete(149) StmtDelete(108) (stored at: variant100)
3068327 [main] INFO clegoues.genprog4java.fitness.Fitness  - 	 gen: 2 1.0 StmtAppend(198,169) StmtReplace(148,60) StmtReplace(81,107) (stored at: variant101)
3068732 [main] INFO clegoues.genprog4java.fitness.Fitness  - 	 gen: 2 1.0 StmtAppend(191,71) StmtDelete(58) (stored at: variant102)
3068751 [main] ERROR clegoues.genprog4java.rep.JavaRepresentation  - org/jsoup/select/QueryParser.java:100: error: cannot find symbol
            evals.add(new CombiningEvaluator.And(f, new StructuralEvaluator.ImmediateParent(e)));
                                                 ^
  symbol:   variable f
  location: class QueryParser
org/jsoup/select/QueryParser.java:102: error: cannot find symbol
            evals.add(new CombiningEvaluator.And(f, new StructuralEvaluator.Parent(e)));
                                                 ^
  symbol:   variable f
  location: class QueryParser
org/jsoup/select/QueryParser.java:104: error: cannot find symbol
            evals.add(new CombiningEvaluator.And(f, new StructuralEvaluator.ImmediatePreviousSibling(e)));
                                                 ^
  symbol:   variable f
  location: class QueryParser
org/jsoup/select/QueryParser.java:106: error: cannot find symbol
            evals.add(new CombiningEvaluator.And(f, new StructuralEvaluator.PreviousSibling(e)));
                                                 ^
  symbol:   variable f
  location: class QueryParser
4 errors

3068751 [main] INFO clegoues.genprog4java.rep.CachingRepresentation  - StmtAppend(77,108) StmtReplace(202,119) StmtAppend(78,200) at variant103 fails to compile

3068751 [main] INFO clegoues.genprog4java.fitness.Fitness  - 	 gen: 2 0.0 StmtAppend(77,108) StmtReplace(202,119) StmtAppend(78,200) (stored at: variant103)
3260789 [main] INFO clegoues.genprog4java.fitness.Fitness  - 	 gen: 2 0.0 StmtDelete(62) StmtReplace(102,111) StmtAppend(71,66) (stored at: variant104)
3261430 [main] INFO clegoues.genprog4java.fitness.Fitness  - 	 gen: 2 1.0 StmtDelete(84) StmtAppend(118,113) (stored at: variant105)
3261918 [main] INFO clegoues.genprog4java.fitness.Fitness  - 	 gen: 2 0.0 StmtAppend(77,108) StmtReplace(202,119) StmtAppend(141,113) (stored at: variant106)
3453955 [main] INFO clegoues.genprog4java.fitness.Fitness  - 	 gen: 2 0.0 StmtDelete(92) StmtDelete(183) StmtDelete(5) (stored at: variant107)
3454390 [main] INFO clegoues.genprog4java.fitness.Fitness  - 	 gen: 2 1.0 StmtAppend(191,71) StmtReplace(117,105) (stored at: variant108)
3454799 [main] INFO clegoues.genprog4java.fitness.Fitness  - 	 gen: 2 0.0 StmtDelete(165) StmtAppend(33,127) (stored at: variant109)
3454818 [main] ERROR clegoues.genprog4java.rep.JavaRepresentation  - org/jsoup/select/QueryParser.java:238: error: cannot find symbol
        Validate.notEmpty(subQuery, ":has(el) subselect must not be empty");
                          ^
  symbol:   variable subQuery
  location: class QueryParser
org/jsoup/select/QueryParser.java:239: error: cannot find symbol
        evals.add(new StructuralEvaluator.Has(parse(subQuery)));
                                                    ^
  symbol:   variable subQuery
  location: class QueryParser
2 errors

3454818 [main] INFO clegoues.genprog4java.rep.CachingRepresentation  - StmtReplace(171,34) StmtAppend(186,181) StmtReplace(182,71) at variant110 fails to compile

3454818 [main] INFO clegoues.genprog4java.fitness.Fitness  - 	 gen: 2 0.0 StmtReplace(171,34) StmtAppend(186,181) StmtReplace(182,71) (stored at: variant110)
3455292 [main] INFO clegoues.genprog4java.fitness.Fitness  - 	 gen: 2 0.0 StmtAppend(77,111) StmtReplace(58,107) StmtAppend(143,63) (stored at: variant111)
3551547 [main] INFO clegoues.genprog4java.fitness.Fitness  - 	 gen: 2 1.0 StmtReplace(183,169) StmtDelete(115) (stored at: variant112)
3552044 [main] INFO clegoues.genprog4java.fitness.Fitness  - 	 gen: 2 1.0 StmtAppend(77,108) StmtDelete(26) StmtAppend(98,120) (stored at: variant113)
