0 [main] DEBUG clegoues.genprog4java.fitness.Fitness  - parsing granularity, value: class
20 [main] DEBUG clegoues.genprog4java.fitness.Fitness  - parsing granularity, value: class
#Thu Mar 04 08:09:09 CST 2021
negativeTestWeight=2.0
classSourceFolder=/home/rtx/repair/d4j/Jsoup/21b/target/classes
model=default
sampleStrategy=variant
srcClassPath=/home/rtx/repair/d4j/Jsoup/21b/target/classes
sourceVersion=1.8
popsize=40
regenPaths=false
posCoverageFile=coverage.path.pos
continue=false
edits=APPEND;DELETE;REPLACE
negCoverageFile=coverage.path.neg
workingDir=/home/rtx/repair/d4j/Jsoup/21b/
clearTestCache=false
skipFailedSanity=false
sample=0.1 
oracleGenome=
testGranularity=class
justTestingFaultLoc=false
faultLocStrategy=standardPathFile
crossp=0.5
pMutation=1
generations=10
positiveTests=/home/rtx/repair/d4j/Jsoup/21b/pos.tests
javaVM=/home/rtx/java/jdk1.8.0_271/jre/bin/java
seed=8
negativePathWeight=0.35
compileCommand=
fixStrategy=classScope
allowCoverageFail=false
targetClassName=/home/rtx/repair/d4j/Jsoup/21b/bugfiles.txt
javaRuntime=java.lang.Runtime@6576fe71
classTestFolder=
modelPath=OVERALLModel.txt
sanity=yes
positivePathWeight=0.65
jacocoPath=/home/rtx/eclipse-workspace/genprog4java/lib/jacocoagent.jar
negativeTests=/home/rtx/repair/d4j/Jsoup/21b/neg.tests
pathToFileHumanInjectedFaultLoc=fileHumanInjectedFaultLoc.txt
outputDir=/home/rtx/repair/d4j/Jsoup/21b/genprog4java/variantSeed8/
testClassPath=/home/rtx/repair/defects4j/framework/projects/Jsoup/lib/junit/junit/4.5/junit-4.5.jar\:/home/rtx/repair/d4j/Jsoup/21b/target/classes\:/home/rtx/repair/d4j/Jsoup/21b/target/test-classes\:/home/rtx/repair/defects4j/framework/projects/lib/junit-4.11.jar\:/home/rtx/repair/defects4j/framework/projects/Jsoup/lib/com/google/code/gson/gson/2.7/gson-2.7.jar\:/home/rtx/repair/defects4j/framework/projects/Jsoup/lib/commons-lang/commons-lang/2.4/commons-lang-2.4.jar\:/home/rtx/repair/defects4j/framework/projects/Jsoup/lib/javax/servlet/javax.servlet-api/3.1.0/javax.servlet-api-3.1.0.jar\:/home/rtx/repair/defects4j/framework/projects/Jsoup/lib/junit/junit/4.12/junit-4.12.jar\:/home/rtx/repair/defects4j/framework/projects/Jsoup/lib/lib/com/google/code/gson/gson/2.7/gson-2.7.jar\:/home/rtx/repair/defects4j/framework/projects/Jsoup/lib/lib/commons-lang/commons-lang/2.4/commons-lang-2.4.jar\:/home/rtx/repair/defects4j/framework/projects/Jsoup/lib/lib/javax/servlet/javax.servlet-api/3.1.0/javax.servlet-api-3.1.0.jar\:/home/rtx/repair/defects4j/framework/projects/Jsoup/lib/lib/junit/junit/4.12/junit-4.12.jar\:/home/rtx/repair/defects4j/framework/projects/Jsoup/lib/lib/junit/junit/4.5/junit-4.5.jar\:/home/rtx/repair/defects4j/framework/projects/Jsoup/lib/lib/org/eclipse/jetty/jetty-http/9.2.22.v20170606/jetty-http-9.2.22.v20170606.jar\:/home/rtx/repair/defects4j/framework/projects/Jsoup/lib/lib/org/eclipse/jetty/jetty-http/9.2.26.v20180806/jetty-http-9.2.26.v20180806.jar\:/home/rtx/repair/defects4j/framework/projects/Jsoup/lib/lib/org/eclipse/jetty/jetty-http/9.2.28.v20190418/jetty-http-9.2.28.v20190418.jar\:/home/rtx/repair/defects4j/framework/projects/Jsoup/lib/lib/org/eclipse/jetty/jetty-io/9.2.22.v20170606/jetty-io-9.2.22.v20170606.jar\:/home/rtx/repair/defects4j/framework/projects/Jsoup/lib/lib/org/eclipse/jetty/jetty-io/9.2.26.v20180806/jetty-io-9.2.26.v20180806.jar\:/home/rtx/repair/defects4j/framework/projects/Jsoup/lib/lib/org/eclipse/jetty/jetty-io/9.2.28.v20190418/jetty-io-9.2.28.v20190418.jar\:/home/rtx/repair/defects4j/framework/projects/Jsoup/lib/lib/org/eclipse/jetty/jetty-security/9.2.22.v20170606/jetty-security-9.2.22.v20170606.jar\:/home/rtx/repair/defects4j/framework/projects/Jsoup/lib/lib/org/eclipse/jetty/jetty-security/9.2.26.v20180806/jetty-security-9.2.26.v20180806.jar\:/home/rtx/repair/defects4j/framework/projects/Jsoup/lib/lib/org/eclipse/jetty/jetty-security/9.2.28.v20190418/jetty-security-9.2.28.v20190418.jar\:/home/rtx/repair/defects4j/framework/projects/Jsoup/lib/lib/org/eclipse/jetty/jetty-server/9.2.22.v20170606/jetty-server-9.2.22.v20170606.jar\:/home/rtx/repair/defects4j/framework/projects/Jsoup/lib/lib/org/eclipse/jetty/jetty-server/9.2.26.v20180806/jetty-server-9.2.26.v20180806.jar\:/home/rtx/repair/defects4j/framework/projects/Jsoup/lib/lib/org/eclipse/jetty/jetty-server/9.2.28.v20190418/jetty-server-9.2.28.v20190418.jar\:/home/rtx/repair/defects4j/framework/projects/Jsoup/lib/lib/org/eclipse/jetty/jetty-servlet/9.2.22.v20170606/jetty-servlet-9.2.22.v20170606.jar\:/home/rtx/repair/defects4j/framework/projects/Jsoup/lib/lib/org/eclipse/jetty/jetty-servlet/9.2.26.v20180806/jetty-servlet-9.2.26.v20180806.jar\:/home/rtx/repair/defects4j/framework/projects/Jsoup/lib/lib/org/eclipse/jetty/jetty-servlet/9.2.28.v20190418/jetty-servlet-9.2.28.v20190418.jar\:/home/rtx/repair/defects4j/framework/projects/Jsoup/lib/lib/org/eclipse/jetty/jetty-util/9.2.22.v20170606/jetty-util-9.2.22.v20170606.jar\:/home/rtx/repair/defects4j/framework/projects/Jsoup/lib/lib/org/eclipse/jetty/jetty-util/9.2.26.v20180806/jetty-util-9.2.26.v20180806.jar\:/home/rtx/repair/defects4j/framework/projects/Jsoup/lib/lib/org/eclipse/jetty/jetty-util/9.2.28.v20190418/jetty-util-9.2.28.v20190418.jar\:/home/rtx/repair/defects4j/framework/projects/Jsoup/lib/lib/org/hamcrest/hamcrest-core/1.3/hamcrest-core-1.3.jar\:/home/rtx/repair/defects4j/framework/projects/Jsoup/lib/org/eclipse/jetty/jetty-http/9.2.22.v20170606/jetty-http-9.2.22.v20170606.jar\:/home/rtx/repair/defects4j/framework/projects/Jsoup/lib/org/eclipse/jetty/jetty-http/9.2.26.v20180806/jetty-http-9.2.26.v20180806.jar\:/home/rtx/repair/defects4j/framework/projects/Jsoup/lib/org/eclipse/jetty/jetty-http/9.2.28.v20190418/jetty-http-9.2.28.v20190418.jar\:/home/rtx/repair/defects4j/framework/projects/Jsoup/lib/org/eclipse/jetty/jetty-io/9.2.22.v20170606/jetty-io-9.2.22.v20170606.jar\:/home/rtx/repair/defects4j/framework/projects/Jsoup/lib/org/eclipse/jetty/jetty-io/9.2.26.v20180806/jetty-io-9.2.26.v20180806.jar\:/home/rtx/repair/defects4j/framework/projects/Jsoup/lib/org/eclipse/jetty/jetty-io/9.2.28.v20190418/jetty-io-9.2.28.v20190418.jar\:/home/rtx/repair/defects4j/framework/projects/Jsoup/lib/org/eclipse/jetty/jetty-security/9.2.22.v20170606/jetty-security-9.2.22.v20170606.jar\:/home/rtx/repair/defects4j/framework/projects/Jsoup/lib/org/eclipse/jetty/jetty-security/9.2.26.v20180806/jetty-security-9.2.26.v20180806.jar\:/home/rtx/repair/defects4j/framework/projects/Jsoup/lib/org/eclipse/jetty/jetty-security/9.2.28.v20190418/jetty-security-9.2.28.v20190418.jar\:/home/rtx/repair/defects4j/framework/projects/Jsoup/lib/org/eclipse/jetty/jetty-server/9.2.22.v20170606/jetty-server-9.2.22.v20170606.jar\:/home/rtx/repair/defects4j/framework/projects/Jsoup/lib/org/eclipse/jetty/jetty-server/9.2.26.v20180806/jetty-server-9.2.26.v20180806.jar\:/home/rtx/repair/defects4j/framework/projects/Jsoup/lib/org/eclipse/jetty/jetty-server/9.2.28.v20190418/jetty-server-9.2.28.v20190418.jar\:/home/rtx/repair/defects4j/framework/projects/Jsoup/lib/org/eclipse/jetty/jetty-servlet/9.2.22.v20170606/jetty-servlet-9.2.22.v20170606.jar\:/home/rtx/repair/defects4j/framework/projects/Jsoup/lib/org/eclipse/jetty/jetty-servlet/9.2.26.v20180806/jetty-servlet-9.2.26.v20180806.jar\:/home/rtx/repair/defects4j/framework/projects/Jsoup/lib/org/eclipse/jetty/jetty-servlet/9.2.28.v20190418/jetty-servlet-9.2.28.v20190418.jar\:/home/rtx/repair/defects4j/framework/projects/Jsoup/lib/org/eclipse/jetty/jetty-util/9.2.22.v20170606/jetty-util-9.2.22.v20170606.jar\:/home/rtx/repair/defects4j/framework/projects/Jsoup/lib/org/eclipse/jetty/jetty-util/9.2.26.v20180806/jetty-util-9.2.26.v20180806.jar\:/home/rtx/repair/defects4j/framework/projects/Jsoup/lib/org/eclipse/jetty/jetty-util/9.2.28.v20190418/jetty-util-9.2.28.v20190418.jar\:/home/rtx/repair/defects4j/framework/projects/Jsoup/lib/org/hamcrest/hamcrest-core/1.3/hamcrest-core-1.3.jar
faultStrategy=classScope
sourceDir=src/main/java
checkSpace=false
search=gp
globalExtension=.java
faultSpaceSubSet=1/5
maxVariants=50
libs=/home/rtx/eclipse-workspace/genprog4java/lib/junittestrunner.jar\:/home/rtx/eclipse-workspace/genprog4java/lib/commons-cli-20040117.000000.jar\:/home/rtx/eclipse-workspace/genprog4java/lib/junit-4.12.jar\:/home/rtx/eclipse-workspace/genprog4java/lib/hamcrest-core-1.3.jar\:/home/rtx/eclipse-workspace/genprog4java/lib/log4j-1.2.17.jar\:/home/rtx/repair/defects4j/framework/projects/Jsoup/lib/junit/junit/4.5/junit-4.5.jar\:/home/rtx/repair/d4j/Jsoup/21b/target/classes\:/home/rtx/repair/d4j/Jsoup/21b/target/test-classes\:/home/rtx/repair/defects4j/framework/projects/lib/junit-4.11.jar\:/home/rtx/repair/defects4j/framework/projects/Jsoup/lib/com/google/code/gson/gson/2.7/gson-2.7.jar\:/home/rtx/repair/defects4j/framework/projects/Jsoup/lib/commons-lang/commons-lang/2.4/commons-lang-2.4.jar\:/home/rtx/repair/defects4j/framework/projects/Jsoup/lib/javax/servlet/javax.servlet-api/3.1.0/javax.servlet-api-3.1.0.jar\:/home/rtx/repair/defects4j/framework/projects/Jsoup/lib/junit/junit/4.12/junit-4.12.jar\:/home/rtx/repair/defects4j/framework/projects/Jsoup/lib/lib/com/google/code/gson/gson/2.7/gson-2.7.jar\:/home/rtx/repair/defects4j/framework/projects/Jsoup/lib/lib/commons-lang/commons-lang/2.4/commons-lang-2.4.jar\:/home/rtx/repair/defects4j/framework/projects/Jsoup/lib/lib/javax/servlet/javax.servlet-api/3.1.0/javax.servlet-api-3.1.0.jar\:/home/rtx/repair/defects4j/framework/projects/Jsoup/lib/lib/junit/junit/4.12/junit-4.12.jar\:/home/rtx/repair/defects4j/framework/projects/Jsoup/lib/lib/junit/junit/4.5/junit-4.5.jar\:/home/rtx/repair/defects4j/framework/projects/Jsoup/lib/lib/org/eclipse/jetty/jetty-http/9.2.22.v20170606/jetty-http-9.2.22.v20170606.jar\:/home/rtx/repair/defects4j/framework/projects/Jsoup/lib/lib/org/eclipse/jetty/jetty-http/9.2.26.v20180806/jetty-http-9.2.26.v20180806.jar\:/home/rtx/repair/defects4j/framework/projects/Jsoup/lib/lib/org/eclipse/jetty/jetty-http/9.2.28.v20190418/jetty-http-9.2.28.v20190418.jar\:/home/rtx/repair/defects4j/framework/projects/Jsoup/lib/lib/org/eclipse/jetty/jetty-io/9.2.22.v20170606/jetty-io-9.2.22.v20170606.jar\:/home/rtx/repair/defects4j/framework/projects/Jsoup/lib/lib/org/eclipse/jetty/jetty-io/9.2.26.v20180806/jetty-io-9.2.26.v20180806.jar\:/home/rtx/repair/defects4j/framework/projects/Jsoup/lib/lib/org/eclipse/jetty/jetty-io/9.2.28.v20190418/jetty-io-9.2.28.v20190418.jar\:/home/rtx/repair/defects4j/framework/projects/Jsoup/lib/lib/org/eclipse/jetty/jetty-security/9.2.22.v20170606/jetty-security-9.2.22.v20170606.jar\:/home/rtx/repair/defects4j/framework/projects/Jsoup/lib/lib/org/eclipse/jetty/jetty-security/9.2.26.v20180806/jetty-security-9.2.26.v20180806.jar\:/home/rtx/repair/defects4j/framework/projects/Jsoup/lib/lib/org/eclipse/jetty/jetty-security/9.2.28.v20190418/jetty-security-9.2.28.v20190418.jar\:/home/rtx/repair/defects4j/framework/projects/Jsoup/lib/lib/org/eclipse/jetty/jetty-server/9.2.22.v20170606/jetty-server-9.2.22.v20170606.jar\:/home/rtx/repair/defects4j/framework/projects/Jsoup/lib/lib/org/eclipse/jetty/jetty-server/9.2.26.v20180806/jetty-server-9.2.26.v20180806.jar\:/home/rtx/repair/defects4j/framework/projects/Jsoup/lib/lib/org/eclipse/jetty/jetty-server/9.2.28.v20190418/jetty-server-9.2.28.v20190418.jar\:/home/rtx/repair/defects4j/framework/projects/Jsoup/lib/lib/org/eclipse/jetty/jetty-servlet/9.2.22.v20170606/jetty-servlet-9.2.22.v20170606.jar\:/home/rtx/repair/defects4j/framework/projects/Jsoup/lib/lib/org/eclipse/jetty/jetty-servlet/9.2.26.v20180806/jetty-servlet-9.2.26.v20180806.jar\:/home/rtx/repair/defects4j/framework/projects/Jsoup/lib/lib/org/eclipse/jetty/jetty-servlet/9.2.28.v20190418/jetty-servlet-9.2.28.v20190418.jar\:/home/rtx/repair/defects4j/framework/projects/Jsoup/lib/lib/org/eclipse/jetty/jetty-util/9.2.22.v20170606/jetty-util-9.2.22.v20170606.jar\:/home/rtx/repair/defects4j/framework/projects/Jsoup/lib/lib/org/eclipse/jetty/jetty-util/9.2.26.v20180806/jetty-util-9.2.26.v20180806.jar\:/home/rtx/repair/defects4j/framework/projects/Jsoup/lib/lib/org/eclipse/jetty/jetty-util/9.2.28.v20190418/jetty-util-9.2.28.v20190418.jar\:/home/rtx/repair/defects4j/framework/projects/Jsoup/lib/lib/org/hamcrest/hamcrest-core/1.3/hamcrest-core-1.3.jar\:/home/rtx/repair/defects4j/framework/projects/Jsoup/lib/org/eclipse/jetty/jetty-http/9.2.22.v20170606/jetty-http-9.2.22.v20170606.jar\:/home/rtx/repair/defects4j/framework/projects/Jsoup/lib/org/eclipse/jetty/jetty-http/9.2.26.v20180806/jetty-http-9.2.26.v20180806.jar\:/home/rtx/repair/defects4j/framework/projects/Jsoup/lib/org/eclipse/jetty/jetty-http/9.2.28.v20190418/jetty-http-9.2.28.v20190418.jar\:/home/rtx/repair/defects4j/framework/projects/Jsoup/lib/org/eclipse/jetty/jetty-io/9.2.22.v20170606/jetty-io-9.2.22.v20170606.jar\:/home/rtx/repair/defects4j/framework/projects/Jsoup/lib/org/eclipse/jetty/jetty-io/9.2.26.v20180806/jetty-io-9.2.26.v20180806.jar\:/home/rtx/repair/defects4j/framework/projects/Jsoup/lib/org/eclipse/jetty/jetty-io/9.2.28.v20190418/jetty-io-9.2.28.v20190418.jar\:/home/rtx/repair/defects4j/framework/projects/Jsoup/lib/org/eclipse/jetty/jetty-security/9.2.22.v20170606/jetty-security-9.2.22.v20170606.jar\:/home/rtx/repair/defects4j/framework/projects/Jsoup/lib/org/eclipse/jetty/jetty-security/9.2.26.v20180806/jetty-security-9.2.26.v20180806.jar\:/home/rtx/repair/defects4j/framework/projects/Jsoup/lib/org/eclipse/jetty/jetty-security/9.2.28.v20190418/jetty-security-9.2.28.v20190418.jar\:/home/rtx/repair/defects4j/framework/projects/Jsoup/lib/org/eclipse/jetty/jetty-server/9.2.22.v20170606/jetty-server-9.2.22.v20170606.jar\:/home/rtx/repair/defects4j/framework/projects/Jsoup/lib/org/eclipse/jetty/jetty-server/9.2.26.v20180806/jetty-server-9.2.26.v20180806.jar\:/home/rtx/repair/defects4j/framework/projects/Jsoup/lib/org/eclipse/jetty/jetty-server/9.2.28.v20190418/jetty-server-9.2.28.v20190418.jar\:/home/rtx/repair/defects4j/framework/projects/Jsoup/lib/org/eclipse/jetty/jetty-servlet/9.2.22.v20170606/jetty-servlet-9.2.22.v20170606.jar\:/home/rtx/repair/defects4j/framework/projects/Jsoup/lib/org/eclipse/jetty/jetty-servlet/9.2.26.v20180806/jetty-servlet-9.2.26.v20180806.jar\:/home/rtx/repair/defects4j/framework/projects/Jsoup/lib/org/eclipse/jetty/jetty-servlet/9.2.28.v20190418/jetty-servlet-9.2.28.v20190418.jar\:/home/rtx/repair/defects4j/framework/projects/Jsoup/lib/org/eclipse/jetty/jetty-util/9.2.22.v20170606/jetty-util-9.2.22.v20170606.jar\:/home/rtx/repair/defects4j/framework/projects/Jsoup/lib/org/eclipse/jetty/jetty-util/9.2.26.v20180806/jetty-util-9.2.26.v20180806.jar\:/home/rtx/repair/defects4j/framework/projects/Jsoup/lib/org/eclipse/jetty/jetty-util/9.2.28.v20190418/jetty-util-9.2.28.v20190418.jar\:/home/rtx/repair/defects4j/framework/projects/Jsoup/lib/org/hamcrest/hamcrest-core/1.3/hamcrest-core-1.3.jar\:/home/rtx/repair/d4j/Jsoup/21b/target/classes
crossover=onepoint
97 [main] INFO clegoues.genprog4java.main.Main  - Configuration file loaded
9611 [main] INFO clegoues.genprog4java.rep.CachingRepresentation  - loaded from source clegoues.genprog4java.java.ClassInfo@b797885
17788 [main] INFO clegoues.genprog4java.rep.CachingRepresentation  - loaded from source clegoues.genprog4java.java.ClassInfo@124969f9
17788 [main] INFO clegoues.genprog4java.rep.CachingRepresentation  - sanity checking begins
18451 [main] INFO clegoues.genprog4java.rep.CachingRepresentation  - Checking test number 1 out of 9
18908 [main] INFO clegoues.genprog4java.rep.CachingRepresentation  - true (1)

18908 [main] INFO clegoues.genprog4java.rep.CachingRepresentation  - Checking test number 2 out of 9
19154 [main] INFO clegoues.genprog4java.rep.CachingRepresentation  - true (1)

19154 [main] INFO clegoues.genprog4java.rep.CachingRepresentation  - Checking test number 3 out of 9
19451 [main] INFO clegoues.genprog4java.rep.CachingRepresentation  - true (1)

19451 [main] INFO clegoues.genprog4java.rep.CachingRepresentation  - Checking test number 4 out of 9
19715 [main] INFO clegoues.genprog4java.rep.CachingRepresentation  - true (1)

19716 [main] INFO clegoues.genprog4java.rep.CachingRepresentation  - Checking test number 5 out of 9
19950 [main] INFO clegoues.genprog4java.rep.CachingRepresentation  - true (1)

19951 [main] INFO clegoues.genprog4java.rep.CachingRepresentation  - Checking test number 6 out of 9
20196 [main] INFO clegoues.genprog4java.rep.CachingRepresentation  - true (1)

20197 [main] INFO clegoues.genprog4java.rep.CachingRepresentation  - Checking test number 7 out of 9
20522 [main] INFO clegoues.genprog4java.rep.CachingRepresentation  - true (1)

20522 [main] INFO clegoues.genprog4java.rep.CachingRepresentation  - Checking test number 8 out of 9
20798 [main] INFO clegoues.genprog4java.rep.CachingRepresentation  - true (1)

20799 [main] INFO clegoues.genprog4java.rep.CachingRepresentation  - Checking test number 9 out of 9
21060 [main] INFO clegoues.genprog4java.rep.CachingRepresentation  - true (1)

21060 [main] INFO clegoues.genprog4java.rep.CachingRepresentation  - 	n1: 
21373 [main] INFO clegoues.genprog4java.rep.CachingRepresentation  - false (0)

21373 [main] INFO clegoues.genprog4java.rep.CachingRepresentation  - 	n2: 
21683 [main] INFO clegoues.genprog4java.rep.CachingRepresentation  - false (0)

21683 [main] INFO clegoues.genprog4java.rep.CachingRepresentation  - sanity checking completed (time taken = 3895)
21683 [main] INFO clegoues.genprog4java.localization.DefaultLocalization  - Start Fault Localization
21707 [main] INFO clegoues.genprog4java.localization.DefaultLocalization  - Finish Fault Localization
21707 [main] INFO clegoues.genprog4java.Search.Search  - search: genetic algorithm begins

22585 [main] INFO clegoues.genprog4java.fitness.Fitness  - 	 gen: 0 1.0 original (stored at: variant0)
23395 [main] INFO clegoues.genprog4java.fitness.Fitness  - 	 gen: 0 1.0 StmtDelete(142) (stored at: variant1)
24270 [main] INFO clegoues.genprog4java.fitness.Fitness  - 	 gen: 0 1.0 StmtDelete(156) (stored at: variant2)
24380 [main] ERROR clegoues.genprog4java.rep.JavaRepresentation  - org/jsoup/select/CombiningEvaluator.java:21: error: variable evaluators might not have been initialized
    }
    ^
1 error

24380 [main] INFO clegoues.genprog4java.rep.CachingRepresentation  - StmtDelete(2) at variant3 fails to compile

24380 [main] INFO clegoues.genprog4java.fitness.Fitness  - 	 gen: 0 0.0 StmtDelete(2) (stored at: variant3)
24471 [main] ERROR clegoues.genprog4java.rep.JavaRepresentation  - org/jsoup/select/QueryParser.java:249: error: cannot find symbol
        Validate.notEmpty(subQuery, ":has(el) subselect must not be empty");
                          ^
  symbol:   variable subQuery
  location: class QueryParser
org/jsoup/select/QueryParser.java:250: error: cannot find symbol
        evals.add(new StructuralEvaluator.Has(parse(subQuery)));
                                                    ^
  symbol:   variable subQuery
  location: class QueryParser
2 errors

24471 [main] INFO clegoues.genprog4java.rep.CachingRepresentation  - StmtAppend(182,123) at variant4 fails to compile

24472 [main] INFO clegoues.genprog4java.fitness.Fitness  - 	 gen: 0 0.0 StmtAppend(182,123) (stored at: variant4)
25487 [main] INFO clegoues.genprog4java.fitness.Fitness  - 	 gen: 0 1.0 StmtReplace(67,51) (stored at: variant5)
26262 [main] INFO clegoues.genprog4java.fitness.Fitness  - 	 gen: 0 1.0 StmtDelete(82) (stored at: variant6)
27049 [main] INFO clegoues.genprog4java.fitness.Fitness  - 	 gen: 0 1.0 StmtDelete(133) (stored at: variant7)
27735 [main] INFO clegoues.genprog4java.fitness.Fitness  - 	 gen: 0 1.0 StmtAppend(157,109) (stored at: variant8)
27790 [main] ERROR clegoues.genprog4java.rep.JavaRepresentation  - org/jsoup/select/QueryParser.java:70: error: cannot find symbol
                    or.add(parse(subQuery));
                                 ^
  symbol:   variable subQuery
  location: class QueryParser
1 error

27790 [main] INFO clegoues.genprog4java.rep.CachingRepresentation  - StmtAppend(57,42) at variant9 fails to compile

27790 [main] INFO clegoues.genprog4java.fitness.Fitness  - 	 gen: 0 0.0 StmtAppend(57,42) (stored at: variant9)
28528 [main] INFO clegoues.genprog4java.fitness.Fitness  - 	 gen: 0 0.0 StmtAppend(132,61) (stored at: variant10)
29295 [main] INFO clegoues.genprog4java.fitness.Fitness  - 	 gen: 0 1.0 StmtAppend(83,108) (stored at: variant11)
30001 [main] INFO clegoues.genprog4java.fitness.Fitness  - 	 gen: 0 0.0 StmtAppend(46,107) (stored at: variant12)
31161 [main] INFO clegoues.genprog4java.fitness.Fitness  - 	 gen: 0 0.0 StmtReplace(103,109) (stored at: variant13)
32446 [main] INFO clegoues.genprog4java.fitness.Fitness  - 	 gen: 0 1.0 StmtReplace(125,119) (stored at: variant14)
32531 [main] ERROR clegoues.genprog4java.rep.JavaRepresentation  - org/jsoup/select/CombiningEvaluator.java:58: error: call to super must be first statement in constructor
				super();
				     ^
1 error

32546 [main] INFO clegoues.genprog4java.rep.CachingRepresentation  - StmtAppend(18,20) at variant15 fails to compile

32546 [main] INFO clegoues.genprog4java.fitness.Fitness  - 	 gen: 0 0.0 StmtAppend(18,20) (stored at: variant15)
34306 [main] INFO clegoues.genprog4java.fitness.Fitness  - 	 gen: 0 1.0 StmtDelete(178) (stored at: variant16)
131361 [main] INFO clegoues.genprog4java.fitness.Fitness  - 	 gen: 0 1.0 StmtDelete(128) (stored at: variant17)
133171 [main] INFO clegoues.genprog4java.fitness.Fitness  - 	 gen: 0 0.0 StmtDelete(18) (stored at: variant18)
133260 [main] ERROR clegoues.genprog4java.rep.JavaRepresentation  - org/jsoup/select/CombiningEvaluator.java:25: error: variable evaluators might not have been initialized
        this.evaluators.addAll(evaluators);
            ^
1 error

133267 [main] INFO clegoues.genprog4java.rep.CachingRepresentation  - StmtDelete(4) at variant19 fails to compile

133268 [main] INFO clegoues.genprog4java.fitness.Fitness  - 	 gen: 0 0.0 StmtDelete(4) (stored at: variant19)
135487 [main] INFO clegoues.genprog4java.fitness.Fitness  - 	 gen: 0 1.0 StmtReplace(173,106) (stored at: variant20)
137441 [main] INFO clegoues.genprog4java.fitness.Fitness  - 	 gen: 0 1.0 StmtReplace(79,46) (stored at: variant21)
138967 [main] INFO clegoues.genprog4java.fitness.Fitness  - 	 gen: 0 1.0 StmtAppend(112,34) (stored at: variant22)
140724 [main] INFO clegoues.genprog4java.fitness.Fitness  - 	 gen: 0 1.0 StmtReplace(186,51) (stored at: variant23)
142740 [main] INFO clegoues.genprog4java.fitness.Fitness  - 	 gen: 0 1.0 StmtAppend(33,53) (stored at: variant24)
142809 [main] ERROR clegoues.genprog4java.rep.JavaRepresentation  - org/jsoup/select/CombiningEvaluator.java:25: error: variable evaluators might not have been initialized
        this.evaluators.addAll(evaluators);
            ^
1 error

142819 [main] INFO clegoues.genprog4java.rep.CachingRepresentation  - StmtDelete(4) at variant25 fails to compile

142820 [main] INFO clegoues.genprog4java.fitness.Fitness  - 	 gen: 0 0.0 StmtDelete(4) (stored at: variant25)
144697 [main] INFO clegoues.genprog4java.fitness.Fitness  - 	 gen: 0 1.0 StmtReplace(66,109) (stored at: variant26)
144778 [main] ERROR clegoues.genprog4java.rep.JavaRepresentation  - org/jsoup/select/QueryParser.java:263: error: cannot find symbol
        Validate.notEmpty(subQuery, ":has(el) subselect must not be empty");
                          ^
  symbol:   variable subQuery
  location: class QueryParser
org/jsoup/select/QueryParser.java:264: error: cannot find symbol
        evals.add(new StructuralEvaluator.Has(parse(subQuery)));
                                                    ^
  symbol:   variable subQuery
  location: class QueryParser
2 errors

144796 [main] INFO clegoues.genprog4java.rep.CachingRepresentation  - StmtAppend(182,109) at variant27 fails to compile

144796 [main] INFO clegoues.genprog4java.fitness.Fitness  - 	 gen: 0 0.0 StmtAppend(182,109) (stored at: variant27)
146663 [main] INFO clegoues.genprog4java.fitness.Fitness  - 	 gen: 0 1.0 StmtAppend(195,71) (stored at: variant28)
146693 [main] ERROR clegoues.genprog4java.rep.JavaRepresentation  - org/jsoup/select/QueryParser.java:25: error: ';' expected
    private QueryParser(String query) findElements();
                                     ^
1 error

146693 [main] INFO clegoues.genprog4java.rep.CachingRepresentation  - StmtReplace(33,46) at variant29 fails to compile

146694 [main] INFO clegoues.genprog4java.fitness.Fitness  - 	 gen: 0 0.0 StmtReplace(33,46) (stored at: variant29)
148546 [main] INFO clegoues.genprog4java.fitness.Fitness  - 	 gen: 0 1.0 StmtAppend(193,41) (stored at: variant30)
150392 [main] INFO clegoues.genprog4java.fitness.Fitness  - 	 gen: 0 1.0 StmtDelete(157) (stored at: variant31)
152221 [main] INFO clegoues.genprog4java.fitness.Fitness  - 	 gen: 0 1.0 StmtReplace(119,105) (stored at: variant32)
152235 [main] ERROR clegoues.genprog4java.rep.JavaRepresentation  - org/jsoup/select/CombiningEvaluator.java:37: error: ';' expected
        public boolean matches(Element root, Element node) for (Evaluator s:evaluators){if (s.matches(root,node))return true;}
                                                          ^
1 error

152235 [main] INFO clegoues.genprog4java.rep.CachingRepresentation  - StmtReplace(10,26) at variant33 fails to compile

152235 [main] INFO clegoues.genprog4java.fitness.Fitness  - 	 gen: 0 0.0 StmtReplace(10,26) (stored at: variant33)
154463 [main] INFO clegoues.genprog4java.fitness.Fitness  - 	 gen: 0 1.0 StmtReplace(181,53) (stored at: variant34)
154553 [main] ERROR clegoues.genprog4java.rep.JavaRepresentation  - org/jsoup/select/QueryParser.java:182: error: cannot find symbol
        Validate.notEmpty(key);
                          ^
  symbol:   variable key
  location: class QueryParser
org/jsoup/select/QueryParser.java:186: error: cannot find symbol
            if (key.startsWith("^"))
                ^
  symbol:   variable key
  location: class QueryParser
org/jsoup/select/QueryParser.java:187: error: cannot find symbol
                evals.add(new Evaluator.AttributeStarting(key.substring(1)));
                                                          ^
  symbol:   variable key
  location: class QueryParser
org/jsoup/select/QueryParser.java:189: error: cannot find symbol
                evals.add(new Evaluator.Attribute(key));
                                                  ^
  symbol:   variable key
  location: class QueryParser
org/jsoup/select/QueryParser.java:192: error: cannot find symbol
                evals.add(new Evaluator.AttributeWithValue(key, cq.remainder()));
                                                           ^
  symbol:   variable key
  location: class QueryParser
org/jsoup/select/QueryParser.java:195: error: cannot find symbol
                evals.add(new Evaluator.AttributeWithValueNot(key, cq.remainder()));
                                                              ^
  symbol:   variable key
  location: class QueryParser
org/jsoup/select/QueryParser.java:198: error: cannot find symbol
                evals.add(new Evaluator.AttributeWithValueStarting(key, cq.remainder()));
                                                                   ^
  symbol:   variable key
  location: class QueryParser
org/jsoup/select/QueryParser.java:201: error: cannot find symbol
                evals.add(new Evaluator.AttributeWithValueEnding(key, cq.remainder()));
                                                                 ^
  symbol:   variable key
  location: class QueryParser
org/jsoup/select/QueryParser.java:204: error: cannot find symbol
                evals.add(new Evaluator.AttributeWithValueContaining(key, cq.remainder()));
                                                                     ^
  symbol:   variable key
  location: class QueryParser
org/jsoup/select/QueryParser.java:207: error: cannot find symbol
                evals.add(new Evaluator.AttributeWithValueMatching(key, Pattern.compile(cq.remainder())));
                                                                   ^
  symbol:   variable key
  location: class QueryParser
10 errors

154589 [main] INFO clegoues.genprog4java.rep.CachingRepresentation  - StmtReplace(146,60) at variant35 fails to compile

154589 [main] INFO clegoues.genprog4java.fitness.Fitness  - 	 gen: 0 0.0 StmtReplace(146,60) (stored at: variant35)
156411 [main] INFO clegoues.genprog4java.fitness.Fitness  - 	 gen: 0 1.0 StmtAppend(147,110) (stored at: variant36)
158401 [main] INFO clegoues.genprog4java.fitness.Fitness  - 	 gen: 0 1.0 StmtReplace(119,117) (stored at: variant37)
160640 [main] INFO clegoues.genprog4java.fitness.Fitness  - 	 gen: 0 0.0 StmtAppend(54,66) (stored at: variant38)
162264 [main] INFO clegoues.genprog4java.fitness.Fitness  - 	 gen: 0 1.0 StmtDelete(181) (stored at: variant39)
162264 [main] INFO clegoues.genprog4java.Search.Search  - search: generation1
165091 [main] INFO clegoues.genprog4java.fitness.Fitness  - 	 gen: 1 1.0 StmtAppend(33,53) StmtReplace(67,40) (stored at: variant40)
167031 [main] INFO clegoues.genprog4java.fitness.Fitness  - 	 gen: 1 1.0 StmtAppend(157,109) StmtAppend(151,157) (stored at: variant41)
168601 [main] INFO clegoues.genprog4java.fitness.Fitness  - 	 gen: 1 1.0 StmtAppend(147,110) StmtDelete(196) (stored at: variant42)
170311 [main] INFO clegoues.genprog4java.fitness.Fitness  - 	 gen: 1 1.0 StmtAppend(195,71) StmtDelete(85) (stored at: variant43)
172266 [main] INFO clegoues.genprog4java.fitness.Fitness  - 	 gen: 1 0.0 StmtDelete(157) StmtAppend(48,105) (stored at: variant44)
174257 [main] INFO clegoues.genprog4java.fitness.Fitness  - 	 gen: 1 0.0 StmtDelete(181) StmtReplace(35,111) (stored at: variant45)
175981 [main] INFO clegoues.genprog4java.fitness.Fitness  - 	 gen: 1 1.0 StmtReplace(181,53) StmtReplace(197,106) (stored at: variant46)
177581 [main] INFO clegoues.genprog4java.fitness.Fitness  - 	 gen: 1 1.0 StmtAppend(147,110) StmtReplace(51,53) (stored at: variant47)
275157 [main] INFO clegoues.genprog4java.fitness.Fitness  - 	 gen: 1 1.0 StmtReplace(173,106) StmtDelete(121) (stored at: variant48)
277067 [main] INFO clegoues.genprog4java.fitness.Fitness  - 	 gen: 1 1.0 StmtAppend(147,110) StmtDelete(169) (stored at: variant49)
278694 [main] INFO clegoues.genprog4java.fitness.Fitness  - 	 gen: 1 1.0 StmtDelete(178) StmtDelete(112) (stored at: variant50)
280349 [main] INFO clegoues.genprog4java.fitness.Fitness  - 	 gen: 1 1.0 StmtAppend(157,109) StmtDelete(191) (stored at: variant51)
281885 [main] INFO clegoues.genprog4java.fitness.Fitness  - 	 gen: 1 1.0 StmtReplace(125,119) StmtAppend(93,106) (stored at: variant52)
283181 [main] INFO clegoues.genprog4java.fitness.Fitness  - 	 gen: 1 0.0 StmtReplace(66,109) StmtReplace(98,61) (stored at: variant53)
284200 [main] INFO clegoues.genprog4java.fitness.Fitness  - 	 gen: 1 1.0 StmtDelete(157) StmtAppend(71,47) (stored at: variant54)
285476 [main] INFO clegoues.genprog4java.fitness.Fitness  - 	 gen: 1 1.0 StmtAppend(195,71) StmtAppend(171,107) (stored at: variant55)
488410 [main] INFO clegoues.genprog4java.fitness.Fitness  - 	 gen: 1 0.0 StmtDelete(82) StmtAppend(90,33) (stored at: variant56)
488485 [main] ERROR clegoues.genprog4java.rep.JavaRepresentation  - org/jsoup/select/QueryParser.java:169: error: cannot find symbol
        Validate.notEmpty(className);
                          ^
  symbol:   variable className
  location: class QueryParser
org/jsoup/select/QueryParser.java:170: error: cannot find symbol
        evals.add(new Evaluator.Class(className.trim().toLowerCase()));
                                      ^
  symbol:   variable className
  location: class QueryParser
2 errors

488485 [main] INFO clegoues.genprog4java.rep.CachingRepresentation  - StmtReplace(67,51) StmtReplace(135,46) at variant57 fails to compile

488485 [main] INFO clegoues.genprog4java.fitness.Fitness  - 	 gen: 1 0.0 StmtReplace(67,51) StmtReplace(135,46) (stored at: variant57)
584849 [main] INFO clegoues.genprog4java.fitness.Fitness  - 	 gen: 1 1.0 StmtDelete(142) StmtDelete(108) (stored at: variant58)
776909 [main] INFO clegoues.genprog4java.fitness.Fitness  - 	 gen: 1 0.0 StmtDelete(82) StmtDelete(56) (stored at: variant59)
778584 [main] INFO clegoues.genprog4java.fitness.Fitness  - 	 gen: 1 0.0 StmtDelete(133) StmtDelete(164) (stored at: variant60)
874916 [main] INFO clegoues.genprog4java.fitness.Fitness  - 	 gen: 1 1.0 StmtDelete(128) StmtAppend(42,113) (stored at: variant61)
875491 [main] INFO clegoues.genprog4java.fitness.Fitness  - 	 gen: 1 0.0 StmtAppend(195,71) StmtReplace(133,121) (stored at: variant62)
875512 [main] ERROR clegoues.genprog4java.rep.JavaRepresentation  - org/jsoup/select/QueryParser.java:91: error: cannot find symbol
        Evaluator f = parse(subQuery);
                            ^
  symbol:   variable subQuery
  location: class QueryParser
1 error

875512 [main] INFO clegoues.genprog4java.rep.CachingRepresentation  - StmtDelete(178) StmtReplace(72,104) at variant63 fails to compile

875513 [main] INFO clegoues.genprog4java.fitness.Fitness  - 	 gen: 1 0.0 StmtDelete(178) StmtReplace(72,104) (stored at: variant63)
875538 [main] ERROR clegoues.genprog4java.rep.JavaRepresentation  - org/jsoup/select/QueryParser.java:241: error: cannot find symbol
        Validate.notEmpty(subQuery, ":has(el) subselect must not be empty");
                          ^
  symbol:   variable subQuery
  location: class QueryParser
org/jsoup/select/QueryParser.java:242: error: cannot find symbol
        evals.add(new StructuralEvaluator.Has(parse(subQuery)));
                                                    ^
  symbol:   variable subQuery
  location: class QueryParser
2 errors

875538 [main] INFO clegoues.genprog4java.rep.CachingRepresentation  - StmtDelete(157) StmtReplace(182,113) at variant64 fails to compile

875538 [main] INFO clegoues.genprog4java.fitness.Fitness  - 	 gen: 1 0.0 StmtDelete(157) StmtReplace(182,113) (stored at: variant64)
875578 [main] ERROR clegoues.genprog4java.rep.JavaRepresentation  - org/jsoup/select/QueryParser.java:114: error: unreachable statement
				sq.append(tq.consume());
				^
1 error

875578 [main] INFO clegoues.genprog4java.rep.CachingRepresentation  - StmtDelete(181) StmtAppend(97,98) at variant65 fails to compile

875578 [main] INFO clegoues.genprog4java.fitness.Fitness  - 	 gen: 1 0.0 StmtDelete(181) StmtAppend(97,98) (stored at: variant65)
876205 [main] INFO clegoues.genprog4java.fitness.Fitness  - 	 gen: 1 1.0 StmtAppend(193,41) StmtDelete(137) (stored at: variant66)
876228 [main] ERROR clegoues.genprog4java.rep.JavaRepresentation  - org/jsoup/select/QueryParser.java:96: error: variable e might not have been initialized
            evals.add(new CombiningEvaluator.And(f, new StructuralEvaluator.ImmediateParent(e)));
                                                                                            ^
org/jsoup/select/QueryParser.java:98: error: variable e might not have been initialized
            evals.add(new CombiningEvaluator.And(f, new StructuralEvaluator.Parent(e)));
                                                                                   ^
org/jsoup/select/QueryParser.java:100: error: variable e might not have been initialized
            evals.add(new CombiningEvaluator.And(f, new StructuralEvaluator.ImmediatePreviousSibling(e)));
                                                                                                     ^
org/jsoup/select/QueryParser.java:102: error: variable e might not have been initialized
            evals.add(new CombiningEvaluator.And(f, new StructuralEvaluator.PreviousSibling(e)));
                                                                                            ^
4 errors

876228 [main] INFO clegoues.genprog4java.rep.CachingRepresentation  - StmtAppend(33,53) StmtDelete(75) at variant67 fails to compile

876228 [main] INFO clegoues.genprog4java.fitness.Fitness  - 	 gen: 1 0.0 StmtAppend(33,53) StmtDelete(75) (stored at: variant67)
876252 [main] ERROR clegoues.genprog4java.rep.JavaRepresentation  - org/jsoup/select/QueryParser.java:114: error: cannot find symbol
        Evaluator f = parse(subQuery);
                            ^
  symbol:   variable subQuery
  location: class QueryParser
1 error

876252 [main] INFO clegoues.genprog4java.rep.CachingRepresentation  - StmtAppend(147,110) StmtAppend(72,111) at variant68 fails to compile

876252 [main] INFO clegoues.genprog4java.fitness.Fitness  - 	 gen: 1 0.0 StmtAppend(147,110) StmtAppend(72,111) (stored at: variant68)
876796 [main] INFO clegoues.genprog4java.fitness.Fitness  - 	 gen: 1 1.0 StmtAppend(147,110) StmtAppend(50,101) (stored at: variant69)
877296 [main] INFO clegoues.genprog4java.fitness.Fitness  - 	 gen: 1 1.0 StmtDelete(181) StmtDelete(29) (stored at: variant70)
973504 [main] INFO clegoues.genprog4java.fitness.Fitness  - 	 gen: 1 1.0 StmtDelete(156) StmtDelete(111) (stored at: variant71)
1165533 [main] INFO clegoues.genprog4java.fitness.Fitness  - 	 gen: 1 0.0 StmtDelete(109) (stored at: variant72)
1165554 [main] ERROR clegoues.genprog4java.rep.JavaRepresentation  - org/jsoup/select/QueryParser.java:180: error: cannot find symbol
        String key = cq.consumeToAny("=", "!=", "^=", "$=", "*=", "~="); // eq, not, start, end, contain, match, (no val)
                     ^
  symbol:   variable cq
  location: class QueryParser
org/jsoup/select/QueryParser.java:182: error: cannot find symbol
        cq.consumeWhitespace();
        ^
  symbol:   variable cq
  location: class QueryParser
org/jsoup/select/QueryParser.java:184: error: cannot find symbol
        if (cq.isEmpty()) {
            ^
  symbol:   variable cq
  location: class QueryParser
org/jsoup/select/QueryParser.java:190: error: cannot find symbol
            if (cq.matchChomp("="))
                ^
  symbol:   variable cq
  location: class QueryParser
org/jsoup/select/QueryParser.java:191: error: cannot find symbol
                evals.add(new Evaluator.AttributeWithValue(key, cq.remainder()));
                                                                ^
  symbol:   variable cq
  location: class QueryParser
org/jsoup/select/QueryParser.java:193: error: cannot find symbol
            else if (cq.matchChomp("!="))
                     ^
  symbol:   variable cq
  location: class QueryParser
org/jsoup/select/QueryParser.java:194: error: cannot find symbol
                evals.add(new Evaluator.AttributeWithValueNot(key, cq.remainder()));
                                                                   ^
  symbol:   variable cq
  location: class QueryParser
org/jsoup/select/QueryParser.java:196: error: cannot find symbol
            else if (cq.matchChomp("^="))
                     ^
  symbol:   variable cq
  location: class QueryParser
org/jsoup/select/QueryParser.java:197: error: cannot find symbol
                evals.add(new Evaluator.AttributeWithValueStarting(key, cq.remainder()));
                                                                        ^
  symbol:   variable cq
  location: class QueryParser
org/jsoup/select/QueryParser.java:199: error: cannot find symbol
            else if (cq.matchChomp("$="))
                     ^
  symbol:   variable cq
  location: class QueryParser
org/jsoup/select/QueryParser.java:200: error: cannot find symbol
                evals.add(new Evaluator.AttributeWithValueEnding(key, cq.remainder()));
                                                                      ^
  symbol:   variable cq
  location: class QueryParser
org/jsoup/select/QueryParser.java:202: error: cannot find symbol
            else if (cq.matchChomp("*="))
                     ^
  symbol:   variable cq
  location: class QueryParser
org/jsoup/select/QueryParser.java:203: error: cannot find symbol
                evals.add(new Evaluator.AttributeWithValueContaining(key, cq.remainder()));
                                                                          ^
  symbol:   variable cq
  location: class QueryParser
org/jsoup/select/QueryParser.java:205: error: cannot find symbol
            else if (cq.matchChomp("~="))
                     ^
  symbol:   variable cq
  location: class QueryParser
org/jsoup/select/QueryParser.java:206: error: cannot find symbol
                evals.add(new Evaluator.AttributeWithValueMatching(key, Pattern.compile(cq.remainder())));
                                                                                        ^
  symbol:   variable cq
  location: class QueryParser
org/jsoup/select/QueryParser.java:208: error: cannot find symbol
                throw new Selector.SelectorParseException("Could not parse attribute query '%s': unexpected token at '%s'", query, cq.remainder());
                                                                                                                                   ^
  symbol:   variable cq
  location: class QueryParser
16 errors

1165554 [main] INFO clegoues.genprog4java.rep.CachingRepresentation  - StmtReplace(173,106) StmtDelete(145) at variant73 fails to compile

1165554 [main] INFO clegoues.genprog4java.fitness.Fitness  - 	 gen: 1 0.0 StmtReplace(173,106) StmtDelete(145) (stored at: variant73)
1166046 [main] INFO clegoues.genprog4java.fitness.Fitness  - 	 gen: 1 1.0 StmtDelete(82) StmtReplace(22,5) (stored at: variant74)
1166528 [main] INFO clegoues.genprog4java.fitness.Fitness  - 	 gen: 1 1.0 StmtDelete(157) StmtDelete(132) (stored at: variant75)
1167068 [main] INFO clegoues.genprog4java.fitness.Fitness  - 	 gen: 1 1.0 StmtAppend(147,110) StmtReplace(118,47) (stored at: variant76)
1167532 [main] INFO clegoues.genprog4java.fitness.Fitness  - 	 gen: 1 1.0 StmtDelete(181) StmtReplace(64,108) (stored at: variant77)
1168037 [main] INFO clegoues.genprog4java.fitness.Fitness  - 	 gen: 1 1.0 StmtReplace(161,116) (stored at: variant78)
1168567 [main] INFO clegoues.genprog4java.fitness.Fitness  - 	 gen: 1 0.0 StmtReplace(79,46) StmtReplace(41,104) (stored at: variant79)
1169071 [main] INFO clegoues.genprog4java.fitness.Fitness  - 	 gen: 1 1.0 StmtAppend(157,63) (stored at: variant80)
1361105 [main] INFO clegoues.genprog4java.fitness.Fitness  - 	 gen: 1 0.0 StmtDelete(107) (stored at: variant81)
1361604 [main] INFO clegoues.genprog4java.fitness.Fitness  - 	 gen: 1 1.0 StmtDelete(29) (stored at: variant82)
1362218 [main] INFO clegoues.genprog4java.fitness.Fitness  - 	 gen: 1 1.0 StmtAppend(198,117) (stored at: variant83)
1362768 [main] INFO clegoues.genprog4java.fitness.Fitness  - 	 gen: 1 1.0 StmtReplace(84,108) (stored at: variant84)
1363474 [main] INFO clegoues.genprog4java.fitness.Fitness  - 	 gen: 1 0.0 StmtAppend(106,113) (stored at: variant85)
1363499 [main] ERROR clegoues.genprog4java.rep.JavaRepresentation  - org/jsoup/select/QueryParser.java:94: error: cannot find symbol
            evals.add(new CombiningEvaluator.And(f, new StructuralEvaluator.ImmediateParent(e)));
                                                 ^
  symbol:   variable f
  location: class QueryParser
org/jsoup/select/QueryParser.java:96: error: cannot find symbol
            evals.add(new CombiningEvaluator.And(f, new StructuralEvaluator.Parent(e)));
                                                 ^
  symbol:   variable f
  location: class QueryParser
org/jsoup/select/QueryParser.java:98: error: cannot find symbol
            evals.add(new CombiningEvaluator.And(f, new StructuralEvaluator.ImmediatePreviousSibling(e)));
                                                 ^
  symbol:   variable f
  location: class QueryParser
org/jsoup/select/QueryParser.java:100: error: cannot find symbol
            evals.add(new CombiningEvaluator.And(f, new StructuralEvaluator.PreviousSibling(e)));
                                                 ^
  symbol:   variable f
  location: class QueryParser
4 errors

1363499 [main] INFO clegoues.genprog4java.rep.CachingRepresentation  - StmtReplace(78,112) at variant86 fails to compile

1363499 [main] INFO clegoues.genprog4java.fitness.Fitness  - 	 gen: 1 0.0 StmtReplace(78,112) (stored at: variant86)
1363538 [main] ERROR clegoues.genprog4java.rep.JavaRepresentation  - org/jsoup/select/QueryParser.java:200: error: cannot find symbol
        Validate.notEmpty(key);
                          ^
  symbol:   variable key
  location: class QueryParser
org/jsoup/select/QueryParser.java:204: error: cannot find symbol
            if (key.startsWith("^"))
                ^
  symbol:   variable key
  location: class QueryParser
org/jsoup/select/QueryParser.java:205: error: cannot find symbol
                evals.add(new Evaluator.AttributeStarting(key.substring(1)));
                                                          ^
  symbol:   variable key
  location: class QueryParser
org/jsoup/select/QueryParser.java:207: error: cannot find symbol
                evals.add(new Evaluator.Attribute(key));
                                                  ^
  symbol:   variable key
  location: class QueryParser
org/jsoup/select/QueryParser.java:210: error: cannot find symbol
                evals.add(new Evaluator.AttributeWithValue(key, cq.remainder()));
                                                           ^
  symbol:   variable key
  location: class QueryParser
org/jsoup/select/QueryParser.java:213: error: cannot find symbol
                evals.add(new Evaluator.AttributeWithValueNot(key, cq.remainder()));
                                                              ^
  symbol:   variable key
  location: class QueryParser
org/jsoup/select/QueryParser.java:216: error: cannot find symbol
                evals.add(new Evaluator.AttributeWithValueStarting(key, cq.remainder()));
                                                                   ^
  symbol:   variable key
  location: class QueryParser
org/jsoup/select/QueryParser.java:219: error: cannot find symbol
                evals.add(new Evaluator.AttributeWithValueEnding(key, cq.remainder()));
                                                                 ^
  symbol:   variable key
  location: class QueryParser
org/jsoup/select/QueryParser.java:222: error: cannot find symbol
                evals.add(new Evaluator.AttributeWithValueContaining(key, cq.remainder()));
                                                                     ^
  symbol:   variable key
  location: class QueryParser
org/jsoup/select/QueryParser.java:225: error: cannot find symbol
                evals.add(new Evaluator.AttributeWithValueMatching(key, Pattern.compile(cq.remainder())));
                                                                   ^
  symbol:   variable key
  location: class QueryParser
10 errors

1363538 [main] INFO clegoues.genprog4java.rep.CachingRepresentation  - StmtAppend(146,47) at variant87 fails to compile

1363539 [main] INFO clegoues.genprog4java.fitness.Fitness  - 	 gen: 1 0.0 StmtAppend(146,47) (stored at: variant87)
1364087 [main] INFO clegoues.genprog4java.fitness.Fitness  - 	 gen: 1 1.0 StmtDelete(151) (stored at: variant88)
1364113 [main] ERROR clegoues.genprog4java.rep.JavaRepresentation  - org/jsoup/select/QueryParser.java:180: error: cannot find symbol
        String key = cq.consumeToAny("=", "!=", "^=", "$=", "*=", "~="); // eq, not, start, end, contain, match, (no val)
                     ^
  symbol:   variable cq
  location: class QueryParser
org/jsoup/select/QueryParser.java:182: error: cannot find symbol
        cq.consumeWhitespace();
        ^
  symbol:   variable cq
  location: class QueryParser
org/jsoup/select/QueryParser.java:184: error: cannot find symbol
        if (cq.isEmpty()) {
            ^
  symbol:   variable cq
  location: class QueryParser
org/jsoup/select/QueryParser.java:190: error: cannot find symbol
            if (cq.matchChomp("="))
                ^
  symbol:   variable cq
  location: class QueryParser
org/jsoup/select/QueryParser.java:191: error: cannot find symbol
                evals.add(new Evaluator.AttributeWithValue(key, cq.remainder()));
                                                                ^
  symbol:   variable cq
  location: class QueryParser
org/jsoup/select/QueryParser.java:193: error: cannot find symbol
            else if (cq.matchChomp("!="))
                     ^
  symbol:   variable cq
  location: class QueryParser
org/jsoup/select/QueryParser.java:194: error: cannot find symbol
                evals.add(new Evaluator.AttributeWithValueNot(key, cq.remainder()));
                                                                   ^
  symbol:   variable cq
  location: class QueryParser
org/jsoup/select/QueryParser.java:196: error: cannot find symbol
            else if (cq.matchChomp("^="))
                     ^
  symbol:   variable cq
  location: class QueryParser
org/jsoup/select/QueryParser.java:197: error: cannot find symbol
                evals.add(new Evaluator.AttributeWithValueStarting(key, cq.remainder()));
                                                                        ^
  symbol:   variable cq
  location: class QueryParser
org/jsoup/select/QueryParser.java:199: error: cannot find symbol
            else if (cq.matchChomp("$="))
                     ^
  symbol:   variable cq
  location: class QueryParser
org/jsoup/select/QueryParser.java:200: error: cannot find symbol
                evals.add(new Evaluator.AttributeWithValueEnding(key, cq.remainder()));
                                                                      ^
  symbol:   variable cq
  location: class QueryParser
org/jsoup/select/QueryParser.java:202: error: cannot find symbol
            else if (cq.matchChomp("*="))
                     ^
  symbol:   variable cq
  location: class QueryParser
org/jsoup/select/QueryParser.java:203: error: cannot find symbol
                evals.add(new Evaluator.AttributeWithValueContaining(key, cq.remainder()));
                                                                          ^
  symbol:   variable cq
  location: class QueryParser
org/jsoup/select/QueryParser.java:205: error: cannot find symbol
            else if (cq.matchChomp("~="))
                     ^
  symbol:   variable cq
  location: class QueryParser
org/jsoup/select/QueryParser.java:206: error: cannot find symbol
                evals.add(new Evaluator.AttributeWithValueMatching(key, Pattern.compile(cq.remainder())));
                                                                                        ^
  symbol:   variable cq
  location: class QueryParser
org/jsoup/select/QueryParser.java:208: error: cannot find symbol
                throw new Selector.SelectorParseException("Could not parse attribute query '%s': unexpected token at '%s'", query, cq.remainder());
                                                                                                                                   ^
  symbol:   variable cq
  location: class QueryParser
16 errors

1364113 [main] INFO clegoues.genprog4java.rep.CachingRepresentation  - StmtDelete(145) at variant89 fails to compile

1364113 [main] INFO clegoues.genprog4java.fitness.Fitness  - 	 gen: 1 0.0 StmtDelete(145) (stored at: variant89)
1364680 [main] INFO clegoues.genprog4java.fitness.Fitness  - 	 gen: 1 1.0 StmtReplace(21,22) (stored at: variant90)
1556738 [main] INFO clegoues.genprog4java.fitness.Fitness  - 	 gen: 1 0.0 StmtDelete(66) (stored at: variant91)
1558426 [main] INFO clegoues.genprog4java.fitness.Fitness  - 	 gen: 1 1.0 StmtDelete(166) (stored at: variant92)
1655524 [main] INFO clegoues.genprog4java.fitness.Fitness  - 	 gen: 1 1.0 StmtDelete(126) (stored at: variant93)
1657710 [main] INFO clegoues.genprog4java.fitness.Fitness  - 	 gen: 1 0.0 StmtReplace(68,115) (stored at: variant94)
1659495 [main] INFO clegoues.genprog4java.fitness.Fitness  - 	 gen: 1 1.0 StmtReplace(54,116) (stored at: variant95)
1661083 [main] INFO clegoues.genprog4java.fitness.Fitness  - 	 gen: 1 1.0 StmtReplace(66,103) (stored at: variant96)
1757366 [main] INFO clegoues.genprog4java.fitness.Fitness  - 	 gen: 1 1.0 StmtDelete(123) (stored at: variant97)
1758130 [main] INFO clegoues.genprog4java.fitness.Fitness  - 	 gen: 1 0.0 StmtAppend(51,113) (stored at: variant98)
1758155 [main] ERROR clegoues.genprog4java.rep.JavaRepresentation  - org/jsoup/select/CombiningEvaluator.java:38: error: missing return statement
		}
		^
1 error

1758155 [main] INFO clegoues.genprog4java.rep.CachingRepresentation  - StmtDelete(10) at variant99 fails to compile

1758155 [main] INFO clegoues.genprog4java.fitness.Fitness  - 	 gen: 1 0.0 StmtDelete(10) (stored at: variant99)
1854443 [main] INFO clegoues.genprog4java.fitness.Fitness  - 	 gen: 1 1.0 StmtDelete(91) (stored at: variant100)
1854453 [main] ERROR clegoues.genprog4java.rep.JavaRepresentation  - org/jsoup/select/CombiningEvaluator.java:37: error: ';' expected
        public boolean matches(Element root, Element node) if (evaluators.size() > 1)
                                                          ^
org/jsoup/select/CombiningEvaluator.java:39: error: illegal start of type
		else
		^
org/jsoup/select/CombiningEvaluator.java:39: error: ';' expected
		else
		    ^
org/jsoup/select/CombiningEvaluator.java:40: error: illegal start of type
			this.evaluators.addAll(evaluators);
			    ^
org/jsoup/select/CombiningEvaluator.java:40: error: ';' expected
			this.evaluators.addAll(evaluators);
			               ^
org/jsoup/select/CombiningEvaluator.java:40: error: invalid method declaration; return type required
			this.evaluators.addAll(evaluators);
			                ^
org/jsoup/select/CombiningEvaluator.java:40: error: <identifier> expected
			this.evaluators.addAll(evaluators);
			                                 ^
7 errors

1854454 [main] INFO clegoues.genprog4java.rep.CachingRepresentation  - StmtReplace(10,20) at variant101 fails to compile

1854454 [main] INFO clegoues.genprog4java.fitness.Fitness  - 	 gen: 1 0.0 StmtReplace(10,20) (stored at: variant101)
1854492 [main] ERROR clegoues.genprog4java.rep.JavaRepresentation  - org/jsoup/select/QueryParser.java:163: error: cannot find symbol
        Validate.notEmpty(className);
                          ^
  symbol:   variable className
  location: class QueryParser
org/jsoup/select/QueryParser.java:164: error: cannot find symbol
        evals.add(new Evaluator.Class(className.trim().toLowerCase()));
                                      ^
  symbol:   variable className
  location: class QueryParser
2 errors

1854492 [main] INFO clegoues.genprog4java.rep.CachingRepresentation  - StmtDelete(135) at variant102 fails to compile

1854492 [main] INFO clegoues.genprog4java.fitness.Fitness  - 	 gen: 1 0.0 StmtDelete(135) (stored at: variant102)
1950751 [main] INFO clegoues.genprog4java.fitness.Fitness  - 	 gen: 1 1.0 StmtDelete(117) (stored at: variant103)
1950770 [main] ERROR clegoues.genprog4java.rep.JavaRepresentation  - org/jsoup/select/QueryParser.java:246: error: cannot find symbol
        Validate.notEmpty(searchText, ":contains(text) query must not be empty");
                          ^
  symbol:   variable searchText
  location: class QueryParser
org/jsoup/select/QueryParser.java:248: error: cannot find symbol
            evals.add(new Evaluator.ContainsOwnText(searchText));
                                                    ^
  symbol:   variable searchText
  location: class QueryParser
org/jsoup/select/QueryParser.java:250: error: cannot find symbol
            evals.add(new Evaluator.ContainsText(searchText));
                                                 ^
  symbol:   variable searchText
  location: class QueryParser
3 errors

1950770 [main] INFO clegoues.genprog4java.rep.CachingRepresentation  - StmtReplace(187,169) at variant104 fails to compile

1950770 [main] INFO clegoues.genprog4java.fitness.Fitness  - 	 gen: 1 0.0 StmtReplace(187,169) (stored at: variant104)
1950789 [main] ERROR clegoues.genprog4java.rep.JavaRepresentation  - org/jsoup/select/QueryParser.java:82: error: cannot find symbol
                    or.add(parse(subQuery));
                                 ^
  symbol:   variable subQuery
  location: class QueryParser
1 error

1950789 [main] INFO clegoues.genprog4java.rep.CachingRepresentation  - StmtReplace(57,113) at variant105 fails to compile

1950789 [main] INFO clegoues.genprog4java.fitness.Fitness  - 	 gen: 1 0.0 StmtReplace(57,113) (stored at: variant105)
1951332 [main] INFO clegoues.genprog4java.fitness.Fitness  - 	 gen: 1 1.0 StmtAppend(23,20) (stored at: variant106)
2143370 [main] INFO clegoues.genprog4java.fitness.Fitness  - 	 gen: 1 0.0 StmtDelete(113) (stored at: variant107)
2143370 [main] INFO clegoues.genprog4java.Search.Search  - search: generation2
2144294 [main] INFO clegoues.genprog4java.fitness.Fitness  - 	 gen: 2 0.0 StmtReplace(161,116) StmtAppend(35,105) (stored at: variant108)
2144787 [main] INFO clegoues.genprog4java.fitness.Fitness  - 	 gen: 2 1.0 StmtReplace(54,116) StmtAppend(86,83) (stored at: variant109)
2145494 [main] INFO clegoues.genprog4java.fitness.Fitness  - 	 gen: 2 0.0 StmtAppend(147,110) StmtAppend(50,101) StmtReplace(90,113) (stored at: variant110)
2146247 [main] INFO clegoues.genprog4java.fitness.Fitness  - 	 gen: 2 0.0 StmtAppend(157,109) StmtAppend(151,157) StmtReplace(68,105) (stored at: variant111)
2146281 [main] ERROR clegoues.genprog4java.rep.JavaRepresentation  - org/jsoup/select/QueryParser.java:166: error: cannot find symbol
        Validate.notEmpty(className);
                          ^
  symbol:   variable className
  location: class QueryParser
org/jsoup/select/QueryParser.java:167: error: cannot find symbol
        evals.add(new Evaluator.Class(className.trim().toLowerCase()));
                                      ^
  symbol:   variable className
  location: class QueryParser
2 errors

2146281 [main] INFO clegoues.genprog4java.rep.CachingRepresentation  - StmtDelete(157) StmtDelete(132) StmtAppend(135,43) at variant112 fails to compile

2146281 [main] INFO clegoues.genprog4java.fitness.Fitness  - 	 gen: 2 0.0 StmtDelete(157) StmtDelete(132) StmtAppend(135,43) (stored at: variant112)
2146891 [main] INFO clegoues.genprog4java.fitness.Fitness  - 	 gen: 2 0.0 StmtDelete(157) StmtAppend(71,47) StmtAppend(137,46) (stored at: variant113)
2147422 [main] INFO clegoues.genprog4java.fitness.Fitness  - 	 gen: 2 0.0 StmtDelete(151) StmtReplace(196,109) (stored at: variant114)
2147975 [main] INFO clegoues.genprog4java.fitness.Fitness  - 	 gen: 2 1.0 StmtDelete(151) StmtReplace(119,181) (stored at: variant115)
2148012 [main] ERROR clegoues.genprog4java.rep.JavaRepresentation  - org/jsoup/select/CombiningEvaluator.java:20: error: call to super must be first statement in constructor
			super(evaluators);
			     ^
1 error

2148012 [main] INFO clegoues.genprog4java.rep.CachingRepresentation  - StmtDelete(157) StmtAppend(71,47) StmtReplace(2,6) at variant116 fails to compile

2148012 [main] INFO clegoues.genprog4java.fitness.Fitness  - 	 gen: 2 0.0 StmtDelete(157) StmtAppend(71,47) StmtReplace(2,6) (stored at: variant116)
2148756 [main] INFO clegoues.genprog4java.fitness.Fitness  - 	 gen: 2 0.0 StmtAppend(157,109) StmtAppend(151,157) StmtReplace(56,122) (stored at: variant117)
2149308 [main] INFO clegoues.genprog4java.fitness.Fitness  - 	 gen: 2 1.0 StmtReplace(54,116) StmtAppend(42,61) (stored at: variant118)
2149812 [main] INFO clegoues.genprog4java.fitness.Fitness  - 	 gen: 2 1.0 StmtAppend(157,63) StmtAppend(198,41) (stored at: variant119)
2150364 [main] INFO clegoues.genprog4java.fitness.Fitness  - 	 gen: 2 1.0 StmtAppend(33,53) StmtReplace(67,40) StmtDelete(149) (stored at: variant120)
2150907 [main] INFO clegoues.genprog4java.fitness.Fitness  - 	 gen: 2 0.0 StmtAppend(193,41) StmtDelete(137) StmtReplace(27,21) (stored at: variant121)
2151454 [main] INFO clegoues.genprog4java.fitness.Fitness  - 	 gen: 2 1.0 StmtDelete(166) StmtDelete(188) (stored at: variant122)
2152000 [main] INFO clegoues.genprog4java.fitness.Fitness  - 	 gen: 2 1.0 StmtReplace(161,116) StmtAppend(71,124) (stored at: variant123)
2152522 [main] INFO clegoues.genprog4java.fitness.Fitness  - 	 gen: 2 1.0 StmtReplace(161,116) StmtReplace(118,109) (stored at: variant124)
2248752 [main] INFO clegoues.genprog4java.fitness.Fitness  - 	 gen: 2 1.0 StmtAppend(23,20) StmtDelete(108) (stored at: variant125)
2249222 [main] INFO clegoues.genprog4java.fitness.Fitness  - 	 gen: 2 1.0 StmtDelete(29) StmtDelete(42) (stored at: variant126)
2249254 [main] ERROR clegoues.genprog4java.rep.JavaRepresentation  - org/jsoup/select/QueryParser.java:252: error: cannot find symbol
        Validate.notEmpty(searchText, ":contains(text) query must not be empty");
                          ^
  symbol:   variable searchText
  location: class QueryParser
org/jsoup/select/QueryParser.java:254: error: cannot find symbol
            evals.add(new Evaluator.ContainsOwnText(searchText));
                                                    ^
  symbol:   variable searchText
  location: class QueryParser
org/jsoup/select/QueryParser.java:256: error: cannot find symbol
            evals.add(new Evaluator.ContainsText(searchText));
                                                 ^
  symbol:   variable searchText
  location: class QueryParser
3 errors

2249254 [main] INFO clegoues.genprog4java.rep.CachingRepresentation  - StmtDelete(157) StmtAppend(71,47) StmtDelete(187) at variant127 fails to compile

2249254 [main] INFO clegoues.genprog4java.fitness.Fitness  - 	 gen: 2 0.0 StmtDelete(157) StmtAppend(71,47) StmtDelete(187) (stored at: variant127)
2249278 [main] ERROR clegoues.genprog4java.rep.JavaRepresentation  - org/jsoup/select/QueryParser.java:255: error: cannot find symbol
        Validate.notEmpty(searchText, ":contains(text) query must not be empty");
                          ^
  symbol:   variable searchText
  location: class QueryParser
org/jsoup/select/QueryParser.java:257: error: cannot find symbol
            evals.add(new Evaluator.ContainsOwnText(searchText));
                                                    ^
  symbol:   variable searchText
  location: class QueryParser
org/jsoup/select/QueryParser.java:259: error: cannot find symbol
            evals.add(new Evaluator.ContainsText(searchText));
                                                 ^
  symbol:   variable searchText
  location: class QueryParser
3 errors

2249278 [main] INFO clegoues.genprog4java.rep.CachingRepresentation  - StmtAppend(157,63) StmtReplace(187,123) at variant128 fails to compile

2249278 [main] INFO clegoues.genprog4java.fitness.Fitness  - 	 gen: 2 0.0 StmtAppend(157,63) StmtReplace(187,123) (stored at: variant128)
2249851 [main] INFO clegoues.genprog4java.fitness.Fitness  - 	 gen: 2 0.0 StmtReplace(161,116) StmtDelete(150) (stored at: variant129)
2250362 [main] INFO clegoues.genprog4java.fitness.Fitness  - 	 gen: 2 0.0 StmtDelete(29) StmtAppend(106,61) (stored at: variant130)
2251050 [main] INFO clegoues.genprog4java.fitness.Fitness  - 	 gen: 2 0.0 StmtDelete(82) StmtReplace(22,5) StmtAppend(140,42) (stored at: variant131)
2348055 [main] INFO clegoues.genprog4java.fitness.Fitness  - 	 gen: 2 0.0 StmtDelete(181) StmtReplace(64,108) StmtDelete(119) (stored at: variant132)
2349930 [main] INFO clegoues.genprog4java.fitness.Fitness  - 	 gen: 2 1.0 StmtReplace(54,116) StmtAppend(115,119) (stored at: variant133)
2351517 [main] INFO clegoues.genprog4java.fitness.Fitness  - 	 gen: 2 1.0 StmtReplace(84,108) StmtAppend(133,119) (stored at: variant134)
2352336 [main] INFO clegoues.genprog4java.fitness.Fitness  - 	 gen: 2 1.0 StmtAppend(147,110) StmtAppend(50,101) StmtAppend(63,104) (stored at: variant135)
2354140 [main] INFO clegoues.genprog4java.fitness.Fitness  - 	 gen: 2 0.0 StmtReplace(21,22) StmtAppend(34,111) (stored at: variant136)
2354202 [main] ERROR clegoues.genprog4java.rep.JavaRepresentation  - org/jsoup/select/CombiningEvaluator.java:37: error: unreachable statement
        public boolean matches(Element root, Element node) {{for (Evaluator s:evaluators){if (!s.matches(root,node))return false;}return true;}{for (Evaluator s:evaluators){if (!s.matches(root,node))return false;}return true;}}
                                                                                                                                               ^
1 error

2354202 [main] INFO clegoues.genprog4java.rep.CachingRepresentation  - StmtAppend(195,71) StmtAppend(171,107) StmtAppend(10,10) at variant137 fails to compile

2354202 [main] INFO clegoues.genprog4java.fitness.Fitness  - 	 gen: 2 0.0 StmtAppend(195,71) StmtAppend(171,107) StmtAppend(10,10) (stored at: variant137)
2355222 [main] INFO clegoues.genprog4java.fitness.Fitness  - 	 gen: 2 1.0 StmtReplace(161,116) StmtReplace(190,101) (stored at: variant138)
2355915 [main] INFO clegoues.genprog4java.fitness.Fitness  - 	 gen: 2 1.0 StmtDelete(178) StmtDelete(112) StmtAppend(104,171) (stored at: variant139)
2355938 [main] ERROR clegoues.genprog4java.rep.JavaRepresentation  - org/jsoup/select/QueryParser.java:117: error: cannot find symbol
            evals.add(new CombiningEvaluator.And(f, new StructuralEvaluator.ImmediateParent(e)));
                                                 ^
  symbol:   variable f
  location: class QueryParser
org/jsoup/select/QueryParser.java:119: error: cannot find symbol
            evals.add(new CombiningEvaluator.And(f, new StructuralEvaluator.Parent(e)));
                                                 ^
  symbol:   variable f
  location: class QueryParser
org/jsoup/select/QueryParser.java:121: error: cannot find symbol
            evals.add(new CombiningEvaluator.And(f, new StructuralEvaluator.ImmediatePreviousSibling(e)));
                                                 ^
  symbol:   variable f
  location: class QueryParser
org/jsoup/select/QueryParser.java:123: error: cannot find symbol
            evals.add(new CombiningEvaluator.And(f, new StructuralEvaluator.PreviousSibling(e)));
                                                 ^
  symbol:   variable f
  location: class QueryParser
4 errors

2355938 [main] INFO clegoues.genprog4java.rep.CachingRepresentation  - StmtDelete(126) StmtAppend(78,111) at variant140 fails to compile

2355939 [main] INFO clegoues.genprog4java.fitness.Fitness  - 	 gen: 2 0.0 StmtDelete(126) StmtAppend(78,111) (stored at: variant140)
2356864 [main] INFO clegoues.genprog4java.fitness.Fitness  - 	 gen: 2 1.0 StmtAppend(198,117) StmtAppend(119,103) (stored at: variant141)
2356882 [main] ERROR clegoues.genprog4java.rep.JavaRepresentation  - org/jsoup/select/QueryParser.java:25: error: ';' expected
    private QueryParser(String query) combinator(tq.consume());
                                     ^
1 error

2356882 [main] INFO clegoues.genprog4java.rep.CachingRepresentation  - StmtAppend(157,109) StmtDelete(191) StmtReplace(33,44) at variant142 fails to compile

2356882 [main] INFO clegoues.genprog4java.fitness.Fitness  - 	 gen: 2 0.0 StmtAppend(157,109) StmtDelete(191) StmtReplace(33,44) (stored at: variant142)
2357921 [main] INFO clegoues.genprog4java.fitness.Fitness  - 	 gen: 2 1.0 StmtAppend(157,109) StmtAppend(151,157) StmtAppend(128,41) (stored at: variant143)
2454193 [main] INFO clegoues.genprog4java.fitness.Fitness  - 	 gen: 2 1.0 StmtAppend(147,110) StmtDelete(196) StmtDelete(66) (stored at: variant144)
2454218 [main] ERROR clegoues.genprog4java.rep.JavaRepresentation  - org/jsoup/select/QueryParser.java:241: error: cannot find symbol
        Validate.notEmpty(subQuery, ":has(el) subselect must not be empty");
                          ^
  symbol:   variable subQuery
  location: class QueryParser
org/jsoup/select/QueryParser.java:242: error: cannot find symbol
        evals.add(new StructuralEvaluator.Has(parse(subQuery)));
                                                    ^
  symbol:   variable subQuery
  location: class QueryParser
2 errors

2454218 [main] INFO clegoues.genprog4java.rep.CachingRepresentation  - StmtReplace(181,53) StmtReplace(197,106) StmtAppend(182,61) at variant145 fails to compile

2454218 [main] INFO clegoues.genprog4java.fitness.Fitness  - 	 gen: 2 0.0 StmtReplace(181,53) StmtReplace(197,106) StmtAppend(182,61) (stored at: variant145)
2454982 [main] INFO clegoues.genprog4java.fitness.Fitness  - 	 gen: 2 1.0 StmtAppend(147,110) StmtReplace(118,47) StmtReplace(184,118) (stored at: variant146)
2455587 [main] INFO clegoues.genprog4java.fitness.Fitness  - 	 gen: 2 1.0 StmtAppend(195,71) StmtDelete(85) StmtDelete(155) (stored at: variant147)
2456285 [main] INFO clegoues.genprog4java.fitness.Fitness  - 	 gen: 2 1.0 StmtDelete(47) (stored at: variant148)
2457138 [main] INFO clegoues.genprog4java.fitness.Fitness  - 	 gen: 2 1.0 StmtAppend(202,43) (stored at: variant149)
2457812 [main] INFO clegoues.genprog4java.fitness.Fitness  - 	 gen: 2 1.0 StmtAppend(147,110) StmtAppend(66,128) (stored at: variant150)
2458414 [main] INFO clegoues.genprog4java.fitness.Fitness  - 	 gen: 2 0.0 StmtReplace(113,200) (stored at: variant151)
2459050 [main] INFO clegoues.genprog4java.fitness.Fitness  - 	 gen: 2 1.0 StmtAppend(157,109) StmtReplace(22,5) StmtDelete(132) (stored at: variant152)
2774084 [main] INFO clegoues.genprog4java.fitness.Fitness  - 	 gen: 2 0.0 StmtReplace(108,169) (stored at: variant153)
2774698 [main] INFO clegoues.genprog4java.fitness.Fitness  - 	 gen: 2 0.0 StmtReplace(64,108) StmtReplace(122,47) (stored at: variant154)
2775259 [main] INFO clegoues.genprog4java.fitness.Fitness  - 	 gen: 2 1.0 StmtDelete(132) StmtDelete(163) (stored at: variant155)
2775822 [main] INFO clegoues.genprog4java.fitness.Fitness  - 	 gen: 2 0.0 StmtReplace(98,117) (stored at: variant156)
2776349 [main] INFO clegoues.genprog4java.fitness.Fitness  - 	 gen: 2 0.0 StmtAppend(71,47) StmtDelete(93) (stored at: variant157)
2888332 [main] INFO clegoues.genprog4java.fitness.Fitness  - 	 gen: 2 0.0 StmtAppend(50,101) StmtReplace(101,33) (stored at: variant158)
2889025 [main] INFO clegoues.genprog4java.fitness.Fitness  - 	 gen: 2 0.0 StmtAppend(136,109) (stored at: variant159)
2889048 [main] ERROR clegoues.genprog4java.rep.JavaRepresentation  - org/jsoup/select/QueryParser.java:67: error: cannot find symbol
                    or.add(parse(subQuery));
                                 ^
  symbol:   variable subQuery
  location: class QueryParser
1 error

2889048 [main] INFO clegoues.genprog4java.rep.CachingRepresentation  - StmtAppend(157,109) StmtAppend(57,104) at variant160 fails to compile

2889048 [main] INFO clegoues.genprog4java.fitness.Fitness  - 	 gen: 2 0.0 StmtAppend(157,109) StmtAppend(57,104) (stored at: variant160)
2889073 [main] ERROR clegoues.genprog4java.rep.JavaRepresentation  - org/jsoup/select/QueryParser.java:185: error: cannot find symbol
        String key = cq.consumeToAny("=", "!=", "^=", "$=", "*=", "~="); // eq, not, start, end, contain, match, (no val)
                     ^
  symbol:   variable cq
  location: class QueryParser
org/jsoup/select/QueryParser.java:187: error: cannot find symbol
        cq.consumeWhitespace();
        ^
  symbol:   variable cq
  location: class QueryParser
org/jsoup/select/QueryParser.java:189: error: cannot find symbol
        if (cq.isEmpty()) {
            ^
  symbol:   variable cq
  location: class QueryParser
org/jsoup/select/QueryParser.java:195: error: cannot find symbol
            if (cq.matchChomp("="))
                ^
  symbol:   variable cq
  location: class QueryParser
org/jsoup/select/QueryParser.java:196: error: cannot find symbol
                evals.add(new Evaluator.AttributeWithValue(key, cq.remainder()));
                                                                ^
  symbol:   variable cq
  location: class QueryParser
org/jsoup/select/QueryParser.java:198: error: cannot find symbol
            else if (cq.matchChomp("!="))
                     ^
  symbol:   variable cq
  location: class QueryParser
org/jsoup/select/QueryParser.java:199: error: cannot find symbol
                evals.add(new Evaluator.AttributeWithValueNot(key, cq.remainder()));
                                                                   ^
  symbol:   variable cq
  location: class QueryParser
org/jsoup/select/QueryParser.java:201: error: cannot find symbol
            else if (cq.matchChomp("^="))
                     ^
  symbol:   variable cq
  location: class QueryParser
org/jsoup/select/QueryParser.java:202: error: cannot find symbol
                evals.add(new Evaluator.AttributeWithValueStarting(key, cq.remainder()));
                                                                        ^
  symbol:   variable cq
  location: class QueryParser
org/jsoup/select/QueryParser.java:204: error: cannot find symbol
            else if (cq.matchChomp("$="))
                     ^
  symbol:   variable cq
  location: class QueryParser
org/jsoup/select/QueryParser.java:205: error: cannot find symbol
                evals.add(new Evaluator.AttributeWithValueEnding(key, cq.remainder()));
                                                                      ^
  symbol:   variable cq
  location: class QueryParser
org/jsoup/select/QueryParser.java:207: error: cannot find symbol
            else if (cq.matchChomp("*="))
                     ^
  symbol:   variable cq
  location: class QueryParser
org/jsoup/select/QueryParser.java:208: error: cannot find symbol
                evals.add(new Evaluator.AttributeWithValueContaining(key, cq.remainder()));
                                                                          ^
  symbol:   variable cq
  location: class QueryParser
org/jsoup/select/QueryParser.java:210: error: cannot find symbol
            else if (cq.matchChomp("~="))
                     ^
  symbol:   variable cq
  location: class QueryParser
org/jsoup/select/QueryParser.java:211: error: cannot find symbol
                evals.add(new Evaluator.AttributeWithValueMatching(key, Pattern.compile(cq.remainder())));
                                                                                        ^
  symbol:   variable cq
  location: class QueryParser
org/jsoup/select/QueryParser.java:213: error: cannot find symbol
                throw new Selector.SelectorParseException("Could not parse attribute query '%s': unexpected token at '%s'", query, cq.remainder());
                                                                                                                                   ^
  symbol:   variable cq
  location: class QueryParser
16 errors

2889073 [main] INFO clegoues.genprog4java.rep.CachingRepresentation  - StmtAppend(195,71) StmtReplace(145,125) at variant161 fails to compile

2889073 [main] INFO clegoues.genprog4java.fitness.Fitness  - 	 gen: 2 0.0 StmtAppend(195,71) StmtReplace(145,125) (stored at: variant161)
2889102 [main] ERROR clegoues.genprog4java.rep.JavaRepresentation  - org/jsoup/select/QueryParser.java:92: error: variable e might not have been initialized
            evals.add(new CombiningEvaluator.And(f, new StructuralEvaluator.ImmediateParent(e)));
                                                                                            ^
org/jsoup/select/QueryParser.java:94: error: variable e might not have been initialized
            evals.add(new CombiningEvaluator.And(f, new StructuralEvaluator.Parent(e)));
                                                                                   ^
org/jsoup/select/QueryParser.java:96: error: variable e might not have been initialized
            evals.add(new CombiningEvaluator.And(f, new StructuralEvaluator.ImmediatePreviousSibling(e)));
                                                                                                     ^
org/jsoup/select/QueryParser.java:98: error: variable e might not have been initialized
            evals.add(new CombiningEvaluator.And(f, new StructuralEvaluator.PreviousSibling(e)));
                                                                                            ^
4 errors

2889102 [main] INFO clegoues.genprog4java.rep.CachingRepresentation  - StmtDelete(74) at variant162 fails to compile

2889102 [main] INFO clegoues.genprog4java.fitness.Fitness  - 	 gen: 2 0.0 StmtDelete(74) (stored at: variant162)
2986063 [main] INFO clegoues.genprog4java.fitness.Fitness  - 	 gen: 2 1.0 StmtDelete(137) StmtDelete(109) (stored at: variant163)
2987755 [main] INFO clegoues.genprog4java.fitness.Fitness  - 	 gen: 2 0.0 StmtAppend(151,157) StmtDelete(81) (stored at: variant164)
3179883 [main] INFO clegoues.genprog4java.fitness.Fitness  - 	 gen: 2 0.0 StmtDelete(98) (stored at: variant165)
3179883 [main] INFO clegoues.genprog4java.Search.Search  - search: generation3
3181017 [main] INFO clegoues.genprog4java.fitness.Fitness  - 	 gen: 3 0.0 StmtDelete(82) StmtReplace(22,5) StmtAppend(140,42) StmtAppend(77,102) (stored at: variant166)
3181050 [main] ERROR clegoues.genprog4java.rep.JavaRepresentation  - org/jsoup/select/CombiningEvaluator.java:25: error: variable evaluators might not have been initialized
        this.evaluators.addAll(evaluators);
            ^
1 error

3181051 [main] INFO clegoues.genprog4java.rep.CachingRepresentation  - StmtDelete(166) StmtDelete(188) StmtDelete(4) at variant167 fails to compile

3181051 [main] INFO clegoues.genprog4java.fitness.Fitness  - 	 gen: 3 0.0 StmtDelete(166) StmtDelete(188) StmtDelete(4) (stored at: variant167)
3181070 [main] ERROR clegoues.genprog4java.rep.JavaRepresentation  - org/jsoup/select/CombiningEvaluator.java:37: error: ';' expected
        public boolean matches(Element root, Element node) for (Evaluator s:evaluators){if (s.matches(root,node))return true;}
                                                          ^
1 error

3181071 [main] INFO clegoues.genprog4java.rep.CachingRepresentation  - StmtReplace(161,116) StmtReplace(190,101) StmtReplace(10,26) at variant168 fails to compile

3181071 [main] INFO clegoues.genprog4java.fitness.Fitness  - 	 gen: 3 0.0 StmtReplace(161,116) StmtReplace(190,101) StmtReplace(10,26) (stored at: variant168)
3181806 [main] INFO clegoues.genprog4java.fitness.Fitness  - 	 gen: 3 0.0 StmtAppend(147,110) StmtAppend(66,128) StmtDelete(143) (stored at: variant169)
3182480 [main] INFO clegoues.genprog4java.fitness.Fitness  - 	 gen: 3 1.0 StmtDelete(178) StmtDelete(112) StmtAppend(104,171) StmtDelete(186) (stored at: variant170)
3183165 [main] INFO clegoues.genprog4java.fitness.Fitness  - 	 gen: 3 0.0 StmtReplace(54,116) StmtAppend(115,119) StmtReplace(18,6) (stored at: variant171)
3183793 [main] INFO clegoues.genprog4java.fitness.Fitness  - 	 gen: 3 1.0 StmtAppend(157,63) StmtAppend(198,41) StmtAppend(102,128) (stored at: variant172)
3184090 [main] INFO clegoues.genprog4java.fitness.Fitness  - 	 gen: 3 1.0 StmtAppend(195,71) StmtDelete(85) StmtDelete(155) StmtAppend(156,158) (stored at: variant173)
3184782 [main] INFO clegoues.genprog4java.fitness.Fitness  - 	 gen: 3 1.0 StmtDelete(151) StmtReplace(119,181) StmtDelete(191) (stored at: variant174)
3185425 [main] INFO clegoues.genprog4java.fitness.Fitness  - 	 gen: 3 1.0 StmtDelete(29) StmtDelete(42) StmtDelete(153) (stored at: variant175)
3185462 [main] ERROR clegoues.genprog4java.rep.JavaRepresentation  - org/jsoup/select/QueryParser.java:80: error: missing return statement
    }
    ^
1 error

3185462 [main] INFO clegoues.genprog4java.rep.CachingRepresentation  - StmtDelete(132) StmtDelete(163) StmtDelete(69) at variant176 fails to compile

3185462 [main] INFO clegoues.genprog4java.fitness.Fitness  - 	 gen: 3 0.0 StmtDelete(132) StmtDelete(163) StmtDelete(69) (stored at: variant176)
3281784 [main] INFO clegoues.genprog4java.fitness.Fitness  - 	 gen: 3 1.0 StmtDelete(137) StmtDelete(109) StmtReplace(200,125) (stored at: variant177)
3282294 [main] INFO clegoues.genprog4java.fitness.Fitness  - 	 gen: 3 1.0 StmtReplace(54,116) StmtAppend(86,83) StmtDelete(23) (stored at: variant178)
3474329 [main] INFO clegoues.genprog4java.fitness.Fitness  - 	 gen: 3 0.0 StmtAppend(147,110) StmtDelete(196) StmtDelete(66) StmtAppend(137,125) (stored at: variant179)
3474371 [main] ERROR clegoues.genprog4java.rep.JavaRepresentation  - org/jsoup/select/QueryParser.java:38: error: non-static variable evals cannot be referenced from a static context
			evals.add(new Evaluator.AllElements());
			^
org/jsoup/select/QueryParser.java:40: error: cannot find symbol
        return p.parse();
               ^
  symbol:   variable p
  location: class QueryParser
2 errors

3474371 [main] INFO clegoues.genprog4java.rep.CachingRepresentation  - StmtReplace(54,116) StmtAppend(115,119) StmtAppend(37,169) at variant180 fails to compile

3474371 [main] INFO clegoues.genprog4java.fitness.Fitness  - 	 gen: 3 0.0 StmtReplace(54,116) StmtAppend(115,119) StmtAppend(37,169) (stored at: variant180)
3474920 [main] INFO clegoues.genprog4java.fitness.Fitness  - 	 gen: 3 1.0 StmtReplace(161,116) StmtAppend(71,124) StmtAppend(196,101) (stored at: variant181)
3475378 [main] INFO clegoues.genprog4java.fitness.Fitness  - 	 gen: 3 1.0 StmtReplace(161,116) StmtReplace(190,101) StmtAppend(195,110) (stored at: variant182)
3475831 [main] INFO clegoues.genprog4java.fitness.Fitness  - 	 gen: 3 1.0 StmtAppend(157,109) StmtAppend(151,157) StmtAppend(128,41) StmtReplace(157,163) (stored at: variant183)
3476356 [main] INFO clegoues.genprog4java.fitness.Fitness  - 	 gen: 3 0.0 StmtDelete(132) StmtDelete(163) StmtDelete(155) (stored at: variant184)
3476845 [main] INFO clegoues.genprog4java.fitness.Fitness  - 	 gen: 3 1.0 StmtAppend(198,117) StmtAppend(119,103) StmtDelete(171) (stored at: variant185)
3573091 [main] INFO clegoues.genprog4java.fitness.Fitness  - 	 gen: 3 1.0 StmtAppend(147,110) StmtDelete(196) StmtDelete(66) StmtAppend(151,108) (stored at: variant186)
3573557 [main] INFO clegoues.genprog4java.fitness.Fitness  - 	 gen: 3 1.0 StmtAppend(147,110) StmtAppend(66,128) StmtReplace(82,115) (stored at: variant187)
