RUNNING THE BUG: JxPath 21, WITH THE SEED: 6
2021-05-09 17:20:49 [main] [INFO]  KGenProgMain - 
==================== kGenProg Configuration ====================
configPath = kgenprog.toml
rootDir = . (set by command line)
productPaths = []
testPaths = []
classPaths = [/home/ubuntu/rtx/d4j/JxPath/2b/src/java, /home/ubuntu/rtx/d4j/JxPath/2b/target/lib/ant-1.5.jar, /home/ubuntu/rtx/d4j/JxPath/2b/target/lib/ant-optional-1.5.1.jar, /home/ubuntu/rtx/d4j/JxPath/2b/target/lib/ant-optional-1.5.jar, /home/ubuntu/rtx/d4j/JxPath/2b/target/lib/commons-beanutils-1.4.jar, /home/ubuntu/rtx/d4j/JxPath/2b/target/lib/commons-collections-2.0.jar, /home/ubuntu/rtx/d4j/JxPath/2b/target/lib/commons-logging-1.0.4.jar, /home/ubuntu/rtx/d4j/JxPath/2b/target/lib/jdom-1.0.jar, /home/ubuntu/rtx/d4j/JxPath/2b/target/lib/junit-3.8.1.jar, /home/ubuntu/rtx/d4j/JxPath/2b/target/lib/junit-3.8.jar, /home/ubuntu/rtx/d4j/JxPath/2b/target/lib/mockrunner-0.4.1.jar, /home/ubuntu/rtx/d4j/JxPath/2b/target/lib/servletapi-2.2.jar, /home/ubuntu/rtx/d4j/JxPath/2b/target/lib/xerces-1.2.3.jar, /home/ubuntu/rtx/d4j/JxPath/2b/target/lib/xml-apis-2.0.2.jar, /home/ubuntu/rtx/d4j/JxPath/2b/src/test, /home/ubuntu/rtx/defects4j/framework/projects/lib/junit-4.11.jar] (set by command line)
executionTests = [org.apache.commons.jxpath.ri.model.JXPath151Test] (set by command line)
outDir = /home/ubuntu/rtx/d4j/JxPath/21b/kGenProg-Project/patch-seed6 (set by command line)
logLevel = INFO
mutationGeneratingCount = 10
crossoverGeneratingCount = 10
headcount = 10
maxGeneration = 10
timeLimit = PT1M
testTimeLimit = PT10S
requiredSolutionsCount = 1
randomSeed = 6 (set by command line)
scope = PROJECT (set by command line)
faultLocalization = Ochiai (set by command line)
mutationType = Simple
crossoverType = Random
firstVariantSelectionStrategy = Random
secondVariantSelectionStrategy = Random
isPatchOutput = true
isHistoryRecord = false
currentDirectory = /home/ubuntu/rtx/d4j/JxPath/21b
version = 1.8.0
================================================================
2021-05-09 17:20:49 [main] [ERROR] KGenProgMain - Failed to build the specified project.
2021-05-09 17:20:49 [main] [ERROR] KGenProgMain - 

2021-05-09 17:20:49 [main] [ERROR] KGenProgMain - failed to load classes.
